<?xml version="1.0" encoding="UTF-8"?>
<testsuites name="Edit_Record_Test_Suite" time="395" tests="29" failures="0" errors="0">
   <testsuite name="Edit_Record_Test_Suite" tests="29" failures="0" errors="0" time="395" timestamp="2019-01-23 19:03:27" hostname="Junaid.Tariq - Junaid.instepinc.com" id="Test Suites/Edit_Record_Test_Suite">
      <properties>
         <property name="deviceName" value=""/>
         <property name="devicePlatform" value=""/>
         <property name="logFolder" value="D:\\Katalon\\Projects\\Trade_Funds\\TF_Regression\\Reports\\Edit_Record_Test_Suite\\20190123_190326"/>
         <property name="logFiles" value="D:\\Katalon\\Projects\\Trade_Funds\\TF_Regression\\Reports\\Edit_Record_Test_Suite\\20190123_190326\\execution0.log"/>
         <property name="attachments" value=""/>
         <property name="hostName" value="Junaid.Tariq - Junaid.instepinc.com"/>
         <property name="os" value="Windows 7 64bit"/>
         <property name="katalonVersion" value="5.9.1.2"/>
         <property name="browser" value="Chrome 71.0.3578.98"/>
         <property name="hostAddress" value="200.199.80.62"/>
         <property name="sessionId" value="be668e741a88caae59bc663ea2262488"/>
         <property name="seleniumVersion" value="3.7.1"/>
         <property name="proxyInformation" value="ProxyInformation{proxyOption=NO_PROXY, proxyServerType=HTTP, password=, proxyServerAddress=, proxyServerPort=0}"/>
         <property name="platform" value="Windows 7"/>
      </properties>
      <testcase name="Test Cases/General_Login_Logout/Login" classname="Test Cases/General_Login_Logout/Login" status="PASSED">
         <system-out><![CDATA[2019-01-23 19:03:27 - [TEST_CASE][PASSED] - Test Cases/General_Login_Logout/Login: Test Cases/General_Login_Logout/Login

2019-01-23 19:03:27 - [TEST_STEP][PASSED] - com.oracledb.regressiontest.LoginTFCustomer(User, Password): com.oracledb.regressiontest.LoginTFCustomer is PASSED

2019-01-23 19:03:28 - [MESSAGE][INFO] - Starting 'Chrome' driver

2019-01-23 19:03:28 - [MESSAGE][INFO] - Action delay is set to 0 seconds

2019-01-23 19:03:30 - [MESSAGE][PASSED] - Browser is opened with url: ''

2019-01-23 19:03:30 - [MESSAGE][PASSED] - Wait for page load successfully

2019-01-23 19:03:31 - [MESSAGE][PASSED] - Current window maximized

2019-01-23 19:03:39 - [MESSAGE][PASSED] - Navigate to 'https://52.6.78.242:7008/e360/com.informatica.tools.mdm.web.auth/login' successfully

2019-01-23 19:03:39 - [MESSAGE][PASSED] - Text 'admin' is set on object 'Object Repository/Page_ Login/Txt_Username'

2019-01-23 19:03:39 - [MESSAGE][PASSED] - Text 'hRs38bpe4' is set on object 'Object Repository/Page_ Login/Txt_Password'

2019-01-23 19:03:39 - [MESSAGE][PASSED] - Object: 'Object Repository/Page_ Login/Btn_Login' is clicked on

2019-01-23 19:03:39 - [MESSAGE][PASSED] - Wait for page load successfully

2019-01-23 19:03:52 - [MESSAGE][PASSED] - Object: 'Object Repository/Page_ Login/Project_Selection/div_Trade Funds Customer' is clicked on

2019-01-23 19:03:53 - [MESSAGE][PASSED] - Delayed 1 second(s)

2019-01-23 19:03:53 - [MESSAGE][PASSED] - com.oracledb.regressiontest.LoginTFCustomer is PASSED]]></system-out>
         <system-err><![CDATA[]]></system-err>
      </testcase>
      <testcase name="Test Cases/Regression_TF_Customer/Create_Record/TC_13_Create_LDI_Vendor_Site" classname="Test Cases/Regression_TF_Customer/Create_Record/TC_13_Create_LDI_Vendor_Site" status="PASSED">
         <system-out><![CDATA[2019-01-23 19:03:53 - [TEST_CASE][PASSED] - Test Cases/Regression_TF_Customer/Create_Record/TC_13_Create_LDI_Vendor_Site: Test Cases/Regression_TF_Customer/Create_Record/TC_13_Create_LDI_Vendor_Site

2019-01-23 19:03:53 - [TEST_STEP][PASSED] - waitForPageLoad(G_Timeout): Wait for page load successfully

2019-01-23 19:03:53 - [MESSAGE][PASSED] - Wait for page load successfully

2019-01-23 19:03:53 - [TEST_STEP][PASSED] - mouseOver(findTestObject("TF_Customer_Create/1_Menu_Navigation_To_Open_All_Pages/0_Menu_Create_In_Data_View")): Object: 'Object Repository/TF_Customer_Create/1_Menu_Navigation_To_Open_All_Pages/0_Menu_Create_In_Data_View' is hovered

2019-01-23 19:03:53 - [MESSAGE][PASSED] - Object: 'Object Repository/TF_Customer_Create/1_Menu_Navigation_To_Open_All_Pages/0_Menu_Create_In_Data_View' is hovered

2019-01-23 19:03:53 - [TEST_STEP][PASSED] - waitForPageLoad(G_Timeout): Wait for page load successfully

2019-01-23 19:03:53 - [MESSAGE][PASSED] - Wait for page load successfully

2019-01-23 19:03:53 - [TEST_STEP][PASSED] - mouseOver(findTestObject("TF_Customer_Create/1_Menu_Navigation_To_Open_All_Pages/1_Menu_Create_Master_Data")): Object: 'Object Repository/TF_Customer_Create/1_Menu_Navigation_To_Open_All_Pages/1_Menu_Create_Master_Data' is hovered

2019-01-23 19:04:03 - [MESSAGE][PASSED] - Object: 'Object Repository/TF_Customer_Create/1_Menu_Navigation_To_Open_All_Pages/1_Menu_Create_Master_Data' is hovered

2019-01-23 19:04:03 - [TEST_STEP][PASSED] - waitForPageLoad(G_Timeout): Wait for page load successfully

2019-01-23 19:04:03 - [MESSAGE][PASSED] - Wait for page load successfully

2019-01-23 19:04:03 - [TEST_STEP][PASSED] - mouseOver(findTestObject("TF_Customer_Create/1_Menu_Navigation_To_Open_All_Pages/3_Planning_Account_Hoverover_Option")): Object: 'Object Repository/TF_Customer_Create/1_Menu_Navigation_To_Open_All_Pages/3_Planning_Account_Hoverover_Option' is hovered

2019-01-23 19:04:03 - [MESSAGE][PASSED] - Object: 'Object Repository/TF_Customer_Create/1_Menu_Navigation_To_Open_All_Pages/3_Planning_Account_Hoverover_Option' is hovered

2019-01-23 19:04:03 - [TEST_STEP][PASSED] - waitForPageLoad(G_Timeout): Wait for page load successfully

2019-01-23 19:04:03 - [MESSAGE][PASSED] - Wait for page load successfully

2019-01-23 19:04:03 - [TEST_STEP][PASSED] - click(findTestObject("TF_Customer_Create/2_Select_Menu_Options(All)/13_LDI_Vendor_Site")): Object: 'Object Repository/TF_Customer_Create/2_Select_Menu_Options(All)/13_LDI_Vendor_Site' is clicked on

2019-01-23 19:04:03 - [MESSAGE][PASSED] - Object: 'Object Repository/TF_Customer_Create/2_Select_Menu_Options(All)/13_LDI_Vendor_Site' is clicked on

2019-01-23 19:04:03 - [TEST_STEP][PASSED] - waitForPageLoad(G_Timeout): Wait for page load successfully

2019-01-23 19:04:03 - [MESSAGE][PASSED] - Wait for page load successfully

2019-01-23 19:04:03 - [TEST_STEP][PASSED] - delay(3): Delayed 3 second(s)

2019-01-23 19:04:06 - [MESSAGE][PASSED] - Delayed 3 second(s)

2019-01-23 19:04:06 - [TEST_STEP][PASSED] - vndSiteName = com.oracledb.regressiontest.genName(15): com.oracledb.regressiontest.genName is PASSED

2019-01-23 19:04:06 - [MESSAGE][PASSED] - com.oracledb.regressiontest.genName is PASSED

2019-01-23 19:04:06 - [TEST_STEP][PASSED] - vndSiteNumber = com.oracledb.regressiontest.genName(12): com.oracledb.regressiontest.genName is PASSED

2019-01-23 19:04:06 - [MESSAGE][PASSED] - com.oracledb.regressiontest.genName is PASSED

2019-01-23 19:04:06 - [TEST_STEP][PASSED] - vndSiteCd = com.oracledb.regressiontest.genName(10): com.oracledb.regressiontest.genName is PASSED

2019-01-23 19:04:06 - [MESSAGE][PASSED] - com.oracledb.regressiontest.genName is PASSED

2019-01-23 19:04:06 - [TEST_STEP][PASSED] - vndSiteCity = com.oracledb.regressiontest.genName(8): com.oracledb.regressiontest.genName is PASSED

2019-01-23 19:04:06 - [MESSAGE][PASSED] - com.oracledb.regressiontest.genName is PASSED

2019-01-23 19:04:06 - [TEST_STEP][PASSED] - vndSitePtlCd = com.oracledb.regressiontest.genName(6): com.oracledb.regressiontest.genName is PASSED

2019-01-23 19:04:06 - [MESSAGE][PASSED] - com.oracledb.regressiontest.genName is PASSED

2019-01-23 19:04:06 - [TEST_STEP][PASSED] - setText(findTestObject("TF_Customer_Create/4_Create_Objects_And_Save/13_Create_LDI_Vendor_Site/Input_Vendor_Site_Name/input_Vendor_Site_Nm"), vndSiteName): Text 'EEF1U62PYEF8Z36' is set on object 'Object Repository/TF_Customer_Create/4_Create_Objects_And_Save/13_Create_LDI_Vendor_Site/Input_Vendor_Site_Name/input_Vendor_Site_Nm'

2019-01-23 19:04:08 - [MESSAGE][PASSED] - Text 'EEF1U62PYEF8Z36' is set on object 'Object Repository/TF_Customer_Create/4_Create_Objects_And_Save/13_Create_LDI_Vendor_Site/Input_Vendor_Site_Name/input_Vendor_Site_Nm'

2019-01-23 19:04:08 - [TEST_STEP][PASSED] - setText(findTestObject("TF_Customer_Create/4_Create_Objects_And_Save/13_Create_LDI_Vendor_Site/Input_Vendor_Site_Name/input_Vendor_Site_Number"), vndSiteNumber): Text '8V3WBIPMY018' is set on object 'Object Repository/TF_Customer_Create/4_Create_Objects_And_Save/13_Create_LDI_Vendor_Site/Input_Vendor_Site_Name/input_Vendor_Site_Number'

2019-01-23 19:04:09 - [MESSAGE][PASSED] - Text '8V3WBIPMY018' is set on object 'Object Repository/TF_Customer_Create/4_Create_Objects_And_Save/13_Create_LDI_Vendor_Site/Input_Vendor_Site_Name/input_Vendor_Site_Number'

2019-01-23 19:04:09 - [TEST_STEP][PASSED] - setText(findTestObject("TF_Customer_Create/4_Create_Objects_And_Save/13_Create_LDI_Vendor_Site/Input_Vendor_Site_Name/input_Vendor_Site_Cd"), vndSiteCd): Text '7A1ODDXZLQ' is set on object 'Object Repository/TF_Customer_Create/4_Create_Objects_And_Save/13_Create_LDI_Vendor_Site/Input_Vendor_Site_Name/input_Vendor_Site_Cd'

2019-01-23 19:04:09 - [MESSAGE][PASSED] - Text '7A1ODDXZLQ' is set on object 'Object Repository/TF_Customer_Create/4_Create_Objects_And_Save/13_Create_LDI_Vendor_Site/Input_Vendor_Site_Name/input_Vendor_Site_Cd'

2019-01-23 19:04:09 - [TEST_STEP][PASSED] - setText(findTestObject("TF_Customer_Create/4_Create_Objects_And_Save/13_Create_LDI_Vendor_Site/Input_Vendor_Site_Name/input_Vendor_Site_City"), vndSiteCity): Text 'G968QRZ2' is set on object 'Object Repository/TF_Customer_Create/4_Create_Objects_And_Save/13_Create_LDI_Vendor_Site/Input_Vendor_Site_Name/input_Vendor_Site_City'

2019-01-23 19:04:09 - [MESSAGE][PASSED] - Text 'G968QRZ2' is set on object 'Object Repository/TF_Customer_Create/4_Create_Objects_And_Save/13_Create_LDI_Vendor_Site/Input_Vendor_Site_Name/input_Vendor_Site_City'

2019-01-23 19:04:09 - [TEST_STEP][PASSED] - setText(findTestObject("TF_Customer_Create/4_Create_Objects_And_Save/13_Create_LDI_Vendor_Site/Input_Vendor_Site_Name/input_Vendor_Site_Postal_Code"), vndSitePtlCd): Text 'ZEBL5F' is set on object 'Object Repository/TF_Customer_Create/4_Create_Objects_And_Save/13_Create_LDI_Vendor_Site/Input_Vendor_Site_Name/input_Vendor_Site_Postal_Code'

2019-01-23 19:04:09 - [MESSAGE][PASSED] - Text 'ZEBL5F' is set on object 'Object Repository/TF_Customer_Create/4_Create_Objects_And_Save/13_Create_LDI_Vendor_Site/Input_Vendor_Site_Name/input_Vendor_Site_Postal_Code'

2019-01-23 19:04:09 - [TEST_STEP][NOT_RUN] - setText(findTestObject("TF_Customer_Create/4_Create_Objects_And_Save/13_Create_LDI_Vendor_Site/Input_Vendor_Site_Name/input_Vendor_Site_Inactive_dt"), input_Eff_Dt): NOT_RUN: setText(findTestObject("TF_Customer_Create/4_Create_Objects_And_Save/13_Create_LDI_Vendor_Site/Input_Vendor_Site_Name/input_Vendor_Site_Inactive_dt"), input_Eff_Dt)

2019-01-23 19:04:09 - [MESSAGE][NOT_RUN] - NOT_RUN: setText(findTestObject("TF_Customer_Create/4_Create_Objects_And_Save/13_Create_LDI_Vendor_Site/Input_Vendor_Site_Name/input_Vendor_Site_Inactive_dt"), input_Eff_Dt)

2019-01-23 19:04:09 - [TEST_STEP][PASSED] - delay(2): Delayed 2 second(s)

2019-01-23 19:04:11 - [MESSAGE][PASSED] - Delayed 2 second(s)

2019-01-23 19:04:11 - [TEST_STEP][PASSED] - click(findTestObject("TF_Customer_Create/3_Common_Action_Buttons/Click_Data_Tab/span_Data_Tab")): Object: 'Object Repository/TF_Customer_Create/3_Common_Action_Buttons/Click_Data_Tab/span_Data_Tab' is clicked on

2019-01-23 19:04:11 - [MESSAGE][PASSED] - Object: 'Object Repository/TF_Customer_Create/3_Common_Action_Buttons/Click_Data_Tab/span_Data_Tab' is clicked on

2019-01-23 19:04:11 - [TEST_STEP][NOT_RUN] - click(findTestObject("TF_Customer_Create/4_Create_Objects_And_Save/Choose_Sales_Org/Click_Sales_Org_DD"), CONTINUE_ON_FAILURE): NOT_RUN: click(findTestObject("TF_Customer_Create/4_Create_Objects_And_Save/Choose_Sales_Org/Click_Sales_Org_DD"), CONTINUE_ON_FAILURE)

2019-01-23 19:04:11 - [MESSAGE][NOT_RUN] - NOT_RUN: click(findTestObject("TF_Customer_Create/4_Create_Objects_And_Save/Choose_Sales_Org/Click_Sales_Org_DD"), CONTINUE_ON_FAILURE)

2019-01-23 19:04:11 - [TEST_STEP][NOT_RUN] - click(findTestObject("TF_Customer_Create/4_Create_Objects_And_Save/Choose_Sales_Org/CA_Object"), CONTINUE_ON_FAILURE): NOT_RUN: click(findTestObject("TF_Customer_Create/4_Create_Objects_And_Save/Choose_Sales_Org/CA_Object"), CONTINUE_ON_FAILURE)

2019-01-23 19:04:11 - [MESSAGE][NOT_RUN] - NOT_RUN: click(findTestObject("TF_Customer_Create/4_Create_Objects_And_Save/Choose_Sales_Org/CA_Object"), CONTINUE_ON_FAILURE)

2019-01-23 19:04:11 - [TEST_STEP][PASSED] - delay(2): Delayed 2 second(s)

2019-01-23 19:04:13 - [MESSAGE][PASSED] - Delayed 2 second(s)

2019-01-23 19:04:13 - [TEST_STEP][PASSED] - click(findTestObject("TF_Customer_Create/3_Common_Action_Buttons/Click_Apply_Button/td_Apply")): Object: 'Object Repository/TF_Customer_Create/3_Common_Action_Buttons/Click_Apply_Button/td_Apply' is clicked on

2019-01-23 19:04:13 - [MESSAGE][PASSED] - Object: 'Object Repository/TF_Customer_Create/3_Common_Action_Buttons/Click_Apply_Button/td_Apply' is clicked on

2019-01-23 19:04:13 - [TEST_STEP][PASSED] - delay(2): Delayed 2 second(s)

2019-01-23 19:04:15 - [MESSAGE][PASSED] - Delayed 2 second(s)

2019-01-23 19:04:15 - [TEST_STEP][PASSED] - click(findTestObject("TF_Customer_Create/3_Common_Action_Buttons/Click_Save_Button/btn_Save")): Object: 'Object Repository/TF_Customer_Create/3_Common_Action_Buttons/Click_Save_Button/btn_Save' is clicked on

2019-01-23 19:04:15 - [MESSAGE][PASSED] - Object: 'Object Repository/TF_Customer_Create/3_Common_Action_Buttons/Click_Save_Button/btn_Save' is clicked on

2019-01-23 19:04:15 - [TEST_STEP][PASSED] - delay(2): Delayed 2 second(s)

2019-01-23 19:04:17 - [MESSAGE][PASSED] - Delayed 2 second(s)

2019-01-23 19:04:17 - [TEST_STEP][NOT_RUN] - verifyElementText(findTestObject("TF_Customer_Create/3_Common_Action_Buttons/Verify_Success_Message/Success_Message"), "Record has been saved successfully.", CONTINUE_ON_FAILURE): NOT_RUN: verifyElementText(findTestObject("TF_Customer_Create/3_Common_Action_Buttons/Verify_Success_Message/Success_Message"), "Record has been saved successfully.", CONTINUE_ON_FAILURE)

2019-01-23 19:04:17 - [MESSAGE][NOT_RUN] - NOT_RUN: verifyElementText(findTestObject("TF_Customer_Create/3_Common_Action_Buttons/Verify_Success_Message/Success_Message"), "Record has been saved successfully.", CONTINUE_ON_FAILURE)

2019-01-23 19:04:17 - [TEST_STEP][NOT_RUN] - click(findTestObject("TF_Customer_Create/3_Common_Action_Buttons/Click_Data_Tab/span_Data_Tab")): NOT_RUN: click(findTestObject("TF_Customer_Create/3_Common_Action_Buttons/Click_Data_Tab/span_Data_Tab"))

2019-01-23 19:04:17 - [MESSAGE][NOT_RUN] - NOT_RUN: click(findTestObject("TF_Customer_Create/3_Common_Action_Buttons/Click_Data_Tab/span_Data_Tab"))

2019-01-23 19:04:17 - [TEST_STEP][NOT_RUN] - delay(1): NOT_RUN: delay(1)

2019-01-23 19:04:17 - [MESSAGE][NOT_RUN] - NOT_RUN: delay(1)

2019-01-23 19:04:17 - [TEST_STEP][NOT_RUN] - click(findTestObject("TF_Customer_Create/3_Common_Action_Buttons/Click_Close_Button/btn_Close")): NOT_RUN: click(findTestObject("TF_Customer_Create/3_Common_Action_Buttons/Click_Close_Button/btn_Close"))

2019-01-23 19:04:17 - [MESSAGE][NOT_RUN] - NOT_RUN: click(findTestObject("TF_Customer_Create/3_Common_Action_Buttons/Click_Close_Button/btn_Close"))

2019-01-23 19:04:17 - [TEST_STEP][NOT_RUN] - delay(2): NOT_RUN: delay(2)

2019-01-23 19:04:17 - [MESSAGE][NOT_RUN] - NOT_RUN: delay(2)

2019-01-23 19:04:17 - [TEST_STEP][NOT_RUN] - vrfy_PLA = com.oracledb.regressiontest.verifyPLA(ora_connt, ora_usr, ora_psswrd, ora_schema, plaAcctName): NOT_RUN: vrfy_PLA = com.oracledb.regressiontest.verifyPLA(ora_connt, ora_usr, ora_psswrd, ora_schema, plaAcctName)

2019-01-23 19:04:17 - [MESSAGE][NOT_RUN] - NOT_RUN: vrfy_PLA = com.oracledb.regressiontest.verifyPLA(ora_connt, ora_usr, ora_psswrd, ora_schema, plaAcctName)

2019-01-23 19:04:17 - [TEST_STEP][NOT_RUN] - println("Planning Account Name"): NOT_RUN: println("Planning Account Name")

2019-01-23 19:04:17 - [MESSAGE][NOT_RUN] - NOT_RUN: println("Planning Account Name")

2019-01-23 19:04:17 - [TEST_STEP][NOT_RUN] - verifyEqual(PLANNING_ACCOUNT_NAME, plaAcctName): NOT_RUN: verifyEqual(PLANNING_ACCOUNT_NAME, plaAcctName)

2019-01-23 19:04:17 - [MESSAGE][NOT_RUN] - NOT_RUN: verifyEqual(PLANNING_ACCOUNT_NAME, plaAcctName)]]></system-out>
         <system-err><![CDATA[]]></system-err>
      </testcase>
      <testcase name="Test Cases/Regression_TF_Customer/Create_Record/TC_13_Create_LDI_Vendor_Site" classname="Test Cases/Regression_TF_Customer/Create_Record/TC_13_Create_LDI_Vendor_Site" status="PASSED">
         <system-out><![CDATA[2019-01-23 19:04:17 - [TEST_CASE][PASSED] - Test Cases/Regression_TF_Customer/Create_Record/TC_13_Create_LDI_Vendor_Site: Test Cases/Regression_TF_Customer/Create_Record/TC_13_Create_LDI_Vendor_Site

2019-01-23 19:04:17 - [TEST_STEP][PASSED] - waitForPageLoad(G_Timeout): Wait for page load successfully

2019-01-23 19:04:17 - [MESSAGE][PASSED] - Wait for page load successfully

2019-01-23 19:04:17 - [TEST_STEP][PASSED] - mouseOver(findTestObject("TF_Customer_Create/1_Menu_Navigation_To_Open_All_Pages/0_Menu_Create_In_Data_View")): Object: 'Object Repository/TF_Customer_Create/1_Menu_Navigation_To_Open_All_Pages/0_Menu_Create_In_Data_View' is hovered

2019-01-23 19:04:17 - [MESSAGE][PASSED] - Object: 'Object Repository/TF_Customer_Create/1_Menu_Navigation_To_Open_All_Pages/0_Menu_Create_In_Data_View' is hovered

2019-01-23 19:04:17 - [TEST_STEP][PASSED] - waitForPageLoad(G_Timeout): Wait for page load successfully

2019-01-23 19:04:17 - [MESSAGE][PASSED] - Wait for page load successfully

2019-01-23 19:04:17 - [TEST_STEP][PASSED] - mouseOver(findTestObject("TF_Customer_Create/1_Menu_Navigation_To_Open_All_Pages/1_Menu_Create_Master_Data")): Object: 'Object Repository/TF_Customer_Create/1_Menu_Navigation_To_Open_All_Pages/1_Menu_Create_Master_Data' is hovered

2019-01-23 19:04:17 - [MESSAGE][PASSED] - Object: 'Object Repository/TF_Customer_Create/1_Menu_Navigation_To_Open_All_Pages/1_Menu_Create_Master_Data' is hovered

2019-01-23 19:04:17 - [TEST_STEP][PASSED] - waitForPageLoad(G_Timeout): Wait for page load successfully

2019-01-23 19:04:18 - [MESSAGE][PASSED] - Wait for page load successfully

2019-01-23 19:04:18 - [TEST_STEP][PASSED] - mouseOver(findTestObject("TF_Customer_Create/1_Menu_Navigation_To_Open_All_Pages/3_Planning_Account_Hoverover_Option")): Object: 'Object Repository/TF_Customer_Create/1_Menu_Navigation_To_Open_All_Pages/3_Planning_Account_Hoverover_Option' is hovered

2019-01-23 19:04:18 - [MESSAGE][PASSED] - Object: 'Object Repository/TF_Customer_Create/1_Menu_Navigation_To_Open_All_Pages/3_Planning_Account_Hoverover_Option' is hovered

2019-01-23 19:04:18 - [TEST_STEP][PASSED] - waitForPageLoad(G_Timeout): Wait for page load successfully

2019-01-23 19:04:18 - [MESSAGE][PASSED] - Wait for page load successfully

2019-01-23 19:04:18 - [TEST_STEP][PASSED] - click(findTestObject("TF_Customer_Create/2_Select_Menu_Options(All)/13_LDI_Vendor_Site")): Object: 'Object Repository/TF_Customer_Create/2_Select_Menu_Options(All)/13_LDI_Vendor_Site' is clicked on

2019-01-23 19:04:18 - [MESSAGE][PASSED] - Object: 'Object Repository/TF_Customer_Create/2_Select_Menu_Options(All)/13_LDI_Vendor_Site' is clicked on

2019-01-23 19:04:18 - [TEST_STEP][PASSED] - waitForPageLoad(G_Timeout): Wait for page load successfully

2019-01-23 19:04:18 - [MESSAGE][PASSED] - Wait for page load successfully

2019-01-23 19:04:18 - [TEST_STEP][PASSED] - delay(3): Delayed 3 second(s)

2019-01-23 19:04:21 - [MESSAGE][PASSED] - Delayed 3 second(s)

2019-01-23 19:04:21 - [TEST_STEP][PASSED] - vndSiteName = com.oracledb.regressiontest.genName(15): com.oracledb.regressiontest.genName is PASSED

2019-01-23 19:04:21 - [MESSAGE][PASSED] - com.oracledb.regressiontest.genName is PASSED

2019-01-23 19:04:21 - [TEST_STEP][PASSED] - vndSiteNumber = com.oracledb.regressiontest.genName(12): com.oracledb.regressiontest.genName is PASSED

2019-01-23 19:04:21 - [MESSAGE][PASSED] - com.oracledb.regressiontest.genName is PASSED

2019-01-23 19:04:21 - [TEST_STEP][PASSED] - vndSiteCd = com.oracledb.regressiontest.genName(10): com.oracledb.regressiontest.genName is PASSED

2019-01-23 19:04:21 - [MESSAGE][PASSED] - com.oracledb.regressiontest.genName is PASSED

2019-01-23 19:04:21 - [TEST_STEP][PASSED] - vndSiteCity = com.oracledb.regressiontest.genName(8): com.oracledb.regressiontest.genName is PASSED

2019-01-23 19:04:21 - [MESSAGE][PASSED] - com.oracledb.regressiontest.genName is PASSED

2019-01-23 19:04:21 - [TEST_STEP][PASSED] - vndSitePtlCd = com.oracledb.regressiontest.genName(6): com.oracledb.regressiontest.genName is PASSED

2019-01-23 19:04:21 - [MESSAGE][PASSED] - com.oracledb.regressiontest.genName is PASSED

2019-01-23 19:04:21 - [TEST_STEP][PASSED] - setText(findTestObject("TF_Customer_Create/4_Create_Objects_And_Save/13_Create_LDI_Vendor_Site/Input_Vendor_Site_Name/input_Vendor_Site_Nm"), vndSiteName): Text '7E8ECXRSVBH0LE2' is set on object 'Object Repository/TF_Customer_Create/4_Create_Objects_And_Save/13_Create_LDI_Vendor_Site/Input_Vendor_Site_Name/input_Vendor_Site_Nm'

2019-01-23 19:04:21 - [MESSAGE][PASSED] - Text '7E8ECXRSVBH0LE2' is set on object 'Object Repository/TF_Customer_Create/4_Create_Objects_And_Save/13_Create_LDI_Vendor_Site/Input_Vendor_Site_Name/input_Vendor_Site_Nm'

2019-01-23 19:04:21 - [TEST_STEP][PASSED] - setText(findTestObject("TF_Customer_Create/4_Create_Objects_And_Save/13_Create_LDI_Vendor_Site/Input_Vendor_Site_Name/input_Vendor_Site_Number"), vndSiteNumber): Text 'K50K75EAXM3J' is set on object 'Object Repository/TF_Customer_Create/4_Create_Objects_And_Save/13_Create_LDI_Vendor_Site/Input_Vendor_Site_Name/input_Vendor_Site_Number'

2019-01-23 19:04:21 - [MESSAGE][PASSED] - Text 'K50K75EAXM3J' is set on object 'Object Repository/TF_Customer_Create/4_Create_Objects_And_Save/13_Create_LDI_Vendor_Site/Input_Vendor_Site_Name/input_Vendor_Site_Number'

2019-01-23 19:04:21 - [TEST_STEP][PASSED] - setText(findTestObject("TF_Customer_Create/4_Create_Objects_And_Save/13_Create_LDI_Vendor_Site/Input_Vendor_Site_Name/input_Vendor_Site_Cd"), vndSiteCd): Text 'MA1YWO12YB' is set on object 'Object Repository/TF_Customer_Create/4_Create_Objects_And_Save/13_Create_LDI_Vendor_Site/Input_Vendor_Site_Name/input_Vendor_Site_Cd'

2019-01-23 19:04:22 - [MESSAGE][PASSED] - Text 'MA1YWO12YB' is set on object 'Object Repository/TF_Customer_Create/4_Create_Objects_And_Save/13_Create_LDI_Vendor_Site/Input_Vendor_Site_Name/input_Vendor_Site_Cd'

2019-01-23 19:04:22 - [TEST_STEP][PASSED] - setText(findTestObject("TF_Customer_Create/4_Create_Objects_And_Save/13_Create_LDI_Vendor_Site/Input_Vendor_Site_Name/input_Vendor_Site_City"), vndSiteCity): Text 'L8N1KN6Q' is set on object 'Object Repository/TF_Customer_Create/4_Create_Objects_And_Save/13_Create_LDI_Vendor_Site/Input_Vendor_Site_Name/input_Vendor_Site_City'

2019-01-23 19:04:22 - [MESSAGE][PASSED] - Text 'L8N1KN6Q' is set on object 'Object Repository/TF_Customer_Create/4_Create_Objects_And_Save/13_Create_LDI_Vendor_Site/Input_Vendor_Site_Name/input_Vendor_Site_City'

2019-01-23 19:04:22 - [TEST_STEP][PASSED] - setText(findTestObject("TF_Customer_Create/4_Create_Objects_And_Save/13_Create_LDI_Vendor_Site/Input_Vendor_Site_Name/input_Vendor_Site_Postal_Code"), vndSitePtlCd): Text 'FLID6M' is set on object 'Object Repository/TF_Customer_Create/4_Create_Objects_And_Save/13_Create_LDI_Vendor_Site/Input_Vendor_Site_Name/input_Vendor_Site_Postal_Code'

2019-01-23 19:04:22 - [MESSAGE][PASSED] - Text 'FLID6M' is set on object 'Object Repository/TF_Customer_Create/4_Create_Objects_And_Save/13_Create_LDI_Vendor_Site/Input_Vendor_Site_Name/input_Vendor_Site_Postal_Code'

2019-01-23 19:04:22 - [TEST_STEP][NOT_RUN] - setText(findTestObject("TF_Customer_Create/4_Create_Objects_And_Save/13_Create_LDI_Vendor_Site/Input_Vendor_Site_Name/input_Vendor_Site_Inactive_dt"), input_Eff_Dt): NOT_RUN: setText(findTestObject("TF_Customer_Create/4_Create_Objects_And_Save/13_Create_LDI_Vendor_Site/Input_Vendor_Site_Name/input_Vendor_Site_Inactive_dt"), input_Eff_Dt)

2019-01-23 19:04:22 - [MESSAGE][NOT_RUN] - NOT_RUN: setText(findTestObject("TF_Customer_Create/4_Create_Objects_And_Save/13_Create_LDI_Vendor_Site/Input_Vendor_Site_Name/input_Vendor_Site_Inactive_dt"), input_Eff_Dt)

2019-01-23 19:04:22 - [TEST_STEP][PASSED] - delay(2): Delayed 2 second(s)

2019-01-23 19:04:24 - [MESSAGE][PASSED] - Delayed 2 second(s)

2019-01-23 19:04:24 - [TEST_STEP][PASSED] - click(findTestObject("TF_Customer_Create/3_Common_Action_Buttons/Click_Data_Tab/span_Data_Tab")): Object: 'Object Repository/TF_Customer_Create/3_Common_Action_Buttons/Click_Data_Tab/span_Data_Tab' is clicked on

2019-01-23 19:04:24 - [MESSAGE][PASSED] - Object: 'Object Repository/TF_Customer_Create/3_Common_Action_Buttons/Click_Data_Tab/span_Data_Tab' is clicked on

2019-01-23 19:04:24 - [TEST_STEP][NOT_RUN] - click(findTestObject("TF_Customer_Create/4_Create_Objects_And_Save/Choose_Sales_Org/Click_Sales_Org_DD"), CONTINUE_ON_FAILURE): NOT_RUN: click(findTestObject("TF_Customer_Create/4_Create_Objects_And_Save/Choose_Sales_Org/Click_Sales_Org_DD"), CONTINUE_ON_FAILURE)

2019-01-23 19:04:24 - [MESSAGE][NOT_RUN] - NOT_RUN: click(findTestObject("TF_Customer_Create/4_Create_Objects_And_Save/Choose_Sales_Org/Click_Sales_Org_DD"), CONTINUE_ON_FAILURE)

2019-01-23 19:04:24 - [TEST_STEP][NOT_RUN] - click(findTestObject("TF_Customer_Create/4_Create_Objects_And_Save/Choose_Sales_Org/CA_Object"), CONTINUE_ON_FAILURE): NOT_RUN: click(findTestObject("TF_Customer_Create/4_Create_Objects_And_Save/Choose_Sales_Org/CA_Object"), CONTINUE_ON_FAILURE)

2019-01-23 19:04:24 - [MESSAGE][NOT_RUN] - NOT_RUN: click(findTestObject("TF_Customer_Create/4_Create_Objects_And_Save/Choose_Sales_Org/CA_Object"), CONTINUE_ON_FAILURE)

2019-01-23 19:04:24 - [TEST_STEP][PASSED] - delay(2): Delayed 2 second(s)

2019-01-23 19:04:26 - [MESSAGE][PASSED] - Delayed 2 second(s)

2019-01-23 19:04:26 - [TEST_STEP][PASSED] - click(findTestObject("TF_Customer_Create/3_Common_Action_Buttons/Click_Apply_Button/td_Apply")): Object: 'Object Repository/TF_Customer_Create/3_Common_Action_Buttons/Click_Apply_Button/td_Apply' is clicked on

2019-01-23 19:04:26 - [MESSAGE][PASSED] - Object: 'Object Repository/TF_Customer_Create/3_Common_Action_Buttons/Click_Apply_Button/td_Apply' is clicked on

2019-01-23 19:04:26 - [TEST_STEP][PASSED] - delay(2): Delayed 2 second(s)

2019-01-23 19:04:28 - [MESSAGE][PASSED] - Delayed 2 second(s)

2019-01-23 19:04:28 - [TEST_STEP][PASSED] - click(findTestObject("TF_Customer_Create/3_Common_Action_Buttons/Click_Save_Button/btn_Save")): Object: 'Object Repository/TF_Customer_Create/3_Common_Action_Buttons/Click_Save_Button/btn_Save' is clicked on

2019-01-23 19:04:28 - [MESSAGE][PASSED] - Object: 'Object Repository/TF_Customer_Create/3_Common_Action_Buttons/Click_Save_Button/btn_Save' is clicked on

2019-01-23 19:04:28 - [TEST_STEP][PASSED] - delay(2): Delayed 2 second(s)

2019-01-23 19:04:30 - [MESSAGE][PASSED] - Delayed 2 second(s)

2019-01-23 19:04:30 - [TEST_STEP][NOT_RUN] - verifyElementText(findTestObject("TF_Customer_Create/3_Common_Action_Buttons/Verify_Success_Message/Success_Message"), "Record has been saved successfully.", CONTINUE_ON_FAILURE): NOT_RUN: verifyElementText(findTestObject("TF_Customer_Create/3_Common_Action_Buttons/Verify_Success_Message/Success_Message"), "Record has been saved successfully.", CONTINUE_ON_FAILURE)

2019-01-23 19:04:30 - [MESSAGE][NOT_RUN] - NOT_RUN: verifyElementText(findTestObject("TF_Customer_Create/3_Common_Action_Buttons/Verify_Success_Message/Success_Message"), "Record has been saved successfully.", CONTINUE_ON_FAILURE)

2019-01-23 19:04:30 - [TEST_STEP][NOT_RUN] - click(findTestObject("TF_Customer_Create/3_Common_Action_Buttons/Click_Data_Tab/span_Data_Tab")): NOT_RUN: click(findTestObject("TF_Customer_Create/3_Common_Action_Buttons/Click_Data_Tab/span_Data_Tab"))

2019-01-23 19:04:30 - [MESSAGE][NOT_RUN] - NOT_RUN: click(findTestObject("TF_Customer_Create/3_Common_Action_Buttons/Click_Data_Tab/span_Data_Tab"))

2019-01-23 19:04:30 - [TEST_STEP][NOT_RUN] - delay(1): NOT_RUN: delay(1)

2019-01-23 19:04:30 - [MESSAGE][NOT_RUN] - NOT_RUN: delay(1)

2019-01-23 19:04:30 - [TEST_STEP][NOT_RUN] - click(findTestObject("TF_Customer_Create/3_Common_Action_Buttons/Click_Close_Button/btn_Close")): NOT_RUN: click(findTestObject("TF_Customer_Create/3_Common_Action_Buttons/Click_Close_Button/btn_Close"))

2019-01-23 19:04:30 - [MESSAGE][NOT_RUN] - NOT_RUN: click(findTestObject("TF_Customer_Create/3_Common_Action_Buttons/Click_Close_Button/btn_Close"))

2019-01-23 19:04:30 - [TEST_STEP][NOT_RUN] - delay(2): NOT_RUN: delay(2)

2019-01-23 19:04:30 - [MESSAGE][NOT_RUN] - NOT_RUN: delay(2)

2019-01-23 19:04:30 - [TEST_STEP][NOT_RUN] - vrfy_PLA = com.oracledb.regressiontest.verifyPLA(ora_connt, ora_usr, ora_psswrd, ora_schema, plaAcctName): NOT_RUN: vrfy_PLA = com.oracledb.regressiontest.verifyPLA(ora_connt, ora_usr, ora_psswrd, ora_schema, plaAcctName)

2019-01-23 19:04:30 - [MESSAGE][NOT_RUN] - NOT_RUN: vrfy_PLA = com.oracledb.regressiontest.verifyPLA(ora_connt, ora_usr, ora_psswrd, ora_schema, plaAcctName)

2019-01-23 19:04:30 - [TEST_STEP][NOT_RUN] - println("Planning Account Name"): NOT_RUN: println("Planning Account Name")

2019-01-23 19:04:30 - [MESSAGE][NOT_RUN] - NOT_RUN: println("Planning Account Name")

2019-01-23 19:04:30 - [TEST_STEP][NOT_RUN] - verifyEqual(PLANNING_ACCOUNT_NAME, plaAcctName): NOT_RUN: verifyEqual(PLANNING_ACCOUNT_NAME, plaAcctName)

2019-01-23 19:04:30 - [MESSAGE][NOT_RUN] - NOT_RUN: verifyEqual(PLANNING_ACCOUNT_NAME, plaAcctName)]]></system-out>
         <system-err><![CDATA[]]></system-err>
      </testcase>
      <testcase name="Test Cases/Regression_TF_Customer/Create_Record/TC_13_Create_LDI_Vendor_Site" classname="Test Cases/Regression_TF_Customer/Create_Record/TC_13_Create_LDI_Vendor_Site" status="PASSED">
         <system-out><![CDATA[2019-01-23 19:04:30 - [TEST_CASE][PASSED] - Test Cases/Regression_TF_Customer/Create_Record/TC_13_Create_LDI_Vendor_Site: Test Cases/Regression_TF_Customer/Create_Record/TC_13_Create_LDI_Vendor_Site

2019-01-23 19:04:30 - [TEST_STEP][PASSED] - waitForPageLoad(G_Timeout): Wait for page load successfully

2019-01-23 19:04:30 - [MESSAGE][PASSED] - Wait for page load successfully

2019-01-23 19:04:30 - [TEST_STEP][PASSED] - mouseOver(findTestObject("TF_Customer_Create/1_Menu_Navigation_To_Open_All_Pages/0_Menu_Create_In_Data_View")): Object: 'Object Repository/TF_Customer_Create/1_Menu_Navigation_To_Open_All_Pages/0_Menu_Create_In_Data_View' is hovered

2019-01-23 19:04:30 - [MESSAGE][PASSED] - Object: 'Object Repository/TF_Customer_Create/1_Menu_Navigation_To_Open_All_Pages/0_Menu_Create_In_Data_View' is hovered

2019-01-23 19:04:30 - [TEST_STEP][PASSED] - waitForPageLoad(G_Timeout): Wait for page load successfully

2019-01-23 19:04:30 - [MESSAGE][PASSED] - Wait for page load successfully

2019-01-23 19:04:30 - [TEST_STEP][PASSED] - mouseOver(findTestObject("TF_Customer_Create/1_Menu_Navigation_To_Open_All_Pages/1_Menu_Create_Master_Data")): Object: 'Object Repository/TF_Customer_Create/1_Menu_Navigation_To_Open_All_Pages/1_Menu_Create_Master_Data' is hovered

2019-01-23 19:04:30 - [MESSAGE][PASSED] - Object: 'Object Repository/TF_Customer_Create/1_Menu_Navigation_To_Open_All_Pages/1_Menu_Create_Master_Data' is hovered

2019-01-23 19:04:30 - [TEST_STEP][PASSED] - waitForPageLoad(G_Timeout): Wait for page load successfully

2019-01-23 19:04:30 - [MESSAGE][PASSED] - Wait for page load successfully

2019-01-23 19:04:30 - [TEST_STEP][PASSED] - mouseOver(findTestObject("TF_Customer_Create/1_Menu_Navigation_To_Open_All_Pages/3_Planning_Account_Hoverover_Option")): Object: 'Object Repository/TF_Customer_Create/1_Menu_Navigation_To_Open_All_Pages/3_Planning_Account_Hoverover_Option' is hovered

2019-01-23 19:04:31 - [MESSAGE][PASSED] - Object: 'Object Repository/TF_Customer_Create/1_Menu_Navigation_To_Open_All_Pages/3_Planning_Account_Hoverover_Option' is hovered

2019-01-23 19:04:31 - [TEST_STEP][PASSED] - waitForPageLoad(G_Timeout): Wait for page load successfully

2019-01-23 19:04:31 - [MESSAGE][PASSED] - Wait for page load successfully

2019-01-23 19:04:31 - [TEST_STEP][PASSED] - click(findTestObject("TF_Customer_Create/2_Select_Menu_Options(All)/13_LDI_Vendor_Site")): Object: 'Object Repository/TF_Customer_Create/2_Select_Menu_Options(All)/13_LDI_Vendor_Site' is clicked on

2019-01-23 19:04:31 - [MESSAGE][PASSED] - Object: 'Object Repository/TF_Customer_Create/2_Select_Menu_Options(All)/13_LDI_Vendor_Site' is clicked on

2019-01-23 19:04:31 - [TEST_STEP][PASSED] - waitForPageLoad(G_Timeout): Wait for page load successfully

2019-01-23 19:04:31 - [MESSAGE][PASSED] - Wait for page load successfully

2019-01-23 19:04:31 - [TEST_STEP][PASSED] - delay(3): Delayed 3 second(s)

2019-01-23 19:04:34 - [MESSAGE][PASSED] - Delayed 3 second(s)

2019-01-23 19:04:34 - [TEST_STEP][PASSED] - vndSiteName = com.oracledb.regressiontest.genName(15): com.oracledb.regressiontest.genName is PASSED

2019-01-23 19:04:34 - [MESSAGE][PASSED] - com.oracledb.regressiontest.genName is PASSED

2019-01-23 19:04:34 - [TEST_STEP][PASSED] - vndSiteNumber = com.oracledb.regressiontest.genName(12): com.oracledb.regressiontest.genName is PASSED

2019-01-23 19:04:34 - [MESSAGE][PASSED] - com.oracledb.regressiontest.genName is PASSED

2019-01-23 19:04:34 - [TEST_STEP][PASSED] - vndSiteCd = com.oracledb.regressiontest.genName(10): com.oracledb.regressiontest.genName is PASSED

2019-01-23 19:04:34 - [MESSAGE][PASSED] - com.oracledb.regressiontest.genName is PASSED

2019-01-23 19:04:34 - [TEST_STEP][PASSED] - vndSiteCity = com.oracledb.regressiontest.genName(8): com.oracledb.regressiontest.genName is PASSED

2019-01-23 19:04:34 - [MESSAGE][PASSED] - com.oracledb.regressiontest.genName is PASSED

2019-01-23 19:04:34 - [TEST_STEP][PASSED] - vndSitePtlCd = com.oracledb.regressiontest.genName(6): com.oracledb.regressiontest.genName is PASSED

2019-01-23 19:04:34 - [MESSAGE][PASSED] - com.oracledb.regressiontest.genName is PASSED

2019-01-23 19:04:34 - [TEST_STEP][PASSED] - setText(findTestObject("TF_Customer_Create/4_Create_Objects_And_Save/13_Create_LDI_Vendor_Site/Input_Vendor_Site_Name/input_Vendor_Site_Nm"), vndSiteName): Text 'E7XOJZGB4TJIBRS' is set on object 'Object Repository/TF_Customer_Create/4_Create_Objects_And_Save/13_Create_LDI_Vendor_Site/Input_Vendor_Site_Name/input_Vendor_Site_Nm'

2019-01-23 19:04:34 - [MESSAGE][PASSED] - Text 'E7XOJZGB4TJIBRS' is set on object 'Object Repository/TF_Customer_Create/4_Create_Objects_And_Save/13_Create_LDI_Vendor_Site/Input_Vendor_Site_Name/input_Vendor_Site_Nm'

2019-01-23 19:04:34 - [TEST_STEP][PASSED] - setText(findTestObject("TF_Customer_Create/4_Create_Objects_And_Save/13_Create_LDI_Vendor_Site/Input_Vendor_Site_Name/input_Vendor_Site_Number"), vndSiteNumber): Text 'HG5VX2O9TNEN' is set on object 'Object Repository/TF_Customer_Create/4_Create_Objects_And_Save/13_Create_LDI_Vendor_Site/Input_Vendor_Site_Name/input_Vendor_Site_Number'

2019-01-23 19:04:34 - [MESSAGE][PASSED] - Text 'HG5VX2O9TNEN' is set on object 'Object Repository/TF_Customer_Create/4_Create_Objects_And_Save/13_Create_LDI_Vendor_Site/Input_Vendor_Site_Name/input_Vendor_Site_Number'

2019-01-23 19:04:34 - [TEST_STEP][PASSED] - setText(findTestObject("TF_Customer_Create/4_Create_Objects_And_Save/13_Create_LDI_Vendor_Site/Input_Vendor_Site_Name/input_Vendor_Site_Cd"), vndSiteCd): Text 'B60ERZ2IUN' is set on object 'Object Repository/TF_Customer_Create/4_Create_Objects_And_Save/13_Create_LDI_Vendor_Site/Input_Vendor_Site_Name/input_Vendor_Site_Cd'

2019-01-23 19:04:34 - [MESSAGE][PASSED] - Text 'B60ERZ2IUN' is set on object 'Object Repository/TF_Customer_Create/4_Create_Objects_And_Save/13_Create_LDI_Vendor_Site/Input_Vendor_Site_Name/input_Vendor_Site_Cd'

2019-01-23 19:04:34 - [TEST_STEP][PASSED] - setText(findTestObject("TF_Customer_Create/4_Create_Objects_And_Save/13_Create_LDI_Vendor_Site/Input_Vendor_Site_Name/input_Vendor_Site_City"), vndSiteCity): Text 'VW86AKTH' is set on object 'Object Repository/TF_Customer_Create/4_Create_Objects_And_Save/13_Create_LDI_Vendor_Site/Input_Vendor_Site_Name/input_Vendor_Site_City'

2019-01-23 19:04:35 - [MESSAGE][PASSED] - Text 'VW86AKTH' is set on object 'Object Repository/TF_Customer_Create/4_Create_Objects_And_Save/13_Create_LDI_Vendor_Site/Input_Vendor_Site_Name/input_Vendor_Site_City'

2019-01-23 19:04:35 - [TEST_STEP][PASSED] - setText(findTestObject("TF_Customer_Create/4_Create_Objects_And_Save/13_Create_LDI_Vendor_Site/Input_Vendor_Site_Name/input_Vendor_Site_Postal_Code"), vndSitePtlCd): Text 'M1KDPC' is set on object 'Object Repository/TF_Customer_Create/4_Create_Objects_And_Save/13_Create_LDI_Vendor_Site/Input_Vendor_Site_Name/input_Vendor_Site_Postal_Code'

2019-01-23 19:04:35 - [MESSAGE][PASSED] - Text 'M1KDPC' is set on object 'Object Repository/TF_Customer_Create/4_Create_Objects_And_Save/13_Create_LDI_Vendor_Site/Input_Vendor_Site_Name/input_Vendor_Site_Postal_Code'

2019-01-23 19:04:35 - [TEST_STEP][NOT_RUN] - setText(findTestObject("TF_Customer_Create/4_Create_Objects_And_Save/13_Create_LDI_Vendor_Site/Input_Vendor_Site_Name/input_Vendor_Site_Inactive_dt"), input_Eff_Dt): NOT_RUN: setText(findTestObject("TF_Customer_Create/4_Create_Objects_And_Save/13_Create_LDI_Vendor_Site/Input_Vendor_Site_Name/input_Vendor_Site_Inactive_dt"), input_Eff_Dt)

2019-01-23 19:04:35 - [MESSAGE][NOT_RUN] - NOT_RUN: setText(findTestObject("TF_Customer_Create/4_Create_Objects_And_Save/13_Create_LDI_Vendor_Site/Input_Vendor_Site_Name/input_Vendor_Site_Inactive_dt"), input_Eff_Dt)

2019-01-23 19:04:35 - [TEST_STEP][PASSED] - delay(2): Delayed 2 second(s)

2019-01-23 19:04:37 - [MESSAGE][PASSED] - Delayed 2 second(s)

2019-01-23 19:04:37 - [TEST_STEP][PASSED] - click(findTestObject("TF_Customer_Create/3_Common_Action_Buttons/Click_Data_Tab/span_Data_Tab")): Object: 'Object Repository/TF_Customer_Create/3_Common_Action_Buttons/Click_Data_Tab/span_Data_Tab' is clicked on

2019-01-23 19:04:37 - [MESSAGE][PASSED] - Object: 'Object Repository/TF_Customer_Create/3_Common_Action_Buttons/Click_Data_Tab/span_Data_Tab' is clicked on

2019-01-23 19:04:37 - [TEST_STEP][NOT_RUN] - click(findTestObject("TF_Customer_Create/4_Create_Objects_And_Save/Choose_Sales_Org/Click_Sales_Org_DD"), CONTINUE_ON_FAILURE): NOT_RUN: click(findTestObject("TF_Customer_Create/4_Create_Objects_And_Save/Choose_Sales_Org/Click_Sales_Org_DD"), CONTINUE_ON_FAILURE)

2019-01-23 19:04:37 - [MESSAGE][NOT_RUN] - NOT_RUN: click(findTestObject("TF_Customer_Create/4_Create_Objects_And_Save/Choose_Sales_Org/Click_Sales_Org_DD"), CONTINUE_ON_FAILURE)

2019-01-23 19:04:37 - [TEST_STEP][NOT_RUN] - click(findTestObject("TF_Customer_Create/4_Create_Objects_And_Save/Choose_Sales_Org/CA_Object"), CONTINUE_ON_FAILURE): NOT_RUN: click(findTestObject("TF_Customer_Create/4_Create_Objects_And_Save/Choose_Sales_Org/CA_Object"), CONTINUE_ON_FAILURE)

2019-01-23 19:04:37 - [MESSAGE][NOT_RUN] - NOT_RUN: click(findTestObject("TF_Customer_Create/4_Create_Objects_And_Save/Choose_Sales_Org/CA_Object"), CONTINUE_ON_FAILURE)

2019-01-23 19:04:37 - [TEST_STEP][PASSED] - delay(2): Delayed 2 second(s)

2019-01-23 19:04:39 - [MESSAGE][PASSED] - Delayed 2 second(s)

2019-01-23 19:04:39 - [TEST_STEP][PASSED] - click(findTestObject("TF_Customer_Create/3_Common_Action_Buttons/Click_Apply_Button/td_Apply")): Object: 'Object Repository/TF_Customer_Create/3_Common_Action_Buttons/Click_Apply_Button/td_Apply' is clicked on

2019-01-23 19:04:39 - [MESSAGE][PASSED] - Object: 'Object Repository/TF_Customer_Create/3_Common_Action_Buttons/Click_Apply_Button/td_Apply' is clicked on

2019-01-23 19:04:39 - [TEST_STEP][PASSED] - delay(2): Delayed 2 second(s)

2019-01-23 19:04:41 - [MESSAGE][PASSED] - Delayed 2 second(s)

2019-01-23 19:04:41 - [TEST_STEP][PASSED] - click(findTestObject("TF_Customer_Create/3_Common_Action_Buttons/Click_Save_Button/btn_Save")): Object: 'Object Repository/TF_Customer_Create/3_Common_Action_Buttons/Click_Save_Button/btn_Save' is clicked on

2019-01-23 19:04:41 - [MESSAGE][PASSED] - Object: 'Object Repository/TF_Customer_Create/3_Common_Action_Buttons/Click_Save_Button/btn_Save' is clicked on

2019-01-23 19:04:41 - [TEST_STEP][PASSED] - delay(2): Delayed 2 second(s)

2019-01-23 19:04:43 - [MESSAGE][PASSED] - Delayed 2 second(s)

2019-01-23 19:04:43 - [TEST_STEP][NOT_RUN] - verifyElementText(findTestObject("TF_Customer_Create/3_Common_Action_Buttons/Verify_Success_Message/Success_Message"), "Record has been saved successfully.", CONTINUE_ON_FAILURE): NOT_RUN: verifyElementText(findTestObject("TF_Customer_Create/3_Common_Action_Buttons/Verify_Success_Message/Success_Message"), "Record has been saved successfully.", CONTINUE_ON_FAILURE)

2019-01-23 19:04:43 - [MESSAGE][NOT_RUN] - NOT_RUN: verifyElementText(findTestObject("TF_Customer_Create/3_Common_Action_Buttons/Verify_Success_Message/Success_Message"), "Record has been saved successfully.", CONTINUE_ON_FAILURE)

2019-01-23 19:04:43 - [TEST_STEP][NOT_RUN] - click(findTestObject("TF_Customer_Create/3_Common_Action_Buttons/Click_Data_Tab/span_Data_Tab")): NOT_RUN: click(findTestObject("TF_Customer_Create/3_Common_Action_Buttons/Click_Data_Tab/span_Data_Tab"))

2019-01-23 19:04:43 - [MESSAGE][NOT_RUN] - NOT_RUN: click(findTestObject("TF_Customer_Create/3_Common_Action_Buttons/Click_Data_Tab/span_Data_Tab"))

2019-01-23 19:04:43 - [TEST_STEP][NOT_RUN] - delay(1): NOT_RUN: delay(1)

2019-01-23 19:04:43 - [MESSAGE][NOT_RUN] - NOT_RUN: delay(1)

2019-01-23 19:04:43 - [TEST_STEP][NOT_RUN] - click(findTestObject("TF_Customer_Create/3_Common_Action_Buttons/Click_Close_Button/btn_Close")): NOT_RUN: click(findTestObject("TF_Customer_Create/3_Common_Action_Buttons/Click_Close_Button/btn_Close"))

2019-01-23 19:04:43 - [MESSAGE][NOT_RUN] - NOT_RUN: click(findTestObject("TF_Customer_Create/3_Common_Action_Buttons/Click_Close_Button/btn_Close"))

2019-01-23 19:04:43 - [TEST_STEP][NOT_RUN] - delay(2): NOT_RUN: delay(2)

2019-01-23 19:04:43 - [MESSAGE][NOT_RUN] - NOT_RUN: delay(2)

2019-01-23 19:04:43 - [TEST_STEP][NOT_RUN] - vrfy_PLA = com.oracledb.regressiontest.verifyPLA(ora_connt, ora_usr, ora_psswrd, ora_schema, plaAcctName): NOT_RUN: vrfy_PLA = com.oracledb.regressiontest.verifyPLA(ora_connt, ora_usr, ora_psswrd, ora_schema, plaAcctName)

2019-01-23 19:04:43 - [MESSAGE][NOT_RUN] - NOT_RUN: vrfy_PLA = com.oracledb.regressiontest.verifyPLA(ora_connt, ora_usr, ora_psswrd, ora_schema, plaAcctName)

2019-01-23 19:04:43 - [TEST_STEP][NOT_RUN] - println("Planning Account Name"): NOT_RUN: println("Planning Account Name")

2019-01-23 19:04:43 - [MESSAGE][NOT_RUN] - NOT_RUN: println("Planning Account Name")

2019-01-23 19:04:43 - [TEST_STEP][NOT_RUN] - verifyEqual(PLANNING_ACCOUNT_NAME, plaAcctName): NOT_RUN: verifyEqual(PLANNING_ACCOUNT_NAME, plaAcctName)

2019-01-23 19:04:43 - [MESSAGE][NOT_RUN] - NOT_RUN: verifyEqual(PLANNING_ACCOUNT_NAME, plaAcctName)]]></system-out>
         <system-err><![CDATA[]]></system-err>
      </testcase>
      <testcase name="Test Cases/Regression_TF_Customer/Create_Record/TC_13_Create_LDI_Vendor_Site" classname="Test Cases/Regression_TF_Customer/Create_Record/TC_13_Create_LDI_Vendor_Site" status="PASSED">
         <system-out><![CDATA[2019-01-23 19:04:43 - [TEST_CASE][PASSED] - Test Cases/Regression_TF_Customer/Create_Record/TC_13_Create_LDI_Vendor_Site: Test Cases/Regression_TF_Customer/Create_Record/TC_13_Create_LDI_Vendor_Site

2019-01-23 19:04:43 - [TEST_STEP][PASSED] - waitForPageLoad(G_Timeout): Wait for page load successfully

2019-01-23 19:04:43 - [MESSAGE][PASSED] - Wait for page load successfully

2019-01-23 19:04:43 - [TEST_STEP][PASSED] - mouseOver(findTestObject("TF_Customer_Create/1_Menu_Navigation_To_Open_All_Pages/0_Menu_Create_In_Data_View")): Object: 'Object Repository/TF_Customer_Create/1_Menu_Navigation_To_Open_All_Pages/0_Menu_Create_In_Data_View' is hovered

2019-01-23 19:04:43 - [MESSAGE][PASSED] - Object: 'Object Repository/TF_Customer_Create/1_Menu_Navigation_To_Open_All_Pages/0_Menu_Create_In_Data_View' is hovered

2019-01-23 19:04:43 - [TEST_STEP][PASSED] - waitForPageLoad(G_Timeout): Wait for page load successfully

2019-01-23 19:04:43 - [MESSAGE][PASSED] - Wait for page load successfully

2019-01-23 19:04:43 - [TEST_STEP][PASSED] - mouseOver(findTestObject("TF_Customer_Create/1_Menu_Navigation_To_Open_All_Pages/1_Menu_Create_Master_Data")): Object: 'Object Repository/TF_Customer_Create/1_Menu_Navigation_To_Open_All_Pages/1_Menu_Create_Master_Data' is hovered

2019-01-23 19:04:43 - [MESSAGE][PASSED] - Object: 'Object Repository/TF_Customer_Create/1_Menu_Navigation_To_Open_All_Pages/1_Menu_Create_Master_Data' is hovered

2019-01-23 19:04:43 - [TEST_STEP][PASSED] - waitForPageLoad(G_Timeout): Wait for page load successfully

2019-01-23 19:04:43 - [MESSAGE][PASSED] - Wait for page load successfully

2019-01-23 19:04:43 - [TEST_STEP][PASSED] - mouseOver(findTestObject("TF_Customer_Create/1_Menu_Navigation_To_Open_All_Pages/3_Planning_Account_Hoverover_Option")): Object: 'Object Repository/TF_Customer_Create/1_Menu_Navigation_To_Open_All_Pages/3_Planning_Account_Hoverover_Option' is hovered

2019-01-23 19:04:44 - [MESSAGE][PASSED] - Object: 'Object Repository/TF_Customer_Create/1_Menu_Navigation_To_Open_All_Pages/3_Planning_Account_Hoverover_Option' is hovered

2019-01-23 19:04:44 - [TEST_STEP][PASSED] - waitForPageLoad(G_Timeout): Wait for page load successfully

2019-01-23 19:04:44 - [MESSAGE][PASSED] - Wait for page load successfully

2019-01-23 19:04:44 - [TEST_STEP][PASSED] - click(findTestObject("TF_Customer_Create/2_Select_Menu_Options(All)/13_LDI_Vendor_Site")): Object: 'Object Repository/TF_Customer_Create/2_Select_Menu_Options(All)/13_LDI_Vendor_Site' is clicked on

2019-01-23 19:04:44 - [MESSAGE][PASSED] - Object: 'Object Repository/TF_Customer_Create/2_Select_Menu_Options(All)/13_LDI_Vendor_Site' is clicked on

2019-01-23 19:04:44 - [TEST_STEP][PASSED] - waitForPageLoad(G_Timeout): Wait for page load successfully

2019-01-23 19:04:44 - [MESSAGE][PASSED] - Wait for page load successfully

2019-01-23 19:04:44 - [TEST_STEP][PASSED] - delay(3): Delayed 3 second(s)

2019-01-23 19:04:47 - [MESSAGE][PASSED] - Delayed 3 second(s)

2019-01-23 19:04:47 - [TEST_STEP][PASSED] - vndSiteName = com.oracledb.regressiontest.genName(15): com.oracledb.regressiontest.genName is PASSED

2019-01-23 19:04:47 - [MESSAGE][PASSED] - com.oracledb.regressiontest.genName is PASSED

2019-01-23 19:04:47 - [TEST_STEP][PASSED] - vndSiteNumber = com.oracledb.regressiontest.genName(12): com.oracledb.regressiontest.genName is PASSED

2019-01-23 19:04:47 - [MESSAGE][PASSED] - com.oracledb.regressiontest.genName is PASSED

2019-01-23 19:04:47 - [TEST_STEP][PASSED] - vndSiteCd = com.oracledb.regressiontest.genName(10): com.oracledb.regressiontest.genName is PASSED

2019-01-23 19:04:47 - [MESSAGE][PASSED] - com.oracledb.regressiontest.genName is PASSED

2019-01-23 19:04:47 - [TEST_STEP][PASSED] - vndSiteCity = com.oracledb.regressiontest.genName(8): com.oracledb.regressiontest.genName is PASSED

2019-01-23 19:04:47 - [MESSAGE][PASSED] - com.oracledb.regressiontest.genName is PASSED

2019-01-23 19:04:47 - [TEST_STEP][PASSED] - vndSitePtlCd = com.oracledb.regressiontest.genName(6): com.oracledb.regressiontest.genName is PASSED

2019-01-23 19:04:47 - [MESSAGE][PASSED] - com.oracledb.regressiontest.genName is PASSED

2019-01-23 19:04:47 - [TEST_STEP][PASSED] - setText(findTestObject("TF_Customer_Create/4_Create_Objects_And_Save/13_Create_LDI_Vendor_Site/Input_Vendor_Site_Name/input_Vendor_Site_Nm"), vndSiteName): Text 'BART62SWYVEO4ZE' is set on object 'Object Repository/TF_Customer_Create/4_Create_Objects_And_Save/13_Create_LDI_Vendor_Site/Input_Vendor_Site_Name/input_Vendor_Site_Nm'

2019-01-23 19:04:47 - [MESSAGE][PASSED] - Text 'BART62SWYVEO4ZE' is set on object 'Object Repository/TF_Customer_Create/4_Create_Objects_And_Save/13_Create_LDI_Vendor_Site/Input_Vendor_Site_Name/input_Vendor_Site_Nm'

2019-01-23 19:04:47 - [TEST_STEP][PASSED] - setText(findTestObject("TF_Customer_Create/4_Create_Objects_And_Save/13_Create_LDI_Vendor_Site/Input_Vendor_Site_Name/input_Vendor_Site_Number"), vndSiteNumber): Text 'N37DPYFEXN06' is set on object 'Object Repository/TF_Customer_Create/4_Create_Objects_And_Save/13_Create_LDI_Vendor_Site/Input_Vendor_Site_Name/input_Vendor_Site_Number'

2019-01-23 19:04:47 - [MESSAGE][PASSED] - Text 'N37DPYFEXN06' is set on object 'Object Repository/TF_Customer_Create/4_Create_Objects_And_Save/13_Create_LDI_Vendor_Site/Input_Vendor_Site_Name/input_Vendor_Site_Number'

2019-01-23 19:04:47 - [TEST_STEP][PASSED] - setText(findTestObject("TF_Customer_Create/4_Create_Objects_And_Save/13_Create_LDI_Vendor_Site/Input_Vendor_Site_Name/input_Vendor_Site_Cd"), vndSiteCd): Text 'RKG67FPZE2' is set on object 'Object Repository/TF_Customer_Create/4_Create_Objects_And_Save/13_Create_LDI_Vendor_Site/Input_Vendor_Site_Name/input_Vendor_Site_Cd'

2019-01-23 19:04:47 - [MESSAGE][PASSED] - Text 'RKG67FPZE2' is set on object 'Object Repository/TF_Customer_Create/4_Create_Objects_And_Save/13_Create_LDI_Vendor_Site/Input_Vendor_Site_Name/input_Vendor_Site_Cd'

2019-01-23 19:04:47 - [TEST_STEP][PASSED] - setText(findTestObject("TF_Customer_Create/4_Create_Objects_And_Save/13_Create_LDI_Vendor_Site/Input_Vendor_Site_Name/input_Vendor_Site_City"), vndSiteCity): Text 'TEW2M5BE' is set on object 'Object Repository/TF_Customer_Create/4_Create_Objects_And_Save/13_Create_LDI_Vendor_Site/Input_Vendor_Site_Name/input_Vendor_Site_City'

2019-01-23 19:04:47 - [MESSAGE][PASSED] - Text 'TEW2M5BE' is set on object 'Object Repository/TF_Customer_Create/4_Create_Objects_And_Save/13_Create_LDI_Vendor_Site/Input_Vendor_Site_Name/input_Vendor_Site_City'

2019-01-23 19:04:47 - [TEST_STEP][PASSED] - setText(findTestObject("TF_Customer_Create/4_Create_Objects_And_Save/13_Create_LDI_Vendor_Site/Input_Vendor_Site_Name/input_Vendor_Site_Postal_Code"), vndSitePtlCd): Text 'WIKHJ8' is set on object 'Object Repository/TF_Customer_Create/4_Create_Objects_And_Save/13_Create_LDI_Vendor_Site/Input_Vendor_Site_Name/input_Vendor_Site_Postal_Code'

2019-01-23 19:04:48 - [MESSAGE][PASSED] - Text 'WIKHJ8' is set on object 'Object Repository/TF_Customer_Create/4_Create_Objects_And_Save/13_Create_LDI_Vendor_Site/Input_Vendor_Site_Name/input_Vendor_Site_Postal_Code'

2019-01-23 19:04:48 - [TEST_STEP][NOT_RUN] - setText(findTestObject("TF_Customer_Create/4_Create_Objects_And_Save/13_Create_LDI_Vendor_Site/Input_Vendor_Site_Name/input_Vendor_Site_Inactive_dt"), input_Eff_Dt): NOT_RUN: setText(findTestObject("TF_Customer_Create/4_Create_Objects_And_Save/13_Create_LDI_Vendor_Site/Input_Vendor_Site_Name/input_Vendor_Site_Inactive_dt"), input_Eff_Dt)

2019-01-23 19:04:48 - [MESSAGE][NOT_RUN] - NOT_RUN: setText(findTestObject("TF_Customer_Create/4_Create_Objects_And_Save/13_Create_LDI_Vendor_Site/Input_Vendor_Site_Name/input_Vendor_Site_Inactive_dt"), input_Eff_Dt)

2019-01-23 19:04:48 - [TEST_STEP][PASSED] - delay(2): Delayed 2 second(s)

2019-01-23 19:04:50 - [MESSAGE][PASSED] - Delayed 2 second(s)

2019-01-23 19:04:50 - [TEST_STEP][PASSED] - click(findTestObject("TF_Customer_Create/3_Common_Action_Buttons/Click_Data_Tab/span_Data_Tab")): Object: 'Object Repository/TF_Customer_Create/3_Common_Action_Buttons/Click_Data_Tab/span_Data_Tab' is clicked on

2019-01-23 19:04:50 - [MESSAGE][PASSED] - Object: 'Object Repository/TF_Customer_Create/3_Common_Action_Buttons/Click_Data_Tab/span_Data_Tab' is clicked on

2019-01-23 19:04:50 - [TEST_STEP][NOT_RUN] - click(findTestObject("TF_Customer_Create/4_Create_Objects_And_Save/Choose_Sales_Org/Click_Sales_Org_DD"), CONTINUE_ON_FAILURE): NOT_RUN: click(findTestObject("TF_Customer_Create/4_Create_Objects_And_Save/Choose_Sales_Org/Click_Sales_Org_DD"), CONTINUE_ON_FAILURE)

2019-01-23 19:04:50 - [MESSAGE][NOT_RUN] - NOT_RUN: click(findTestObject("TF_Customer_Create/4_Create_Objects_And_Save/Choose_Sales_Org/Click_Sales_Org_DD"), CONTINUE_ON_FAILURE)

2019-01-23 19:04:50 - [TEST_STEP][NOT_RUN] - click(findTestObject("TF_Customer_Create/4_Create_Objects_And_Save/Choose_Sales_Org/CA_Object"), CONTINUE_ON_FAILURE): NOT_RUN: click(findTestObject("TF_Customer_Create/4_Create_Objects_And_Save/Choose_Sales_Org/CA_Object"), CONTINUE_ON_FAILURE)

2019-01-23 19:04:50 - [MESSAGE][NOT_RUN] - NOT_RUN: click(findTestObject("TF_Customer_Create/4_Create_Objects_And_Save/Choose_Sales_Org/CA_Object"), CONTINUE_ON_FAILURE)

2019-01-23 19:04:50 - [TEST_STEP][PASSED] - delay(2): Delayed 2 second(s)

2019-01-23 19:04:52 - [MESSAGE][PASSED] - Delayed 2 second(s)

2019-01-23 19:04:52 - [TEST_STEP][PASSED] - click(findTestObject("TF_Customer_Create/3_Common_Action_Buttons/Click_Apply_Button/td_Apply")): Object: 'Object Repository/TF_Customer_Create/3_Common_Action_Buttons/Click_Apply_Button/td_Apply' is clicked on

2019-01-23 19:04:52 - [MESSAGE][PASSED] - Object: 'Object Repository/TF_Customer_Create/3_Common_Action_Buttons/Click_Apply_Button/td_Apply' is clicked on

2019-01-23 19:04:52 - [TEST_STEP][PASSED] - delay(2): Delayed 2 second(s)

2019-01-23 19:04:54 - [MESSAGE][PASSED] - Delayed 2 second(s)

2019-01-23 19:04:54 - [TEST_STEP][PASSED] - click(findTestObject("TF_Customer_Create/3_Common_Action_Buttons/Click_Save_Button/btn_Save")): Object: 'Object Repository/TF_Customer_Create/3_Common_Action_Buttons/Click_Save_Button/btn_Save' is clicked on

2019-01-23 19:04:54 - [MESSAGE][PASSED] - Object: 'Object Repository/TF_Customer_Create/3_Common_Action_Buttons/Click_Save_Button/btn_Save' is clicked on

2019-01-23 19:04:54 - [TEST_STEP][PASSED] - delay(2): Delayed 2 second(s)

2019-01-23 19:04:56 - [MESSAGE][PASSED] - Delayed 2 second(s)

2019-01-23 19:04:56 - [TEST_STEP][NOT_RUN] - verifyElementText(findTestObject("TF_Customer_Create/3_Common_Action_Buttons/Verify_Success_Message/Success_Message"), "Record has been saved successfully.", CONTINUE_ON_FAILURE): NOT_RUN: verifyElementText(findTestObject("TF_Customer_Create/3_Common_Action_Buttons/Verify_Success_Message/Success_Message"), "Record has been saved successfully.", CONTINUE_ON_FAILURE)

2019-01-23 19:04:56 - [MESSAGE][NOT_RUN] - NOT_RUN: verifyElementText(findTestObject("TF_Customer_Create/3_Common_Action_Buttons/Verify_Success_Message/Success_Message"), "Record has been saved successfully.", CONTINUE_ON_FAILURE)

2019-01-23 19:04:56 - [TEST_STEP][NOT_RUN] - click(findTestObject("TF_Customer_Create/3_Common_Action_Buttons/Click_Data_Tab/span_Data_Tab")): NOT_RUN: click(findTestObject("TF_Customer_Create/3_Common_Action_Buttons/Click_Data_Tab/span_Data_Tab"))

2019-01-23 19:04:56 - [MESSAGE][NOT_RUN] - NOT_RUN: click(findTestObject("TF_Customer_Create/3_Common_Action_Buttons/Click_Data_Tab/span_Data_Tab"))

2019-01-23 19:04:56 - [TEST_STEP][NOT_RUN] - delay(1): NOT_RUN: delay(1)

2019-01-23 19:04:56 - [MESSAGE][NOT_RUN] - NOT_RUN: delay(1)

2019-01-23 19:04:56 - [TEST_STEP][NOT_RUN] - click(findTestObject("TF_Customer_Create/3_Common_Action_Buttons/Click_Close_Button/btn_Close")): NOT_RUN: click(findTestObject("TF_Customer_Create/3_Common_Action_Buttons/Click_Close_Button/btn_Close"))

2019-01-23 19:04:56 - [MESSAGE][NOT_RUN] - NOT_RUN: click(findTestObject("TF_Customer_Create/3_Common_Action_Buttons/Click_Close_Button/btn_Close"))

2019-01-23 19:04:56 - [TEST_STEP][NOT_RUN] - delay(2): NOT_RUN: delay(2)

2019-01-23 19:04:56 - [MESSAGE][NOT_RUN] - NOT_RUN: delay(2)

2019-01-23 19:04:56 - [TEST_STEP][NOT_RUN] - vrfy_PLA = com.oracledb.regressiontest.verifyPLA(ora_connt, ora_usr, ora_psswrd, ora_schema, plaAcctName): NOT_RUN: vrfy_PLA = com.oracledb.regressiontest.verifyPLA(ora_connt, ora_usr, ora_psswrd, ora_schema, plaAcctName)

2019-01-23 19:04:56 - [MESSAGE][NOT_RUN] - NOT_RUN: vrfy_PLA = com.oracledb.regressiontest.verifyPLA(ora_connt, ora_usr, ora_psswrd, ora_schema, plaAcctName)

2019-01-23 19:04:56 - [TEST_STEP][NOT_RUN] - println("Planning Account Name"): NOT_RUN: println("Planning Account Name")

2019-01-23 19:04:56 - [MESSAGE][NOT_RUN] - NOT_RUN: println("Planning Account Name")

2019-01-23 19:04:56 - [TEST_STEP][NOT_RUN] - verifyEqual(PLANNING_ACCOUNT_NAME, plaAcctName): NOT_RUN: verifyEqual(PLANNING_ACCOUNT_NAME, plaAcctName)

2019-01-23 19:04:56 - [MESSAGE][NOT_RUN] - NOT_RUN: verifyEqual(PLANNING_ACCOUNT_NAME, plaAcctName)]]></system-out>
         <system-err><![CDATA[]]></system-err>
      </testcase>
      <testcase name="Test Cases/Regression_TF_Customer/Create_Record/TC_13_Create_LDI_Vendor_Site" classname="Test Cases/Regression_TF_Customer/Create_Record/TC_13_Create_LDI_Vendor_Site" status="PASSED">
         <system-out><![CDATA[2019-01-23 19:04:56 - [TEST_CASE][PASSED] - Test Cases/Regression_TF_Customer/Create_Record/TC_13_Create_LDI_Vendor_Site: Test Cases/Regression_TF_Customer/Create_Record/TC_13_Create_LDI_Vendor_Site

2019-01-23 19:04:56 - [TEST_STEP][PASSED] - waitForPageLoad(G_Timeout): Wait for page load successfully

2019-01-23 19:04:56 - [MESSAGE][PASSED] - Wait for page load successfully

2019-01-23 19:04:56 - [TEST_STEP][PASSED] - mouseOver(findTestObject("TF_Customer_Create/1_Menu_Navigation_To_Open_All_Pages/0_Menu_Create_In_Data_View")): Object: 'Object Repository/TF_Customer_Create/1_Menu_Navigation_To_Open_All_Pages/0_Menu_Create_In_Data_View' is hovered

2019-01-23 19:04:56 - [MESSAGE][PASSED] - Object: 'Object Repository/TF_Customer_Create/1_Menu_Navigation_To_Open_All_Pages/0_Menu_Create_In_Data_View' is hovered

2019-01-23 19:04:56 - [TEST_STEP][PASSED] - waitForPageLoad(G_Timeout): Wait for page load successfully

2019-01-23 19:04:56 - [MESSAGE][PASSED] - Wait for page load successfully

2019-01-23 19:04:56 - [TEST_STEP][PASSED] - mouseOver(findTestObject("TF_Customer_Create/1_Menu_Navigation_To_Open_All_Pages/1_Menu_Create_Master_Data")): Object: 'Object Repository/TF_Customer_Create/1_Menu_Navigation_To_Open_All_Pages/1_Menu_Create_Master_Data' is hovered

2019-01-23 19:04:56 - [MESSAGE][PASSED] - Object: 'Object Repository/TF_Customer_Create/1_Menu_Navigation_To_Open_All_Pages/1_Menu_Create_Master_Data' is hovered

2019-01-23 19:04:56 - [TEST_STEP][PASSED] - waitForPageLoad(G_Timeout): Wait for page load successfully

2019-01-23 19:04:56 - [MESSAGE][PASSED] - Wait for page load successfully

2019-01-23 19:04:56 - [TEST_STEP][PASSED] - mouseOver(findTestObject("TF_Customer_Create/1_Menu_Navigation_To_Open_All_Pages/3_Planning_Account_Hoverover_Option")): Object: 'Object Repository/TF_Customer_Create/1_Menu_Navigation_To_Open_All_Pages/3_Planning_Account_Hoverover_Option' is hovered

2019-01-23 19:04:57 - [MESSAGE][PASSED] - Object: 'Object Repository/TF_Customer_Create/1_Menu_Navigation_To_Open_All_Pages/3_Planning_Account_Hoverover_Option' is hovered

2019-01-23 19:04:57 - [TEST_STEP][PASSED] - waitForPageLoad(G_Timeout): Wait for page load successfully

2019-01-23 19:04:57 - [MESSAGE][PASSED] - Wait for page load successfully

2019-01-23 19:04:57 - [TEST_STEP][PASSED] - click(findTestObject("TF_Customer_Create/2_Select_Menu_Options(All)/13_LDI_Vendor_Site")): Object: 'Object Repository/TF_Customer_Create/2_Select_Menu_Options(All)/13_LDI_Vendor_Site' is clicked on

2019-01-23 19:04:57 - [MESSAGE][PASSED] - Object: 'Object Repository/TF_Customer_Create/2_Select_Menu_Options(All)/13_LDI_Vendor_Site' is clicked on

2019-01-23 19:04:57 - [TEST_STEP][PASSED] - waitForPageLoad(G_Timeout): Wait for page load successfully

2019-01-23 19:04:57 - [MESSAGE][PASSED] - Wait for page load successfully

2019-01-23 19:04:57 - [TEST_STEP][PASSED] - delay(3): Delayed 3 second(s)

2019-01-23 19:05:00 - [MESSAGE][PASSED] - Delayed 3 second(s)

2019-01-23 19:05:00 - [TEST_STEP][PASSED] - vndSiteName = com.oracledb.regressiontest.genName(15): com.oracledb.regressiontest.genName is PASSED

2019-01-23 19:05:00 - [MESSAGE][PASSED] - com.oracledb.regressiontest.genName is PASSED

2019-01-23 19:05:00 - [TEST_STEP][PASSED] - vndSiteNumber = com.oracledb.regressiontest.genName(12): com.oracledb.regressiontest.genName is PASSED

2019-01-23 19:05:00 - [MESSAGE][PASSED] - com.oracledb.regressiontest.genName is PASSED

2019-01-23 19:05:00 - [TEST_STEP][PASSED] - vndSiteCd = com.oracledb.regressiontest.genName(10): com.oracledb.regressiontest.genName is PASSED

2019-01-23 19:05:00 - [MESSAGE][PASSED] - com.oracledb.regressiontest.genName is PASSED

2019-01-23 19:05:00 - [TEST_STEP][PASSED] - vndSiteCity = com.oracledb.regressiontest.genName(8): com.oracledb.regressiontest.genName is PASSED

2019-01-23 19:05:00 - [MESSAGE][PASSED] - com.oracledb.regressiontest.genName is PASSED

2019-01-23 19:05:00 - [TEST_STEP][PASSED] - vndSitePtlCd = com.oracledb.regressiontest.genName(6): com.oracledb.regressiontest.genName is PASSED

2019-01-23 19:05:00 - [MESSAGE][PASSED] - com.oracledb.regressiontest.genName is PASSED

2019-01-23 19:05:00 - [TEST_STEP][PASSED] - setText(findTestObject("TF_Customer_Create/4_Create_Objects_And_Save/13_Create_LDI_Vendor_Site/Input_Vendor_Site_Name/input_Vendor_Site_Nm"), vndSiteName): Text 'B59MJ6ESH4PNDSX' is set on object 'Object Repository/TF_Customer_Create/4_Create_Objects_And_Save/13_Create_LDI_Vendor_Site/Input_Vendor_Site_Name/input_Vendor_Site_Nm'

2019-01-23 19:05:00 - [MESSAGE][PASSED] - Text 'B59MJ6ESH4PNDSX' is set on object 'Object Repository/TF_Customer_Create/4_Create_Objects_And_Save/13_Create_LDI_Vendor_Site/Input_Vendor_Site_Name/input_Vendor_Site_Nm'

2019-01-23 19:05:00 - [TEST_STEP][PASSED] - setText(findTestObject("TF_Customer_Create/4_Create_Objects_And_Save/13_Create_LDI_Vendor_Site/Input_Vendor_Site_Name/input_Vendor_Site_Number"), vndSiteNumber): Text 'PG0NBRBVT3YM' is set on object 'Object Repository/TF_Customer_Create/4_Create_Objects_And_Save/13_Create_LDI_Vendor_Site/Input_Vendor_Site_Name/input_Vendor_Site_Number'

2019-01-23 19:05:00 - [MESSAGE][PASSED] - Text 'PG0NBRBVT3YM' is set on object 'Object Repository/TF_Customer_Create/4_Create_Objects_And_Save/13_Create_LDI_Vendor_Site/Input_Vendor_Site_Name/input_Vendor_Site_Number'

2019-01-23 19:05:00 - [TEST_STEP][PASSED] - setText(findTestObject("TF_Customer_Create/4_Create_Objects_And_Save/13_Create_LDI_Vendor_Site/Input_Vendor_Site_Name/input_Vendor_Site_Cd"), vndSiteCd): Text '1OBHY4XEFJ' is set on object 'Object Repository/TF_Customer_Create/4_Create_Objects_And_Save/13_Create_LDI_Vendor_Site/Input_Vendor_Site_Name/input_Vendor_Site_Cd'

2019-01-23 19:05:00 - [MESSAGE][PASSED] - Text '1OBHY4XEFJ' is set on object 'Object Repository/TF_Customer_Create/4_Create_Objects_And_Save/13_Create_LDI_Vendor_Site/Input_Vendor_Site_Name/input_Vendor_Site_Cd'

2019-01-23 19:05:00 - [TEST_STEP][PASSED] - setText(findTestObject("TF_Customer_Create/4_Create_Objects_And_Save/13_Create_LDI_Vendor_Site/Input_Vendor_Site_Name/input_Vendor_Site_City"), vndSiteCity): Text 'DWI7N56B' is set on object 'Object Repository/TF_Customer_Create/4_Create_Objects_And_Save/13_Create_LDI_Vendor_Site/Input_Vendor_Site_Name/input_Vendor_Site_City'

2019-01-23 19:05:00 - [MESSAGE][PASSED] - Text 'DWI7N56B' is set on object 'Object Repository/TF_Customer_Create/4_Create_Objects_And_Save/13_Create_LDI_Vendor_Site/Input_Vendor_Site_Name/input_Vendor_Site_City'

2019-01-23 19:05:00 - [TEST_STEP][PASSED] - setText(findTestObject("TF_Customer_Create/4_Create_Objects_And_Save/13_Create_LDI_Vendor_Site/Input_Vendor_Site_Name/input_Vendor_Site_Postal_Code"), vndSitePtlCd): Text 'I3RWJW' is set on object 'Object Repository/TF_Customer_Create/4_Create_Objects_And_Save/13_Create_LDI_Vendor_Site/Input_Vendor_Site_Name/input_Vendor_Site_Postal_Code'

2019-01-23 19:05:00 - [MESSAGE][PASSED] - Text 'I3RWJW' is set on object 'Object Repository/TF_Customer_Create/4_Create_Objects_And_Save/13_Create_LDI_Vendor_Site/Input_Vendor_Site_Name/input_Vendor_Site_Postal_Code'

2019-01-23 19:05:00 - [TEST_STEP][NOT_RUN] - setText(findTestObject("TF_Customer_Create/4_Create_Objects_And_Save/13_Create_LDI_Vendor_Site/Input_Vendor_Site_Name/input_Vendor_Site_Inactive_dt"), input_Eff_Dt): NOT_RUN: setText(findTestObject("TF_Customer_Create/4_Create_Objects_And_Save/13_Create_LDI_Vendor_Site/Input_Vendor_Site_Name/input_Vendor_Site_Inactive_dt"), input_Eff_Dt)

2019-01-23 19:05:00 - [MESSAGE][NOT_RUN] - NOT_RUN: setText(findTestObject("TF_Customer_Create/4_Create_Objects_And_Save/13_Create_LDI_Vendor_Site/Input_Vendor_Site_Name/input_Vendor_Site_Inactive_dt"), input_Eff_Dt)

2019-01-23 19:05:00 - [TEST_STEP][PASSED] - delay(2): Delayed 2 second(s)

2019-01-23 19:05:02 - [MESSAGE][PASSED] - Delayed 2 second(s)

2019-01-23 19:05:02 - [TEST_STEP][PASSED] - click(findTestObject("TF_Customer_Create/3_Common_Action_Buttons/Click_Data_Tab/span_Data_Tab")): Object: 'Object Repository/TF_Customer_Create/3_Common_Action_Buttons/Click_Data_Tab/span_Data_Tab' is clicked on

2019-01-23 19:05:02 - [MESSAGE][PASSED] - Object: 'Object Repository/TF_Customer_Create/3_Common_Action_Buttons/Click_Data_Tab/span_Data_Tab' is clicked on

2019-01-23 19:05:02 - [TEST_STEP][NOT_RUN] - click(findTestObject("TF_Customer_Create/4_Create_Objects_And_Save/Choose_Sales_Org/Click_Sales_Org_DD"), CONTINUE_ON_FAILURE): NOT_RUN: click(findTestObject("TF_Customer_Create/4_Create_Objects_And_Save/Choose_Sales_Org/Click_Sales_Org_DD"), CONTINUE_ON_FAILURE)

2019-01-23 19:05:02 - [MESSAGE][NOT_RUN] - NOT_RUN: click(findTestObject("TF_Customer_Create/4_Create_Objects_And_Save/Choose_Sales_Org/Click_Sales_Org_DD"), CONTINUE_ON_FAILURE)

2019-01-23 19:05:02 - [TEST_STEP][NOT_RUN] - click(findTestObject("TF_Customer_Create/4_Create_Objects_And_Save/Choose_Sales_Org/CA_Object"), CONTINUE_ON_FAILURE): NOT_RUN: click(findTestObject("TF_Customer_Create/4_Create_Objects_And_Save/Choose_Sales_Org/CA_Object"), CONTINUE_ON_FAILURE)

2019-01-23 19:05:02 - [MESSAGE][NOT_RUN] - NOT_RUN: click(findTestObject("TF_Customer_Create/4_Create_Objects_And_Save/Choose_Sales_Org/CA_Object"), CONTINUE_ON_FAILURE)

2019-01-23 19:05:02 - [TEST_STEP][PASSED] - delay(2): Delayed 2 second(s)

2019-01-23 19:05:04 - [MESSAGE][PASSED] - Delayed 2 second(s)

2019-01-23 19:05:04 - [TEST_STEP][PASSED] - click(findTestObject("TF_Customer_Create/3_Common_Action_Buttons/Click_Apply_Button/td_Apply")): Object: 'Object Repository/TF_Customer_Create/3_Common_Action_Buttons/Click_Apply_Button/td_Apply' is clicked on

2019-01-23 19:05:04 - [MESSAGE][PASSED] - Object: 'Object Repository/TF_Customer_Create/3_Common_Action_Buttons/Click_Apply_Button/td_Apply' is clicked on

2019-01-23 19:05:04 - [TEST_STEP][PASSED] - delay(2): Delayed 2 second(s)

2019-01-23 19:05:06 - [MESSAGE][PASSED] - Delayed 2 second(s)

2019-01-23 19:05:07 - [TEST_STEP][PASSED] - click(findTestObject("TF_Customer_Create/3_Common_Action_Buttons/Click_Save_Button/btn_Save")): Object: 'Object Repository/TF_Customer_Create/3_Common_Action_Buttons/Click_Save_Button/btn_Save' is clicked on

2019-01-23 19:05:07 - [MESSAGE][PASSED] - Object: 'Object Repository/TF_Customer_Create/3_Common_Action_Buttons/Click_Save_Button/btn_Save' is clicked on

2019-01-23 19:05:07 - [TEST_STEP][PASSED] - delay(2): Delayed 2 second(s)

2019-01-23 19:05:09 - [MESSAGE][PASSED] - Delayed 2 second(s)

2019-01-23 19:05:09 - [TEST_STEP][NOT_RUN] - verifyElementText(findTestObject("TF_Customer_Create/3_Common_Action_Buttons/Verify_Success_Message/Success_Message"), "Record has been saved successfully.", CONTINUE_ON_FAILURE): NOT_RUN: verifyElementText(findTestObject("TF_Customer_Create/3_Common_Action_Buttons/Verify_Success_Message/Success_Message"), "Record has been saved successfully.", CONTINUE_ON_FAILURE)

2019-01-23 19:05:09 - [MESSAGE][NOT_RUN] - NOT_RUN: verifyElementText(findTestObject("TF_Customer_Create/3_Common_Action_Buttons/Verify_Success_Message/Success_Message"), "Record has been saved successfully.", CONTINUE_ON_FAILURE)

2019-01-23 19:05:09 - [TEST_STEP][NOT_RUN] - click(findTestObject("TF_Customer_Create/3_Common_Action_Buttons/Click_Data_Tab/span_Data_Tab")): NOT_RUN: click(findTestObject("TF_Customer_Create/3_Common_Action_Buttons/Click_Data_Tab/span_Data_Tab"))

2019-01-23 19:05:09 - [MESSAGE][NOT_RUN] - NOT_RUN: click(findTestObject("TF_Customer_Create/3_Common_Action_Buttons/Click_Data_Tab/span_Data_Tab"))

2019-01-23 19:05:09 - [TEST_STEP][NOT_RUN] - delay(1): NOT_RUN: delay(1)

2019-01-23 19:05:09 - [MESSAGE][NOT_RUN] - NOT_RUN: delay(1)

2019-01-23 19:05:09 - [TEST_STEP][NOT_RUN] - click(findTestObject("TF_Customer_Create/3_Common_Action_Buttons/Click_Close_Button/btn_Close")): NOT_RUN: click(findTestObject("TF_Customer_Create/3_Common_Action_Buttons/Click_Close_Button/btn_Close"))

2019-01-23 19:05:09 - [MESSAGE][NOT_RUN] - NOT_RUN: click(findTestObject("TF_Customer_Create/3_Common_Action_Buttons/Click_Close_Button/btn_Close"))

2019-01-23 19:05:09 - [TEST_STEP][NOT_RUN] - delay(2): NOT_RUN: delay(2)

2019-01-23 19:05:09 - [MESSAGE][NOT_RUN] - NOT_RUN: delay(2)

2019-01-23 19:05:09 - [TEST_STEP][NOT_RUN] - vrfy_PLA = com.oracledb.regressiontest.verifyPLA(ora_connt, ora_usr, ora_psswrd, ora_schema, plaAcctName): NOT_RUN: vrfy_PLA = com.oracledb.regressiontest.verifyPLA(ora_connt, ora_usr, ora_psswrd, ora_schema, plaAcctName)

2019-01-23 19:05:09 - [MESSAGE][NOT_RUN] - NOT_RUN: vrfy_PLA = com.oracledb.regressiontest.verifyPLA(ora_connt, ora_usr, ora_psswrd, ora_schema, plaAcctName)

2019-01-23 19:05:09 - [TEST_STEP][NOT_RUN] - println("Planning Account Name"): NOT_RUN: println("Planning Account Name")

2019-01-23 19:05:09 - [MESSAGE][NOT_RUN] - NOT_RUN: println("Planning Account Name")

2019-01-23 19:05:09 - [TEST_STEP][NOT_RUN] - verifyEqual(PLANNING_ACCOUNT_NAME, plaAcctName): NOT_RUN: verifyEqual(PLANNING_ACCOUNT_NAME, plaAcctName)

2019-01-23 19:05:09 - [MESSAGE][NOT_RUN] - NOT_RUN: verifyEqual(PLANNING_ACCOUNT_NAME, plaAcctName)]]></system-out>
         <system-err><![CDATA[]]></system-err>
      </testcase>
      <testcase name="Test Cases/Regression_TF_Customer/Create_Record/TC_13_Create_LDI_Vendor_Site" classname="Test Cases/Regression_TF_Customer/Create_Record/TC_13_Create_LDI_Vendor_Site" status="PASSED">
         <system-out><![CDATA[2019-01-23 19:05:09 - [TEST_CASE][PASSED] - Test Cases/Regression_TF_Customer/Create_Record/TC_13_Create_LDI_Vendor_Site: Test Cases/Regression_TF_Customer/Create_Record/TC_13_Create_LDI_Vendor_Site

2019-01-23 19:05:09 - [TEST_STEP][PASSED] - waitForPageLoad(G_Timeout): Wait for page load successfully

2019-01-23 19:05:09 - [MESSAGE][PASSED] - Wait for page load successfully

2019-01-23 19:05:09 - [TEST_STEP][PASSED] - mouseOver(findTestObject("TF_Customer_Create/1_Menu_Navigation_To_Open_All_Pages/0_Menu_Create_In_Data_View")): Object: 'Object Repository/TF_Customer_Create/1_Menu_Navigation_To_Open_All_Pages/0_Menu_Create_In_Data_View' is hovered

2019-01-23 19:05:09 - [MESSAGE][PASSED] - Object: 'Object Repository/TF_Customer_Create/1_Menu_Navigation_To_Open_All_Pages/0_Menu_Create_In_Data_View' is hovered

2019-01-23 19:05:09 - [TEST_STEP][PASSED] - waitForPageLoad(G_Timeout): Wait for page load successfully

2019-01-23 19:05:09 - [MESSAGE][PASSED] - Wait for page load successfully

2019-01-23 19:05:09 - [TEST_STEP][PASSED] - mouseOver(findTestObject("TF_Customer_Create/1_Menu_Navigation_To_Open_All_Pages/1_Menu_Create_Master_Data")): Object: 'Object Repository/TF_Customer_Create/1_Menu_Navigation_To_Open_All_Pages/1_Menu_Create_Master_Data' is hovered

2019-01-23 19:05:09 - [MESSAGE][PASSED] - Object: 'Object Repository/TF_Customer_Create/1_Menu_Navigation_To_Open_All_Pages/1_Menu_Create_Master_Data' is hovered

2019-01-23 19:05:09 - [TEST_STEP][PASSED] - waitForPageLoad(G_Timeout): Wait for page load successfully

2019-01-23 19:05:09 - [MESSAGE][PASSED] - Wait for page load successfully

2019-01-23 19:05:09 - [TEST_STEP][PASSED] - mouseOver(findTestObject("TF_Customer_Create/1_Menu_Navigation_To_Open_All_Pages/3_Planning_Account_Hoverover_Option")): Object: 'Object Repository/TF_Customer_Create/1_Menu_Navigation_To_Open_All_Pages/3_Planning_Account_Hoverover_Option' is hovered

2019-01-23 19:05:09 - [MESSAGE][PASSED] - Object: 'Object Repository/TF_Customer_Create/1_Menu_Navigation_To_Open_All_Pages/3_Planning_Account_Hoverover_Option' is hovered

2019-01-23 19:05:09 - [TEST_STEP][PASSED] - waitForPageLoad(G_Timeout): Wait for page load successfully

2019-01-23 19:05:09 - [MESSAGE][PASSED] - Wait for page load successfully

2019-01-23 19:05:09 - [TEST_STEP][PASSED] - click(findTestObject("TF_Customer_Create/2_Select_Menu_Options(All)/13_LDI_Vendor_Site")): Object: 'Object Repository/TF_Customer_Create/2_Select_Menu_Options(All)/13_LDI_Vendor_Site' is clicked on

2019-01-23 19:05:09 - [MESSAGE][PASSED] - Object: 'Object Repository/TF_Customer_Create/2_Select_Menu_Options(All)/13_LDI_Vendor_Site' is clicked on

2019-01-23 19:05:09 - [TEST_STEP][PASSED] - waitForPageLoad(G_Timeout): Wait for page load successfully

2019-01-23 19:05:09 - [MESSAGE][PASSED] - Wait for page load successfully

2019-01-23 19:05:09 - [TEST_STEP][PASSED] - delay(3): Delayed 3 second(s)

2019-01-23 19:05:12 - [MESSAGE][PASSED] - Delayed 3 second(s)

2019-01-23 19:05:12 - [TEST_STEP][PASSED] - vndSiteName = com.oracledb.regressiontest.genName(15): com.oracledb.regressiontest.genName is PASSED

2019-01-23 19:05:12 - [MESSAGE][PASSED] - com.oracledb.regressiontest.genName is PASSED

2019-01-23 19:05:12 - [TEST_STEP][PASSED] - vndSiteNumber = com.oracledb.regressiontest.genName(12): com.oracledb.regressiontest.genName is PASSED

2019-01-23 19:05:12 - [MESSAGE][PASSED] - com.oracledb.regressiontest.genName is PASSED

2019-01-23 19:05:12 - [TEST_STEP][PASSED] - vndSiteCd = com.oracledb.regressiontest.genName(10): com.oracledb.regressiontest.genName is PASSED

2019-01-23 19:05:12 - [MESSAGE][PASSED] - com.oracledb.regressiontest.genName is PASSED

2019-01-23 19:05:12 - [TEST_STEP][PASSED] - vndSiteCity = com.oracledb.regressiontest.genName(8): com.oracledb.regressiontest.genName is PASSED

2019-01-23 19:05:12 - [MESSAGE][PASSED] - com.oracledb.regressiontest.genName is PASSED

2019-01-23 19:05:12 - [TEST_STEP][PASSED] - vndSitePtlCd = com.oracledb.regressiontest.genName(6): com.oracledb.regressiontest.genName is PASSED

2019-01-23 19:05:12 - [MESSAGE][PASSED] - com.oracledb.regressiontest.genName is PASSED

2019-01-23 19:05:12 - [TEST_STEP][PASSED] - setText(findTestObject("TF_Customer_Create/4_Create_Objects_And_Save/13_Create_LDI_Vendor_Site/Input_Vendor_Site_Name/input_Vendor_Site_Nm"), vndSiteName): Text 'RQTBXK5RQT586Z5' is set on object 'Object Repository/TF_Customer_Create/4_Create_Objects_And_Save/13_Create_LDI_Vendor_Site/Input_Vendor_Site_Name/input_Vendor_Site_Nm'

2019-01-23 19:05:13 - [MESSAGE][PASSED] - Text 'RQTBXK5RQT586Z5' is set on object 'Object Repository/TF_Customer_Create/4_Create_Objects_And_Save/13_Create_LDI_Vendor_Site/Input_Vendor_Site_Name/input_Vendor_Site_Nm'

2019-01-23 19:05:13 - [TEST_STEP][PASSED] - setText(findTestObject("TF_Customer_Create/4_Create_Objects_And_Save/13_Create_LDI_Vendor_Site/Input_Vendor_Site_Name/input_Vendor_Site_Number"), vndSiteNumber): Text 'DNYA21ECHH3X' is set on object 'Object Repository/TF_Customer_Create/4_Create_Objects_And_Save/13_Create_LDI_Vendor_Site/Input_Vendor_Site_Name/input_Vendor_Site_Number'

2019-01-23 19:05:13 - [MESSAGE][PASSED] - Text 'DNYA21ECHH3X' is set on object 'Object Repository/TF_Customer_Create/4_Create_Objects_And_Save/13_Create_LDI_Vendor_Site/Input_Vendor_Site_Name/input_Vendor_Site_Number'

2019-01-23 19:05:13 - [TEST_STEP][PASSED] - setText(findTestObject("TF_Customer_Create/4_Create_Objects_And_Save/13_Create_LDI_Vendor_Site/Input_Vendor_Site_Name/input_Vendor_Site_Cd"), vndSiteCd): Text 'F58IRXGLIJ' is set on object 'Object Repository/TF_Customer_Create/4_Create_Objects_And_Save/13_Create_LDI_Vendor_Site/Input_Vendor_Site_Name/input_Vendor_Site_Cd'

2019-01-23 19:05:13 - [MESSAGE][PASSED] - Text 'F58IRXGLIJ' is set on object 'Object Repository/TF_Customer_Create/4_Create_Objects_And_Save/13_Create_LDI_Vendor_Site/Input_Vendor_Site_Name/input_Vendor_Site_Cd'

2019-01-23 19:05:13 - [TEST_STEP][PASSED] - setText(findTestObject("TF_Customer_Create/4_Create_Objects_And_Save/13_Create_LDI_Vendor_Site/Input_Vendor_Site_Name/input_Vendor_Site_City"), vndSiteCity): Text 'NMK0QHYU' is set on object 'Object Repository/TF_Customer_Create/4_Create_Objects_And_Save/13_Create_LDI_Vendor_Site/Input_Vendor_Site_Name/input_Vendor_Site_City'

2019-01-23 19:05:13 - [MESSAGE][PASSED] - Text 'NMK0QHYU' is set on object 'Object Repository/TF_Customer_Create/4_Create_Objects_And_Save/13_Create_LDI_Vendor_Site/Input_Vendor_Site_Name/input_Vendor_Site_City'

2019-01-23 19:05:13 - [TEST_STEP][PASSED] - setText(findTestObject("TF_Customer_Create/4_Create_Objects_And_Save/13_Create_LDI_Vendor_Site/Input_Vendor_Site_Name/input_Vendor_Site_Postal_Code"), vndSitePtlCd): Text 'BLWYZU' is set on object 'Object Repository/TF_Customer_Create/4_Create_Objects_And_Save/13_Create_LDI_Vendor_Site/Input_Vendor_Site_Name/input_Vendor_Site_Postal_Code'

2019-01-23 19:05:13 - [MESSAGE][PASSED] - Text 'BLWYZU' is set on object 'Object Repository/TF_Customer_Create/4_Create_Objects_And_Save/13_Create_LDI_Vendor_Site/Input_Vendor_Site_Name/input_Vendor_Site_Postal_Code'

2019-01-23 19:05:13 - [TEST_STEP][NOT_RUN] - setText(findTestObject("TF_Customer_Create/4_Create_Objects_And_Save/13_Create_LDI_Vendor_Site/Input_Vendor_Site_Name/input_Vendor_Site_Inactive_dt"), input_Eff_Dt): NOT_RUN: setText(findTestObject("TF_Customer_Create/4_Create_Objects_And_Save/13_Create_LDI_Vendor_Site/Input_Vendor_Site_Name/input_Vendor_Site_Inactive_dt"), input_Eff_Dt)

2019-01-23 19:05:13 - [MESSAGE][NOT_RUN] - NOT_RUN: setText(findTestObject("TF_Customer_Create/4_Create_Objects_And_Save/13_Create_LDI_Vendor_Site/Input_Vendor_Site_Name/input_Vendor_Site_Inactive_dt"), input_Eff_Dt)

2019-01-23 19:05:13 - [TEST_STEP][PASSED] - delay(2): Delayed 2 second(s)

2019-01-23 19:05:15 - [MESSAGE][PASSED] - Delayed 2 second(s)

2019-01-23 19:05:15 - [TEST_STEP][PASSED] - click(findTestObject("TF_Customer_Create/3_Common_Action_Buttons/Click_Data_Tab/span_Data_Tab")): Object: 'Object Repository/TF_Customer_Create/3_Common_Action_Buttons/Click_Data_Tab/span_Data_Tab' is clicked on

2019-01-23 19:05:15 - [MESSAGE][PASSED] - Object: 'Object Repository/TF_Customer_Create/3_Common_Action_Buttons/Click_Data_Tab/span_Data_Tab' is clicked on

2019-01-23 19:05:15 - [TEST_STEP][NOT_RUN] - click(findTestObject("TF_Customer_Create/4_Create_Objects_And_Save/Choose_Sales_Org/Click_Sales_Org_DD"), CONTINUE_ON_FAILURE): NOT_RUN: click(findTestObject("TF_Customer_Create/4_Create_Objects_And_Save/Choose_Sales_Org/Click_Sales_Org_DD"), CONTINUE_ON_FAILURE)

2019-01-23 19:05:15 - [MESSAGE][NOT_RUN] - NOT_RUN: click(findTestObject("TF_Customer_Create/4_Create_Objects_And_Save/Choose_Sales_Org/Click_Sales_Org_DD"), CONTINUE_ON_FAILURE)

2019-01-23 19:05:15 - [TEST_STEP][NOT_RUN] - click(findTestObject("TF_Customer_Create/4_Create_Objects_And_Save/Choose_Sales_Org/CA_Object"), CONTINUE_ON_FAILURE): NOT_RUN: click(findTestObject("TF_Customer_Create/4_Create_Objects_And_Save/Choose_Sales_Org/CA_Object"), CONTINUE_ON_FAILURE)

2019-01-23 19:05:15 - [MESSAGE][NOT_RUN] - NOT_RUN: click(findTestObject("TF_Customer_Create/4_Create_Objects_And_Save/Choose_Sales_Org/CA_Object"), CONTINUE_ON_FAILURE)

2019-01-23 19:05:15 - [TEST_STEP][PASSED] - delay(2): Delayed 2 second(s)

2019-01-23 19:05:17 - [MESSAGE][PASSED] - Delayed 2 second(s)

2019-01-23 19:05:17 - [TEST_STEP][PASSED] - click(findTestObject("TF_Customer_Create/3_Common_Action_Buttons/Click_Apply_Button/td_Apply")): Object: 'Object Repository/TF_Customer_Create/3_Common_Action_Buttons/Click_Apply_Button/td_Apply' is clicked on

2019-01-23 19:05:17 - [MESSAGE][PASSED] - Object: 'Object Repository/TF_Customer_Create/3_Common_Action_Buttons/Click_Apply_Button/td_Apply' is clicked on

2019-01-23 19:05:17 - [TEST_STEP][PASSED] - delay(2): Delayed 2 second(s)

2019-01-23 19:05:19 - [MESSAGE][PASSED] - Delayed 2 second(s)

2019-01-23 19:05:19 - [TEST_STEP][PASSED] - click(findTestObject("TF_Customer_Create/3_Common_Action_Buttons/Click_Save_Button/btn_Save")): Object: 'Object Repository/TF_Customer_Create/3_Common_Action_Buttons/Click_Save_Button/btn_Save' is clicked on

2019-01-23 19:05:19 - [MESSAGE][PASSED] - Object: 'Object Repository/TF_Customer_Create/3_Common_Action_Buttons/Click_Save_Button/btn_Save' is clicked on

2019-01-23 19:05:19 - [TEST_STEP][PASSED] - delay(2): Delayed 2 second(s)

2019-01-23 19:05:21 - [MESSAGE][PASSED] - Delayed 2 second(s)

2019-01-23 19:05:21 - [TEST_STEP][NOT_RUN] - verifyElementText(findTestObject("TF_Customer_Create/3_Common_Action_Buttons/Verify_Success_Message/Success_Message"), "Record has been saved successfully.", CONTINUE_ON_FAILURE): NOT_RUN: verifyElementText(findTestObject("TF_Customer_Create/3_Common_Action_Buttons/Verify_Success_Message/Success_Message"), "Record has been saved successfully.", CONTINUE_ON_FAILURE)

2019-01-23 19:05:21 - [MESSAGE][NOT_RUN] - NOT_RUN: verifyElementText(findTestObject("TF_Customer_Create/3_Common_Action_Buttons/Verify_Success_Message/Success_Message"), "Record has been saved successfully.", CONTINUE_ON_FAILURE)

2019-01-23 19:05:21 - [TEST_STEP][NOT_RUN] - click(findTestObject("TF_Customer_Create/3_Common_Action_Buttons/Click_Data_Tab/span_Data_Tab")): NOT_RUN: click(findTestObject("TF_Customer_Create/3_Common_Action_Buttons/Click_Data_Tab/span_Data_Tab"))

2019-01-23 19:05:21 - [MESSAGE][NOT_RUN] - NOT_RUN: click(findTestObject("TF_Customer_Create/3_Common_Action_Buttons/Click_Data_Tab/span_Data_Tab"))

2019-01-23 19:05:21 - [TEST_STEP][NOT_RUN] - delay(1): NOT_RUN: delay(1)

2019-01-23 19:05:21 - [MESSAGE][NOT_RUN] - NOT_RUN: delay(1)

2019-01-23 19:05:21 - [TEST_STEP][NOT_RUN] - click(findTestObject("TF_Customer_Create/3_Common_Action_Buttons/Click_Close_Button/btn_Close")): NOT_RUN: click(findTestObject("TF_Customer_Create/3_Common_Action_Buttons/Click_Close_Button/btn_Close"))

2019-01-23 19:05:21 - [MESSAGE][NOT_RUN] - NOT_RUN: click(findTestObject("TF_Customer_Create/3_Common_Action_Buttons/Click_Close_Button/btn_Close"))

2019-01-23 19:05:21 - [TEST_STEP][NOT_RUN] - delay(2): NOT_RUN: delay(2)

2019-01-23 19:05:21 - [MESSAGE][NOT_RUN] - NOT_RUN: delay(2)

2019-01-23 19:05:21 - [TEST_STEP][NOT_RUN] - vrfy_PLA = com.oracledb.regressiontest.verifyPLA(ora_connt, ora_usr, ora_psswrd, ora_schema, plaAcctName): NOT_RUN: vrfy_PLA = com.oracledb.regressiontest.verifyPLA(ora_connt, ora_usr, ora_psswrd, ora_schema, plaAcctName)

2019-01-23 19:05:21 - [MESSAGE][NOT_RUN] - NOT_RUN: vrfy_PLA = com.oracledb.regressiontest.verifyPLA(ora_connt, ora_usr, ora_psswrd, ora_schema, plaAcctName)

2019-01-23 19:05:21 - [TEST_STEP][NOT_RUN] - println("Planning Account Name"): NOT_RUN: println("Planning Account Name")

2019-01-23 19:05:21 - [MESSAGE][NOT_RUN] - NOT_RUN: println("Planning Account Name")

2019-01-23 19:05:21 - [TEST_STEP][NOT_RUN] - verifyEqual(PLANNING_ACCOUNT_NAME, plaAcctName): NOT_RUN: verifyEqual(PLANNING_ACCOUNT_NAME, plaAcctName)

2019-01-23 19:05:21 - [MESSAGE][NOT_RUN] - NOT_RUN: verifyEqual(PLANNING_ACCOUNT_NAME, plaAcctName)]]></system-out>
         <system-err><![CDATA[]]></system-err>
      </testcase>
      <testcase name="Test Cases/Regression_TF_Customer/Create_Record/TC_13_Create_LDI_Vendor_Site" classname="Test Cases/Regression_TF_Customer/Create_Record/TC_13_Create_LDI_Vendor_Site" status="PASSED">
         <system-out><![CDATA[2019-01-23 19:05:22 - [TEST_CASE][PASSED] - Test Cases/Regression_TF_Customer/Create_Record/TC_13_Create_LDI_Vendor_Site: Test Cases/Regression_TF_Customer/Create_Record/TC_13_Create_LDI_Vendor_Site

2019-01-23 19:05:22 - [TEST_STEP][PASSED] - waitForPageLoad(G_Timeout): Wait for page load successfully

2019-01-23 19:05:22 - [MESSAGE][PASSED] - Wait for page load successfully

2019-01-23 19:05:22 - [TEST_STEP][PASSED] - mouseOver(findTestObject("TF_Customer_Create/1_Menu_Navigation_To_Open_All_Pages/0_Menu_Create_In_Data_View")): Object: 'Object Repository/TF_Customer_Create/1_Menu_Navigation_To_Open_All_Pages/0_Menu_Create_In_Data_View' is hovered

2019-01-23 19:05:22 - [MESSAGE][PASSED] - Object: 'Object Repository/TF_Customer_Create/1_Menu_Navigation_To_Open_All_Pages/0_Menu_Create_In_Data_View' is hovered

2019-01-23 19:05:22 - [TEST_STEP][PASSED] - waitForPageLoad(G_Timeout): Wait for page load successfully

2019-01-23 19:05:22 - [MESSAGE][PASSED] - Wait for page load successfully

2019-01-23 19:05:22 - [TEST_STEP][PASSED] - mouseOver(findTestObject("TF_Customer_Create/1_Menu_Navigation_To_Open_All_Pages/1_Menu_Create_Master_Data")): Object: 'Object Repository/TF_Customer_Create/1_Menu_Navigation_To_Open_All_Pages/1_Menu_Create_Master_Data' is hovered

2019-01-23 19:05:22 - [MESSAGE][PASSED] - Object: 'Object Repository/TF_Customer_Create/1_Menu_Navigation_To_Open_All_Pages/1_Menu_Create_Master_Data' is hovered

2019-01-23 19:05:22 - [TEST_STEP][PASSED] - waitForPageLoad(G_Timeout): Wait for page load successfully

2019-01-23 19:05:22 - [MESSAGE][PASSED] - Wait for page load successfully

2019-01-23 19:05:22 - [TEST_STEP][PASSED] - mouseOver(findTestObject("TF_Customer_Create/1_Menu_Navigation_To_Open_All_Pages/3_Planning_Account_Hoverover_Option")): Object: 'Object Repository/TF_Customer_Create/1_Menu_Navigation_To_Open_All_Pages/3_Planning_Account_Hoverover_Option' is hovered

2019-01-23 19:05:22 - [MESSAGE][PASSED] - Object: 'Object Repository/TF_Customer_Create/1_Menu_Navigation_To_Open_All_Pages/3_Planning_Account_Hoverover_Option' is hovered

2019-01-23 19:05:22 - [TEST_STEP][PASSED] - waitForPageLoad(G_Timeout): Wait for page load successfully

2019-01-23 19:05:22 - [MESSAGE][PASSED] - Wait for page load successfully

2019-01-23 19:05:22 - [TEST_STEP][PASSED] - click(findTestObject("TF_Customer_Create/2_Select_Menu_Options(All)/13_LDI_Vendor_Site")): Object: 'Object Repository/TF_Customer_Create/2_Select_Menu_Options(All)/13_LDI_Vendor_Site' is clicked on

2019-01-23 19:05:22 - [MESSAGE][PASSED] - Object: 'Object Repository/TF_Customer_Create/2_Select_Menu_Options(All)/13_LDI_Vendor_Site' is clicked on

2019-01-23 19:05:22 - [TEST_STEP][PASSED] - waitForPageLoad(G_Timeout): Wait for page load successfully

2019-01-23 19:05:22 - [MESSAGE][PASSED] - Wait for page load successfully

2019-01-23 19:05:22 - [TEST_STEP][PASSED] - delay(3): Delayed 3 second(s)

2019-01-23 19:05:25 - [MESSAGE][PASSED] - Delayed 3 second(s)

2019-01-23 19:05:25 - [TEST_STEP][PASSED] - vndSiteName = com.oracledb.regressiontest.genName(15): com.oracledb.regressiontest.genName is PASSED

2019-01-23 19:05:25 - [MESSAGE][PASSED] - com.oracledb.regressiontest.genName is PASSED

2019-01-23 19:05:25 - [TEST_STEP][PASSED] - vndSiteNumber = com.oracledb.regressiontest.genName(12): com.oracledb.regressiontest.genName is PASSED

2019-01-23 19:05:25 - [MESSAGE][PASSED] - com.oracledb.regressiontest.genName is PASSED

2019-01-23 19:05:25 - [TEST_STEP][PASSED] - vndSiteCd = com.oracledb.regressiontest.genName(10): com.oracledb.regressiontest.genName is PASSED

2019-01-23 19:05:25 - [MESSAGE][PASSED] - com.oracledb.regressiontest.genName is PASSED

2019-01-23 19:05:25 - [TEST_STEP][PASSED] - vndSiteCity = com.oracledb.regressiontest.genName(8): com.oracledb.regressiontest.genName is PASSED

2019-01-23 19:05:25 - [MESSAGE][PASSED] - com.oracledb.regressiontest.genName is PASSED

2019-01-23 19:05:25 - [TEST_STEP][PASSED] - vndSitePtlCd = com.oracledb.regressiontest.genName(6): com.oracledb.regressiontest.genName is PASSED

2019-01-23 19:05:25 - [MESSAGE][PASSED] - com.oracledb.regressiontest.genName is PASSED

2019-01-23 19:05:25 - [TEST_STEP][PASSED] - setText(findTestObject("TF_Customer_Create/4_Create_Objects_And_Save/13_Create_LDI_Vendor_Site/Input_Vendor_Site_Name/input_Vendor_Site_Nm"), vndSiteName): Text 'C9OUKE3GND4W7IO' is set on object 'Object Repository/TF_Customer_Create/4_Create_Objects_And_Save/13_Create_LDI_Vendor_Site/Input_Vendor_Site_Name/input_Vendor_Site_Nm'

2019-01-23 19:05:25 - [MESSAGE][PASSED] - Text 'C9OUKE3GND4W7IO' is set on object 'Object Repository/TF_Customer_Create/4_Create_Objects_And_Save/13_Create_LDI_Vendor_Site/Input_Vendor_Site_Name/input_Vendor_Site_Nm'

2019-01-23 19:05:25 - [TEST_STEP][PASSED] - setText(findTestObject("TF_Customer_Create/4_Create_Objects_And_Save/13_Create_LDI_Vendor_Site/Input_Vendor_Site_Name/input_Vendor_Site_Number"), vndSiteNumber): Text 'FZSMY2FRR81N' is set on object 'Object Repository/TF_Customer_Create/4_Create_Objects_And_Save/13_Create_LDI_Vendor_Site/Input_Vendor_Site_Name/input_Vendor_Site_Number'

2019-01-23 19:05:26 - [MESSAGE][PASSED] - Text 'FZSMY2FRR81N' is set on object 'Object Repository/TF_Customer_Create/4_Create_Objects_And_Save/13_Create_LDI_Vendor_Site/Input_Vendor_Site_Name/input_Vendor_Site_Number'

2019-01-23 19:05:26 - [TEST_STEP][PASSED] - setText(findTestObject("TF_Customer_Create/4_Create_Objects_And_Save/13_Create_LDI_Vendor_Site/Input_Vendor_Site_Name/input_Vendor_Site_Cd"), vndSiteCd): Text '1I28KTVSCR' is set on object 'Object Repository/TF_Customer_Create/4_Create_Objects_And_Save/13_Create_LDI_Vendor_Site/Input_Vendor_Site_Name/input_Vendor_Site_Cd'

2019-01-23 19:05:26 - [MESSAGE][PASSED] - Text '1I28KTVSCR' is set on object 'Object Repository/TF_Customer_Create/4_Create_Objects_And_Save/13_Create_LDI_Vendor_Site/Input_Vendor_Site_Name/input_Vendor_Site_Cd'

2019-01-23 19:05:26 - [TEST_STEP][PASSED] - setText(findTestObject("TF_Customer_Create/4_Create_Objects_And_Save/13_Create_LDI_Vendor_Site/Input_Vendor_Site_Name/input_Vendor_Site_City"), vndSiteCity): Text '9RYL78MQ' is set on object 'Object Repository/TF_Customer_Create/4_Create_Objects_And_Save/13_Create_LDI_Vendor_Site/Input_Vendor_Site_Name/input_Vendor_Site_City'

2019-01-23 19:05:26 - [MESSAGE][PASSED] - Text '9RYL78MQ' is set on object 'Object Repository/TF_Customer_Create/4_Create_Objects_And_Save/13_Create_LDI_Vendor_Site/Input_Vendor_Site_Name/input_Vendor_Site_City'

2019-01-23 19:05:26 - [TEST_STEP][PASSED] - setText(findTestObject("TF_Customer_Create/4_Create_Objects_And_Save/13_Create_LDI_Vendor_Site/Input_Vendor_Site_Name/input_Vendor_Site_Postal_Code"), vndSitePtlCd): Text 'ZSO435' is set on object 'Object Repository/TF_Customer_Create/4_Create_Objects_And_Save/13_Create_LDI_Vendor_Site/Input_Vendor_Site_Name/input_Vendor_Site_Postal_Code'

2019-01-23 19:05:26 - [MESSAGE][PASSED] - Text 'ZSO435' is set on object 'Object Repository/TF_Customer_Create/4_Create_Objects_And_Save/13_Create_LDI_Vendor_Site/Input_Vendor_Site_Name/input_Vendor_Site_Postal_Code'

2019-01-23 19:05:26 - [TEST_STEP][NOT_RUN] - setText(findTestObject("TF_Customer_Create/4_Create_Objects_And_Save/13_Create_LDI_Vendor_Site/Input_Vendor_Site_Name/input_Vendor_Site_Inactive_dt"), input_Eff_Dt): NOT_RUN: setText(findTestObject("TF_Customer_Create/4_Create_Objects_And_Save/13_Create_LDI_Vendor_Site/Input_Vendor_Site_Name/input_Vendor_Site_Inactive_dt"), input_Eff_Dt)

2019-01-23 19:05:26 - [MESSAGE][NOT_RUN] - NOT_RUN: setText(findTestObject("TF_Customer_Create/4_Create_Objects_And_Save/13_Create_LDI_Vendor_Site/Input_Vendor_Site_Name/input_Vendor_Site_Inactive_dt"), input_Eff_Dt)

2019-01-23 19:05:26 - [TEST_STEP][PASSED] - delay(2): Delayed 2 second(s)

2019-01-23 19:05:28 - [MESSAGE][PASSED] - Delayed 2 second(s)

2019-01-23 19:05:28 - [TEST_STEP][PASSED] - click(findTestObject("TF_Customer_Create/3_Common_Action_Buttons/Click_Data_Tab/span_Data_Tab")): Object: 'Object Repository/TF_Customer_Create/3_Common_Action_Buttons/Click_Data_Tab/span_Data_Tab' is clicked on

2019-01-23 19:05:28 - [MESSAGE][PASSED] - Object: 'Object Repository/TF_Customer_Create/3_Common_Action_Buttons/Click_Data_Tab/span_Data_Tab' is clicked on

2019-01-23 19:05:28 - [TEST_STEP][NOT_RUN] - click(findTestObject("TF_Customer_Create/4_Create_Objects_And_Save/Choose_Sales_Org/Click_Sales_Org_DD"), CONTINUE_ON_FAILURE): NOT_RUN: click(findTestObject("TF_Customer_Create/4_Create_Objects_And_Save/Choose_Sales_Org/Click_Sales_Org_DD"), CONTINUE_ON_FAILURE)

2019-01-23 19:05:28 - [MESSAGE][NOT_RUN] - NOT_RUN: click(findTestObject("TF_Customer_Create/4_Create_Objects_And_Save/Choose_Sales_Org/Click_Sales_Org_DD"), CONTINUE_ON_FAILURE)

2019-01-23 19:05:28 - [TEST_STEP][NOT_RUN] - click(findTestObject("TF_Customer_Create/4_Create_Objects_And_Save/Choose_Sales_Org/CA_Object"), CONTINUE_ON_FAILURE): NOT_RUN: click(findTestObject("TF_Customer_Create/4_Create_Objects_And_Save/Choose_Sales_Org/CA_Object"), CONTINUE_ON_FAILURE)

2019-01-23 19:05:28 - [MESSAGE][NOT_RUN] - NOT_RUN: click(findTestObject("TF_Customer_Create/4_Create_Objects_And_Save/Choose_Sales_Org/CA_Object"), CONTINUE_ON_FAILURE)

2019-01-23 19:05:28 - [TEST_STEP][PASSED] - delay(2): Delayed 2 second(s)

2019-01-23 19:05:30 - [MESSAGE][PASSED] - Delayed 2 second(s)

2019-01-23 19:05:30 - [TEST_STEP][PASSED] - click(findTestObject("TF_Customer_Create/3_Common_Action_Buttons/Click_Apply_Button/td_Apply")): Object: 'Object Repository/TF_Customer_Create/3_Common_Action_Buttons/Click_Apply_Button/td_Apply' is clicked on

2019-01-23 19:05:30 - [MESSAGE][PASSED] - Object: 'Object Repository/TF_Customer_Create/3_Common_Action_Buttons/Click_Apply_Button/td_Apply' is clicked on

2019-01-23 19:05:30 - [TEST_STEP][PASSED] - delay(2): Delayed 2 second(s)

2019-01-23 19:05:32 - [MESSAGE][PASSED] - Delayed 2 second(s)

2019-01-23 19:05:32 - [TEST_STEP][PASSED] - click(findTestObject("TF_Customer_Create/3_Common_Action_Buttons/Click_Save_Button/btn_Save")): Object: 'Object Repository/TF_Customer_Create/3_Common_Action_Buttons/Click_Save_Button/btn_Save' is clicked on

2019-01-23 19:05:32 - [MESSAGE][PASSED] - Object: 'Object Repository/TF_Customer_Create/3_Common_Action_Buttons/Click_Save_Button/btn_Save' is clicked on

2019-01-23 19:05:32 - [TEST_STEP][PASSED] - delay(2): Delayed 2 second(s)

2019-01-23 19:05:34 - [MESSAGE][PASSED] - Delayed 2 second(s)

2019-01-23 19:05:34 - [TEST_STEP][NOT_RUN] - verifyElementText(findTestObject("TF_Customer_Create/3_Common_Action_Buttons/Verify_Success_Message/Success_Message"), "Record has been saved successfully.", CONTINUE_ON_FAILURE): NOT_RUN: verifyElementText(findTestObject("TF_Customer_Create/3_Common_Action_Buttons/Verify_Success_Message/Success_Message"), "Record has been saved successfully.", CONTINUE_ON_FAILURE)

2019-01-23 19:05:34 - [MESSAGE][NOT_RUN] - NOT_RUN: verifyElementText(findTestObject("TF_Customer_Create/3_Common_Action_Buttons/Verify_Success_Message/Success_Message"), "Record has been saved successfully.", CONTINUE_ON_FAILURE)

2019-01-23 19:05:34 - [TEST_STEP][NOT_RUN] - click(findTestObject("TF_Customer_Create/3_Common_Action_Buttons/Click_Data_Tab/span_Data_Tab")): NOT_RUN: click(findTestObject("TF_Customer_Create/3_Common_Action_Buttons/Click_Data_Tab/span_Data_Tab"))

2019-01-23 19:05:34 - [MESSAGE][NOT_RUN] - NOT_RUN: click(findTestObject("TF_Customer_Create/3_Common_Action_Buttons/Click_Data_Tab/span_Data_Tab"))

2019-01-23 19:05:34 - [TEST_STEP][NOT_RUN] - delay(1): NOT_RUN: delay(1)

2019-01-23 19:05:34 - [MESSAGE][NOT_RUN] - NOT_RUN: delay(1)

2019-01-23 19:05:34 - [TEST_STEP][NOT_RUN] - click(findTestObject("TF_Customer_Create/3_Common_Action_Buttons/Click_Close_Button/btn_Close")): NOT_RUN: click(findTestObject("TF_Customer_Create/3_Common_Action_Buttons/Click_Close_Button/btn_Close"))

2019-01-23 19:05:34 - [MESSAGE][NOT_RUN] - NOT_RUN: click(findTestObject("TF_Customer_Create/3_Common_Action_Buttons/Click_Close_Button/btn_Close"))

2019-01-23 19:05:34 - [TEST_STEP][NOT_RUN] - delay(2): NOT_RUN: delay(2)

2019-01-23 19:05:34 - [MESSAGE][NOT_RUN] - NOT_RUN: delay(2)

2019-01-23 19:05:34 - [TEST_STEP][NOT_RUN] - vrfy_PLA = com.oracledb.regressiontest.verifyPLA(ora_connt, ora_usr, ora_psswrd, ora_schema, plaAcctName): NOT_RUN: vrfy_PLA = com.oracledb.regressiontest.verifyPLA(ora_connt, ora_usr, ora_psswrd, ora_schema, plaAcctName)

2019-01-23 19:05:34 - [MESSAGE][NOT_RUN] - NOT_RUN: vrfy_PLA = com.oracledb.regressiontest.verifyPLA(ora_connt, ora_usr, ora_psswrd, ora_schema, plaAcctName)

2019-01-23 19:05:34 - [TEST_STEP][NOT_RUN] - println("Planning Account Name"): NOT_RUN: println("Planning Account Name")

2019-01-23 19:05:34 - [MESSAGE][NOT_RUN] - NOT_RUN: println("Planning Account Name")

2019-01-23 19:05:34 - [TEST_STEP][NOT_RUN] - verifyEqual(PLANNING_ACCOUNT_NAME, plaAcctName): NOT_RUN: verifyEqual(PLANNING_ACCOUNT_NAME, plaAcctName)

2019-01-23 19:05:34 - [MESSAGE][NOT_RUN] - NOT_RUN: verifyEqual(PLANNING_ACCOUNT_NAME, plaAcctName)]]></system-out>
         <system-err><![CDATA[]]></system-err>
      </testcase>
      <testcase name="Test Cases/Regression_TF_Customer/Create_Record/TC_13_Create_LDI_Vendor_Site" classname="Test Cases/Regression_TF_Customer/Create_Record/TC_13_Create_LDI_Vendor_Site" status="PASSED">
         <system-out><![CDATA[2019-01-23 19:05:34 - [TEST_CASE][PASSED] - Test Cases/Regression_TF_Customer/Create_Record/TC_13_Create_LDI_Vendor_Site: Test Cases/Regression_TF_Customer/Create_Record/TC_13_Create_LDI_Vendor_Site

2019-01-23 19:05:34 - [TEST_STEP][PASSED] - waitForPageLoad(G_Timeout): Wait for page load successfully

2019-01-23 19:05:34 - [MESSAGE][PASSED] - Wait for page load successfully

2019-01-23 19:05:34 - [TEST_STEP][PASSED] - mouseOver(findTestObject("TF_Customer_Create/1_Menu_Navigation_To_Open_All_Pages/0_Menu_Create_In_Data_View")): Object: 'Object Repository/TF_Customer_Create/1_Menu_Navigation_To_Open_All_Pages/0_Menu_Create_In_Data_View' is hovered

2019-01-23 19:05:34 - [MESSAGE][PASSED] - Object: 'Object Repository/TF_Customer_Create/1_Menu_Navigation_To_Open_All_Pages/0_Menu_Create_In_Data_View' is hovered

2019-01-23 19:05:34 - [TEST_STEP][PASSED] - waitForPageLoad(G_Timeout): Wait for page load successfully

2019-01-23 19:05:34 - [MESSAGE][PASSED] - Wait for page load successfully

2019-01-23 19:05:34 - [TEST_STEP][PASSED] - mouseOver(findTestObject("TF_Customer_Create/1_Menu_Navigation_To_Open_All_Pages/1_Menu_Create_Master_Data")): Object: 'Object Repository/TF_Customer_Create/1_Menu_Navigation_To_Open_All_Pages/1_Menu_Create_Master_Data' is hovered

2019-01-23 19:05:34 - [MESSAGE][PASSED] - Object: 'Object Repository/TF_Customer_Create/1_Menu_Navigation_To_Open_All_Pages/1_Menu_Create_Master_Data' is hovered

2019-01-23 19:05:34 - [TEST_STEP][PASSED] - waitForPageLoad(G_Timeout): Wait for page load successfully

2019-01-23 19:05:34 - [MESSAGE][PASSED] - Wait for page load successfully

2019-01-23 19:05:34 - [TEST_STEP][PASSED] - mouseOver(findTestObject("TF_Customer_Create/1_Menu_Navigation_To_Open_All_Pages/3_Planning_Account_Hoverover_Option")): Object: 'Object Repository/TF_Customer_Create/1_Menu_Navigation_To_Open_All_Pages/3_Planning_Account_Hoverover_Option' is hovered

2019-01-23 19:05:35 - [MESSAGE][PASSED] - Object: 'Object Repository/TF_Customer_Create/1_Menu_Navigation_To_Open_All_Pages/3_Planning_Account_Hoverover_Option' is hovered

2019-01-23 19:05:35 - [TEST_STEP][PASSED] - waitForPageLoad(G_Timeout): Wait for page load successfully

2019-01-23 19:05:35 - [MESSAGE][PASSED] - Wait for page load successfully

2019-01-23 19:05:35 - [TEST_STEP][PASSED] - click(findTestObject("TF_Customer_Create/2_Select_Menu_Options(All)/13_LDI_Vendor_Site")): Object: 'Object Repository/TF_Customer_Create/2_Select_Menu_Options(All)/13_LDI_Vendor_Site' is clicked on

2019-01-23 19:05:35 - [MESSAGE][PASSED] - Object: 'Object Repository/TF_Customer_Create/2_Select_Menu_Options(All)/13_LDI_Vendor_Site' is clicked on

2019-01-23 19:05:35 - [TEST_STEP][PASSED] - waitForPageLoad(G_Timeout): Wait for page load successfully

2019-01-23 19:05:35 - [MESSAGE][PASSED] - Wait for page load successfully

2019-01-23 19:05:35 - [TEST_STEP][PASSED] - delay(3): Delayed 3 second(s)

2019-01-23 19:05:38 - [MESSAGE][PASSED] - Delayed 3 second(s)

2019-01-23 19:05:38 - [TEST_STEP][PASSED] - vndSiteName = com.oracledb.regressiontest.genName(15): com.oracledb.regressiontest.genName is PASSED

2019-01-23 19:05:38 - [MESSAGE][PASSED] - com.oracledb.regressiontest.genName is PASSED

2019-01-23 19:05:38 - [TEST_STEP][PASSED] - vndSiteNumber = com.oracledb.regressiontest.genName(12): com.oracledb.regressiontest.genName is PASSED

2019-01-23 19:05:38 - [MESSAGE][PASSED] - com.oracledb.regressiontest.genName is PASSED

2019-01-23 19:05:38 - [TEST_STEP][PASSED] - vndSiteCd = com.oracledb.regressiontest.genName(10): com.oracledb.regressiontest.genName is PASSED

2019-01-23 19:05:38 - [MESSAGE][PASSED] - com.oracledb.regressiontest.genName is PASSED

2019-01-23 19:05:38 - [TEST_STEP][PASSED] - vndSiteCity = com.oracledb.regressiontest.genName(8): com.oracledb.regressiontest.genName is PASSED

2019-01-23 19:05:38 - [MESSAGE][PASSED] - com.oracledb.regressiontest.genName is PASSED

2019-01-23 19:05:38 - [TEST_STEP][PASSED] - vndSitePtlCd = com.oracledb.regressiontest.genName(6): com.oracledb.regressiontest.genName is PASSED

2019-01-23 19:05:38 - [MESSAGE][PASSED] - com.oracledb.regressiontest.genName is PASSED

2019-01-23 19:05:38 - [TEST_STEP][PASSED] - setText(findTestObject("TF_Customer_Create/4_Create_Objects_And_Save/13_Create_LDI_Vendor_Site/Input_Vendor_Site_Name/input_Vendor_Site_Nm"), vndSiteName): Text 'P7HE1KO75SCYVG4' is set on object 'Object Repository/TF_Customer_Create/4_Create_Objects_And_Save/13_Create_LDI_Vendor_Site/Input_Vendor_Site_Name/input_Vendor_Site_Nm'

2019-01-23 19:05:38 - [MESSAGE][PASSED] - Text 'P7HE1KO75SCYVG4' is set on object 'Object Repository/TF_Customer_Create/4_Create_Objects_And_Save/13_Create_LDI_Vendor_Site/Input_Vendor_Site_Name/input_Vendor_Site_Nm'

2019-01-23 19:05:38 - [TEST_STEP][PASSED] - setText(findTestObject("TF_Customer_Create/4_Create_Objects_And_Save/13_Create_LDI_Vendor_Site/Input_Vendor_Site_Name/input_Vendor_Site_Number"), vndSiteNumber): Text 'VLNI730PEAHM' is set on object 'Object Repository/TF_Customer_Create/4_Create_Objects_And_Save/13_Create_LDI_Vendor_Site/Input_Vendor_Site_Name/input_Vendor_Site_Number'

2019-01-23 19:05:38 - [MESSAGE][PASSED] - Text 'VLNI730PEAHM' is set on object 'Object Repository/TF_Customer_Create/4_Create_Objects_And_Save/13_Create_LDI_Vendor_Site/Input_Vendor_Site_Name/input_Vendor_Site_Number'

2019-01-23 19:05:38 - [TEST_STEP][PASSED] - setText(findTestObject("TF_Customer_Create/4_Create_Objects_And_Save/13_Create_LDI_Vendor_Site/Input_Vendor_Site_Name/input_Vendor_Site_Cd"), vndSiteCd): Text '4Y8YVK1PO9' is set on object 'Object Repository/TF_Customer_Create/4_Create_Objects_And_Save/13_Create_LDI_Vendor_Site/Input_Vendor_Site_Name/input_Vendor_Site_Cd'

2019-01-23 19:05:39 - [MESSAGE][PASSED] - Text '4Y8YVK1PO9' is set on object 'Object Repository/TF_Customer_Create/4_Create_Objects_And_Save/13_Create_LDI_Vendor_Site/Input_Vendor_Site_Name/input_Vendor_Site_Cd'

2019-01-23 19:05:39 - [TEST_STEP][PASSED] - setText(findTestObject("TF_Customer_Create/4_Create_Objects_And_Save/13_Create_LDI_Vendor_Site/Input_Vendor_Site_Name/input_Vendor_Site_City"), vndSiteCity): Text 'ILN5F3KU' is set on object 'Object Repository/TF_Customer_Create/4_Create_Objects_And_Save/13_Create_LDI_Vendor_Site/Input_Vendor_Site_Name/input_Vendor_Site_City'

2019-01-23 19:05:39 - [MESSAGE][PASSED] - Text 'ILN5F3KU' is set on object 'Object Repository/TF_Customer_Create/4_Create_Objects_And_Save/13_Create_LDI_Vendor_Site/Input_Vendor_Site_Name/input_Vendor_Site_City'

2019-01-23 19:05:39 - [TEST_STEP][PASSED] - setText(findTestObject("TF_Customer_Create/4_Create_Objects_And_Save/13_Create_LDI_Vendor_Site/Input_Vendor_Site_Name/input_Vendor_Site_Postal_Code"), vndSitePtlCd): Text 'LAU74Z' is set on object 'Object Repository/TF_Customer_Create/4_Create_Objects_And_Save/13_Create_LDI_Vendor_Site/Input_Vendor_Site_Name/input_Vendor_Site_Postal_Code'

2019-01-23 19:05:39 - [MESSAGE][PASSED] - Text 'LAU74Z' is set on object 'Object Repository/TF_Customer_Create/4_Create_Objects_And_Save/13_Create_LDI_Vendor_Site/Input_Vendor_Site_Name/input_Vendor_Site_Postal_Code'

2019-01-23 19:05:39 - [TEST_STEP][NOT_RUN] - setText(findTestObject("TF_Customer_Create/4_Create_Objects_And_Save/13_Create_LDI_Vendor_Site/Input_Vendor_Site_Name/input_Vendor_Site_Inactive_dt"), input_Eff_Dt): NOT_RUN: setText(findTestObject("TF_Customer_Create/4_Create_Objects_And_Save/13_Create_LDI_Vendor_Site/Input_Vendor_Site_Name/input_Vendor_Site_Inactive_dt"), input_Eff_Dt)

2019-01-23 19:05:39 - [MESSAGE][NOT_RUN] - NOT_RUN: setText(findTestObject("TF_Customer_Create/4_Create_Objects_And_Save/13_Create_LDI_Vendor_Site/Input_Vendor_Site_Name/input_Vendor_Site_Inactive_dt"), input_Eff_Dt)

2019-01-23 19:05:39 - [TEST_STEP][PASSED] - delay(2): Delayed 2 second(s)

2019-01-23 19:05:41 - [MESSAGE][PASSED] - Delayed 2 second(s)

2019-01-23 19:05:41 - [TEST_STEP][PASSED] - click(findTestObject("TF_Customer_Create/3_Common_Action_Buttons/Click_Data_Tab/span_Data_Tab")): Object: 'Object Repository/TF_Customer_Create/3_Common_Action_Buttons/Click_Data_Tab/span_Data_Tab' is clicked on

2019-01-23 19:05:41 - [MESSAGE][PASSED] - Object: 'Object Repository/TF_Customer_Create/3_Common_Action_Buttons/Click_Data_Tab/span_Data_Tab' is clicked on

2019-01-23 19:05:41 - [TEST_STEP][NOT_RUN] - click(findTestObject("TF_Customer_Create/4_Create_Objects_And_Save/Choose_Sales_Org/Click_Sales_Org_DD"), CONTINUE_ON_FAILURE): NOT_RUN: click(findTestObject("TF_Customer_Create/4_Create_Objects_And_Save/Choose_Sales_Org/Click_Sales_Org_DD"), CONTINUE_ON_FAILURE)

2019-01-23 19:05:41 - [MESSAGE][NOT_RUN] - NOT_RUN: click(findTestObject("TF_Customer_Create/4_Create_Objects_And_Save/Choose_Sales_Org/Click_Sales_Org_DD"), CONTINUE_ON_FAILURE)

2019-01-23 19:05:41 - [TEST_STEP][NOT_RUN] - click(findTestObject("TF_Customer_Create/4_Create_Objects_And_Save/Choose_Sales_Org/CA_Object"), CONTINUE_ON_FAILURE): NOT_RUN: click(findTestObject("TF_Customer_Create/4_Create_Objects_And_Save/Choose_Sales_Org/CA_Object"), CONTINUE_ON_FAILURE)

2019-01-23 19:05:41 - [MESSAGE][NOT_RUN] - NOT_RUN: click(findTestObject("TF_Customer_Create/4_Create_Objects_And_Save/Choose_Sales_Org/CA_Object"), CONTINUE_ON_FAILURE)

2019-01-23 19:05:41 - [TEST_STEP][PASSED] - delay(2): Delayed 2 second(s)

2019-01-23 19:05:43 - [MESSAGE][PASSED] - Delayed 2 second(s)

2019-01-23 19:05:43 - [TEST_STEP][PASSED] - click(findTestObject("TF_Customer_Create/3_Common_Action_Buttons/Click_Apply_Button/td_Apply")): Object: 'Object Repository/TF_Customer_Create/3_Common_Action_Buttons/Click_Apply_Button/td_Apply' is clicked on

2019-01-23 19:05:43 - [MESSAGE][PASSED] - Object: 'Object Repository/TF_Customer_Create/3_Common_Action_Buttons/Click_Apply_Button/td_Apply' is clicked on

2019-01-23 19:05:43 - [TEST_STEP][PASSED] - delay(2): Delayed 2 second(s)

2019-01-23 19:05:45 - [MESSAGE][PASSED] - Delayed 2 second(s)

2019-01-23 19:05:45 - [TEST_STEP][PASSED] - click(findTestObject("TF_Customer_Create/3_Common_Action_Buttons/Click_Save_Button/btn_Save")): Object: 'Object Repository/TF_Customer_Create/3_Common_Action_Buttons/Click_Save_Button/btn_Save' is clicked on

2019-01-23 19:05:45 - [MESSAGE][PASSED] - Object: 'Object Repository/TF_Customer_Create/3_Common_Action_Buttons/Click_Save_Button/btn_Save' is clicked on

2019-01-23 19:05:45 - [TEST_STEP][PASSED] - delay(2): Delayed 2 second(s)

2019-01-23 19:05:47 - [MESSAGE][PASSED] - Delayed 2 second(s)

2019-01-23 19:05:47 - [TEST_STEP][NOT_RUN] - verifyElementText(findTestObject("TF_Customer_Create/3_Common_Action_Buttons/Verify_Success_Message/Success_Message"), "Record has been saved successfully.", CONTINUE_ON_FAILURE): NOT_RUN: verifyElementText(findTestObject("TF_Customer_Create/3_Common_Action_Buttons/Verify_Success_Message/Success_Message"), "Record has been saved successfully.", CONTINUE_ON_FAILURE)

2019-01-23 19:05:47 - [MESSAGE][NOT_RUN] - NOT_RUN: verifyElementText(findTestObject("TF_Customer_Create/3_Common_Action_Buttons/Verify_Success_Message/Success_Message"), "Record has been saved successfully.", CONTINUE_ON_FAILURE)

2019-01-23 19:05:47 - [TEST_STEP][NOT_RUN] - click(findTestObject("TF_Customer_Create/3_Common_Action_Buttons/Click_Data_Tab/span_Data_Tab")): NOT_RUN: click(findTestObject("TF_Customer_Create/3_Common_Action_Buttons/Click_Data_Tab/span_Data_Tab"))

2019-01-23 19:05:47 - [MESSAGE][NOT_RUN] - NOT_RUN: click(findTestObject("TF_Customer_Create/3_Common_Action_Buttons/Click_Data_Tab/span_Data_Tab"))

2019-01-23 19:05:47 - [TEST_STEP][NOT_RUN] - delay(1): NOT_RUN: delay(1)

2019-01-23 19:05:47 - [MESSAGE][NOT_RUN] - NOT_RUN: delay(1)

2019-01-23 19:05:47 - [TEST_STEP][NOT_RUN] - click(findTestObject("TF_Customer_Create/3_Common_Action_Buttons/Click_Close_Button/btn_Close")): NOT_RUN: click(findTestObject("TF_Customer_Create/3_Common_Action_Buttons/Click_Close_Button/btn_Close"))

2019-01-23 19:05:47 - [MESSAGE][NOT_RUN] - NOT_RUN: click(findTestObject("TF_Customer_Create/3_Common_Action_Buttons/Click_Close_Button/btn_Close"))

2019-01-23 19:05:47 - [TEST_STEP][NOT_RUN] - delay(2): NOT_RUN: delay(2)

2019-01-23 19:05:47 - [MESSAGE][NOT_RUN] - NOT_RUN: delay(2)

2019-01-23 19:05:47 - [TEST_STEP][NOT_RUN] - vrfy_PLA = com.oracledb.regressiontest.verifyPLA(ora_connt, ora_usr, ora_psswrd, ora_schema, plaAcctName): NOT_RUN: vrfy_PLA = com.oracledb.regressiontest.verifyPLA(ora_connt, ora_usr, ora_psswrd, ora_schema, plaAcctName)

2019-01-23 19:05:47 - [MESSAGE][NOT_RUN] - NOT_RUN: vrfy_PLA = com.oracledb.regressiontest.verifyPLA(ora_connt, ora_usr, ora_psswrd, ora_schema, plaAcctName)

2019-01-23 19:05:47 - [TEST_STEP][NOT_RUN] - println("Planning Account Name"): NOT_RUN: println("Planning Account Name")

2019-01-23 19:05:47 - [MESSAGE][NOT_RUN] - NOT_RUN: println("Planning Account Name")

2019-01-23 19:05:47 - [TEST_STEP][NOT_RUN] - verifyEqual(PLANNING_ACCOUNT_NAME, plaAcctName): NOT_RUN: verifyEqual(PLANNING_ACCOUNT_NAME, plaAcctName)

2019-01-23 19:05:47 - [MESSAGE][NOT_RUN] - NOT_RUN: verifyEqual(PLANNING_ACCOUNT_NAME, plaAcctName)]]></system-out>
         <system-err><![CDATA[]]></system-err>
      </testcase>
      <testcase name="Test Cases/Regression_TF_Customer/Create_Record/TC_13_Create_LDI_Vendor_Site" classname="Test Cases/Regression_TF_Customer/Create_Record/TC_13_Create_LDI_Vendor_Site" status="PASSED">
         <system-out><![CDATA[2019-01-23 19:05:47 - [TEST_CASE][PASSED] - Test Cases/Regression_TF_Customer/Create_Record/TC_13_Create_LDI_Vendor_Site: Test Cases/Regression_TF_Customer/Create_Record/TC_13_Create_LDI_Vendor_Site

2019-01-23 19:05:47 - [TEST_STEP][PASSED] - waitForPageLoad(G_Timeout): Wait for page load successfully

2019-01-23 19:05:47 - [MESSAGE][PASSED] - Wait for page load successfully

2019-01-23 19:05:47 - [TEST_STEP][PASSED] - mouseOver(findTestObject("TF_Customer_Create/1_Menu_Navigation_To_Open_All_Pages/0_Menu_Create_In_Data_View")): Object: 'Object Repository/TF_Customer_Create/1_Menu_Navigation_To_Open_All_Pages/0_Menu_Create_In_Data_View' is hovered

2019-01-23 19:05:47 - [MESSAGE][PASSED] - Object: 'Object Repository/TF_Customer_Create/1_Menu_Navigation_To_Open_All_Pages/0_Menu_Create_In_Data_View' is hovered

2019-01-23 19:05:47 - [TEST_STEP][PASSED] - waitForPageLoad(G_Timeout): Wait for page load successfully

2019-01-23 19:05:47 - [MESSAGE][PASSED] - Wait for page load successfully

2019-01-23 19:05:47 - [TEST_STEP][PASSED] - mouseOver(findTestObject("TF_Customer_Create/1_Menu_Navigation_To_Open_All_Pages/1_Menu_Create_Master_Data")): Object: 'Object Repository/TF_Customer_Create/1_Menu_Navigation_To_Open_All_Pages/1_Menu_Create_Master_Data' is hovered

2019-01-23 19:05:47 - [MESSAGE][PASSED] - Object: 'Object Repository/TF_Customer_Create/1_Menu_Navigation_To_Open_All_Pages/1_Menu_Create_Master_Data' is hovered

2019-01-23 19:05:47 - [TEST_STEP][PASSED] - waitForPageLoad(G_Timeout): Wait for page load successfully

2019-01-23 19:05:47 - [MESSAGE][PASSED] - Wait for page load successfully

2019-01-23 19:05:47 - [TEST_STEP][PASSED] - mouseOver(findTestObject("TF_Customer_Create/1_Menu_Navigation_To_Open_All_Pages/3_Planning_Account_Hoverover_Option")): Object: 'Object Repository/TF_Customer_Create/1_Menu_Navigation_To_Open_All_Pages/3_Planning_Account_Hoverover_Option' is hovered

2019-01-23 19:05:48 - [MESSAGE][PASSED] - Object: 'Object Repository/TF_Customer_Create/1_Menu_Navigation_To_Open_All_Pages/3_Planning_Account_Hoverover_Option' is hovered

2019-01-23 19:05:48 - [TEST_STEP][PASSED] - waitForPageLoad(G_Timeout): Wait for page load successfully

2019-01-23 19:05:48 - [MESSAGE][PASSED] - Wait for page load successfully

2019-01-23 19:05:48 - [TEST_STEP][PASSED] - click(findTestObject("TF_Customer_Create/2_Select_Menu_Options(All)/13_LDI_Vendor_Site")): Object: 'Object Repository/TF_Customer_Create/2_Select_Menu_Options(All)/13_LDI_Vendor_Site' is clicked on

2019-01-23 19:05:48 - [MESSAGE][PASSED] - Object: 'Object Repository/TF_Customer_Create/2_Select_Menu_Options(All)/13_LDI_Vendor_Site' is clicked on

2019-01-23 19:05:48 - [TEST_STEP][PASSED] - waitForPageLoad(G_Timeout): Wait for page load successfully

2019-01-23 19:05:48 - [MESSAGE][PASSED] - Wait for page load successfully

2019-01-23 19:05:48 - [TEST_STEP][PASSED] - delay(3): Delayed 3 second(s)

2019-01-23 19:05:51 - [MESSAGE][PASSED] - Delayed 3 second(s)

2019-01-23 19:05:51 - [TEST_STEP][PASSED] - vndSiteName = com.oracledb.regressiontest.genName(15): com.oracledb.regressiontest.genName is PASSED

2019-01-23 19:05:51 - [MESSAGE][PASSED] - com.oracledb.regressiontest.genName is PASSED

2019-01-23 19:05:51 - [TEST_STEP][PASSED] - vndSiteNumber = com.oracledb.regressiontest.genName(12): com.oracledb.regressiontest.genName is PASSED

2019-01-23 19:05:51 - [MESSAGE][PASSED] - com.oracledb.regressiontest.genName is PASSED

2019-01-23 19:05:51 - [TEST_STEP][PASSED] - vndSiteCd = com.oracledb.regressiontest.genName(10): com.oracledb.regressiontest.genName is PASSED

2019-01-23 19:05:51 - [MESSAGE][PASSED] - com.oracledb.regressiontest.genName is PASSED

2019-01-23 19:05:51 - [TEST_STEP][PASSED] - vndSiteCity = com.oracledb.regressiontest.genName(8): com.oracledb.regressiontest.genName is PASSED

2019-01-23 19:05:51 - [MESSAGE][PASSED] - com.oracledb.regressiontest.genName is PASSED

2019-01-23 19:05:51 - [TEST_STEP][PASSED] - vndSitePtlCd = com.oracledb.regressiontest.genName(6): com.oracledb.regressiontest.genName is PASSED

2019-01-23 19:05:51 - [MESSAGE][PASSED] - com.oracledb.regressiontest.genName is PASSED

2019-01-23 19:05:51 - [TEST_STEP][PASSED] - setText(findTestObject("TF_Customer_Create/4_Create_Objects_And_Save/13_Create_LDI_Vendor_Site/Input_Vendor_Site_Name/input_Vendor_Site_Nm"), vndSiteName): Text 'E38P28YDAEZMYO4' is set on object 'Object Repository/TF_Customer_Create/4_Create_Objects_And_Save/13_Create_LDI_Vendor_Site/Input_Vendor_Site_Name/input_Vendor_Site_Nm'

2019-01-23 19:05:51 - [MESSAGE][PASSED] - Text 'E38P28YDAEZMYO4' is set on object 'Object Repository/TF_Customer_Create/4_Create_Objects_And_Save/13_Create_LDI_Vendor_Site/Input_Vendor_Site_Name/input_Vendor_Site_Nm'

2019-01-23 19:05:51 - [TEST_STEP][PASSED] - setText(findTestObject("TF_Customer_Create/4_Create_Objects_And_Save/13_Create_LDI_Vendor_Site/Input_Vendor_Site_Name/input_Vendor_Site_Number"), vndSiteNumber): Text 'B0TMO5GKHBHA' is set on object 'Object Repository/TF_Customer_Create/4_Create_Objects_And_Save/13_Create_LDI_Vendor_Site/Input_Vendor_Site_Name/input_Vendor_Site_Number'

2019-01-23 19:05:51 - [MESSAGE][PASSED] - Text 'B0TMO5GKHBHA' is set on object 'Object Repository/TF_Customer_Create/4_Create_Objects_And_Save/13_Create_LDI_Vendor_Site/Input_Vendor_Site_Name/input_Vendor_Site_Number'

2019-01-23 19:05:51 - [TEST_STEP][PASSED] - setText(findTestObject("TF_Customer_Create/4_Create_Objects_And_Save/13_Create_LDI_Vendor_Site/Input_Vendor_Site_Name/input_Vendor_Site_Cd"), vndSiteCd): Text 'ZJTJU51V64' is set on object 'Object Repository/TF_Customer_Create/4_Create_Objects_And_Save/13_Create_LDI_Vendor_Site/Input_Vendor_Site_Name/input_Vendor_Site_Cd'

2019-01-23 19:05:51 - [MESSAGE][PASSED] - Text 'ZJTJU51V64' is set on object 'Object Repository/TF_Customer_Create/4_Create_Objects_And_Save/13_Create_LDI_Vendor_Site/Input_Vendor_Site_Name/input_Vendor_Site_Cd'

2019-01-23 19:05:51 - [TEST_STEP][PASSED] - setText(findTestObject("TF_Customer_Create/4_Create_Objects_And_Save/13_Create_LDI_Vendor_Site/Input_Vendor_Site_Name/input_Vendor_Site_City"), vndSiteCity): Text 'PE2BXVJX' is set on object 'Object Repository/TF_Customer_Create/4_Create_Objects_And_Save/13_Create_LDI_Vendor_Site/Input_Vendor_Site_Name/input_Vendor_Site_City'

2019-01-23 19:05:51 - [MESSAGE][PASSED] - Text 'PE2BXVJX' is set on object 'Object Repository/TF_Customer_Create/4_Create_Objects_And_Save/13_Create_LDI_Vendor_Site/Input_Vendor_Site_Name/input_Vendor_Site_City'

2019-01-23 19:05:51 - [TEST_STEP][PASSED] - setText(findTestObject("TF_Customer_Create/4_Create_Objects_And_Save/13_Create_LDI_Vendor_Site/Input_Vendor_Site_Name/input_Vendor_Site_Postal_Code"), vndSitePtlCd): Text '71PV10' is set on object 'Object Repository/TF_Customer_Create/4_Create_Objects_And_Save/13_Create_LDI_Vendor_Site/Input_Vendor_Site_Name/input_Vendor_Site_Postal_Code'

2019-01-23 19:05:51 - [MESSAGE][PASSED] - Text '71PV10' is set on object 'Object Repository/TF_Customer_Create/4_Create_Objects_And_Save/13_Create_LDI_Vendor_Site/Input_Vendor_Site_Name/input_Vendor_Site_Postal_Code'

2019-01-23 19:05:51 - [TEST_STEP][NOT_RUN] - setText(findTestObject("TF_Customer_Create/4_Create_Objects_And_Save/13_Create_LDI_Vendor_Site/Input_Vendor_Site_Name/input_Vendor_Site_Inactive_dt"), input_Eff_Dt): NOT_RUN: setText(findTestObject("TF_Customer_Create/4_Create_Objects_And_Save/13_Create_LDI_Vendor_Site/Input_Vendor_Site_Name/input_Vendor_Site_Inactive_dt"), input_Eff_Dt)

2019-01-23 19:05:51 - [MESSAGE][NOT_RUN] - NOT_RUN: setText(findTestObject("TF_Customer_Create/4_Create_Objects_And_Save/13_Create_LDI_Vendor_Site/Input_Vendor_Site_Name/input_Vendor_Site_Inactive_dt"), input_Eff_Dt)

2019-01-23 19:05:51 - [TEST_STEP][PASSED] - delay(2): Delayed 2 second(s)

2019-01-23 19:05:53 - [MESSAGE][PASSED] - Delayed 2 second(s)

2019-01-23 19:05:53 - [TEST_STEP][PASSED] - click(findTestObject("TF_Customer_Create/3_Common_Action_Buttons/Click_Data_Tab/span_Data_Tab")): Object: 'Object Repository/TF_Customer_Create/3_Common_Action_Buttons/Click_Data_Tab/span_Data_Tab' is clicked on

2019-01-23 19:05:54 - [MESSAGE][PASSED] - Object: 'Object Repository/TF_Customer_Create/3_Common_Action_Buttons/Click_Data_Tab/span_Data_Tab' is clicked on

2019-01-23 19:05:54 - [TEST_STEP][NOT_RUN] - click(findTestObject("TF_Customer_Create/4_Create_Objects_And_Save/Choose_Sales_Org/Click_Sales_Org_DD"), CONTINUE_ON_FAILURE): NOT_RUN: click(findTestObject("TF_Customer_Create/4_Create_Objects_And_Save/Choose_Sales_Org/Click_Sales_Org_DD"), CONTINUE_ON_FAILURE)

2019-01-23 19:05:54 - [MESSAGE][NOT_RUN] - NOT_RUN: click(findTestObject("TF_Customer_Create/4_Create_Objects_And_Save/Choose_Sales_Org/Click_Sales_Org_DD"), CONTINUE_ON_FAILURE)

2019-01-23 19:05:54 - [TEST_STEP][NOT_RUN] - click(findTestObject("TF_Customer_Create/4_Create_Objects_And_Save/Choose_Sales_Org/CA_Object"), CONTINUE_ON_FAILURE): NOT_RUN: click(findTestObject("TF_Customer_Create/4_Create_Objects_And_Save/Choose_Sales_Org/CA_Object"), CONTINUE_ON_FAILURE)

2019-01-23 19:05:54 - [MESSAGE][NOT_RUN] - NOT_RUN: click(findTestObject("TF_Customer_Create/4_Create_Objects_And_Save/Choose_Sales_Org/CA_Object"), CONTINUE_ON_FAILURE)

2019-01-23 19:05:54 - [TEST_STEP][PASSED] - delay(2): Delayed 2 second(s)

2019-01-23 19:05:56 - [MESSAGE][PASSED] - Delayed 2 second(s)

2019-01-23 19:05:56 - [TEST_STEP][PASSED] - click(findTestObject("TF_Customer_Create/3_Common_Action_Buttons/Click_Apply_Button/td_Apply")): Object: 'Object Repository/TF_Customer_Create/3_Common_Action_Buttons/Click_Apply_Button/td_Apply' is clicked on

2019-01-23 19:05:56 - [MESSAGE][PASSED] - Object: 'Object Repository/TF_Customer_Create/3_Common_Action_Buttons/Click_Apply_Button/td_Apply' is clicked on

2019-01-23 19:05:56 - [TEST_STEP][PASSED] - delay(2): Delayed 2 second(s)

2019-01-23 19:05:58 - [MESSAGE][PASSED] - Delayed 2 second(s)

2019-01-23 19:05:58 - [TEST_STEP][PASSED] - click(findTestObject("TF_Customer_Create/3_Common_Action_Buttons/Click_Save_Button/btn_Save")): Object: 'Object Repository/TF_Customer_Create/3_Common_Action_Buttons/Click_Save_Button/btn_Save' is clicked on

2019-01-23 19:05:58 - [MESSAGE][PASSED] - Object: 'Object Repository/TF_Customer_Create/3_Common_Action_Buttons/Click_Save_Button/btn_Save' is clicked on

2019-01-23 19:05:58 - [TEST_STEP][PASSED] - delay(2): Delayed 2 second(s)

2019-01-23 19:06:00 - [MESSAGE][PASSED] - Delayed 2 second(s)

2019-01-23 19:06:00 - [TEST_STEP][NOT_RUN] - verifyElementText(findTestObject("TF_Customer_Create/3_Common_Action_Buttons/Verify_Success_Message/Success_Message"), "Record has been saved successfully.", CONTINUE_ON_FAILURE): NOT_RUN: verifyElementText(findTestObject("TF_Customer_Create/3_Common_Action_Buttons/Verify_Success_Message/Success_Message"), "Record has been saved successfully.", CONTINUE_ON_FAILURE)

2019-01-23 19:06:00 - [MESSAGE][NOT_RUN] - NOT_RUN: verifyElementText(findTestObject("TF_Customer_Create/3_Common_Action_Buttons/Verify_Success_Message/Success_Message"), "Record has been saved successfully.", CONTINUE_ON_FAILURE)

2019-01-23 19:06:00 - [TEST_STEP][NOT_RUN] - click(findTestObject("TF_Customer_Create/3_Common_Action_Buttons/Click_Data_Tab/span_Data_Tab")): NOT_RUN: click(findTestObject("TF_Customer_Create/3_Common_Action_Buttons/Click_Data_Tab/span_Data_Tab"))

2019-01-23 19:06:00 - [MESSAGE][NOT_RUN] - NOT_RUN: click(findTestObject("TF_Customer_Create/3_Common_Action_Buttons/Click_Data_Tab/span_Data_Tab"))

2019-01-23 19:06:00 - [TEST_STEP][NOT_RUN] - delay(1): NOT_RUN: delay(1)

2019-01-23 19:06:00 - [MESSAGE][NOT_RUN] - NOT_RUN: delay(1)

2019-01-23 19:06:00 - [TEST_STEP][NOT_RUN] - click(findTestObject("TF_Customer_Create/3_Common_Action_Buttons/Click_Close_Button/btn_Close")): NOT_RUN: click(findTestObject("TF_Customer_Create/3_Common_Action_Buttons/Click_Close_Button/btn_Close"))

2019-01-23 19:06:00 - [MESSAGE][NOT_RUN] - NOT_RUN: click(findTestObject("TF_Customer_Create/3_Common_Action_Buttons/Click_Close_Button/btn_Close"))

2019-01-23 19:06:00 - [TEST_STEP][NOT_RUN] - delay(2): NOT_RUN: delay(2)

2019-01-23 19:06:00 - [MESSAGE][NOT_RUN] - NOT_RUN: delay(2)

2019-01-23 19:06:00 - [TEST_STEP][NOT_RUN] - vrfy_PLA = com.oracledb.regressiontest.verifyPLA(ora_connt, ora_usr, ora_psswrd, ora_schema, plaAcctName): NOT_RUN: vrfy_PLA = com.oracledb.regressiontest.verifyPLA(ora_connt, ora_usr, ora_psswrd, ora_schema, plaAcctName)

2019-01-23 19:06:00 - [MESSAGE][NOT_RUN] - NOT_RUN: vrfy_PLA = com.oracledb.regressiontest.verifyPLA(ora_connt, ora_usr, ora_psswrd, ora_schema, plaAcctName)

2019-01-23 19:06:00 - [TEST_STEP][NOT_RUN] - println("Planning Account Name"): NOT_RUN: println("Planning Account Name")

2019-01-23 19:06:00 - [MESSAGE][NOT_RUN] - NOT_RUN: println("Planning Account Name")

2019-01-23 19:06:00 - [TEST_STEP][NOT_RUN] - verifyEqual(PLANNING_ACCOUNT_NAME, plaAcctName): NOT_RUN: verifyEqual(PLANNING_ACCOUNT_NAME, plaAcctName)

2019-01-23 19:06:00 - [MESSAGE][NOT_RUN] - NOT_RUN: verifyEqual(PLANNING_ACCOUNT_NAME, plaAcctName)]]></system-out>
         <system-err><![CDATA[]]></system-err>
      </testcase>
      <testcase name="Test Cases/Regression_TF_Customer/Create_Record/TC_13_Create_LDI_Vendor_Site" classname="Test Cases/Regression_TF_Customer/Create_Record/TC_13_Create_LDI_Vendor_Site" status="PASSED">
         <system-out><![CDATA[2019-01-23 19:06:00 - [TEST_CASE][PASSED] - Test Cases/Regression_TF_Customer/Create_Record/TC_13_Create_LDI_Vendor_Site: Test Cases/Regression_TF_Customer/Create_Record/TC_13_Create_LDI_Vendor_Site

2019-01-23 19:06:00 - [TEST_STEP][PASSED] - waitForPageLoad(G_Timeout): Wait for page load successfully

2019-01-23 19:06:00 - [MESSAGE][PASSED] - Wait for page load successfully

2019-01-23 19:06:00 - [TEST_STEP][PASSED] - mouseOver(findTestObject("TF_Customer_Create/1_Menu_Navigation_To_Open_All_Pages/0_Menu_Create_In_Data_View")): Object: 'Object Repository/TF_Customer_Create/1_Menu_Navigation_To_Open_All_Pages/0_Menu_Create_In_Data_View' is hovered

2019-01-23 19:06:00 - [MESSAGE][PASSED] - Object: 'Object Repository/TF_Customer_Create/1_Menu_Navigation_To_Open_All_Pages/0_Menu_Create_In_Data_View' is hovered

2019-01-23 19:06:00 - [TEST_STEP][PASSED] - waitForPageLoad(G_Timeout): Wait for page load successfully

2019-01-23 19:06:00 - [MESSAGE][PASSED] - Wait for page load successfully

2019-01-23 19:06:00 - [TEST_STEP][PASSED] - mouseOver(findTestObject("TF_Customer_Create/1_Menu_Navigation_To_Open_All_Pages/1_Menu_Create_Master_Data")): Object: 'Object Repository/TF_Customer_Create/1_Menu_Navigation_To_Open_All_Pages/1_Menu_Create_Master_Data' is hovered

2019-01-23 19:06:00 - [MESSAGE][PASSED] - Object: 'Object Repository/TF_Customer_Create/1_Menu_Navigation_To_Open_All_Pages/1_Menu_Create_Master_Data' is hovered

2019-01-23 19:06:00 - [TEST_STEP][PASSED] - waitForPageLoad(G_Timeout): Wait for page load successfully

2019-01-23 19:06:00 - [MESSAGE][PASSED] - Wait for page load successfully

2019-01-23 19:06:00 - [TEST_STEP][PASSED] - mouseOver(findTestObject("TF_Customer_Create/1_Menu_Navigation_To_Open_All_Pages/3_Planning_Account_Hoverover_Option")): Object: 'Object Repository/TF_Customer_Create/1_Menu_Navigation_To_Open_All_Pages/3_Planning_Account_Hoverover_Option' is hovered

2019-01-23 19:06:01 - [MESSAGE][PASSED] - Object: 'Object Repository/TF_Customer_Create/1_Menu_Navigation_To_Open_All_Pages/3_Planning_Account_Hoverover_Option' is hovered

2019-01-23 19:06:01 - [TEST_STEP][PASSED] - waitForPageLoad(G_Timeout): Wait for page load successfully

2019-01-23 19:06:01 - [MESSAGE][PASSED] - Wait for page load successfully

2019-01-23 19:06:01 - [TEST_STEP][PASSED] - click(findTestObject("TF_Customer_Create/2_Select_Menu_Options(All)/13_LDI_Vendor_Site")): Object: 'Object Repository/TF_Customer_Create/2_Select_Menu_Options(All)/13_LDI_Vendor_Site' is clicked on

2019-01-23 19:06:01 - [MESSAGE][PASSED] - Object: 'Object Repository/TF_Customer_Create/2_Select_Menu_Options(All)/13_LDI_Vendor_Site' is clicked on

2019-01-23 19:06:01 - [TEST_STEP][PASSED] - waitForPageLoad(G_Timeout): Wait for page load successfully

2019-01-23 19:06:01 - [MESSAGE][PASSED] - Wait for page load successfully

2019-01-23 19:06:01 - [TEST_STEP][PASSED] - delay(3): Delayed 3 second(s)

2019-01-23 19:06:04 - [MESSAGE][PASSED] - Delayed 3 second(s)

2019-01-23 19:06:04 - [TEST_STEP][PASSED] - vndSiteName = com.oracledb.regressiontest.genName(15): com.oracledb.regressiontest.genName is PASSED

2019-01-23 19:06:04 - [MESSAGE][PASSED] - com.oracledb.regressiontest.genName is PASSED

2019-01-23 19:06:04 - [TEST_STEP][PASSED] - vndSiteNumber = com.oracledb.regressiontest.genName(12): com.oracledb.regressiontest.genName is PASSED

2019-01-23 19:06:04 - [MESSAGE][PASSED] - com.oracledb.regressiontest.genName is PASSED

2019-01-23 19:06:04 - [TEST_STEP][PASSED] - vndSiteCd = com.oracledb.regressiontest.genName(10): com.oracledb.regressiontest.genName is PASSED

2019-01-23 19:06:04 - [MESSAGE][PASSED] - com.oracledb.regressiontest.genName is PASSED

2019-01-23 19:06:04 - [TEST_STEP][PASSED] - vndSiteCity = com.oracledb.regressiontest.genName(8): com.oracledb.regressiontest.genName is PASSED

2019-01-23 19:06:04 - [MESSAGE][PASSED] - com.oracledb.regressiontest.genName is PASSED

2019-01-23 19:06:04 - [TEST_STEP][PASSED] - vndSitePtlCd = com.oracledb.regressiontest.genName(6): com.oracledb.regressiontest.genName is PASSED

2019-01-23 19:06:04 - [MESSAGE][PASSED] - com.oracledb.regressiontest.genName is PASSED

2019-01-23 19:06:04 - [TEST_STEP][PASSED] - setText(findTestObject("TF_Customer_Create/4_Create_Objects_And_Save/13_Create_LDI_Vendor_Site/Input_Vendor_Site_Name/input_Vendor_Site_Nm"), vndSiteName): Text 'K8L4XP5I8JBOQMU' is set on object 'Object Repository/TF_Customer_Create/4_Create_Objects_And_Save/13_Create_LDI_Vendor_Site/Input_Vendor_Site_Name/input_Vendor_Site_Nm'

2019-01-23 19:06:04 - [MESSAGE][PASSED] - Text 'K8L4XP5I8JBOQMU' is set on object 'Object Repository/TF_Customer_Create/4_Create_Objects_And_Save/13_Create_LDI_Vendor_Site/Input_Vendor_Site_Name/input_Vendor_Site_Nm'

2019-01-23 19:06:04 - [TEST_STEP][PASSED] - setText(findTestObject("TF_Customer_Create/4_Create_Objects_And_Save/13_Create_LDI_Vendor_Site/Input_Vendor_Site_Name/input_Vendor_Site_Number"), vndSiteNumber): Text 'KQR9C2VYZX1X' is set on object 'Object Repository/TF_Customer_Create/4_Create_Objects_And_Save/13_Create_LDI_Vendor_Site/Input_Vendor_Site_Name/input_Vendor_Site_Number'

2019-01-23 19:06:04 - [MESSAGE][PASSED] - Text 'KQR9C2VYZX1X' is set on object 'Object Repository/TF_Customer_Create/4_Create_Objects_And_Save/13_Create_LDI_Vendor_Site/Input_Vendor_Site_Name/input_Vendor_Site_Number'

2019-01-23 19:06:04 - [TEST_STEP][PASSED] - setText(findTestObject("TF_Customer_Create/4_Create_Objects_And_Save/13_Create_LDI_Vendor_Site/Input_Vendor_Site_Name/input_Vendor_Site_Cd"), vndSiteCd): Text '0M3E6YI6GG' is set on object 'Object Repository/TF_Customer_Create/4_Create_Objects_And_Save/13_Create_LDI_Vendor_Site/Input_Vendor_Site_Name/input_Vendor_Site_Cd'

2019-01-23 19:06:04 - [MESSAGE][PASSED] - Text '0M3E6YI6GG' is set on object 'Object Repository/TF_Customer_Create/4_Create_Objects_And_Save/13_Create_LDI_Vendor_Site/Input_Vendor_Site_Name/input_Vendor_Site_Cd'

2019-01-23 19:06:04 - [TEST_STEP][PASSED] - setText(findTestObject("TF_Customer_Create/4_Create_Objects_And_Save/13_Create_LDI_Vendor_Site/Input_Vendor_Site_Name/input_Vendor_Site_City"), vndSiteCity): Text '1X1N8JCG' is set on object 'Object Repository/TF_Customer_Create/4_Create_Objects_And_Save/13_Create_LDI_Vendor_Site/Input_Vendor_Site_Name/input_Vendor_Site_City'

2019-01-23 19:06:04 - [MESSAGE][PASSED] - Text '1X1N8JCG' is set on object 'Object Repository/TF_Customer_Create/4_Create_Objects_And_Save/13_Create_LDI_Vendor_Site/Input_Vendor_Site_Name/input_Vendor_Site_City'

2019-01-23 19:06:04 - [TEST_STEP][PASSED] - setText(findTestObject("TF_Customer_Create/4_Create_Objects_And_Save/13_Create_LDI_Vendor_Site/Input_Vendor_Site_Name/input_Vendor_Site_Postal_Code"), vndSitePtlCd): Text 'PBA845' is set on object 'Object Repository/TF_Customer_Create/4_Create_Objects_And_Save/13_Create_LDI_Vendor_Site/Input_Vendor_Site_Name/input_Vendor_Site_Postal_Code'

2019-01-23 19:06:04 - [MESSAGE][PASSED] - Text 'PBA845' is set on object 'Object Repository/TF_Customer_Create/4_Create_Objects_And_Save/13_Create_LDI_Vendor_Site/Input_Vendor_Site_Name/input_Vendor_Site_Postal_Code'

2019-01-23 19:06:04 - [TEST_STEP][NOT_RUN] - setText(findTestObject("TF_Customer_Create/4_Create_Objects_And_Save/13_Create_LDI_Vendor_Site/Input_Vendor_Site_Name/input_Vendor_Site_Inactive_dt"), input_Eff_Dt): NOT_RUN: setText(findTestObject("TF_Customer_Create/4_Create_Objects_And_Save/13_Create_LDI_Vendor_Site/Input_Vendor_Site_Name/input_Vendor_Site_Inactive_dt"), input_Eff_Dt)

2019-01-23 19:06:04 - [MESSAGE][NOT_RUN] - NOT_RUN: setText(findTestObject("TF_Customer_Create/4_Create_Objects_And_Save/13_Create_LDI_Vendor_Site/Input_Vendor_Site_Name/input_Vendor_Site_Inactive_dt"), input_Eff_Dt)

2019-01-23 19:06:04 - [TEST_STEP][PASSED] - delay(2): Delayed 2 second(s)

2019-01-23 19:06:06 - [MESSAGE][PASSED] - Delayed 2 second(s)

2019-01-23 19:06:06 - [TEST_STEP][PASSED] - click(findTestObject("TF_Customer_Create/3_Common_Action_Buttons/Click_Data_Tab/span_Data_Tab")): Object: 'Object Repository/TF_Customer_Create/3_Common_Action_Buttons/Click_Data_Tab/span_Data_Tab' is clicked on

2019-01-23 19:06:06 - [MESSAGE][PASSED] - Object: 'Object Repository/TF_Customer_Create/3_Common_Action_Buttons/Click_Data_Tab/span_Data_Tab' is clicked on

2019-01-23 19:06:06 - [TEST_STEP][NOT_RUN] - click(findTestObject("TF_Customer_Create/4_Create_Objects_And_Save/Choose_Sales_Org/Click_Sales_Org_DD"), CONTINUE_ON_FAILURE): NOT_RUN: click(findTestObject("TF_Customer_Create/4_Create_Objects_And_Save/Choose_Sales_Org/Click_Sales_Org_DD"), CONTINUE_ON_FAILURE)

2019-01-23 19:06:06 - [MESSAGE][NOT_RUN] - NOT_RUN: click(findTestObject("TF_Customer_Create/4_Create_Objects_And_Save/Choose_Sales_Org/Click_Sales_Org_DD"), CONTINUE_ON_FAILURE)

2019-01-23 19:06:06 - [TEST_STEP][NOT_RUN] - click(findTestObject("TF_Customer_Create/4_Create_Objects_And_Save/Choose_Sales_Org/CA_Object"), CONTINUE_ON_FAILURE): NOT_RUN: click(findTestObject("TF_Customer_Create/4_Create_Objects_And_Save/Choose_Sales_Org/CA_Object"), CONTINUE_ON_FAILURE)

2019-01-23 19:06:06 - [MESSAGE][NOT_RUN] - NOT_RUN: click(findTestObject("TF_Customer_Create/4_Create_Objects_And_Save/Choose_Sales_Org/CA_Object"), CONTINUE_ON_FAILURE)

2019-01-23 19:06:06 - [TEST_STEP][PASSED] - delay(2): Delayed 2 second(s)

2019-01-23 19:06:08 - [MESSAGE][PASSED] - Delayed 2 second(s)

2019-01-23 19:06:08 - [TEST_STEP][PASSED] - click(findTestObject("TF_Customer_Create/3_Common_Action_Buttons/Click_Apply_Button/td_Apply")): Object: 'Object Repository/TF_Customer_Create/3_Common_Action_Buttons/Click_Apply_Button/td_Apply' is clicked on

2019-01-23 19:06:09 - [MESSAGE][PASSED] - Object: 'Object Repository/TF_Customer_Create/3_Common_Action_Buttons/Click_Apply_Button/td_Apply' is clicked on

2019-01-23 19:06:09 - [TEST_STEP][PASSED] - delay(2): Delayed 2 second(s)

2019-01-23 19:06:11 - [MESSAGE][PASSED] - Delayed 2 second(s)

2019-01-23 19:06:11 - [TEST_STEP][PASSED] - click(findTestObject("TF_Customer_Create/3_Common_Action_Buttons/Click_Save_Button/btn_Save")): Object: 'Object Repository/TF_Customer_Create/3_Common_Action_Buttons/Click_Save_Button/btn_Save' is clicked on

2019-01-23 19:06:11 - [MESSAGE][PASSED] - Object: 'Object Repository/TF_Customer_Create/3_Common_Action_Buttons/Click_Save_Button/btn_Save' is clicked on

2019-01-23 19:06:11 - [TEST_STEP][PASSED] - delay(2): Delayed 2 second(s)

2019-01-23 19:06:13 - [MESSAGE][PASSED] - Delayed 2 second(s)

2019-01-23 19:06:13 - [TEST_STEP][NOT_RUN] - verifyElementText(findTestObject("TF_Customer_Create/3_Common_Action_Buttons/Verify_Success_Message/Success_Message"), "Record has been saved successfully.", CONTINUE_ON_FAILURE): NOT_RUN: verifyElementText(findTestObject("TF_Customer_Create/3_Common_Action_Buttons/Verify_Success_Message/Success_Message"), "Record has been saved successfully.", CONTINUE_ON_FAILURE)

2019-01-23 19:06:13 - [MESSAGE][NOT_RUN] - NOT_RUN: verifyElementText(findTestObject("TF_Customer_Create/3_Common_Action_Buttons/Verify_Success_Message/Success_Message"), "Record has been saved successfully.", CONTINUE_ON_FAILURE)

2019-01-23 19:06:13 - [TEST_STEP][NOT_RUN] - click(findTestObject("TF_Customer_Create/3_Common_Action_Buttons/Click_Data_Tab/span_Data_Tab")): NOT_RUN: click(findTestObject("TF_Customer_Create/3_Common_Action_Buttons/Click_Data_Tab/span_Data_Tab"))

2019-01-23 19:06:13 - [MESSAGE][NOT_RUN] - NOT_RUN: click(findTestObject("TF_Customer_Create/3_Common_Action_Buttons/Click_Data_Tab/span_Data_Tab"))

2019-01-23 19:06:13 - [TEST_STEP][NOT_RUN] - delay(1): NOT_RUN: delay(1)

2019-01-23 19:06:13 - [MESSAGE][NOT_RUN] - NOT_RUN: delay(1)

2019-01-23 19:06:13 - [TEST_STEP][NOT_RUN] - click(findTestObject("TF_Customer_Create/3_Common_Action_Buttons/Click_Close_Button/btn_Close")): NOT_RUN: click(findTestObject("TF_Customer_Create/3_Common_Action_Buttons/Click_Close_Button/btn_Close"))

2019-01-23 19:06:13 - [MESSAGE][NOT_RUN] - NOT_RUN: click(findTestObject("TF_Customer_Create/3_Common_Action_Buttons/Click_Close_Button/btn_Close"))

2019-01-23 19:06:13 - [TEST_STEP][NOT_RUN] - delay(2): NOT_RUN: delay(2)

2019-01-23 19:06:13 - [MESSAGE][NOT_RUN] - NOT_RUN: delay(2)

2019-01-23 19:06:13 - [TEST_STEP][NOT_RUN] - vrfy_PLA = com.oracledb.regressiontest.verifyPLA(ora_connt, ora_usr, ora_psswrd, ora_schema, plaAcctName): NOT_RUN: vrfy_PLA = com.oracledb.regressiontest.verifyPLA(ora_connt, ora_usr, ora_psswrd, ora_schema, plaAcctName)

2019-01-23 19:06:13 - [MESSAGE][NOT_RUN] - NOT_RUN: vrfy_PLA = com.oracledb.regressiontest.verifyPLA(ora_connt, ora_usr, ora_psswrd, ora_schema, plaAcctName)

2019-01-23 19:06:13 - [TEST_STEP][NOT_RUN] - println("Planning Account Name"): NOT_RUN: println("Planning Account Name")

2019-01-23 19:06:13 - [MESSAGE][NOT_RUN] - NOT_RUN: println("Planning Account Name")

2019-01-23 19:06:13 - [TEST_STEP][NOT_RUN] - verifyEqual(PLANNING_ACCOUNT_NAME, plaAcctName): NOT_RUN: verifyEqual(PLANNING_ACCOUNT_NAME, plaAcctName)

2019-01-23 19:06:13 - [MESSAGE][NOT_RUN] - NOT_RUN: verifyEqual(PLANNING_ACCOUNT_NAME, plaAcctName)]]></system-out>
         <system-err><![CDATA[]]></system-err>
      </testcase>
      <testcase name="Test Cases/Regression_TF_Customer/Create_Record/TC_13_Create_LDI_Vendor_Site" classname="Test Cases/Regression_TF_Customer/Create_Record/TC_13_Create_LDI_Vendor_Site" status="PASSED">
         <system-out><![CDATA[2019-01-23 19:06:13 - [TEST_CASE][PASSED] - Test Cases/Regression_TF_Customer/Create_Record/TC_13_Create_LDI_Vendor_Site: Test Cases/Regression_TF_Customer/Create_Record/TC_13_Create_LDI_Vendor_Site

2019-01-23 19:06:13 - [TEST_STEP][PASSED] - waitForPageLoad(G_Timeout): Wait for page load successfully

2019-01-23 19:06:13 - [MESSAGE][PASSED] - Wait for page load successfully

2019-01-23 19:06:13 - [TEST_STEP][PASSED] - mouseOver(findTestObject("TF_Customer_Create/1_Menu_Navigation_To_Open_All_Pages/0_Menu_Create_In_Data_View")): Object: 'Object Repository/TF_Customer_Create/1_Menu_Navigation_To_Open_All_Pages/0_Menu_Create_In_Data_View' is hovered

2019-01-23 19:06:13 - [MESSAGE][PASSED] - Object: 'Object Repository/TF_Customer_Create/1_Menu_Navigation_To_Open_All_Pages/0_Menu_Create_In_Data_View' is hovered

2019-01-23 19:06:13 - [TEST_STEP][PASSED] - waitForPageLoad(G_Timeout): Wait for page load successfully

2019-01-23 19:06:13 - [MESSAGE][PASSED] - Wait for page load successfully

2019-01-23 19:06:13 - [TEST_STEP][PASSED] - mouseOver(findTestObject("TF_Customer_Create/1_Menu_Navigation_To_Open_All_Pages/1_Menu_Create_Master_Data")): Object: 'Object Repository/TF_Customer_Create/1_Menu_Navigation_To_Open_All_Pages/1_Menu_Create_Master_Data' is hovered

2019-01-23 19:06:13 - [MESSAGE][PASSED] - Object: 'Object Repository/TF_Customer_Create/1_Menu_Navigation_To_Open_All_Pages/1_Menu_Create_Master_Data' is hovered

2019-01-23 19:06:13 - [TEST_STEP][PASSED] - waitForPageLoad(G_Timeout): Wait for page load successfully

2019-01-23 19:06:13 - [MESSAGE][PASSED] - Wait for page load successfully

2019-01-23 19:06:13 - [TEST_STEP][PASSED] - mouseOver(findTestObject("TF_Customer_Create/1_Menu_Navigation_To_Open_All_Pages/3_Planning_Account_Hoverover_Option")): Object: 'Object Repository/TF_Customer_Create/1_Menu_Navigation_To_Open_All_Pages/3_Planning_Account_Hoverover_Option' is hovered

2019-01-23 19:06:13 - [MESSAGE][PASSED] - Object: 'Object Repository/TF_Customer_Create/1_Menu_Navigation_To_Open_All_Pages/3_Planning_Account_Hoverover_Option' is hovered

2019-01-23 19:06:13 - [TEST_STEP][PASSED] - waitForPageLoad(G_Timeout): Wait for page load successfully

2019-01-23 19:06:13 - [MESSAGE][PASSED] - Wait for page load successfully

2019-01-23 19:06:13 - [TEST_STEP][PASSED] - click(findTestObject("TF_Customer_Create/2_Select_Menu_Options(All)/13_LDI_Vendor_Site")): Object: 'Object Repository/TF_Customer_Create/2_Select_Menu_Options(All)/13_LDI_Vendor_Site' is clicked on

2019-01-23 19:06:13 - [MESSAGE][PASSED] - Object: 'Object Repository/TF_Customer_Create/2_Select_Menu_Options(All)/13_LDI_Vendor_Site' is clicked on

2019-01-23 19:06:13 - [TEST_STEP][PASSED] - waitForPageLoad(G_Timeout): Wait for page load successfully

2019-01-23 19:06:13 - [MESSAGE][PASSED] - Wait for page load successfully

2019-01-23 19:06:13 - [TEST_STEP][PASSED] - delay(3): Delayed 3 second(s)

2019-01-23 19:06:16 - [MESSAGE][PASSED] - Delayed 3 second(s)

2019-01-23 19:06:16 - [TEST_STEP][PASSED] - vndSiteName = com.oracledb.regressiontest.genName(15): com.oracledb.regressiontest.genName is PASSED

2019-01-23 19:06:16 - [MESSAGE][PASSED] - com.oracledb.regressiontest.genName is PASSED

2019-01-23 19:06:16 - [TEST_STEP][PASSED] - vndSiteNumber = com.oracledb.regressiontest.genName(12): com.oracledb.regressiontest.genName is PASSED

2019-01-23 19:06:16 - [MESSAGE][PASSED] - com.oracledb.regressiontest.genName is PASSED

2019-01-23 19:06:16 - [TEST_STEP][PASSED] - vndSiteCd = com.oracledb.regressiontest.genName(10): com.oracledb.regressiontest.genName is PASSED

2019-01-23 19:06:16 - [MESSAGE][PASSED] - com.oracledb.regressiontest.genName is PASSED

2019-01-23 19:06:16 - [TEST_STEP][PASSED] - vndSiteCity = com.oracledb.regressiontest.genName(8): com.oracledb.regressiontest.genName is PASSED

2019-01-23 19:06:16 - [MESSAGE][PASSED] - com.oracledb.regressiontest.genName is PASSED

2019-01-23 19:06:16 - [TEST_STEP][PASSED] - vndSitePtlCd = com.oracledb.regressiontest.genName(6): com.oracledb.regressiontest.genName is PASSED

2019-01-23 19:06:16 - [MESSAGE][PASSED] - com.oracledb.regressiontest.genName is PASSED

2019-01-23 19:06:16 - [TEST_STEP][PASSED] - setText(findTestObject("TF_Customer_Create/4_Create_Objects_And_Save/13_Create_LDI_Vendor_Site/Input_Vendor_Site_Name/input_Vendor_Site_Nm"), vndSiteName): Text 'VWS11QJ8TFLFI2T' is set on object 'Object Repository/TF_Customer_Create/4_Create_Objects_And_Save/13_Create_LDI_Vendor_Site/Input_Vendor_Site_Name/input_Vendor_Site_Nm'

2019-01-23 19:06:17 - [MESSAGE][PASSED] - Text 'VWS11QJ8TFLFI2T' is set on object 'Object Repository/TF_Customer_Create/4_Create_Objects_And_Save/13_Create_LDI_Vendor_Site/Input_Vendor_Site_Name/input_Vendor_Site_Nm'

2019-01-23 19:06:17 - [TEST_STEP][PASSED] - setText(findTestObject("TF_Customer_Create/4_Create_Objects_And_Save/13_Create_LDI_Vendor_Site/Input_Vendor_Site_Name/input_Vendor_Site_Number"), vndSiteNumber): Text 'S2CX261817BO' is set on object 'Object Repository/TF_Customer_Create/4_Create_Objects_And_Save/13_Create_LDI_Vendor_Site/Input_Vendor_Site_Name/input_Vendor_Site_Number'

2019-01-23 19:06:17 - [MESSAGE][PASSED] - Text 'S2CX261817BO' is set on object 'Object Repository/TF_Customer_Create/4_Create_Objects_And_Save/13_Create_LDI_Vendor_Site/Input_Vendor_Site_Name/input_Vendor_Site_Number'

2019-01-23 19:06:17 - [TEST_STEP][PASSED] - setText(findTestObject("TF_Customer_Create/4_Create_Objects_And_Save/13_Create_LDI_Vendor_Site/Input_Vendor_Site_Name/input_Vendor_Site_Cd"), vndSiteCd): Text 'MO6PKJ3U8W' is set on object 'Object Repository/TF_Customer_Create/4_Create_Objects_And_Save/13_Create_LDI_Vendor_Site/Input_Vendor_Site_Name/input_Vendor_Site_Cd'

2019-01-23 19:06:17 - [MESSAGE][PASSED] - Text 'MO6PKJ3U8W' is set on object 'Object Repository/TF_Customer_Create/4_Create_Objects_And_Save/13_Create_LDI_Vendor_Site/Input_Vendor_Site_Name/input_Vendor_Site_Cd'

2019-01-23 19:06:17 - [TEST_STEP][PASSED] - setText(findTestObject("TF_Customer_Create/4_Create_Objects_And_Save/13_Create_LDI_Vendor_Site/Input_Vendor_Site_Name/input_Vendor_Site_City"), vndSiteCity): Text 'W6IQOYGN' is set on object 'Object Repository/TF_Customer_Create/4_Create_Objects_And_Save/13_Create_LDI_Vendor_Site/Input_Vendor_Site_Name/input_Vendor_Site_City'

2019-01-23 19:06:17 - [MESSAGE][PASSED] - Text 'W6IQOYGN' is set on object 'Object Repository/TF_Customer_Create/4_Create_Objects_And_Save/13_Create_LDI_Vendor_Site/Input_Vendor_Site_Name/input_Vendor_Site_City'

2019-01-23 19:06:17 - [TEST_STEP][PASSED] - setText(findTestObject("TF_Customer_Create/4_Create_Objects_And_Save/13_Create_LDI_Vendor_Site/Input_Vendor_Site_Name/input_Vendor_Site_Postal_Code"), vndSitePtlCd): Text '24OXL1' is set on object 'Object Repository/TF_Customer_Create/4_Create_Objects_And_Save/13_Create_LDI_Vendor_Site/Input_Vendor_Site_Name/input_Vendor_Site_Postal_Code'

2019-01-23 19:06:17 - [MESSAGE][PASSED] - Text '24OXL1' is set on object 'Object Repository/TF_Customer_Create/4_Create_Objects_And_Save/13_Create_LDI_Vendor_Site/Input_Vendor_Site_Name/input_Vendor_Site_Postal_Code'

2019-01-23 19:06:17 - [TEST_STEP][NOT_RUN] - setText(findTestObject("TF_Customer_Create/4_Create_Objects_And_Save/13_Create_LDI_Vendor_Site/Input_Vendor_Site_Name/input_Vendor_Site_Inactive_dt"), input_Eff_Dt): NOT_RUN: setText(findTestObject("TF_Customer_Create/4_Create_Objects_And_Save/13_Create_LDI_Vendor_Site/Input_Vendor_Site_Name/input_Vendor_Site_Inactive_dt"), input_Eff_Dt)

2019-01-23 19:06:17 - [MESSAGE][NOT_RUN] - NOT_RUN: setText(findTestObject("TF_Customer_Create/4_Create_Objects_And_Save/13_Create_LDI_Vendor_Site/Input_Vendor_Site_Name/input_Vendor_Site_Inactive_dt"), input_Eff_Dt)

2019-01-23 19:06:17 - [TEST_STEP][PASSED] - delay(2): Delayed 2 second(s)

2019-01-23 19:06:19 - [MESSAGE][PASSED] - Delayed 2 second(s)

2019-01-23 19:06:19 - [TEST_STEP][PASSED] - click(findTestObject("TF_Customer_Create/3_Common_Action_Buttons/Click_Data_Tab/span_Data_Tab")): Object: 'Object Repository/TF_Customer_Create/3_Common_Action_Buttons/Click_Data_Tab/span_Data_Tab' is clicked on

2019-01-23 19:06:19 - [MESSAGE][PASSED] - Object: 'Object Repository/TF_Customer_Create/3_Common_Action_Buttons/Click_Data_Tab/span_Data_Tab' is clicked on

2019-01-23 19:06:19 - [TEST_STEP][NOT_RUN] - click(findTestObject("TF_Customer_Create/4_Create_Objects_And_Save/Choose_Sales_Org/Click_Sales_Org_DD"), CONTINUE_ON_FAILURE): NOT_RUN: click(findTestObject("TF_Customer_Create/4_Create_Objects_And_Save/Choose_Sales_Org/Click_Sales_Org_DD"), CONTINUE_ON_FAILURE)

2019-01-23 19:06:19 - [MESSAGE][NOT_RUN] - NOT_RUN: click(findTestObject("TF_Customer_Create/4_Create_Objects_And_Save/Choose_Sales_Org/Click_Sales_Org_DD"), CONTINUE_ON_FAILURE)

2019-01-23 19:06:19 - [TEST_STEP][NOT_RUN] - click(findTestObject("TF_Customer_Create/4_Create_Objects_And_Save/Choose_Sales_Org/CA_Object"), CONTINUE_ON_FAILURE): NOT_RUN: click(findTestObject("TF_Customer_Create/4_Create_Objects_And_Save/Choose_Sales_Org/CA_Object"), CONTINUE_ON_FAILURE)

2019-01-23 19:06:19 - [MESSAGE][NOT_RUN] - NOT_RUN: click(findTestObject("TF_Customer_Create/4_Create_Objects_And_Save/Choose_Sales_Org/CA_Object"), CONTINUE_ON_FAILURE)

2019-01-23 19:06:19 - [TEST_STEP][PASSED] - delay(2): Delayed 2 second(s)

2019-01-23 19:06:21 - [MESSAGE][PASSED] - Delayed 2 second(s)

2019-01-23 19:06:21 - [TEST_STEP][PASSED] - click(findTestObject("TF_Customer_Create/3_Common_Action_Buttons/Click_Apply_Button/td_Apply")): Object: 'Object Repository/TF_Customer_Create/3_Common_Action_Buttons/Click_Apply_Button/td_Apply' is clicked on

2019-01-23 19:06:21 - [MESSAGE][PASSED] - Object: 'Object Repository/TF_Customer_Create/3_Common_Action_Buttons/Click_Apply_Button/td_Apply' is clicked on

2019-01-23 19:06:21 - [TEST_STEP][PASSED] - delay(2): Delayed 2 second(s)

2019-01-23 19:06:23 - [MESSAGE][PASSED] - Delayed 2 second(s)

2019-01-23 19:06:23 - [TEST_STEP][PASSED] - click(findTestObject("TF_Customer_Create/3_Common_Action_Buttons/Click_Save_Button/btn_Save")): Object: 'Object Repository/TF_Customer_Create/3_Common_Action_Buttons/Click_Save_Button/btn_Save' is clicked on

2019-01-23 19:06:23 - [MESSAGE][PASSED] - Object: 'Object Repository/TF_Customer_Create/3_Common_Action_Buttons/Click_Save_Button/btn_Save' is clicked on

2019-01-23 19:06:23 - [TEST_STEP][PASSED] - delay(2): Delayed 2 second(s)

2019-01-23 19:06:25 - [MESSAGE][PASSED] - Delayed 2 second(s)

2019-01-23 19:06:25 - [TEST_STEP][NOT_RUN] - verifyElementText(findTestObject("TF_Customer_Create/3_Common_Action_Buttons/Verify_Success_Message/Success_Message"), "Record has been saved successfully.", CONTINUE_ON_FAILURE): NOT_RUN: verifyElementText(findTestObject("TF_Customer_Create/3_Common_Action_Buttons/Verify_Success_Message/Success_Message"), "Record has been saved successfully.", CONTINUE_ON_FAILURE)

2019-01-23 19:06:25 - [MESSAGE][NOT_RUN] - NOT_RUN: verifyElementText(findTestObject("TF_Customer_Create/3_Common_Action_Buttons/Verify_Success_Message/Success_Message"), "Record has been saved successfully.", CONTINUE_ON_FAILURE)

2019-01-23 19:06:25 - [TEST_STEP][NOT_RUN] - click(findTestObject("TF_Customer_Create/3_Common_Action_Buttons/Click_Data_Tab/span_Data_Tab")): NOT_RUN: click(findTestObject("TF_Customer_Create/3_Common_Action_Buttons/Click_Data_Tab/span_Data_Tab"))

2019-01-23 19:06:25 - [MESSAGE][NOT_RUN] - NOT_RUN: click(findTestObject("TF_Customer_Create/3_Common_Action_Buttons/Click_Data_Tab/span_Data_Tab"))

2019-01-23 19:06:25 - [TEST_STEP][NOT_RUN] - delay(1): NOT_RUN: delay(1)

2019-01-23 19:06:25 - [MESSAGE][NOT_RUN] - NOT_RUN: delay(1)

2019-01-23 19:06:25 - [TEST_STEP][NOT_RUN] - click(findTestObject("TF_Customer_Create/3_Common_Action_Buttons/Click_Close_Button/btn_Close")): NOT_RUN: click(findTestObject("TF_Customer_Create/3_Common_Action_Buttons/Click_Close_Button/btn_Close"))

2019-01-23 19:06:25 - [MESSAGE][NOT_RUN] - NOT_RUN: click(findTestObject("TF_Customer_Create/3_Common_Action_Buttons/Click_Close_Button/btn_Close"))

2019-01-23 19:06:25 - [TEST_STEP][NOT_RUN] - delay(2): NOT_RUN: delay(2)

2019-01-23 19:06:25 - [MESSAGE][NOT_RUN] - NOT_RUN: delay(2)

2019-01-23 19:06:25 - [TEST_STEP][NOT_RUN] - vrfy_PLA = com.oracledb.regressiontest.verifyPLA(ora_connt, ora_usr, ora_psswrd, ora_schema, plaAcctName): NOT_RUN: vrfy_PLA = com.oracledb.regressiontest.verifyPLA(ora_connt, ora_usr, ora_psswrd, ora_schema, plaAcctName)

2019-01-23 19:06:25 - [MESSAGE][NOT_RUN] - NOT_RUN: vrfy_PLA = com.oracledb.regressiontest.verifyPLA(ora_connt, ora_usr, ora_psswrd, ora_schema, plaAcctName)

2019-01-23 19:06:25 - [TEST_STEP][NOT_RUN] - println("Planning Account Name"): NOT_RUN: println("Planning Account Name")

2019-01-23 19:06:25 - [MESSAGE][NOT_RUN] - NOT_RUN: println("Planning Account Name")

2019-01-23 19:06:25 - [TEST_STEP][NOT_RUN] - verifyEqual(PLANNING_ACCOUNT_NAME, plaAcctName): NOT_RUN: verifyEqual(PLANNING_ACCOUNT_NAME, plaAcctName)

2019-01-23 19:06:25 - [MESSAGE][NOT_RUN] - NOT_RUN: verifyEqual(PLANNING_ACCOUNT_NAME, plaAcctName)]]></system-out>
         <system-err><![CDATA[]]></system-err>
      </testcase>
      <testcase name="Test Cases/Regression_TF_Customer/Create_Record/TC_13_Create_LDI_Vendor_Site" classname="Test Cases/Regression_TF_Customer/Create_Record/TC_13_Create_LDI_Vendor_Site" status="PASSED">
         <system-out><![CDATA[2019-01-23 19:06:25 - [TEST_CASE][PASSED] - Test Cases/Regression_TF_Customer/Create_Record/TC_13_Create_LDI_Vendor_Site: Test Cases/Regression_TF_Customer/Create_Record/TC_13_Create_LDI_Vendor_Site

2019-01-23 19:06:25 - [TEST_STEP][PASSED] - waitForPageLoad(G_Timeout): Wait for page load successfully

2019-01-23 19:06:25 - [MESSAGE][PASSED] - Wait for page load successfully

2019-01-23 19:06:25 - [TEST_STEP][PASSED] - mouseOver(findTestObject("TF_Customer_Create/1_Menu_Navigation_To_Open_All_Pages/0_Menu_Create_In_Data_View")): Object: 'Object Repository/TF_Customer_Create/1_Menu_Navigation_To_Open_All_Pages/0_Menu_Create_In_Data_View' is hovered

2019-01-23 19:06:26 - [MESSAGE][PASSED] - Object: 'Object Repository/TF_Customer_Create/1_Menu_Navigation_To_Open_All_Pages/0_Menu_Create_In_Data_View' is hovered

2019-01-23 19:06:26 - [TEST_STEP][PASSED] - waitForPageLoad(G_Timeout): Wait for page load successfully

2019-01-23 19:06:26 - [MESSAGE][PASSED] - Wait for page load successfully

2019-01-23 19:06:26 - [TEST_STEP][PASSED] - mouseOver(findTestObject("TF_Customer_Create/1_Menu_Navigation_To_Open_All_Pages/1_Menu_Create_Master_Data")): Object: 'Object Repository/TF_Customer_Create/1_Menu_Navigation_To_Open_All_Pages/1_Menu_Create_Master_Data' is hovered

2019-01-23 19:06:26 - [MESSAGE][PASSED] - Object: 'Object Repository/TF_Customer_Create/1_Menu_Navigation_To_Open_All_Pages/1_Menu_Create_Master_Data' is hovered

2019-01-23 19:06:26 - [TEST_STEP][PASSED] - waitForPageLoad(G_Timeout): Wait for page load successfully

2019-01-23 19:06:26 - [MESSAGE][PASSED] - Wait for page load successfully

2019-01-23 19:06:26 - [TEST_STEP][PASSED] - mouseOver(findTestObject("TF_Customer_Create/1_Menu_Navigation_To_Open_All_Pages/3_Planning_Account_Hoverover_Option")): Object: 'Object Repository/TF_Customer_Create/1_Menu_Navigation_To_Open_All_Pages/3_Planning_Account_Hoverover_Option' is hovered

2019-01-23 19:06:26 - [MESSAGE][PASSED] - Object: 'Object Repository/TF_Customer_Create/1_Menu_Navigation_To_Open_All_Pages/3_Planning_Account_Hoverover_Option' is hovered

2019-01-23 19:06:26 - [TEST_STEP][PASSED] - waitForPageLoad(G_Timeout): Wait for page load successfully

2019-01-23 19:06:26 - [MESSAGE][PASSED] - Wait for page load successfully

2019-01-23 19:06:26 - [TEST_STEP][PASSED] - click(findTestObject("TF_Customer_Create/2_Select_Menu_Options(All)/13_LDI_Vendor_Site")): Object: 'Object Repository/TF_Customer_Create/2_Select_Menu_Options(All)/13_LDI_Vendor_Site' is clicked on

2019-01-23 19:06:26 - [MESSAGE][PASSED] - Object: 'Object Repository/TF_Customer_Create/2_Select_Menu_Options(All)/13_LDI_Vendor_Site' is clicked on

2019-01-23 19:06:26 - [TEST_STEP][PASSED] - waitForPageLoad(G_Timeout): Wait for page load successfully

2019-01-23 19:06:26 - [MESSAGE][PASSED] - Wait for page load successfully

2019-01-23 19:06:26 - [TEST_STEP][PASSED] - delay(3): Delayed 3 second(s)

2019-01-23 19:06:29 - [MESSAGE][PASSED] - Delayed 3 second(s)

2019-01-23 19:06:29 - [TEST_STEP][PASSED] - vndSiteName = com.oracledb.regressiontest.genName(15): com.oracledb.regressiontest.genName is PASSED

2019-01-23 19:06:29 - [MESSAGE][PASSED] - com.oracledb.regressiontest.genName is PASSED

2019-01-23 19:06:29 - [TEST_STEP][PASSED] - vndSiteNumber = com.oracledb.regressiontest.genName(12): com.oracledb.regressiontest.genName is PASSED

2019-01-23 19:06:29 - [MESSAGE][PASSED] - com.oracledb.regressiontest.genName is PASSED

2019-01-23 19:06:29 - [TEST_STEP][PASSED] - vndSiteCd = com.oracledb.regressiontest.genName(10): com.oracledb.regressiontest.genName is PASSED

2019-01-23 19:06:29 - [MESSAGE][PASSED] - com.oracledb.regressiontest.genName is PASSED

2019-01-23 19:06:29 - [TEST_STEP][PASSED] - vndSiteCity = com.oracledb.regressiontest.genName(8): com.oracledb.regressiontest.genName is PASSED

2019-01-23 19:06:29 - [MESSAGE][PASSED] - com.oracledb.regressiontest.genName is PASSED

2019-01-23 19:06:29 - [TEST_STEP][PASSED] - vndSitePtlCd = com.oracledb.regressiontest.genName(6): com.oracledb.regressiontest.genName is PASSED

2019-01-23 19:06:29 - [MESSAGE][PASSED] - com.oracledb.regressiontest.genName is PASSED

2019-01-23 19:06:29 - [TEST_STEP][PASSED] - setText(findTestObject("TF_Customer_Create/4_Create_Objects_And_Save/13_Create_LDI_Vendor_Site/Input_Vendor_Site_Name/input_Vendor_Site_Nm"), vndSiteName): Text '8FK272X7PUOFM4Z' is set on object 'Object Repository/TF_Customer_Create/4_Create_Objects_And_Save/13_Create_LDI_Vendor_Site/Input_Vendor_Site_Name/input_Vendor_Site_Nm'

2019-01-23 19:06:29 - [MESSAGE][PASSED] - Text '8FK272X7PUOFM4Z' is set on object 'Object Repository/TF_Customer_Create/4_Create_Objects_And_Save/13_Create_LDI_Vendor_Site/Input_Vendor_Site_Name/input_Vendor_Site_Nm'

2019-01-23 19:06:29 - [TEST_STEP][PASSED] - setText(findTestObject("TF_Customer_Create/4_Create_Objects_And_Save/13_Create_LDI_Vendor_Site/Input_Vendor_Site_Name/input_Vendor_Site_Number"), vndSiteNumber): Text 'FNUMN3VCFC6Y' is set on object 'Object Repository/TF_Customer_Create/4_Create_Objects_And_Save/13_Create_LDI_Vendor_Site/Input_Vendor_Site_Name/input_Vendor_Site_Number'

2019-01-23 19:06:30 - [MESSAGE][PASSED] - Text 'FNUMN3VCFC6Y' is set on object 'Object Repository/TF_Customer_Create/4_Create_Objects_And_Save/13_Create_LDI_Vendor_Site/Input_Vendor_Site_Name/input_Vendor_Site_Number'

2019-01-23 19:06:30 - [TEST_STEP][PASSED] - setText(findTestObject("TF_Customer_Create/4_Create_Objects_And_Save/13_Create_LDI_Vendor_Site/Input_Vendor_Site_Name/input_Vendor_Site_Cd"), vndSiteCd): Text '6VH2DFKCPE' is set on object 'Object Repository/TF_Customer_Create/4_Create_Objects_And_Save/13_Create_LDI_Vendor_Site/Input_Vendor_Site_Name/input_Vendor_Site_Cd'

2019-01-23 19:06:30 - [MESSAGE][PASSED] - Text '6VH2DFKCPE' is set on object 'Object Repository/TF_Customer_Create/4_Create_Objects_And_Save/13_Create_LDI_Vendor_Site/Input_Vendor_Site_Name/input_Vendor_Site_Cd'

2019-01-23 19:06:30 - [TEST_STEP][PASSED] - setText(findTestObject("TF_Customer_Create/4_Create_Objects_And_Save/13_Create_LDI_Vendor_Site/Input_Vendor_Site_Name/input_Vendor_Site_City"), vndSiteCity): Text 'FXVSXN4X' is set on object 'Object Repository/TF_Customer_Create/4_Create_Objects_And_Save/13_Create_LDI_Vendor_Site/Input_Vendor_Site_Name/input_Vendor_Site_City'

2019-01-23 19:06:30 - [MESSAGE][PASSED] - Text 'FXVSXN4X' is set on object 'Object Repository/TF_Customer_Create/4_Create_Objects_And_Save/13_Create_LDI_Vendor_Site/Input_Vendor_Site_Name/input_Vendor_Site_City'

2019-01-23 19:06:30 - [TEST_STEP][PASSED] - setText(findTestObject("TF_Customer_Create/4_Create_Objects_And_Save/13_Create_LDI_Vendor_Site/Input_Vendor_Site_Name/input_Vendor_Site_Postal_Code"), vndSitePtlCd): Text 'JFSPRC' is set on object 'Object Repository/TF_Customer_Create/4_Create_Objects_And_Save/13_Create_LDI_Vendor_Site/Input_Vendor_Site_Name/input_Vendor_Site_Postal_Code'

2019-01-23 19:06:30 - [MESSAGE][PASSED] - Text 'JFSPRC' is set on object 'Object Repository/TF_Customer_Create/4_Create_Objects_And_Save/13_Create_LDI_Vendor_Site/Input_Vendor_Site_Name/input_Vendor_Site_Postal_Code'

2019-01-23 19:06:30 - [TEST_STEP][NOT_RUN] - setText(findTestObject("TF_Customer_Create/4_Create_Objects_And_Save/13_Create_LDI_Vendor_Site/Input_Vendor_Site_Name/input_Vendor_Site_Inactive_dt"), input_Eff_Dt): NOT_RUN: setText(findTestObject("TF_Customer_Create/4_Create_Objects_And_Save/13_Create_LDI_Vendor_Site/Input_Vendor_Site_Name/input_Vendor_Site_Inactive_dt"), input_Eff_Dt)

2019-01-23 19:06:30 - [MESSAGE][NOT_RUN] - NOT_RUN: setText(findTestObject("TF_Customer_Create/4_Create_Objects_And_Save/13_Create_LDI_Vendor_Site/Input_Vendor_Site_Name/input_Vendor_Site_Inactive_dt"), input_Eff_Dt)

2019-01-23 19:06:30 - [TEST_STEP][PASSED] - delay(2): Delayed 2 second(s)

2019-01-23 19:06:32 - [MESSAGE][PASSED] - Delayed 2 second(s)

2019-01-23 19:06:32 - [TEST_STEP][PASSED] - click(findTestObject("TF_Customer_Create/3_Common_Action_Buttons/Click_Data_Tab/span_Data_Tab")): Object: 'Object Repository/TF_Customer_Create/3_Common_Action_Buttons/Click_Data_Tab/span_Data_Tab' is clicked on

2019-01-23 19:06:32 - [MESSAGE][PASSED] - Object: 'Object Repository/TF_Customer_Create/3_Common_Action_Buttons/Click_Data_Tab/span_Data_Tab' is clicked on

2019-01-23 19:06:32 - [TEST_STEP][NOT_RUN] - click(findTestObject("TF_Customer_Create/4_Create_Objects_And_Save/Choose_Sales_Org/Click_Sales_Org_DD"), CONTINUE_ON_FAILURE): NOT_RUN: click(findTestObject("TF_Customer_Create/4_Create_Objects_And_Save/Choose_Sales_Org/Click_Sales_Org_DD"), CONTINUE_ON_FAILURE)

2019-01-23 19:06:32 - [MESSAGE][NOT_RUN] - NOT_RUN: click(findTestObject("TF_Customer_Create/4_Create_Objects_And_Save/Choose_Sales_Org/Click_Sales_Org_DD"), CONTINUE_ON_FAILURE)

2019-01-23 19:06:32 - [TEST_STEP][NOT_RUN] - click(findTestObject("TF_Customer_Create/4_Create_Objects_And_Save/Choose_Sales_Org/CA_Object"), CONTINUE_ON_FAILURE): NOT_RUN: click(findTestObject("TF_Customer_Create/4_Create_Objects_And_Save/Choose_Sales_Org/CA_Object"), CONTINUE_ON_FAILURE)

2019-01-23 19:06:32 - [MESSAGE][NOT_RUN] - NOT_RUN: click(findTestObject("TF_Customer_Create/4_Create_Objects_And_Save/Choose_Sales_Org/CA_Object"), CONTINUE_ON_FAILURE)

2019-01-23 19:06:32 - [TEST_STEP][PASSED] - delay(2): Delayed 2 second(s)

2019-01-23 19:06:34 - [MESSAGE][PASSED] - Delayed 2 second(s)

2019-01-23 19:06:34 - [TEST_STEP][PASSED] - click(findTestObject("TF_Customer_Create/3_Common_Action_Buttons/Click_Apply_Button/td_Apply")): Object: 'Object Repository/TF_Customer_Create/3_Common_Action_Buttons/Click_Apply_Button/td_Apply' is clicked on

2019-01-23 19:06:34 - [MESSAGE][PASSED] - Object: 'Object Repository/TF_Customer_Create/3_Common_Action_Buttons/Click_Apply_Button/td_Apply' is clicked on

2019-01-23 19:06:34 - [TEST_STEP][PASSED] - delay(2): Delayed 2 second(s)

2019-01-23 19:06:36 - [MESSAGE][PASSED] - Delayed 2 second(s)

2019-01-23 19:06:36 - [TEST_STEP][PASSED] - click(findTestObject("TF_Customer_Create/3_Common_Action_Buttons/Click_Save_Button/btn_Save")): Object: 'Object Repository/TF_Customer_Create/3_Common_Action_Buttons/Click_Save_Button/btn_Save' is clicked on

2019-01-23 19:06:36 - [MESSAGE][PASSED] - Object: 'Object Repository/TF_Customer_Create/3_Common_Action_Buttons/Click_Save_Button/btn_Save' is clicked on

2019-01-23 19:06:36 - [TEST_STEP][PASSED] - delay(2): Delayed 2 second(s)

2019-01-23 19:06:38 - [MESSAGE][PASSED] - Delayed 2 second(s)

2019-01-23 19:06:38 - [TEST_STEP][NOT_RUN] - verifyElementText(findTestObject("TF_Customer_Create/3_Common_Action_Buttons/Verify_Success_Message/Success_Message"), "Record has been saved successfully.", CONTINUE_ON_FAILURE): NOT_RUN: verifyElementText(findTestObject("TF_Customer_Create/3_Common_Action_Buttons/Verify_Success_Message/Success_Message"), "Record has been saved successfully.", CONTINUE_ON_FAILURE)

2019-01-23 19:06:38 - [MESSAGE][NOT_RUN] - NOT_RUN: verifyElementText(findTestObject("TF_Customer_Create/3_Common_Action_Buttons/Verify_Success_Message/Success_Message"), "Record has been saved successfully.", CONTINUE_ON_FAILURE)

2019-01-23 19:06:38 - [TEST_STEP][NOT_RUN] - click(findTestObject("TF_Customer_Create/3_Common_Action_Buttons/Click_Data_Tab/span_Data_Tab")): NOT_RUN: click(findTestObject("TF_Customer_Create/3_Common_Action_Buttons/Click_Data_Tab/span_Data_Tab"))

2019-01-23 19:06:38 - [MESSAGE][NOT_RUN] - NOT_RUN: click(findTestObject("TF_Customer_Create/3_Common_Action_Buttons/Click_Data_Tab/span_Data_Tab"))

2019-01-23 19:06:38 - [TEST_STEP][NOT_RUN] - delay(1): NOT_RUN: delay(1)

2019-01-23 19:06:38 - [MESSAGE][NOT_RUN] - NOT_RUN: delay(1)

2019-01-23 19:06:38 - [TEST_STEP][NOT_RUN] - click(findTestObject("TF_Customer_Create/3_Common_Action_Buttons/Click_Close_Button/btn_Close")): NOT_RUN: click(findTestObject("TF_Customer_Create/3_Common_Action_Buttons/Click_Close_Button/btn_Close"))

2019-01-23 19:06:38 - [MESSAGE][NOT_RUN] - NOT_RUN: click(findTestObject("TF_Customer_Create/3_Common_Action_Buttons/Click_Close_Button/btn_Close"))

2019-01-23 19:06:38 - [TEST_STEP][NOT_RUN] - delay(2): NOT_RUN: delay(2)

2019-01-23 19:06:38 - [MESSAGE][NOT_RUN] - NOT_RUN: delay(2)

2019-01-23 19:06:38 - [TEST_STEP][NOT_RUN] - vrfy_PLA = com.oracledb.regressiontest.verifyPLA(ora_connt, ora_usr, ora_psswrd, ora_schema, plaAcctName): NOT_RUN: vrfy_PLA = com.oracledb.regressiontest.verifyPLA(ora_connt, ora_usr, ora_psswrd, ora_schema, plaAcctName)

2019-01-23 19:06:38 - [MESSAGE][NOT_RUN] - NOT_RUN: vrfy_PLA = com.oracledb.regressiontest.verifyPLA(ora_connt, ora_usr, ora_psswrd, ora_schema, plaAcctName)

2019-01-23 19:06:38 - [TEST_STEP][NOT_RUN] - println("Planning Account Name"): NOT_RUN: println("Planning Account Name")

2019-01-23 19:06:38 - [MESSAGE][NOT_RUN] - NOT_RUN: println("Planning Account Name")

2019-01-23 19:06:38 - [TEST_STEP][NOT_RUN] - verifyEqual(PLANNING_ACCOUNT_NAME, plaAcctName): NOT_RUN: verifyEqual(PLANNING_ACCOUNT_NAME, plaAcctName)

2019-01-23 19:06:38 - [MESSAGE][NOT_RUN] - NOT_RUN: verifyEqual(PLANNING_ACCOUNT_NAME, plaAcctName)]]></system-out>
         <system-err><![CDATA[]]></system-err>
      </testcase>
      <testcase name="Test Cases/Regression_TF_Customer/Create_Record/TC_13_Create_LDI_Vendor_Site" classname="Test Cases/Regression_TF_Customer/Create_Record/TC_13_Create_LDI_Vendor_Site" status="PASSED">
         <system-out><![CDATA[2019-01-23 19:06:38 - [TEST_CASE][PASSED] - Test Cases/Regression_TF_Customer/Create_Record/TC_13_Create_LDI_Vendor_Site: Test Cases/Regression_TF_Customer/Create_Record/TC_13_Create_LDI_Vendor_Site

2019-01-23 19:06:38 - [TEST_STEP][PASSED] - waitForPageLoad(G_Timeout): Wait for page load successfully

2019-01-23 19:06:38 - [MESSAGE][PASSED] - Wait for page load successfully

2019-01-23 19:06:38 - [TEST_STEP][PASSED] - mouseOver(findTestObject("TF_Customer_Create/1_Menu_Navigation_To_Open_All_Pages/0_Menu_Create_In_Data_View")): Object: 'Object Repository/TF_Customer_Create/1_Menu_Navigation_To_Open_All_Pages/0_Menu_Create_In_Data_View' is hovered

2019-01-23 19:06:38 - [MESSAGE][PASSED] - Object: 'Object Repository/TF_Customer_Create/1_Menu_Navigation_To_Open_All_Pages/0_Menu_Create_In_Data_View' is hovered

2019-01-23 19:06:38 - [TEST_STEP][PASSED] - waitForPageLoad(G_Timeout): Wait for page load successfully

2019-01-23 19:06:38 - [MESSAGE][PASSED] - Wait for page load successfully

2019-01-23 19:06:38 - [TEST_STEP][PASSED] - mouseOver(findTestObject("TF_Customer_Create/1_Menu_Navigation_To_Open_All_Pages/1_Menu_Create_Master_Data")): Object: 'Object Repository/TF_Customer_Create/1_Menu_Navigation_To_Open_All_Pages/1_Menu_Create_Master_Data' is hovered

2019-01-23 19:06:38 - [MESSAGE][PASSED] - Object: 'Object Repository/TF_Customer_Create/1_Menu_Navigation_To_Open_All_Pages/1_Menu_Create_Master_Data' is hovered

2019-01-23 19:06:38 - [TEST_STEP][PASSED] - waitForPageLoad(G_Timeout): Wait for page load successfully

2019-01-23 19:06:38 - [MESSAGE][PASSED] - Wait for page load successfully

2019-01-23 19:06:38 - [TEST_STEP][PASSED] - mouseOver(findTestObject("TF_Customer_Create/1_Menu_Navigation_To_Open_All_Pages/3_Planning_Account_Hoverover_Option")): Object: 'Object Repository/TF_Customer_Create/1_Menu_Navigation_To_Open_All_Pages/3_Planning_Account_Hoverover_Option' is hovered

2019-01-23 19:06:39 - [MESSAGE][PASSED] - Object: 'Object Repository/TF_Customer_Create/1_Menu_Navigation_To_Open_All_Pages/3_Planning_Account_Hoverover_Option' is hovered

2019-01-23 19:06:39 - [TEST_STEP][PASSED] - waitForPageLoad(G_Timeout): Wait for page load successfully

2019-01-23 19:06:39 - [MESSAGE][PASSED] - Wait for page load successfully

2019-01-23 19:06:39 - [TEST_STEP][PASSED] - click(findTestObject("TF_Customer_Create/2_Select_Menu_Options(All)/13_LDI_Vendor_Site")): Object: 'Object Repository/TF_Customer_Create/2_Select_Menu_Options(All)/13_LDI_Vendor_Site' is clicked on

2019-01-23 19:06:39 - [MESSAGE][PASSED] - Object: 'Object Repository/TF_Customer_Create/2_Select_Menu_Options(All)/13_LDI_Vendor_Site' is clicked on

2019-01-23 19:06:39 - [TEST_STEP][PASSED] - waitForPageLoad(G_Timeout): Wait for page load successfully

2019-01-23 19:06:39 - [MESSAGE][PASSED] - Wait for page load successfully

2019-01-23 19:06:39 - [TEST_STEP][PASSED] - delay(3): Delayed 3 second(s)

2019-01-23 19:06:42 - [MESSAGE][PASSED] - Delayed 3 second(s)

2019-01-23 19:06:42 - [TEST_STEP][PASSED] - vndSiteName = com.oracledb.regressiontest.genName(15): com.oracledb.regressiontest.genName is PASSED

2019-01-23 19:06:42 - [MESSAGE][PASSED] - com.oracledb.regressiontest.genName is PASSED

2019-01-23 19:06:42 - [TEST_STEP][PASSED] - vndSiteNumber = com.oracledb.regressiontest.genName(12): com.oracledb.regressiontest.genName is PASSED

2019-01-23 19:06:42 - [MESSAGE][PASSED] - com.oracledb.regressiontest.genName is PASSED

2019-01-23 19:06:42 - [TEST_STEP][PASSED] - vndSiteCd = com.oracledb.regressiontest.genName(10): com.oracledb.regressiontest.genName is PASSED

2019-01-23 19:06:42 - [MESSAGE][PASSED] - com.oracledb.regressiontest.genName is PASSED

2019-01-23 19:06:42 - [TEST_STEP][PASSED] - vndSiteCity = com.oracledb.regressiontest.genName(8): com.oracledb.regressiontest.genName is PASSED

2019-01-23 19:06:42 - [MESSAGE][PASSED] - com.oracledb.regressiontest.genName is PASSED

2019-01-23 19:06:42 - [TEST_STEP][PASSED] - vndSitePtlCd = com.oracledb.regressiontest.genName(6): com.oracledb.regressiontest.genName is PASSED

2019-01-23 19:06:42 - [MESSAGE][PASSED] - com.oracledb.regressiontest.genName is PASSED

2019-01-23 19:06:42 - [TEST_STEP][PASSED] - setText(findTestObject("TF_Customer_Create/4_Create_Objects_And_Save/13_Create_LDI_Vendor_Site/Input_Vendor_Site_Name/input_Vendor_Site_Nm"), vndSiteName): Text 'GEVL99S2VCKTG0Y' is set on object 'Object Repository/TF_Customer_Create/4_Create_Objects_And_Save/13_Create_LDI_Vendor_Site/Input_Vendor_Site_Name/input_Vendor_Site_Nm'

2019-01-23 19:06:42 - [MESSAGE][PASSED] - Text 'GEVL99S2VCKTG0Y' is set on object 'Object Repository/TF_Customer_Create/4_Create_Objects_And_Save/13_Create_LDI_Vendor_Site/Input_Vendor_Site_Name/input_Vendor_Site_Nm'

2019-01-23 19:06:42 - [TEST_STEP][PASSED] - setText(findTestObject("TF_Customer_Create/4_Create_Objects_And_Save/13_Create_LDI_Vendor_Site/Input_Vendor_Site_Name/input_Vendor_Site_Number"), vndSiteNumber): Text 'YYOHZJ9JJ5H1' is set on object 'Object Repository/TF_Customer_Create/4_Create_Objects_And_Save/13_Create_LDI_Vendor_Site/Input_Vendor_Site_Name/input_Vendor_Site_Number'

2019-01-23 19:06:42 - [MESSAGE][PASSED] - Text 'YYOHZJ9JJ5H1' is set on object 'Object Repository/TF_Customer_Create/4_Create_Objects_And_Save/13_Create_LDI_Vendor_Site/Input_Vendor_Site_Name/input_Vendor_Site_Number'

2019-01-23 19:06:42 - [TEST_STEP][PASSED] - setText(findTestObject("TF_Customer_Create/4_Create_Objects_And_Save/13_Create_LDI_Vendor_Site/Input_Vendor_Site_Name/input_Vendor_Site_Cd"), vndSiteCd): Text '39UVZJ71H2' is set on object 'Object Repository/TF_Customer_Create/4_Create_Objects_And_Save/13_Create_LDI_Vendor_Site/Input_Vendor_Site_Name/input_Vendor_Site_Cd'

2019-01-23 19:06:42 - [MESSAGE][PASSED] - Text '39UVZJ71H2' is set on object 'Object Repository/TF_Customer_Create/4_Create_Objects_And_Save/13_Create_LDI_Vendor_Site/Input_Vendor_Site_Name/input_Vendor_Site_Cd'

2019-01-23 19:06:42 - [TEST_STEP][PASSED] - setText(findTestObject("TF_Customer_Create/4_Create_Objects_And_Save/13_Create_LDI_Vendor_Site/Input_Vendor_Site_Name/input_Vendor_Site_City"), vndSiteCity): Text 'Q9ARVNP6' is set on object 'Object Repository/TF_Customer_Create/4_Create_Objects_And_Save/13_Create_LDI_Vendor_Site/Input_Vendor_Site_Name/input_Vendor_Site_City'

2019-01-23 19:06:43 - [MESSAGE][PASSED] - Text 'Q9ARVNP6' is set on object 'Object Repository/TF_Customer_Create/4_Create_Objects_And_Save/13_Create_LDI_Vendor_Site/Input_Vendor_Site_Name/input_Vendor_Site_City'

2019-01-23 19:06:43 - [TEST_STEP][PASSED] - setText(findTestObject("TF_Customer_Create/4_Create_Objects_And_Save/13_Create_LDI_Vendor_Site/Input_Vendor_Site_Name/input_Vendor_Site_Postal_Code"), vndSitePtlCd): Text 'L9H60Z' is set on object 'Object Repository/TF_Customer_Create/4_Create_Objects_And_Save/13_Create_LDI_Vendor_Site/Input_Vendor_Site_Name/input_Vendor_Site_Postal_Code'

2019-01-23 19:06:43 - [MESSAGE][PASSED] - Text 'L9H60Z' is set on object 'Object Repository/TF_Customer_Create/4_Create_Objects_And_Save/13_Create_LDI_Vendor_Site/Input_Vendor_Site_Name/input_Vendor_Site_Postal_Code'

2019-01-23 19:06:43 - [TEST_STEP][NOT_RUN] - setText(findTestObject("TF_Customer_Create/4_Create_Objects_And_Save/13_Create_LDI_Vendor_Site/Input_Vendor_Site_Name/input_Vendor_Site_Inactive_dt"), input_Eff_Dt): NOT_RUN: setText(findTestObject("TF_Customer_Create/4_Create_Objects_And_Save/13_Create_LDI_Vendor_Site/Input_Vendor_Site_Name/input_Vendor_Site_Inactive_dt"), input_Eff_Dt)

2019-01-23 19:06:43 - [MESSAGE][NOT_RUN] - NOT_RUN: setText(findTestObject("TF_Customer_Create/4_Create_Objects_And_Save/13_Create_LDI_Vendor_Site/Input_Vendor_Site_Name/input_Vendor_Site_Inactive_dt"), input_Eff_Dt)

2019-01-23 19:06:43 - [TEST_STEP][PASSED] - delay(2): Delayed 2 second(s)

2019-01-23 19:06:45 - [MESSAGE][PASSED] - Delayed 2 second(s)

2019-01-23 19:06:45 - [TEST_STEP][PASSED] - click(findTestObject("TF_Customer_Create/3_Common_Action_Buttons/Click_Data_Tab/span_Data_Tab")): Object: 'Object Repository/TF_Customer_Create/3_Common_Action_Buttons/Click_Data_Tab/span_Data_Tab' is clicked on

2019-01-23 19:06:45 - [MESSAGE][PASSED] - Object: 'Object Repository/TF_Customer_Create/3_Common_Action_Buttons/Click_Data_Tab/span_Data_Tab' is clicked on

2019-01-23 19:06:45 - [TEST_STEP][NOT_RUN] - click(findTestObject("TF_Customer_Create/4_Create_Objects_And_Save/Choose_Sales_Org/Click_Sales_Org_DD"), CONTINUE_ON_FAILURE): NOT_RUN: click(findTestObject("TF_Customer_Create/4_Create_Objects_And_Save/Choose_Sales_Org/Click_Sales_Org_DD"), CONTINUE_ON_FAILURE)

2019-01-23 19:06:45 - [MESSAGE][NOT_RUN] - NOT_RUN: click(findTestObject("TF_Customer_Create/4_Create_Objects_And_Save/Choose_Sales_Org/Click_Sales_Org_DD"), CONTINUE_ON_FAILURE)

2019-01-23 19:06:45 - [TEST_STEP][NOT_RUN] - click(findTestObject("TF_Customer_Create/4_Create_Objects_And_Save/Choose_Sales_Org/CA_Object"), CONTINUE_ON_FAILURE): NOT_RUN: click(findTestObject("TF_Customer_Create/4_Create_Objects_And_Save/Choose_Sales_Org/CA_Object"), CONTINUE_ON_FAILURE)

2019-01-23 19:06:45 - [MESSAGE][NOT_RUN] - NOT_RUN: click(findTestObject("TF_Customer_Create/4_Create_Objects_And_Save/Choose_Sales_Org/CA_Object"), CONTINUE_ON_FAILURE)

2019-01-23 19:06:45 - [TEST_STEP][PASSED] - delay(2): Delayed 2 second(s)

2019-01-23 19:06:47 - [MESSAGE][PASSED] - Delayed 2 second(s)

2019-01-23 19:06:47 - [TEST_STEP][PASSED] - click(findTestObject("TF_Customer_Create/3_Common_Action_Buttons/Click_Apply_Button/td_Apply")): Object: 'Object Repository/TF_Customer_Create/3_Common_Action_Buttons/Click_Apply_Button/td_Apply' is clicked on

2019-01-23 19:06:47 - [MESSAGE][PASSED] - Object: 'Object Repository/TF_Customer_Create/3_Common_Action_Buttons/Click_Apply_Button/td_Apply' is clicked on

2019-01-23 19:06:47 - [TEST_STEP][PASSED] - delay(2): Delayed 2 second(s)

2019-01-23 19:06:49 - [MESSAGE][PASSED] - Delayed 2 second(s)

2019-01-23 19:06:49 - [TEST_STEP][PASSED] - click(findTestObject("TF_Customer_Create/3_Common_Action_Buttons/Click_Save_Button/btn_Save")): Object: 'Object Repository/TF_Customer_Create/3_Common_Action_Buttons/Click_Save_Button/btn_Save' is clicked on

2019-01-23 19:06:49 - [MESSAGE][PASSED] - Object: 'Object Repository/TF_Customer_Create/3_Common_Action_Buttons/Click_Save_Button/btn_Save' is clicked on

2019-01-23 19:06:49 - [TEST_STEP][PASSED] - delay(2): Delayed 2 second(s)

2019-01-23 19:06:51 - [MESSAGE][PASSED] - Delayed 2 second(s)

2019-01-23 19:06:51 - [TEST_STEP][NOT_RUN] - verifyElementText(findTestObject("TF_Customer_Create/3_Common_Action_Buttons/Verify_Success_Message/Success_Message"), "Record has been saved successfully.", CONTINUE_ON_FAILURE): NOT_RUN: verifyElementText(findTestObject("TF_Customer_Create/3_Common_Action_Buttons/Verify_Success_Message/Success_Message"), "Record has been saved successfully.", CONTINUE_ON_FAILURE)

2019-01-23 19:06:51 - [MESSAGE][NOT_RUN] - NOT_RUN: verifyElementText(findTestObject("TF_Customer_Create/3_Common_Action_Buttons/Verify_Success_Message/Success_Message"), "Record has been saved successfully.", CONTINUE_ON_FAILURE)

2019-01-23 19:06:51 - [TEST_STEP][NOT_RUN] - click(findTestObject("TF_Customer_Create/3_Common_Action_Buttons/Click_Data_Tab/span_Data_Tab")): NOT_RUN: click(findTestObject("TF_Customer_Create/3_Common_Action_Buttons/Click_Data_Tab/span_Data_Tab"))

2019-01-23 19:06:51 - [MESSAGE][NOT_RUN] - NOT_RUN: click(findTestObject("TF_Customer_Create/3_Common_Action_Buttons/Click_Data_Tab/span_Data_Tab"))

2019-01-23 19:06:51 - [TEST_STEP][NOT_RUN] - delay(1): NOT_RUN: delay(1)

2019-01-23 19:06:51 - [MESSAGE][NOT_RUN] - NOT_RUN: delay(1)

2019-01-23 19:06:51 - [TEST_STEP][NOT_RUN] - click(findTestObject("TF_Customer_Create/3_Common_Action_Buttons/Click_Close_Button/btn_Close")): NOT_RUN: click(findTestObject("TF_Customer_Create/3_Common_Action_Buttons/Click_Close_Button/btn_Close"))

2019-01-23 19:06:51 - [MESSAGE][NOT_RUN] - NOT_RUN: click(findTestObject("TF_Customer_Create/3_Common_Action_Buttons/Click_Close_Button/btn_Close"))

2019-01-23 19:06:51 - [TEST_STEP][NOT_RUN] - delay(2): NOT_RUN: delay(2)

2019-01-23 19:06:51 - [MESSAGE][NOT_RUN] - NOT_RUN: delay(2)

2019-01-23 19:06:51 - [TEST_STEP][NOT_RUN] - vrfy_PLA = com.oracledb.regressiontest.verifyPLA(ora_connt, ora_usr, ora_psswrd, ora_schema, plaAcctName): NOT_RUN: vrfy_PLA = com.oracledb.regressiontest.verifyPLA(ora_connt, ora_usr, ora_psswrd, ora_schema, plaAcctName)

2019-01-23 19:06:51 - [MESSAGE][NOT_RUN] - NOT_RUN: vrfy_PLA = com.oracledb.regressiontest.verifyPLA(ora_connt, ora_usr, ora_psswrd, ora_schema, plaAcctName)

2019-01-23 19:06:51 - [TEST_STEP][NOT_RUN] - println("Planning Account Name"): NOT_RUN: println("Planning Account Name")

2019-01-23 19:06:51 - [MESSAGE][NOT_RUN] - NOT_RUN: println("Planning Account Name")

2019-01-23 19:06:51 - [TEST_STEP][NOT_RUN] - verifyEqual(PLANNING_ACCOUNT_NAME, plaAcctName): NOT_RUN: verifyEqual(PLANNING_ACCOUNT_NAME, plaAcctName)

2019-01-23 19:06:51 - [MESSAGE][NOT_RUN] - NOT_RUN: verifyEqual(PLANNING_ACCOUNT_NAME, plaAcctName)]]></system-out>
         <system-err><![CDATA[]]></system-err>
      </testcase>
      <testcase name="Test Cases/Regression_TF_Customer/Create_Record/TC_13_Create_LDI_Vendor_Site" classname="Test Cases/Regression_TF_Customer/Create_Record/TC_13_Create_LDI_Vendor_Site" status="PASSED">
         <system-out><![CDATA[2019-01-23 19:06:51 - [TEST_CASE][PASSED] - Test Cases/Regression_TF_Customer/Create_Record/TC_13_Create_LDI_Vendor_Site: Test Cases/Regression_TF_Customer/Create_Record/TC_13_Create_LDI_Vendor_Site

2019-01-23 19:06:51 - [TEST_STEP][PASSED] - waitForPageLoad(G_Timeout): Wait for page load successfully

2019-01-23 19:06:51 - [MESSAGE][PASSED] - Wait for page load successfully

2019-01-23 19:06:51 - [TEST_STEP][PASSED] - mouseOver(findTestObject("TF_Customer_Create/1_Menu_Navigation_To_Open_All_Pages/0_Menu_Create_In_Data_View")): Object: 'Object Repository/TF_Customer_Create/1_Menu_Navigation_To_Open_All_Pages/0_Menu_Create_In_Data_View' is hovered

2019-01-23 19:06:51 - [MESSAGE][PASSED] - Object: 'Object Repository/TF_Customer_Create/1_Menu_Navigation_To_Open_All_Pages/0_Menu_Create_In_Data_View' is hovered

2019-01-23 19:06:51 - [TEST_STEP][PASSED] - waitForPageLoad(G_Timeout): Wait for page load successfully

2019-01-23 19:06:51 - [MESSAGE][PASSED] - Wait for page load successfully

2019-01-23 19:06:51 - [TEST_STEP][PASSED] - mouseOver(findTestObject("TF_Customer_Create/1_Menu_Navigation_To_Open_All_Pages/1_Menu_Create_Master_Data")): Object: 'Object Repository/TF_Customer_Create/1_Menu_Navigation_To_Open_All_Pages/1_Menu_Create_Master_Data' is hovered

2019-01-23 19:06:51 - [MESSAGE][PASSED] - Object: 'Object Repository/TF_Customer_Create/1_Menu_Navigation_To_Open_All_Pages/1_Menu_Create_Master_Data' is hovered

2019-01-23 19:06:51 - [TEST_STEP][PASSED] - waitForPageLoad(G_Timeout): Wait for page load successfully

2019-01-23 19:06:51 - [MESSAGE][PASSED] - Wait for page load successfully

2019-01-23 19:06:51 - [TEST_STEP][PASSED] - mouseOver(findTestObject("TF_Customer_Create/1_Menu_Navigation_To_Open_All_Pages/3_Planning_Account_Hoverover_Option")): Object: 'Object Repository/TF_Customer_Create/1_Menu_Navigation_To_Open_All_Pages/3_Planning_Account_Hoverover_Option' is hovered

2019-01-23 19:06:52 - [MESSAGE][PASSED] - Object: 'Object Repository/TF_Customer_Create/1_Menu_Navigation_To_Open_All_Pages/3_Planning_Account_Hoverover_Option' is hovered

2019-01-23 19:06:52 - [TEST_STEP][PASSED] - waitForPageLoad(G_Timeout): Wait for page load successfully

2019-01-23 19:06:52 - [MESSAGE][PASSED] - Wait for page load successfully

2019-01-23 19:06:52 - [TEST_STEP][PASSED] - click(findTestObject("TF_Customer_Create/2_Select_Menu_Options(All)/13_LDI_Vendor_Site")): Object: 'Object Repository/TF_Customer_Create/2_Select_Menu_Options(All)/13_LDI_Vendor_Site' is clicked on

2019-01-23 19:06:52 - [MESSAGE][PASSED] - Object: 'Object Repository/TF_Customer_Create/2_Select_Menu_Options(All)/13_LDI_Vendor_Site' is clicked on

2019-01-23 19:06:52 - [TEST_STEP][PASSED] - waitForPageLoad(G_Timeout): Wait for page load successfully

2019-01-23 19:06:52 - [MESSAGE][PASSED] - Wait for page load successfully

2019-01-23 19:06:52 - [TEST_STEP][PASSED] - delay(3): Delayed 3 second(s)

2019-01-23 19:06:55 - [MESSAGE][PASSED] - Delayed 3 second(s)

2019-01-23 19:06:55 - [TEST_STEP][PASSED] - vndSiteName = com.oracledb.regressiontest.genName(15): com.oracledb.regressiontest.genName is PASSED

2019-01-23 19:06:55 - [MESSAGE][PASSED] - com.oracledb.regressiontest.genName is PASSED

2019-01-23 19:06:55 - [TEST_STEP][PASSED] - vndSiteNumber = com.oracledb.regressiontest.genName(12): com.oracledb.regressiontest.genName is PASSED

2019-01-23 19:06:55 - [MESSAGE][PASSED] - com.oracledb.regressiontest.genName is PASSED

2019-01-23 19:06:55 - [TEST_STEP][PASSED] - vndSiteCd = com.oracledb.regressiontest.genName(10): com.oracledb.regressiontest.genName is PASSED

2019-01-23 19:06:55 - [MESSAGE][PASSED] - com.oracledb.regressiontest.genName is PASSED

2019-01-23 19:06:55 - [TEST_STEP][PASSED] - vndSiteCity = com.oracledb.regressiontest.genName(8): com.oracledb.regressiontest.genName is PASSED

2019-01-23 19:06:55 - [MESSAGE][PASSED] - com.oracledb.regressiontest.genName is PASSED

2019-01-23 19:06:55 - [TEST_STEP][PASSED] - vndSitePtlCd = com.oracledb.regressiontest.genName(6): com.oracledb.regressiontest.genName is PASSED

2019-01-23 19:06:55 - [MESSAGE][PASSED] - com.oracledb.regressiontest.genName is PASSED

2019-01-23 19:06:55 - [TEST_STEP][PASSED] - setText(findTestObject("TF_Customer_Create/4_Create_Objects_And_Save/13_Create_LDI_Vendor_Site/Input_Vendor_Site_Name/input_Vendor_Site_Nm"), vndSiteName): Text 'R1N1VNFZ7GJTO44' is set on object 'Object Repository/TF_Customer_Create/4_Create_Objects_And_Save/13_Create_LDI_Vendor_Site/Input_Vendor_Site_Name/input_Vendor_Site_Nm'

2019-01-23 19:06:55 - [MESSAGE][PASSED] - Text 'R1N1VNFZ7GJTO44' is set on object 'Object Repository/TF_Customer_Create/4_Create_Objects_And_Save/13_Create_LDI_Vendor_Site/Input_Vendor_Site_Name/input_Vendor_Site_Nm'

2019-01-23 19:06:55 - [TEST_STEP][PASSED] - setText(findTestObject("TF_Customer_Create/4_Create_Objects_And_Save/13_Create_LDI_Vendor_Site/Input_Vendor_Site_Name/input_Vendor_Site_Number"), vndSiteNumber): Text 'ATXACQFLLP86' is set on object 'Object Repository/TF_Customer_Create/4_Create_Objects_And_Save/13_Create_LDI_Vendor_Site/Input_Vendor_Site_Name/input_Vendor_Site_Number'

2019-01-23 19:06:55 - [MESSAGE][PASSED] - Text 'ATXACQFLLP86' is set on object 'Object Repository/TF_Customer_Create/4_Create_Objects_And_Save/13_Create_LDI_Vendor_Site/Input_Vendor_Site_Name/input_Vendor_Site_Number'

2019-01-23 19:06:55 - [TEST_STEP][PASSED] - setText(findTestObject("TF_Customer_Create/4_Create_Objects_And_Save/13_Create_LDI_Vendor_Site/Input_Vendor_Site_Name/input_Vendor_Site_Cd"), vndSiteCd): Text '3Z3WVT9IS5' is set on object 'Object Repository/TF_Customer_Create/4_Create_Objects_And_Save/13_Create_LDI_Vendor_Site/Input_Vendor_Site_Name/input_Vendor_Site_Cd'

2019-01-23 19:06:55 - [MESSAGE][PASSED] - Text '3Z3WVT9IS5' is set on object 'Object Repository/TF_Customer_Create/4_Create_Objects_And_Save/13_Create_LDI_Vendor_Site/Input_Vendor_Site_Name/input_Vendor_Site_Cd'

2019-01-23 19:06:55 - [TEST_STEP][PASSED] - setText(findTestObject("TF_Customer_Create/4_Create_Objects_And_Save/13_Create_LDI_Vendor_Site/Input_Vendor_Site_Name/input_Vendor_Site_City"), vndSiteCity): Text '3YE7955Y' is set on object 'Object Repository/TF_Customer_Create/4_Create_Objects_And_Save/13_Create_LDI_Vendor_Site/Input_Vendor_Site_Name/input_Vendor_Site_City'

2019-01-23 19:06:55 - [MESSAGE][PASSED] - Text '3YE7955Y' is set on object 'Object Repository/TF_Customer_Create/4_Create_Objects_And_Save/13_Create_LDI_Vendor_Site/Input_Vendor_Site_Name/input_Vendor_Site_City'

2019-01-23 19:06:55 - [TEST_STEP][PASSED] - setText(findTestObject("TF_Customer_Create/4_Create_Objects_And_Save/13_Create_LDI_Vendor_Site/Input_Vendor_Site_Name/input_Vendor_Site_Postal_Code"), vndSitePtlCd): Text 'GDTD1V' is set on object 'Object Repository/TF_Customer_Create/4_Create_Objects_And_Save/13_Create_LDI_Vendor_Site/Input_Vendor_Site_Name/input_Vendor_Site_Postal_Code'

2019-01-23 19:06:56 - [MESSAGE][PASSED] - Text 'GDTD1V' is set on object 'Object Repository/TF_Customer_Create/4_Create_Objects_And_Save/13_Create_LDI_Vendor_Site/Input_Vendor_Site_Name/input_Vendor_Site_Postal_Code'

2019-01-23 19:06:56 - [TEST_STEP][NOT_RUN] - setText(findTestObject("TF_Customer_Create/4_Create_Objects_And_Save/13_Create_LDI_Vendor_Site/Input_Vendor_Site_Name/input_Vendor_Site_Inactive_dt"), input_Eff_Dt): NOT_RUN: setText(findTestObject("TF_Customer_Create/4_Create_Objects_And_Save/13_Create_LDI_Vendor_Site/Input_Vendor_Site_Name/input_Vendor_Site_Inactive_dt"), input_Eff_Dt)

2019-01-23 19:06:56 - [MESSAGE][NOT_RUN] - NOT_RUN: setText(findTestObject("TF_Customer_Create/4_Create_Objects_And_Save/13_Create_LDI_Vendor_Site/Input_Vendor_Site_Name/input_Vendor_Site_Inactive_dt"), input_Eff_Dt)

2019-01-23 19:06:56 - [TEST_STEP][PASSED] - delay(2): Delayed 2 second(s)

2019-01-23 19:06:58 - [MESSAGE][PASSED] - Delayed 2 second(s)

2019-01-23 19:06:58 - [TEST_STEP][PASSED] - click(findTestObject("TF_Customer_Create/3_Common_Action_Buttons/Click_Data_Tab/span_Data_Tab")): Object: 'Object Repository/TF_Customer_Create/3_Common_Action_Buttons/Click_Data_Tab/span_Data_Tab' is clicked on

2019-01-23 19:06:58 - [MESSAGE][PASSED] - Object: 'Object Repository/TF_Customer_Create/3_Common_Action_Buttons/Click_Data_Tab/span_Data_Tab' is clicked on

2019-01-23 19:06:58 - [TEST_STEP][NOT_RUN] - click(findTestObject("TF_Customer_Create/4_Create_Objects_And_Save/Choose_Sales_Org/Click_Sales_Org_DD"), CONTINUE_ON_FAILURE): NOT_RUN: click(findTestObject("TF_Customer_Create/4_Create_Objects_And_Save/Choose_Sales_Org/Click_Sales_Org_DD"), CONTINUE_ON_FAILURE)

2019-01-23 19:06:58 - [MESSAGE][NOT_RUN] - NOT_RUN: click(findTestObject("TF_Customer_Create/4_Create_Objects_And_Save/Choose_Sales_Org/Click_Sales_Org_DD"), CONTINUE_ON_FAILURE)

2019-01-23 19:06:58 - [TEST_STEP][NOT_RUN] - click(findTestObject("TF_Customer_Create/4_Create_Objects_And_Save/Choose_Sales_Org/CA_Object"), CONTINUE_ON_FAILURE): NOT_RUN: click(findTestObject("TF_Customer_Create/4_Create_Objects_And_Save/Choose_Sales_Org/CA_Object"), CONTINUE_ON_FAILURE)

2019-01-23 19:06:58 - [MESSAGE][NOT_RUN] - NOT_RUN: click(findTestObject("TF_Customer_Create/4_Create_Objects_And_Save/Choose_Sales_Org/CA_Object"), CONTINUE_ON_FAILURE)

2019-01-23 19:06:58 - [TEST_STEP][PASSED] - delay(2): Delayed 2 second(s)

2019-01-23 19:07:00 - [MESSAGE][PASSED] - Delayed 2 second(s)

2019-01-23 19:07:00 - [TEST_STEP][PASSED] - click(findTestObject("TF_Customer_Create/3_Common_Action_Buttons/Click_Apply_Button/td_Apply")): Object: 'Object Repository/TF_Customer_Create/3_Common_Action_Buttons/Click_Apply_Button/td_Apply' is clicked on

2019-01-23 19:07:00 - [MESSAGE][PASSED] - Object: 'Object Repository/TF_Customer_Create/3_Common_Action_Buttons/Click_Apply_Button/td_Apply' is clicked on

2019-01-23 19:07:00 - [TEST_STEP][PASSED] - delay(2): Delayed 2 second(s)

2019-01-23 19:07:02 - [MESSAGE][PASSED] - Delayed 2 second(s)

2019-01-23 19:07:02 - [TEST_STEP][PASSED] - click(findTestObject("TF_Customer_Create/3_Common_Action_Buttons/Click_Save_Button/btn_Save")): Object: 'Object Repository/TF_Customer_Create/3_Common_Action_Buttons/Click_Save_Button/btn_Save' is clicked on

2019-01-23 19:07:02 - [MESSAGE][PASSED] - Object: 'Object Repository/TF_Customer_Create/3_Common_Action_Buttons/Click_Save_Button/btn_Save' is clicked on

2019-01-23 19:07:02 - [TEST_STEP][PASSED] - delay(2): Delayed 2 second(s)

2019-01-23 19:07:04 - [MESSAGE][PASSED] - Delayed 2 second(s)

2019-01-23 19:07:04 - [TEST_STEP][NOT_RUN] - verifyElementText(findTestObject("TF_Customer_Create/3_Common_Action_Buttons/Verify_Success_Message/Success_Message"), "Record has been saved successfully.", CONTINUE_ON_FAILURE): NOT_RUN: verifyElementText(findTestObject("TF_Customer_Create/3_Common_Action_Buttons/Verify_Success_Message/Success_Message"), "Record has been saved successfully.", CONTINUE_ON_FAILURE)

2019-01-23 19:07:04 - [MESSAGE][NOT_RUN] - NOT_RUN: verifyElementText(findTestObject("TF_Customer_Create/3_Common_Action_Buttons/Verify_Success_Message/Success_Message"), "Record has been saved successfully.", CONTINUE_ON_FAILURE)

2019-01-23 19:07:04 - [TEST_STEP][NOT_RUN] - click(findTestObject("TF_Customer_Create/3_Common_Action_Buttons/Click_Data_Tab/span_Data_Tab")): NOT_RUN: click(findTestObject("TF_Customer_Create/3_Common_Action_Buttons/Click_Data_Tab/span_Data_Tab"))

2019-01-23 19:07:04 - [MESSAGE][NOT_RUN] - NOT_RUN: click(findTestObject("TF_Customer_Create/3_Common_Action_Buttons/Click_Data_Tab/span_Data_Tab"))

2019-01-23 19:07:04 - [TEST_STEP][NOT_RUN] - delay(1): NOT_RUN: delay(1)

2019-01-23 19:07:04 - [MESSAGE][NOT_RUN] - NOT_RUN: delay(1)

2019-01-23 19:07:04 - [TEST_STEP][NOT_RUN] - click(findTestObject("TF_Customer_Create/3_Common_Action_Buttons/Click_Close_Button/btn_Close")): NOT_RUN: click(findTestObject("TF_Customer_Create/3_Common_Action_Buttons/Click_Close_Button/btn_Close"))

2019-01-23 19:07:04 - [MESSAGE][NOT_RUN] - NOT_RUN: click(findTestObject("TF_Customer_Create/3_Common_Action_Buttons/Click_Close_Button/btn_Close"))

2019-01-23 19:07:04 - [TEST_STEP][NOT_RUN] - delay(2): NOT_RUN: delay(2)

2019-01-23 19:07:04 - [MESSAGE][NOT_RUN] - NOT_RUN: delay(2)

2019-01-23 19:07:04 - [TEST_STEP][NOT_RUN] - vrfy_PLA = com.oracledb.regressiontest.verifyPLA(ora_connt, ora_usr, ora_psswrd, ora_schema, plaAcctName): NOT_RUN: vrfy_PLA = com.oracledb.regressiontest.verifyPLA(ora_connt, ora_usr, ora_psswrd, ora_schema, plaAcctName)

2019-01-23 19:07:04 - [MESSAGE][NOT_RUN] - NOT_RUN: vrfy_PLA = com.oracledb.regressiontest.verifyPLA(ora_connt, ora_usr, ora_psswrd, ora_schema, plaAcctName)

2019-01-23 19:07:04 - [TEST_STEP][NOT_RUN] - println("Planning Account Name"): NOT_RUN: println("Planning Account Name")

2019-01-23 19:07:04 - [MESSAGE][NOT_RUN] - NOT_RUN: println("Planning Account Name")

2019-01-23 19:07:04 - [TEST_STEP][NOT_RUN] - verifyEqual(PLANNING_ACCOUNT_NAME, plaAcctName): NOT_RUN: verifyEqual(PLANNING_ACCOUNT_NAME, plaAcctName)

2019-01-23 19:07:04 - [MESSAGE][NOT_RUN] - NOT_RUN: verifyEqual(PLANNING_ACCOUNT_NAME, plaAcctName)]]></system-out>
         <system-err><![CDATA[]]></system-err>
      </testcase>
      <testcase name="Test Cases/Regression_TF_Customer/Create_Record/TC_13_Create_LDI_Vendor_Site" classname="Test Cases/Regression_TF_Customer/Create_Record/TC_13_Create_LDI_Vendor_Site" status="PASSED">
         <system-out><![CDATA[2019-01-23 19:07:04 - [TEST_CASE][PASSED] - Test Cases/Regression_TF_Customer/Create_Record/TC_13_Create_LDI_Vendor_Site: Test Cases/Regression_TF_Customer/Create_Record/TC_13_Create_LDI_Vendor_Site

2019-01-23 19:07:04 - [TEST_STEP][PASSED] - waitForPageLoad(G_Timeout): Wait for page load successfully

2019-01-23 19:07:04 - [MESSAGE][PASSED] - Wait for page load successfully

2019-01-23 19:07:04 - [TEST_STEP][PASSED] - mouseOver(findTestObject("TF_Customer_Create/1_Menu_Navigation_To_Open_All_Pages/0_Menu_Create_In_Data_View")): Object: 'Object Repository/TF_Customer_Create/1_Menu_Navigation_To_Open_All_Pages/0_Menu_Create_In_Data_View' is hovered

2019-01-23 19:07:04 - [MESSAGE][PASSED] - Object: 'Object Repository/TF_Customer_Create/1_Menu_Navigation_To_Open_All_Pages/0_Menu_Create_In_Data_View' is hovered

2019-01-23 19:07:04 - [TEST_STEP][PASSED] - waitForPageLoad(G_Timeout): Wait for page load successfully

2019-01-23 19:07:04 - [MESSAGE][PASSED] - Wait for page load successfully

2019-01-23 19:07:04 - [TEST_STEP][PASSED] - mouseOver(findTestObject("TF_Customer_Create/1_Menu_Navigation_To_Open_All_Pages/1_Menu_Create_Master_Data")): Object: 'Object Repository/TF_Customer_Create/1_Menu_Navigation_To_Open_All_Pages/1_Menu_Create_Master_Data' is hovered

2019-01-23 19:07:04 - [MESSAGE][PASSED] - Object: 'Object Repository/TF_Customer_Create/1_Menu_Navigation_To_Open_All_Pages/1_Menu_Create_Master_Data' is hovered

2019-01-23 19:07:04 - [TEST_STEP][PASSED] - waitForPageLoad(G_Timeout): Wait for page load successfully

2019-01-23 19:07:04 - [MESSAGE][PASSED] - Wait for page load successfully

2019-01-23 19:07:04 - [TEST_STEP][PASSED] - mouseOver(findTestObject("TF_Customer_Create/1_Menu_Navigation_To_Open_All_Pages/3_Planning_Account_Hoverover_Option")): Object: 'Object Repository/TF_Customer_Create/1_Menu_Navigation_To_Open_All_Pages/3_Planning_Account_Hoverover_Option' is hovered

2019-01-23 19:07:05 - [MESSAGE][PASSED] - Object: 'Object Repository/TF_Customer_Create/1_Menu_Navigation_To_Open_All_Pages/3_Planning_Account_Hoverover_Option' is hovered

2019-01-23 19:07:05 - [TEST_STEP][PASSED] - waitForPageLoad(G_Timeout): Wait for page load successfully

2019-01-23 19:07:05 - [MESSAGE][PASSED] - Wait for page load successfully

2019-01-23 19:07:05 - [TEST_STEP][PASSED] - click(findTestObject("TF_Customer_Create/2_Select_Menu_Options(All)/13_LDI_Vendor_Site")): Object: 'Object Repository/TF_Customer_Create/2_Select_Menu_Options(All)/13_LDI_Vendor_Site' is clicked on

2019-01-23 19:07:05 - [MESSAGE][PASSED] - Object: 'Object Repository/TF_Customer_Create/2_Select_Menu_Options(All)/13_LDI_Vendor_Site' is clicked on

2019-01-23 19:07:05 - [TEST_STEP][PASSED] - waitForPageLoad(G_Timeout): Wait for page load successfully

2019-01-23 19:07:05 - [MESSAGE][PASSED] - Wait for page load successfully

2019-01-23 19:07:05 - [TEST_STEP][PASSED] - delay(3): Delayed 3 second(s)

2019-01-23 19:07:08 - [MESSAGE][PASSED] - Delayed 3 second(s)

2019-01-23 19:07:08 - [TEST_STEP][PASSED] - vndSiteName = com.oracledb.regressiontest.genName(15): com.oracledb.regressiontest.genName is PASSED

2019-01-23 19:07:08 - [MESSAGE][PASSED] - com.oracledb.regressiontest.genName is PASSED

2019-01-23 19:07:08 - [TEST_STEP][PASSED] - vndSiteNumber = com.oracledb.regressiontest.genName(12): com.oracledb.regressiontest.genName is PASSED

2019-01-23 19:07:08 - [MESSAGE][PASSED] - com.oracledb.regressiontest.genName is PASSED

2019-01-23 19:07:08 - [TEST_STEP][PASSED] - vndSiteCd = com.oracledb.regressiontest.genName(10): com.oracledb.regressiontest.genName is PASSED

2019-01-23 19:07:08 - [MESSAGE][PASSED] - com.oracledb.regressiontest.genName is PASSED

2019-01-23 19:07:08 - [TEST_STEP][PASSED] - vndSiteCity = com.oracledb.regressiontest.genName(8): com.oracledb.regressiontest.genName is PASSED

2019-01-23 19:07:08 - [MESSAGE][PASSED] - com.oracledb.regressiontest.genName is PASSED

2019-01-23 19:07:08 - [TEST_STEP][PASSED] - vndSitePtlCd = com.oracledb.regressiontest.genName(6): com.oracledb.regressiontest.genName is PASSED

2019-01-23 19:07:08 - [MESSAGE][PASSED] - com.oracledb.regressiontest.genName is PASSED

2019-01-23 19:07:08 - [TEST_STEP][PASSED] - setText(findTestObject("TF_Customer_Create/4_Create_Objects_And_Save/13_Create_LDI_Vendor_Site/Input_Vendor_Site_Name/input_Vendor_Site_Nm"), vndSiteName): Text 'OY1P8SEYYKVAJ2O' is set on object 'Object Repository/TF_Customer_Create/4_Create_Objects_And_Save/13_Create_LDI_Vendor_Site/Input_Vendor_Site_Name/input_Vendor_Site_Nm'

2019-01-23 19:07:08 - [MESSAGE][PASSED] - Text 'OY1P8SEYYKVAJ2O' is set on object 'Object Repository/TF_Customer_Create/4_Create_Objects_And_Save/13_Create_LDI_Vendor_Site/Input_Vendor_Site_Name/input_Vendor_Site_Nm'

2019-01-23 19:07:08 - [TEST_STEP][PASSED] - setText(findTestObject("TF_Customer_Create/4_Create_Objects_And_Save/13_Create_LDI_Vendor_Site/Input_Vendor_Site_Name/input_Vendor_Site_Number"), vndSiteNumber): Text '7YALQWP40CG4' is set on object 'Object Repository/TF_Customer_Create/4_Create_Objects_And_Save/13_Create_LDI_Vendor_Site/Input_Vendor_Site_Name/input_Vendor_Site_Number'

2019-01-23 19:07:08 - [MESSAGE][PASSED] - Text '7YALQWP40CG4' is set on object 'Object Repository/TF_Customer_Create/4_Create_Objects_And_Save/13_Create_LDI_Vendor_Site/Input_Vendor_Site_Name/input_Vendor_Site_Number'

2019-01-23 19:07:08 - [TEST_STEP][PASSED] - setText(findTestObject("TF_Customer_Create/4_Create_Objects_And_Save/13_Create_LDI_Vendor_Site/Input_Vendor_Site_Name/input_Vendor_Site_Cd"), vndSiteCd): Text 'YG2SJWX9Q1' is set on object 'Object Repository/TF_Customer_Create/4_Create_Objects_And_Save/13_Create_LDI_Vendor_Site/Input_Vendor_Site_Name/input_Vendor_Site_Cd'

2019-01-23 19:07:08 - [MESSAGE][PASSED] - Text 'YG2SJWX9Q1' is set on object 'Object Repository/TF_Customer_Create/4_Create_Objects_And_Save/13_Create_LDI_Vendor_Site/Input_Vendor_Site_Name/input_Vendor_Site_Cd'

2019-01-23 19:07:08 - [TEST_STEP][PASSED] - setText(findTestObject("TF_Customer_Create/4_Create_Objects_And_Save/13_Create_LDI_Vendor_Site/Input_Vendor_Site_Name/input_Vendor_Site_City"), vndSiteCity): Text 'XXPN9SGD' is set on object 'Object Repository/TF_Customer_Create/4_Create_Objects_And_Save/13_Create_LDI_Vendor_Site/Input_Vendor_Site_Name/input_Vendor_Site_City'

2019-01-23 19:07:08 - [MESSAGE][PASSED] - Text 'XXPN9SGD' is set on object 'Object Repository/TF_Customer_Create/4_Create_Objects_And_Save/13_Create_LDI_Vendor_Site/Input_Vendor_Site_Name/input_Vendor_Site_City'

2019-01-23 19:07:08 - [TEST_STEP][PASSED] - setText(findTestObject("TF_Customer_Create/4_Create_Objects_And_Save/13_Create_LDI_Vendor_Site/Input_Vendor_Site_Name/input_Vendor_Site_Postal_Code"), vndSitePtlCd): Text '5PB8CQ' is set on object 'Object Repository/TF_Customer_Create/4_Create_Objects_And_Save/13_Create_LDI_Vendor_Site/Input_Vendor_Site_Name/input_Vendor_Site_Postal_Code'

2019-01-23 19:07:08 - [MESSAGE][PASSED] - Text '5PB8CQ' is set on object 'Object Repository/TF_Customer_Create/4_Create_Objects_And_Save/13_Create_LDI_Vendor_Site/Input_Vendor_Site_Name/input_Vendor_Site_Postal_Code'

2019-01-23 19:07:08 - [TEST_STEP][NOT_RUN] - setText(findTestObject("TF_Customer_Create/4_Create_Objects_And_Save/13_Create_LDI_Vendor_Site/Input_Vendor_Site_Name/input_Vendor_Site_Inactive_dt"), input_Eff_Dt): NOT_RUN: setText(findTestObject("TF_Customer_Create/4_Create_Objects_And_Save/13_Create_LDI_Vendor_Site/Input_Vendor_Site_Name/input_Vendor_Site_Inactive_dt"), input_Eff_Dt)

2019-01-23 19:07:08 - [MESSAGE][NOT_RUN] - NOT_RUN: setText(findTestObject("TF_Customer_Create/4_Create_Objects_And_Save/13_Create_LDI_Vendor_Site/Input_Vendor_Site_Name/input_Vendor_Site_Inactive_dt"), input_Eff_Dt)

2019-01-23 19:07:08 - [TEST_STEP][PASSED] - delay(2): Delayed 2 second(s)

2019-01-23 19:07:10 - [MESSAGE][PASSED] - Delayed 2 second(s)

2019-01-23 19:07:10 - [TEST_STEP][PASSED] - click(findTestObject("TF_Customer_Create/3_Common_Action_Buttons/Click_Data_Tab/span_Data_Tab")): Object: 'Object Repository/TF_Customer_Create/3_Common_Action_Buttons/Click_Data_Tab/span_Data_Tab' is clicked on

2019-01-23 19:07:10 - [MESSAGE][PASSED] - Object: 'Object Repository/TF_Customer_Create/3_Common_Action_Buttons/Click_Data_Tab/span_Data_Tab' is clicked on

2019-01-23 19:07:10 - [TEST_STEP][NOT_RUN] - click(findTestObject("TF_Customer_Create/4_Create_Objects_And_Save/Choose_Sales_Org/Click_Sales_Org_DD"), CONTINUE_ON_FAILURE): NOT_RUN: click(findTestObject("TF_Customer_Create/4_Create_Objects_And_Save/Choose_Sales_Org/Click_Sales_Org_DD"), CONTINUE_ON_FAILURE)

2019-01-23 19:07:10 - [MESSAGE][NOT_RUN] - NOT_RUN: click(findTestObject("TF_Customer_Create/4_Create_Objects_And_Save/Choose_Sales_Org/Click_Sales_Org_DD"), CONTINUE_ON_FAILURE)

2019-01-23 19:07:10 - [TEST_STEP][NOT_RUN] - click(findTestObject("TF_Customer_Create/4_Create_Objects_And_Save/Choose_Sales_Org/CA_Object"), CONTINUE_ON_FAILURE): NOT_RUN: click(findTestObject("TF_Customer_Create/4_Create_Objects_And_Save/Choose_Sales_Org/CA_Object"), CONTINUE_ON_FAILURE)

2019-01-23 19:07:10 - [MESSAGE][NOT_RUN] - NOT_RUN: click(findTestObject("TF_Customer_Create/4_Create_Objects_And_Save/Choose_Sales_Org/CA_Object"), CONTINUE_ON_FAILURE)

2019-01-23 19:07:10 - [TEST_STEP][PASSED] - delay(2): Delayed 2 second(s)

2019-01-23 19:07:12 - [MESSAGE][PASSED] - Delayed 2 second(s)

2019-01-23 19:07:12 - [TEST_STEP][PASSED] - click(findTestObject("TF_Customer_Create/3_Common_Action_Buttons/Click_Apply_Button/td_Apply")): Object: 'Object Repository/TF_Customer_Create/3_Common_Action_Buttons/Click_Apply_Button/td_Apply' is clicked on

2019-01-23 19:07:12 - [MESSAGE][PASSED] - Object: 'Object Repository/TF_Customer_Create/3_Common_Action_Buttons/Click_Apply_Button/td_Apply' is clicked on

2019-01-23 19:07:12 - [TEST_STEP][PASSED] - delay(2): Delayed 2 second(s)

2019-01-23 19:07:14 - [MESSAGE][PASSED] - Delayed 2 second(s)

2019-01-23 19:07:14 - [TEST_STEP][PASSED] - click(findTestObject("TF_Customer_Create/3_Common_Action_Buttons/Click_Save_Button/btn_Save")): Object: 'Object Repository/TF_Customer_Create/3_Common_Action_Buttons/Click_Save_Button/btn_Save' is clicked on

2019-01-23 19:07:15 - [MESSAGE][PASSED] - Object: 'Object Repository/TF_Customer_Create/3_Common_Action_Buttons/Click_Save_Button/btn_Save' is clicked on

2019-01-23 19:07:15 - [TEST_STEP][PASSED] - delay(2): Delayed 2 second(s)

2019-01-23 19:07:17 - [MESSAGE][PASSED] - Delayed 2 second(s)

2019-01-23 19:07:17 - [TEST_STEP][NOT_RUN] - verifyElementText(findTestObject("TF_Customer_Create/3_Common_Action_Buttons/Verify_Success_Message/Success_Message"), "Record has been saved successfully.", CONTINUE_ON_FAILURE): NOT_RUN: verifyElementText(findTestObject("TF_Customer_Create/3_Common_Action_Buttons/Verify_Success_Message/Success_Message"), "Record has been saved successfully.", CONTINUE_ON_FAILURE)

2019-01-23 19:07:17 - [MESSAGE][NOT_RUN] - NOT_RUN: verifyElementText(findTestObject("TF_Customer_Create/3_Common_Action_Buttons/Verify_Success_Message/Success_Message"), "Record has been saved successfully.", CONTINUE_ON_FAILURE)

2019-01-23 19:07:17 - [TEST_STEP][NOT_RUN] - click(findTestObject("TF_Customer_Create/3_Common_Action_Buttons/Click_Data_Tab/span_Data_Tab")): NOT_RUN: click(findTestObject("TF_Customer_Create/3_Common_Action_Buttons/Click_Data_Tab/span_Data_Tab"))

2019-01-23 19:07:17 - [MESSAGE][NOT_RUN] - NOT_RUN: click(findTestObject("TF_Customer_Create/3_Common_Action_Buttons/Click_Data_Tab/span_Data_Tab"))

2019-01-23 19:07:17 - [TEST_STEP][NOT_RUN] - delay(1): NOT_RUN: delay(1)

2019-01-23 19:07:17 - [MESSAGE][NOT_RUN] - NOT_RUN: delay(1)

2019-01-23 19:07:17 - [TEST_STEP][NOT_RUN] - click(findTestObject("TF_Customer_Create/3_Common_Action_Buttons/Click_Close_Button/btn_Close")): NOT_RUN: click(findTestObject("TF_Customer_Create/3_Common_Action_Buttons/Click_Close_Button/btn_Close"))

2019-01-23 19:07:17 - [MESSAGE][NOT_RUN] - NOT_RUN: click(findTestObject("TF_Customer_Create/3_Common_Action_Buttons/Click_Close_Button/btn_Close"))

2019-01-23 19:07:17 - [TEST_STEP][NOT_RUN] - delay(2): NOT_RUN: delay(2)

2019-01-23 19:07:17 - [MESSAGE][NOT_RUN] - NOT_RUN: delay(2)

2019-01-23 19:07:17 - [TEST_STEP][NOT_RUN] - vrfy_PLA = com.oracledb.regressiontest.verifyPLA(ora_connt, ora_usr, ora_psswrd, ora_schema, plaAcctName): NOT_RUN: vrfy_PLA = com.oracledb.regressiontest.verifyPLA(ora_connt, ora_usr, ora_psswrd, ora_schema, plaAcctName)

2019-01-23 19:07:17 - [MESSAGE][NOT_RUN] - NOT_RUN: vrfy_PLA = com.oracledb.regressiontest.verifyPLA(ora_connt, ora_usr, ora_psswrd, ora_schema, plaAcctName)

2019-01-23 19:07:17 - [TEST_STEP][NOT_RUN] - println("Planning Account Name"): NOT_RUN: println("Planning Account Name")

2019-01-23 19:07:17 - [MESSAGE][NOT_RUN] - NOT_RUN: println("Planning Account Name")

2019-01-23 19:07:17 - [TEST_STEP][NOT_RUN] - verifyEqual(PLANNING_ACCOUNT_NAME, plaAcctName): NOT_RUN: verifyEqual(PLANNING_ACCOUNT_NAME, plaAcctName)

2019-01-23 19:07:17 - [MESSAGE][NOT_RUN] - NOT_RUN: verifyEqual(PLANNING_ACCOUNT_NAME, plaAcctName)]]></system-out>
         <system-err><![CDATA[]]></system-err>
      </testcase>
      <testcase name="Test Cases/Regression_TF_Customer/Create_Record/TC_13_Create_LDI_Vendor_Site" classname="Test Cases/Regression_TF_Customer/Create_Record/TC_13_Create_LDI_Vendor_Site" status="PASSED">
         <system-out><![CDATA[2019-01-23 19:07:17 - [TEST_CASE][PASSED] - Test Cases/Regression_TF_Customer/Create_Record/TC_13_Create_LDI_Vendor_Site: Test Cases/Regression_TF_Customer/Create_Record/TC_13_Create_LDI_Vendor_Site

2019-01-23 19:07:17 - [TEST_STEP][PASSED] - waitForPageLoad(G_Timeout): Wait for page load successfully

2019-01-23 19:07:17 - [MESSAGE][PASSED] - Wait for page load successfully

2019-01-23 19:07:17 - [TEST_STEP][PASSED] - mouseOver(findTestObject("TF_Customer_Create/1_Menu_Navigation_To_Open_All_Pages/0_Menu_Create_In_Data_View")): Object: 'Object Repository/TF_Customer_Create/1_Menu_Navigation_To_Open_All_Pages/0_Menu_Create_In_Data_View' is hovered

2019-01-23 19:07:17 - [MESSAGE][PASSED] - Object: 'Object Repository/TF_Customer_Create/1_Menu_Navigation_To_Open_All_Pages/0_Menu_Create_In_Data_View' is hovered

2019-01-23 19:07:17 - [TEST_STEP][PASSED] - waitForPageLoad(G_Timeout): Wait for page load successfully

2019-01-23 19:07:17 - [MESSAGE][PASSED] - Wait for page load successfully

2019-01-23 19:07:17 - [TEST_STEP][PASSED] - mouseOver(findTestObject("TF_Customer_Create/1_Menu_Navigation_To_Open_All_Pages/1_Menu_Create_Master_Data")): Object: 'Object Repository/TF_Customer_Create/1_Menu_Navigation_To_Open_All_Pages/1_Menu_Create_Master_Data' is hovered

2019-01-23 19:07:17 - [MESSAGE][PASSED] - Object: 'Object Repository/TF_Customer_Create/1_Menu_Navigation_To_Open_All_Pages/1_Menu_Create_Master_Data' is hovered

2019-01-23 19:07:17 - [TEST_STEP][PASSED] - waitForPageLoad(G_Timeout): Wait for page load successfully

2019-01-23 19:07:17 - [MESSAGE][PASSED] - Wait for page load successfully

2019-01-23 19:07:17 - [TEST_STEP][PASSED] - mouseOver(findTestObject("TF_Customer_Create/1_Menu_Navigation_To_Open_All_Pages/3_Planning_Account_Hoverover_Option")): Object: 'Object Repository/TF_Customer_Create/1_Menu_Navigation_To_Open_All_Pages/3_Planning_Account_Hoverover_Option' is hovered

2019-01-23 19:07:17 - [MESSAGE][PASSED] - Object: 'Object Repository/TF_Customer_Create/1_Menu_Navigation_To_Open_All_Pages/3_Planning_Account_Hoverover_Option' is hovered

2019-01-23 19:07:17 - [TEST_STEP][PASSED] - waitForPageLoad(G_Timeout): Wait for page load successfully

2019-01-23 19:07:17 - [MESSAGE][PASSED] - Wait for page load successfully

2019-01-23 19:07:17 - [TEST_STEP][PASSED] - click(findTestObject("TF_Customer_Create/2_Select_Menu_Options(All)/13_LDI_Vendor_Site")): Object: 'Object Repository/TF_Customer_Create/2_Select_Menu_Options(All)/13_LDI_Vendor_Site' is clicked on

2019-01-23 19:07:17 - [MESSAGE][PASSED] - Object: 'Object Repository/TF_Customer_Create/2_Select_Menu_Options(All)/13_LDI_Vendor_Site' is clicked on

2019-01-23 19:07:17 - [TEST_STEP][PASSED] - waitForPageLoad(G_Timeout): Wait for page load successfully

2019-01-23 19:07:17 - [MESSAGE][PASSED] - Wait for page load successfully

2019-01-23 19:07:17 - [TEST_STEP][PASSED] - delay(3): Delayed 3 second(s)

2019-01-23 19:07:20 - [MESSAGE][PASSED] - Delayed 3 second(s)

2019-01-23 19:07:20 - [TEST_STEP][PASSED] - vndSiteName = com.oracledb.regressiontest.genName(15): com.oracledb.regressiontest.genName is PASSED

2019-01-23 19:07:20 - [MESSAGE][PASSED] - com.oracledb.regressiontest.genName is PASSED

2019-01-23 19:07:20 - [TEST_STEP][PASSED] - vndSiteNumber = com.oracledb.regressiontest.genName(12): com.oracledb.regressiontest.genName is PASSED

2019-01-23 19:07:20 - [MESSAGE][PASSED] - com.oracledb.regressiontest.genName is PASSED

2019-01-23 19:07:20 - [TEST_STEP][PASSED] - vndSiteCd = com.oracledb.regressiontest.genName(10): com.oracledb.regressiontest.genName is PASSED

2019-01-23 19:07:20 - [MESSAGE][PASSED] - com.oracledb.regressiontest.genName is PASSED

2019-01-23 19:07:20 - [TEST_STEP][PASSED] - vndSiteCity = com.oracledb.regressiontest.genName(8): com.oracledb.regressiontest.genName is PASSED

2019-01-23 19:07:20 - [MESSAGE][PASSED] - com.oracledb.regressiontest.genName is PASSED

2019-01-23 19:07:20 - [TEST_STEP][PASSED] - vndSitePtlCd = com.oracledb.regressiontest.genName(6): com.oracledb.regressiontest.genName is PASSED

2019-01-23 19:07:20 - [MESSAGE][PASSED] - com.oracledb.regressiontest.genName is PASSED

2019-01-23 19:07:20 - [TEST_STEP][PASSED] - setText(findTestObject("TF_Customer_Create/4_Create_Objects_And_Save/13_Create_LDI_Vendor_Site/Input_Vendor_Site_Name/input_Vendor_Site_Nm"), vndSiteName): Text 'WSUOJQIB4RUXXI7' is set on object 'Object Repository/TF_Customer_Create/4_Create_Objects_And_Save/13_Create_LDI_Vendor_Site/Input_Vendor_Site_Name/input_Vendor_Site_Nm'

2019-01-23 19:07:21 - [MESSAGE][PASSED] - Text 'WSUOJQIB4RUXXI7' is set on object 'Object Repository/TF_Customer_Create/4_Create_Objects_And_Save/13_Create_LDI_Vendor_Site/Input_Vendor_Site_Name/input_Vendor_Site_Nm'

2019-01-23 19:07:21 - [TEST_STEP][PASSED] - setText(findTestObject("TF_Customer_Create/4_Create_Objects_And_Save/13_Create_LDI_Vendor_Site/Input_Vendor_Site_Name/input_Vendor_Site_Number"), vndSiteNumber): Text 'B8NAS6L782KF' is set on object 'Object Repository/TF_Customer_Create/4_Create_Objects_And_Save/13_Create_LDI_Vendor_Site/Input_Vendor_Site_Name/input_Vendor_Site_Number'

2019-01-23 19:07:21 - [MESSAGE][PASSED] - Text 'B8NAS6L782KF' is set on object 'Object Repository/TF_Customer_Create/4_Create_Objects_And_Save/13_Create_LDI_Vendor_Site/Input_Vendor_Site_Name/input_Vendor_Site_Number'

2019-01-23 19:07:21 - [TEST_STEP][PASSED] - setText(findTestObject("TF_Customer_Create/4_Create_Objects_And_Save/13_Create_LDI_Vendor_Site/Input_Vendor_Site_Name/input_Vendor_Site_Cd"), vndSiteCd): Text '3UV1U3V7JN' is set on object 'Object Repository/TF_Customer_Create/4_Create_Objects_And_Save/13_Create_LDI_Vendor_Site/Input_Vendor_Site_Name/input_Vendor_Site_Cd'

2019-01-23 19:07:21 - [MESSAGE][PASSED] - Text '3UV1U3V7JN' is set on object 'Object Repository/TF_Customer_Create/4_Create_Objects_And_Save/13_Create_LDI_Vendor_Site/Input_Vendor_Site_Name/input_Vendor_Site_Cd'

2019-01-23 19:07:21 - [TEST_STEP][PASSED] - setText(findTestObject("TF_Customer_Create/4_Create_Objects_And_Save/13_Create_LDI_Vendor_Site/Input_Vendor_Site_Name/input_Vendor_Site_City"), vndSiteCity): Text '6J8TKFXX' is set on object 'Object Repository/TF_Customer_Create/4_Create_Objects_And_Save/13_Create_LDI_Vendor_Site/Input_Vendor_Site_Name/input_Vendor_Site_City'

2019-01-23 19:07:21 - [MESSAGE][PASSED] - Text '6J8TKFXX' is set on object 'Object Repository/TF_Customer_Create/4_Create_Objects_And_Save/13_Create_LDI_Vendor_Site/Input_Vendor_Site_Name/input_Vendor_Site_City'

2019-01-23 19:07:21 - [TEST_STEP][PASSED] - setText(findTestObject("TF_Customer_Create/4_Create_Objects_And_Save/13_Create_LDI_Vendor_Site/Input_Vendor_Site_Name/input_Vendor_Site_Postal_Code"), vndSitePtlCd): Text '1NUEQD' is set on object 'Object Repository/TF_Customer_Create/4_Create_Objects_And_Save/13_Create_LDI_Vendor_Site/Input_Vendor_Site_Name/input_Vendor_Site_Postal_Code'

2019-01-23 19:07:21 - [MESSAGE][PASSED] - Text '1NUEQD' is set on object 'Object Repository/TF_Customer_Create/4_Create_Objects_And_Save/13_Create_LDI_Vendor_Site/Input_Vendor_Site_Name/input_Vendor_Site_Postal_Code'

2019-01-23 19:07:21 - [TEST_STEP][NOT_RUN] - setText(findTestObject("TF_Customer_Create/4_Create_Objects_And_Save/13_Create_LDI_Vendor_Site/Input_Vendor_Site_Name/input_Vendor_Site_Inactive_dt"), input_Eff_Dt): NOT_RUN: setText(findTestObject("TF_Customer_Create/4_Create_Objects_And_Save/13_Create_LDI_Vendor_Site/Input_Vendor_Site_Name/input_Vendor_Site_Inactive_dt"), input_Eff_Dt)

2019-01-23 19:07:21 - [MESSAGE][NOT_RUN] - NOT_RUN: setText(findTestObject("TF_Customer_Create/4_Create_Objects_And_Save/13_Create_LDI_Vendor_Site/Input_Vendor_Site_Name/input_Vendor_Site_Inactive_dt"), input_Eff_Dt)

2019-01-23 19:07:21 - [TEST_STEP][PASSED] - delay(2): Delayed 2 second(s)

2019-01-23 19:07:23 - [MESSAGE][PASSED] - Delayed 2 second(s)

2019-01-23 19:07:23 - [TEST_STEP][PASSED] - click(findTestObject("TF_Customer_Create/3_Common_Action_Buttons/Click_Data_Tab/span_Data_Tab")): Object: 'Object Repository/TF_Customer_Create/3_Common_Action_Buttons/Click_Data_Tab/span_Data_Tab' is clicked on

2019-01-23 19:07:23 - [MESSAGE][PASSED] - Object: 'Object Repository/TF_Customer_Create/3_Common_Action_Buttons/Click_Data_Tab/span_Data_Tab' is clicked on

2019-01-23 19:07:23 - [TEST_STEP][NOT_RUN] - click(findTestObject("TF_Customer_Create/4_Create_Objects_And_Save/Choose_Sales_Org/Click_Sales_Org_DD"), CONTINUE_ON_FAILURE): NOT_RUN: click(findTestObject("TF_Customer_Create/4_Create_Objects_And_Save/Choose_Sales_Org/Click_Sales_Org_DD"), CONTINUE_ON_FAILURE)

2019-01-23 19:07:23 - [MESSAGE][NOT_RUN] - NOT_RUN: click(findTestObject("TF_Customer_Create/4_Create_Objects_And_Save/Choose_Sales_Org/Click_Sales_Org_DD"), CONTINUE_ON_FAILURE)

2019-01-23 19:07:23 - [TEST_STEP][NOT_RUN] - click(findTestObject("TF_Customer_Create/4_Create_Objects_And_Save/Choose_Sales_Org/CA_Object"), CONTINUE_ON_FAILURE): NOT_RUN: click(findTestObject("TF_Customer_Create/4_Create_Objects_And_Save/Choose_Sales_Org/CA_Object"), CONTINUE_ON_FAILURE)

2019-01-23 19:07:23 - [MESSAGE][NOT_RUN] - NOT_RUN: click(findTestObject("TF_Customer_Create/4_Create_Objects_And_Save/Choose_Sales_Org/CA_Object"), CONTINUE_ON_FAILURE)

2019-01-23 19:07:23 - [TEST_STEP][PASSED] - delay(2): Delayed 2 second(s)

2019-01-23 19:07:25 - [MESSAGE][PASSED] - Delayed 2 second(s)

2019-01-23 19:07:25 - [TEST_STEP][PASSED] - click(findTestObject("TF_Customer_Create/3_Common_Action_Buttons/Click_Apply_Button/td_Apply")): Object: 'Object Repository/TF_Customer_Create/3_Common_Action_Buttons/Click_Apply_Button/td_Apply' is clicked on

2019-01-23 19:07:25 - [MESSAGE][PASSED] - Object: 'Object Repository/TF_Customer_Create/3_Common_Action_Buttons/Click_Apply_Button/td_Apply' is clicked on

2019-01-23 19:07:25 - [TEST_STEP][PASSED] - delay(2): Delayed 2 second(s)

2019-01-23 19:07:27 - [MESSAGE][PASSED] - Delayed 2 second(s)

2019-01-23 19:07:27 - [TEST_STEP][PASSED] - click(findTestObject("TF_Customer_Create/3_Common_Action_Buttons/Click_Save_Button/btn_Save")): Object: 'Object Repository/TF_Customer_Create/3_Common_Action_Buttons/Click_Save_Button/btn_Save' is clicked on

2019-01-23 19:07:27 - [MESSAGE][PASSED] - Object: 'Object Repository/TF_Customer_Create/3_Common_Action_Buttons/Click_Save_Button/btn_Save' is clicked on

2019-01-23 19:07:27 - [TEST_STEP][PASSED] - delay(2): Delayed 2 second(s)

2019-01-23 19:07:29 - [MESSAGE][PASSED] - Delayed 2 second(s)

2019-01-23 19:07:29 - [TEST_STEP][NOT_RUN] - verifyElementText(findTestObject("TF_Customer_Create/3_Common_Action_Buttons/Verify_Success_Message/Success_Message"), "Record has been saved successfully.", CONTINUE_ON_FAILURE): NOT_RUN: verifyElementText(findTestObject("TF_Customer_Create/3_Common_Action_Buttons/Verify_Success_Message/Success_Message"), "Record has been saved successfully.", CONTINUE_ON_FAILURE)

2019-01-23 19:07:29 - [MESSAGE][NOT_RUN] - NOT_RUN: verifyElementText(findTestObject("TF_Customer_Create/3_Common_Action_Buttons/Verify_Success_Message/Success_Message"), "Record has been saved successfully.", CONTINUE_ON_FAILURE)

2019-01-23 19:07:29 - [TEST_STEP][NOT_RUN] - click(findTestObject("TF_Customer_Create/3_Common_Action_Buttons/Click_Data_Tab/span_Data_Tab")): NOT_RUN: click(findTestObject("TF_Customer_Create/3_Common_Action_Buttons/Click_Data_Tab/span_Data_Tab"))

2019-01-23 19:07:29 - [MESSAGE][NOT_RUN] - NOT_RUN: click(findTestObject("TF_Customer_Create/3_Common_Action_Buttons/Click_Data_Tab/span_Data_Tab"))

2019-01-23 19:07:29 - [TEST_STEP][NOT_RUN] - delay(1): NOT_RUN: delay(1)

2019-01-23 19:07:29 - [MESSAGE][NOT_RUN] - NOT_RUN: delay(1)

2019-01-23 19:07:29 - [TEST_STEP][NOT_RUN] - click(findTestObject("TF_Customer_Create/3_Common_Action_Buttons/Click_Close_Button/btn_Close")): NOT_RUN: click(findTestObject("TF_Customer_Create/3_Common_Action_Buttons/Click_Close_Button/btn_Close"))

2019-01-23 19:07:29 - [MESSAGE][NOT_RUN] - NOT_RUN: click(findTestObject("TF_Customer_Create/3_Common_Action_Buttons/Click_Close_Button/btn_Close"))

2019-01-23 19:07:29 - [TEST_STEP][NOT_RUN] - delay(2): NOT_RUN: delay(2)

2019-01-23 19:07:29 - [MESSAGE][NOT_RUN] - NOT_RUN: delay(2)

2019-01-23 19:07:29 - [TEST_STEP][NOT_RUN] - vrfy_PLA = com.oracledb.regressiontest.verifyPLA(ora_connt, ora_usr, ora_psswrd, ora_schema, plaAcctName): NOT_RUN: vrfy_PLA = com.oracledb.regressiontest.verifyPLA(ora_connt, ora_usr, ora_psswrd, ora_schema, plaAcctName)

2019-01-23 19:07:29 - [MESSAGE][NOT_RUN] - NOT_RUN: vrfy_PLA = com.oracledb.regressiontest.verifyPLA(ora_connt, ora_usr, ora_psswrd, ora_schema, plaAcctName)

2019-01-23 19:07:29 - [TEST_STEP][NOT_RUN] - println("Planning Account Name"): NOT_RUN: println("Planning Account Name")

2019-01-23 19:07:29 - [MESSAGE][NOT_RUN] - NOT_RUN: println("Planning Account Name")

2019-01-23 19:07:29 - [TEST_STEP][NOT_RUN] - verifyEqual(PLANNING_ACCOUNT_NAME, plaAcctName): NOT_RUN: verifyEqual(PLANNING_ACCOUNT_NAME, plaAcctName)

2019-01-23 19:07:29 - [MESSAGE][NOT_RUN] - NOT_RUN: verifyEqual(PLANNING_ACCOUNT_NAME, plaAcctName)]]></system-out>
         <system-err><![CDATA[]]></system-err>
      </testcase>
      <testcase name="Test Cases/Regression_TF_Customer/Create_Record/TC_13_Create_LDI_Vendor_Site" classname="Test Cases/Regression_TF_Customer/Create_Record/TC_13_Create_LDI_Vendor_Site" status="PASSED">
         <system-out><![CDATA[2019-01-23 19:07:29 - [TEST_CASE][PASSED] - Test Cases/Regression_TF_Customer/Create_Record/TC_13_Create_LDI_Vendor_Site: Test Cases/Regression_TF_Customer/Create_Record/TC_13_Create_LDI_Vendor_Site

2019-01-23 19:07:29 - [TEST_STEP][PASSED] - waitForPageLoad(G_Timeout): Wait for page load successfully

2019-01-23 19:07:29 - [MESSAGE][PASSED] - Wait for page load successfully

2019-01-23 19:07:29 - [TEST_STEP][PASSED] - mouseOver(findTestObject("TF_Customer_Create/1_Menu_Navigation_To_Open_All_Pages/0_Menu_Create_In_Data_View")): Object: 'Object Repository/TF_Customer_Create/1_Menu_Navigation_To_Open_All_Pages/0_Menu_Create_In_Data_View' is hovered

2019-01-23 19:07:29 - [MESSAGE][PASSED] - Object: 'Object Repository/TF_Customer_Create/1_Menu_Navigation_To_Open_All_Pages/0_Menu_Create_In_Data_View' is hovered

2019-01-23 19:07:29 - [TEST_STEP][PASSED] - waitForPageLoad(G_Timeout): Wait for page load successfully

2019-01-23 19:07:29 - [MESSAGE][PASSED] - Wait for page load successfully

2019-01-23 19:07:29 - [TEST_STEP][PASSED] - mouseOver(findTestObject("TF_Customer_Create/1_Menu_Navigation_To_Open_All_Pages/1_Menu_Create_Master_Data")): Object: 'Object Repository/TF_Customer_Create/1_Menu_Navigation_To_Open_All_Pages/1_Menu_Create_Master_Data' is hovered

2019-01-23 19:07:29 - [MESSAGE][PASSED] - Object: 'Object Repository/TF_Customer_Create/1_Menu_Navigation_To_Open_All_Pages/1_Menu_Create_Master_Data' is hovered

2019-01-23 19:07:29 - [TEST_STEP][PASSED] - waitForPageLoad(G_Timeout): Wait for page load successfully

2019-01-23 19:07:29 - [MESSAGE][PASSED] - Wait for page load successfully

2019-01-23 19:07:30 - [TEST_STEP][PASSED] - mouseOver(findTestObject("TF_Customer_Create/1_Menu_Navigation_To_Open_All_Pages/3_Planning_Account_Hoverover_Option")): Object: 'Object Repository/TF_Customer_Create/1_Menu_Navigation_To_Open_All_Pages/3_Planning_Account_Hoverover_Option' is hovered

2019-01-23 19:07:30 - [MESSAGE][PASSED] - Object: 'Object Repository/TF_Customer_Create/1_Menu_Navigation_To_Open_All_Pages/3_Planning_Account_Hoverover_Option' is hovered

2019-01-23 19:07:30 - [TEST_STEP][PASSED] - waitForPageLoad(G_Timeout): Wait for page load successfully

2019-01-23 19:07:30 - [MESSAGE][PASSED] - Wait for page load successfully

2019-01-23 19:07:30 - [TEST_STEP][PASSED] - click(findTestObject("TF_Customer_Create/2_Select_Menu_Options(All)/13_LDI_Vendor_Site")): Object: 'Object Repository/TF_Customer_Create/2_Select_Menu_Options(All)/13_LDI_Vendor_Site' is clicked on

2019-01-23 19:07:30 - [MESSAGE][PASSED] - Object: 'Object Repository/TF_Customer_Create/2_Select_Menu_Options(All)/13_LDI_Vendor_Site' is clicked on

2019-01-23 19:07:30 - [TEST_STEP][PASSED] - waitForPageLoad(G_Timeout): Wait for page load successfully

2019-01-23 19:07:30 - [MESSAGE][PASSED] - Wait for page load successfully

2019-01-23 19:07:30 - [TEST_STEP][PASSED] - delay(3): Delayed 3 second(s)

2019-01-23 19:07:33 - [MESSAGE][PASSED] - Delayed 3 second(s)

2019-01-23 19:07:33 - [TEST_STEP][PASSED] - vndSiteName = com.oracledb.regressiontest.genName(15): com.oracledb.regressiontest.genName is PASSED

2019-01-23 19:07:33 - [MESSAGE][PASSED] - com.oracledb.regressiontest.genName is PASSED

2019-01-23 19:07:33 - [TEST_STEP][PASSED] - vndSiteNumber = com.oracledb.regressiontest.genName(12): com.oracledb.regressiontest.genName is PASSED

2019-01-23 19:07:33 - [MESSAGE][PASSED] - com.oracledb.regressiontest.genName is PASSED

2019-01-23 19:07:33 - [TEST_STEP][PASSED] - vndSiteCd = com.oracledb.regressiontest.genName(10): com.oracledb.regressiontest.genName is PASSED

2019-01-23 19:07:33 - [MESSAGE][PASSED] - com.oracledb.regressiontest.genName is PASSED

2019-01-23 19:07:33 - [TEST_STEP][PASSED] - vndSiteCity = com.oracledb.regressiontest.genName(8): com.oracledb.regressiontest.genName is PASSED

2019-01-23 19:07:33 - [MESSAGE][PASSED] - com.oracledb.regressiontest.genName is PASSED

2019-01-23 19:07:33 - [TEST_STEP][PASSED] - vndSitePtlCd = com.oracledb.regressiontest.genName(6): com.oracledb.regressiontest.genName is PASSED

2019-01-23 19:07:33 - [MESSAGE][PASSED] - com.oracledb.regressiontest.genName is PASSED

2019-01-23 19:07:33 - [TEST_STEP][PASSED] - setText(findTestObject("TF_Customer_Create/4_Create_Objects_And_Save/13_Create_LDI_Vendor_Site/Input_Vendor_Site_Name/input_Vendor_Site_Nm"), vndSiteName): Text '47U1JFV9FU30V13' is set on object 'Object Repository/TF_Customer_Create/4_Create_Objects_And_Save/13_Create_LDI_Vendor_Site/Input_Vendor_Site_Name/input_Vendor_Site_Nm'

2019-01-23 19:07:33 - [MESSAGE][PASSED] - Text '47U1JFV9FU30V13' is set on object 'Object Repository/TF_Customer_Create/4_Create_Objects_And_Save/13_Create_LDI_Vendor_Site/Input_Vendor_Site_Name/input_Vendor_Site_Nm'

2019-01-23 19:07:33 - [TEST_STEP][PASSED] - setText(findTestObject("TF_Customer_Create/4_Create_Objects_And_Save/13_Create_LDI_Vendor_Site/Input_Vendor_Site_Name/input_Vendor_Site_Number"), vndSiteNumber): Text 'ZJIGDCD286ED' is set on object 'Object Repository/TF_Customer_Create/4_Create_Objects_And_Save/13_Create_LDI_Vendor_Site/Input_Vendor_Site_Name/input_Vendor_Site_Number'

2019-01-23 19:07:33 - [MESSAGE][PASSED] - Text 'ZJIGDCD286ED' is set on object 'Object Repository/TF_Customer_Create/4_Create_Objects_And_Save/13_Create_LDI_Vendor_Site/Input_Vendor_Site_Name/input_Vendor_Site_Number'

2019-01-23 19:07:33 - [TEST_STEP][PASSED] - setText(findTestObject("TF_Customer_Create/4_Create_Objects_And_Save/13_Create_LDI_Vendor_Site/Input_Vendor_Site_Name/input_Vendor_Site_Cd"), vndSiteCd): Text '5PSO0KS3FD' is set on object 'Object Repository/TF_Customer_Create/4_Create_Objects_And_Save/13_Create_LDI_Vendor_Site/Input_Vendor_Site_Name/input_Vendor_Site_Cd'

2019-01-23 19:07:34 - [MESSAGE][PASSED] - Text '5PSO0KS3FD' is set on object 'Object Repository/TF_Customer_Create/4_Create_Objects_And_Save/13_Create_LDI_Vendor_Site/Input_Vendor_Site_Name/input_Vendor_Site_Cd'

2019-01-23 19:07:34 - [TEST_STEP][PASSED] - setText(findTestObject("TF_Customer_Create/4_Create_Objects_And_Save/13_Create_LDI_Vendor_Site/Input_Vendor_Site_Name/input_Vendor_Site_City"), vndSiteCity): Text 'ICS86JTR' is set on object 'Object Repository/TF_Customer_Create/4_Create_Objects_And_Save/13_Create_LDI_Vendor_Site/Input_Vendor_Site_Name/input_Vendor_Site_City'

2019-01-23 19:07:34 - [MESSAGE][PASSED] - Text 'ICS86JTR' is set on object 'Object Repository/TF_Customer_Create/4_Create_Objects_And_Save/13_Create_LDI_Vendor_Site/Input_Vendor_Site_Name/input_Vendor_Site_City'

2019-01-23 19:07:34 - [TEST_STEP][PASSED] - setText(findTestObject("TF_Customer_Create/4_Create_Objects_And_Save/13_Create_LDI_Vendor_Site/Input_Vendor_Site_Name/input_Vendor_Site_Postal_Code"), vndSitePtlCd): Text 'BAJC06' is set on object 'Object Repository/TF_Customer_Create/4_Create_Objects_And_Save/13_Create_LDI_Vendor_Site/Input_Vendor_Site_Name/input_Vendor_Site_Postal_Code'

2019-01-23 19:07:34 - [MESSAGE][PASSED] - Text 'BAJC06' is set on object 'Object Repository/TF_Customer_Create/4_Create_Objects_And_Save/13_Create_LDI_Vendor_Site/Input_Vendor_Site_Name/input_Vendor_Site_Postal_Code'

2019-01-23 19:07:34 - [TEST_STEP][NOT_RUN] - setText(findTestObject("TF_Customer_Create/4_Create_Objects_And_Save/13_Create_LDI_Vendor_Site/Input_Vendor_Site_Name/input_Vendor_Site_Inactive_dt"), input_Eff_Dt): NOT_RUN: setText(findTestObject("TF_Customer_Create/4_Create_Objects_And_Save/13_Create_LDI_Vendor_Site/Input_Vendor_Site_Name/input_Vendor_Site_Inactive_dt"), input_Eff_Dt)

2019-01-23 19:07:34 - [MESSAGE][NOT_RUN] - NOT_RUN: setText(findTestObject("TF_Customer_Create/4_Create_Objects_And_Save/13_Create_LDI_Vendor_Site/Input_Vendor_Site_Name/input_Vendor_Site_Inactive_dt"), input_Eff_Dt)

2019-01-23 19:07:34 - [TEST_STEP][PASSED] - delay(2): Delayed 2 second(s)

2019-01-23 19:07:36 - [MESSAGE][PASSED] - Delayed 2 second(s)

2019-01-23 19:07:36 - [TEST_STEP][PASSED] - click(findTestObject("TF_Customer_Create/3_Common_Action_Buttons/Click_Data_Tab/span_Data_Tab")): Object: 'Object Repository/TF_Customer_Create/3_Common_Action_Buttons/Click_Data_Tab/span_Data_Tab' is clicked on

2019-01-23 19:07:36 - [MESSAGE][PASSED] - Object: 'Object Repository/TF_Customer_Create/3_Common_Action_Buttons/Click_Data_Tab/span_Data_Tab' is clicked on

2019-01-23 19:07:36 - [TEST_STEP][NOT_RUN] - click(findTestObject("TF_Customer_Create/4_Create_Objects_And_Save/Choose_Sales_Org/Click_Sales_Org_DD"), CONTINUE_ON_FAILURE): NOT_RUN: click(findTestObject("TF_Customer_Create/4_Create_Objects_And_Save/Choose_Sales_Org/Click_Sales_Org_DD"), CONTINUE_ON_FAILURE)

2019-01-23 19:07:36 - [MESSAGE][NOT_RUN] - NOT_RUN: click(findTestObject("TF_Customer_Create/4_Create_Objects_And_Save/Choose_Sales_Org/Click_Sales_Org_DD"), CONTINUE_ON_FAILURE)

2019-01-23 19:07:36 - [TEST_STEP][NOT_RUN] - click(findTestObject("TF_Customer_Create/4_Create_Objects_And_Save/Choose_Sales_Org/CA_Object"), CONTINUE_ON_FAILURE): NOT_RUN: click(findTestObject("TF_Customer_Create/4_Create_Objects_And_Save/Choose_Sales_Org/CA_Object"), CONTINUE_ON_FAILURE)

2019-01-23 19:07:36 - [MESSAGE][NOT_RUN] - NOT_RUN: click(findTestObject("TF_Customer_Create/4_Create_Objects_And_Save/Choose_Sales_Org/CA_Object"), CONTINUE_ON_FAILURE)

2019-01-23 19:07:36 - [TEST_STEP][PASSED] - delay(2): Delayed 2 second(s)

2019-01-23 19:07:38 - [MESSAGE][PASSED] - Delayed 2 second(s)

2019-01-23 19:07:38 - [TEST_STEP][PASSED] - click(findTestObject("TF_Customer_Create/3_Common_Action_Buttons/Click_Apply_Button/td_Apply")): Object: 'Object Repository/TF_Customer_Create/3_Common_Action_Buttons/Click_Apply_Button/td_Apply' is clicked on

2019-01-23 19:07:38 - [MESSAGE][PASSED] - Object: 'Object Repository/TF_Customer_Create/3_Common_Action_Buttons/Click_Apply_Button/td_Apply' is clicked on

2019-01-23 19:07:38 - [TEST_STEP][PASSED] - delay(2): Delayed 2 second(s)

2019-01-23 19:07:40 - [MESSAGE][PASSED] - Delayed 2 second(s)

2019-01-23 19:07:40 - [TEST_STEP][PASSED] - click(findTestObject("TF_Customer_Create/3_Common_Action_Buttons/Click_Save_Button/btn_Save")): Object: 'Object Repository/TF_Customer_Create/3_Common_Action_Buttons/Click_Save_Button/btn_Save' is clicked on

2019-01-23 19:07:40 - [MESSAGE][PASSED] - Object: 'Object Repository/TF_Customer_Create/3_Common_Action_Buttons/Click_Save_Button/btn_Save' is clicked on

2019-01-23 19:07:40 - [TEST_STEP][PASSED] - delay(2): Delayed 2 second(s)

2019-01-23 19:07:42 - [MESSAGE][PASSED] - Delayed 2 second(s)

2019-01-23 19:07:42 - [TEST_STEP][NOT_RUN] - verifyElementText(findTestObject("TF_Customer_Create/3_Common_Action_Buttons/Verify_Success_Message/Success_Message"), "Record has been saved successfully.", CONTINUE_ON_FAILURE): NOT_RUN: verifyElementText(findTestObject("TF_Customer_Create/3_Common_Action_Buttons/Verify_Success_Message/Success_Message"), "Record has been saved successfully.", CONTINUE_ON_FAILURE)

2019-01-23 19:07:42 - [MESSAGE][NOT_RUN] - NOT_RUN: verifyElementText(findTestObject("TF_Customer_Create/3_Common_Action_Buttons/Verify_Success_Message/Success_Message"), "Record has been saved successfully.", CONTINUE_ON_FAILURE)

2019-01-23 19:07:42 - [TEST_STEP][NOT_RUN] - click(findTestObject("TF_Customer_Create/3_Common_Action_Buttons/Click_Data_Tab/span_Data_Tab")): NOT_RUN: click(findTestObject("TF_Customer_Create/3_Common_Action_Buttons/Click_Data_Tab/span_Data_Tab"))

2019-01-23 19:07:42 - [MESSAGE][NOT_RUN] - NOT_RUN: click(findTestObject("TF_Customer_Create/3_Common_Action_Buttons/Click_Data_Tab/span_Data_Tab"))

2019-01-23 19:07:42 - [TEST_STEP][NOT_RUN] - delay(1): NOT_RUN: delay(1)

2019-01-23 19:07:42 - [MESSAGE][NOT_RUN] - NOT_RUN: delay(1)

2019-01-23 19:07:42 - [TEST_STEP][NOT_RUN] - click(findTestObject("TF_Customer_Create/3_Common_Action_Buttons/Click_Close_Button/btn_Close")): NOT_RUN: click(findTestObject("TF_Customer_Create/3_Common_Action_Buttons/Click_Close_Button/btn_Close"))

2019-01-23 19:07:42 - [MESSAGE][NOT_RUN] - NOT_RUN: click(findTestObject("TF_Customer_Create/3_Common_Action_Buttons/Click_Close_Button/btn_Close"))

2019-01-23 19:07:42 - [TEST_STEP][NOT_RUN] - delay(2): NOT_RUN: delay(2)

2019-01-23 19:07:42 - [MESSAGE][NOT_RUN] - NOT_RUN: delay(2)

2019-01-23 19:07:42 - [TEST_STEP][NOT_RUN] - vrfy_PLA = com.oracledb.regressiontest.verifyPLA(ora_connt, ora_usr, ora_psswrd, ora_schema, plaAcctName): NOT_RUN: vrfy_PLA = com.oracledb.regressiontest.verifyPLA(ora_connt, ora_usr, ora_psswrd, ora_schema, plaAcctName)

2019-01-23 19:07:42 - [MESSAGE][NOT_RUN] - NOT_RUN: vrfy_PLA = com.oracledb.regressiontest.verifyPLA(ora_connt, ora_usr, ora_psswrd, ora_schema, plaAcctName)

2019-01-23 19:07:42 - [TEST_STEP][NOT_RUN] - println("Planning Account Name"): NOT_RUN: println("Planning Account Name")

2019-01-23 19:07:42 - [MESSAGE][NOT_RUN] - NOT_RUN: println("Planning Account Name")

2019-01-23 19:07:42 - [TEST_STEP][NOT_RUN] - verifyEqual(PLANNING_ACCOUNT_NAME, plaAcctName): NOT_RUN: verifyEqual(PLANNING_ACCOUNT_NAME, plaAcctName)

2019-01-23 19:07:42 - [MESSAGE][NOT_RUN] - NOT_RUN: verifyEqual(PLANNING_ACCOUNT_NAME, plaAcctName)]]></system-out>
         <system-err><![CDATA[]]></system-err>
      </testcase>
      <testcase name="Test Cases/Regression_TF_Customer/Create_Record/TC_13_Create_LDI_Vendor_Site" classname="Test Cases/Regression_TF_Customer/Create_Record/TC_13_Create_LDI_Vendor_Site" status="PASSED">
         <system-out><![CDATA[2019-01-23 19:07:42 - [TEST_CASE][PASSED] - Test Cases/Regression_TF_Customer/Create_Record/TC_13_Create_LDI_Vendor_Site: Test Cases/Regression_TF_Customer/Create_Record/TC_13_Create_LDI_Vendor_Site

2019-01-23 19:07:42 - [TEST_STEP][PASSED] - waitForPageLoad(G_Timeout): Wait for page load successfully

2019-01-23 19:07:42 - [MESSAGE][PASSED] - Wait for page load successfully

2019-01-23 19:07:42 - [TEST_STEP][PASSED] - mouseOver(findTestObject("TF_Customer_Create/1_Menu_Navigation_To_Open_All_Pages/0_Menu_Create_In_Data_View")): Object: 'Object Repository/TF_Customer_Create/1_Menu_Navigation_To_Open_All_Pages/0_Menu_Create_In_Data_View' is hovered

2019-01-23 19:07:42 - [MESSAGE][PASSED] - Object: 'Object Repository/TF_Customer_Create/1_Menu_Navigation_To_Open_All_Pages/0_Menu_Create_In_Data_View' is hovered

2019-01-23 19:07:42 - [TEST_STEP][PASSED] - waitForPageLoad(G_Timeout): Wait for page load successfully

2019-01-23 19:07:42 - [MESSAGE][PASSED] - Wait for page load successfully

2019-01-23 19:07:42 - [TEST_STEP][PASSED] - mouseOver(findTestObject("TF_Customer_Create/1_Menu_Navigation_To_Open_All_Pages/1_Menu_Create_Master_Data")): Object: 'Object Repository/TF_Customer_Create/1_Menu_Navigation_To_Open_All_Pages/1_Menu_Create_Master_Data' is hovered

2019-01-23 19:07:42 - [MESSAGE][PASSED] - Object: 'Object Repository/TF_Customer_Create/1_Menu_Navigation_To_Open_All_Pages/1_Menu_Create_Master_Data' is hovered

2019-01-23 19:07:42 - [TEST_STEP][PASSED] - waitForPageLoad(G_Timeout): Wait for page load successfully

2019-01-23 19:07:42 - [MESSAGE][PASSED] - Wait for page load successfully

2019-01-23 19:07:42 - [TEST_STEP][PASSED] - mouseOver(findTestObject("TF_Customer_Create/1_Menu_Navigation_To_Open_All_Pages/3_Planning_Account_Hoverover_Option")): Object: 'Object Repository/TF_Customer_Create/1_Menu_Navigation_To_Open_All_Pages/3_Planning_Account_Hoverover_Option' is hovered

2019-01-23 19:07:43 - [MESSAGE][PASSED] - Object: 'Object Repository/TF_Customer_Create/1_Menu_Navigation_To_Open_All_Pages/3_Planning_Account_Hoverover_Option' is hovered

2019-01-23 19:07:43 - [TEST_STEP][PASSED] - waitForPageLoad(G_Timeout): Wait for page load successfully

2019-01-23 19:07:43 - [MESSAGE][PASSED] - Wait for page load successfully

2019-01-23 19:07:43 - [TEST_STEP][PASSED] - click(findTestObject("TF_Customer_Create/2_Select_Menu_Options(All)/13_LDI_Vendor_Site")): Object: 'Object Repository/TF_Customer_Create/2_Select_Menu_Options(All)/13_LDI_Vendor_Site' is clicked on

2019-01-23 19:07:43 - [MESSAGE][PASSED] - Object: 'Object Repository/TF_Customer_Create/2_Select_Menu_Options(All)/13_LDI_Vendor_Site' is clicked on

2019-01-23 19:07:43 - [TEST_STEP][PASSED] - waitForPageLoad(G_Timeout): Wait for page load successfully

2019-01-23 19:07:43 - [MESSAGE][PASSED] - Wait for page load successfully

2019-01-23 19:07:43 - [TEST_STEP][PASSED] - delay(3): Delayed 3 second(s)

2019-01-23 19:07:46 - [MESSAGE][PASSED] - Delayed 3 second(s)

2019-01-23 19:07:46 - [TEST_STEP][PASSED] - vndSiteName = com.oracledb.regressiontest.genName(15): com.oracledb.regressiontest.genName is PASSED

2019-01-23 19:07:46 - [MESSAGE][PASSED] - com.oracledb.regressiontest.genName is PASSED

2019-01-23 19:07:46 - [TEST_STEP][PASSED] - vndSiteNumber = com.oracledb.regressiontest.genName(12): com.oracledb.regressiontest.genName is PASSED

2019-01-23 19:07:46 - [MESSAGE][PASSED] - com.oracledb.regressiontest.genName is PASSED

2019-01-23 19:07:46 - [TEST_STEP][PASSED] - vndSiteCd = com.oracledb.regressiontest.genName(10): com.oracledb.regressiontest.genName is PASSED

2019-01-23 19:07:46 - [MESSAGE][PASSED] - com.oracledb.regressiontest.genName is PASSED

2019-01-23 19:07:46 - [TEST_STEP][PASSED] - vndSiteCity = com.oracledb.regressiontest.genName(8): com.oracledb.regressiontest.genName is PASSED

2019-01-23 19:07:46 - [MESSAGE][PASSED] - com.oracledb.regressiontest.genName is PASSED

2019-01-23 19:07:46 - [TEST_STEP][PASSED] - vndSitePtlCd = com.oracledb.regressiontest.genName(6): com.oracledb.regressiontest.genName is PASSED

2019-01-23 19:07:46 - [MESSAGE][PASSED] - com.oracledb.regressiontest.genName is PASSED

2019-01-23 19:07:46 - [TEST_STEP][PASSED] - setText(findTestObject("TF_Customer_Create/4_Create_Objects_And_Save/13_Create_LDI_Vendor_Site/Input_Vendor_Site_Name/input_Vendor_Site_Nm"), vndSiteName): Text 'SMVEV63IL26MT98' is set on object 'Object Repository/TF_Customer_Create/4_Create_Objects_And_Save/13_Create_LDI_Vendor_Site/Input_Vendor_Site_Name/input_Vendor_Site_Nm'

2019-01-23 19:07:46 - [MESSAGE][PASSED] - Text 'SMVEV63IL26MT98' is set on object 'Object Repository/TF_Customer_Create/4_Create_Objects_And_Save/13_Create_LDI_Vendor_Site/Input_Vendor_Site_Name/input_Vendor_Site_Nm'

2019-01-23 19:07:46 - [TEST_STEP][PASSED] - setText(findTestObject("TF_Customer_Create/4_Create_Objects_And_Save/13_Create_LDI_Vendor_Site/Input_Vendor_Site_Name/input_Vendor_Site_Number"), vndSiteNumber): Text 'U6VXE9S6GV6U' is set on object 'Object Repository/TF_Customer_Create/4_Create_Objects_And_Save/13_Create_LDI_Vendor_Site/Input_Vendor_Site_Name/input_Vendor_Site_Number'

2019-01-23 19:07:46 - [MESSAGE][PASSED] - Text 'U6VXE9S6GV6U' is set on object 'Object Repository/TF_Customer_Create/4_Create_Objects_And_Save/13_Create_LDI_Vendor_Site/Input_Vendor_Site_Name/input_Vendor_Site_Number'

2019-01-23 19:07:46 - [TEST_STEP][PASSED] - setText(findTestObject("TF_Customer_Create/4_Create_Objects_And_Save/13_Create_LDI_Vendor_Site/Input_Vendor_Site_Name/input_Vendor_Site_Cd"), vndSiteCd): Text 'SM70E55YPT' is set on object 'Object Repository/TF_Customer_Create/4_Create_Objects_And_Save/13_Create_LDI_Vendor_Site/Input_Vendor_Site_Name/input_Vendor_Site_Cd'

2019-01-23 19:07:46 - [MESSAGE][PASSED] - Text 'SM70E55YPT' is set on object 'Object Repository/TF_Customer_Create/4_Create_Objects_And_Save/13_Create_LDI_Vendor_Site/Input_Vendor_Site_Name/input_Vendor_Site_Cd'

2019-01-23 19:07:46 - [TEST_STEP][PASSED] - setText(findTestObject("TF_Customer_Create/4_Create_Objects_And_Save/13_Create_LDI_Vendor_Site/Input_Vendor_Site_Name/input_Vendor_Site_City"), vndSiteCity): Text 'JTGBBL80' is set on object 'Object Repository/TF_Customer_Create/4_Create_Objects_And_Save/13_Create_LDI_Vendor_Site/Input_Vendor_Site_Name/input_Vendor_Site_City'

2019-01-23 19:07:46 - [MESSAGE][PASSED] - Text 'JTGBBL80' is set on object 'Object Repository/TF_Customer_Create/4_Create_Objects_And_Save/13_Create_LDI_Vendor_Site/Input_Vendor_Site_Name/input_Vendor_Site_City'

2019-01-23 19:07:46 - [TEST_STEP][PASSED] - setText(findTestObject("TF_Customer_Create/4_Create_Objects_And_Save/13_Create_LDI_Vendor_Site/Input_Vendor_Site_Name/input_Vendor_Site_Postal_Code"), vndSitePtlCd): Text 'VBZ6HQ' is set on object 'Object Repository/TF_Customer_Create/4_Create_Objects_And_Save/13_Create_LDI_Vendor_Site/Input_Vendor_Site_Name/input_Vendor_Site_Postal_Code'

2019-01-23 19:07:47 - [MESSAGE][PASSED] - Text 'VBZ6HQ' is set on object 'Object Repository/TF_Customer_Create/4_Create_Objects_And_Save/13_Create_LDI_Vendor_Site/Input_Vendor_Site_Name/input_Vendor_Site_Postal_Code'

2019-01-23 19:07:47 - [TEST_STEP][NOT_RUN] - setText(findTestObject("TF_Customer_Create/4_Create_Objects_And_Save/13_Create_LDI_Vendor_Site/Input_Vendor_Site_Name/input_Vendor_Site_Inactive_dt"), input_Eff_Dt): NOT_RUN: setText(findTestObject("TF_Customer_Create/4_Create_Objects_And_Save/13_Create_LDI_Vendor_Site/Input_Vendor_Site_Name/input_Vendor_Site_Inactive_dt"), input_Eff_Dt)

2019-01-23 19:07:47 - [MESSAGE][NOT_RUN] - NOT_RUN: setText(findTestObject("TF_Customer_Create/4_Create_Objects_And_Save/13_Create_LDI_Vendor_Site/Input_Vendor_Site_Name/input_Vendor_Site_Inactive_dt"), input_Eff_Dt)

2019-01-23 19:07:47 - [TEST_STEP][PASSED] - delay(2): Delayed 2 second(s)

2019-01-23 19:07:49 - [MESSAGE][PASSED] - Delayed 2 second(s)

2019-01-23 19:07:49 - [TEST_STEP][PASSED] - click(findTestObject("TF_Customer_Create/3_Common_Action_Buttons/Click_Data_Tab/span_Data_Tab")): Object: 'Object Repository/TF_Customer_Create/3_Common_Action_Buttons/Click_Data_Tab/span_Data_Tab' is clicked on

2019-01-23 19:07:49 - [MESSAGE][PASSED] - Object: 'Object Repository/TF_Customer_Create/3_Common_Action_Buttons/Click_Data_Tab/span_Data_Tab' is clicked on

2019-01-23 19:07:49 - [TEST_STEP][NOT_RUN] - click(findTestObject("TF_Customer_Create/4_Create_Objects_And_Save/Choose_Sales_Org/Click_Sales_Org_DD"), CONTINUE_ON_FAILURE): NOT_RUN: click(findTestObject("TF_Customer_Create/4_Create_Objects_And_Save/Choose_Sales_Org/Click_Sales_Org_DD"), CONTINUE_ON_FAILURE)

2019-01-23 19:07:49 - [MESSAGE][NOT_RUN] - NOT_RUN: click(findTestObject("TF_Customer_Create/4_Create_Objects_And_Save/Choose_Sales_Org/Click_Sales_Org_DD"), CONTINUE_ON_FAILURE)

2019-01-23 19:07:49 - [TEST_STEP][NOT_RUN] - click(findTestObject("TF_Customer_Create/4_Create_Objects_And_Save/Choose_Sales_Org/CA_Object"), CONTINUE_ON_FAILURE): NOT_RUN: click(findTestObject("TF_Customer_Create/4_Create_Objects_And_Save/Choose_Sales_Org/CA_Object"), CONTINUE_ON_FAILURE)

2019-01-23 19:07:49 - [MESSAGE][NOT_RUN] - NOT_RUN: click(findTestObject("TF_Customer_Create/4_Create_Objects_And_Save/Choose_Sales_Org/CA_Object"), CONTINUE_ON_FAILURE)

2019-01-23 19:07:49 - [TEST_STEP][PASSED] - delay(2): Delayed 2 second(s)

2019-01-23 19:07:51 - [MESSAGE][PASSED] - Delayed 2 second(s)

2019-01-23 19:07:51 - [TEST_STEP][PASSED] - click(findTestObject("TF_Customer_Create/3_Common_Action_Buttons/Click_Apply_Button/td_Apply")): Object: 'Object Repository/TF_Customer_Create/3_Common_Action_Buttons/Click_Apply_Button/td_Apply' is clicked on

2019-01-23 19:07:51 - [MESSAGE][PASSED] - Object: 'Object Repository/TF_Customer_Create/3_Common_Action_Buttons/Click_Apply_Button/td_Apply' is clicked on

2019-01-23 19:07:51 - [TEST_STEP][PASSED] - delay(2): Delayed 2 second(s)

2019-01-23 19:07:53 - [MESSAGE][PASSED] - Delayed 2 second(s)

2019-01-23 19:07:53 - [TEST_STEP][PASSED] - click(findTestObject("TF_Customer_Create/3_Common_Action_Buttons/Click_Save_Button/btn_Save")): Object: 'Object Repository/TF_Customer_Create/3_Common_Action_Buttons/Click_Save_Button/btn_Save' is clicked on

2019-01-23 19:07:53 - [MESSAGE][PASSED] - Object: 'Object Repository/TF_Customer_Create/3_Common_Action_Buttons/Click_Save_Button/btn_Save' is clicked on

2019-01-23 19:07:53 - [TEST_STEP][PASSED] - delay(2): Delayed 2 second(s)

2019-01-23 19:07:55 - [MESSAGE][PASSED] - Delayed 2 second(s)

2019-01-23 19:07:55 - [TEST_STEP][NOT_RUN] - verifyElementText(findTestObject("TF_Customer_Create/3_Common_Action_Buttons/Verify_Success_Message/Success_Message"), "Record has been saved successfully.", CONTINUE_ON_FAILURE): NOT_RUN: verifyElementText(findTestObject("TF_Customer_Create/3_Common_Action_Buttons/Verify_Success_Message/Success_Message"), "Record has been saved successfully.", CONTINUE_ON_FAILURE)

2019-01-23 19:07:55 - [MESSAGE][NOT_RUN] - NOT_RUN: verifyElementText(findTestObject("TF_Customer_Create/3_Common_Action_Buttons/Verify_Success_Message/Success_Message"), "Record has been saved successfully.", CONTINUE_ON_FAILURE)

2019-01-23 19:07:55 - [TEST_STEP][NOT_RUN] - click(findTestObject("TF_Customer_Create/3_Common_Action_Buttons/Click_Data_Tab/span_Data_Tab")): NOT_RUN: click(findTestObject("TF_Customer_Create/3_Common_Action_Buttons/Click_Data_Tab/span_Data_Tab"))

2019-01-23 19:07:55 - [MESSAGE][NOT_RUN] - NOT_RUN: click(findTestObject("TF_Customer_Create/3_Common_Action_Buttons/Click_Data_Tab/span_Data_Tab"))

2019-01-23 19:07:55 - [TEST_STEP][NOT_RUN] - delay(1): NOT_RUN: delay(1)

2019-01-23 19:07:55 - [MESSAGE][NOT_RUN] - NOT_RUN: delay(1)

2019-01-23 19:07:55 - [TEST_STEP][NOT_RUN] - click(findTestObject("TF_Customer_Create/3_Common_Action_Buttons/Click_Close_Button/btn_Close")): NOT_RUN: click(findTestObject("TF_Customer_Create/3_Common_Action_Buttons/Click_Close_Button/btn_Close"))

2019-01-23 19:07:55 - [MESSAGE][NOT_RUN] - NOT_RUN: click(findTestObject("TF_Customer_Create/3_Common_Action_Buttons/Click_Close_Button/btn_Close"))

2019-01-23 19:07:55 - [TEST_STEP][NOT_RUN] - delay(2): NOT_RUN: delay(2)

2019-01-23 19:07:55 - [MESSAGE][NOT_RUN] - NOT_RUN: delay(2)

2019-01-23 19:07:55 - [TEST_STEP][NOT_RUN] - vrfy_PLA = com.oracledb.regressiontest.verifyPLA(ora_connt, ora_usr, ora_psswrd, ora_schema, plaAcctName): NOT_RUN: vrfy_PLA = com.oracledb.regressiontest.verifyPLA(ora_connt, ora_usr, ora_psswrd, ora_schema, plaAcctName)

2019-01-23 19:07:55 - [MESSAGE][NOT_RUN] - NOT_RUN: vrfy_PLA = com.oracledb.regressiontest.verifyPLA(ora_connt, ora_usr, ora_psswrd, ora_schema, plaAcctName)

2019-01-23 19:07:55 - [TEST_STEP][NOT_RUN] - println("Planning Account Name"): NOT_RUN: println("Planning Account Name")

2019-01-23 19:07:55 - [MESSAGE][NOT_RUN] - NOT_RUN: println("Planning Account Name")

2019-01-23 19:07:55 - [TEST_STEP][NOT_RUN] - verifyEqual(PLANNING_ACCOUNT_NAME, plaAcctName): NOT_RUN: verifyEqual(PLANNING_ACCOUNT_NAME, plaAcctName)

2019-01-23 19:07:55 - [MESSAGE][NOT_RUN] - NOT_RUN: verifyEqual(PLANNING_ACCOUNT_NAME, plaAcctName)]]></system-out>
         <system-err><![CDATA[]]></system-err>
      </testcase>
      <testcase name="Test Cases/Regression_TF_Customer/Create_Record/TC_13_Create_LDI_Vendor_Site" classname="Test Cases/Regression_TF_Customer/Create_Record/TC_13_Create_LDI_Vendor_Site" status="PASSED">
         <system-out><![CDATA[2019-01-23 19:07:55 - [TEST_CASE][PASSED] - Test Cases/Regression_TF_Customer/Create_Record/TC_13_Create_LDI_Vendor_Site: Test Cases/Regression_TF_Customer/Create_Record/TC_13_Create_LDI_Vendor_Site

2019-01-23 19:07:55 - [TEST_STEP][PASSED] - waitForPageLoad(G_Timeout): Wait for page load successfully

2019-01-23 19:07:55 - [MESSAGE][PASSED] - Wait for page load successfully

2019-01-23 19:07:55 - [TEST_STEP][PASSED] - mouseOver(findTestObject("TF_Customer_Create/1_Menu_Navigation_To_Open_All_Pages/0_Menu_Create_In_Data_View")): Object: 'Object Repository/TF_Customer_Create/1_Menu_Navigation_To_Open_All_Pages/0_Menu_Create_In_Data_View' is hovered

2019-01-23 19:07:55 - [MESSAGE][PASSED] - Object: 'Object Repository/TF_Customer_Create/1_Menu_Navigation_To_Open_All_Pages/0_Menu_Create_In_Data_View' is hovered

2019-01-23 19:07:55 - [TEST_STEP][PASSED] - waitForPageLoad(G_Timeout): Wait for page load successfully

2019-01-23 19:07:55 - [MESSAGE][PASSED] - Wait for page load successfully

2019-01-23 19:07:55 - [TEST_STEP][PASSED] - mouseOver(findTestObject("TF_Customer_Create/1_Menu_Navigation_To_Open_All_Pages/1_Menu_Create_Master_Data")): Object: 'Object Repository/TF_Customer_Create/1_Menu_Navigation_To_Open_All_Pages/1_Menu_Create_Master_Data' is hovered

2019-01-23 19:07:55 - [MESSAGE][PASSED] - Object: 'Object Repository/TF_Customer_Create/1_Menu_Navigation_To_Open_All_Pages/1_Menu_Create_Master_Data' is hovered

2019-01-23 19:07:55 - [TEST_STEP][PASSED] - waitForPageLoad(G_Timeout): Wait for page load successfully

2019-01-23 19:07:55 - [MESSAGE][PASSED] - Wait for page load successfully

2019-01-23 19:07:55 - [TEST_STEP][PASSED] - mouseOver(findTestObject("TF_Customer_Create/1_Menu_Navigation_To_Open_All_Pages/3_Planning_Account_Hoverover_Option")): Object: 'Object Repository/TF_Customer_Create/1_Menu_Navigation_To_Open_All_Pages/3_Planning_Account_Hoverover_Option' is hovered

2019-01-23 19:07:56 - [MESSAGE][PASSED] - Object: 'Object Repository/TF_Customer_Create/1_Menu_Navigation_To_Open_All_Pages/3_Planning_Account_Hoverover_Option' is hovered

2019-01-23 19:07:56 - [TEST_STEP][PASSED] - waitForPageLoad(G_Timeout): Wait for page load successfully

2019-01-23 19:07:56 - [MESSAGE][PASSED] - Wait for page load successfully

2019-01-23 19:07:56 - [TEST_STEP][PASSED] - click(findTestObject("TF_Customer_Create/2_Select_Menu_Options(All)/13_LDI_Vendor_Site")): Object: 'Object Repository/TF_Customer_Create/2_Select_Menu_Options(All)/13_LDI_Vendor_Site' is clicked on

2019-01-23 19:07:56 - [MESSAGE][PASSED] - Object: 'Object Repository/TF_Customer_Create/2_Select_Menu_Options(All)/13_LDI_Vendor_Site' is clicked on

2019-01-23 19:07:56 - [TEST_STEP][PASSED] - waitForPageLoad(G_Timeout): Wait for page load successfully

2019-01-23 19:07:56 - [MESSAGE][PASSED] - Wait for page load successfully

2019-01-23 19:07:56 - [TEST_STEP][PASSED] - delay(3): Delayed 3 second(s)

2019-01-23 19:07:59 - [MESSAGE][PASSED] - Delayed 3 second(s)

2019-01-23 19:07:59 - [TEST_STEP][PASSED] - vndSiteName = com.oracledb.regressiontest.genName(15): com.oracledb.regressiontest.genName is PASSED

2019-01-23 19:07:59 - [MESSAGE][PASSED] - com.oracledb.regressiontest.genName is PASSED

2019-01-23 19:07:59 - [TEST_STEP][PASSED] - vndSiteNumber = com.oracledb.regressiontest.genName(12): com.oracledb.regressiontest.genName is PASSED

2019-01-23 19:07:59 - [MESSAGE][PASSED] - com.oracledb.regressiontest.genName is PASSED

2019-01-23 19:07:59 - [TEST_STEP][PASSED] - vndSiteCd = com.oracledb.regressiontest.genName(10): com.oracledb.regressiontest.genName is PASSED

2019-01-23 19:07:59 - [MESSAGE][PASSED] - com.oracledb.regressiontest.genName is PASSED

2019-01-23 19:07:59 - [TEST_STEP][PASSED] - vndSiteCity = com.oracledb.regressiontest.genName(8): com.oracledb.regressiontest.genName is PASSED

2019-01-23 19:07:59 - [MESSAGE][PASSED] - com.oracledb.regressiontest.genName is PASSED

2019-01-23 19:07:59 - [TEST_STEP][PASSED] - vndSitePtlCd = com.oracledb.regressiontest.genName(6): com.oracledb.regressiontest.genName is PASSED

2019-01-23 19:07:59 - [MESSAGE][PASSED] - com.oracledb.regressiontest.genName is PASSED

2019-01-23 19:07:59 - [TEST_STEP][PASSED] - setText(findTestObject("TF_Customer_Create/4_Create_Objects_And_Save/13_Create_LDI_Vendor_Site/Input_Vendor_Site_Name/input_Vendor_Site_Nm"), vndSiteName): Text 'ECVQKRB9AHTOYJI' is set on object 'Object Repository/TF_Customer_Create/4_Create_Objects_And_Save/13_Create_LDI_Vendor_Site/Input_Vendor_Site_Name/input_Vendor_Site_Nm'

2019-01-23 19:07:59 - [MESSAGE][PASSED] - Text 'ECVQKRB9AHTOYJI' is set on object 'Object Repository/TF_Customer_Create/4_Create_Objects_And_Save/13_Create_LDI_Vendor_Site/Input_Vendor_Site_Name/input_Vendor_Site_Nm'

2019-01-23 19:07:59 - [TEST_STEP][PASSED] - setText(findTestObject("TF_Customer_Create/4_Create_Objects_And_Save/13_Create_LDI_Vendor_Site/Input_Vendor_Site_Name/input_Vendor_Site_Number"), vndSiteNumber): Text 'K63ODNM2RLMJ' is set on object 'Object Repository/TF_Customer_Create/4_Create_Objects_And_Save/13_Create_LDI_Vendor_Site/Input_Vendor_Site_Name/input_Vendor_Site_Number'

2019-01-23 19:07:59 - [MESSAGE][PASSED] - Text 'K63ODNM2RLMJ' is set on object 'Object Repository/TF_Customer_Create/4_Create_Objects_And_Save/13_Create_LDI_Vendor_Site/Input_Vendor_Site_Name/input_Vendor_Site_Number'

2019-01-23 19:07:59 - [TEST_STEP][PASSED] - setText(findTestObject("TF_Customer_Create/4_Create_Objects_And_Save/13_Create_LDI_Vendor_Site/Input_Vendor_Site_Name/input_Vendor_Site_Cd"), vndSiteCd): Text '1RZDGT0LU0' is set on object 'Object Repository/TF_Customer_Create/4_Create_Objects_And_Save/13_Create_LDI_Vendor_Site/Input_Vendor_Site_Name/input_Vendor_Site_Cd'

2019-01-23 19:07:59 - [MESSAGE][PASSED] - Text '1RZDGT0LU0' is set on object 'Object Repository/TF_Customer_Create/4_Create_Objects_And_Save/13_Create_LDI_Vendor_Site/Input_Vendor_Site_Name/input_Vendor_Site_Cd'

2019-01-23 19:07:59 - [TEST_STEP][PASSED] - setText(findTestObject("TF_Customer_Create/4_Create_Objects_And_Save/13_Create_LDI_Vendor_Site/Input_Vendor_Site_Name/input_Vendor_Site_City"), vndSiteCity): Text 'UEI39FXR' is set on object 'Object Repository/TF_Customer_Create/4_Create_Objects_And_Save/13_Create_LDI_Vendor_Site/Input_Vendor_Site_Name/input_Vendor_Site_City'

2019-01-23 19:07:59 - [MESSAGE][PASSED] - Text 'UEI39FXR' is set on object 'Object Repository/TF_Customer_Create/4_Create_Objects_And_Save/13_Create_LDI_Vendor_Site/Input_Vendor_Site_Name/input_Vendor_Site_City'

2019-01-23 19:07:59 - [TEST_STEP][PASSED] - setText(findTestObject("TF_Customer_Create/4_Create_Objects_And_Save/13_Create_LDI_Vendor_Site/Input_Vendor_Site_Name/input_Vendor_Site_Postal_Code"), vndSitePtlCd): Text 'T3AWTD' is set on object 'Object Repository/TF_Customer_Create/4_Create_Objects_And_Save/13_Create_LDI_Vendor_Site/Input_Vendor_Site_Name/input_Vendor_Site_Postal_Code'

2019-01-23 19:07:59 - [MESSAGE][PASSED] - Text 'T3AWTD' is set on object 'Object Repository/TF_Customer_Create/4_Create_Objects_And_Save/13_Create_LDI_Vendor_Site/Input_Vendor_Site_Name/input_Vendor_Site_Postal_Code'

2019-01-23 19:07:59 - [TEST_STEP][NOT_RUN] - setText(findTestObject("TF_Customer_Create/4_Create_Objects_And_Save/13_Create_LDI_Vendor_Site/Input_Vendor_Site_Name/input_Vendor_Site_Inactive_dt"), input_Eff_Dt): NOT_RUN: setText(findTestObject("TF_Customer_Create/4_Create_Objects_And_Save/13_Create_LDI_Vendor_Site/Input_Vendor_Site_Name/input_Vendor_Site_Inactive_dt"), input_Eff_Dt)

2019-01-23 19:07:59 - [MESSAGE][NOT_RUN] - NOT_RUN: setText(findTestObject("TF_Customer_Create/4_Create_Objects_And_Save/13_Create_LDI_Vendor_Site/Input_Vendor_Site_Name/input_Vendor_Site_Inactive_dt"), input_Eff_Dt)

2019-01-23 19:07:59 - [TEST_STEP][PASSED] - delay(2): Delayed 2 second(s)

2019-01-23 19:08:01 - [MESSAGE][PASSED] - Delayed 2 second(s)

2019-01-23 19:08:01 - [TEST_STEP][PASSED] - click(findTestObject("TF_Customer_Create/3_Common_Action_Buttons/Click_Data_Tab/span_Data_Tab")): Object: 'Object Repository/TF_Customer_Create/3_Common_Action_Buttons/Click_Data_Tab/span_Data_Tab' is clicked on

2019-01-23 19:08:01 - [MESSAGE][PASSED] - Object: 'Object Repository/TF_Customer_Create/3_Common_Action_Buttons/Click_Data_Tab/span_Data_Tab' is clicked on

2019-01-23 19:08:01 - [TEST_STEP][NOT_RUN] - click(findTestObject("TF_Customer_Create/4_Create_Objects_And_Save/Choose_Sales_Org/Click_Sales_Org_DD"), CONTINUE_ON_FAILURE): NOT_RUN: click(findTestObject("TF_Customer_Create/4_Create_Objects_And_Save/Choose_Sales_Org/Click_Sales_Org_DD"), CONTINUE_ON_FAILURE)

2019-01-23 19:08:01 - [MESSAGE][NOT_RUN] - NOT_RUN: click(findTestObject("TF_Customer_Create/4_Create_Objects_And_Save/Choose_Sales_Org/Click_Sales_Org_DD"), CONTINUE_ON_FAILURE)

2019-01-23 19:08:01 - [TEST_STEP][NOT_RUN] - click(findTestObject("TF_Customer_Create/4_Create_Objects_And_Save/Choose_Sales_Org/CA_Object"), CONTINUE_ON_FAILURE): NOT_RUN: click(findTestObject("TF_Customer_Create/4_Create_Objects_And_Save/Choose_Sales_Org/CA_Object"), CONTINUE_ON_FAILURE)

2019-01-23 19:08:01 - [MESSAGE][NOT_RUN] - NOT_RUN: click(findTestObject("TF_Customer_Create/4_Create_Objects_And_Save/Choose_Sales_Org/CA_Object"), CONTINUE_ON_FAILURE)

2019-01-23 19:08:01 - [TEST_STEP][PASSED] - delay(2): Delayed 2 second(s)

2019-01-23 19:08:03 - [MESSAGE][PASSED] - Delayed 2 second(s)

2019-01-23 19:08:03 - [TEST_STEP][PASSED] - click(findTestObject("TF_Customer_Create/3_Common_Action_Buttons/Click_Apply_Button/td_Apply")): Object: 'Object Repository/TF_Customer_Create/3_Common_Action_Buttons/Click_Apply_Button/td_Apply' is clicked on

2019-01-23 19:08:04 - [MESSAGE][PASSED] - Object: 'Object Repository/TF_Customer_Create/3_Common_Action_Buttons/Click_Apply_Button/td_Apply' is clicked on

2019-01-23 19:08:04 - [TEST_STEP][PASSED] - delay(2): Delayed 2 second(s)

2019-01-23 19:08:06 - [MESSAGE][PASSED] - Delayed 2 second(s)

2019-01-23 19:08:06 - [TEST_STEP][PASSED] - click(findTestObject("TF_Customer_Create/3_Common_Action_Buttons/Click_Save_Button/btn_Save")): Object: 'Object Repository/TF_Customer_Create/3_Common_Action_Buttons/Click_Save_Button/btn_Save' is clicked on

2019-01-23 19:08:06 - [MESSAGE][PASSED] - Object: 'Object Repository/TF_Customer_Create/3_Common_Action_Buttons/Click_Save_Button/btn_Save' is clicked on

2019-01-23 19:08:06 - [TEST_STEP][PASSED] - delay(2): Delayed 2 second(s)

2019-01-23 19:08:08 - [MESSAGE][PASSED] - Delayed 2 second(s)

2019-01-23 19:08:08 - [TEST_STEP][NOT_RUN] - verifyElementText(findTestObject("TF_Customer_Create/3_Common_Action_Buttons/Verify_Success_Message/Success_Message"), "Record has been saved successfully.", CONTINUE_ON_FAILURE): NOT_RUN: verifyElementText(findTestObject("TF_Customer_Create/3_Common_Action_Buttons/Verify_Success_Message/Success_Message"), "Record has been saved successfully.", CONTINUE_ON_FAILURE)

2019-01-23 19:08:08 - [MESSAGE][NOT_RUN] - NOT_RUN: verifyElementText(findTestObject("TF_Customer_Create/3_Common_Action_Buttons/Verify_Success_Message/Success_Message"), "Record has been saved successfully.", CONTINUE_ON_FAILURE)

2019-01-23 19:08:08 - [TEST_STEP][NOT_RUN] - click(findTestObject("TF_Customer_Create/3_Common_Action_Buttons/Click_Data_Tab/span_Data_Tab")): NOT_RUN: click(findTestObject("TF_Customer_Create/3_Common_Action_Buttons/Click_Data_Tab/span_Data_Tab"))

2019-01-23 19:08:08 - [MESSAGE][NOT_RUN] - NOT_RUN: click(findTestObject("TF_Customer_Create/3_Common_Action_Buttons/Click_Data_Tab/span_Data_Tab"))

2019-01-23 19:08:08 - [TEST_STEP][NOT_RUN] - delay(1): NOT_RUN: delay(1)

2019-01-23 19:08:08 - [MESSAGE][NOT_RUN] - NOT_RUN: delay(1)

2019-01-23 19:08:08 - [TEST_STEP][NOT_RUN] - click(findTestObject("TF_Customer_Create/3_Common_Action_Buttons/Click_Close_Button/btn_Close")): NOT_RUN: click(findTestObject("TF_Customer_Create/3_Common_Action_Buttons/Click_Close_Button/btn_Close"))

2019-01-23 19:08:08 - [MESSAGE][NOT_RUN] - NOT_RUN: click(findTestObject("TF_Customer_Create/3_Common_Action_Buttons/Click_Close_Button/btn_Close"))

2019-01-23 19:08:08 - [TEST_STEP][NOT_RUN] - delay(2): NOT_RUN: delay(2)

2019-01-23 19:08:08 - [MESSAGE][NOT_RUN] - NOT_RUN: delay(2)

2019-01-23 19:08:08 - [TEST_STEP][NOT_RUN] - vrfy_PLA = com.oracledb.regressiontest.verifyPLA(ora_connt, ora_usr, ora_psswrd, ora_schema, plaAcctName): NOT_RUN: vrfy_PLA = com.oracledb.regressiontest.verifyPLA(ora_connt, ora_usr, ora_psswrd, ora_schema, plaAcctName)

2019-01-23 19:08:08 - [MESSAGE][NOT_RUN] - NOT_RUN: vrfy_PLA = com.oracledb.regressiontest.verifyPLA(ora_connt, ora_usr, ora_psswrd, ora_schema, plaAcctName)

2019-01-23 19:08:08 - [TEST_STEP][NOT_RUN] - println("Planning Account Name"): NOT_RUN: println("Planning Account Name")

2019-01-23 19:08:08 - [MESSAGE][NOT_RUN] - NOT_RUN: println("Planning Account Name")

2019-01-23 19:08:08 - [TEST_STEP][NOT_RUN] - verifyEqual(PLANNING_ACCOUNT_NAME, plaAcctName): NOT_RUN: verifyEqual(PLANNING_ACCOUNT_NAME, plaAcctName)

2019-01-23 19:08:08 - [MESSAGE][NOT_RUN] - NOT_RUN: verifyEqual(PLANNING_ACCOUNT_NAME, plaAcctName)]]></system-out>
         <system-err><![CDATA[]]></system-err>
      </testcase>
      <testcase name="Test Cases/Regression_TF_Customer/Create_Record/TC_13_Create_LDI_Vendor_Site" classname="Test Cases/Regression_TF_Customer/Create_Record/TC_13_Create_LDI_Vendor_Site" status="PASSED">
         <system-out><![CDATA[2019-01-23 19:08:08 - [TEST_CASE][PASSED] - Test Cases/Regression_TF_Customer/Create_Record/TC_13_Create_LDI_Vendor_Site: Test Cases/Regression_TF_Customer/Create_Record/TC_13_Create_LDI_Vendor_Site

2019-01-23 19:08:08 - [TEST_STEP][PASSED] - waitForPageLoad(G_Timeout): Wait for page load successfully

2019-01-23 19:08:08 - [MESSAGE][PASSED] - Wait for page load successfully

2019-01-23 19:08:08 - [TEST_STEP][PASSED] - mouseOver(findTestObject("TF_Customer_Create/1_Menu_Navigation_To_Open_All_Pages/0_Menu_Create_In_Data_View")): Object: 'Object Repository/TF_Customer_Create/1_Menu_Navigation_To_Open_All_Pages/0_Menu_Create_In_Data_View' is hovered

2019-01-23 19:08:08 - [MESSAGE][PASSED] - Object: 'Object Repository/TF_Customer_Create/1_Menu_Navigation_To_Open_All_Pages/0_Menu_Create_In_Data_View' is hovered

2019-01-23 19:08:08 - [TEST_STEP][PASSED] - waitForPageLoad(G_Timeout): Wait for page load successfully

2019-01-23 19:08:08 - [MESSAGE][PASSED] - Wait for page load successfully

2019-01-23 19:08:08 - [TEST_STEP][PASSED] - mouseOver(findTestObject("TF_Customer_Create/1_Menu_Navigation_To_Open_All_Pages/1_Menu_Create_Master_Data")): Object: 'Object Repository/TF_Customer_Create/1_Menu_Navigation_To_Open_All_Pages/1_Menu_Create_Master_Data' is hovered

2019-01-23 19:08:08 - [MESSAGE][PASSED] - Object: 'Object Repository/TF_Customer_Create/1_Menu_Navigation_To_Open_All_Pages/1_Menu_Create_Master_Data' is hovered

2019-01-23 19:08:08 - [TEST_STEP][PASSED] - waitForPageLoad(G_Timeout): Wait for page load successfully

2019-01-23 19:08:08 - [MESSAGE][PASSED] - Wait for page load successfully

2019-01-23 19:08:08 - [TEST_STEP][PASSED] - mouseOver(findTestObject("TF_Customer_Create/1_Menu_Navigation_To_Open_All_Pages/3_Planning_Account_Hoverover_Option")): Object: 'Object Repository/TF_Customer_Create/1_Menu_Navigation_To_Open_All_Pages/3_Planning_Account_Hoverover_Option' is hovered

2019-01-23 19:08:08 - [MESSAGE][PASSED] - Object: 'Object Repository/TF_Customer_Create/1_Menu_Navigation_To_Open_All_Pages/3_Planning_Account_Hoverover_Option' is hovered

2019-01-23 19:08:08 - [TEST_STEP][PASSED] - waitForPageLoad(G_Timeout): Wait for page load successfully

2019-01-23 19:08:08 - [MESSAGE][PASSED] - Wait for page load successfully

2019-01-23 19:08:08 - [TEST_STEP][PASSED] - click(findTestObject("TF_Customer_Create/2_Select_Menu_Options(All)/13_LDI_Vendor_Site")): Object: 'Object Repository/TF_Customer_Create/2_Select_Menu_Options(All)/13_LDI_Vendor_Site' is clicked on

2019-01-23 19:08:08 - [MESSAGE][PASSED] - Object: 'Object Repository/TF_Customer_Create/2_Select_Menu_Options(All)/13_LDI_Vendor_Site' is clicked on

2019-01-23 19:08:08 - [TEST_STEP][PASSED] - waitForPageLoad(G_Timeout): Wait for page load successfully

2019-01-23 19:08:08 - [MESSAGE][PASSED] - Wait for page load successfully

2019-01-23 19:08:08 - [TEST_STEP][PASSED] - delay(3): Delayed 3 second(s)

2019-01-23 19:08:11 - [MESSAGE][PASSED] - Delayed 3 second(s)

2019-01-23 19:08:11 - [TEST_STEP][PASSED] - vndSiteName = com.oracledb.regressiontest.genName(15): com.oracledb.regressiontest.genName is PASSED

2019-01-23 19:08:11 - [MESSAGE][PASSED] - com.oracledb.regressiontest.genName is PASSED

2019-01-23 19:08:11 - [TEST_STEP][PASSED] - vndSiteNumber = com.oracledb.regressiontest.genName(12): com.oracledb.regressiontest.genName is PASSED

2019-01-23 19:08:11 - [MESSAGE][PASSED] - com.oracledb.regressiontest.genName is PASSED

2019-01-23 19:08:11 - [TEST_STEP][PASSED] - vndSiteCd = com.oracledb.regressiontest.genName(10): com.oracledb.regressiontest.genName is PASSED

2019-01-23 19:08:11 - [MESSAGE][PASSED] - com.oracledb.regressiontest.genName is PASSED

2019-01-23 19:08:11 - [TEST_STEP][PASSED] - vndSiteCity = com.oracledb.regressiontest.genName(8): com.oracledb.regressiontest.genName is PASSED

2019-01-23 19:08:11 - [MESSAGE][PASSED] - com.oracledb.regressiontest.genName is PASSED

2019-01-23 19:08:11 - [TEST_STEP][PASSED] - vndSitePtlCd = com.oracledb.regressiontest.genName(6): com.oracledb.regressiontest.genName is PASSED

2019-01-23 19:08:11 - [MESSAGE][PASSED] - com.oracledb.regressiontest.genName is PASSED

2019-01-23 19:08:11 - [TEST_STEP][PASSED] - setText(findTestObject("TF_Customer_Create/4_Create_Objects_And_Save/13_Create_LDI_Vendor_Site/Input_Vendor_Site_Name/input_Vendor_Site_Nm"), vndSiteName): Text 'QS0Z55KOOJLMPE2' is set on object 'Object Repository/TF_Customer_Create/4_Create_Objects_And_Save/13_Create_LDI_Vendor_Site/Input_Vendor_Site_Name/input_Vendor_Site_Nm'

2019-01-23 19:08:12 - [MESSAGE][PASSED] - Text 'QS0Z55KOOJLMPE2' is set on object 'Object Repository/TF_Customer_Create/4_Create_Objects_And_Save/13_Create_LDI_Vendor_Site/Input_Vendor_Site_Name/input_Vendor_Site_Nm'

2019-01-23 19:08:12 - [TEST_STEP][PASSED] - setText(findTestObject("TF_Customer_Create/4_Create_Objects_And_Save/13_Create_LDI_Vendor_Site/Input_Vendor_Site_Name/input_Vendor_Site_Number"), vndSiteNumber): Text '2JV1YOM649JS' is set on object 'Object Repository/TF_Customer_Create/4_Create_Objects_And_Save/13_Create_LDI_Vendor_Site/Input_Vendor_Site_Name/input_Vendor_Site_Number'

2019-01-23 19:08:12 - [MESSAGE][PASSED] - Text '2JV1YOM649JS' is set on object 'Object Repository/TF_Customer_Create/4_Create_Objects_And_Save/13_Create_LDI_Vendor_Site/Input_Vendor_Site_Name/input_Vendor_Site_Number'

2019-01-23 19:08:12 - [TEST_STEP][PASSED] - setText(findTestObject("TF_Customer_Create/4_Create_Objects_And_Save/13_Create_LDI_Vendor_Site/Input_Vendor_Site_Name/input_Vendor_Site_Cd"), vndSiteCd): Text 'P6KWSP282Q' is set on object 'Object Repository/TF_Customer_Create/4_Create_Objects_And_Save/13_Create_LDI_Vendor_Site/Input_Vendor_Site_Name/input_Vendor_Site_Cd'

2019-01-23 19:08:12 - [MESSAGE][PASSED] - Text 'P6KWSP282Q' is set on object 'Object Repository/TF_Customer_Create/4_Create_Objects_And_Save/13_Create_LDI_Vendor_Site/Input_Vendor_Site_Name/input_Vendor_Site_Cd'

2019-01-23 19:08:12 - [TEST_STEP][PASSED] - setText(findTestObject("TF_Customer_Create/4_Create_Objects_And_Save/13_Create_LDI_Vendor_Site/Input_Vendor_Site_Name/input_Vendor_Site_City"), vndSiteCity): Text '692PWM36' is set on object 'Object Repository/TF_Customer_Create/4_Create_Objects_And_Save/13_Create_LDI_Vendor_Site/Input_Vendor_Site_Name/input_Vendor_Site_City'

2019-01-23 19:08:12 - [MESSAGE][PASSED] - Text '692PWM36' is set on object 'Object Repository/TF_Customer_Create/4_Create_Objects_And_Save/13_Create_LDI_Vendor_Site/Input_Vendor_Site_Name/input_Vendor_Site_City'

2019-01-23 19:08:12 - [TEST_STEP][PASSED] - setText(findTestObject("TF_Customer_Create/4_Create_Objects_And_Save/13_Create_LDI_Vendor_Site/Input_Vendor_Site_Name/input_Vendor_Site_Postal_Code"), vndSitePtlCd): Text 'OLOV1V' is set on object 'Object Repository/TF_Customer_Create/4_Create_Objects_And_Save/13_Create_LDI_Vendor_Site/Input_Vendor_Site_Name/input_Vendor_Site_Postal_Code'

2019-01-23 19:08:12 - [MESSAGE][PASSED] - Text 'OLOV1V' is set on object 'Object Repository/TF_Customer_Create/4_Create_Objects_And_Save/13_Create_LDI_Vendor_Site/Input_Vendor_Site_Name/input_Vendor_Site_Postal_Code'

2019-01-23 19:08:12 - [TEST_STEP][NOT_RUN] - setText(findTestObject("TF_Customer_Create/4_Create_Objects_And_Save/13_Create_LDI_Vendor_Site/Input_Vendor_Site_Name/input_Vendor_Site_Inactive_dt"), input_Eff_Dt): NOT_RUN: setText(findTestObject("TF_Customer_Create/4_Create_Objects_And_Save/13_Create_LDI_Vendor_Site/Input_Vendor_Site_Name/input_Vendor_Site_Inactive_dt"), input_Eff_Dt)

2019-01-23 19:08:12 - [MESSAGE][NOT_RUN] - NOT_RUN: setText(findTestObject("TF_Customer_Create/4_Create_Objects_And_Save/13_Create_LDI_Vendor_Site/Input_Vendor_Site_Name/input_Vendor_Site_Inactive_dt"), input_Eff_Dt)

2019-01-23 19:08:12 - [TEST_STEP][PASSED] - delay(2): Delayed 2 second(s)

2019-01-23 19:08:14 - [MESSAGE][PASSED] - Delayed 2 second(s)

2019-01-23 19:08:14 - [TEST_STEP][PASSED] - click(findTestObject("TF_Customer_Create/3_Common_Action_Buttons/Click_Data_Tab/span_Data_Tab")): Object: 'Object Repository/TF_Customer_Create/3_Common_Action_Buttons/Click_Data_Tab/span_Data_Tab' is clicked on

2019-01-23 19:08:14 - [MESSAGE][PASSED] - Object: 'Object Repository/TF_Customer_Create/3_Common_Action_Buttons/Click_Data_Tab/span_Data_Tab' is clicked on

2019-01-23 19:08:14 - [TEST_STEP][NOT_RUN] - click(findTestObject("TF_Customer_Create/4_Create_Objects_And_Save/Choose_Sales_Org/Click_Sales_Org_DD"), CONTINUE_ON_FAILURE): NOT_RUN: click(findTestObject("TF_Customer_Create/4_Create_Objects_And_Save/Choose_Sales_Org/Click_Sales_Org_DD"), CONTINUE_ON_FAILURE)

2019-01-23 19:08:14 - [MESSAGE][NOT_RUN] - NOT_RUN: click(findTestObject("TF_Customer_Create/4_Create_Objects_And_Save/Choose_Sales_Org/Click_Sales_Org_DD"), CONTINUE_ON_FAILURE)

2019-01-23 19:08:14 - [TEST_STEP][NOT_RUN] - click(findTestObject("TF_Customer_Create/4_Create_Objects_And_Save/Choose_Sales_Org/CA_Object"), CONTINUE_ON_FAILURE): NOT_RUN: click(findTestObject("TF_Customer_Create/4_Create_Objects_And_Save/Choose_Sales_Org/CA_Object"), CONTINUE_ON_FAILURE)

2019-01-23 19:08:14 - [MESSAGE][NOT_RUN] - NOT_RUN: click(findTestObject("TF_Customer_Create/4_Create_Objects_And_Save/Choose_Sales_Org/CA_Object"), CONTINUE_ON_FAILURE)

2019-01-23 19:08:14 - [TEST_STEP][PASSED] - delay(2): Delayed 2 second(s)

2019-01-23 19:08:16 - [MESSAGE][PASSED] - Delayed 2 second(s)

2019-01-23 19:08:16 - [TEST_STEP][PASSED] - click(findTestObject("TF_Customer_Create/3_Common_Action_Buttons/Click_Apply_Button/td_Apply")): Object: 'Object Repository/TF_Customer_Create/3_Common_Action_Buttons/Click_Apply_Button/td_Apply' is clicked on

2019-01-23 19:08:16 - [MESSAGE][PASSED] - Object: 'Object Repository/TF_Customer_Create/3_Common_Action_Buttons/Click_Apply_Button/td_Apply' is clicked on

2019-01-23 19:08:16 - [TEST_STEP][PASSED] - delay(2): Delayed 2 second(s)

2019-01-23 19:08:18 - [MESSAGE][PASSED] - Delayed 2 second(s)

2019-01-23 19:08:18 - [TEST_STEP][PASSED] - click(findTestObject("TF_Customer_Create/3_Common_Action_Buttons/Click_Save_Button/btn_Save")): Object: 'Object Repository/TF_Customer_Create/3_Common_Action_Buttons/Click_Save_Button/btn_Save' is clicked on

2019-01-23 19:08:19 - [MESSAGE][PASSED] - Object: 'Object Repository/TF_Customer_Create/3_Common_Action_Buttons/Click_Save_Button/btn_Save' is clicked on

2019-01-23 19:08:19 - [TEST_STEP][PASSED] - delay(2): Delayed 2 second(s)

2019-01-23 19:08:21 - [MESSAGE][PASSED] - Delayed 2 second(s)

2019-01-23 19:08:21 - [TEST_STEP][NOT_RUN] - verifyElementText(findTestObject("TF_Customer_Create/3_Common_Action_Buttons/Verify_Success_Message/Success_Message"), "Record has been saved successfully.", CONTINUE_ON_FAILURE): NOT_RUN: verifyElementText(findTestObject("TF_Customer_Create/3_Common_Action_Buttons/Verify_Success_Message/Success_Message"), "Record has been saved successfully.", CONTINUE_ON_FAILURE)

2019-01-23 19:08:21 - [MESSAGE][NOT_RUN] - NOT_RUN: verifyElementText(findTestObject("TF_Customer_Create/3_Common_Action_Buttons/Verify_Success_Message/Success_Message"), "Record has been saved successfully.", CONTINUE_ON_FAILURE)

2019-01-23 19:08:21 - [TEST_STEP][NOT_RUN] - click(findTestObject("TF_Customer_Create/3_Common_Action_Buttons/Click_Data_Tab/span_Data_Tab")): NOT_RUN: click(findTestObject("TF_Customer_Create/3_Common_Action_Buttons/Click_Data_Tab/span_Data_Tab"))

2019-01-23 19:08:21 - [MESSAGE][NOT_RUN] - NOT_RUN: click(findTestObject("TF_Customer_Create/3_Common_Action_Buttons/Click_Data_Tab/span_Data_Tab"))

2019-01-23 19:08:21 - [TEST_STEP][NOT_RUN] - delay(1): NOT_RUN: delay(1)

2019-01-23 19:08:21 - [MESSAGE][NOT_RUN] - NOT_RUN: delay(1)

2019-01-23 19:08:21 - [TEST_STEP][NOT_RUN] - click(findTestObject("TF_Customer_Create/3_Common_Action_Buttons/Click_Close_Button/btn_Close")): NOT_RUN: click(findTestObject("TF_Customer_Create/3_Common_Action_Buttons/Click_Close_Button/btn_Close"))

2019-01-23 19:08:21 - [MESSAGE][NOT_RUN] - NOT_RUN: click(findTestObject("TF_Customer_Create/3_Common_Action_Buttons/Click_Close_Button/btn_Close"))

2019-01-23 19:08:21 - [TEST_STEP][NOT_RUN] - delay(2): NOT_RUN: delay(2)

2019-01-23 19:08:21 - [MESSAGE][NOT_RUN] - NOT_RUN: delay(2)

2019-01-23 19:08:21 - [TEST_STEP][NOT_RUN] - vrfy_PLA = com.oracledb.regressiontest.verifyPLA(ora_connt, ora_usr, ora_psswrd, ora_schema, plaAcctName): NOT_RUN: vrfy_PLA = com.oracledb.regressiontest.verifyPLA(ora_connt, ora_usr, ora_psswrd, ora_schema, plaAcctName)

2019-01-23 19:08:21 - [MESSAGE][NOT_RUN] - NOT_RUN: vrfy_PLA = com.oracledb.regressiontest.verifyPLA(ora_connt, ora_usr, ora_psswrd, ora_schema, plaAcctName)

2019-01-23 19:08:21 - [TEST_STEP][NOT_RUN] - println("Planning Account Name"): NOT_RUN: println("Planning Account Name")

2019-01-23 19:08:21 - [MESSAGE][NOT_RUN] - NOT_RUN: println("Planning Account Name")

2019-01-23 19:08:21 - [TEST_STEP][NOT_RUN] - verifyEqual(PLANNING_ACCOUNT_NAME, plaAcctName): NOT_RUN: verifyEqual(PLANNING_ACCOUNT_NAME, plaAcctName)

2019-01-23 19:08:21 - [MESSAGE][NOT_RUN] - NOT_RUN: verifyEqual(PLANNING_ACCOUNT_NAME, plaAcctName)]]></system-out>
         <system-err><![CDATA[]]></system-err>
      </testcase>
      <testcase name="Test Cases/Regression_TF_Customer/Create_Record/TC_13_Create_LDI_Vendor_Site" classname="Test Cases/Regression_TF_Customer/Create_Record/TC_13_Create_LDI_Vendor_Site" status="PASSED">
         <system-out><![CDATA[2019-01-23 19:08:21 - [TEST_CASE][PASSED] - Test Cases/Regression_TF_Customer/Create_Record/TC_13_Create_LDI_Vendor_Site: Test Cases/Regression_TF_Customer/Create_Record/TC_13_Create_LDI_Vendor_Site

2019-01-23 19:08:21 - [TEST_STEP][PASSED] - waitForPageLoad(G_Timeout): Wait for page load successfully

2019-01-23 19:08:21 - [MESSAGE][PASSED] - Wait for page load successfully

2019-01-23 19:08:21 - [TEST_STEP][PASSED] - mouseOver(findTestObject("TF_Customer_Create/1_Menu_Navigation_To_Open_All_Pages/0_Menu_Create_In_Data_View")): Object: 'Object Repository/TF_Customer_Create/1_Menu_Navigation_To_Open_All_Pages/0_Menu_Create_In_Data_View' is hovered

2019-01-23 19:08:21 - [MESSAGE][PASSED] - Object: 'Object Repository/TF_Customer_Create/1_Menu_Navigation_To_Open_All_Pages/0_Menu_Create_In_Data_View' is hovered

2019-01-23 19:08:21 - [TEST_STEP][PASSED] - waitForPageLoad(G_Timeout): Wait for page load successfully

2019-01-23 19:08:21 - [MESSAGE][PASSED] - Wait for page load successfully

2019-01-23 19:08:21 - [TEST_STEP][PASSED] - mouseOver(findTestObject("TF_Customer_Create/1_Menu_Navigation_To_Open_All_Pages/1_Menu_Create_Master_Data")): Object: 'Object Repository/TF_Customer_Create/1_Menu_Navigation_To_Open_All_Pages/1_Menu_Create_Master_Data' is hovered

2019-01-23 19:08:21 - [MESSAGE][PASSED] - Object: 'Object Repository/TF_Customer_Create/1_Menu_Navigation_To_Open_All_Pages/1_Menu_Create_Master_Data' is hovered

2019-01-23 19:08:21 - [TEST_STEP][PASSED] - waitForPageLoad(G_Timeout): Wait for page load successfully

2019-01-23 19:08:21 - [MESSAGE][PASSED] - Wait for page load successfully

2019-01-23 19:08:21 - [TEST_STEP][PASSED] - mouseOver(findTestObject("TF_Customer_Create/1_Menu_Navigation_To_Open_All_Pages/3_Planning_Account_Hoverover_Option")): Object: 'Object Repository/TF_Customer_Create/1_Menu_Navigation_To_Open_All_Pages/3_Planning_Account_Hoverover_Option' is hovered

2019-01-23 19:08:21 - [MESSAGE][PASSED] - Object: 'Object Repository/TF_Customer_Create/1_Menu_Navigation_To_Open_All_Pages/3_Planning_Account_Hoverover_Option' is hovered

2019-01-23 19:08:21 - [TEST_STEP][PASSED] - waitForPageLoad(G_Timeout): Wait for page load successfully

2019-01-23 19:08:21 - [MESSAGE][PASSED] - Wait for page load successfully

2019-01-23 19:08:21 - [TEST_STEP][PASSED] - click(findTestObject("TF_Customer_Create/2_Select_Menu_Options(All)/13_LDI_Vendor_Site")): Object: 'Object Repository/TF_Customer_Create/2_Select_Menu_Options(All)/13_LDI_Vendor_Site' is clicked on

2019-01-23 19:08:21 - [MESSAGE][PASSED] - Object: 'Object Repository/TF_Customer_Create/2_Select_Menu_Options(All)/13_LDI_Vendor_Site' is clicked on

2019-01-23 19:08:21 - [TEST_STEP][PASSED] - waitForPageLoad(G_Timeout): Wait for page load successfully

2019-01-23 19:08:21 - [MESSAGE][PASSED] - Wait for page load successfully

2019-01-23 19:08:21 - [TEST_STEP][PASSED] - delay(3): Delayed 3 second(s)

2019-01-23 19:08:24 - [MESSAGE][PASSED] - Delayed 3 second(s)

2019-01-23 19:08:24 - [TEST_STEP][PASSED] - vndSiteName = com.oracledb.regressiontest.genName(15): com.oracledb.regressiontest.genName is PASSED

2019-01-23 19:08:24 - [MESSAGE][PASSED] - com.oracledb.regressiontest.genName is PASSED

2019-01-23 19:08:24 - [TEST_STEP][PASSED] - vndSiteNumber = com.oracledb.regressiontest.genName(12): com.oracledb.regressiontest.genName is PASSED

2019-01-23 19:08:24 - [MESSAGE][PASSED] - com.oracledb.regressiontest.genName is PASSED

2019-01-23 19:08:24 - [TEST_STEP][PASSED] - vndSiteCd = com.oracledb.regressiontest.genName(10): com.oracledb.regressiontest.genName is PASSED

2019-01-23 19:08:24 - [MESSAGE][PASSED] - com.oracledb.regressiontest.genName is PASSED

2019-01-23 19:08:24 - [TEST_STEP][PASSED] - vndSiteCity = com.oracledb.regressiontest.genName(8): com.oracledb.regressiontest.genName is PASSED

2019-01-23 19:08:24 - [MESSAGE][PASSED] - com.oracledb.regressiontest.genName is PASSED

2019-01-23 19:08:24 - [TEST_STEP][PASSED] - vndSitePtlCd = com.oracledb.regressiontest.genName(6): com.oracledb.regressiontest.genName is PASSED

2019-01-23 19:08:24 - [MESSAGE][PASSED] - com.oracledb.regressiontest.genName is PASSED

2019-01-23 19:08:24 - [TEST_STEP][PASSED] - setText(findTestObject("TF_Customer_Create/4_Create_Objects_And_Save/13_Create_LDI_Vendor_Site/Input_Vendor_Site_Name/input_Vendor_Site_Nm"), vndSiteName): Text 'Y4396VSBCNW0DFC' is set on object 'Object Repository/TF_Customer_Create/4_Create_Objects_And_Save/13_Create_LDI_Vendor_Site/Input_Vendor_Site_Name/input_Vendor_Site_Nm'

2019-01-23 19:08:24 - [MESSAGE][PASSED] - Text 'Y4396VSBCNW0DFC' is set on object 'Object Repository/TF_Customer_Create/4_Create_Objects_And_Save/13_Create_LDI_Vendor_Site/Input_Vendor_Site_Name/input_Vendor_Site_Nm'

2019-01-23 19:08:24 - [TEST_STEP][PASSED] - setText(findTestObject("TF_Customer_Create/4_Create_Objects_And_Save/13_Create_LDI_Vendor_Site/Input_Vendor_Site_Name/input_Vendor_Site_Number"), vndSiteNumber): Text '0UQ81CJVOKJH' is set on object 'Object Repository/TF_Customer_Create/4_Create_Objects_And_Save/13_Create_LDI_Vendor_Site/Input_Vendor_Site_Name/input_Vendor_Site_Number'

2019-01-23 19:08:25 - [MESSAGE][PASSED] - Text '0UQ81CJVOKJH' is set on object 'Object Repository/TF_Customer_Create/4_Create_Objects_And_Save/13_Create_LDI_Vendor_Site/Input_Vendor_Site_Name/input_Vendor_Site_Number'

2019-01-23 19:08:25 - [TEST_STEP][PASSED] - setText(findTestObject("TF_Customer_Create/4_Create_Objects_And_Save/13_Create_LDI_Vendor_Site/Input_Vendor_Site_Name/input_Vendor_Site_Cd"), vndSiteCd): Text 'PI0LN8REQR' is set on object 'Object Repository/TF_Customer_Create/4_Create_Objects_And_Save/13_Create_LDI_Vendor_Site/Input_Vendor_Site_Name/input_Vendor_Site_Cd'

2019-01-23 19:08:25 - [MESSAGE][PASSED] - Text 'PI0LN8REQR' is set on object 'Object Repository/TF_Customer_Create/4_Create_Objects_And_Save/13_Create_LDI_Vendor_Site/Input_Vendor_Site_Name/input_Vendor_Site_Cd'

2019-01-23 19:08:25 - [TEST_STEP][PASSED] - setText(findTestObject("TF_Customer_Create/4_Create_Objects_And_Save/13_Create_LDI_Vendor_Site/Input_Vendor_Site_Name/input_Vendor_Site_City"), vndSiteCity): Text '40YU0E2M' is set on object 'Object Repository/TF_Customer_Create/4_Create_Objects_And_Save/13_Create_LDI_Vendor_Site/Input_Vendor_Site_Name/input_Vendor_Site_City'

2019-01-23 19:08:25 - [MESSAGE][PASSED] - Text '40YU0E2M' is set on object 'Object Repository/TF_Customer_Create/4_Create_Objects_And_Save/13_Create_LDI_Vendor_Site/Input_Vendor_Site_Name/input_Vendor_Site_City'

2019-01-23 19:08:25 - [TEST_STEP][PASSED] - setText(findTestObject("TF_Customer_Create/4_Create_Objects_And_Save/13_Create_LDI_Vendor_Site/Input_Vendor_Site_Name/input_Vendor_Site_Postal_Code"), vndSitePtlCd): Text 'PSTJDZ' is set on object 'Object Repository/TF_Customer_Create/4_Create_Objects_And_Save/13_Create_LDI_Vendor_Site/Input_Vendor_Site_Name/input_Vendor_Site_Postal_Code'

2019-01-23 19:08:25 - [MESSAGE][PASSED] - Text 'PSTJDZ' is set on object 'Object Repository/TF_Customer_Create/4_Create_Objects_And_Save/13_Create_LDI_Vendor_Site/Input_Vendor_Site_Name/input_Vendor_Site_Postal_Code'

2019-01-23 19:08:25 - [TEST_STEP][NOT_RUN] - setText(findTestObject("TF_Customer_Create/4_Create_Objects_And_Save/13_Create_LDI_Vendor_Site/Input_Vendor_Site_Name/input_Vendor_Site_Inactive_dt"), input_Eff_Dt): NOT_RUN: setText(findTestObject("TF_Customer_Create/4_Create_Objects_And_Save/13_Create_LDI_Vendor_Site/Input_Vendor_Site_Name/input_Vendor_Site_Inactive_dt"), input_Eff_Dt)

2019-01-23 19:08:25 - [MESSAGE][NOT_RUN] - NOT_RUN: setText(findTestObject("TF_Customer_Create/4_Create_Objects_And_Save/13_Create_LDI_Vendor_Site/Input_Vendor_Site_Name/input_Vendor_Site_Inactive_dt"), input_Eff_Dt)

2019-01-23 19:08:25 - [TEST_STEP][PASSED] - delay(2): Delayed 2 second(s)

2019-01-23 19:08:27 - [MESSAGE][PASSED] - Delayed 2 second(s)

2019-01-23 19:08:27 - [TEST_STEP][PASSED] - click(findTestObject("TF_Customer_Create/3_Common_Action_Buttons/Click_Data_Tab/span_Data_Tab")): Object: 'Object Repository/TF_Customer_Create/3_Common_Action_Buttons/Click_Data_Tab/span_Data_Tab' is clicked on

2019-01-23 19:08:27 - [MESSAGE][PASSED] - Object: 'Object Repository/TF_Customer_Create/3_Common_Action_Buttons/Click_Data_Tab/span_Data_Tab' is clicked on

2019-01-23 19:08:27 - [TEST_STEP][NOT_RUN] - click(findTestObject("TF_Customer_Create/4_Create_Objects_And_Save/Choose_Sales_Org/Click_Sales_Org_DD"), CONTINUE_ON_FAILURE): NOT_RUN: click(findTestObject("TF_Customer_Create/4_Create_Objects_And_Save/Choose_Sales_Org/Click_Sales_Org_DD"), CONTINUE_ON_FAILURE)

2019-01-23 19:08:27 - [MESSAGE][NOT_RUN] - NOT_RUN: click(findTestObject("TF_Customer_Create/4_Create_Objects_And_Save/Choose_Sales_Org/Click_Sales_Org_DD"), CONTINUE_ON_FAILURE)

2019-01-23 19:08:27 - [TEST_STEP][NOT_RUN] - click(findTestObject("TF_Customer_Create/4_Create_Objects_And_Save/Choose_Sales_Org/CA_Object"), CONTINUE_ON_FAILURE): NOT_RUN: click(findTestObject("TF_Customer_Create/4_Create_Objects_And_Save/Choose_Sales_Org/CA_Object"), CONTINUE_ON_FAILURE)

2019-01-23 19:08:27 - [MESSAGE][NOT_RUN] - NOT_RUN: click(findTestObject("TF_Customer_Create/4_Create_Objects_And_Save/Choose_Sales_Org/CA_Object"), CONTINUE_ON_FAILURE)

2019-01-23 19:08:27 - [TEST_STEP][PASSED] - delay(2): Delayed 2 second(s)

2019-01-23 19:08:29 - [MESSAGE][PASSED] - Delayed 2 second(s)

2019-01-23 19:08:29 - [TEST_STEP][PASSED] - click(findTestObject("TF_Customer_Create/3_Common_Action_Buttons/Click_Apply_Button/td_Apply")): Object: 'Object Repository/TF_Customer_Create/3_Common_Action_Buttons/Click_Apply_Button/td_Apply' is clicked on

2019-01-23 19:08:29 - [MESSAGE][PASSED] - Object: 'Object Repository/TF_Customer_Create/3_Common_Action_Buttons/Click_Apply_Button/td_Apply' is clicked on

2019-01-23 19:08:29 - [TEST_STEP][PASSED] - delay(2): Delayed 2 second(s)

2019-01-23 19:08:31 - [MESSAGE][PASSED] - Delayed 2 second(s)

2019-01-23 19:08:31 - [TEST_STEP][PASSED] - click(findTestObject("TF_Customer_Create/3_Common_Action_Buttons/Click_Save_Button/btn_Save")): Object: 'Object Repository/TF_Customer_Create/3_Common_Action_Buttons/Click_Save_Button/btn_Save' is clicked on

2019-01-23 19:08:31 - [MESSAGE][PASSED] - Object: 'Object Repository/TF_Customer_Create/3_Common_Action_Buttons/Click_Save_Button/btn_Save' is clicked on

2019-01-23 19:08:31 - [TEST_STEP][PASSED] - delay(2): Delayed 2 second(s)

2019-01-23 19:08:33 - [MESSAGE][PASSED] - Delayed 2 second(s)

2019-01-23 19:08:33 - [TEST_STEP][NOT_RUN] - verifyElementText(findTestObject("TF_Customer_Create/3_Common_Action_Buttons/Verify_Success_Message/Success_Message"), "Record has been saved successfully.", CONTINUE_ON_FAILURE): NOT_RUN: verifyElementText(findTestObject("TF_Customer_Create/3_Common_Action_Buttons/Verify_Success_Message/Success_Message"), "Record has been saved successfully.", CONTINUE_ON_FAILURE)

2019-01-23 19:08:33 - [MESSAGE][NOT_RUN] - NOT_RUN: verifyElementText(findTestObject("TF_Customer_Create/3_Common_Action_Buttons/Verify_Success_Message/Success_Message"), "Record has been saved successfully.", CONTINUE_ON_FAILURE)

2019-01-23 19:08:33 - [TEST_STEP][NOT_RUN] - click(findTestObject("TF_Customer_Create/3_Common_Action_Buttons/Click_Data_Tab/span_Data_Tab")): NOT_RUN: click(findTestObject("TF_Customer_Create/3_Common_Action_Buttons/Click_Data_Tab/span_Data_Tab"))

2019-01-23 19:08:33 - [MESSAGE][NOT_RUN] - NOT_RUN: click(findTestObject("TF_Customer_Create/3_Common_Action_Buttons/Click_Data_Tab/span_Data_Tab"))

2019-01-23 19:08:33 - [TEST_STEP][NOT_RUN] - delay(1): NOT_RUN: delay(1)

2019-01-23 19:08:33 - [MESSAGE][NOT_RUN] - NOT_RUN: delay(1)

2019-01-23 19:08:33 - [TEST_STEP][NOT_RUN] - click(findTestObject("TF_Customer_Create/3_Common_Action_Buttons/Click_Close_Button/btn_Close")): NOT_RUN: click(findTestObject("TF_Customer_Create/3_Common_Action_Buttons/Click_Close_Button/btn_Close"))

2019-01-23 19:08:33 - [MESSAGE][NOT_RUN] - NOT_RUN: click(findTestObject("TF_Customer_Create/3_Common_Action_Buttons/Click_Close_Button/btn_Close"))

2019-01-23 19:08:33 - [TEST_STEP][NOT_RUN] - delay(2): NOT_RUN: delay(2)

2019-01-23 19:08:33 - [MESSAGE][NOT_RUN] - NOT_RUN: delay(2)

2019-01-23 19:08:33 - [TEST_STEP][NOT_RUN] - vrfy_PLA = com.oracledb.regressiontest.verifyPLA(ora_connt, ora_usr, ora_psswrd, ora_schema, plaAcctName): NOT_RUN: vrfy_PLA = com.oracledb.regressiontest.verifyPLA(ora_connt, ora_usr, ora_psswrd, ora_schema, plaAcctName)

2019-01-23 19:08:33 - [MESSAGE][NOT_RUN] - NOT_RUN: vrfy_PLA = com.oracledb.regressiontest.verifyPLA(ora_connt, ora_usr, ora_psswrd, ora_schema, plaAcctName)

2019-01-23 19:08:33 - [TEST_STEP][NOT_RUN] - println("Planning Account Name"): NOT_RUN: println("Planning Account Name")

2019-01-23 19:08:33 - [MESSAGE][NOT_RUN] - NOT_RUN: println("Planning Account Name")

2019-01-23 19:08:33 - [TEST_STEP][NOT_RUN] - verifyEqual(PLANNING_ACCOUNT_NAME, plaAcctName): NOT_RUN: verifyEqual(PLANNING_ACCOUNT_NAME, plaAcctName)

2019-01-23 19:08:33 - [MESSAGE][NOT_RUN] - NOT_RUN: verifyEqual(PLANNING_ACCOUNT_NAME, plaAcctName)]]></system-out>
         <system-err><![CDATA[]]></system-err>
      </testcase>
      <testcase name="Test Cases/Regression_TF_Customer/Create_Record/TC_13_Create_LDI_Vendor_Site" classname="Test Cases/Regression_TF_Customer/Create_Record/TC_13_Create_LDI_Vendor_Site" status="PASSED">
         <system-out><![CDATA[2019-01-23 19:08:33 - [TEST_CASE][PASSED] - Test Cases/Regression_TF_Customer/Create_Record/TC_13_Create_LDI_Vendor_Site: Test Cases/Regression_TF_Customer/Create_Record/TC_13_Create_LDI_Vendor_Site

2019-01-23 19:08:33 - [TEST_STEP][PASSED] - waitForPageLoad(G_Timeout): Wait for page load successfully

2019-01-23 19:08:33 - [MESSAGE][PASSED] - Wait for page load successfully

2019-01-23 19:08:33 - [TEST_STEP][PASSED] - mouseOver(findTestObject("TF_Customer_Create/1_Menu_Navigation_To_Open_All_Pages/0_Menu_Create_In_Data_View")): Object: 'Object Repository/TF_Customer_Create/1_Menu_Navigation_To_Open_All_Pages/0_Menu_Create_In_Data_View' is hovered

2019-01-23 19:08:33 - [MESSAGE][PASSED] - Object: 'Object Repository/TF_Customer_Create/1_Menu_Navigation_To_Open_All_Pages/0_Menu_Create_In_Data_View' is hovered

2019-01-23 19:08:33 - [TEST_STEP][PASSED] - waitForPageLoad(G_Timeout): Wait for page load successfully

2019-01-23 19:08:33 - [MESSAGE][PASSED] - Wait for page load successfully

2019-01-23 19:08:33 - [TEST_STEP][PASSED] - mouseOver(findTestObject("TF_Customer_Create/1_Menu_Navigation_To_Open_All_Pages/1_Menu_Create_Master_Data")): Object: 'Object Repository/TF_Customer_Create/1_Menu_Navigation_To_Open_All_Pages/1_Menu_Create_Master_Data' is hovered

2019-01-23 19:08:33 - [MESSAGE][PASSED] - Object: 'Object Repository/TF_Customer_Create/1_Menu_Navigation_To_Open_All_Pages/1_Menu_Create_Master_Data' is hovered

2019-01-23 19:08:33 - [TEST_STEP][PASSED] - waitForPageLoad(G_Timeout): Wait for page load successfully

2019-01-23 19:08:33 - [MESSAGE][PASSED] - Wait for page load successfully

2019-01-23 19:08:33 - [TEST_STEP][PASSED] - mouseOver(findTestObject("TF_Customer_Create/1_Menu_Navigation_To_Open_All_Pages/3_Planning_Account_Hoverover_Option")): Object: 'Object Repository/TF_Customer_Create/1_Menu_Navigation_To_Open_All_Pages/3_Planning_Account_Hoverover_Option' is hovered

2019-01-23 19:08:34 - [MESSAGE][PASSED] - Object: 'Object Repository/TF_Customer_Create/1_Menu_Navigation_To_Open_All_Pages/3_Planning_Account_Hoverover_Option' is hovered

2019-01-23 19:08:34 - [TEST_STEP][PASSED] - waitForPageLoad(G_Timeout): Wait for page load successfully

2019-01-23 19:08:34 - [MESSAGE][PASSED] - Wait for page load successfully

2019-01-23 19:08:34 - [TEST_STEP][PASSED] - click(findTestObject("TF_Customer_Create/2_Select_Menu_Options(All)/13_LDI_Vendor_Site")): Object: 'Object Repository/TF_Customer_Create/2_Select_Menu_Options(All)/13_LDI_Vendor_Site' is clicked on

2019-01-23 19:08:34 - [MESSAGE][PASSED] - Object: 'Object Repository/TF_Customer_Create/2_Select_Menu_Options(All)/13_LDI_Vendor_Site' is clicked on

2019-01-23 19:08:34 - [TEST_STEP][PASSED] - waitForPageLoad(G_Timeout): Wait for page load successfully

2019-01-23 19:08:34 - [MESSAGE][PASSED] - Wait for page load successfully

2019-01-23 19:08:34 - [TEST_STEP][PASSED] - delay(3): Delayed 3 second(s)

2019-01-23 19:08:37 - [MESSAGE][PASSED] - Delayed 3 second(s)

2019-01-23 19:08:37 - [TEST_STEP][PASSED] - vndSiteName = com.oracledb.regressiontest.genName(15): com.oracledb.regressiontest.genName is PASSED

2019-01-23 19:08:37 - [MESSAGE][PASSED] - com.oracledb.regressiontest.genName is PASSED

2019-01-23 19:08:37 - [TEST_STEP][PASSED] - vndSiteNumber = com.oracledb.regressiontest.genName(12): com.oracledb.regressiontest.genName is PASSED

2019-01-23 19:08:37 - [MESSAGE][PASSED] - com.oracledb.regressiontest.genName is PASSED

2019-01-23 19:08:37 - [TEST_STEP][PASSED] - vndSiteCd = com.oracledb.regressiontest.genName(10): com.oracledb.regressiontest.genName is PASSED

2019-01-23 19:08:37 - [MESSAGE][PASSED] - com.oracledb.regressiontest.genName is PASSED

2019-01-23 19:08:37 - [TEST_STEP][PASSED] - vndSiteCity = com.oracledb.regressiontest.genName(8): com.oracledb.regressiontest.genName is PASSED

2019-01-23 19:08:37 - [MESSAGE][PASSED] - com.oracledb.regressiontest.genName is PASSED

2019-01-23 19:08:37 - [TEST_STEP][PASSED] - vndSitePtlCd = com.oracledb.regressiontest.genName(6): com.oracledb.regressiontest.genName is PASSED

2019-01-23 19:08:37 - [MESSAGE][PASSED] - com.oracledb.regressiontest.genName is PASSED

2019-01-23 19:08:37 - [TEST_STEP][PASSED] - setText(findTestObject("TF_Customer_Create/4_Create_Objects_And_Save/13_Create_LDI_Vendor_Site/Input_Vendor_Site_Name/input_Vendor_Site_Nm"), vndSiteName): Text 'F3F1ZFVDFTU8LV8' is set on object 'Object Repository/TF_Customer_Create/4_Create_Objects_And_Save/13_Create_LDI_Vendor_Site/Input_Vendor_Site_Name/input_Vendor_Site_Nm'

2019-01-23 19:08:37 - [MESSAGE][PASSED] - Text 'F3F1ZFVDFTU8LV8' is set on object 'Object Repository/TF_Customer_Create/4_Create_Objects_And_Save/13_Create_LDI_Vendor_Site/Input_Vendor_Site_Name/input_Vendor_Site_Nm'

2019-01-23 19:08:37 - [TEST_STEP][PASSED] - setText(findTestObject("TF_Customer_Create/4_Create_Objects_And_Save/13_Create_LDI_Vendor_Site/Input_Vendor_Site_Name/input_Vendor_Site_Number"), vndSiteNumber): Text '5G4QIBNN98EV' is set on object 'Object Repository/TF_Customer_Create/4_Create_Objects_And_Save/13_Create_LDI_Vendor_Site/Input_Vendor_Site_Name/input_Vendor_Site_Number'

2019-01-23 19:08:37 - [MESSAGE][PASSED] - Text '5G4QIBNN98EV' is set on object 'Object Repository/TF_Customer_Create/4_Create_Objects_And_Save/13_Create_LDI_Vendor_Site/Input_Vendor_Site_Name/input_Vendor_Site_Number'

2019-01-23 19:08:37 - [TEST_STEP][PASSED] - setText(findTestObject("TF_Customer_Create/4_Create_Objects_And_Save/13_Create_LDI_Vendor_Site/Input_Vendor_Site_Name/input_Vendor_Site_Cd"), vndSiteCd): Text 'DR4S56ROQ0' is set on object 'Object Repository/TF_Customer_Create/4_Create_Objects_And_Save/13_Create_LDI_Vendor_Site/Input_Vendor_Site_Name/input_Vendor_Site_Cd'

2019-01-23 19:08:37 - [MESSAGE][PASSED] - Text 'DR4S56ROQ0' is set on object 'Object Repository/TF_Customer_Create/4_Create_Objects_And_Save/13_Create_LDI_Vendor_Site/Input_Vendor_Site_Name/input_Vendor_Site_Cd'

2019-01-23 19:08:37 - [TEST_STEP][PASSED] - setText(findTestObject("TF_Customer_Create/4_Create_Objects_And_Save/13_Create_LDI_Vendor_Site/Input_Vendor_Site_Name/input_Vendor_Site_City"), vndSiteCity): Text 'MVG7VPMQ' is set on object 'Object Repository/TF_Customer_Create/4_Create_Objects_And_Save/13_Create_LDI_Vendor_Site/Input_Vendor_Site_Name/input_Vendor_Site_City'

2019-01-23 19:08:38 - [MESSAGE][PASSED] - Text 'MVG7VPMQ' is set on object 'Object Repository/TF_Customer_Create/4_Create_Objects_And_Save/13_Create_LDI_Vendor_Site/Input_Vendor_Site_Name/input_Vendor_Site_City'

2019-01-23 19:08:38 - [TEST_STEP][PASSED] - setText(findTestObject("TF_Customer_Create/4_Create_Objects_And_Save/13_Create_LDI_Vendor_Site/Input_Vendor_Site_Name/input_Vendor_Site_Postal_Code"), vndSitePtlCd): Text 'AMVRWT' is set on object 'Object Repository/TF_Customer_Create/4_Create_Objects_And_Save/13_Create_LDI_Vendor_Site/Input_Vendor_Site_Name/input_Vendor_Site_Postal_Code'

2019-01-23 19:08:38 - [MESSAGE][PASSED] - Text 'AMVRWT' is set on object 'Object Repository/TF_Customer_Create/4_Create_Objects_And_Save/13_Create_LDI_Vendor_Site/Input_Vendor_Site_Name/input_Vendor_Site_Postal_Code'

2019-01-23 19:08:38 - [TEST_STEP][NOT_RUN] - setText(findTestObject("TF_Customer_Create/4_Create_Objects_And_Save/13_Create_LDI_Vendor_Site/Input_Vendor_Site_Name/input_Vendor_Site_Inactive_dt"), input_Eff_Dt): NOT_RUN: setText(findTestObject("TF_Customer_Create/4_Create_Objects_And_Save/13_Create_LDI_Vendor_Site/Input_Vendor_Site_Name/input_Vendor_Site_Inactive_dt"), input_Eff_Dt)

2019-01-23 19:08:38 - [MESSAGE][NOT_RUN] - NOT_RUN: setText(findTestObject("TF_Customer_Create/4_Create_Objects_And_Save/13_Create_LDI_Vendor_Site/Input_Vendor_Site_Name/input_Vendor_Site_Inactive_dt"), input_Eff_Dt)

2019-01-23 19:08:38 - [TEST_STEP][PASSED] - delay(2): Delayed 2 second(s)

2019-01-23 19:08:40 - [MESSAGE][PASSED] - Delayed 2 second(s)

2019-01-23 19:08:40 - [TEST_STEP][PASSED] - click(findTestObject("TF_Customer_Create/3_Common_Action_Buttons/Click_Data_Tab/span_Data_Tab")): Object: 'Object Repository/TF_Customer_Create/3_Common_Action_Buttons/Click_Data_Tab/span_Data_Tab' is clicked on

2019-01-23 19:08:40 - [MESSAGE][PASSED] - Object: 'Object Repository/TF_Customer_Create/3_Common_Action_Buttons/Click_Data_Tab/span_Data_Tab' is clicked on

2019-01-23 19:08:40 - [TEST_STEP][NOT_RUN] - click(findTestObject("TF_Customer_Create/4_Create_Objects_And_Save/Choose_Sales_Org/Click_Sales_Org_DD"), CONTINUE_ON_FAILURE): NOT_RUN: click(findTestObject("TF_Customer_Create/4_Create_Objects_And_Save/Choose_Sales_Org/Click_Sales_Org_DD"), CONTINUE_ON_FAILURE)

2019-01-23 19:08:40 - [MESSAGE][NOT_RUN] - NOT_RUN: click(findTestObject("TF_Customer_Create/4_Create_Objects_And_Save/Choose_Sales_Org/Click_Sales_Org_DD"), CONTINUE_ON_FAILURE)

2019-01-23 19:08:40 - [TEST_STEP][NOT_RUN] - click(findTestObject("TF_Customer_Create/4_Create_Objects_And_Save/Choose_Sales_Org/CA_Object"), CONTINUE_ON_FAILURE): NOT_RUN: click(findTestObject("TF_Customer_Create/4_Create_Objects_And_Save/Choose_Sales_Org/CA_Object"), CONTINUE_ON_FAILURE)

2019-01-23 19:08:40 - [MESSAGE][NOT_RUN] - NOT_RUN: click(findTestObject("TF_Customer_Create/4_Create_Objects_And_Save/Choose_Sales_Org/CA_Object"), CONTINUE_ON_FAILURE)

2019-01-23 19:08:40 - [TEST_STEP][PASSED] - delay(2): Delayed 2 second(s)

2019-01-23 19:08:42 - [MESSAGE][PASSED] - Delayed 2 second(s)

2019-01-23 19:08:42 - [TEST_STEP][PASSED] - click(findTestObject("TF_Customer_Create/3_Common_Action_Buttons/Click_Apply_Button/td_Apply")): Object: 'Object Repository/TF_Customer_Create/3_Common_Action_Buttons/Click_Apply_Button/td_Apply' is clicked on

2019-01-23 19:08:42 - [MESSAGE][PASSED] - Object: 'Object Repository/TF_Customer_Create/3_Common_Action_Buttons/Click_Apply_Button/td_Apply' is clicked on

2019-01-23 19:08:42 - [TEST_STEP][PASSED] - delay(2): Delayed 2 second(s)

2019-01-23 19:08:44 - [MESSAGE][PASSED] - Delayed 2 second(s)

2019-01-23 19:08:44 - [TEST_STEP][PASSED] - click(findTestObject("TF_Customer_Create/3_Common_Action_Buttons/Click_Save_Button/btn_Save")): Object: 'Object Repository/TF_Customer_Create/3_Common_Action_Buttons/Click_Save_Button/btn_Save' is clicked on

2019-01-23 19:08:44 - [MESSAGE][PASSED] - Object: 'Object Repository/TF_Customer_Create/3_Common_Action_Buttons/Click_Save_Button/btn_Save' is clicked on

2019-01-23 19:08:44 - [TEST_STEP][PASSED] - delay(2): Delayed 2 second(s)

2019-01-23 19:08:46 - [MESSAGE][PASSED] - Delayed 2 second(s)

2019-01-23 19:08:46 - [TEST_STEP][NOT_RUN] - verifyElementText(findTestObject("TF_Customer_Create/3_Common_Action_Buttons/Verify_Success_Message/Success_Message"), "Record has been saved successfully.", CONTINUE_ON_FAILURE): NOT_RUN: verifyElementText(findTestObject("TF_Customer_Create/3_Common_Action_Buttons/Verify_Success_Message/Success_Message"), "Record has been saved successfully.", CONTINUE_ON_FAILURE)

2019-01-23 19:08:46 - [MESSAGE][NOT_RUN] - NOT_RUN: verifyElementText(findTestObject("TF_Customer_Create/3_Common_Action_Buttons/Verify_Success_Message/Success_Message"), "Record has been saved successfully.", CONTINUE_ON_FAILURE)

2019-01-23 19:08:46 - [TEST_STEP][NOT_RUN] - click(findTestObject("TF_Customer_Create/3_Common_Action_Buttons/Click_Data_Tab/span_Data_Tab")): NOT_RUN: click(findTestObject("TF_Customer_Create/3_Common_Action_Buttons/Click_Data_Tab/span_Data_Tab"))

2019-01-23 19:08:46 - [MESSAGE][NOT_RUN] - NOT_RUN: click(findTestObject("TF_Customer_Create/3_Common_Action_Buttons/Click_Data_Tab/span_Data_Tab"))

2019-01-23 19:08:46 - [TEST_STEP][NOT_RUN] - delay(1): NOT_RUN: delay(1)

2019-01-23 19:08:46 - [MESSAGE][NOT_RUN] - NOT_RUN: delay(1)

2019-01-23 19:08:46 - [TEST_STEP][NOT_RUN] - click(findTestObject("TF_Customer_Create/3_Common_Action_Buttons/Click_Close_Button/btn_Close")): NOT_RUN: click(findTestObject("TF_Customer_Create/3_Common_Action_Buttons/Click_Close_Button/btn_Close"))

2019-01-23 19:08:46 - [MESSAGE][NOT_RUN] - NOT_RUN: click(findTestObject("TF_Customer_Create/3_Common_Action_Buttons/Click_Close_Button/btn_Close"))

2019-01-23 19:08:46 - [TEST_STEP][NOT_RUN] - delay(2): NOT_RUN: delay(2)

2019-01-23 19:08:46 - [MESSAGE][NOT_RUN] - NOT_RUN: delay(2)

2019-01-23 19:08:46 - [TEST_STEP][NOT_RUN] - vrfy_PLA = com.oracledb.regressiontest.verifyPLA(ora_connt, ora_usr, ora_psswrd, ora_schema, plaAcctName): NOT_RUN: vrfy_PLA = com.oracledb.regressiontest.verifyPLA(ora_connt, ora_usr, ora_psswrd, ora_schema, plaAcctName)

2019-01-23 19:08:46 - [MESSAGE][NOT_RUN] - NOT_RUN: vrfy_PLA = com.oracledb.regressiontest.verifyPLA(ora_connt, ora_usr, ora_psswrd, ora_schema, plaAcctName)

2019-01-23 19:08:46 - [TEST_STEP][NOT_RUN] - println("Planning Account Name"): NOT_RUN: println("Planning Account Name")

2019-01-23 19:08:46 - [MESSAGE][NOT_RUN] - NOT_RUN: println("Planning Account Name")

2019-01-23 19:08:46 - [TEST_STEP][NOT_RUN] - verifyEqual(PLANNING_ACCOUNT_NAME, plaAcctName): NOT_RUN: verifyEqual(PLANNING_ACCOUNT_NAME, plaAcctName)

2019-01-23 19:08:46 - [MESSAGE][NOT_RUN] - NOT_RUN: verifyEqual(PLANNING_ACCOUNT_NAME, plaAcctName)]]></system-out>
         <system-err><![CDATA[]]></system-err>
      </testcase>
      <testcase name="Test Cases/Regression_TF_Customer/Create_Record/TC_13_Create_LDI_Vendor_Site" classname="Test Cases/Regression_TF_Customer/Create_Record/TC_13_Create_LDI_Vendor_Site" status="PASSED">
         <system-out><![CDATA[2019-01-23 19:08:46 - [TEST_CASE][PASSED] - Test Cases/Regression_TF_Customer/Create_Record/TC_13_Create_LDI_Vendor_Site: Test Cases/Regression_TF_Customer/Create_Record/TC_13_Create_LDI_Vendor_Site

2019-01-23 19:08:46 - [TEST_STEP][PASSED] - waitForPageLoad(G_Timeout): Wait for page load successfully

2019-01-23 19:08:46 - [MESSAGE][PASSED] - Wait for page load successfully

2019-01-23 19:08:46 - [TEST_STEP][PASSED] - mouseOver(findTestObject("TF_Customer_Create/1_Menu_Navigation_To_Open_All_Pages/0_Menu_Create_In_Data_View")): Object: 'Object Repository/TF_Customer_Create/1_Menu_Navigation_To_Open_All_Pages/0_Menu_Create_In_Data_View' is hovered

2019-01-23 19:08:46 - [MESSAGE][PASSED] - Object: 'Object Repository/TF_Customer_Create/1_Menu_Navigation_To_Open_All_Pages/0_Menu_Create_In_Data_View' is hovered

2019-01-23 19:08:46 - [TEST_STEP][PASSED] - waitForPageLoad(G_Timeout): Wait for page load successfully

2019-01-23 19:08:46 - [MESSAGE][PASSED] - Wait for page load successfully

2019-01-23 19:08:46 - [TEST_STEP][PASSED] - mouseOver(findTestObject("TF_Customer_Create/1_Menu_Navigation_To_Open_All_Pages/1_Menu_Create_Master_Data")): Object: 'Object Repository/TF_Customer_Create/1_Menu_Navigation_To_Open_All_Pages/1_Menu_Create_Master_Data' is hovered

2019-01-23 19:08:46 - [MESSAGE][PASSED] - Object: 'Object Repository/TF_Customer_Create/1_Menu_Navigation_To_Open_All_Pages/1_Menu_Create_Master_Data' is hovered

2019-01-23 19:08:46 - [TEST_STEP][PASSED] - waitForPageLoad(G_Timeout): Wait for page load successfully

2019-01-23 19:08:46 - [MESSAGE][PASSED] - Wait for page load successfully

2019-01-23 19:08:46 - [TEST_STEP][PASSED] - mouseOver(findTestObject("TF_Customer_Create/1_Menu_Navigation_To_Open_All_Pages/3_Planning_Account_Hoverover_Option")): Object: 'Object Repository/TF_Customer_Create/1_Menu_Navigation_To_Open_All_Pages/3_Planning_Account_Hoverover_Option' is hovered

2019-01-23 19:08:47 - [MESSAGE][PASSED] - Object: 'Object Repository/TF_Customer_Create/1_Menu_Navigation_To_Open_All_Pages/3_Planning_Account_Hoverover_Option' is hovered

2019-01-23 19:08:47 - [TEST_STEP][PASSED] - waitForPageLoad(G_Timeout): Wait for page load successfully

2019-01-23 19:08:47 - [MESSAGE][PASSED] - Wait for page load successfully

2019-01-23 19:08:47 - [TEST_STEP][PASSED] - click(findTestObject("TF_Customer_Create/2_Select_Menu_Options(All)/13_LDI_Vendor_Site")): Object: 'Object Repository/TF_Customer_Create/2_Select_Menu_Options(All)/13_LDI_Vendor_Site' is clicked on

2019-01-23 19:08:47 - [MESSAGE][PASSED] - Object: 'Object Repository/TF_Customer_Create/2_Select_Menu_Options(All)/13_LDI_Vendor_Site' is clicked on

2019-01-23 19:08:47 - [TEST_STEP][PASSED] - waitForPageLoad(G_Timeout): Wait for page load successfully

2019-01-23 19:08:47 - [MESSAGE][PASSED] - Wait for page load successfully

2019-01-23 19:08:47 - [TEST_STEP][PASSED] - delay(3): Delayed 3 second(s)

2019-01-23 19:08:50 - [MESSAGE][PASSED] - Delayed 3 second(s)

2019-01-23 19:08:50 - [TEST_STEP][PASSED] - vndSiteName = com.oracledb.regressiontest.genName(15): com.oracledb.regressiontest.genName is PASSED

2019-01-23 19:08:50 - [MESSAGE][PASSED] - com.oracledb.regressiontest.genName is PASSED

2019-01-23 19:08:50 - [TEST_STEP][PASSED] - vndSiteNumber = com.oracledb.regressiontest.genName(12): com.oracledb.regressiontest.genName is PASSED

2019-01-23 19:08:50 - [MESSAGE][PASSED] - com.oracledb.regressiontest.genName is PASSED

2019-01-23 19:08:50 - [TEST_STEP][PASSED] - vndSiteCd = com.oracledb.regressiontest.genName(10): com.oracledb.regressiontest.genName is PASSED

2019-01-23 19:08:50 - [MESSAGE][PASSED] - com.oracledb.regressiontest.genName is PASSED

2019-01-23 19:08:50 - [TEST_STEP][PASSED] - vndSiteCity = com.oracledb.regressiontest.genName(8): com.oracledb.regressiontest.genName is PASSED

2019-01-23 19:08:50 - [MESSAGE][PASSED] - com.oracledb.regressiontest.genName is PASSED

2019-01-23 19:08:50 - [TEST_STEP][PASSED] - vndSitePtlCd = com.oracledb.regressiontest.genName(6): com.oracledb.regressiontest.genName is PASSED

2019-01-23 19:08:50 - [MESSAGE][PASSED] - com.oracledb.regressiontest.genName is PASSED

2019-01-23 19:08:50 - [TEST_STEP][PASSED] - setText(findTestObject("TF_Customer_Create/4_Create_Objects_And_Save/13_Create_LDI_Vendor_Site/Input_Vendor_Site_Name/input_Vendor_Site_Nm"), vndSiteName): Text '0DDCB277KDSXI9J' is set on object 'Object Repository/TF_Customer_Create/4_Create_Objects_And_Save/13_Create_LDI_Vendor_Site/Input_Vendor_Site_Name/input_Vendor_Site_Nm'

2019-01-23 19:08:50 - [MESSAGE][PASSED] - Text '0DDCB277KDSXI9J' is set on object 'Object Repository/TF_Customer_Create/4_Create_Objects_And_Save/13_Create_LDI_Vendor_Site/Input_Vendor_Site_Name/input_Vendor_Site_Nm'

2019-01-23 19:08:50 - [TEST_STEP][PASSED] - setText(findTestObject("TF_Customer_Create/4_Create_Objects_And_Save/13_Create_LDI_Vendor_Site/Input_Vendor_Site_Name/input_Vendor_Site_Number"), vndSiteNumber): Text '3RJEYB0WMYD5' is set on object 'Object Repository/TF_Customer_Create/4_Create_Objects_And_Save/13_Create_LDI_Vendor_Site/Input_Vendor_Site_Name/input_Vendor_Site_Number'

2019-01-23 19:08:50 - [MESSAGE][PASSED] - Text '3RJEYB0WMYD5' is set on object 'Object Repository/TF_Customer_Create/4_Create_Objects_And_Save/13_Create_LDI_Vendor_Site/Input_Vendor_Site_Name/input_Vendor_Site_Number'

2019-01-23 19:08:50 - [TEST_STEP][PASSED] - setText(findTestObject("TF_Customer_Create/4_Create_Objects_And_Save/13_Create_LDI_Vendor_Site/Input_Vendor_Site_Name/input_Vendor_Site_Cd"), vndSiteCd): Text 'OCJX975MUC' is set on object 'Object Repository/TF_Customer_Create/4_Create_Objects_And_Save/13_Create_LDI_Vendor_Site/Input_Vendor_Site_Name/input_Vendor_Site_Cd'

2019-01-23 19:08:50 - [MESSAGE][PASSED] - Text 'OCJX975MUC' is set on object 'Object Repository/TF_Customer_Create/4_Create_Objects_And_Save/13_Create_LDI_Vendor_Site/Input_Vendor_Site_Name/input_Vendor_Site_Cd'

2019-01-23 19:08:50 - [TEST_STEP][PASSED] - setText(findTestObject("TF_Customer_Create/4_Create_Objects_And_Save/13_Create_LDI_Vendor_Site/Input_Vendor_Site_Name/input_Vendor_Site_City"), vndSiteCity): Text 'Q9L5ASN7' is set on object 'Object Repository/TF_Customer_Create/4_Create_Objects_And_Save/13_Create_LDI_Vendor_Site/Input_Vendor_Site_Name/input_Vendor_Site_City'

2019-01-23 19:08:50 - [MESSAGE][PASSED] - Text 'Q9L5ASN7' is set on object 'Object Repository/TF_Customer_Create/4_Create_Objects_And_Save/13_Create_LDI_Vendor_Site/Input_Vendor_Site_Name/input_Vendor_Site_City'

2019-01-23 19:08:50 - [TEST_STEP][PASSED] - setText(findTestObject("TF_Customer_Create/4_Create_Objects_And_Save/13_Create_LDI_Vendor_Site/Input_Vendor_Site_Name/input_Vendor_Site_Postal_Code"), vndSitePtlCd): Text 'AGQIZE' is set on object 'Object Repository/TF_Customer_Create/4_Create_Objects_And_Save/13_Create_LDI_Vendor_Site/Input_Vendor_Site_Name/input_Vendor_Site_Postal_Code'

2019-01-23 19:08:51 - [MESSAGE][PASSED] - Text 'AGQIZE' is set on object 'Object Repository/TF_Customer_Create/4_Create_Objects_And_Save/13_Create_LDI_Vendor_Site/Input_Vendor_Site_Name/input_Vendor_Site_Postal_Code'

2019-01-23 19:08:51 - [TEST_STEP][NOT_RUN] - setText(findTestObject("TF_Customer_Create/4_Create_Objects_And_Save/13_Create_LDI_Vendor_Site/Input_Vendor_Site_Name/input_Vendor_Site_Inactive_dt"), input_Eff_Dt): NOT_RUN: setText(findTestObject("TF_Customer_Create/4_Create_Objects_And_Save/13_Create_LDI_Vendor_Site/Input_Vendor_Site_Name/input_Vendor_Site_Inactive_dt"), input_Eff_Dt)

2019-01-23 19:08:51 - [MESSAGE][NOT_RUN] - NOT_RUN: setText(findTestObject("TF_Customer_Create/4_Create_Objects_And_Save/13_Create_LDI_Vendor_Site/Input_Vendor_Site_Name/input_Vendor_Site_Inactive_dt"), input_Eff_Dt)

2019-01-23 19:08:51 - [TEST_STEP][PASSED] - delay(2): Delayed 2 second(s)

2019-01-23 19:08:53 - [MESSAGE][PASSED] - Delayed 2 second(s)

2019-01-23 19:08:53 - [TEST_STEP][PASSED] - click(findTestObject("TF_Customer_Create/3_Common_Action_Buttons/Click_Data_Tab/span_Data_Tab")): Object: 'Object Repository/TF_Customer_Create/3_Common_Action_Buttons/Click_Data_Tab/span_Data_Tab' is clicked on

2019-01-23 19:08:53 - [MESSAGE][PASSED] - Object: 'Object Repository/TF_Customer_Create/3_Common_Action_Buttons/Click_Data_Tab/span_Data_Tab' is clicked on

2019-01-23 19:08:53 - [TEST_STEP][NOT_RUN] - click(findTestObject("TF_Customer_Create/4_Create_Objects_And_Save/Choose_Sales_Org/Click_Sales_Org_DD"), CONTINUE_ON_FAILURE): NOT_RUN: click(findTestObject("TF_Customer_Create/4_Create_Objects_And_Save/Choose_Sales_Org/Click_Sales_Org_DD"), CONTINUE_ON_FAILURE)

2019-01-23 19:08:53 - [MESSAGE][NOT_RUN] - NOT_RUN: click(findTestObject("TF_Customer_Create/4_Create_Objects_And_Save/Choose_Sales_Org/Click_Sales_Org_DD"), CONTINUE_ON_FAILURE)

2019-01-23 19:08:53 - [TEST_STEP][NOT_RUN] - click(findTestObject("TF_Customer_Create/4_Create_Objects_And_Save/Choose_Sales_Org/CA_Object"), CONTINUE_ON_FAILURE): NOT_RUN: click(findTestObject("TF_Customer_Create/4_Create_Objects_And_Save/Choose_Sales_Org/CA_Object"), CONTINUE_ON_FAILURE)

2019-01-23 19:08:53 - [MESSAGE][NOT_RUN] - NOT_RUN: click(findTestObject("TF_Customer_Create/4_Create_Objects_And_Save/Choose_Sales_Org/CA_Object"), CONTINUE_ON_FAILURE)

2019-01-23 19:08:53 - [TEST_STEP][PASSED] - delay(2): Delayed 2 second(s)

2019-01-23 19:08:55 - [MESSAGE][PASSED] - Delayed 2 second(s)

2019-01-23 19:08:55 - [TEST_STEP][PASSED] - click(findTestObject("TF_Customer_Create/3_Common_Action_Buttons/Click_Apply_Button/td_Apply")): Object: 'Object Repository/TF_Customer_Create/3_Common_Action_Buttons/Click_Apply_Button/td_Apply' is clicked on

2019-01-23 19:08:55 - [MESSAGE][PASSED] - Object: 'Object Repository/TF_Customer_Create/3_Common_Action_Buttons/Click_Apply_Button/td_Apply' is clicked on

2019-01-23 19:08:55 - [TEST_STEP][PASSED] - delay(2): Delayed 2 second(s)

2019-01-23 19:08:57 - [MESSAGE][PASSED] - Delayed 2 second(s)

2019-01-23 19:08:57 - [TEST_STEP][PASSED] - click(findTestObject("TF_Customer_Create/3_Common_Action_Buttons/Click_Save_Button/btn_Save")): Object: 'Object Repository/TF_Customer_Create/3_Common_Action_Buttons/Click_Save_Button/btn_Save' is clicked on

2019-01-23 19:08:57 - [MESSAGE][PASSED] - Object: 'Object Repository/TF_Customer_Create/3_Common_Action_Buttons/Click_Save_Button/btn_Save' is clicked on

2019-01-23 19:08:57 - [TEST_STEP][PASSED] - delay(2): Delayed 2 second(s)

2019-01-23 19:08:59 - [MESSAGE][PASSED] - Delayed 2 second(s)

2019-01-23 19:08:59 - [TEST_STEP][NOT_RUN] - verifyElementText(findTestObject("TF_Customer_Create/3_Common_Action_Buttons/Verify_Success_Message/Success_Message"), "Record has been saved successfully.", CONTINUE_ON_FAILURE): NOT_RUN: verifyElementText(findTestObject("TF_Customer_Create/3_Common_Action_Buttons/Verify_Success_Message/Success_Message"), "Record has been saved successfully.", CONTINUE_ON_FAILURE)

2019-01-23 19:08:59 - [MESSAGE][NOT_RUN] - NOT_RUN: verifyElementText(findTestObject("TF_Customer_Create/3_Common_Action_Buttons/Verify_Success_Message/Success_Message"), "Record has been saved successfully.", CONTINUE_ON_FAILURE)

2019-01-23 19:08:59 - [TEST_STEP][NOT_RUN] - click(findTestObject("TF_Customer_Create/3_Common_Action_Buttons/Click_Data_Tab/span_Data_Tab")): NOT_RUN: click(findTestObject("TF_Customer_Create/3_Common_Action_Buttons/Click_Data_Tab/span_Data_Tab"))

2019-01-23 19:08:59 - [MESSAGE][NOT_RUN] - NOT_RUN: click(findTestObject("TF_Customer_Create/3_Common_Action_Buttons/Click_Data_Tab/span_Data_Tab"))

2019-01-23 19:08:59 - [TEST_STEP][NOT_RUN] - delay(1): NOT_RUN: delay(1)

2019-01-23 19:08:59 - [MESSAGE][NOT_RUN] - NOT_RUN: delay(1)

2019-01-23 19:08:59 - [TEST_STEP][NOT_RUN] - click(findTestObject("TF_Customer_Create/3_Common_Action_Buttons/Click_Close_Button/btn_Close")): NOT_RUN: click(findTestObject("TF_Customer_Create/3_Common_Action_Buttons/Click_Close_Button/btn_Close"))

2019-01-23 19:08:59 - [MESSAGE][NOT_RUN] - NOT_RUN: click(findTestObject("TF_Customer_Create/3_Common_Action_Buttons/Click_Close_Button/btn_Close"))

2019-01-23 19:08:59 - [TEST_STEP][NOT_RUN] - delay(2): NOT_RUN: delay(2)

2019-01-23 19:08:59 - [MESSAGE][NOT_RUN] - NOT_RUN: delay(2)

2019-01-23 19:08:59 - [TEST_STEP][NOT_RUN] - vrfy_PLA = com.oracledb.regressiontest.verifyPLA(ora_connt, ora_usr, ora_psswrd, ora_schema, plaAcctName): NOT_RUN: vrfy_PLA = com.oracledb.regressiontest.verifyPLA(ora_connt, ora_usr, ora_psswrd, ora_schema, plaAcctName)

2019-01-23 19:08:59 - [MESSAGE][NOT_RUN] - NOT_RUN: vrfy_PLA = com.oracledb.regressiontest.verifyPLA(ora_connt, ora_usr, ora_psswrd, ora_schema, plaAcctName)

2019-01-23 19:08:59 - [TEST_STEP][NOT_RUN] - println("Planning Account Name"): NOT_RUN: println("Planning Account Name")

2019-01-23 19:08:59 - [MESSAGE][NOT_RUN] - NOT_RUN: println("Planning Account Name")

2019-01-23 19:08:59 - [TEST_STEP][NOT_RUN] - verifyEqual(PLANNING_ACCOUNT_NAME, plaAcctName): NOT_RUN: verifyEqual(PLANNING_ACCOUNT_NAME, plaAcctName)

2019-01-23 19:08:59 - [MESSAGE][NOT_RUN] - NOT_RUN: verifyEqual(PLANNING_ACCOUNT_NAME, plaAcctName)]]></system-out>
         <system-err><![CDATA[]]></system-err>
      </testcase>
      <testcase name="Test Cases/Regression_TF_Customer/Create_Record/TC_13_Create_LDI_Vendor_Site" classname="Test Cases/Regression_TF_Customer/Create_Record/TC_13_Create_LDI_Vendor_Site" status="PASSED">
         <system-out><![CDATA[2019-01-23 19:08:59 - [TEST_CASE][PASSED] - Test Cases/Regression_TF_Customer/Create_Record/TC_13_Create_LDI_Vendor_Site: Test Cases/Regression_TF_Customer/Create_Record/TC_13_Create_LDI_Vendor_Site

2019-01-23 19:08:59 - [TEST_STEP][PASSED] - waitForPageLoad(G_Timeout): Wait for page load successfully

2019-01-23 19:08:59 - [MESSAGE][PASSED] - Wait for page load successfully

2019-01-23 19:08:59 - [TEST_STEP][PASSED] - mouseOver(findTestObject("TF_Customer_Create/1_Menu_Navigation_To_Open_All_Pages/0_Menu_Create_In_Data_View")): Object: 'Object Repository/TF_Customer_Create/1_Menu_Navigation_To_Open_All_Pages/0_Menu_Create_In_Data_View' is hovered

2019-01-23 19:08:59 - [MESSAGE][PASSED] - Object: 'Object Repository/TF_Customer_Create/1_Menu_Navigation_To_Open_All_Pages/0_Menu_Create_In_Data_View' is hovered

2019-01-23 19:08:59 - [TEST_STEP][PASSED] - waitForPageLoad(G_Timeout): Wait for page load successfully

2019-01-23 19:08:59 - [MESSAGE][PASSED] - Wait for page load successfully

2019-01-23 19:08:59 - [TEST_STEP][PASSED] - mouseOver(findTestObject("TF_Customer_Create/1_Menu_Navigation_To_Open_All_Pages/1_Menu_Create_Master_Data")): Object: 'Object Repository/TF_Customer_Create/1_Menu_Navigation_To_Open_All_Pages/1_Menu_Create_Master_Data' is hovered

2019-01-23 19:08:59 - [MESSAGE][PASSED] - Object: 'Object Repository/TF_Customer_Create/1_Menu_Navigation_To_Open_All_Pages/1_Menu_Create_Master_Data' is hovered

2019-01-23 19:08:59 - [TEST_STEP][PASSED] - waitForPageLoad(G_Timeout): Wait for page load successfully

2019-01-23 19:08:59 - [MESSAGE][PASSED] - Wait for page load successfully

2019-01-23 19:08:59 - [TEST_STEP][PASSED] - mouseOver(findTestObject("TF_Customer_Create/1_Menu_Navigation_To_Open_All_Pages/3_Planning_Account_Hoverover_Option")): Object: 'Object Repository/TF_Customer_Create/1_Menu_Navigation_To_Open_All_Pages/3_Planning_Account_Hoverover_Option' is hovered

2019-01-23 19:09:00 - [MESSAGE][PASSED] - Object: 'Object Repository/TF_Customer_Create/1_Menu_Navigation_To_Open_All_Pages/3_Planning_Account_Hoverover_Option' is hovered

2019-01-23 19:09:00 - [TEST_STEP][PASSED] - waitForPageLoad(G_Timeout): Wait for page load successfully

2019-01-23 19:09:00 - [MESSAGE][PASSED] - Wait for page load successfully

2019-01-23 19:09:00 - [TEST_STEP][PASSED] - click(findTestObject("TF_Customer_Create/2_Select_Menu_Options(All)/13_LDI_Vendor_Site")): Object: 'Object Repository/TF_Customer_Create/2_Select_Menu_Options(All)/13_LDI_Vendor_Site' is clicked on

2019-01-23 19:09:00 - [MESSAGE][PASSED] - Object: 'Object Repository/TF_Customer_Create/2_Select_Menu_Options(All)/13_LDI_Vendor_Site' is clicked on

2019-01-23 19:09:00 - [TEST_STEP][PASSED] - waitForPageLoad(G_Timeout): Wait for page load successfully

2019-01-23 19:09:00 - [MESSAGE][PASSED] - Wait for page load successfully

2019-01-23 19:09:00 - [TEST_STEP][PASSED] - delay(3): Delayed 3 second(s)

2019-01-23 19:09:03 - [MESSAGE][PASSED] - Delayed 3 second(s)

2019-01-23 19:09:03 - [TEST_STEP][PASSED] - vndSiteName = com.oracledb.regressiontest.genName(15): com.oracledb.regressiontest.genName is PASSED

2019-01-23 19:09:03 - [MESSAGE][PASSED] - com.oracledb.regressiontest.genName is PASSED

2019-01-23 19:09:03 - [TEST_STEP][PASSED] - vndSiteNumber = com.oracledb.regressiontest.genName(12): com.oracledb.regressiontest.genName is PASSED

2019-01-23 19:09:03 - [MESSAGE][PASSED] - com.oracledb.regressiontest.genName is PASSED

2019-01-23 19:09:03 - [TEST_STEP][PASSED] - vndSiteCd = com.oracledb.regressiontest.genName(10): com.oracledb.regressiontest.genName is PASSED

2019-01-23 19:09:03 - [MESSAGE][PASSED] - com.oracledb.regressiontest.genName is PASSED

2019-01-23 19:09:03 - [TEST_STEP][PASSED] - vndSiteCity = com.oracledb.regressiontest.genName(8): com.oracledb.regressiontest.genName is PASSED

2019-01-23 19:09:03 - [MESSAGE][PASSED] - com.oracledb.regressiontest.genName is PASSED

2019-01-23 19:09:03 - [TEST_STEP][PASSED] - vndSitePtlCd = com.oracledb.regressiontest.genName(6): com.oracledb.regressiontest.genName is PASSED

2019-01-23 19:09:03 - [MESSAGE][PASSED] - com.oracledb.regressiontest.genName is PASSED

2019-01-23 19:09:03 - [TEST_STEP][PASSED] - setText(findTestObject("TF_Customer_Create/4_Create_Objects_And_Save/13_Create_LDI_Vendor_Site/Input_Vendor_Site_Name/input_Vendor_Site_Nm"), vndSiteName): Text '6D3GKJTRIXWJF8A' is set on object 'Object Repository/TF_Customer_Create/4_Create_Objects_And_Save/13_Create_LDI_Vendor_Site/Input_Vendor_Site_Name/input_Vendor_Site_Nm'

2019-01-23 19:09:03 - [MESSAGE][PASSED] - Text '6D3GKJTRIXWJF8A' is set on object 'Object Repository/TF_Customer_Create/4_Create_Objects_And_Save/13_Create_LDI_Vendor_Site/Input_Vendor_Site_Name/input_Vendor_Site_Nm'

2019-01-23 19:09:03 - [TEST_STEP][PASSED] - setText(findTestObject("TF_Customer_Create/4_Create_Objects_And_Save/13_Create_LDI_Vendor_Site/Input_Vendor_Site_Name/input_Vendor_Site_Number"), vndSiteNumber): Text '6Y5YYXQ4NKFO' is set on object 'Object Repository/TF_Customer_Create/4_Create_Objects_And_Save/13_Create_LDI_Vendor_Site/Input_Vendor_Site_Name/input_Vendor_Site_Number'

2019-01-23 19:09:03 - [MESSAGE][PASSED] - Text '6Y5YYXQ4NKFO' is set on object 'Object Repository/TF_Customer_Create/4_Create_Objects_And_Save/13_Create_LDI_Vendor_Site/Input_Vendor_Site_Name/input_Vendor_Site_Number'

2019-01-23 19:09:03 - [TEST_STEP][PASSED] - setText(findTestObject("TF_Customer_Create/4_Create_Objects_And_Save/13_Create_LDI_Vendor_Site/Input_Vendor_Site_Name/input_Vendor_Site_Cd"), vndSiteCd): Text '1XQAVRHZCF' is set on object 'Object Repository/TF_Customer_Create/4_Create_Objects_And_Save/13_Create_LDI_Vendor_Site/Input_Vendor_Site_Name/input_Vendor_Site_Cd'

2019-01-23 19:09:03 - [MESSAGE][PASSED] - Text '1XQAVRHZCF' is set on object 'Object Repository/TF_Customer_Create/4_Create_Objects_And_Save/13_Create_LDI_Vendor_Site/Input_Vendor_Site_Name/input_Vendor_Site_Cd'

2019-01-23 19:09:03 - [TEST_STEP][PASSED] - setText(findTestObject("TF_Customer_Create/4_Create_Objects_And_Save/13_Create_LDI_Vendor_Site/Input_Vendor_Site_Name/input_Vendor_Site_City"), vndSiteCity): Text 'LKHL86EI' is set on object 'Object Repository/TF_Customer_Create/4_Create_Objects_And_Save/13_Create_LDI_Vendor_Site/Input_Vendor_Site_Name/input_Vendor_Site_City'

2019-01-23 19:09:03 - [MESSAGE][PASSED] - Text 'LKHL86EI' is set on object 'Object Repository/TF_Customer_Create/4_Create_Objects_And_Save/13_Create_LDI_Vendor_Site/Input_Vendor_Site_Name/input_Vendor_Site_City'

2019-01-23 19:09:03 - [TEST_STEP][PASSED] - setText(findTestObject("TF_Customer_Create/4_Create_Objects_And_Save/13_Create_LDI_Vendor_Site/Input_Vendor_Site_Name/input_Vendor_Site_Postal_Code"), vndSitePtlCd): Text '4YKADQ' is set on object 'Object Repository/TF_Customer_Create/4_Create_Objects_And_Save/13_Create_LDI_Vendor_Site/Input_Vendor_Site_Name/input_Vendor_Site_Postal_Code'

2019-01-23 19:09:03 - [MESSAGE][PASSED] - Text '4YKADQ' is set on object 'Object Repository/TF_Customer_Create/4_Create_Objects_And_Save/13_Create_LDI_Vendor_Site/Input_Vendor_Site_Name/input_Vendor_Site_Postal_Code'

2019-01-23 19:09:03 - [TEST_STEP][NOT_RUN] - setText(findTestObject("TF_Customer_Create/4_Create_Objects_And_Save/13_Create_LDI_Vendor_Site/Input_Vendor_Site_Name/input_Vendor_Site_Inactive_dt"), input_Eff_Dt): NOT_RUN: setText(findTestObject("TF_Customer_Create/4_Create_Objects_And_Save/13_Create_LDI_Vendor_Site/Input_Vendor_Site_Name/input_Vendor_Site_Inactive_dt"), input_Eff_Dt)

2019-01-23 19:09:03 - [MESSAGE][NOT_RUN] - NOT_RUN: setText(findTestObject("TF_Customer_Create/4_Create_Objects_And_Save/13_Create_LDI_Vendor_Site/Input_Vendor_Site_Name/input_Vendor_Site_Inactive_dt"), input_Eff_Dt)

2019-01-23 19:09:03 - [TEST_STEP][PASSED] - delay(2): Delayed 2 second(s)

2019-01-23 19:09:05 - [MESSAGE][PASSED] - Delayed 2 second(s)

2019-01-23 19:09:05 - [TEST_STEP][PASSED] - click(findTestObject("TF_Customer_Create/3_Common_Action_Buttons/Click_Data_Tab/span_Data_Tab")): Object: 'Object Repository/TF_Customer_Create/3_Common_Action_Buttons/Click_Data_Tab/span_Data_Tab' is clicked on

2019-01-23 19:09:05 - [MESSAGE][PASSED] - Object: 'Object Repository/TF_Customer_Create/3_Common_Action_Buttons/Click_Data_Tab/span_Data_Tab' is clicked on

2019-01-23 19:09:05 - [TEST_STEP][NOT_RUN] - click(findTestObject("TF_Customer_Create/4_Create_Objects_And_Save/Choose_Sales_Org/Click_Sales_Org_DD"), CONTINUE_ON_FAILURE): NOT_RUN: click(findTestObject("TF_Customer_Create/4_Create_Objects_And_Save/Choose_Sales_Org/Click_Sales_Org_DD"), CONTINUE_ON_FAILURE)

2019-01-23 19:09:05 - [MESSAGE][NOT_RUN] - NOT_RUN: click(findTestObject("TF_Customer_Create/4_Create_Objects_And_Save/Choose_Sales_Org/Click_Sales_Org_DD"), CONTINUE_ON_FAILURE)

2019-01-23 19:09:05 - [TEST_STEP][NOT_RUN] - click(findTestObject("TF_Customer_Create/4_Create_Objects_And_Save/Choose_Sales_Org/CA_Object"), CONTINUE_ON_FAILURE): NOT_RUN: click(findTestObject("TF_Customer_Create/4_Create_Objects_And_Save/Choose_Sales_Org/CA_Object"), CONTINUE_ON_FAILURE)

2019-01-23 19:09:05 - [MESSAGE][NOT_RUN] - NOT_RUN: click(findTestObject("TF_Customer_Create/4_Create_Objects_And_Save/Choose_Sales_Org/CA_Object"), CONTINUE_ON_FAILURE)

2019-01-23 19:09:05 - [TEST_STEP][PASSED] - delay(2): Delayed 2 second(s)

2019-01-23 19:09:07 - [MESSAGE][PASSED] - Delayed 2 second(s)

2019-01-23 19:09:07 - [TEST_STEP][PASSED] - click(findTestObject("TF_Customer_Create/3_Common_Action_Buttons/Click_Apply_Button/td_Apply")): Object: 'Object Repository/TF_Customer_Create/3_Common_Action_Buttons/Click_Apply_Button/td_Apply' is clicked on

2019-01-23 19:09:08 - [MESSAGE][PASSED] - Object: 'Object Repository/TF_Customer_Create/3_Common_Action_Buttons/Click_Apply_Button/td_Apply' is clicked on

2019-01-23 19:09:08 - [TEST_STEP][PASSED] - delay(2): Delayed 2 second(s)

2019-01-23 19:09:10 - [MESSAGE][PASSED] - Delayed 2 second(s)

2019-01-23 19:09:10 - [TEST_STEP][PASSED] - click(findTestObject("TF_Customer_Create/3_Common_Action_Buttons/Click_Save_Button/btn_Save")): Object: 'Object Repository/TF_Customer_Create/3_Common_Action_Buttons/Click_Save_Button/btn_Save' is clicked on

2019-01-23 19:09:10 - [MESSAGE][PASSED] - Object: 'Object Repository/TF_Customer_Create/3_Common_Action_Buttons/Click_Save_Button/btn_Save' is clicked on

2019-01-23 19:09:10 - [TEST_STEP][PASSED] - delay(2): Delayed 2 second(s)

2019-01-23 19:09:12 - [MESSAGE][PASSED] - Delayed 2 second(s)

2019-01-23 19:09:12 - [TEST_STEP][NOT_RUN] - verifyElementText(findTestObject("TF_Customer_Create/3_Common_Action_Buttons/Verify_Success_Message/Success_Message"), "Record has been saved successfully.", CONTINUE_ON_FAILURE): NOT_RUN: verifyElementText(findTestObject("TF_Customer_Create/3_Common_Action_Buttons/Verify_Success_Message/Success_Message"), "Record has been saved successfully.", CONTINUE_ON_FAILURE)

2019-01-23 19:09:12 - [MESSAGE][NOT_RUN] - NOT_RUN: verifyElementText(findTestObject("TF_Customer_Create/3_Common_Action_Buttons/Verify_Success_Message/Success_Message"), "Record has been saved successfully.", CONTINUE_ON_FAILURE)

2019-01-23 19:09:12 - [TEST_STEP][NOT_RUN] - click(findTestObject("TF_Customer_Create/3_Common_Action_Buttons/Click_Data_Tab/span_Data_Tab")): NOT_RUN: click(findTestObject("TF_Customer_Create/3_Common_Action_Buttons/Click_Data_Tab/span_Data_Tab"))

2019-01-23 19:09:12 - [MESSAGE][NOT_RUN] - NOT_RUN: click(findTestObject("TF_Customer_Create/3_Common_Action_Buttons/Click_Data_Tab/span_Data_Tab"))

2019-01-23 19:09:12 - [TEST_STEP][NOT_RUN] - delay(1): NOT_RUN: delay(1)

2019-01-23 19:09:12 - [MESSAGE][NOT_RUN] - NOT_RUN: delay(1)

2019-01-23 19:09:12 - [TEST_STEP][NOT_RUN] - click(findTestObject("TF_Customer_Create/3_Common_Action_Buttons/Click_Close_Button/btn_Close")): NOT_RUN: click(findTestObject("TF_Customer_Create/3_Common_Action_Buttons/Click_Close_Button/btn_Close"))

2019-01-23 19:09:12 - [MESSAGE][NOT_RUN] - NOT_RUN: click(findTestObject("TF_Customer_Create/3_Common_Action_Buttons/Click_Close_Button/btn_Close"))

2019-01-23 19:09:12 - [TEST_STEP][NOT_RUN] - delay(2): NOT_RUN: delay(2)

2019-01-23 19:09:12 - [MESSAGE][NOT_RUN] - NOT_RUN: delay(2)

2019-01-23 19:09:12 - [TEST_STEP][NOT_RUN] - vrfy_PLA = com.oracledb.regressiontest.verifyPLA(ora_connt, ora_usr, ora_psswrd, ora_schema, plaAcctName): NOT_RUN: vrfy_PLA = com.oracledb.regressiontest.verifyPLA(ora_connt, ora_usr, ora_psswrd, ora_schema, plaAcctName)

2019-01-23 19:09:12 - [MESSAGE][NOT_RUN] - NOT_RUN: vrfy_PLA = com.oracledb.regressiontest.verifyPLA(ora_connt, ora_usr, ora_psswrd, ora_schema, plaAcctName)

2019-01-23 19:09:12 - [TEST_STEP][NOT_RUN] - println("Planning Account Name"): NOT_RUN: println("Planning Account Name")

2019-01-23 19:09:12 - [MESSAGE][NOT_RUN] - NOT_RUN: println("Planning Account Name")

2019-01-23 19:09:12 - [TEST_STEP][NOT_RUN] - verifyEqual(PLANNING_ACCOUNT_NAME, plaAcctName): NOT_RUN: verifyEqual(PLANNING_ACCOUNT_NAME, plaAcctName)

2019-01-23 19:09:12 - [MESSAGE][NOT_RUN] - NOT_RUN: verifyEqual(PLANNING_ACCOUNT_NAME, plaAcctName)]]></system-out>
         <system-err><![CDATA[]]></system-err>
      </testcase>
      <testcase name="Test Cases/Regression_TF_Customer/Create_Record/TC_13_Create_LDI_Vendor_Site" classname="Test Cases/Regression_TF_Customer/Create_Record/TC_13_Create_LDI_Vendor_Site" status="PASSED">
         <system-out><![CDATA[2019-01-23 19:09:12 - [TEST_CASE][PASSED] - Test Cases/Regression_TF_Customer/Create_Record/TC_13_Create_LDI_Vendor_Site: Test Cases/Regression_TF_Customer/Create_Record/TC_13_Create_LDI_Vendor_Site

2019-01-23 19:09:12 - [TEST_STEP][PASSED] - waitForPageLoad(G_Timeout): Wait for page load successfully

2019-01-23 19:09:12 - [MESSAGE][PASSED] - Wait for page load successfully

2019-01-23 19:09:12 - [TEST_STEP][PASSED] - mouseOver(findTestObject("TF_Customer_Create/1_Menu_Navigation_To_Open_All_Pages/0_Menu_Create_In_Data_View")): Object: 'Object Repository/TF_Customer_Create/1_Menu_Navigation_To_Open_All_Pages/0_Menu_Create_In_Data_View' is hovered

2019-01-23 19:09:12 - [MESSAGE][PASSED] - Object: 'Object Repository/TF_Customer_Create/1_Menu_Navigation_To_Open_All_Pages/0_Menu_Create_In_Data_View' is hovered

2019-01-23 19:09:12 - [TEST_STEP][PASSED] - waitForPageLoad(G_Timeout): Wait for page load successfully

2019-01-23 19:09:12 - [MESSAGE][PASSED] - Wait for page load successfully

2019-01-23 19:09:12 - [TEST_STEP][PASSED] - mouseOver(findTestObject("TF_Customer_Create/1_Menu_Navigation_To_Open_All_Pages/1_Menu_Create_Master_Data")): Object: 'Object Repository/TF_Customer_Create/1_Menu_Navigation_To_Open_All_Pages/1_Menu_Create_Master_Data' is hovered

2019-01-23 19:09:12 - [MESSAGE][PASSED] - Object: 'Object Repository/TF_Customer_Create/1_Menu_Navigation_To_Open_All_Pages/1_Menu_Create_Master_Data' is hovered

2019-01-23 19:09:12 - [TEST_STEP][PASSED] - waitForPageLoad(G_Timeout): Wait for page load successfully

2019-01-23 19:09:12 - [MESSAGE][PASSED] - Wait for page load successfully

2019-01-23 19:09:12 - [TEST_STEP][PASSED] - mouseOver(findTestObject("TF_Customer_Create/1_Menu_Navigation_To_Open_All_Pages/3_Planning_Account_Hoverover_Option")): Object: 'Object Repository/TF_Customer_Create/1_Menu_Navigation_To_Open_All_Pages/3_Planning_Account_Hoverover_Option' is hovered

2019-01-23 19:09:12 - [MESSAGE][PASSED] - Object: 'Object Repository/TF_Customer_Create/1_Menu_Navigation_To_Open_All_Pages/3_Planning_Account_Hoverover_Option' is hovered

2019-01-23 19:09:12 - [TEST_STEP][PASSED] - waitForPageLoad(G_Timeout): Wait for page load successfully

2019-01-23 19:09:12 - [MESSAGE][PASSED] - Wait for page load successfully

2019-01-23 19:09:12 - [TEST_STEP][PASSED] - click(findTestObject("TF_Customer_Create/2_Select_Menu_Options(All)/13_LDI_Vendor_Site")): Object: 'Object Repository/TF_Customer_Create/2_Select_Menu_Options(All)/13_LDI_Vendor_Site' is clicked on

2019-01-23 19:09:12 - [MESSAGE][PASSED] - Object: 'Object Repository/TF_Customer_Create/2_Select_Menu_Options(All)/13_LDI_Vendor_Site' is clicked on

2019-01-23 19:09:12 - [TEST_STEP][PASSED] - waitForPageLoad(G_Timeout): Wait for page load successfully

2019-01-23 19:09:12 - [MESSAGE][PASSED] - Wait for page load successfully

2019-01-23 19:09:12 - [TEST_STEP][PASSED] - delay(3): Delayed 3 second(s)

2019-01-23 19:09:15 - [MESSAGE][PASSED] - Delayed 3 second(s)

2019-01-23 19:09:15 - [TEST_STEP][PASSED] - vndSiteName = com.oracledb.regressiontest.genName(15): com.oracledb.regressiontest.genName is PASSED

2019-01-23 19:09:15 - [MESSAGE][PASSED] - com.oracledb.regressiontest.genName is PASSED

2019-01-23 19:09:15 - [TEST_STEP][PASSED] - vndSiteNumber = com.oracledb.regressiontest.genName(12): com.oracledb.regressiontest.genName is PASSED

2019-01-23 19:09:15 - [MESSAGE][PASSED] - com.oracledb.regressiontest.genName is PASSED

2019-01-23 19:09:15 - [TEST_STEP][PASSED] - vndSiteCd = com.oracledb.regressiontest.genName(10): com.oracledb.regressiontest.genName is PASSED

2019-01-23 19:09:15 - [MESSAGE][PASSED] - com.oracledb.regressiontest.genName is PASSED

2019-01-23 19:09:15 - [TEST_STEP][PASSED] - vndSiteCity = com.oracledb.regressiontest.genName(8): com.oracledb.regressiontest.genName is PASSED

2019-01-23 19:09:15 - [MESSAGE][PASSED] - com.oracledb.regressiontest.genName is PASSED

2019-01-23 19:09:15 - [TEST_STEP][PASSED] - vndSitePtlCd = com.oracledb.regressiontest.genName(6): com.oracledb.regressiontest.genName is PASSED

2019-01-23 19:09:15 - [MESSAGE][PASSED] - com.oracledb.regressiontest.genName is PASSED

2019-01-23 19:09:15 - [TEST_STEP][PASSED] - setText(findTestObject("TF_Customer_Create/4_Create_Objects_And_Save/13_Create_LDI_Vendor_Site/Input_Vendor_Site_Name/input_Vendor_Site_Nm"), vndSiteName): Text 'CPBIEZNUSEAR4TT' is set on object 'Object Repository/TF_Customer_Create/4_Create_Objects_And_Save/13_Create_LDI_Vendor_Site/Input_Vendor_Site_Name/input_Vendor_Site_Nm'

2019-01-23 19:09:16 - [MESSAGE][PASSED] - Text 'CPBIEZNUSEAR4TT' is set on object 'Object Repository/TF_Customer_Create/4_Create_Objects_And_Save/13_Create_LDI_Vendor_Site/Input_Vendor_Site_Name/input_Vendor_Site_Nm'

2019-01-23 19:09:16 - [TEST_STEP][PASSED] - setText(findTestObject("TF_Customer_Create/4_Create_Objects_And_Save/13_Create_LDI_Vendor_Site/Input_Vendor_Site_Name/input_Vendor_Site_Number"), vndSiteNumber): Text 'H32BTL5L1MVW' is set on object 'Object Repository/TF_Customer_Create/4_Create_Objects_And_Save/13_Create_LDI_Vendor_Site/Input_Vendor_Site_Name/input_Vendor_Site_Number'

2019-01-23 19:09:16 - [MESSAGE][PASSED] - Text 'H32BTL5L1MVW' is set on object 'Object Repository/TF_Customer_Create/4_Create_Objects_And_Save/13_Create_LDI_Vendor_Site/Input_Vendor_Site_Name/input_Vendor_Site_Number'

2019-01-23 19:09:16 - [TEST_STEP][PASSED] - setText(findTestObject("TF_Customer_Create/4_Create_Objects_And_Save/13_Create_LDI_Vendor_Site/Input_Vendor_Site_Name/input_Vendor_Site_Cd"), vndSiteCd): Text 'GV1GJM7W7X' is set on object 'Object Repository/TF_Customer_Create/4_Create_Objects_And_Save/13_Create_LDI_Vendor_Site/Input_Vendor_Site_Name/input_Vendor_Site_Cd'

2019-01-23 19:09:16 - [MESSAGE][PASSED] - Text 'GV1GJM7W7X' is set on object 'Object Repository/TF_Customer_Create/4_Create_Objects_And_Save/13_Create_LDI_Vendor_Site/Input_Vendor_Site_Name/input_Vendor_Site_Cd'

2019-01-23 19:09:16 - [TEST_STEP][PASSED] - setText(findTestObject("TF_Customer_Create/4_Create_Objects_And_Save/13_Create_LDI_Vendor_Site/Input_Vendor_Site_Name/input_Vendor_Site_City"), vndSiteCity): Text '8P95Q608' is set on object 'Object Repository/TF_Customer_Create/4_Create_Objects_And_Save/13_Create_LDI_Vendor_Site/Input_Vendor_Site_Name/input_Vendor_Site_City'

2019-01-23 19:09:16 - [MESSAGE][PASSED] - Text '8P95Q608' is set on object 'Object Repository/TF_Customer_Create/4_Create_Objects_And_Save/13_Create_LDI_Vendor_Site/Input_Vendor_Site_Name/input_Vendor_Site_City'

2019-01-23 19:09:16 - [TEST_STEP][PASSED] - setText(findTestObject("TF_Customer_Create/4_Create_Objects_And_Save/13_Create_LDI_Vendor_Site/Input_Vendor_Site_Name/input_Vendor_Site_Postal_Code"), vndSitePtlCd): Text '8V1GFX' is set on object 'Object Repository/TF_Customer_Create/4_Create_Objects_And_Save/13_Create_LDI_Vendor_Site/Input_Vendor_Site_Name/input_Vendor_Site_Postal_Code'

2019-01-23 19:09:16 - [MESSAGE][PASSED] - Text '8V1GFX' is set on object 'Object Repository/TF_Customer_Create/4_Create_Objects_And_Save/13_Create_LDI_Vendor_Site/Input_Vendor_Site_Name/input_Vendor_Site_Postal_Code'

2019-01-23 19:09:16 - [TEST_STEP][NOT_RUN] - setText(findTestObject("TF_Customer_Create/4_Create_Objects_And_Save/13_Create_LDI_Vendor_Site/Input_Vendor_Site_Name/input_Vendor_Site_Inactive_dt"), input_Eff_Dt): NOT_RUN: setText(findTestObject("TF_Customer_Create/4_Create_Objects_And_Save/13_Create_LDI_Vendor_Site/Input_Vendor_Site_Name/input_Vendor_Site_Inactive_dt"), input_Eff_Dt)

2019-01-23 19:09:16 - [MESSAGE][NOT_RUN] - NOT_RUN: setText(findTestObject("TF_Customer_Create/4_Create_Objects_And_Save/13_Create_LDI_Vendor_Site/Input_Vendor_Site_Name/input_Vendor_Site_Inactive_dt"), input_Eff_Dt)

2019-01-23 19:09:16 - [TEST_STEP][PASSED] - delay(2): Delayed 2 second(s)

2019-01-23 19:09:18 - [MESSAGE][PASSED] - Delayed 2 second(s)

2019-01-23 19:09:18 - [TEST_STEP][PASSED] - click(findTestObject("TF_Customer_Create/3_Common_Action_Buttons/Click_Data_Tab/span_Data_Tab")): Object: 'Object Repository/TF_Customer_Create/3_Common_Action_Buttons/Click_Data_Tab/span_Data_Tab' is clicked on

2019-01-23 19:09:18 - [MESSAGE][PASSED] - Object: 'Object Repository/TF_Customer_Create/3_Common_Action_Buttons/Click_Data_Tab/span_Data_Tab' is clicked on

2019-01-23 19:09:18 - [TEST_STEP][NOT_RUN] - click(findTestObject("TF_Customer_Create/4_Create_Objects_And_Save/Choose_Sales_Org/Click_Sales_Org_DD"), CONTINUE_ON_FAILURE): NOT_RUN: click(findTestObject("TF_Customer_Create/4_Create_Objects_And_Save/Choose_Sales_Org/Click_Sales_Org_DD"), CONTINUE_ON_FAILURE)

2019-01-23 19:09:18 - [MESSAGE][NOT_RUN] - NOT_RUN: click(findTestObject("TF_Customer_Create/4_Create_Objects_And_Save/Choose_Sales_Org/Click_Sales_Org_DD"), CONTINUE_ON_FAILURE)

2019-01-23 19:09:18 - [TEST_STEP][NOT_RUN] - click(findTestObject("TF_Customer_Create/4_Create_Objects_And_Save/Choose_Sales_Org/CA_Object"), CONTINUE_ON_FAILURE): NOT_RUN: click(findTestObject("TF_Customer_Create/4_Create_Objects_And_Save/Choose_Sales_Org/CA_Object"), CONTINUE_ON_FAILURE)

2019-01-23 19:09:18 - [MESSAGE][NOT_RUN] - NOT_RUN: click(findTestObject("TF_Customer_Create/4_Create_Objects_And_Save/Choose_Sales_Org/CA_Object"), CONTINUE_ON_FAILURE)

2019-01-23 19:09:18 - [TEST_STEP][PASSED] - delay(2): Delayed 2 second(s)

2019-01-23 19:09:20 - [MESSAGE][PASSED] - Delayed 2 second(s)

2019-01-23 19:09:20 - [TEST_STEP][PASSED] - click(findTestObject("TF_Customer_Create/3_Common_Action_Buttons/Click_Apply_Button/td_Apply")): Object: 'Object Repository/TF_Customer_Create/3_Common_Action_Buttons/Click_Apply_Button/td_Apply' is clicked on

2019-01-23 19:09:20 - [MESSAGE][PASSED] - Object: 'Object Repository/TF_Customer_Create/3_Common_Action_Buttons/Click_Apply_Button/td_Apply' is clicked on

2019-01-23 19:09:20 - [TEST_STEP][PASSED] - delay(2): Delayed 2 second(s)

2019-01-23 19:09:22 - [MESSAGE][PASSED] - Delayed 2 second(s)

2019-01-23 19:09:22 - [TEST_STEP][PASSED] - click(findTestObject("TF_Customer_Create/3_Common_Action_Buttons/Click_Save_Button/btn_Save")): Object: 'Object Repository/TF_Customer_Create/3_Common_Action_Buttons/Click_Save_Button/btn_Save' is clicked on

2019-01-23 19:09:22 - [MESSAGE][PASSED] - Object: 'Object Repository/TF_Customer_Create/3_Common_Action_Buttons/Click_Save_Button/btn_Save' is clicked on

2019-01-23 19:09:22 - [TEST_STEP][PASSED] - delay(2): Delayed 2 second(s)

2019-01-23 19:09:24 - [MESSAGE][PASSED] - Delayed 2 second(s)

2019-01-23 19:09:24 - [TEST_STEP][NOT_RUN] - verifyElementText(findTestObject("TF_Customer_Create/3_Common_Action_Buttons/Verify_Success_Message/Success_Message"), "Record has been saved successfully.", CONTINUE_ON_FAILURE): NOT_RUN: verifyElementText(findTestObject("TF_Customer_Create/3_Common_Action_Buttons/Verify_Success_Message/Success_Message"), "Record has been saved successfully.", CONTINUE_ON_FAILURE)

2019-01-23 19:09:24 - [MESSAGE][NOT_RUN] - NOT_RUN: verifyElementText(findTestObject("TF_Customer_Create/3_Common_Action_Buttons/Verify_Success_Message/Success_Message"), "Record has been saved successfully.", CONTINUE_ON_FAILURE)

2019-01-23 19:09:24 - [TEST_STEP][NOT_RUN] - click(findTestObject("TF_Customer_Create/3_Common_Action_Buttons/Click_Data_Tab/span_Data_Tab")): NOT_RUN: click(findTestObject("TF_Customer_Create/3_Common_Action_Buttons/Click_Data_Tab/span_Data_Tab"))

2019-01-23 19:09:24 - [MESSAGE][NOT_RUN] - NOT_RUN: click(findTestObject("TF_Customer_Create/3_Common_Action_Buttons/Click_Data_Tab/span_Data_Tab"))

2019-01-23 19:09:24 - [TEST_STEP][NOT_RUN] - delay(1): NOT_RUN: delay(1)

2019-01-23 19:09:24 - [MESSAGE][NOT_RUN] - NOT_RUN: delay(1)

2019-01-23 19:09:24 - [TEST_STEP][NOT_RUN] - click(findTestObject("TF_Customer_Create/3_Common_Action_Buttons/Click_Close_Button/btn_Close")): NOT_RUN: click(findTestObject("TF_Customer_Create/3_Common_Action_Buttons/Click_Close_Button/btn_Close"))

2019-01-23 19:09:24 - [MESSAGE][NOT_RUN] - NOT_RUN: click(findTestObject("TF_Customer_Create/3_Common_Action_Buttons/Click_Close_Button/btn_Close"))

2019-01-23 19:09:24 - [TEST_STEP][NOT_RUN] - delay(2): NOT_RUN: delay(2)

2019-01-23 19:09:24 - [MESSAGE][NOT_RUN] - NOT_RUN: delay(2)

2019-01-23 19:09:24 - [TEST_STEP][NOT_RUN] - vrfy_PLA = com.oracledb.regressiontest.verifyPLA(ora_connt, ora_usr, ora_psswrd, ora_schema, plaAcctName): NOT_RUN: vrfy_PLA = com.oracledb.regressiontest.verifyPLA(ora_connt, ora_usr, ora_psswrd, ora_schema, plaAcctName)

2019-01-23 19:09:24 - [MESSAGE][NOT_RUN] - NOT_RUN: vrfy_PLA = com.oracledb.regressiontest.verifyPLA(ora_connt, ora_usr, ora_psswrd, ora_schema, plaAcctName)

2019-01-23 19:09:24 - [TEST_STEP][NOT_RUN] - println("Planning Account Name"): NOT_RUN: println("Planning Account Name")

2019-01-23 19:09:24 - [MESSAGE][NOT_RUN] - NOT_RUN: println("Planning Account Name")

2019-01-23 19:09:24 - [TEST_STEP][NOT_RUN] - verifyEqual(PLANNING_ACCOUNT_NAME, plaAcctName): NOT_RUN: verifyEqual(PLANNING_ACCOUNT_NAME, plaAcctName)

2019-01-23 19:09:24 - [MESSAGE][NOT_RUN] - NOT_RUN: verifyEqual(PLANNING_ACCOUNT_NAME, plaAcctName)]]></system-out>
         <system-err><![CDATA[]]></system-err>
      </testcase>
      <testcase name="Test Cases/Regression_TF_Customer/Create_Record/TC_13_Create_LDI_Vendor_Site" classname="Test Cases/Regression_TF_Customer/Create_Record/TC_13_Create_LDI_Vendor_Site" status="PASSED">
         <system-out><![CDATA[2019-01-23 19:09:24 - [TEST_CASE][PASSED] - Test Cases/Regression_TF_Customer/Create_Record/TC_13_Create_LDI_Vendor_Site: Test Cases/Regression_TF_Customer/Create_Record/TC_13_Create_LDI_Vendor_Site

2019-01-23 19:09:25 - [TEST_STEP][PASSED] - waitForPageLoad(G_Timeout): Wait for page load successfully

2019-01-23 19:09:25 - [MESSAGE][PASSED] - Wait for page load successfully

2019-01-23 19:09:25 - [TEST_STEP][PASSED] - mouseOver(findTestObject("TF_Customer_Create/1_Menu_Navigation_To_Open_All_Pages/0_Menu_Create_In_Data_View")): Object: 'Object Repository/TF_Customer_Create/1_Menu_Navigation_To_Open_All_Pages/0_Menu_Create_In_Data_View' is hovered

2019-01-23 19:09:25 - [MESSAGE][PASSED] - Object: 'Object Repository/TF_Customer_Create/1_Menu_Navigation_To_Open_All_Pages/0_Menu_Create_In_Data_View' is hovered

2019-01-23 19:09:25 - [TEST_STEP][PASSED] - waitForPageLoad(G_Timeout): Wait for page load successfully

2019-01-23 19:09:25 - [MESSAGE][PASSED] - Wait for page load successfully

2019-01-23 19:09:25 - [TEST_STEP][PASSED] - mouseOver(findTestObject("TF_Customer_Create/1_Menu_Navigation_To_Open_All_Pages/1_Menu_Create_Master_Data")): Object: 'Object Repository/TF_Customer_Create/1_Menu_Navigation_To_Open_All_Pages/1_Menu_Create_Master_Data' is hovered

2019-01-23 19:09:25 - [MESSAGE][PASSED] - Object: 'Object Repository/TF_Customer_Create/1_Menu_Navigation_To_Open_All_Pages/1_Menu_Create_Master_Data' is hovered

2019-01-23 19:09:25 - [TEST_STEP][PASSED] - waitForPageLoad(G_Timeout): Wait for page load successfully

2019-01-23 19:09:25 - [MESSAGE][PASSED] - Wait for page load successfully

2019-01-23 19:09:25 - [TEST_STEP][PASSED] - mouseOver(findTestObject("TF_Customer_Create/1_Menu_Navigation_To_Open_All_Pages/3_Planning_Account_Hoverover_Option")): Object: 'Object Repository/TF_Customer_Create/1_Menu_Navigation_To_Open_All_Pages/3_Planning_Account_Hoverover_Option' is hovered

2019-01-23 19:09:25 - [MESSAGE][PASSED] - Object: 'Object Repository/TF_Customer_Create/1_Menu_Navigation_To_Open_All_Pages/3_Planning_Account_Hoverover_Option' is hovered

2019-01-23 19:09:25 - [TEST_STEP][PASSED] - waitForPageLoad(G_Timeout): Wait for page load successfully

2019-01-23 19:09:25 - [MESSAGE][PASSED] - Wait for page load successfully

2019-01-23 19:09:25 - [TEST_STEP][PASSED] - click(findTestObject("TF_Customer_Create/2_Select_Menu_Options(All)/13_LDI_Vendor_Site")): Object: 'Object Repository/TF_Customer_Create/2_Select_Menu_Options(All)/13_LDI_Vendor_Site' is clicked on

2019-01-23 19:09:25 - [MESSAGE][PASSED] - Object: 'Object Repository/TF_Customer_Create/2_Select_Menu_Options(All)/13_LDI_Vendor_Site' is clicked on

2019-01-23 19:09:25 - [TEST_STEP][PASSED] - waitForPageLoad(G_Timeout): Wait for page load successfully

2019-01-23 19:09:25 - [MESSAGE][PASSED] - Wait for page load successfully

2019-01-23 19:09:25 - [TEST_STEP][PASSED] - delay(3): Delayed 3 second(s)

2019-01-23 19:09:28 - [MESSAGE][PASSED] - Delayed 3 second(s)

2019-01-23 19:09:28 - [TEST_STEP][PASSED] - vndSiteName = com.oracledb.regressiontest.genName(15): com.oracledb.regressiontest.genName is PASSED

2019-01-23 19:09:28 - [MESSAGE][PASSED] - com.oracledb.regressiontest.genName is PASSED

2019-01-23 19:09:28 - [TEST_STEP][PASSED] - vndSiteNumber = com.oracledb.regressiontest.genName(12): com.oracledb.regressiontest.genName is PASSED

2019-01-23 19:09:28 - [MESSAGE][PASSED] - com.oracledb.regressiontest.genName is PASSED

2019-01-23 19:09:28 - [TEST_STEP][PASSED] - vndSiteCd = com.oracledb.regressiontest.genName(10): com.oracledb.regressiontest.genName is PASSED

2019-01-23 19:09:28 - [MESSAGE][PASSED] - com.oracledb.regressiontest.genName is PASSED

2019-01-23 19:09:28 - [TEST_STEP][PASSED] - vndSiteCity = com.oracledb.regressiontest.genName(8): com.oracledb.regressiontest.genName is PASSED

2019-01-23 19:09:28 - [MESSAGE][PASSED] - com.oracledb.regressiontest.genName is PASSED

2019-01-23 19:09:28 - [TEST_STEP][PASSED] - vndSitePtlCd = com.oracledb.regressiontest.genName(6): com.oracledb.regressiontest.genName is PASSED

2019-01-23 19:09:28 - [MESSAGE][PASSED] - com.oracledb.regressiontest.genName is PASSED

2019-01-23 19:09:28 - [TEST_STEP][PASSED] - setText(findTestObject("TF_Customer_Create/4_Create_Objects_And_Save/13_Create_LDI_Vendor_Site/Input_Vendor_Site_Name/input_Vendor_Site_Nm"), vndSiteName): Text '98P3J8CX3F5BLOH' is set on object 'Object Repository/TF_Customer_Create/4_Create_Objects_And_Save/13_Create_LDI_Vendor_Site/Input_Vendor_Site_Name/input_Vendor_Site_Nm'

2019-01-23 19:09:28 - [MESSAGE][PASSED] - Text '98P3J8CX3F5BLOH' is set on object 'Object Repository/TF_Customer_Create/4_Create_Objects_And_Save/13_Create_LDI_Vendor_Site/Input_Vendor_Site_Name/input_Vendor_Site_Nm'

2019-01-23 19:09:28 - [TEST_STEP][PASSED] - setText(findTestObject("TF_Customer_Create/4_Create_Objects_And_Save/13_Create_LDI_Vendor_Site/Input_Vendor_Site_Name/input_Vendor_Site_Number"), vndSiteNumber): Text 'NVJ77PBYNCIZ' is set on object 'Object Repository/TF_Customer_Create/4_Create_Objects_And_Save/13_Create_LDI_Vendor_Site/Input_Vendor_Site_Name/input_Vendor_Site_Number'

2019-01-23 19:09:29 - [MESSAGE][PASSED] - Text 'NVJ77PBYNCIZ' is set on object 'Object Repository/TF_Customer_Create/4_Create_Objects_And_Save/13_Create_LDI_Vendor_Site/Input_Vendor_Site_Name/input_Vendor_Site_Number'

2019-01-23 19:09:29 - [TEST_STEP][PASSED] - setText(findTestObject("TF_Customer_Create/4_Create_Objects_And_Save/13_Create_LDI_Vendor_Site/Input_Vendor_Site_Name/input_Vendor_Site_Cd"), vndSiteCd): Text 'VZZ1TTQ8IP' is set on object 'Object Repository/TF_Customer_Create/4_Create_Objects_And_Save/13_Create_LDI_Vendor_Site/Input_Vendor_Site_Name/input_Vendor_Site_Cd'

2019-01-23 19:09:29 - [MESSAGE][PASSED] - Text 'VZZ1TTQ8IP' is set on object 'Object Repository/TF_Customer_Create/4_Create_Objects_And_Save/13_Create_LDI_Vendor_Site/Input_Vendor_Site_Name/input_Vendor_Site_Cd'

2019-01-23 19:09:29 - [TEST_STEP][PASSED] - setText(findTestObject("TF_Customer_Create/4_Create_Objects_And_Save/13_Create_LDI_Vendor_Site/Input_Vendor_Site_Name/input_Vendor_Site_City"), vndSiteCity): Text 'L2AS2308' is set on object 'Object Repository/TF_Customer_Create/4_Create_Objects_And_Save/13_Create_LDI_Vendor_Site/Input_Vendor_Site_Name/input_Vendor_Site_City'

2019-01-23 19:09:29 - [MESSAGE][PASSED] - Text 'L2AS2308' is set on object 'Object Repository/TF_Customer_Create/4_Create_Objects_And_Save/13_Create_LDI_Vendor_Site/Input_Vendor_Site_Name/input_Vendor_Site_City'

2019-01-23 19:09:29 - [TEST_STEP][PASSED] - setText(findTestObject("TF_Customer_Create/4_Create_Objects_And_Save/13_Create_LDI_Vendor_Site/Input_Vendor_Site_Name/input_Vendor_Site_Postal_Code"), vndSitePtlCd): Text 'NEX8IV' is set on object 'Object Repository/TF_Customer_Create/4_Create_Objects_And_Save/13_Create_LDI_Vendor_Site/Input_Vendor_Site_Name/input_Vendor_Site_Postal_Code'

2019-01-23 19:09:29 - [MESSAGE][PASSED] - Text 'NEX8IV' is set on object 'Object Repository/TF_Customer_Create/4_Create_Objects_And_Save/13_Create_LDI_Vendor_Site/Input_Vendor_Site_Name/input_Vendor_Site_Postal_Code'

2019-01-23 19:09:29 - [TEST_STEP][NOT_RUN] - setText(findTestObject("TF_Customer_Create/4_Create_Objects_And_Save/13_Create_LDI_Vendor_Site/Input_Vendor_Site_Name/input_Vendor_Site_Inactive_dt"), input_Eff_Dt): NOT_RUN: setText(findTestObject("TF_Customer_Create/4_Create_Objects_And_Save/13_Create_LDI_Vendor_Site/Input_Vendor_Site_Name/input_Vendor_Site_Inactive_dt"), input_Eff_Dt)

2019-01-23 19:09:29 - [MESSAGE][NOT_RUN] - NOT_RUN: setText(findTestObject("TF_Customer_Create/4_Create_Objects_And_Save/13_Create_LDI_Vendor_Site/Input_Vendor_Site_Name/input_Vendor_Site_Inactive_dt"), input_Eff_Dt)

2019-01-23 19:09:29 - [TEST_STEP][PASSED] - delay(2): Delayed 2 second(s)

2019-01-23 19:09:31 - [MESSAGE][PASSED] - Delayed 2 second(s)

2019-01-23 19:09:31 - [TEST_STEP][PASSED] - click(findTestObject("TF_Customer_Create/3_Common_Action_Buttons/Click_Data_Tab/span_Data_Tab")): Object: 'Object Repository/TF_Customer_Create/3_Common_Action_Buttons/Click_Data_Tab/span_Data_Tab' is clicked on

2019-01-23 19:09:31 - [MESSAGE][PASSED] - Object: 'Object Repository/TF_Customer_Create/3_Common_Action_Buttons/Click_Data_Tab/span_Data_Tab' is clicked on

2019-01-23 19:09:31 - [TEST_STEP][NOT_RUN] - click(findTestObject("TF_Customer_Create/4_Create_Objects_And_Save/Choose_Sales_Org/Click_Sales_Org_DD"), CONTINUE_ON_FAILURE): NOT_RUN: click(findTestObject("TF_Customer_Create/4_Create_Objects_And_Save/Choose_Sales_Org/Click_Sales_Org_DD"), CONTINUE_ON_FAILURE)

2019-01-23 19:09:31 - [MESSAGE][NOT_RUN] - NOT_RUN: click(findTestObject("TF_Customer_Create/4_Create_Objects_And_Save/Choose_Sales_Org/Click_Sales_Org_DD"), CONTINUE_ON_FAILURE)

2019-01-23 19:09:31 - [TEST_STEP][NOT_RUN] - click(findTestObject("TF_Customer_Create/4_Create_Objects_And_Save/Choose_Sales_Org/CA_Object"), CONTINUE_ON_FAILURE): NOT_RUN: click(findTestObject("TF_Customer_Create/4_Create_Objects_And_Save/Choose_Sales_Org/CA_Object"), CONTINUE_ON_FAILURE)

2019-01-23 19:09:31 - [MESSAGE][NOT_RUN] - NOT_RUN: click(findTestObject("TF_Customer_Create/4_Create_Objects_And_Save/Choose_Sales_Org/CA_Object"), CONTINUE_ON_FAILURE)

2019-01-23 19:09:31 - [TEST_STEP][PASSED] - delay(2): Delayed 2 second(s)

2019-01-23 19:09:33 - [MESSAGE][PASSED] - Delayed 2 second(s)

2019-01-23 19:09:33 - [TEST_STEP][PASSED] - click(findTestObject("TF_Customer_Create/3_Common_Action_Buttons/Click_Apply_Button/td_Apply")): Object: 'Object Repository/TF_Customer_Create/3_Common_Action_Buttons/Click_Apply_Button/td_Apply' is clicked on

2019-01-23 19:09:33 - [MESSAGE][PASSED] - Object: 'Object Repository/TF_Customer_Create/3_Common_Action_Buttons/Click_Apply_Button/td_Apply' is clicked on

2019-01-23 19:09:33 - [TEST_STEP][PASSED] - delay(2): Delayed 2 second(s)

2019-01-23 19:09:35 - [MESSAGE][PASSED] - Delayed 2 second(s)

2019-01-23 19:09:35 - [TEST_STEP][PASSED] - click(findTestObject("TF_Customer_Create/3_Common_Action_Buttons/Click_Save_Button/btn_Save")): Object: 'Object Repository/TF_Customer_Create/3_Common_Action_Buttons/Click_Save_Button/btn_Save' is clicked on

2019-01-23 19:09:35 - [MESSAGE][PASSED] - Object: 'Object Repository/TF_Customer_Create/3_Common_Action_Buttons/Click_Save_Button/btn_Save' is clicked on

2019-01-23 19:09:35 - [TEST_STEP][PASSED] - delay(2): Delayed 2 second(s)

2019-01-23 19:09:37 - [MESSAGE][PASSED] - Delayed 2 second(s)

2019-01-23 19:09:37 - [TEST_STEP][NOT_RUN] - verifyElementText(findTestObject("TF_Customer_Create/3_Common_Action_Buttons/Verify_Success_Message/Success_Message"), "Record has been saved successfully.", CONTINUE_ON_FAILURE): NOT_RUN: verifyElementText(findTestObject("TF_Customer_Create/3_Common_Action_Buttons/Verify_Success_Message/Success_Message"), "Record has been saved successfully.", CONTINUE_ON_FAILURE)

2019-01-23 19:09:37 - [MESSAGE][NOT_RUN] - NOT_RUN: verifyElementText(findTestObject("TF_Customer_Create/3_Common_Action_Buttons/Verify_Success_Message/Success_Message"), "Record has been saved successfully.", CONTINUE_ON_FAILURE)

2019-01-23 19:09:37 - [TEST_STEP][NOT_RUN] - click(findTestObject("TF_Customer_Create/3_Common_Action_Buttons/Click_Data_Tab/span_Data_Tab")): NOT_RUN: click(findTestObject("TF_Customer_Create/3_Common_Action_Buttons/Click_Data_Tab/span_Data_Tab"))

2019-01-23 19:09:37 - [MESSAGE][NOT_RUN] - NOT_RUN: click(findTestObject("TF_Customer_Create/3_Common_Action_Buttons/Click_Data_Tab/span_Data_Tab"))

2019-01-23 19:09:37 - [TEST_STEP][NOT_RUN] - delay(1): NOT_RUN: delay(1)

2019-01-23 19:09:37 - [MESSAGE][NOT_RUN] - NOT_RUN: delay(1)

2019-01-23 19:09:37 - [TEST_STEP][NOT_RUN] - click(findTestObject("TF_Customer_Create/3_Common_Action_Buttons/Click_Close_Button/btn_Close")): NOT_RUN: click(findTestObject("TF_Customer_Create/3_Common_Action_Buttons/Click_Close_Button/btn_Close"))

2019-01-23 19:09:37 - [MESSAGE][NOT_RUN] - NOT_RUN: click(findTestObject("TF_Customer_Create/3_Common_Action_Buttons/Click_Close_Button/btn_Close"))

2019-01-23 19:09:37 - [TEST_STEP][NOT_RUN] - delay(2): NOT_RUN: delay(2)

2019-01-23 19:09:37 - [MESSAGE][NOT_RUN] - NOT_RUN: delay(2)

2019-01-23 19:09:37 - [TEST_STEP][NOT_RUN] - vrfy_PLA = com.oracledb.regressiontest.verifyPLA(ora_connt, ora_usr, ora_psswrd, ora_schema, plaAcctName): NOT_RUN: vrfy_PLA = com.oracledb.regressiontest.verifyPLA(ora_connt, ora_usr, ora_psswrd, ora_schema, plaAcctName)

2019-01-23 19:09:37 - [MESSAGE][NOT_RUN] - NOT_RUN: vrfy_PLA = com.oracledb.regressiontest.verifyPLA(ora_connt, ora_usr, ora_psswrd, ora_schema, plaAcctName)

2019-01-23 19:09:37 - [TEST_STEP][NOT_RUN] - println("Planning Account Name"): NOT_RUN: println("Planning Account Name")

2019-01-23 19:09:37 - [MESSAGE][NOT_RUN] - NOT_RUN: println("Planning Account Name")

2019-01-23 19:09:37 - [TEST_STEP][NOT_RUN] - verifyEqual(PLANNING_ACCOUNT_NAME, plaAcctName): NOT_RUN: verifyEqual(PLANNING_ACCOUNT_NAME, plaAcctName)

2019-01-23 19:09:37 - [MESSAGE][NOT_RUN] - NOT_RUN: verifyEqual(PLANNING_ACCOUNT_NAME, plaAcctName)]]></system-out>
         <system-err><![CDATA[]]></system-err>
      </testcase>
      <testcase name="Test Cases/Regression_TF_Customer/Create_Record/TC_13_Create_LDI_Vendor_Site" classname="Test Cases/Regression_TF_Customer/Create_Record/TC_13_Create_LDI_Vendor_Site" status="PASSED">
         <system-out><![CDATA[2019-01-23 19:09:37 - [TEST_CASE][PASSED] - Test Cases/Regression_TF_Customer/Create_Record/TC_13_Create_LDI_Vendor_Site: Test Cases/Regression_TF_Customer/Create_Record/TC_13_Create_LDI_Vendor_Site

2019-01-23 19:09:37 - [TEST_STEP][PASSED] - waitForPageLoad(G_Timeout): Wait for page load successfully

2019-01-23 19:09:37 - [MESSAGE][PASSED] - Wait for page load successfully

2019-01-23 19:09:37 - [TEST_STEP][PASSED] - mouseOver(findTestObject("TF_Customer_Create/1_Menu_Navigation_To_Open_All_Pages/0_Menu_Create_In_Data_View")): Object: 'Object Repository/TF_Customer_Create/1_Menu_Navigation_To_Open_All_Pages/0_Menu_Create_In_Data_View' is hovered

2019-01-23 19:09:37 - [MESSAGE][PASSED] - Object: 'Object Repository/TF_Customer_Create/1_Menu_Navigation_To_Open_All_Pages/0_Menu_Create_In_Data_View' is hovered

2019-01-23 19:09:37 - [TEST_STEP][PASSED] - waitForPageLoad(G_Timeout): Wait for page load successfully

2019-01-23 19:09:37 - [MESSAGE][PASSED] - Wait for page load successfully

2019-01-23 19:09:37 - [TEST_STEP][PASSED] - mouseOver(findTestObject("TF_Customer_Create/1_Menu_Navigation_To_Open_All_Pages/1_Menu_Create_Master_Data")): Object: 'Object Repository/TF_Customer_Create/1_Menu_Navigation_To_Open_All_Pages/1_Menu_Create_Master_Data' is hovered

2019-01-23 19:09:37 - [MESSAGE][PASSED] - Object: 'Object Repository/TF_Customer_Create/1_Menu_Navigation_To_Open_All_Pages/1_Menu_Create_Master_Data' is hovered

2019-01-23 19:09:37 - [TEST_STEP][PASSED] - waitForPageLoad(G_Timeout): Wait for page load successfully

2019-01-23 19:09:37 - [MESSAGE][PASSED] - Wait for page load successfully

2019-01-23 19:09:37 - [TEST_STEP][PASSED] - mouseOver(findTestObject("TF_Customer_Create/1_Menu_Navigation_To_Open_All_Pages/3_Planning_Account_Hoverover_Option")): Object: 'Object Repository/TF_Customer_Create/1_Menu_Navigation_To_Open_All_Pages/3_Planning_Account_Hoverover_Option' is hovered

2019-01-23 19:09:38 - [MESSAGE][PASSED] - Object: 'Object Repository/TF_Customer_Create/1_Menu_Navigation_To_Open_All_Pages/3_Planning_Account_Hoverover_Option' is hovered

2019-01-23 19:09:38 - [TEST_STEP][PASSED] - waitForPageLoad(G_Timeout): Wait for page load successfully

2019-01-23 19:09:38 - [MESSAGE][PASSED] - Wait for page load successfully

2019-01-23 19:09:38 - [TEST_STEP][PASSED] - click(findTestObject("TF_Customer_Create/2_Select_Menu_Options(All)/13_LDI_Vendor_Site")): Object: 'Object Repository/TF_Customer_Create/2_Select_Menu_Options(All)/13_LDI_Vendor_Site' is clicked on

2019-01-23 19:09:38 - [MESSAGE][PASSED] - Object: 'Object Repository/TF_Customer_Create/2_Select_Menu_Options(All)/13_LDI_Vendor_Site' is clicked on

2019-01-23 19:09:38 - [TEST_STEP][PASSED] - waitForPageLoad(G_Timeout): Wait for page load successfully

2019-01-23 19:09:38 - [MESSAGE][PASSED] - Wait for page load successfully

2019-01-23 19:09:38 - [TEST_STEP][PASSED] - delay(3): Delayed 3 second(s)

2019-01-23 19:09:41 - [MESSAGE][PASSED] - Delayed 3 second(s)

2019-01-23 19:09:41 - [TEST_STEP][PASSED] - vndSiteName = com.oracledb.regressiontest.genName(15): com.oracledb.regressiontest.genName is PASSED

2019-01-23 19:09:41 - [MESSAGE][PASSED] - com.oracledb.regressiontest.genName is PASSED

2019-01-23 19:09:41 - [TEST_STEP][PASSED] - vndSiteNumber = com.oracledb.regressiontest.genName(12): com.oracledb.regressiontest.genName is PASSED

2019-01-23 19:09:41 - [MESSAGE][PASSED] - com.oracledb.regressiontest.genName is PASSED

2019-01-23 19:09:41 - [TEST_STEP][PASSED] - vndSiteCd = com.oracledb.regressiontest.genName(10): com.oracledb.regressiontest.genName is PASSED

2019-01-23 19:09:41 - [MESSAGE][PASSED] - com.oracledb.regressiontest.genName is PASSED

2019-01-23 19:09:41 - [TEST_STEP][PASSED] - vndSiteCity = com.oracledb.regressiontest.genName(8): com.oracledb.regressiontest.genName is PASSED

2019-01-23 19:09:41 - [MESSAGE][PASSED] - com.oracledb.regressiontest.genName is PASSED

2019-01-23 19:09:41 - [TEST_STEP][PASSED] - vndSitePtlCd = com.oracledb.regressiontest.genName(6): com.oracledb.regressiontest.genName is PASSED

2019-01-23 19:09:41 - [MESSAGE][PASSED] - com.oracledb.regressiontest.genName is PASSED

2019-01-23 19:09:41 - [TEST_STEP][PASSED] - setText(findTestObject("TF_Customer_Create/4_Create_Objects_And_Save/13_Create_LDI_Vendor_Site/Input_Vendor_Site_Name/input_Vendor_Site_Nm"), vndSiteName): Text '5G5WH3TG1NVMP63' is set on object 'Object Repository/TF_Customer_Create/4_Create_Objects_And_Save/13_Create_LDI_Vendor_Site/Input_Vendor_Site_Name/input_Vendor_Site_Nm'

2019-01-23 19:09:41 - [MESSAGE][PASSED] - Text '5G5WH3TG1NVMP63' is set on object 'Object Repository/TF_Customer_Create/4_Create_Objects_And_Save/13_Create_LDI_Vendor_Site/Input_Vendor_Site_Name/input_Vendor_Site_Nm'

2019-01-23 19:09:41 - [TEST_STEP][PASSED] - setText(findTestObject("TF_Customer_Create/4_Create_Objects_And_Save/13_Create_LDI_Vendor_Site/Input_Vendor_Site_Name/input_Vendor_Site_Number"), vndSiteNumber): Text 'PIYKBRV1F4FU' is set on object 'Object Repository/TF_Customer_Create/4_Create_Objects_And_Save/13_Create_LDI_Vendor_Site/Input_Vendor_Site_Name/input_Vendor_Site_Number'

2019-01-23 19:09:41 - [MESSAGE][PASSED] - Text 'PIYKBRV1F4FU' is set on object 'Object Repository/TF_Customer_Create/4_Create_Objects_And_Save/13_Create_LDI_Vendor_Site/Input_Vendor_Site_Name/input_Vendor_Site_Number'

2019-01-23 19:09:41 - [TEST_STEP][PASSED] - setText(findTestObject("TF_Customer_Create/4_Create_Objects_And_Save/13_Create_LDI_Vendor_Site/Input_Vendor_Site_Name/input_Vendor_Site_Cd"), vndSiteCd): Text 'WXOFPR3G12' is set on object 'Object Repository/TF_Customer_Create/4_Create_Objects_And_Save/13_Create_LDI_Vendor_Site/Input_Vendor_Site_Name/input_Vendor_Site_Cd'

2019-01-23 19:09:41 - [MESSAGE][PASSED] - Text 'WXOFPR3G12' is set on object 'Object Repository/TF_Customer_Create/4_Create_Objects_And_Save/13_Create_LDI_Vendor_Site/Input_Vendor_Site_Name/input_Vendor_Site_Cd'

2019-01-23 19:09:41 - [TEST_STEP][PASSED] - setText(findTestObject("TF_Customer_Create/4_Create_Objects_And_Save/13_Create_LDI_Vendor_Site/Input_Vendor_Site_Name/input_Vendor_Site_City"), vndSiteCity): Text 'Q6WNG97Y' is set on object 'Object Repository/TF_Customer_Create/4_Create_Objects_And_Save/13_Create_LDI_Vendor_Site/Input_Vendor_Site_Name/input_Vendor_Site_City'

2019-01-23 19:09:42 - [MESSAGE][PASSED] - Text 'Q6WNG97Y' is set on object 'Object Repository/TF_Customer_Create/4_Create_Objects_And_Save/13_Create_LDI_Vendor_Site/Input_Vendor_Site_Name/input_Vendor_Site_City'

2019-01-23 19:09:42 - [TEST_STEP][PASSED] - setText(findTestObject("TF_Customer_Create/4_Create_Objects_And_Save/13_Create_LDI_Vendor_Site/Input_Vendor_Site_Name/input_Vendor_Site_Postal_Code"), vndSitePtlCd): Text 'LRRP5I' is set on object 'Object Repository/TF_Customer_Create/4_Create_Objects_And_Save/13_Create_LDI_Vendor_Site/Input_Vendor_Site_Name/input_Vendor_Site_Postal_Code'

2019-01-23 19:09:42 - [MESSAGE][PASSED] - Text 'LRRP5I' is set on object 'Object Repository/TF_Customer_Create/4_Create_Objects_And_Save/13_Create_LDI_Vendor_Site/Input_Vendor_Site_Name/input_Vendor_Site_Postal_Code'

2019-01-23 19:09:42 - [TEST_STEP][NOT_RUN] - setText(findTestObject("TF_Customer_Create/4_Create_Objects_And_Save/13_Create_LDI_Vendor_Site/Input_Vendor_Site_Name/input_Vendor_Site_Inactive_dt"), input_Eff_Dt): NOT_RUN: setText(findTestObject("TF_Customer_Create/4_Create_Objects_And_Save/13_Create_LDI_Vendor_Site/Input_Vendor_Site_Name/input_Vendor_Site_Inactive_dt"), input_Eff_Dt)

2019-01-23 19:09:42 - [MESSAGE][NOT_RUN] - NOT_RUN: setText(findTestObject("TF_Customer_Create/4_Create_Objects_And_Save/13_Create_LDI_Vendor_Site/Input_Vendor_Site_Name/input_Vendor_Site_Inactive_dt"), input_Eff_Dt)

2019-01-23 19:09:42 - [TEST_STEP][PASSED] - delay(2): Delayed 2 second(s)

2019-01-23 19:09:44 - [MESSAGE][PASSED] - Delayed 2 second(s)

2019-01-23 19:09:44 - [TEST_STEP][PASSED] - click(findTestObject("TF_Customer_Create/3_Common_Action_Buttons/Click_Data_Tab/span_Data_Tab")): Object: 'Object Repository/TF_Customer_Create/3_Common_Action_Buttons/Click_Data_Tab/span_Data_Tab' is clicked on

2019-01-23 19:09:44 - [MESSAGE][PASSED] - Object: 'Object Repository/TF_Customer_Create/3_Common_Action_Buttons/Click_Data_Tab/span_Data_Tab' is clicked on

2019-01-23 19:09:44 - [TEST_STEP][NOT_RUN] - click(findTestObject("TF_Customer_Create/4_Create_Objects_And_Save/Choose_Sales_Org/Click_Sales_Org_DD"), CONTINUE_ON_FAILURE): NOT_RUN: click(findTestObject("TF_Customer_Create/4_Create_Objects_And_Save/Choose_Sales_Org/Click_Sales_Org_DD"), CONTINUE_ON_FAILURE)

2019-01-23 19:09:44 - [MESSAGE][NOT_RUN] - NOT_RUN: click(findTestObject("TF_Customer_Create/4_Create_Objects_And_Save/Choose_Sales_Org/Click_Sales_Org_DD"), CONTINUE_ON_FAILURE)

2019-01-23 19:09:44 - [TEST_STEP][NOT_RUN] - click(findTestObject("TF_Customer_Create/4_Create_Objects_And_Save/Choose_Sales_Org/CA_Object"), CONTINUE_ON_FAILURE): NOT_RUN: click(findTestObject("TF_Customer_Create/4_Create_Objects_And_Save/Choose_Sales_Org/CA_Object"), CONTINUE_ON_FAILURE)

2019-01-23 19:09:44 - [MESSAGE][NOT_RUN] - NOT_RUN: click(findTestObject("TF_Customer_Create/4_Create_Objects_And_Save/Choose_Sales_Org/CA_Object"), CONTINUE_ON_FAILURE)

2019-01-23 19:09:44 - [TEST_STEP][PASSED] - delay(2): Delayed 2 second(s)

2019-01-23 19:09:46 - [MESSAGE][PASSED] - Delayed 2 second(s)

2019-01-23 19:09:46 - [TEST_STEP][PASSED] - click(findTestObject("TF_Customer_Create/3_Common_Action_Buttons/Click_Apply_Button/td_Apply")): Object: 'Object Repository/TF_Customer_Create/3_Common_Action_Buttons/Click_Apply_Button/td_Apply' is clicked on

2019-01-23 19:09:46 - [MESSAGE][PASSED] - Object: 'Object Repository/TF_Customer_Create/3_Common_Action_Buttons/Click_Apply_Button/td_Apply' is clicked on

2019-01-23 19:09:46 - [TEST_STEP][PASSED] - delay(2): Delayed 2 second(s)

2019-01-23 19:09:48 - [MESSAGE][PASSED] - Delayed 2 second(s)

2019-01-23 19:09:48 - [TEST_STEP][PASSED] - click(findTestObject("TF_Customer_Create/3_Common_Action_Buttons/Click_Save_Button/btn_Save")): Object: 'Object Repository/TF_Customer_Create/3_Common_Action_Buttons/Click_Save_Button/btn_Save' is clicked on

2019-01-23 19:09:48 - [MESSAGE][PASSED] - Object: 'Object Repository/TF_Customer_Create/3_Common_Action_Buttons/Click_Save_Button/btn_Save' is clicked on

2019-01-23 19:09:48 - [TEST_STEP][PASSED] - delay(2): Delayed 2 second(s)

2019-01-23 19:09:50 - [MESSAGE][PASSED] - Delayed 2 second(s)

2019-01-23 19:09:50 - [TEST_STEP][NOT_RUN] - verifyElementText(findTestObject("TF_Customer_Create/3_Common_Action_Buttons/Verify_Success_Message/Success_Message"), "Record has been saved successfully.", CONTINUE_ON_FAILURE): NOT_RUN: verifyElementText(findTestObject("TF_Customer_Create/3_Common_Action_Buttons/Verify_Success_Message/Success_Message"), "Record has been saved successfully.", CONTINUE_ON_FAILURE)

2019-01-23 19:09:50 - [MESSAGE][NOT_RUN] - NOT_RUN: verifyElementText(findTestObject("TF_Customer_Create/3_Common_Action_Buttons/Verify_Success_Message/Success_Message"), "Record has been saved successfully.", CONTINUE_ON_FAILURE)

2019-01-23 19:09:50 - [TEST_STEP][NOT_RUN] - click(findTestObject("TF_Customer_Create/3_Common_Action_Buttons/Click_Data_Tab/span_Data_Tab")): NOT_RUN: click(findTestObject("TF_Customer_Create/3_Common_Action_Buttons/Click_Data_Tab/span_Data_Tab"))

2019-01-23 19:09:50 - [MESSAGE][NOT_RUN] - NOT_RUN: click(findTestObject("TF_Customer_Create/3_Common_Action_Buttons/Click_Data_Tab/span_Data_Tab"))

2019-01-23 19:09:50 - [TEST_STEP][NOT_RUN] - delay(1): NOT_RUN: delay(1)

2019-01-23 19:09:50 - [MESSAGE][NOT_RUN] - NOT_RUN: delay(1)

2019-01-23 19:09:50 - [TEST_STEP][NOT_RUN] - click(findTestObject("TF_Customer_Create/3_Common_Action_Buttons/Click_Close_Button/btn_Close")): NOT_RUN: click(findTestObject("TF_Customer_Create/3_Common_Action_Buttons/Click_Close_Button/btn_Close"))

2019-01-23 19:09:50 - [MESSAGE][NOT_RUN] - NOT_RUN: click(findTestObject("TF_Customer_Create/3_Common_Action_Buttons/Click_Close_Button/btn_Close"))

2019-01-23 19:09:50 - [TEST_STEP][NOT_RUN] - delay(2): NOT_RUN: delay(2)

2019-01-23 19:09:50 - [MESSAGE][NOT_RUN] - NOT_RUN: delay(2)

2019-01-23 19:09:50 - [TEST_STEP][NOT_RUN] - vrfy_PLA = com.oracledb.regressiontest.verifyPLA(ora_connt, ora_usr, ora_psswrd, ora_schema, plaAcctName): NOT_RUN: vrfy_PLA = com.oracledb.regressiontest.verifyPLA(ora_connt, ora_usr, ora_psswrd, ora_schema, plaAcctName)

2019-01-23 19:09:50 - [MESSAGE][NOT_RUN] - NOT_RUN: vrfy_PLA = com.oracledb.regressiontest.verifyPLA(ora_connt, ora_usr, ora_psswrd, ora_schema, plaAcctName)

2019-01-23 19:09:50 - [TEST_STEP][NOT_RUN] - println("Planning Account Name"): NOT_RUN: println("Planning Account Name")

2019-01-23 19:09:50 - [MESSAGE][NOT_RUN] - NOT_RUN: println("Planning Account Name")

2019-01-23 19:09:50 - [TEST_STEP][NOT_RUN] - verifyEqual(PLANNING_ACCOUNT_NAME, plaAcctName): NOT_RUN: verifyEqual(PLANNING_ACCOUNT_NAME, plaAcctName)

2019-01-23 19:09:50 - [MESSAGE][NOT_RUN] - NOT_RUN: verifyEqual(PLANNING_ACCOUNT_NAME, plaAcctName)]]></system-out>
         <system-err><![CDATA[]]></system-err>
      </testcase>
      <testcase name="Test Cases/Regression_TF_Customer/Create_Record/TC_13_Create_LDI_Vendor_Site" classname="Test Cases/Regression_TF_Customer/Create_Record/TC_13_Create_LDI_Vendor_Site" status="PASSED">
         <system-out><![CDATA[2019-01-23 19:09:50 - [TEST_CASE][PASSED] - Test Cases/Regression_TF_Customer/Create_Record/TC_13_Create_LDI_Vendor_Site: Test Cases/Regression_TF_Customer/Create_Record/TC_13_Create_LDI_Vendor_Site

2019-01-23 19:09:50 - [TEST_STEP][PASSED] - waitForPageLoad(G_Timeout): Wait for page load successfully

2019-01-23 19:09:50 - [MESSAGE][PASSED] - Wait for page load successfully

2019-01-23 19:09:50 - [TEST_STEP][PASSED] - mouseOver(findTestObject("TF_Customer_Create/1_Menu_Navigation_To_Open_All_Pages/0_Menu_Create_In_Data_View")): Object: 'Object Repository/TF_Customer_Create/1_Menu_Navigation_To_Open_All_Pages/0_Menu_Create_In_Data_View' is hovered

2019-01-23 19:09:50 - [MESSAGE][PASSED] - Object: 'Object Repository/TF_Customer_Create/1_Menu_Navigation_To_Open_All_Pages/0_Menu_Create_In_Data_View' is hovered

2019-01-23 19:09:50 - [TEST_STEP][PASSED] - waitForPageLoad(G_Timeout): Wait for page load successfully

2019-01-23 19:09:50 - [MESSAGE][PASSED] - Wait for page load successfully

2019-01-23 19:09:50 - [TEST_STEP][PASSED] - mouseOver(findTestObject("TF_Customer_Create/1_Menu_Navigation_To_Open_All_Pages/1_Menu_Create_Master_Data")): Object: 'Object Repository/TF_Customer_Create/1_Menu_Navigation_To_Open_All_Pages/1_Menu_Create_Master_Data' is hovered

2019-01-23 19:09:50 - [MESSAGE][PASSED] - Object: 'Object Repository/TF_Customer_Create/1_Menu_Navigation_To_Open_All_Pages/1_Menu_Create_Master_Data' is hovered

2019-01-23 19:09:50 - [TEST_STEP][PASSED] - waitForPageLoad(G_Timeout): Wait for page load successfully

2019-01-23 19:09:50 - [MESSAGE][PASSED] - Wait for page load successfully

2019-01-23 19:09:50 - [TEST_STEP][PASSED] - mouseOver(findTestObject("TF_Customer_Create/1_Menu_Navigation_To_Open_All_Pages/3_Planning_Account_Hoverover_Option")): Object: 'Object Repository/TF_Customer_Create/1_Menu_Navigation_To_Open_All_Pages/3_Planning_Account_Hoverover_Option' is hovered

2019-01-23 19:09:51 - [MESSAGE][PASSED] - Object: 'Object Repository/TF_Customer_Create/1_Menu_Navigation_To_Open_All_Pages/3_Planning_Account_Hoverover_Option' is hovered

2019-01-23 19:09:51 - [TEST_STEP][PASSED] - waitForPageLoad(G_Timeout): Wait for page load successfully

2019-01-23 19:09:51 - [MESSAGE][PASSED] - Wait for page load successfully

2019-01-23 19:09:51 - [TEST_STEP][PASSED] - click(findTestObject("TF_Customer_Create/2_Select_Menu_Options(All)/13_LDI_Vendor_Site")): Object: 'Object Repository/TF_Customer_Create/2_Select_Menu_Options(All)/13_LDI_Vendor_Site' is clicked on

2019-01-23 19:09:51 - [MESSAGE][PASSED] - Object: 'Object Repository/TF_Customer_Create/2_Select_Menu_Options(All)/13_LDI_Vendor_Site' is clicked on

2019-01-23 19:09:51 - [TEST_STEP][PASSED] - waitForPageLoad(G_Timeout): Wait for page load successfully

2019-01-23 19:09:51 - [MESSAGE][PASSED] - Wait for page load successfully

2019-01-23 19:09:51 - [TEST_STEP][PASSED] - delay(3): Delayed 3 second(s)

2019-01-23 19:09:54 - [MESSAGE][PASSED] - Delayed 3 second(s)

2019-01-23 19:09:54 - [TEST_STEP][PASSED] - vndSiteName = com.oracledb.regressiontest.genName(15): com.oracledb.regressiontest.genName is PASSED

2019-01-23 19:09:54 - [MESSAGE][PASSED] - com.oracledb.regressiontest.genName is PASSED

2019-01-23 19:09:54 - [TEST_STEP][PASSED] - vndSiteNumber = com.oracledb.regressiontest.genName(12): com.oracledb.regressiontest.genName is PASSED

2019-01-23 19:09:54 - [MESSAGE][PASSED] - com.oracledb.regressiontest.genName is PASSED

2019-01-23 19:09:54 - [TEST_STEP][PASSED] - vndSiteCd = com.oracledb.regressiontest.genName(10): com.oracledb.regressiontest.genName is PASSED

2019-01-23 19:09:54 - [MESSAGE][PASSED] - com.oracledb.regressiontest.genName is PASSED

2019-01-23 19:09:54 - [TEST_STEP][PASSED] - vndSiteCity = com.oracledb.regressiontest.genName(8): com.oracledb.regressiontest.genName is PASSED

2019-01-23 19:09:54 - [MESSAGE][PASSED] - com.oracledb.regressiontest.genName is PASSED

2019-01-23 19:09:54 - [TEST_STEP][PASSED] - vndSitePtlCd = com.oracledb.regressiontest.genName(6): com.oracledb.regressiontest.genName is PASSED

2019-01-23 19:09:54 - [MESSAGE][PASSED] - com.oracledb.regressiontest.genName is PASSED

2019-01-23 19:09:54 - [TEST_STEP][PASSED] - setText(findTestObject("TF_Customer_Create/4_Create_Objects_And_Save/13_Create_LDI_Vendor_Site/Input_Vendor_Site_Name/input_Vendor_Site_Nm"), vndSiteName): Text 'XNXRJOJ7YL19HBB' is set on object 'Object Repository/TF_Customer_Create/4_Create_Objects_And_Save/13_Create_LDI_Vendor_Site/Input_Vendor_Site_Name/input_Vendor_Site_Nm'

2019-01-23 19:09:54 - [MESSAGE][PASSED] - Text 'XNXRJOJ7YL19HBB' is set on object 'Object Repository/TF_Customer_Create/4_Create_Objects_And_Save/13_Create_LDI_Vendor_Site/Input_Vendor_Site_Name/input_Vendor_Site_Nm'

2019-01-23 19:09:54 - [TEST_STEP][PASSED] - setText(findTestObject("TF_Customer_Create/4_Create_Objects_And_Save/13_Create_LDI_Vendor_Site/Input_Vendor_Site_Name/input_Vendor_Site_Number"), vndSiteNumber): Text '4YR8NPT3PHN3' is set on object 'Object Repository/TF_Customer_Create/4_Create_Objects_And_Save/13_Create_LDI_Vendor_Site/Input_Vendor_Site_Name/input_Vendor_Site_Number'

2019-01-23 19:09:54 - [MESSAGE][PASSED] - Text '4YR8NPT3PHN3' is set on object 'Object Repository/TF_Customer_Create/4_Create_Objects_And_Save/13_Create_LDI_Vendor_Site/Input_Vendor_Site_Name/input_Vendor_Site_Number'

2019-01-23 19:09:54 - [TEST_STEP][PASSED] - setText(findTestObject("TF_Customer_Create/4_Create_Objects_And_Save/13_Create_LDI_Vendor_Site/Input_Vendor_Site_Name/input_Vendor_Site_Cd"), vndSiteCd): Text '4OOFWWJ5VU' is set on object 'Object Repository/TF_Customer_Create/4_Create_Objects_And_Save/13_Create_LDI_Vendor_Site/Input_Vendor_Site_Name/input_Vendor_Site_Cd'

2019-01-23 19:09:54 - [MESSAGE][PASSED] - Text '4OOFWWJ5VU' is set on object 'Object Repository/TF_Customer_Create/4_Create_Objects_And_Save/13_Create_LDI_Vendor_Site/Input_Vendor_Site_Name/input_Vendor_Site_Cd'

2019-01-23 19:09:54 - [TEST_STEP][PASSED] - setText(findTestObject("TF_Customer_Create/4_Create_Objects_And_Save/13_Create_LDI_Vendor_Site/Input_Vendor_Site_Name/input_Vendor_Site_City"), vndSiteCity): Text 'RZP7AEGL' is set on object 'Object Repository/TF_Customer_Create/4_Create_Objects_And_Save/13_Create_LDI_Vendor_Site/Input_Vendor_Site_Name/input_Vendor_Site_City'

2019-01-23 19:09:54 - [MESSAGE][PASSED] - Text 'RZP7AEGL' is set on object 'Object Repository/TF_Customer_Create/4_Create_Objects_And_Save/13_Create_LDI_Vendor_Site/Input_Vendor_Site_Name/input_Vendor_Site_City'

2019-01-23 19:09:54 - [TEST_STEP][PASSED] - setText(findTestObject("TF_Customer_Create/4_Create_Objects_And_Save/13_Create_LDI_Vendor_Site/Input_Vendor_Site_Name/input_Vendor_Site_Postal_Code"), vndSitePtlCd): Text '3JT352' is set on object 'Object Repository/TF_Customer_Create/4_Create_Objects_And_Save/13_Create_LDI_Vendor_Site/Input_Vendor_Site_Name/input_Vendor_Site_Postal_Code'

2019-01-23 19:09:54 - [MESSAGE][PASSED] - Text '3JT352' is set on object 'Object Repository/TF_Customer_Create/4_Create_Objects_And_Save/13_Create_LDI_Vendor_Site/Input_Vendor_Site_Name/input_Vendor_Site_Postal_Code'

2019-01-23 19:09:54 - [TEST_STEP][NOT_RUN] - setText(findTestObject("TF_Customer_Create/4_Create_Objects_And_Save/13_Create_LDI_Vendor_Site/Input_Vendor_Site_Name/input_Vendor_Site_Inactive_dt"), input_Eff_Dt): NOT_RUN: setText(findTestObject("TF_Customer_Create/4_Create_Objects_And_Save/13_Create_LDI_Vendor_Site/Input_Vendor_Site_Name/input_Vendor_Site_Inactive_dt"), input_Eff_Dt)

2019-01-23 19:09:54 - [MESSAGE][NOT_RUN] - NOT_RUN: setText(findTestObject("TF_Customer_Create/4_Create_Objects_And_Save/13_Create_LDI_Vendor_Site/Input_Vendor_Site_Name/input_Vendor_Site_Inactive_dt"), input_Eff_Dt)

2019-01-23 19:09:54 - [TEST_STEP][PASSED] - delay(2): Delayed 2 second(s)

2019-01-23 19:09:56 - [MESSAGE][PASSED] - Delayed 2 second(s)

2019-01-23 19:09:56 - [TEST_STEP][PASSED] - click(findTestObject("TF_Customer_Create/3_Common_Action_Buttons/Click_Data_Tab/span_Data_Tab")): Object: 'Object Repository/TF_Customer_Create/3_Common_Action_Buttons/Click_Data_Tab/span_Data_Tab' is clicked on

2019-01-23 19:09:56 - [MESSAGE][PASSED] - Object: 'Object Repository/TF_Customer_Create/3_Common_Action_Buttons/Click_Data_Tab/span_Data_Tab' is clicked on

2019-01-23 19:09:56 - [TEST_STEP][NOT_RUN] - click(findTestObject("TF_Customer_Create/4_Create_Objects_And_Save/Choose_Sales_Org/Click_Sales_Org_DD"), CONTINUE_ON_FAILURE): NOT_RUN: click(findTestObject("TF_Customer_Create/4_Create_Objects_And_Save/Choose_Sales_Org/Click_Sales_Org_DD"), CONTINUE_ON_FAILURE)

2019-01-23 19:09:56 - [MESSAGE][NOT_RUN] - NOT_RUN: click(findTestObject("TF_Customer_Create/4_Create_Objects_And_Save/Choose_Sales_Org/Click_Sales_Org_DD"), CONTINUE_ON_FAILURE)

2019-01-23 19:09:56 - [TEST_STEP][NOT_RUN] - click(findTestObject("TF_Customer_Create/4_Create_Objects_And_Save/Choose_Sales_Org/CA_Object"), CONTINUE_ON_FAILURE): NOT_RUN: click(findTestObject("TF_Customer_Create/4_Create_Objects_And_Save/Choose_Sales_Org/CA_Object"), CONTINUE_ON_FAILURE)

2019-01-23 19:09:56 - [MESSAGE][NOT_RUN] - NOT_RUN: click(findTestObject("TF_Customer_Create/4_Create_Objects_And_Save/Choose_Sales_Org/CA_Object"), CONTINUE_ON_FAILURE)

2019-01-23 19:09:56 - [TEST_STEP][PASSED] - delay(2): Delayed 2 second(s)

2019-01-23 19:09:58 - [MESSAGE][PASSED] - Delayed 2 second(s)

2019-01-23 19:09:58 - [TEST_STEP][PASSED] - click(findTestObject("TF_Customer_Create/3_Common_Action_Buttons/Click_Apply_Button/td_Apply")): Object: 'Object Repository/TF_Customer_Create/3_Common_Action_Buttons/Click_Apply_Button/td_Apply' is clicked on

2019-01-23 19:09:59 - [MESSAGE][PASSED] - Object: 'Object Repository/TF_Customer_Create/3_Common_Action_Buttons/Click_Apply_Button/td_Apply' is clicked on

2019-01-23 19:09:59 - [TEST_STEP][PASSED] - delay(2): Delayed 2 second(s)

2019-01-23 19:10:01 - [MESSAGE][PASSED] - Delayed 2 second(s)

2019-01-23 19:10:01 - [TEST_STEP][PASSED] - click(findTestObject("TF_Customer_Create/3_Common_Action_Buttons/Click_Save_Button/btn_Save")): Object: 'Object Repository/TF_Customer_Create/3_Common_Action_Buttons/Click_Save_Button/btn_Save' is clicked on

2019-01-23 19:10:01 - [MESSAGE][PASSED] - Object: 'Object Repository/TF_Customer_Create/3_Common_Action_Buttons/Click_Save_Button/btn_Save' is clicked on

2019-01-23 19:10:01 - [TEST_STEP][PASSED] - delay(2): Delayed 2 second(s)

2019-01-23 19:10:03 - [MESSAGE][PASSED] - Delayed 2 second(s)

2019-01-23 19:10:03 - [TEST_STEP][NOT_RUN] - verifyElementText(findTestObject("TF_Customer_Create/3_Common_Action_Buttons/Verify_Success_Message/Success_Message"), "Record has been saved successfully.", CONTINUE_ON_FAILURE): NOT_RUN: verifyElementText(findTestObject("TF_Customer_Create/3_Common_Action_Buttons/Verify_Success_Message/Success_Message"), "Record has been saved successfully.", CONTINUE_ON_FAILURE)

2019-01-23 19:10:03 - [MESSAGE][NOT_RUN] - NOT_RUN: verifyElementText(findTestObject("TF_Customer_Create/3_Common_Action_Buttons/Verify_Success_Message/Success_Message"), "Record has been saved successfully.", CONTINUE_ON_FAILURE)

2019-01-23 19:10:03 - [TEST_STEP][NOT_RUN] - click(findTestObject("TF_Customer_Create/3_Common_Action_Buttons/Click_Data_Tab/span_Data_Tab")): NOT_RUN: click(findTestObject("TF_Customer_Create/3_Common_Action_Buttons/Click_Data_Tab/span_Data_Tab"))

2019-01-23 19:10:03 - [MESSAGE][NOT_RUN] - NOT_RUN: click(findTestObject("TF_Customer_Create/3_Common_Action_Buttons/Click_Data_Tab/span_Data_Tab"))

2019-01-23 19:10:03 - [TEST_STEP][NOT_RUN] - delay(1): NOT_RUN: delay(1)

2019-01-23 19:10:03 - [MESSAGE][NOT_RUN] - NOT_RUN: delay(1)

2019-01-23 19:10:03 - [TEST_STEP][NOT_RUN] - click(findTestObject("TF_Customer_Create/3_Common_Action_Buttons/Click_Close_Button/btn_Close")): NOT_RUN: click(findTestObject("TF_Customer_Create/3_Common_Action_Buttons/Click_Close_Button/btn_Close"))

2019-01-23 19:10:03 - [MESSAGE][NOT_RUN] - NOT_RUN: click(findTestObject("TF_Customer_Create/3_Common_Action_Buttons/Click_Close_Button/btn_Close"))

2019-01-23 19:10:03 - [TEST_STEP][NOT_RUN] - delay(2): NOT_RUN: delay(2)

2019-01-23 19:10:03 - [MESSAGE][NOT_RUN] - NOT_RUN: delay(2)

2019-01-23 19:10:03 - [TEST_STEP][NOT_RUN] - vrfy_PLA = com.oracledb.regressiontest.verifyPLA(ora_connt, ora_usr, ora_psswrd, ora_schema, plaAcctName): NOT_RUN: vrfy_PLA = com.oracledb.regressiontest.verifyPLA(ora_connt, ora_usr, ora_psswrd, ora_schema, plaAcctName)

2019-01-23 19:10:03 - [MESSAGE][NOT_RUN] - NOT_RUN: vrfy_PLA = com.oracledb.regressiontest.verifyPLA(ora_connt, ora_usr, ora_psswrd, ora_schema, plaAcctName)

2019-01-23 19:10:03 - [TEST_STEP][NOT_RUN] - println("Planning Account Name"): NOT_RUN: println("Planning Account Name")

2019-01-23 19:10:03 - [MESSAGE][NOT_RUN] - NOT_RUN: println("Planning Account Name")

2019-01-23 19:10:03 - [TEST_STEP][NOT_RUN] - verifyEqual(PLANNING_ACCOUNT_NAME, plaAcctName): NOT_RUN: verifyEqual(PLANNING_ACCOUNT_NAME, plaAcctName)

2019-01-23 19:10:03 - [MESSAGE][NOT_RUN] - NOT_RUN: verifyEqual(PLANNING_ACCOUNT_NAME, plaAcctName)]]></system-out>
         <system-err><![CDATA[]]></system-err>
      </testcase>
      <system-out><![CDATA[2019-01-23 19:03:27 - [TEST_SUITE][PASSED] - Edit_Record_Test_Suite: Test Cases/Regression_TF_Customer/Create_Record/TC_13_Create_LDI_Vendor_Site]]></system-out>
      <system-err><![CDATA[]]></system-err>
   </testsuite>
</testsuites>
