<?xml version="1.0" encoding="UTF-8"?>
<testsuites name="Edit_Record_Test_Suite" time="371" tests="28" failures="0" errors="0">
   <testsuite name="Edit_Record_Test_Suite" tests="28" failures="0" errors="0" time="371" timestamp="2019-01-18 20:30:18" hostname="Junaid.Tariq - Junaid.instepinc.com" id="Test Suites/Edit_Record_Test_Suite">
      <properties>
         <property name="deviceName" value=""/>
         <property name="devicePlatform" value=""/>
         <property name="logFolder" value="D:\\Katalon\\Projects\\Trade_Funds\\TF_Regression\\Reports\\Edit_Record_Test_Suite\\20190118_203016"/>
         <property name="logFiles" value="D:\\Katalon\\Projects\\Trade_Funds\\TF_Regression\\Reports\\Edit_Record_Test_Suite\\20190118_203016\\execution0.log"/>
         <property name="attachments" value=""/>
         <property name="hostName" value="Junaid.Tariq - Junaid.instepinc.com"/>
         <property name="os" value="Windows 7 64bit"/>
         <property name="katalonVersion" value="5.9.1.2"/>
         <property name="browser" value="Chrome 71.0.3578.98"/>
         <property name="hostAddress" value="200.199.80.62"/>
         <property name="sessionId" value="0f6913f542ae8f2ae08ff2a39b572524"/>
         <property name="seleniumVersion" value="3.7.1"/>
         <property name="proxyInformation" value="ProxyInformation{proxyOption=NO_PROXY, proxyServerType=HTTP, password=, proxyServerAddress=, proxyServerPort=0}"/>
         <property name="platform" value="Windows 7"/>
      </properties>
      <testcase name="Test Cases/Regression_TF_Customer/Create_Record/TC_13_Create_LDI_Vendor_Site" classname="Test Cases/Regression_TF_Customer/Create_Record/TC_13_Create_LDI_Vendor_Site" status="PASSED">
         <system-out><![CDATA[2019-01-18 20:30:18 - [TEST_CASE][PASSED] - Test Cases/Regression_TF_Customer/Create_Record/TC_13_Create_LDI_Vendor_Site: Test Cases/Regression_TF_Customer/Create_Record/TC_13_Create_LDI_Vendor_Site

2019-01-18 20:30:18 - [TEST_STEP][PASSED] - waitForPageLoad(G_Timeout): Wait for page load successfully

2019-01-18 20:30:19 - [MESSAGE][PASSED] - Wait for page load successfully

2019-01-18 20:30:19 - [TEST_STEP][PASSED] - mouseOver(findTestObject("TF_Customer_Create/1_Menu_Navigation_To_Open_All_Pages/0_Menu_Create_In_Data_View")): Object: 'Object Repository/TF_Customer_Create/1_Menu_Navigation_To_Open_All_Pages/0_Menu_Create_In_Data_View' is hovered

2019-01-18 20:30:19 - [MESSAGE][PASSED] - Object: 'Object Repository/TF_Customer_Create/1_Menu_Navigation_To_Open_All_Pages/0_Menu_Create_In_Data_View' is hovered

2019-01-18 20:30:19 - [TEST_STEP][PASSED] - waitForPageLoad(G_Timeout): Wait for page load successfully

2019-01-18 20:30:19 - [MESSAGE][PASSED] - Wait for page load successfully

2019-01-18 20:30:19 - [TEST_STEP][PASSED] - mouseOver(findTestObject("TF_Customer_Create/1_Menu_Navigation_To_Open_All_Pages/1_Menu_Create_Master_Data")): Object: 'Object Repository/TF_Customer_Create/1_Menu_Navigation_To_Open_All_Pages/1_Menu_Create_Master_Data' is hovered

2019-01-18 20:30:19 - [MESSAGE][PASSED] - Object: 'Object Repository/TF_Customer_Create/1_Menu_Navigation_To_Open_All_Pages/1_Menu_Create_Master_Data' is hovered

2019-01-18 20:30:19 - [TEST_STEP][PASSED] - waitForPageLoad(G_Timeout): Wait for page load successfully

2019-01-18 20:30:19 - [MESSAGE][PASSED] - Wait for page load successfully

2019-01-18 20:30:19 - [TEST_STEP][PASSED] - mouseOver(findTestObject("TF_Customer_Create/1_Menu_Navigation_To_Open_All_Pages/3_Planning_Account_Hoverover_Option")): Object: 'Object Repository/TF_Customer_Create/1_Menu_Navigation_To_Open_All_Pages/3_Planning_Account_Hoverover_Option' is hovered

2019-01-18 20:30:19 - [MESSAGE][PASSED] - Object: 'Object Repository/TF_Customer_Create/1_Menu_Navigation_To_Open_All_Pages/3_Planning_Account_Hoverover_Option' is hovered

2019-01-18 20:30:19 - [TEST_STEP][PASSED] - waitForPageLoad(G_Timeout): Wait for page load successfully

2019-01-18 20:30:19 - [MESSAGE][PASSED] - Wait for page load successfully

2019-01-18 20:30:19 - [TEST_STEP][PASSED] - click(findTestObject("TF_Customer_Create/2_Select_Menu_Options(All)/13_LDI_Vendor_Site")): Object: 'Object Repository/TF_Customer_Create/2_Select_Menu_Options(All)/13_LDI_Vendor_Site' is clicked on

2019-01-18 20:30:20 - [MESSAGE][PASSED] - Object: 'Object Repository/TF_Customer_Create/2_Select_Menu_Options(All)/13_LDI_Vendor_Site' is clicked on

2019-01-18 20:30:20 - [TEST_STEP][PASSED] - waitForPageLoad(G_Timeout): Wait for page load successfully

2019-01-18 20:30:20 - [MESSAGE][PASSED] - Wait for page load successfully

2019-01-18 20:30:20 - [TEST_STEP][PASSED] - delay(3): Delayed 3 second(s)

2019-01-18 20:30:23 - [MESSAGE][PASSED] - Delayed 3 second(s)

2019-01-18 20:30:23 - [TEST_STEP][PASSED] - vndSiteName = com.oracledb.regressiontest.genName(15): com.oracledb.regressiontest.genName is PASSED

2019-01-18 20:30:23 - [MESSAGE][PASSED] - com.oracledb.regressiontest.genName is PASSED

2019-01-18 20:30:23 - [TEST_STEP][PASSED] - vndSiteNumber = com.oracledb.regressiontest.genName(12): com.oracledb.regressiontest.genName is PASSED

2019-01-18 20:30:23 - [MESSAGE][PASSED] - com.oracledb.regressiontest.genName is PASSED

2019-01-18 20:30:23 - [TEST_STEP][PASSED] - vndSiteCd = com.oracledb.regressiontest.genName(10): com.oracledb.regressiontest.genName is PASSED

2019-01-18 20:30:23 - [MESSAGE][PASSED] - com.oracledb.regressiontest.genName is PASSED

2019-01-18 20:30:23 - [TEST_STEP][PASSED] - vndSiteCity = com.oracledb.regressiontest.genName(8): com.oracledb.regressiontest.genName is PASSED

2019-01-18 20:30:23 - [MESSAGE][PASSED] - com.oracledb.regressiontest.genName is PASSED

2019-01-18 20:30:23 - [TEST_STEP][PASSED] - vndSitePtlCd = com.oracledb.regressiontest.genName(6): com.oracledb.regressiontest.genName is PASSED

2019-01-18 20:30:23 - [MESSAGE][PASSED] - com.oracledb.regressiontest.genName is PASSED

2019-01-18 20:30:23 - [TEST_STEP][PASSED] - setText(findTestObject("TF_Customer_Create/4_Create_Objects_And_Save/13_Create_LDI_Vendor_Site/Input_Vendor_Site_Name/input_Vendor_Site_Nm"), vndSiteName): Text '22B02VNWQU0T8VR' is set on object 'Object Repository/TF_Customer_Create/4_Create_Objects_And_Save/13_Create_LDI_Vendor_Site/Input_Vendor_Site_Name/input_Vendor_Site_Nm'

2019-01-18 20:30:23 - [MESSAGE][PASSED] - Text '22B02VNWQU0T8VR' is set on object 'Object Repository/TF_Customer_Create/4_Create_Objects_And_Save/13_Create_LDI_Vendor_Site/Input_Vendor_Site_Name/input_Vendor_Site_Nm'

2019-01-18 20:30:23 - [TEST_STEP][PASSED] - setText(findTestObject("TF_Customer_Create/4_Create_Objects_And_Save/13_Create_LDI_Vendor_Site/Input_Vendor_Site_Name/input_Vendor_Site_Number"), vndSiteNumber): Text 'GTCDU83XIS6J' is set on object 'Object Repository/TF_Customer_Create/4_Create_Objects_And_Save/13_Create_LDI_Vendor_Site/Input_Vendor_Site_Name/input_Vendor_Site_Number'

2019-01-18 20:30:23 - [MESSAGE][PASSED] - Text 'GTCDU83XIS6J' is set on object 'Object Repository/TF_Customer_Create/4_Create_Objects_And_Save/13_Create_LDI_Vendor_Site/Input_Vendor_Site_Name/input_Vendor_Site_Number'

2019-01-18 20:30:23 - [TEST_STEP][PASSED] - setText(findTestObject("TF_Customer_Create/4_Create_Objects_And_Save/13_Create_LDI_Vendor_Site/Input_Vendor_Site_Name/input_Vendor_Site_Cd"), vndSiteCd): Text 'S6EG05N9YV' is set on object 'Object Repository/TF_Customer_Create/4_Create_Objects_And_Save/13_Create_LDI_Vendor_Site/Input_Vendor_Site_Name/input_Vendor_Site_Cd'

2019-01-18 20:30:23 - [MESSAGE][PASSED] - Text 'S6EG05N9YV' is set on object 'Object Repository/TF_Customer_Create/4_Create_Objects_And_Save/13_Create_LDI_Vendor_Site/Input_Vendor_Site_Name/input_Vendor_Site_Cd'

2019-01-18 20:30:23 - [TEST_STEP][PASSED] - setText(findTestObject("TF_Customer_Create/4_Create_Objects_And_Save/13_Create_LDI_Vendor_Site/Input_Vendor_Site_Name/input_Vendor_Site_City"), vndSiteCity): Text 'Q64LYFJL' is set on object 'Object Repository/TF_Customer_Create/4_Create_Objects_And_Save/13_Create_LDI_Vendor_Site/Input_Vendor_Site_Name/input_Vendor_Site_City'

2019-01-18 20:30:23 - [MESSAGE][PASSED] - Text 'Q64LYFJL' is set on object 'Object Repository/TF_Customer_Create/4_Create_Objects_And_Save/13_Create_LDI_Vendor_Site/Input_Vendor_Site_Name/input_Vendor_Site_City'

2019-01-18 20:30:23 - [TEST_STEP][PASSED] - setText(findTestObject("TF_Customer_Create/4_Create_Objects_And_Save/13_Create_LDI_Vendor_Site/Input_Vendor_Site_Name/input_Vendor_Site_Postal_Code"), vndSitePtlCd): Text 'TZ9411' is set on object 'Object Repository/TF_Customer_Create/4_Create_Objects_And_Save/13_Create_LDI_Vendor_Site/Input_Vendor_Site_Name/input_Vendor_Site_Postal_Code'

2019-01-18 20:30:23 - [MESSAGE][PASSED] - Text 'TZ9411' is set on object 'Object Repository/TF_Customer_Create/4_Create_Objects_And_Save/13_Create_LDI_Vendor_Site/Input_Vendor_Site_Name/input_Vendor_Site_Postal_Code'

2019-01-18 20:30:23 - [TEST_STEP][PASSED] - setText(findTestObject("TF_Customer_Create/4_Create_Objects_And_Save/13_Create_LDI_Vendor_Site/Input_Vendor_Site_Name/input_Vendor_Site_Inactive_dt"), input_Eff_Dt): Text '18/Jan/2019' is set on object 'Object Repository/TF_Customer_Create/4_Create_Objects_And_Save/13_Create_LDI_Vendor_Site/Input_Vendor_Site_Name/input_Vendor_Site_Inactive_dt'

2019-01-18 20:30:24 - [MESSAGE][PASSED] - Text '18/Jan/2019' is set on object 'Object Repository/TF_Customer_Create/4_Create_Objects_And_Save/13_Create_LDI_Vendor_Site/Input_Vendor_Site_Name/input_Vendor_Site_Inactive_dt'

2019-01-18 20:30:24 - [TEST_STEP][PASSED] - delay(2): Delayed 2 second(s)

2019-01-18 20:30:26 - [MESSAGE][PASSED] - Delayed 2 second(s)

2019-01-18 20:30:26 - [TEST_STEP][PASSED] - click(findTestObject("TF_Customer_Create/3_Common_Action_Buttons/Click_Data_Tab/span_Data_Tab")): Object: 'Object Repository/TF_Customer_Create/3_Common_Action_Buttons/Click_Data_Tab/span_Data_Tab' is clicked on

2019-01-18 20:30:26 - [MESSAGE][PASSED] - Object: 'Object Repository/TF_Customer_Create/3_Common_Action_Buttons/Click_Data_Tab/span_Data_Tab' is clicked on

2019-01-18 20:30:26 - [TEST_STEP][NOT_RUN] - click(findTestObject("TF_Customer_Create/4_Create_Objects_And_Save/Choose_Sales_Org/Click_Sales_Org_DD"), CONTINUE_ON_FAILURE): NOT_RUN: click(findTestObject("TF_Customer_Create/4_Create_Objects_And_Save/Choose_Sales_Org/Click_Sales_Org_DD"), CONTINUE_ON_FAILURE)

2019-01-18 20:30:26 - [MESSAGE][NOT_RUN] - NOT_RUN: click(findTestObject("TF_Customer_Create/4_Create_Objects_And_Save/Choose_Sales_Org/Click_Sales_Org_DD"), CONTINUE_ON_FAILURE)

2019-01-18 20:30:26 - [TEST_STEP][NOT_RUN] - click(findTestObject("TF_Customer_Create/4_Create_Objects_And_Save/Choose_Sales_Org/CA_Object"), CONTINUE_ON_FAILURE): NOT_RUN: click(findTestObject("TF_Customer_Create/4_Create_Objects_And_Save/Choose_Sales_Org/CA_Object"), CONTINUE_ON_FAILURE)

2019-01-18 20:30:26 - [MESSAGE][NOT_RUN] - NOT_RUN: click(findTestObject("TF_Customer_Create/4_Create_Objects_And_Save/Choose_Sales_Org/CA_Object"), CONTINUE_ON_FAILURE)

2019-01-18 20:30:26 - [TEST_STEP][PASSED] - delay(2): Delayed 2 second(s)

2019-01-18 20:30:28 - [MESSAGE][PASSED] - Delayed 2 second(s)

2019-01-18 20:30:28 - [TEST_STEP][PASSED] - click(findTestObject("TF_Customer_Create/3_Common_Action_Buttons/Click_Apply_Button/td_Apply")): Object: 'Object Repository/TF_Customer_Create/3_Common_Action_Buttons/Click_Apply_Button/td_Apply' is clicked on

2019-01-18 20:30:28 - [MESSAGE][PASSED] - Object: 'Object Repository/TF_Customer_Create/3_Common_Action_Buttons/Click_Apply_Button/td_Apply' is clicked on

2019-01-18 20:30:28 - [TEST_STEP][PASSED] - delay(2): Delayed 2 second(s)

2019-01-18 20:30:30 - [MESSAGE][PASSED] - Delayed 2 second(s)

2019-01-18 20:30:30 - [TEST_STEP][PASSED] - click(findTestObject("TF_Customer_Create/3_Common_Action_Buttons/Click_Save_Button/btn_Save")): Object: 'Object Repository/TF_Customer_Create/3_Common_Action_Buttons/Click_Save_Button/btn_Save' is clicked on

2019-01-18 20:30:30 - [MESSAGE][PASSED] - Object: 'Object Repository/TF_Customer_Create/3_Common_Action_Buttons/Click_Save_Button/btn_Save' is clicked on

2019-01-18 20:30:30 - [TEST_STEP][PASSED] - delay(2): Delayed 2 second(s)

2019-01-18 20:30:32 - [MESSAGE][PASSED] - Delayed 2 second(s)

2019-01-18 20:30:32 - [TEST_STEP][NOT_RUN] - verifyElementText(findTestObject("TF_Customer_Create/3_Common_Action_Buttons/Verify_Success_Message/Success_Message"), "Record has been saved successfully.", CONTINUE_ON_FAILURE): NOT_RUN: verifyElementText(findTestObject("TF_Customer_Create/3_Common_Action_Buttons/Verify_Success_Message/Success_Message"), "Record has been saved successfully.", CONTINUE_ON_FAILURE)

2019-01-18 20:30:32 - [MESSAGE][NOT_RUN] - NOT_RUN: verifyElementText(findTestObject("TF_Customer_Create/3_Common_Action_Buttons/Verify_Success_Message/Success_Message"), "Record has been saved successfully.", CONTINUE_ON_FAILURE)

2019-01-18 20:30:32 - [TEST_STEP][NOT_RUN] - click(findTestObject("TF_Customer_Create/3_Common_Action_Buttons/Click_Data_Tab/span_Data_Tab")): NOT_RUN: click(findTestObject("TF_Customer_Create/3_Common_Action_Buttons/Click_Data_Tab/span_Data_Tab"))

2019-01-18 20:30:32 - [MESSAGE][NOT_RUN] - NOT_RUN: click(findTestObject("TF_Customer_Create/3_Common_Action_Buttons/Click_Data_Tab/span_Data_Tab"))

2019-01-18 20:30:32 - [TEST_STEP][NOT_RUN] - delay(1): NOT_RUN: delay(1)

2019-01-18 20:30:32 - [MESSAGE][NOT_RUN] - NOT_RUN: delay(1)

2019-01-18 20:30:32 - [TEST_STEP][NOT_RUN] - click(findTestObject("TF_Customer_Create/3_Common_Action_Buttons/Click_Close_Button/btn_Close")): NOT_RUN: click(findTestObject("TF_Customer_Create/3_Common_Action_Buttons/Click_Close_Button/btn_Close"))

2019-01-18 20:30:32 - [MESSAGE][NOT_RUN] - NOT_RUN: click(findTestObject("TF_Customer_Create/3_Common_Action_Buttons/Click_Close_Button/btn_Close"))

2019-01-18 20:30:32 - [TEST_STEP][NOT_RUN] - delay(2): NOT_RUN: delay(2)

2019-01-18 20:30:32 - [MESSAGE][NOT_RUN] - NOT_RUN: delay(2)

2019-01-18 20:30:32 - [TEST_STEP][NOT_RUN] - vrfy_PLA = com.oracledb.regressiontest.verifyPLA(ora_connt, ora_usr, ora_psswrd, ora_schema, plaAcctName): NOT_RUN: vrfy_PLA = com.oracledb.regressiontest.verifyPLA(ora_connt, ora_usr, ora_psswrd, ora_schema, plaAcctName)

2019-01-18 20:30:32 - [MESSAGE][NOT_RUN] - NOT_RUN: vrfy_PLA = com.oracledb.regressiontest.verifyPLA(ora_connt, ora_usr, ora_psswrd, ora_schema, plaAcctName)

2019-01-18 20:30:32 - [TEST_STEP][NOT_RUN] - println("Planning Account Name"): NOT_RUN: println("Planning Account Name")

2019-01-18 20:30:32 - [MESSAGE][NOT_RUN] - NOT_RUN: println("Planning Account Name")

2019-01-18 20:30:32 - [TEST_STEP][NOT_RUN] - verifyEqual(PLANNING_ACCOUNT_NAME, plaAcctName): NOT_RUN: verifyEqual(PLANNING_ACCOUNT_NAME, plaAcctName)

2019-01-18 20:30:32 - [MESSAGE][NOT_RUN] - NOT_RUN: verifyEqual(PLANNING_ACCOUNT_NAME, plaAcctName)]]></system-out>
         <system-err><![CDATA[]]></system-err>
      </testcase>
      <testcase name="Test Cases/Regression_TF_Customer/Create_Record/TC_13_Create_LDI_Vendor_Site" classname="Test Cases/Regression_TF_Customer/Create_Record/TC_13_Create_LDI_Vendor_Site" status="PASSED">
         <system-out><![CDATA[2019-01-18 20:30:32 - [TEST_CASE][PASSED] - Test Cases/Regression_TF_Customer/Create_Record/TC_13_Create_LDI_Vendor_Site: Test Cases/Regression_TF_Customer/Create_Record/TC_13_Create_LDI_Vendor_Site

2019-01-18 20:30:32 - [TEST_STEP][PASSED] - waitForPageLoad(G_Timeout): Wait for page load successfully

2019-01-18 20:30:32 - [MESSAGE][PASSED] - Wait for page load successfully

2019-01-18 20:30:32 - [TEST_STEP][PASSED] - mouseOver(findTestObject("TF_Customer_Create/1_Menu_Navigation_To_Open_All_Pages/0_Menu_Create_In_Data_View")): Object: 'Object Repository/TF_Customer_Create/1_Menu_Navigation_To_Open_All_Pages/0_Menu_Create_In_Data_View' is hovered

2019-01-18 20:30:32 - [MESSAGE][PASSED] - Object: 'Object Repository/TF_Customer_Create/1_Menu_Navigation_To_Open_All_Pages/0_Menu_Create_In_Data_View' is hovered

2019-01-18 20:30:32 - [TEST_STEP][PASSED] - waitForPageLoad(G_Timeout): Wait for page load successfully

2019-01-18 20:30:32 - [MESSAGE][PASSED] - Wait for page load successfully

2019-01-18 20:30:32 - [TEST_STEP][PASSED] - mouseOver(findTestObject("TF_Customer_Create/1_Menu_Navigation_To_Open_All_Pages/1_Menu_Create_Master_Data")): Object: 'Object Repository/TF_Customer_Create/1_Menu_Navigation_To_Open_All_Pages/1_Menu_Create_Master_Data' is hovered

2019-01-18 20:30:32 - [MESSAGE][PASSED] - Object: 'Object Repository/TF_Customer_Create/1_Menu_Navigation_To_Open_All_Pages/1_Menu_Create_Master_Data' is hovered

2019-01-18 20:30:32 - [TEST_STEP][PASSED] - waitForPageLoad(G_Timeout): Wait for page load successfully

2019-01-18 20:30:32 - [MESSAGE][PASSED] - Wait for page load successfully

2019-01-18 20:30:32 - [TEST_STEP][PASSED] - mouseOver(findTestObject("TF_Customer_Create/1_Menu_Navigation_To_Open_All_Pages/3_Planning_Account_Hoverover_Option")): Object: 'Object Repository/TF_Customer_Create/1_Menu_Navigation_To_Open_All_Pages/3_Planning_Account_Hoverover_Option' is hovered

2019-01-18 20:30:33 - [MESSAGE][PASSED] - Object: 'Object Repository/TF_Customer_Create/1_Menu_Navigation_To_Open_All_Pages/3_Planning_Account_Hoverover_Option' is hovered

2019-01-18 20:30:33 - [TEST_STEP][PASSED] - waitForPageLoad(G_Timeout): Wait for page load successfully

2019-01-18 20:30:33 - [MESSAGE][PASSED] - Wait for page load successfully

2019-01-18 20:30:33 - [TEST_STEP][PASSED] - click(findTestObject("TF_Customer_Create/2_Select_Menu_Options(All)/13_LDI_Vendor_Site")): Object: 'Object Repository/TF_Customer_Create/2_Select_Menu_Options(All)/13_LDI_Vendor_Site' is clicked on

2019-01-18 20:30:33 - [MESSAGE][PASSED] - Object: 'Object Repository/TF_Customer_Create/2_Select_Menu_Options(All)/13_LDI_Vendor_Site' is clicked on

2019-01-18 20:30:33 - [TEST_STEP][PASSED] - waitForPageLoad(G_Timeout): Wait for page load successfully

2019-01-18 20:30:33 - [MESSAGE][PASSED] - Wait for page load successfully

2019-01-18 20:30:33 - [TEST_STEP][PASSED] - delay(3): Delayed 3 second(s)

2019-01-18 20:30:36 - [MESSAGE][PASSED] - Delayed 3 second(s)

2019-01-18 20:30:36 - [TEST_STEP][PASSED] - vndSiteName = com.oracledb.regressiontest.genName(15): com.oracledb.regressiontest.genName is PASSED

2019-01-18 20:30:36 - [MESSAGE][PASSED] - com.oracledb.regressiontest.genName is PASSED

2019-01-18 20:30:36 - [TEST_STEP][PASSED] - vndSiteNumber = com.oracledb.regressiontest.genName(12): com.oracledb.regressiontest.genName is PASSED

2019-01-18 20:30:36 - [MESSAGE][PASSED] - com.oracledb.regressiontest.genName is PASSED

2019-01-18 20:30:36 - [TEST_STEP][PASSED] - vndSiteCd = com.oracledb.regressiontest.genName(10): com.oracledb.regressiontest.genName is PASSED

2019-01-18 20:30:36 - [MESSAGE][PASSED] - com.oracledb.regressiontest.genName is PASSED

2019-01-18 20:30:36 - [TEST_STEP][PASSED] - vndSiteCity = com.oracledb.regressiontest.genName(8): com.oracledb.regressiontest.genName is PASSED

2019-01-18 20:30:36 - [MESSAGE][PASSED] - com.oracledb.regressiontest.genName is PASSED

2019-01-18 20:30:36 - [TEST_STEP][PASSED] - vndSitePtlCd = com.oracledb.regressiontest.genName(6): com.oracledb.regressiontest.genName is PASSED

2019-01-18 20:30:36 - [MESSAGE][PASSED] - com.oracledb.regressiontest.genName is PASSED

2019-01-18 20:30:36 - [TEST_STEP][PASSED] - setText(findTestObject("TF_Customer_Create/4_Create_Objects_And_Save/13_Create_LDI_Vendor_Site/Input_Vendor_Site_Name/input_Vendor_Site_Nm"), vndSiteName): Text 'H5DNFYDGZ0QESUI' is set on object 'Object Repository/TF_Customer_Create/4_Create_Objects_And_Save/13_Create_LDI_Vendor_Site/Input_Vendor_Site_Name/input_Vendor_Site_Nm'

2019-01-18 20:30:36 - [MESSAGE][PASSED] - Text 'H5DNFYDGZ0QESUI' is set on object 'Object Repository/TF_Customer_Create/4_Create_Objects_And_Save/13_Create_LDI_Vendor_Site/Input_Vendor_Site_Name/input_Vendor_Site_Nm'

2019-01-18 20:30:36 - [TEST_STEP][PASSED] - setText(findTestObject("TF_Customer_Create/4_Create_Objects_And_Save/13_Create_LDI_Vendor_Site/Input_Vendor_Site_Name/input_Vendor_Site_Number"), vndSiteNumber): Text 'F5UB264QTYNW' is set on object 'Object Repository/TF_Customer_Create/4_Create_Objects_And_Save/13_Create_LDI_Vendor_Site/Input_Vendor_Site_Name/input_Vendor_Site_Number'

2019-01-18 20:30:37 - [MESSAGE][PASSED] - Text 'F5UB264QTYNW' is set on object 'Object Repository/TF_Customer_Create/4_Create_Objects_And_Save/13_Create_LDI_Vendor_Site/Input_Vendor_Site_Name/input_Vendor_Site_Number'

2019-01-18 20:30:37 - [TEST_STEP][PASSED] - setText(findTestObject("TF_Customer_Create/4_Create_Objects_And_Save/13_Create_LDI_Vendor_Site/Input_Vendor_Site_Name/input_Vendor_Site_Cd"), vndSiteCd): Text 'SF96YLWL6S' is set on object 'Object Repository/TF_Customer_Create/4_Create_Objects_And_Save/13_Create_LDI_Vendor_Site/Input_Vendor_Site_Name/input_Vendor_Site_Cd'

2019-01-18 20:30:37 - [MESSAGE][PASSED] - Text 'SF96YLWL6S' is set on object 'Object Repository/TF_Customer_Create/4_Create_Objects_And_Save/13_Create_LDI_Vendor_Site/Input_Vendor_Site_Name/input_Vendor_Site_Cd'

2019-01-18 20:30:37 - [TEST_STEP][PASSED] - setText(findTestObject("TF_Customer_Create/4_Create_Objects_And_Save/13_Create_LDI_Vendor_Site/Input_Vendor_Site_Name/input_Vendor_Site_City"), vndSiteCity): Text 'AOEZUGNB' is set on object 'Object Repository/TF_Customer_Create/4_Create_Objects_And_Save/13_Create_LDI_Vendor_Site/Input_Vendor_Site_Name/input_Vendor_Site_City'

2019-01-18 20:30:37 - [MESSAGE][PASSED] - Text 'AOEZUGNB' is set on object 'Object Repository/TF_Customer_Create/4_Create_Objects_And_Save/13_Create_LDI_Vendor_Site/Input_Vendor_Site_Name/input_Vendor_Site_City'

2019-01-18 20:30:37 - [TEST_STEP][PASSED] - setText(findTestObject("TF_Customer_Create/4_Create_Objects_And_Save/13_Create_LDI_Vendor_Site/Input_Vendor_Site_Name/input_Vendor_Site_Postal_Code"), vndSitePtlCd): Text 'HQ92LG' is set on object 'Object Repository/TF_Customer_Create/4_Create_Objects_And_Save/13_Create_LDI_Vendor_Site/Input_Vendor_Site_Name/input_Vendor_Site_Postal_Code'

2019-01-18 20:30:37 - [MESSAGE][PASSED] - Text 'HQ92LG' is set on object 'Object Repository/TF_Customer_Create/4_Create_Objects_And_Save/13_Create_LDI_Vendor_Site/Input_Vendor_Site_Name/input_Vendor_Site_Postal_Code'

2019-01-18 20:30:37 - [TEST_STEP][PASSED] - setText(findTestObject("TF_Customer_Create/4_Create_Objects_And_Save/13_Create_LDI_Vendor_Site/Input_Vendor_Site_Name/input_Vendor_Site_Inactive_dt"), input_Eff_Dt): Text '18/Jan/2019' is set on object 'Object Repository/TF_Customer_Create/4_Create_Objects_And_Save/13_Create_LDI_Vendor_Site/Input_Vendor_Site_Name/input_Vendor_Site_Inactive_dt'

2019-01-18 20:30:37 - [MESSAGE][PASSED] - Text '18/Jan/2019' is set on object 'Object Repository/TF_Customer_Create/4_Create_Objects_And_Save/13_Create_LDI_Vendor_Site/Input_Vendor_Site_Name/input_Vendor_Site_Inactive_dt'

2019-01-18 20:30:37 - [TEST_STEP][PASSED] - delay(2): Delayed 2 second(s)

2019-01-18 20:30:39 - [MESSAGE][PASSED] - Delayed 2 second(s)

2019-01-18 20:30:39 - [TEST_STEP][PASSED] - click(findTestObject("TF_Customer_Create/3_Common_Action_Buttons/Click_Data_Tab/span_Data_Tab")): Object: 'Object Repository/TF_Customer_Create/3_Common_Action_Buttons/Click_Data_Tab/span_Data_Tab' is clicked on

2019-01-18 20:30:39 - [MESSAGE][PASSED] - Object: 'Object Repository/TF_Customer_Create/3_Common_Action_Buttons/Click_Data_Tab/span_Data_Tab' is clicked on

2019-01-18 20:30:39 - [TEST_STEP][NOT_RUN] - click(findTestObject("TF_Customer_Create/4_Create_Objects_And_Save/Choose_Sales_Org/Click_Sales_Org_DD"), CONTINUE_ON_FAILURE): NOT_RUN: click(findTestObject("TF_Customer_Create/4_Create_Objects_And_Save/Choose_Sales_Org/Click_Sales_Org_DD"), CONTINUE_ON_FAILURE)

2019-01-18 20:30:39 - [MESSAGE][NOT_RUN] - NOT_RUN: click(findTestObject("TF_Customer_Create/4_Create_Objects_And_Save/Choose_Sales_Org/Click_Sales_Org_DD"), CONTINUE_ON_FAILURE)

2019-01-18 20:30:39 - [TEST_STEP][NOT_RUN] - click(findTestObject("TF_Customer_Create/4_Create_Objects_And_Save/Choose_Sales_Org/CA_Object"), CONTINUE_ON_FAILURE): NOT_RUN: click(findTestObject("TF_Customer_Create/4_Create_Objects_And_Save/Choose_Sales_Org/CA_Object"), CONTINUE_ON_FAILURE)

2019-01-18 20:30:39 - [MESSAGE][NOT_RUN] - NOT_RUN: click(findTestObject("TF_Customer_Create/4_Create_Objects_And_Save/Choose_Sales_Org/CA_Object"), CONTINUE_ON_FAILURE)

2019-01-18 20:30:39 - [TEST_STEP][PASSED] - delay(2): Delayed 2 second(s)

2019-01-18 20:30:41 - [MESSAGE][PASSED] - Delayed 2 second(s)

2019-01-18 20:30:41 - [TEST_STEP][PASSED] - click(findTestObject("TF_Customer_Create/3_Common_Action_Buttons/Click_Apply_Button/td_Apply")): Object: 'Object Repository/TF_Customer_Create/3_Common_Action_Buttons/Click_Apply_Button/td_Apply' is clicked on

2019-01-18 20:30:42 - [MESSAGE][PASSED] - Object: 'Object Repository/TF_Customer_Create/3_Common_Action_Buttons/Click_Apply_Button/td_Apply' is clicked on

2019-01-18 20:30:42 - [TEST_STEP][PASSED] - delay(2): Delayed 2 second(s)

2019-01-18 20:30:44 - [MESSAGE][PASSED] - Delayed 2 second(s)

2019-01-18 20:30:44 - [TEST_STEP][PASSED] - click(findTestObject("TF_Customer_Create/3_Common_Action_Buttons/Click_Save_Button/btn_Save")): Object: 'Object Repository/TF_Customer_Create/3_Common_Action_Buttons/Click_Save_Button/btn_Save' is clicked on

2019-01-18 20:30:44 - [MESSAGE][PASSED] - Object: 'Object Repository/TF_Customer_Create/3_Common_Action_Buttons/Click_Save_Button/btn_Save' is clicked on

2019-01-18 20:30:44 - [TEST_STEP][PASSED] - delay(2): Delayed 2 second(s)

2019-01-18 20:30:46 - [MESSAGE][PASSED] - Delayed 2 second(s)

2019-01-18 20:30:46 - [TEST_STEP][NOT_RUN] - verifyElementText(findTestObject("TF_Customer_Create/3_Common_Action_Buttons/Verify_Success_Message/Success_Message"), "Record has been saved successfully.", CONTINUE_ON_FAILURE): NOT_RUN: verifyElementText(findTestObject("TF_Customer_Create/3_Common_Action_Buttons/Verify_Success_Message/Success_Message"), "Record has been saved successfully.", CONTINUE_ON_FAILURE)

2019-01-18 20:30:46 - [MESSAGE][NOT_RUN] - NOT_RUN: verifyElementText(findTestObject("TF_Customer_Create/3_Common_Action_Buttons/Verify_Success_Message/Success_Message"), "Record has been saved successfully.", CONTINUE_ON_FAILURE)

2019-01-18 20:30:46 - [TEST_STEP][NOT_RUN] - click(findTestObject("TF_Customer_Create/3_Common_Action_Buttons/Click_Data_Tab/span_Data_Tab")): NOT_RUN: click(findTestObject("TF_Customer_Create/3_Common_Action_Buttons/Click_Data_Tab/span_Data_Tab"))

2019-01-18 20:30:46 - [MESSAGE][NOT_RUN] - NOT_RUN: click(findTestObject("TF_Customer_Create/3_Common_Action_Buttons/Click_Data_Tab/span_Data_Tab"))

2019-01-18 20:30:46 - [TEST_STEP][NOT_RUN] - delay(1): NOT_RUN: delay(1)

2019-01-18 20:30:46 - [MESSAGE][NOT_RUN] - NOT_RUN: delay(1)

2019-01-18 20:30:46 - [TEST_STEP][NOT_RUN] - click(findTestObject("TF_Customer_Create/3_Common_Action_Buttons/Click_Close_Button/btn_Close")): NOT_RUN: click(findTestObject("TF_Customer_Create/3_Common_Action_Buttons/Click_Close_Button/btn_Close"))

2019-01-18 20:30:46 - [MESSAGE][NOT_RUN] - NOT_RUN: click(findTestObject("TF_Customer_Create/3_Common_Action_Buttons/Click_Close_Button/btn_Close"))

2019-01-18 20:30:46 - [TEST_STEP][NOT_RUN] - delay(2): NOT_RUN: delay(2)

2019-01-18 20:30:46 - [MESSAGE][NOT_RUN] - NOT_RUN: delay(2)

2019-01-18 20:30:46 - [TEST_STEP][NOT_RUN] - vrfy_PLA = com.oracledb.regressiontest.verifyPLA(ora_connt, ora_usr, ora_psswrd, ora_schema, plaAcctName): NOT_RUN: vrfy_PLA = com.oracledb.regressiontest.verifyPLA(ora_connt, ora_usr, ora_psswrd, ora_schema, plaAcctName)

2019-01-18 20:30:46 - [MESSAGE][NOT_RUN] - NOT_RUN: vrfy_PLA = com.oracledb.regressiontest.verifyPLA(ora_connt, ora_usr, ora_psswrd, ora_schema, plaAcctName)

2019-01-18 20:30:46 - [TEST_STEP][NOT_RUN] - println("Planning Account Name"): NOT_RUN: println("Planning Account Name")

2019-01-18 20:30:46 - [MESSAGE][NOT_RUN] - NOT_RUN: println("Planning Account Name")

2019-01-18 20:30:46 - [TEST_STEP][NOT_RUN] - verifyEqual(PLANNING_ACCOUNT_NAME, plaAcctName): NOT_RUN: verifyEqual(PLANNING_ACCOUNT_NAME, plaAcctName)

2019-01-18 20:30:46 - [MESSAGE][NOT_RUN] - NOT_RUN: verifyEqual(PLANNING_ACCOUNT_NAME, plaAcctName)]]></system-out>
         <system-err><![CDATA[]]></system-err>
      </testcase>
      <testcase name="Test Cases/Regression_TF_Customer/Create_Record/TC_13_Create_LDI_Vendor_Site" classname="Test Cases/Regression_TF_Customer/Create_Record/TC_13_Create_LDI_Vendor_Site" status="PASSED">
         <system-out><![CDATA[2019-01-18 20:30:46 - [TEST_CASE][PASSED] - Test Cases/Regression_TF_Customer/Create_Record/TC_13_Create_LDI_Vendor_Site: Test Cases/Regression_TF_Customer/Create_Record/TC_13_Create_LDI_Vendor_Site

2019-01-18 20:30:46 - [TEST_STEP][PASSED] - waitForPageLoad(G_Timeout): Wait for page load successfully

2019-01-18 20:30:46 - [MESSAGE][PASSED] - Wait for page load successfully

2019-01-18 20:30:46 - [TEST_STEP][PASSED] - mouseOver(findTestObject("TF_Customer_Create/1_Menu_Navigation_To_Open_All_Pages/0_Menu_Create_In_Data_View")): Object: 'Object Repository/TF_Customer_Create/1_Menu_Navigation_To_Open_All_Pages/0_Menu_Create_In_Data_View' is hovered

2019-01-18 20:30:46 - [MESSAGE][PASSED] - Object: 'Object Repository/TF_Customer_Create/1_Menu_Navigation_To_Open_All_Pages/0_Menu_Create_In_Data_View' is hovered

2019-01-18 20:30:46 - [TEST_STEP][PASSED] - waitForPageLoad(G_Timeout): Wait for page load successfully

2019-01-18 20:30:46 - [MESSAGE][PASSED] - Wait for page load successfully

2019-01-18 20:30:46 - [TEST_STEP][PASSED] - mouseOver(findTestObject("TF_Customer_Create/1_Menu_Navigation_To_Open_All_Pages/1_Menu_Create_Master_Data")): Object: 'Object Repository/TF_Customer_Create/1_Menu_Navigation_To_Open_All_Pages/1_Menu_Create_Master_Data' is hovered

2019-01-18 20:30:46 - [MESSAGE][PASSED] - Object: 'Object Repository/TF_Customer_Create/1_Menu_Navigation_To_Open_All_Pages/1_Menu_Create_Master_Data' is hovered

2019-01-18 20:30:46 - [TEST_STEP][PASSED] - waitForPageLoad(G_Timeout): Wait for page load successfully

2019-01-18 20:30:46 - [MESSAGE][PASSED] - Wait for page load successfully

2019-01-18 20:30:46 - [TEST_STEP][PASSED] - mouseOver(findTestObject("TF_Customer_Create/1_Menu_Navigation_To_Open_All_Pages/3_Planning_Account_Hoverover_Option")): Object: 'Object Repository/TF_Customer_Create/1_Menu_Navigation_To_Open_All_Pages/3_Planning_Account_Hoverover_Option' is hovered

2019-01-18 20:30:46 - [MESSAGE][PASSED] - Object: 'Object Repository/TF_Customer_Create/1_Menu_Navigation_To_Open_All_Pages/3_Planning_Account_Hoverover_Option' is hovered

2019-01-18 20:30:46 - [TEST_STEP][PASSED] - waitForPageLoad(G_Timeout): Wait for page load successfully

2019-01-18 20:30:46 - [MESSAGE][PASSED] - Wait for page load successfully

2019-01-18 20:30:46 - [TEST_STEP][PASSED] - click(findTestObject("TF_Customer_Create/2_Select_Menu_Options(All)/13_LDI_Vendor_Site")): Object: 'Object Repository/TF_Customer_Create/2_Select_Menu_Options(All)/13_LDI_Vendor_Site' is clicked on

2019-01-18 20:30:47 - [MESSAGE][PASSED] - Object: 'Object Repository/TF_Customer_Create/2_Select_Menu_Options(All)/13_LDI_Vendor_Site' is clicked on

2019-01-18 20:30:47 - [TEST_STEP][PASSED] - waitForPageLoad(G_Timeout): Wait for page load successfully

2019-01-18 20:30:47 - [MESSAGE][PASSED] - Wait for page load successfully

2019-01-18 20:30:47 - [TEST_STEP][PASSED] - delay(3): Delayed 3 second(s)

2019-01-18 20:30:50 - [MESSAGE][PASSED] - Delayed 3 second(s)

2019-01-18 20:30:50 - [TEST_STEP][PASSED] - vndSiteName = com.oracledb.regressiontest.genName(15): com.oracledb.regressiontest.genName is PASSED

2019-01-18 20:30:50 - [MESSAGE][PASSED] - com.oracledb.regressiontest.genName is PASSED

2019-01-18 20:30:50 - [TEST_STEP][PASSED] - vndSiteNumber = com.oracledb.regressiontest.genName(12): com.oracledb.regressiontest.genName is PASSED

2019-01-18 20:30:50 - [MESSAGE][PASSED] - com.oracledb.regressiontest.genName is PASSED

2019-01-18 20:30:50 - [TEST_STEP][PASSED] - vndSiteCd = com.oracledb.regressiontest.genName(10): com.oracledb.regressiontest.genName is PASSED

2019-01-18 20:30:50 - [MESSAGE][PASSED] - com.oracledb.regressiontest.genName is PASSED

2019-01-18 20:30:50 - [TEST_STEP][PASSED] - vndSiteCity = com.oracledb.regressiontest.genName(8): com.oracledb.regressiontest.genName is PASSED

2019-01-18 20:30:50 - [MESSAGE][PASSED] - com.oracledb.regressiontest.genName is PASSED

2019-01-18 20:30:50 - [TEST_STEP][PASSED] - vndSitePtlCd = com.oracledb.regressiontest.genName(6): com.oracledb.regressiontest.genName is PASSED

2019-01-18 20:30:50 - [MESSAGE][PASSED] - com.oracledb.regressiontest.genName is PASSED

2019-01-18 20:30:50 - [TEST_STEP][PASSED] - setText(findTestObject("TF_Customer_Create/4_Create_Objects_And_Save/13_Create_LDI_Vendor_Site/Input_Vendor_Site_Name/input_Vendor_Site_Nm"), vndSiteName): Text 'P7QG2XNLK01Y9F2' is set on object 'Object Repository/TF_Customer_Create/4_Create_Objects_And_Save/13_Create_LDI_Vendor_Site/Input_Vendor_Site_Name/input_Vendor_Site_Nm'

2019-01-18 20:30:50 - [MESSAGE][PASSED] - Text 'P7QG2XNLK01Y9F2' is set on object 'Object Repository/TF_Customer_Create/4_Create_Objects_And_Save/13_Create_LDI_Vendor_Site/Input_Vendor_Site_Name/input_Vendor_Site_Nm'

2019-01-18 20:30:50 - [TEST_STEP][PASSED] - setText(findTestObject("TF_Customer_Create/4_Create_Objects_And_Save/13_Create_LDI_Vendor_Site/Input_Vendor_Site_Name/input_Vendor_Site_Number"), vndSiteNumber): Text 'YQCM8ZRFGTXW' is set on object 'Object Repository/TF_Customer_Create/4_Create_Objects_And_Save/13_Create_LDI_Vendor_Site/Input_Vendor_Site_Name/input_Vendor_Site_Number'

2019-01-18 20:30:50 - [MESSAGE][PASSED] - Text 'YQCM8ZRFGTXW' is set on object 'Object Repository/TF_Customer_Create/4_Create_Objects_And_Save/13_Create_LDI_Vendor_Site/Input_Vendor_Site_Name/input_Vendor_Site_Number'

2019-01-18 20:30:50 - [TEST_STEP][PASSED] - setText(findTestObject("TF_Customer_Create/4_Create_Objects_And_Save/13_Create_LDI_Vendor_Site/Input_Vendor_Site_Name/input_Vendor_Site_Cd"), vndSiteCd): Text 'NK3Z8Y55IC' is set on object 'Object Repository/TF_Customer_Create/4_Create_Objects_And_Save/13_Create_LDI_Vendor_Site/Input_Vendor_Site_Name/input_Vendor_Site_Cd'

2019-01-18 20:30:50 - [MESSAGE][PASSED] - Text 'NK3Z8Y55IC' is set on object 'Object Repository/TF_Customer_Create/4_Create_Objects_And_Save/13_Create_LDI_Vendor_Site/Input_Vendor_Site_Name/input_Vendor_Site_Cd'

2019-01-18 20:30:50 - [TEST_STEP][PASSED] - setText(findTestObject("TF_Customer_Create/4_Create_Objects_And_Save/13_Create_LDI_Vendor_Site/Input_Vendor_Site_Name/input_Vendor_Site_City"), vndSiteCity): Text 'M218BE4X' is set on object 'Object Repository/TF_Customer_Create/4_Create_Objects_And_Save/13_Create_LDI_Vendor_Site/Input_Vendor_Site_Name/input_Vendor_Site_City'

2019-01-18 20:30:50 - [MESSAGE][PASSED] - Text 'M218BE4X' is set on object 'Object Repository/TF_Customer_Create/4_Create_Objects_And_Save/13_Create_LDI_Vendor_Site/Input_Vendor_Site_Name/input_Vendor_Site_City'

2019-01-18 20:30:50 - [TEST_STEP][PASSED] - setText(findTestObject("TF_Customer_Create/4_Create_Objects_And_Save/13_Create_LDI_Vendor_Site/Input_Vendor_Site_Name/input_Vendor_Site_Postal_Code"), vndSitePtlCd): Text 'VE03XM' is set on object 'Object Repository/TF_Customer_Create/4_Create_Objects_And_Save/13_Create_LDI_Vendor_Site/Input_Vendor_Site_Name/input_Vendor_Site_Postal_Code'

2019-01-18 20:30:50 - [MESSAGE][PASSED] - Text 'VE03XM' is set on object 'Object Repository/TF_Customer_Create/4_Create_Objects_And_Save/13_Create_LDI_Vendor_Site/Input_Vendor_Site_Name/input_Vendor_Site_Postal_Code'

2019-01-18 20:30:50 - [TEST_STEP][PASSED] - setText(findTestObject("TF_Customer_Create/4_Create_Objects_And_Save/13_Create_LDI_Vendor_Site/Input_Vendor_Site_Name/input_Vendor_Site_Inactive_dt"), input_Eff_Dt): Text '18/Jan/2019' is set on object 'Object Repository/TF_Customer_Create/4_Create_Objects_And_Save/13_Create_LDI_Vendor_Site/Input_Vendor_Site_Name/input_Vendor_Site_Inactive_dt'

2019-01-18 20:30:50 - [MESSAGE][PASSED] - Text '18/Jan/2019' is set on object 'Object Repository/TF_Customer_Create/4_Create_Objects_And_Save/13_Create_LDI_Vendor_Site/Input_Vendor_Site_Name/input_Vendor_Site_Inactive_dt'

2019-01-18 20:30:50 - [TEST_STEP][PASSED] - delay(2): Delayed 2 second(s)

2019-01-18 20:30:52 - [MESSAGE][PASSED] - Delayed 2 second(s)

2019-01-18 20:30:52 - [TEST_STEP][PASSED] - click(findTestObject("TF_Customer_Create/3_Common_Action_Buttons/Click_Data_Tab/span_Data_Tab")): Object: 'Object Repository/TF_Customer_Create/3_Common_Action_Buttons/Click_Data_Tab/span_Data_Tab' is clicked on

2019-01-18 20:30:52 - [MESSAGE][PASSED] - Object: 'Object Repository/TF_Customer_Create/3_Common_Action_Buttons/Click_Data_Tab/span_Data_Tab' is clicked on

2019-01-18 20:30:52 - [TEST_STEP][NOT_RUN] - click(findTestObject("TF_Customer_Create/4_Create_Objects_And_Save/Choose_Sales_Org/Click_Sales_Org_DD"), CONTINUE_ON_FAILURE): NOT_RUN: click(findTestObject("TF_Customer_Create/4_Create_Objects_And_Save/Choose_Sales_Org/Click_Sales_Org_DD"), CONTINUE_ON_FAILURE)

2019-01-18 20:30:52 - [MESSAGE][NOT_RUN] - NOT_RUN: click(findTestObject("TF_Customer_Create/4_Create_Objects_And_Save/Choose_Sales_Org/Click_Sales_Org_DD"), CONTINUE_ON_FAILURE)

2019-01-18 20:30:52 - [TEST_STEP][NOT_RUN] - click(findTestObject("TF_Customer_Create/4_Create_Objects_And_Save/Choose_Sales_Org/CA_Object"), CONTINUE_ON_FAILURE): NOT_RUN: click(findTestObject("TF_Customer_Create/4_Create_Objects_And_Save/Choose_Sales_Org/CA_Object"), CONTINUE_ON_FAILURE)

2019-01-18 20:30:52 - [MESSAGE][NOT_RUN] - NOT_RUN: click(findTestObject("TF_Customer_Create/4_Create_Objects_And_Save/Choose_Sales_Org/CA_Object"), CONTINUE_ON_FAILURE)

2019-01-18 20:30:52 - [TEST_STEP][PASSED] - delay(2): Delayed 2 second(s)

2019-01-18 20:30:54 - [MESSAGE][PASSED] - Delayed 2 second(s)

2019-01-18 20:30:54 - [TEST_STEP][PASSED] - click(findTestObject("TF_Customer_Create/3_Common_Action_Buttons/Click_Apply_Button/td_Apply")): Object: 'Object Repository/TF_Customer_Create/3_Common_Action_Buttons/Click_Apply_Button/td_Apply' is clicked on

2019-01-18 20:30:55 - [MESSAGE][PASSED] - Object: 'Object Repository/TF_Customer_Create/3_Common_Action_Buttons/Click_Apply_Button/td_Apply' is clicked on

2019-01-18 20:30:55 - [TEST_STEP][PASSED] - delay(2): Delayed 2 second(s)

2019-01-18 20:30:57 - [MESSAGE][PASSED] - Delayed 2 second(s)

2019-01-18 20:30:57 - [TEST_STEP][PASSED] - click(findTestObject("TF_Customer_Create/3_Common_Action_Buttons/Click_Save_Button/btn_Save")): Object: 'Object Repository/TF_Customer_Create/3_Common_Action_Buttons/Click_Save_Button/btn_Save' is clicked on

2019-01-18 20:30:57 - [MESSAGE][PASSED] - Object: 'Object Repository/TF_Customer_Create/3_Common_Action_Buttons/Click_Save_Button/btn_Save' is clicked on

2019-01-18 20:30:57 - [TEST_STEP][PASSED] - delay(2): Delayed 2 second(s)

2019-01-18 20:30:59 - [MESSAGE][PASSED] - Delayed 2 second(s)

2019-01-18 20:30:59 - [TEST_STEP][NOT_RUN] - verifyElementText(findTestObject("TF_Customer_Create/3_Common_Action_Buttons/Verify_Success_Message/Success_Message"), "Record has been saved successfully.", CONTINUE_ON_FAILURE): NOT_RUN: verifyElementText(findTestObject("TF_Customer_Create/3_Common_Action_Buttons/Verify_Success_Message/Success_Message"), "Record has been saved successfully.", CONTINUE_ON_FAILURE)

2019-01-18 20:30:59 - [MESSAGE][NOT_RUN] - NOT_RUN: verifyElementText(findTestObject("TF_Customer_Create/3_Common_Action_Buttons/Verify_Success_Message/Success_Message"), "Record has been saved successfully.", CONTINUE_ON_FAILURE)

2019-01-18 20:30:59 - [TEST_STEP][NOT_RUN] - click(findTestObject("TF_Customer_Create/3_Common_Action_Buttons/Click_Data_Tab/span_Data_Tab")): NOT_RUN: click(findTestObject("TF_Customer_Create/3_Common_Action_Buttons/Click_Data_Tab/span_Data_Tab"))

2019-01-18 20:30:59 - [MESSAGE][NOT_RUN] - NOT_RUN: click(findTestObject("TF_Customer_Create/3_Common_Action_Buttons/Click_Data_Tab/span_Data_Tab"))

2019-01-18 20:30:59 - [TEST_STEP][NOT_RUN] - delay(1): NOT_RUN: delay(1)

2019-01-18 20:30:59 - [MESSAGE][NOT_RUN] - NOT_RUN: delay(1)

2019-01-18 20:30:59 - [TEST_STEP][NOT_RUN] - click(findTestObject("TF_Customer_Create/3_Common_Action_Buttons/Click_Close_Button/btn_Close")): NOT_RUN: click(findTestObject("TF_Customer_Create/3_Common_Action_Buttons/Click_Close_Button/btn_Close"))

2019-01-18 20:30:59 - [MESSAGE][NOT_RUN] - NOT_RUN: click(findTestObject("TF_Customer_Create/3_Common_Action_Buttons/Click_Close_Button/btn_Close"))

2019-01-18 20:30:59 - [TEST_STEP][NOT_RUN] - delay(2): NOT_RUN: delay(2)

2019-01-18 20:30:59 - [MESSAGE][NOT_RUN] - NOT_RUN: delay(2)

2019-01-18 20:30:59 - [TEST_STEP][NOT_RUN] - vrfy_PLA = com.oracledb.regressiontest.verifyPLA(ora_connt, ora_usr, ora_psswrd, ora_schema, plaAcctName): NOT_RUN: vrfy_PLA = com.oracledb.regressiontest.verifyPLA(ora_connt, ora_usr, ora_psswrd, ora_schema, plaAcctName)

2019-01-18 20:30:59 - [MESSAGE][NOT_RUN] - NOT_RUN: vrfy_PLA = com.oracledb.regressiontest.verifyPLA(ora_connt, ora_usr, ora_psswrd, ora_schema, plaAcctName)

2019-01-18 20:30:59 - [TEST_STEP][NOT_RUN] - println("Planning Account Name"): NOT_RUN: println("Planning Account Name")

2019-01-18 20:30:59 - [MESSAGE][NOT_RUN] - NOT_RUN: println("Planning Account Name")

2019-01-18 20:30:59 - [TEST_STEP][NOT_RUN] - verifyEqual(PLANNING_ACCOUNT_NAME, plaAcctName): NOT_RUN: verifyEqual(PLANNING_ACCOUNT_NAME, plaAcctName)

2019-01-18 20:30:59 - [MESSAGE][NOT_RUN] - NOT_RUN: verifyEqual(PLANNING_ACCOUNT_NAME, plaAcctName)]]></system-out>
         <system-err><![CDATA[]]></system-err>
      </testcase>
      <testcase name="Test Cases/Regression_TF_Customer/Create_Record/TC_13_Create_LDI_Vendor_Site" classname="Test Cases/Regression_TF_Customer/Create_Record/TC_13_Create_LDI_Vendor_Site" status="PASSED">
         <system-out><![CDATA[2019-01-18 20:30:59 - [TEST_CASE][PASSED] - Test Cases/Regression_TF_Customer/Create_Record/TC_13_Create_LDI_Vendor_Site: Test Cases/Regression_TF_Customer/Create_Record/TC_13_Create_LDI_Vendor_Site

2019-01-18 20:30:59 - [TEST_STEP][PASSED] - waitForPageLoad(G_Timeout): Wait for page load successfully

2019-01-18 20:30:59 - [MESSAGE][PASSED] - Wait for page load successfully

2019-01-18 20:30:59 - [TEST_STEP][PASSED] - mouseOver(findTestObject("TF_Customer_Create/1_Menu_Navigation_To_Open_All_Pages/0_Menu_Create_In_Data_View")): Object: 'Object Repository/TF_Customer_Create/1_Menu_Navigation_To_Open_All_Pages/0_Menu_Create_In_Data_View' is hovered

2019-01-18 20:30:59 - [MESSAGE][PASSED] - Object: 'Object Repository/TF_Customer_Create/1_Menu_Navigation_To_Open_All_Pages/0_Menu_Create_In_Data_View' is hovered

2019-01-18 20:30:59 - [TEST_STEP][PASSED] - waitForPageLoad(G_Timeout): Wait for page load successfully

2019-01-18 20:30:59 - [MESSAGE][PASSED] - Wait for page load successfully

2019-01-18 20:30:59 - [TEST_STEP][PASSED] - mouseOver(findTestObject("TF_Customer_Create/1_Menu_Navigation_To_Open_All_Pages/1_Menu_Create_Master_Data")): Object: 'Object Repository/TF_Customer_Create/1_Menu_Navigation_To_Open_All_Pages/1_Menu_Create_Master_Data' is hovered

2019-01-18 20:30:59 - [MESSAGE][PASSED] - Object: 'Object Repository/TF_Customer_Create/1_Menu_Navigation_To_Open_All_Pages/1_Menu_Create_Master_Data' is hovered

2019-01-18 20:30:59 - [TEST_STEP][PASSED] - waitForPageLoad(G_Timeout): Wait for page load successfully

2019-01-18 20:30:59 - [MESSAGE][PASSED] - Wait for page load successfully

2019-01-18 20:30:59 - [TEST_STEP][PASSED] - mouseOver(findTestObject("TF_Customer_Create/1_Menu_Navigation_To_Open_All_Pages/3_Planning_Account_Hoverover_Option")): Object: 'Object Repository/TF_Customer_Create/1_Menu_Navigation_To_Open_All_Pages/3_Planning_Account_Hoverover_Option' is hovered

2019-01-18 20:31:00 - [MESSAGE][PASSED] - Object: 'Object Repository/TF_Customer_Create/1_Menu_Navigation_To_Open_All_Pages/3_Planning_Account_Hoverover_Option' is hovered

2019-01-18 20:31:00 - [TEST_STEP][PASSED] - waitForPageLoad(G_Timeout): Wait for page load successfully

2019-01-18 20:31:00 - [MESSAGE][PASSED] - Wait for page load successfully

2019-01-18 20:31:00 - [TEST_STEP][PASSED] - click(findTestObject("TF_Customer_Create/2_Select_Menu_Options(All)/13_LDI_Vendor_Site")): Object: 'Object Repository/TF_Customer_Create/2_Select_Menu_Options(All)/13_LDI_Vendor_Site' is clicked on

2019-01-18 20:31:00 - [MESSAGE][PASSED] - Object: 'Object Repository/TF_Customer_Create/2_Select_Menu_Options(All)/13_LDI_Vendor_Site' is clicked on

2019-01-18 20:31:00 - [TEST_STEP][PASSED] - waitForPageLoad(G_Timeout): Wait for page load successfully

2019-01-18 20:31:00 - [MESSAGE][PASSED] - Wait for page load successfully

2019-01-18 20:31:00 - [TEST_STEP][PASSED] - delay(3): Delayed 3 second(s)

2019-01-18 20:31:03 - [MESSAGE][PASSED] - Delayed 3 second(s)

2019-01-18 20:31:03 - [TEST_STEP][PASSED] - vndSiteName = com.oracledb.regressiontest.genName(15): com.oracledb.regressiontest.genName is PASSED

2019-01-18 20:31:03 - [MESSAGE][PASSED] - com.oracledb.regressiontest.genName is PASSED

2019-01-18 20:31:03 - [TEST_STEP][PASSED] - vndSiteNumber = com.oracledb.regressiontest.genName(12): com.oracledb.regressiontest.genName is PASSED

2019-01-18 20:31:03 - [MESSAGE][PASSED] - com.oracledb.regressiontest.genName is PASSED

2019-01-18 20:31:03 - [TEST_STEP][PASSED] - vndSiteCd = com.oracledb.regressiontest.genName(10): com.oracledb.regressiontest.genName is PASSED

2019-01-18 20:31:03 - [MESSAGE][PASSED] - com.oracledb.regressiontest.genName is PASSED

2019-01-18 20:31:03 - [TEST_STEP][PASSED] - vndSiteCity = com.oracledb.regressiontest.genName(8): com.oracledb.regressiontest.genName is PASSED

2019-01-18 20:31:03 - [MESSAGE][PASSED] - com.oracledb.regressiontest.genName is PASSED

2019-01-18 20:31:03 - [TEST_STEP][PASSED] - vndSitePtlCd = com.oracledb.regressiontest.genName(6): com.oracledb.regressiontest.genName is PASSED

2019-01-18 20:31:03 - [MESSAGE][PASSED] - com.oracledb.regressiontest.genName is PASSED

2019-01-18 20:31:03 - [TEST_STEP][PASSED] - setText(findTestObject("TF_Customer_Create/4_Create_Objects_And_Save/13_Create_LDI_Vendor_Site/Input_Vendor_Site_Name/input_Vendor_Site_Nm"), vndSiteName): Text 'BMO417NSAP32MDM' is set on object 'Object Repository/TF_Customer_Create/4_Create_Objects_And_Save/13_Create_LDI_Vendor_Site/Input_Vendor_Site_Name/input_Vendor_Site_Nm'

2019-01-18 20:31:03 - [MESSAGE][PASSED] - Text 'BMO417NSAP32MDM' is set on object 'Object Repository/TF_Customer_Create/4_Create_Objects_And_Save/13_Create_LDI_Vendor_Site/Input_Vendor_Site_Name/input_Vendor_Site_Nm'

2019-01-18 20:31:03 - [TEST_STEP][PASSED] - setText(findTestObject("TF_Customer_Create/4_Create_Objects_And_Save/13_Create_LDI_Vendor_Site/Input_Vendor_Site_Name/input_Vendor_Site_Number"), vndSiteNumber): Text '2AY2SA2551QA' is set on object 'Object Repository/TF_Customer_Create/4_Create_Objects_And_Save/13_Create_LDI_Vendor_Site/Input_Vendor_Site_Name/input_Vendor_Site_Number'

2019-01-18 20:31:03 - [MESSAGE][PASSED] - Text '2AY2SA2551QA' is set on object 'Object Repository/TF_Customer_Create/4_Create_Objects_And_Save/13_Create_LDI_Vendor_Site/Input_Vendor_Site_Name/input_Vendor_Site_Number'

2019-01-18 20:31:03 - [TEST_STEP][PASSED] - setText(findTestObject("TF_Customer_Create/4_Create_Objects_And_Save/13_Create_LDI_Vendor_Site/Input_Vendor_Site_Name/input_Vendor_Site_Cd"), vndSiteCd): Text 'HZM1Y3L4L0' is set on object 'Object Repository/TF_Customer_Create/4_Create_Objects_And_Save/13_Create_LDI_Vendor_Site/Input_Vendor_Site_Name/input_Vendor_Site_Cd'

2019-01-18 20:31:03 - [MESSAGE][PASSED] - Text 'HZM1Y3L4L0' is set on object 'Object Repository/TF_Customer_Create/4_Create_Objects_And_Save/13_Create_LDI_Vendor_Site/Input_Vendor_Site_Name/input_Vendor_Site_Cd'

2019-01-18 20:31:03 - [TEST_STEP][PASSED] - setText(findTestObject("TF_Customer_Create/4_Create_Objects_And_Save/13_Create_LDI_Vendor_Site/Input_Vendor_Site_Name/input_Vendor_Site_City"), vndSiteCity): Text 'YMRRW867' is set on object 'Object Repository/TF_Customer_Create/4_Create_Objects_And_Save/13_Create_LDI_Vendor_Site/Input_Vendor_Site_Name/input_Vendor_Site_City'

2019-01-18 20:31:03 - [MESSAGE][PASSED] - Text 'YMRRW867' is set on object 'Object Repository/TF_Customer_Create/4_Create_Objects_And_Save/13_Create_LDI_Vendor_Site/Input_Vendor_Site_Name/input_Vendor_Site_City'

2019-01-18 20:31:03 - [TEST_STEP][PASSED] - setText(findTestObject("TF_Customer_Create/4_Create_Objects_And_Save/13_Create_LDI_Vendor_Site/Input_Vendor_Site_Name/input_Vendor_Site_Postal_Code"), vndSitePtlCd): Text 'U74B2H' is set on object 'Object Repository/TF_Customer_Create/4_Create_Objects_And_Save/13_Create_LDI_Vendor_Site/Input_Vendor_Site_Name/input_Vendor_Site_Postal_Code'

2019-01-18 20:31:03 - [MESSAGE][PASSED] - Text 'U74B2H' is set on object 'Object Repository/TF_Customer_Create/4_Create_Objects_And_Save/13_Create_LDI_Vendor_Site/Input_Vendor_Site_Name/input_Vendor_Site_Postal_Code'

2019-01-18 20:31:03 - [TEST_STEP][PASSED] - setText(findTestObject("TF_Customer_Create/4_Create_Objects_And_Save/13_Create_LDI_Vendor_Site/Input_Vendor_Site_Name/input_Vendor_Site_Inactive_dt"), input_Eff_Dt): Text '18/Jan/2019' is set on object 'Object Repository/TF_Customer_Create/4_Create_Objects_And_Save/13_Create_LDI_Vendor_Site/Input_Vendor_Site_Name/input_Vendor_Site_Inactive_dt'

2019-01-18 20:31:04 - [MESSAGE][PASSED] - Text '18/Jan/2019' is set on object 'Object Repository/TF_Customer_Create/4_Create_Objects_And_Save/13_Create_LDI_Vendor_Site/Input_Vendor_Site_Name/input_Vendor_Site_Inactive_dt'

2019-01-18 20:31:04 - [TEST_STEP][PASSED] - delay(2): Delayed 2 second(s)

2019-01-18 20:31:06 - [MESSAGE][PASSED] - Delayed 2 second(s)

2019-01-18 20:31:06 - [TEST_STEP][PASSED] - click(findTestObject("TF_Customer_Create/3_Common_Action_Buttons/Click_Data_Tab/span_Data_Tab")): Object: 'Object Repository/TF_Customer_Create/3_Common_Action_Buttons/Click_Data_Tab/span_Data_Tab' is clicked on

2019-01-18 20:31:06 - [MESSAGE][PASSED] - Object: 'Object Repository/TF_Customer_Create/3_Common_Action_Buttons/Click_Data_Tab/span_Data_Tab' is clicked on

2019-01-18 20:31:06 - [TEST_STEP][NOT_RUN] - click(findTestObject("TF_Customer_Create/4_Create_Objects_And_Save/Choose_Sales_Org/Click_Sales_Org_DD"), CONTINUE_ON_FAILURE): NOT_RUN: click(findTestObject("TF_Customer_Create/4_Create_Objects_And_Save/Choose_Sales_Org/Click_Sales_Org_DD"), CONTINUE_ON_FAILURE)

2019-01-18 20:31:06 - [MESSAGE][NOT_RUN] - NOT_RUN: click(findTestObject("TF_Customer_Create/4_Create_Objects_And_Save/Choose_Sales_Org/Click_Sales_Org_DD"), CONTINUE_ON_FAILURE)

2019-01-18 20:31:06 - [TEST_STEP][NOT_RUN] - click(findTestObject("TF_Customer_Create/4_Create_Objects_And_Save/Choose_Sales_Org/CA_Object"), CONTINUE_ON_FAILURE): NOT_RUN: click(findTestObject("TF_Customer_Create/4_Create_Objects_And_Save/Choose_Sales_Org/CA_Object"), CONTINUE_ON_FAILURE)

2019-01-18 20:31:06 - [MESSAGE][NOT_RUN] - NOT_RUN: click(findTestObject("TF_Customer_Create/4_Create_Objects_And_Save/Choose_Sales_Org/CA_Object"), CONTINUE_ON_FAILURE)

2019-01-18 20:31:06 - [TEST_STEP][PASSED] - delay(2): Delayed 2 second(s)

2019-01-18 20:31:08 - [MESSAGE][PASSED] - Delayed 2 second(s)

2019-01-18 20:31:08 - [TEST_STEP][PASSED] - click(findTestObject("TF_Customer_Create/3_Common_Action_Buttons/Click_Apply_Button/td_Apply")): Object: 'Object Repository/TF_Customer_Create/3_Common_Action_Buttons/Click_Apply_Button/td_Apply' is clicked on

2019-01-18 20:31:08 - [MESSAGE][PASSED] - Object: 'Object Repository/TF_Customer_Create/3_Common_Action_Buttons/Click_Apply_Button/td_Apply' is clicked on

2019-01-18 20:31:08 - [TEST_STEP][PASSED] - delay(2): Delayed 2 second(s)

2019-01-18 20:31:10 - [MESSAGE][PASSED] - Delayed 2 second(s)

2019-01-18 20:31:10 - [TEST_STEP][PASSED] - click(findTestObject("TF_Customer_Create/3_Common_Action_Buttons/Click_Save_Button/btn_Save")): Object: 'Object Repository/TF_Customer_Create/3_Common_Action_Buttons/Click_Save_Button/btn_Save' is clicked on

2019-01-18 20:31:10 - [MESSAGE][PASSED] - Object: 'Object Repository/TF_Customer_Create/3_Common_Action_Buttons/Click_Save_Button/btn_Save' is clicked on

2019-01-18 20:31:10 - [TEST_STEP][PASSED] - delay(2): Delayed 2 second(s)

2019-01-18 20:31:12 - [MESSAGE][PASSED] - Delayed 2 second(s)

2019-01-18 20:31:12 - [TEST_STEP][NOT_RUN] - verifyElementText(findTestObject("TF_Customer_Create/3_Common_Action_Buttons/Verify_Success_Message/Success_Message"), "Record has been saved successfully.", CONTINUE_ON_FAILURE): NOT_RUN: verifyElementText(findTestObject("TF_Customer_Create/3_Common_Action_Buttons/Verify_Success_Message/Success_Message"), "Record has been saved successfully.", CONTINUE_ON_FAILURE)

2019-01-18 20:31:12 - [MESSAGE][NOT_RUN] - NOT_RUN: verifyElementText(findTestObject("TF_Customer_Create/3_Common_Action_Buttons/Verify_Success_Message/Success_Message"), "Record has been saved successfully.", CONTINUE_ON_FAILURE)

2019-01-18 20:31:12 - [TEST_STEP][NOT_RUN] - click(findTestObject("TF_Customer_Create/3_Common_Action_Buttons/Click_Data_Tab/span_Data_Tab")): NOT_RUN: click(findTestObject("TF_Customer_Create/3_Common_Action_Buttons/Click_Data_Tab/span_Data_Tab"))

2019-01-18 20:31:12 - [MESSAGE][NOT_RUN] - NOT_RUN: click(findTestObject("TF_Customer_Create/3_Common_Action_Buttons/Click_Data_Tab/span_Data_Tab"))

2019-01-18 20:31:12 - [TEST_STEP][NOT_RUN] - delay(1): NOT_RUN: delay(1)

2019-01-18 20:31:12 - [MESSAGE][NOT_RUN] - NOT_RUN: delay(1)

2019-01-18 20:31:12 - [TEST_STEP][NOT_RUN] - click(findTestObject("TF_Customer_Create/3_Common_Action_Buttons/Click_Close_Button/btn_Close")): NOT_RUN: click(findTestObject("TF_Customer_Create/3_Common_Action_Buttons/Click_Close_Button/btn_Close"))

2019-01-18 20:31:12 - [MESSAGE][NOT_RUN] - NOT_RUN: click(findTestObject("TF_Customer_Create/3_Common_Action_Buttons/Click_Close_Button/btn_Close"))

2019-01-18 20:31:12 - [TEST_STEP][NOT_RUN] - delay(2): NOT_RUN: delay(2)

2019-01-18 20:31:12 - [MESSAGE][NOT_RUN] - NOT_RUN: delay(2)

2019-01-18 20:31:12 - [TEST_STEP][NOT_RUN] - vrfy_PLA = com.oracledb.regressiontest.verifyPLA(ora_connt, ora_usr, ora_psswrd, ora_schema, plaAcctName): NOT_RUN: vrfy_PLA = com.oracledb.regressiontest.verifyPLA(ora_connt, ora_usr, ora_psswrd, ora_schema, plaAcctName)

2019-01-18 20:31:12 - [MESSAGE][NOT_RUN] - NOT_RUN: vrfy_PLA = com.oracledb.regressiontest.verifyPLA(ora_connt, ora_usr, ora_psswrd, ora_schema, plaAcctName)

2019-01-18 20:31:12 - [TEST_STEP][NOT_RUN] - println("Planning Account Name"): NOT_RUN: println("Planning Account Name")

2019-01-18 20:31:12 - [MESSAGE][NOT_RUN] - NOT_RUN: println("Planning Account Name")

2019-01-18 20:31:12 - [TEST_STEP][NOT_RUN] - verifyEqual(PLANNING_ACCOUNT_NAME, plaAcctName): NOT_RUN: verifyEqual(PLANNING_ACCOUNT_NAME, plaAcctName)

2019-01-18 20:31:12 - [MESSAGE][NOT_RUN] - NOT_RUN: verifyEqual(PLANNING_ACCOUNT_NAME, plaAcctName)]]></system-out>
         <system-err><![CDATA[]]></system-err>
      </testcase>
      <testcase name="Test Cases/Regression_TF_Customer/Create_Record/TC_13_Create_LDI_Vendor_Site" classname="Test Cases/Regression_TF_Customer/Create_Record/TC_13_Create_LDI_Vendor_Site" status="PASSED">
         <system-out><![CDATA[2019-01-18 20:31:12 - [TEST_CASE][PASSED] - Test Cases/Regression_TF_Customer/Create_Record/TC_13_Create_LDI_Vendor_Site: Test Cases/Regression_TF_Customer/Create_Record/TC_13_Create_LDI_Vendor_Site

2019-01-18 20:31:12 - [TEST_STEP][PASSED] - waitForPageLoad(G_Timeout): Wait for page load successfully

2019-01-18 20:31:12 - [MESSAGE][PASSED] - Wait for page load successfully

2019-01-18 20:31:12 - [TEST_STEP][PASSED] - mouseOver(findTestObject("TF_Customer_Create/1_Menu_Navigation_To_Open_All_Pages/0_Menu_Create_In_Data_View")): Object: 'Object Repository/TF_Customer_Create/1_Menu_Navigation_To_Open_All_Pages/0_Menu_Create_In_Data_View' is hovered

2019-01-18 20:31:12 - [MESSAGE][PASSED] - Object: 'Object Repository/TF_Customer_Create/1_Menu_Navigation_To_Open_All_Pages/0_Menu_Create_In_Data_View' is hovered

2019-01-18 20:31:12 - [TEST_STEP][PASSED] - waitForPageLoad(G_Timeout): Wait for page load successfully

2019-01-18 20:31:12 - [MESSAGE][PASSED] - Wait for page load successfully

2019-01-18 20:31:12 - [TEST_STEP][PASSED] - mouseOver(findTestObject("TF_Customer_Create/1_Menu_Navigation_To_Open_All_Pages/1_Menu_Create_Master_Data")): Object: 'Object Repository/TF_Customer_Create/1_Menu_Navigation_To_Open_All_Pages/1_Menu_Create_Master_Data' is hovered

2019-01-18 20:31:12 - [MESSAGE][PASSED] - Object: 'Object Repository/TF_Customer_Create/1_Menu_Navigation_To_Open_All_Pages/1_Menu_Create_Master_Data' is hovered

2019-01-18 20:31:12 - [TEST_STEP][PASSED] - waitForPageLoad(G_Timeout): Wait for page load successfully

2019-01-18 20:31:12 - [MESSAGE][PASSED] - Wait for page load successfully

2019-01-18 20:31:12 - [TEST_STEP][PASSED] - mouseOver(findTestObject("TF_Customer_Create/1_Menu_Navigation_To_Open_All_Pages/3_Planning_Account_Hoverover_Option")): Object: 'Object Repository/TF_Customer_Create/1_Menu_Navigation_To_Open_All_Pages/3_Planning_Account_Hoverover_Option' is hovered

2019-01-18 20:31:13 - [MESSAGE][PASSED] - Object: 'Object Repository/TF_Customer_Create/1_Menu_Navigation_To_Open_All_Pages/3_Planning_Account_Hoverover_Option' is hovered

2019-01-18 20:31:13 - [TEST_STEP][PASSED] - waitForPageLoad(G_Timeout): Wait for page load successfully

2019-01-18 20:31:13 - [MESSAGE][PASSED] - Wait for page load successfully

2019-01-18 20:31:13 - [TEST_STEP][PASSED] - click(findTestObject("TF_Customer_Create/2_Select_Menu_Options(All)/13_LDI_Vendor_Site")): Object: 'Object Repository/TF_Customer_Create/2_Select_Menu_Options(All)/13_LDI_Vendor_Site' is clicked on

2019-01-18 20:31:13 - [MESSAGE][PASSED] - Object: 'Object Repository/TF_Customer_Create/2_Select_Menu_Options(All)/13_LDI_Vendor_Site' is clicked on

2019-01-18 20:31:13 - [TEST_STEP][PASSED] - waitForPageLoad(G_Timeout): Wait for page load successfully

2019-01-18 20:31:13 - [MESSAGE][PASSED] - Wait for page load successfully

2019-01-18 20:31:13 - [TEST_STEP][PASSED] - delay(3): Delayed 3 second(s)

2019-01-18 20:31:16 - [MESSAGE][PASSED] - Delayed 3 second(s)

2019-01-18 20:31:16 - [TEST_STEP][PASSED] - vndSiteName = com.oracledb.regressiontest.genName(15): com.oracledb.regressiontest.genName is PASSED

2019-01-18 20:31:16 - [MESSAGE][PASSED] - com.oracledb.regressiontest.genName is PASSED

2019-01-18 20:31:16 - [TEST_STEP][PASSED] - vndSiteNumber = com.oracledb.regressiontest.genName(12): com.oracledb.regressiontest.genName is PASSED

2019-01-18 20:31:16 - [MESSAGE][PASSED] - com.oracledb.regressiontest.genName is PASSED

2019-01-18 20:31:16 - [TEST_STEP][PASSED] - vndSiteCd = com.oracledb.regressiontest.genName(10): com.oracledb.regressiontest.genName is PASSED

2019-01-18 20:31:16 - [MESSAGE][PASSED] - com.oracledb.regressiontest.genName is PASSED

2019-01-18 20:31:16 - [TEST_STEP][PASSED] - vndSiteCity = com.oracledb.regressiontest.genName(8): com.oracledb.regressiontest.genName is PASSED

2019-01-18 20:31:16 - [MESSAGE][PASSED] - com.oracledb.regressiontest.genName is PASSED

2019-01-18 20:31:16 - [TEST_STEP][PASSED] - vndSitePtlCd = com.oracledb.regressiontest.genName(6): com.oracledb.regressiontest.genName is PASSED

2019-01-18 20:31:16 - [MESSAGE][PASSED] - com.oracledb.regressiontest.genName is PASSED

2019-01-18 20:31:16 - [TEST_STEP][PASSED] - setText(findTestObject("TF_Customer_Create/4_Create_Objects_And_Save/13_Create_LDI_Vendor_Site/Input_Vendor_Site_Name/input_Vendor_Site_Nm"), vndSiteName): Text 'JWUXGQXRTVZOFW1' is set on object 'Object Repository/TF_Customer_Create/4_Create_Objects_And_Save/13_Create_LDI_Vendor_Site/Input_Vendor_Site_Name/input_Vendor_Site_Nm'

2019-01-18 20:31:16 - [MESSAGE][PASSED] - Text 'JWUXGQXRTVZOFW1' is set on object 'Object Repository/TF_Customer_Create/4_Create_Objects_And_Save/13_Create_LDI_Vendor_Site/Input_Vendor_Site_Name/input_Vendor_Site_Nm'

2019-01-18 20:31:16 - [TEST_STEP][PASSED] - setText(findTestObject("TF_Customer_Create/4_Create_Objects_And_Save/13_Create_LDI_Vendor_Site/Input_Vendor_Site_Name/input_Vendor_Site_Number"), vndSiteNumber): Text '7NBDFDD7OUP5' is set on object 'Object Repository/TF_Customer_Create/4_Create_Objects_And_Save/13_Create_LDI_Vendor_Site/Input_Vendor_Site_Name/input_Vendor_Site_Number'

2019-01-18 20:31:16 - [MESSAGE][PASSED] - Text '7NBDFDD7OUP5' is set on object 'Object Repository/TF_Customer_Create/4_Create_Objects_And_Save/13_Create_LDI_Vendor_Site/Input_Vendor_Site_Name/input_Vendor_Site_Number'

2019-01-18 20:31:16 - [TEST_STEP][PASSED] - setText(findTestObject("TF_Customer_Create/4_Create_Objects_And_Save/13_Create_LDI_Vendor_Site/Input_Vendor_Site_Name/input_Vendor_Site_Cd"), vndSiteCd): Text 'I5GXP72IJ1' is set on object 'Object Repository/TF_Customer_Create/4_Create_Objects_And_Save/13_Create_LDI_Vendor_Site/Input_Vendor_Site_Name/input_Vendor_Site_Cd'

2019-01-18 20:31:16 - [MESSAGE][PASSED] - Text 'I5GXP72IJ1' is set on object 'Object Repository/TF_Customer_Create/4_Create_Objects_And_Save/13_Create_LDI_Vendor_Site/Input_Vendor_Site_Name/input_Vendor_Site_Cd'

2019-01-18 20:31:16 - [TEST_STEP][PASSED] - setText(findTestObject("TF_Customer_Create/4_Create_Objects_And_Save/13_Create_LDI_Vendor_Site/Input_Vendor_Site_Name/input_Vendor_Site_City"), vndSiteCity): Text 'OQKQAPNT' is set on object 'Object Repository/TF_Customer_Create/4_Create_Objects_And_Save/13_Create_LDI_Vendor_Site/Input_Vendor_Site_Name/input_Vendor_Site_City'

2019-01-18 20:31:16 - [MESSAGE][PASSED] - Text 'OQKQAPNT' is set on object 'Object Repository/TF_Customer_Create/4_Create_Objects_And_Save/13_Create_LDI_Vendor_Site/Input_Vendor_Site_Name/input_Vendor_Site_City'

2019-01-18 20:31:16 - [TEST_STEP][PASSED] - setText(findTestObject("TF_Customer_Create/4_Create_Objects_And_Save/13_Create_LDI_Vendor_Site/Input_Vendor_Site_Name/input_Vendor_Site_Postal_Code"), vndSitePtlCd): Text 'DMB0Q7' is set on object 'Object Repository/TF_Customer_Create/4_Create_Objects_And_Save/13_Create_LDI_Vendor_Site/Input_Vendor_Site_Name/input_Vendor_Site_Postal_Code'

2019-01-18 20:31:17 - [MESSAGE][PASSED] - Text 'DMB0Q7' is set on object 'Object Repository/TF_Customer_Create/4_Create_Objects_And_Save/13_Create_LDI_Vendor_Site/Input_Vendor_Site_Name/input_Vendor_Site_Postal_Code'

2019-01-18 20:31:17 - [TEST_STEP][PASSED] - setText(findTestObject("TF_Customer_Create/4_Create_Objects_And_Save/13_Create_LDI_Vendor_Site/Input_Vendor_Site_Name/input_Vendor_Site_Inactive_dt"), input_Eff_Dt): Text '18/Jan/2019' is set on object 'Object Repository/TF_Customer_Create/4_Create_Objects_And_Save/13_Create_LDI_Vendor_Site/Input_Vendor_Site_Name/input_Vendor_Site_Inactive_dt'

2019-01-18 20:31:17 - [MESSAGE][PASSED] - Text '18/Jan/2019' is set on object 'Object Repository/TF_Customer_Create/4_Create_Objects_And_Save/13_Create_LDI_Vendor_Site/Input_Vendor_Site_Name/input_Vendor_Site_Inactive_dt'

2019-01-18 20:31:17 - [TEST_STEP][PASSED] - delay(2): Delayed 2 second(s)

2019-01-18 20:31:19 - [MESSAGE][PASSED] - Delayed 2 second(s)

2019-01-18 20:31:19 - [TEST_STEP][PASSED] - click(findTestObject("TF_Customer_Create/3_Common_Action_Buttons/Click_Data_Tab/span_Data_Tab")): Object: 'Object Repository/TF_Customer_Create/3_Common_Action_Buttons/Click_Data_Tab/span_Data_Tab' is clicked on

2019-01-18 20:31:19 - [MESSAGE][PASSED] - Object: 'Object Repository/TF_Customer_Create/3_Common_Action_Buttons/Click_Data_Tab/span_Data_Tab' is clicked on

2019-01-18 20:31:19 - [TEST_STEP][NOT_RUN] - click(findTestObject("TF_Customer_Create/4_Create_Objects_And_Save/Choose_Sales_Org/Click_Sales_Org_DD"), CONTINUE_ON_FAILURE): NOT_RUN: click(findTestObject("TF_Customer_Create/4_Create_Objects_And_Save/Choose_Sales_Org/Click_Sales_Org_DD"), CONTINUE_ON_FAILURE)

2019-01-18 20:31:19 - [MESSAGE][NOT_RUN] - NOT_RUN: click(findTestObject("TF_Customer_Create/4_Create_Objects_And_Save/Choose_Sales_Org/Click_Sales_Org_DD"), CONTINUE_ON_FAILURE)

2019-01-18 20:31:19 - [TEST_STEP][NOT_RUN] - click(findTestObject("TF_Customer_Create/4_Create_Objects_And_Save/Choose_Sales_Org/CA_Object"), CONTINUE_ON_FAILURE): NOT_RUN: click(findTestObject("TF_Customer_Create/4_Create_Objects_And_Save/Choose_Sales_Org/CA_Object"), CONTINUE_ON_FAILURE)

2019-01-18 20:31:19 - [MESSAGE][NOT_RUN] - NOT_RUN: click(findTestObject("TF_Customer_Create/4_Create_Objects_And_Save/Choose_Sales_Org/CA_Object"), CONTINUE_ON_FAILURE)

2019-01-18 20:31:19 - [TEST_STEP][PASSED] - delay(2): Delayed 2 second(s)

2019-01-18 20:31:21 - [MESSAGE][PASSED] - Delayed 2 second(s)

2019-01-18 20:31:21 - [TEST_STEP][PASSED] - click(findTestObject("TF_Customer_Create/3_Common_Action_Buttons/Click_Apply_Button/td_Apply")): Object: 'Object Repository/TF_Customer_Create/3_Common_Action_Buttons/Click_Apply_Button/td_Apply' is clicked on

2019-01-18 20:31:21 - [MESSAGE][PASSED] - Object: 'Object Repository/TF_Customer_Create/3_Common_Action_Buttons/Click_Apply_Button/td_Apply' is clicked on

2019-01-18 20:31:21 - [TEST_STEP][PASSED] - delay(2): Delayed 2 second(s)

2019-01-18 20:31:23 - [MESSAGE][PASSED] - Delayed 2 second(s)

2019-01-18 20:31:23 - [TEST_STEP][PASSED] - click(findTestObject("TF_Customer_Create/3_Common_Action_Buttons/Click_Save_Button/btn_Save")): Object: 'Object Repository/TF_Customer_Create/3_Common_Action_Buttons/Click_Save_Button/btn_Save' is clicked on

2019-01-18 20:31:23 - [MESSAGE][PASSED] - Object: 'Object Repository/TF_Customer_Create/3_Common_Action_Buttons/Click_Save_Button/btn_Save' is clicked on

2019-01-18 20:31:23 - [TEST_STEP][PASSED] - delay(2): Delayed 2 second(s)

2019-01-18 20:31:25 - [MESSAGE][PASSED] - Delayed 2 second(s)

2019-01-18 20:31:25 - [TEST_STEP][NOT_RUN] - verifyElementText(findTestObject("TF_Customer_Create/3_Common_Action_Buttons/Verify_Success_Message/Success_Message"), "Record has been saved successfully.", CONTINUE_ON_FAILURE): NOT_RUN: verifyElementText(findTestObject("TF_Customer_Create/3_Common_Action_Buttons/Verify_Success_Message/Success_Message"), "Record has been saved successfully.", CONTINUE_ON_FAILURE)

2019-01-18 20:31:25 - [MESSAGE][NOT_RUN] - NOT_RUN: verifyElementText(findTestObject("TF_Customer_Create/3_Common_Action_Buttons/Verify_Success_Message/Success_Message"), "Record has been saved successfully.", CONTINUE_ON_FAILURE)

2019-01-18 20:31:25 - [TEST_STEP][NOT_RUN] - click(findTestObject("TF_Customer_Create/3_Common_Action_Buttons/Click_Data_Tab/span_Data_Tab")): NOT_RUN: click(findTestObject("TF_Customer_Create/3_Common_Action_Buttons/Click_Data_Tab/span_Data_Tab"))

2019-01-18 20:31:25 - [MESSAGE][NOT_RUN] - NOT_RUN: click(findTestObject("TF_Customer_Create/3_Common_Action_Buttons/Click_Data_Tab/span_Data_Tab"))

2019-01-18 20:31:25 - [TEST_STEP][NOT_RUN] - delay(1): NOT_RUN: delay(1)

2019-01-18 20:31:25 - [MESSAGE][NOT_RUN] - NOT_RUN: delay(1)

2019-01-18 20:31:25 - [TEST_STEP][NOT_RUN] - click(findTestObject("TF_Customer_Create/3_Common_Action_Buttons/Click_Close_Button/btn_Close")): NOT_RUN: click(findTestObject("TF_Customer_Create/3_Common_Action_Buttons/Click_Close_Button/btn_Close"))

2019-01-18 20:31:25 - [MESSAGE][NOT_RUN] - NOT_RUN: click(findTestObject("TF_Customer_Create/3_Common_Action_Buttons/Click_Close_Button/btn_Close"))

2019-01-18 20:31:25 - [TEST_STEP][NOT_RUN] - delay(2): NOT_RUN: delay(2)

2019-01-18 20:31:25 - [MESSAGE][NOT_RUN] - NOT_RUN: delay(2)

2019-01-18 20:31:25 - [TEST_STEP][NOT_RUN] - vrfy_PLA = com.oracledb.regressiontest.verifyPLA(ora_connt, ora_usr, ora_psswrd, ora_schema, plaAcctName): NOT_RUN: vrfy_PLA = com.oracledb.regressiontest.verifyPLA(ora_connt, ora_usr, ora_psswrd, ora_schema, plaAcctName)

2019-01-18 20:31:25 - [MESSAGE][NOT_RUN] - NOT_RUN: vrfy_PLA = com.oracledb.regressiontest.verifyPLA(ora_connt, ora_usr, ora_psswrd, ora_schema, plaAcctName)

2019-01-18 20:31:25 - [TEST_STEP][NOT_RUN] - println("Planning Account Name"): NOT_RUN: println("Planning Account Name")

2019-01-18 20:31:25 - [MESSAGE][NOT_RUN] - NOT_RUN: println("Planning Account Name")

2019-01-18 20:31:25 - [TEST_STEP][NOT_RUN] - verifyEqual(PLANNING_ACCOUNT_NAME, plaAcctName): NOT_RUN: verifyEqual(PLANNING_ACCOUNT_NAME, plaAcctName)

2019-01-18 20:31:25 - [MESSAGE][NOT_RUN] - NOT_RUN: verifyEqual(PLANNING_ACCOUNT_NAME, plaAcctName)]]></system-out>
         <system-err><![CDATA[]]></system-err>
      </testcase>
      <testcase name="Test Cases/Regression_TF_Customer/Create_Record/TC_13_Create_LDI_Vendor_Site" classname="Test Cases/Regression_TF_Customer/Create_Record/TC_13_Create_LDI_Vendor_Site" status="PASSED">
         <system-out><![CDATA[2019-01-18 20:31:25 - [TEST_CASE][PASSED] - Test Cases/Regression_TF_Customer/Create_Record/TC_13_Create_LDI_Vendor_Site: Test Cases/Regression_TF_Customer/Create_Record/TC_13_Create_LDI_Vendor_Site

2019-01-18 20:31:25 - [TEST_STEP][PASSED] - waitForPageLoad(G_Timeout): Wait for page load successfully

2019-01-18 20:31:25 - [MESSAGE][PASSED] - Wait for page load successfully

2019-01-18 20:31:25 - [TEST_STEP][PASSED] - mouseOver(findTestObject("TF_Customer_Create/1_Menu_Navigation_To_Open_All_Pages/0_Menu_Create_In_Data_View")): Object: 'Object Repository/TF_Customer_Create/1_Menu_Navigation_To_Open_All_Pages/0_Menu_Create_In_Data_View' is hovered

2019-01-18 20:31:25 - [MESSAGE][PASSED] - Object: 'Object Repository/TF_Customer_Create/1_Menu_Navigation_To_Open_All_Pages/0_Menu_Create_In_Data_View' is hovered

2019-01-18 20:31:25 - [TEST_STEP][PASSED] - waitForPageLoad(G_Timeout): Wait for page load successfully

2019-01-18 20:31:25 - [MESSAGE][PASSED] - Wait for page load successfully

2019-01-18 20:31:25 - [TEST_STEP][PASSED] - mouseOver(findTestObject("TF_Customer_Create/1_Menu_Navigation_To_Open_All_Pages/1_Menu_Create_Master_Data")): Object: 'Object Repository/TF_Customer_Create/1_Menu_Navigation_To_Open_All_Pages/1_Menu_Create_Master_Data' is hovered

2019-01-18 20:31:25 - [MESSAGE][PASSED] - Object: 'Object Repository/TF_Customer_Create/1_Menu_Navigation_To_Open_All_Pages/1_Menu_Create_Master_Data' is hovered

2019-01-18 20:31:25 - [TEST_STEP][PASSED] - waitForPageLoad(G_Timeout): Wait for page load successfully

2019-01-18 20:31:25 - [MESSAGE][PASSED] - Wait for page load successfully

2019-01-18 20:31:25 - [TEST_STEP][PASSED] - mouseOver(findTestObject("TF_Customer_Create/1_Menu_Navigation_To_Open_All_Pages/3_Planning_Account_Hoverover_Option")): Object: 'Object Repository/TF_Customer_Create/1_Menu_Navigation_To_Open_All_Pages/3_Planning_Account_Hoverover_Option' is hovered

2019-01-18 20:31:26 - [MESSAGE][PASSED] - Object: 'Object Repository/TF_Customer_Create/1_Menu_Navigation_To_Open_All_Pages/3_Planning_Account_Hoverover_Option' is hovered

2019-01-18 20:31:26 - [TEST_STEP][PASSED] - waitForPageLoad(G_Timeout): Wait for page load successfully

2019-01-18 20:31:26 - [MESSAGE][PASSED] - Wait for page load successfully

2019-01-18 20:31:26 - [TEST_STEP][PASSED] - click(findTestObject("TF_Customer_Create/2_Select_Menu_Options(All)/13_LDI_Vendor_Site")): Object: 'Object Repository/TF_Customer_Create/2_Select_Menu_Options(All)/13_LDI_Vendor_Site' is clicked on

2019-01-18 20:31:26 - [MESSAGE][PASSED] - Object: 'Object Repository/TF_Customer_Create/2_Select_Menu_Options(All)/13_LDI_Vendor_Site' is clicked on

2019-01-18 20:31:26 - [TEST_STEP][PASSED] - waitForPageLoad(G_Timeout): Wait for page load successfully

2019-01-18 20:31:26 - [MESSAGE][PASSED] - Wait for page load successfully

2019-01-18 20:31:26 - [TEST_STEP][PASSED] - delay(3): Delayed 3 second(s)

2019-01-18 20:31:29 - [MESSAGE][PASSED] - Delayed 3 second(s)

2019-01-18 20:31:29 - [TEST_STEP][PASSED] - vndSiteName = com.oracledb.regressiontest.genName(15): com.oracledb.regressiontest.genName is PASSED

2019-01-18 20:31:29 - [MESSAGE][PASSED] - com.oracledb.regressiontest.genName is PASSED

2019-01-18 20:31:29 - [TEST_STEP][PASSED] - vndSiteNumber = com.oracledb.regressiontest.genName(12): com.oracledb.regressiontest.genName is PASSED

2019-01-18 20:31:29 - [MESSAGE][PASSED] - com.oracledb.regressiontest.genName is PASSED

2019-01-18 20:31:29 - [TEST_STEP][PASSED] - vndSiteCd = com.oracledb.regressiontest.genName(10): com.oracledb.regressiontest.genName is PASSED

2019-01-18 20:31:29 - [MESSAGE][PASSED] - com.oracledb.regressiontest.genName is PASSED

2019-01-18 20:31:29 - [TEST_STEP][PASSED] - vndSiteCity = com.oracledb.regressiontest.genName(8): com.oracledb.regressiontest.genName is PASSED

2019-01-18 20:31:29 - [MESSAGE][PASSED] - com.oracledb.regressiontest.genName is PASSED

2019-01-18 20:31:29 - [TEST_STEP][PASSED] - vndSitePtlCd = com.oracledb.regressiontest.genName(6): com.oracledb.regressiontest.genName is PASSED

2019-01-18 20:31:29 - [MESSAGE][PASSED] - com.oracledb.regressiontest.genName is PASSED

2019-01-18 20:31:29 - [TEST_STEP][PASSED] - setText(findTestObject("TF_Customer_Create/4_Create_Objects_And_Save/13_Create_LDI_Vendor_Site/Input_Vendor_Site_Name/input_Vendor_Site_Nm"), vndSiteName): Text '2Y6MFG7MRFHPDHY' is set on object 'Object Repository/TF_Customer_Create/4_Create_Objects_And_Save/13_Create_LDI_Vendor_Site/Input_Vendor_Site_Name/input_Vendor_Site_Nm'

2019-01-18 20:31:29 - [MESSAGE][PASSED] - Text '2Y6MFG7MRFHPDHY' is set on object 'Object Repository/TF_Customer_Create/4_Create_Objects_And_Save/13_Create_LDI_Vendor_Site/Input_Vendor_Site_Name/input_Vendor_Site_Nm'

2019-01-18 20:31:29 - [TEST_STEP][PASSED] - setText(findTestObject("TF_Customer_Create/4_Create_Objects_And_Save/13_Create_LDI_Vendor_Site/Input_Vendor_Site_Name/input_Vendor_Site_Number"), vndSiteNumber): Text 'Y9DOA6PGZ1U3' is set on object 'Object Repository/TF_Customer_Create/4_Create_Objects_And_Save/13_Create_LDI_Vendor_Site/Input_Vendor_Site_Name/input_Vendor_Site_Number'

2019-01-18 20:31:29 - [MESSAGE][PASSED] - Text 'Y9DOA6PGZ1U3' is set on object 'Object Repository/TF_Customer_Create/4_Create_Objects_And_Save/13_Create_LDI_Vendor_Site/Input_Vendor_Site_Name/input_Vendor_Site_Number'

2019-01-18 20:31:29 - [TEST_STEP][PASSED] - setText(findTestObject("TF_Customer_Create/4_Create_Objects_And_Save/13_Create_LDI_Vendor_Site/Input_Vendor_Site_Name/input_Vendor_Site_Cd"), vndSiteCd): Text 'Y9C8PEPM2T' is set on object 'Object Repository/TF_Customer_Create/4_Create_Objects_And_Save/13_Create_LDI_Vendor_Site/Input_Vendor_Site_Name/input_Vendor_Site_Cd'

2019-01-18 20:31:30 - [MESSAGE][PASSED] - Text 'Y9C8PEPM2T' is set on object 'Object Repository/TF_Customer_Create/4_Create_Objects_And_Save/13_Create_LDI_Vendor_Site/Input_Vendor_Site_Name/input_Vendor_Site_Cd'

2019-01-18 20:31:30 - [TEST_STEP][PASSED] - setText(findTestObject("TF_Customer_Create/4_Create_Objects_And_Save/13_Create_LDI_Vendor_Site/Input_Vendor_Site_Name/input_Vendor_Site_City"), vndSiteCity): Text 'GTIF0Q5D' is set on object 'Object Repository/TF_Customer_Create/4_Create_Objects_And_Save/13_Create_LDI_Vendor_Site/Input_Vendor_Site_Name/input_Vendor_Site_City'

2019-01-18 20:31:30 - [MESSAGE][PASSED] - Text 'GTIF0Q5D' is set on object 'Object Repository/TF_Customer_Create/4_Create_Objects_And_Save/13_Create_LDI_Vendor_Site/Input_Vendor_Site_Name/input_Vendor_Site_City'

2019-01-18 20:31:30 - [TEST_STEP][PASSED] - setText(findTestObject("TF_Customer_Create/4_Create_Objects_And_Save/13_Create_LDI_Vendor_Site/Input_Vendor_Site_Name/input_Vendor_Site_Postal_Code"), vndSitePtlCd): Text '139TT0' is set on object 'Object Repository/TF_Customer_Create/4_Create_Objects_And_Save/13_Create_LDI_Vendor_Site/Input_Vendor_Site_Name/input_Vendor_Site_Postal_Code'

2019-01-18 20:31:30 - [MESSAGE][PASSED] - Text '139TT0' is set on object 'Object Repository/TF_Customer_Create/4_Create_Objects_And_Save/13_Create_LDI_Vendor_Site/Input_Vendor_Site_Name/input_Vendor_Site_Postal_Code'

2019-01-18 20:31:30 - [TEST_STEP][PASSED] - setText(findTestObject("TF_Customer_Create/4_Create_Objects_And_Save/13_Create_LDI_Vendor_Site/Input_Vendor_Site_Name/input_Vendor_Site_Inactive_dt"), input_Eff_Dt): Text '18/Jan/2019' is set on object 'Object Repository/TF_Customer_Create/4_Create_Objects_And_Save/13_Create_LDI_Vendor_Site/Input_Vendor_Site_Name/input_Vendor_Site_Inactive_dt'

2019-01-18 20:31:30 - [MESSAGE][PASSED] - Text '18/Jan/2019' is set on object 'Object Repository/TF_Customer_Create/4_Create_Objects_And_Save/13_Create_LDI_Vendor_Site/Input_Vendor_Site_Name/input_Vendor_Site_Inactive_dt'

2019-01-18 20:31:30 - [TEST_STEP][PASSED] - delay(2): Delayed 2 second(s)

2019-01-18 20:31:32 - [MESSAGE][PASSED] - Delayed 2 second(s)

2019-01-18 20:31:32 - [TEST_STEP][PASSED] - click(findTestObject("TF_Customer_Create/3_Common_Action_Buttons/Click_Data_Tab/span_Data_Tab")): Object: 'Object Repository/TF_Customer_Create/3_Common_Action_Buttons/Click_Data_Tab/span_Data_Tab' is clicked on

2019-01-18 20:31:32 - [MESSAGE][PASSED] - Object: 'Object Repository/TF_Customer_Create/3_Common_Action_Buttons/Click_Data_Tab/span_Data_Tab' is clicked on

2019-01-18 20:31:32 - [TEST_STEP][NOT_RUN] - click(findTestObject("TF_Customer_Create/4_Create_Objects_And_Save/Choose_Sales_Org/Click_Sales_Org_DD"), CONTINUE_ON_FAILURE): NOT_RUN: click(findTestObject("TF_Customer_Create/4_Create_Objects_And_Save/Choose_Sales_Org/Click_Sales_Org_DD"), CONTINUE_ON_FAILURE)

2019-01-18 20:31:32 - [MESSAGE][NOT_RUN] - NOT_RUN: click(findTestObject("TF_Customer_Create/4_Create_Objects_And_Save/Choose_Sales_Org/Click_Sales_Org_DD"), CONTINUE_ON_FAILURE)

2019-01-18 20:31:32 - [TEST_STEP][NOT_RUN] - click(findTestObject("TF_Customer_Create/4_Create_Objects_And_Save/Choose_Sales_Org/CA_Object"), CONTINUE_ON_FAILURE): NOT_RUN: click(findTestObject("TF_Customer_Create/4_Create_Objects_And_Save/Choose_Sales_Org/CA_Object"), CONTINUE_ON_FAILURE)

2019-01-18 20:31:32 - [MESSAGE][NOT_RUN] - NOT_RUN: click(findTestObject("TF_Customer_Create/4_Create_Objects_And_Save/Choose_Sales_Org/CA_Object"), CONTINUE_ON_FAILURE)

2019-01-18 20:31:32 - [TEST_STEP][PASSED] - delay(2): Delayed 2 second(s)

2019-01-18 20:31:34 - [MESSAGE][PASSED] - Delayed 2 second(s)

2019-01-18 20:31:34 - [TEST_STEP][PASSED] - click(findTestObject("TF_Customer_Create/3_Common_Action_Buttons/Click_Apply_Button/td_Apply")): Object: 'Object Repository/TF_Customer_Create/3_Common_Action_Buttons/Click_Apply_Button/td_Apply' is clicked on

2019-01-18 20:31:34 - [MESSAGE][PASSED] - Object: 'Object Repository/TF_Customer_Create/3_Common_Action_Buttons/Click_Apply_Button/td_Apply' is clicked on

2019-01-18 20:31:34 - [TEST_STEP][PASSED] - delay(2): Delayed 2 second(s)

2019-01-18 20:31:36 - [MESSAGE][PASSED] - Delayed 2 second(s)

2019-01-18 20:31:36 - [TEST_STEP][PASSED] - click(findTestObject("TF_Customer_Create/3_Common_Action_Buttons/Click_Save_Button/btn_Save")): Object: 'Object Repository/TF_Customer_Create/3_Common_Action_Buttons/Click_Save_Button/btn_Save' is clicked on

2019-01-18 20:31:36 - [MESSAGE][PASSED] - Object: 'Object Repository/TF_Customer_Create/3_Common_Action_Buttons/Click_Save_Button/btn_Save' is clicked on

2019-01-18 20:31:36 - [TEST_STEP][PASSED] - delay(2): Delayed 2 second(s)

2019-01-18 20:31:38 - [MESSAGE][PASSED] - Delayed 2 second(s)

2019-01-18 20:31:38 - [TEST_STEP][NOT_RUN] - verifyElementText(findTestObject("TF_Customer_Create/3_Common_Action_Buttons/Verify_Success_Message/Success_Message"), "Record has been saved successfully.", CONTINUE_ON_FAILURE): NOT_RUN: verifyElementText(findTestObject("TF_Customer_Create/3_Common_Action_Buttons/Verify_Success_Message/Success_Message"), "Record has been saved successfully.", CONTINUE_ON_FAILURE)

2019-01-18 20:31:38 - [MESSAGE][NOT_RUN] - NOT_RUN: verifyElementText(findTestObject("TF_Customer_Create/3_Common_Action_Buttons/Verify_Success_Message/Success_Message"), "Record has been saved successfully.", CONTINUE_ON_FAILURE)

2019-01-18 20:31:38 - [TEST_STEP][NOT_RUN] - click(findTestObject("TF_Customer_Create/3_Common_Action_Buttons/Click_Data_Tab/span_Data_Tab")): NOT_RUN: click(findTestObject("TF_Customer_Create/3_Common_Action_Buttons/Click_Data_Tab/span_Data_Tab"))

2019-01-18 20:31:38 - [MESSAGE][NOT_RUN] - NOT_RUN: click(findTestObject("TF_Customer_Create/3_Common_Action_Buttons/Click_Data_Tab/span_Data_Tab"))

2019-01-18 20:31:38 - [TEST_STEP][NOT_RUN] - delay(1): NOT_RUN: delay(1)

2019-01-18 20:31:38 - [MESSAGE][NOT_RUN] - NOT_RUN: delay(1)

2019-01-18 20:31:38 - [TEST_STEP][NOT_RUN] - click(findTestObject("TF_Customer_Create/3_Common_Action_Buttons/Click_Close_Button/btn_Close")): NOT_RUN: click(findTestObject("TF_Customer_Create/3_Common_Action_Buttons/Click_Close_Button/btn_Close"))

2019-01-18 20:31:38 - [MESSAGE][NOT_RUN] - NOT_RUN: click(findTestObject("TF_Customer_Create/3_Common_Action_Buttons/Click_Close_Button/btn_Close"))

2019-01-18 20:31:38 - [TEST_STEP][NOT_RUN] - delay(2): NOT_RUN: delay(2)

2019-01-18 20:31:38 - [MESSAGE][NOT_RUN] - NOT_RUN: delay(2)

2019-01-18 20:31:38 - [TEST_STEP][NOT_RUN] - vrfy_PLA = com.oracledb.regressiontest.verifyPLA(ora_connt, ora_usr, ora_psswrd, ora_schema, plaAcctName): NOT_RUN: vrfy_PLA = com.oracledb.regressiontest.verifyPLA(ora_connt, ora_usr, ora_psswrd, ora_schema, plaAcctName)

2019-01-18 20:31:38 - [MESSAGE][NOT_RUN] - NOT_RUN: vrfy_PLA = com.oracledb.regressiontest.verifyPLA(ora_connt, ora_usr, ora_psswrd, ora_schema, plaAcctName)

2019-01-18 20:31:38 - [TEST_STEP][NOT_RUN] - println("Planning Account Name"): NOT_RUN: println("Planning Account Name")

2019-01-18 20:31:38 - [MESSAGE][NOT_RUN] - NOT_RUN: println("Planning Account Name")

2019-01-18 20:31:38 - [TEST_STEP][NOT_RUN] - verifyEqual(PLANNING_ACCOUNT_NAME, plaAcctName): NOT_RUN: verifyEqual(PLANNING_ACCOUNT_NAME, plaAcctName)

2019-01-18 20:31:38 - [MESSAGE][NOT_RUN] - NOT_RUN: verifyEqual(PLANNING_ACCOUNT_NAME, plaAcctName)]]></system-out>
         <system-err><![CDATA[]]></system-err>
      </testcase>
      <testcase name="Test Cases/Regression_TF_Customer/Create_Record/TC_13_Create_LDI_Vendor_Site" classname="Test Cases/Regression_TF_Customer/Create_Record/TC_13_Create_LDI_Vendor_Site" status="PASSED">
         <system-out><![CDATA[2019-01-18 20:31:38 - [TEST_CASE][PASSED] - Test Cases/Regression_TF_Customer/Create_Record/TC_13_Create_LDI_Vendor_Site: Test Cases/Regression_TF_Customer/Create_Record/TC_13_Create_LDI_Vendor_Site

2019-01-18 20:31:38 - [TEST_STEP][PASSED] - waitForPageLoad(G_Timeout): Wait for page load successfully

2019-01-18 20:31:38 - [MESSAGE][PASSED] - Wait for page load successfully

2019-01-18 20:31:38 - [TEST_STEP][PASSED] - mouseOver(findTestObject("TF_Customer_Create/1_Menu_Navigation_To_Open_All_Pages/0_Menu_Create_In_Data_View")): Object: 'Object Repository/TF_Customer_Create/1_Menu_Navigation_To_Open_All_Pages/0_Menu_Create_In_Data_View' is hovered

2019-01-18 20:31:39 - [MESSAGE][PASSED] - Object: 'Object Repository/TF_Customer_Create/1_Menu_Navigation_To_Open_All_Pages/0_Menu_Create_In_Data_View' is hovered

2019-01-18 20:31:39 - [TEST_STEP][PASSED] - waitForPageLoad(G_Timeout): Wait for page load successfully

2019-01-18 20:31:39 - [MESSAGE][PASSED] - Wait for page load successfully

2019-01-18 20:31:39 - [TEST_STEP][PASSED] - mouseOver(findTestObject("TF_Customer_Create/1_Menu_Navigation_To_Open_All_Pages/1_Menu_Create_Master_Data")): Object: 'Object Repository/TF_Customer_Create/1_Menu_Navigation_To_Open_All_Pages/1_Menu_Create_Master_Data' is hovered

2019-01-18 20:31:39 - [MESSAGE][PASSED] - Object: 'Object Repository/TF_Customer_Create/1_Menu_Navigation_To_Open_All_Pages/1_Menu_Create_Master_Data' is hovered

2019-01-18 20:31:39 - [TEST_STEP][PASSED] - waitForPageLoad(G_Timeout): Wait for page load successfully

2019-01-18 20:31:39 - [MESSAGE][PASSED] - Wait for page load successfully

2019-01-18 20:31:39 - [TEST_STEP][PASSED] - mouseOver(findTestObject("TF_Customer_Create/1_Menu_Navigation_To_Open_All_Pages/3_Planning_Account_Hoverover_Option")): Object: 'Object Repository/TF_Customer_Create/1_Menu_Navigation_To_Open_All_Pages/3_Planning_Account_Hoverover_Option' is hovered

2019-01-18 20:31:39 - [MESSAGE][PASSED] - Object: 'Object Repository/TF_Customer_Create/1_Menu_Navigation_To_Open_All_Pages/3_Planning_Account_Hoverover_Option' is hovered

2019-01-18 20:31:39 - [TEST_STEP][PASSED] - waitForPageLoad(G_Timeout): Wait for page load successfully

2019-01-18 20:31:39 - [MESSAGE][PASSED] - Wait for page load successfully

2019-01-18 20:31:39 - [TEST_STEP][PASSED] - click(findTestObject("TF_Customer_Create/2_Select_Menu_Options(All)/13_LDI_Vendor_Site")): Object: 'Object Repository/TF_Customer_Create/2_Select_Menu_Options(All)/13_LDI_Vendor_Site' is clicked on

2019-01-18 20:31:39 - [MESSAGE][PASSED] - Object: 'Object Repository/TF_Customer_Create/2_Select_Menu_Options(All)/13_LDI_Vendor_Site' is clicked on

2019-01-18 20:31:39 - [TEST_STEP][PASSED] - waitForPageLoad(G_Timeout): Wait for page load successfully

2019-01-18 20:31:39 - [MESSAGE][PASSED] - Wait for page load successfully

2019-01-18 20:31:39 - [TEST_STEP][PASSED] - delay(3): Delayed 3 second(s)

2019-01-18 20:31:42 - [MESSAGE][PASSED] - Delayed 3 second(s)

2019-01-18 20:31:42 - [TEST_STEP][PASSED] - vndSiteName = com.oracledb.regressiontest.genName(15): com.oracledb.regressiontest.genName is PASSED

2019-01-18 20:31:42 - [MESSAGE][PASSED] - com.oracledb.regressiontest.genName is PASSED

2019-01-18 20:31:42 - [TEST_STEP][PASSED] - vndSiteNumber = com.oracledb.regressiontest.genName(12): com.oracledb.regressiontest.genName is PASSED

2019-01-18 20:31:42 - [MESSAGE][PASSED] - com.oracledb.regressiontest.genName is PASSED

2019-01-18 20:31:42 - [TEST_STEP][PASSED] - vndSiteCd = com.oracledb.regressiontest.genName(10): com.oracledb.regressiontest.genName is PASSED

2019-01-18 20:31:42 - [MESSAGE][PASSED] - com.oracledb.regressiontest.genName is PASSED

2019-01-18 20:31:42 - [TEST_STEP][PASSED] - vndSiteCity = com.oracledb.regressiontest.genName(8): com.oracledb.regressiontest.genName is PASSED

2019-01-18 20:31:42 - [MESSAGE][PASSED] - com.oracledb.regressiontest.genName is PASSED

2019-01-18 20:31:42 - [TEST_STEP][PASSED] - vndSitePtlCd = com.oracledb.regressiontest.genName(6): com.oracledb.regressiontest.genName is PASSED

2019-01-18 20:31:42 - [MESSAGE][PASSED] - com.oracledb.regressiontest.genName is PASSED

2019-01-18 20:31:42 - [TEST_STEP][PASSED] - setText(findTestObject("TF_Customer_Create/4_Create_Objects_And_Save/13_Create_LDI_Vendor_Site/Input_Vendor_Site_Name/input_Vendor_Site_Nm"), vndSiteName): Text 'ZMR69A2IS8I4VI8' is set on object 'Object Repository/TF_Customer_Create/4_Create_Objects_And_Save/13_Create_LDI_Vendor_Site/Input_Vendor_Site_Name/input_Vendor_Site_Nm'

2019-01-18 20:31:43 - [MESSAGE][PASSED] - Text 'ZMR69A2IS8I4VI8' is set on object 'Object Repository/TF_Customer_Create/4_Create_Objects_And_Save/13_Create_LDI_Vendor_Site/Input_Vendor_Site_Name/input_Vendor_Site_Nm'

2019-01-18 20:31:43 - [TEST_STEP][PASSED] - setText(findTestObject("TF_Customer_Create/4_Create_Objects_And_Save/13_Create_LDI_Vendor_Site/Input_Vendor_Site_Name/input_Vendor_Site_Number"), vndSiteNumber): Text 'O8O9VURLGXKD' is set on object 'Object Repository/TF_Customer_Create/4_Create_Objects_And_Save/13_Create_LDI_Vendor_Site/Input_Vendor_Site_Name/input_Vendor_Site_Number'

2019-01-18 20:31:43 - [MESSAGE][PASSED] - Text 'O8O9VURLGXKD' is set on object 'Object Repository/TF_Customer_Create/4_Create_Objects_And_Save/13_Create_LDI_Vendor_Site/Input_Vendor_Site_Name/input_Vendor_Site_Number'

2019-01-18 20:31:43 - [TEST_STEP][PASSED] - setText(findTestObject("TF_Customer_Create/4_Create_Objects_And_Save/13_Create_LDI_Vendor_Site/Input_Vendor_Site_Name/input_Vendor_Site_Cd"), vndSiteCd): Text '4TZ01Y9XC2' is set on object 'Object Repository/TF_Customer_Create/4_Create_Objects_And_Save/13_Create_LDI_Vendor_Site/Input_Vendor_Site_Name/input_Vendor_Site_Cd'

2019-01-18 20:31:43 - [MESSAGE][PASSED] - Text '4TZ01Y9XC2' is set on object 'Object Repository/TF_Customer_Create/4_Create_Objects_And_Save/13_Create_LDI_Vendor_Site/Input_Vendor_Site_Name/input_Vendor_Site_Cd'

2019-01-18 20:31:43 - [TEST_STEP][PASSED] - setText(findTestObject("TF_Customer_Create/4_Create_Objects_And_Save/13_Create_LDI_Vendor_Site/Input_Vendor_Site_Name/input_Vendor_Site_City"), vndSiteCity): Text 'BPPWJSN0' is set on object 'Object Repository/TF_Customer_Create/4_Create_Objects_And_Save/13_Create_LDI_Vendor_Site/Input_Vendor_Site_Name/input_Vendor_Site_City'

2019-01-18 20:31:43 - [MESSAGE][PASSED] - Text 'BPPWJSN0' is set on object 'Object Repository/TF_Customer_Create/4_Create_Objects_And_Save/13_Create_LDI_Vendor_Site/Input_Vendor_Site_Name/input_Vendor_Site_City'

2019-01-18 20:31:43 - [TEST_STEP][PASSED] - setText(findTestObject("TF_Customer_Create/4_Create_Objects_And_Save/13_Create_LDI_Vendor_Site/Input_Vendor_Site_Name/input_Vendor_Site_Postal_Code"), vndSitePtlCd): Text '86B8F4' is set on object 'Object Repository/TF_Customer_Create/4_Create_Objects_And_Save/13_Create_LDI_Vendor_Site/Input_Vendor_Site_Name/input_Vendor_Site_Postal_Code'

2019-01-18 20:31:43 - [MESSAGE][PASSED] - Text '86B8F4' is set on object 'Object Repository/TF_Customer_Create/4_Create_Objects_And_Save/13_Create_LDI_Vendor_Site/Input_Vendor_Site_Name/input_Vendor_Site_Postal_Code'

2019-01-18 20:31:43 - [TEST_STEP][PASSED] - setText(findTestObject("TF_Customer_Create/4_Create_Objects_And_Save/13_Create_LDI_Vendor_Site/Input_Vendor_Site_Name/input_Vendor_Site_Inactive_dt"), input_Eff_Dt): Text '18/Jan/2019' is set on object 'Object Repository/TF_Customer_Create/4_Create_Objects_And_Save/13_Create_LDI_Vendor_Site/Input_Vendor_Site_Name/input_Vendor_Site_Inactive_dt'

2019-01-18 20:31:43 - [MESSAGE][PASSED] - Text '18/Jan/2019' is set on object 'Object Repository/TF_Customer_Create/4_Create_Objects_And_Save/13_Create_LDI_Vendor_Site/Input_Vendor_Site_Name/input_Vendor_Site_Inactive_dt'

2019-01-18 20:31:43 - [TEST_STEP][PASSED] - delay(2): Delayed 2 second(s)

2019-01-18 20:31:45 - [MESSAGE][PASSED] - Delayed 2 second(s)

2019-01-18 20:31:45 - [TEST_STEP][PASSED] - click(findTestObject("TF_Customer_Create/3_Common_Action_Buttons/Click_Data_Tab/span_Data_Tab")): Object: 'Object Repository/TF_Customer_Create/3_Common_Action_Buttons/Click_Data_Tab/span_Data_Tab' is clicked on

2019-01-18 20:31:45 - [MESSAGE][PASSED] - Object: 'Object Repository/TF_Customer_Create/3_Common_Action_Buttons/Click_Data_Tab/span_Data_Tab' is clicked on

2019-01-18 20:31:45 - [TEST_STEP][NOT_RUN] - click(findTestObject("TF_Customer_Create/4_Create_Objects_And_Save/Choose_Sales_Org/Click_Sales_Org_DD"), CONTINUE_ON_FAILURE): NOT_RUN: click(findTestObject("TF_Customer_Create/4_Create_Objects_And_Save/Choose_Sales_Org/Click_Sales_Org_DD"), CONTINUE_ON_FAILURE)

2019-01-18 20:31:45 - [MESSAGE][NOT_RUN] - NOT_RUN: click(findTestObject("TF_Customer_Create/4_Create_Objects_And_Save/Choose_Sales_Org/Click_Sales_Org_DD"), CONTINUE_ON_FAILURE)

2019-01-18 20:31:45 - [TEST_STEP][NOT_RUN] - click(findTestObject("TF_Customer_Create/4_Create_Objects_And_Save/Choose_Sales_Org/CA_Object"), CONTINUE_ON_FAILURE): NOT_RUN: click(findTestObject("TF_Customer_Create/4_Create_Objects_And_Save/Choose_Sales_Org/CA_Object"), CONTINUE_ON_FAILURE)

2019-01-18 20:31:45 - [MESSAGE][NOT_RUN] - NOT_RUN: click(findTestObject("TF_Customer_Create/4_Create_Objects_And_Save/Choose_Sales_Org/CA_Object"), CONTINUE_ON_FAILURE)

2019-01-18 20:31:45 - [TEST_STEP][PASSED] - delay(2): Delayed 2 second(s)

2019-01-18 20:31:47 - [MESSAGE][PASSED] - Delayed 2 second(s)

2019-01-18 20:31:47 - [TEST_STEP][PASSED] - click(findTestObject("TF_Customer_Create/3_Common_Action_Buttons/Click_Apply_Button/td_Apply")): Object: 'Object Repository/TF_Customer_Create/3_Common_Action_Buttons/Click_Apply_Button/td_Apply' is clicked on

2019-01-18 20:31:48 - [MESSAGE][PASSED] - Object: 'Object Repository/TF_Customer_Create/3_Common_Action_Buttons/Click_Apply_Button/td_Apply' is clicked on

2019-01-18 20:31:48 - [TEST_STEP][PASSED] - delay(2): Delayed 2 second(s)

2019-01-18 20:31:50 - [MESSAGE][PASSED] - Delayed 2 second(s)

2019-01-18 20:31:50 - [TEST_STEP][PASSED] - click(findTestObject("TF_Customer_Create/3_Common_Action_Buttons/Click_Save_Button/btn_Save")): Object: 'Object Repository/TF_Customer_Create/3_Common_Action_Buttons/Click_Save_Button/btn_Save' is clicked on

2019-01-18 20:31:50 - [MESSAGE][PASSED] - Object: 'Object Repository/TF_Customer_Create/3_Common_Action_Buttons/Click_Save_Button/btn_Save' is clicked on

2019-01-18 20:31:50 - [TEST_STEP][PASSED] - delay(2): Delayed 2 second(s)

2019-01-18 20:31:52 - [MESSAGE][PASSED] - Delayed 2 second(s)

2019-01-18 20:31:52 - [TEST_STEP][NOT_RUN] - verifyElementText(findTestObject("TF_Customer_Create/3_Common_Action_Buttons/Verify_Success_Message/Success_Message"), "Record has been saved successfully.", CONTINUE_ON_FAILURE): NOT_RUN: verifyElementText(findTestObject("TF_Customer_Create/3_Common_Action_Buttons/Verify_Success_Message/Success_Message"), "Record has been saved successfully.", CONTINUE_ON_FAILURE)

2019-01-18 20:31:52 - [MESSAGE][NOT_RUN] - NOT_RUN: verifyElementText(findTestObject("TF_Customer_Create/3_Common_Action_Buttons/Verify_Success_Message/Success_Message"), "Record has been saved successfully.", CONTINUE_ON_FAILURE)

2019-01-18 20:31:52 - [TEST_STEP][NOT_RUN] - click(findTestObject("TF_Customer_Create/3_Common_Action_Buttons/Click_Data_Tab/span_Data_Tab")): NOT_RUN: click(findTestObject("TF_Customer_Create/3_Common_Action_Buttons/Click_Data_Tab/span_Data_Tab"))

2019-01-18 20:31:52 - [MESSAGE][NOT_RUN] - NOT_RUN: click(findTestObject("TF_Customer_Create/3_Common_Action_Buttons/Click_Data_Tab/span_Data_Tab"))

2019-01-18 20:31:52 - [TEST_STEP][NOT_RUN] - delay(1): NOT_RUN: delay(1)

2019-01-18 20:31:52 - [MESSAGE][NOT_RUN] - NOT_RUN: delay(1)

2019-01-18 20:31:52 - [TEST_STEP][NOT_RUN] - click(findTestObject("TF_Customer_Create/3_Common_Action_Buttons/Click_Close_Button/btn_Close")): NOT_RUN: click(findTestObject("TF_Customer_Create/3_Common_Action_Buttons/Click_Close_Button/btn_Close"))

2019-01-18 20:31:52 - [MESSAGE][NOT_RUN] - NOT_RUN: click(findTestObject("TF_Customer_Create/3_Common_Action_Buttons/Click_Close_Button/btn_Close"))

2019-01-18 20:31:52 - [TEST_STEP][NOT_RUN] - delay(2): NOT_RUN: delay(2)

2019-01-18 20:31:52 - [MESSAGE][NOT_RUN] - NOT_RUN: delay(2)

2019-01-18 20:31:52 - [TEST_STEP][NOT_RUN] - vrfy_PLA = com.oracledb.regressiontest.verifyPLA(ora_connt, ora_usr, ora_psswrd, ora_schema, plaAcctName): NOT_RUN: vrfy_PLA = com.oracledb.regressiontest.verifyPLA(ora_connt, ora_usr, ora_psswrd, ora_schema, plaAcctName)

2019-01-18 20:31:52 - [MESSAGE][NOT_RUN] - NOT_RUN: vrfy_PLA = com.oracledb.regressiontest.verifyPLA(ora_connt, ora_usr, ora_psswrd, ora_schema, plaAcctName)

2019-01-18 20:31:52 - [TEST_STEP][NOT_RUN] - println("Planning Account Name"): NOT_RUN: println("Planning Account Name")

2019-01-18 20:31:52 - [MESSAGE][NOT_RUN] - NOT_RUN: println("Planning Account Name")

2019-01-18 20:31:52 - [TEST_STEP][NOT_RUN] - verifyEqual(PLANNING_ACCOUNT_NAME, plaAcctName): NOT_RUN: verifyEqual(PLANNING_ACCOUNT_NAME, plaAcctName)

2019-01-18 20:31:52 - [MESSAGE][NOT_RUN] - NOT_RUN: verifyEqual(PLANNING_ACCOUNT_NAME, plaAcctName)]]></system-out>
         <system-err><![CDATA[]]></system-err>
      </testcase>
      <testcase name="Test Cases/Regression_TF_Customer/Create_Record/TC_13_Create_LDI_Vendor_Site" classname="Test Cases/Regression_TF_Customer/Create_Record/TC_13_Create_LDI_Vendor_Site" status="PASSED">
         <system-out><![CDATA[2019-01-18 20:31:52 - [TEST_CASE][PASSED] - Test Cases/Regression_TF_Customer/Create_Record/TC_13_Create_LDI_Vendor_Site: Test Cases/Regression_TF_Customer/Create_Record/TC_13_Create_LDI_Vendor_Site

2019-01-18 20:31:52 - [TEST_STEP][PASSED] - waitForPageLoad(G_Timeout): Wait for page load successfully

2019-01-18 20:31:52 - [MESSAGE][PASSED] - Wait for page load successfully

2019-01-18 20:31:52 - [TEST_STEP][PASSED] - mouseOver(findTestObject("TF_Customer_Create/1_Menu_Navigation_To_Open_All_Pages/0_Menu_Create_In_Data_View")): Object: 'Object Repository/TF_Customer_Create/1_Menu_Navigation_To_Open_All_Pages/0_Menu_Create_In_Data_View' is hovered

2019-01-18 20:31:52 - [MESSAGE][PASSED] - Object: 'Object Repository/TF_Customer_Create/1_Menu_Navigation_To_Open_All_Pages/0_Menu_Create_In_Data_View' is hovered

2019-01-18 20:31:52 - [TEST_STEP][PASSED] - waitForPageLoad(G_Timeout): Wait for page load successfully

2019-01-18 20:31:52 - [MESSAGE][PASSED] - Wait for page load successfully

2019-01-18 20:31:52 - [TEST_STEP][PASSED] - mouseOver(findTestObject("TF_Customer_Create/1_Menu_Navigation_To_Open_All_Pages/1_Menu_Create_Master_Data")): Object: 'Object Repository/TF_Customer_Create/1_Menu_Navigation_To_Open_All_Pages/1_Menu_Create_Master_Data' is hovered

2019-01-18 20:31:52 - [MESSAGE][PASSED] - Object: 'Object Repository/TF_Customer_Create/1_Menu_Navigation_To_Open_All_Pages/1_Menu_Create_Master_Data' is hovered

2019-01-18 20:31:52 - [TEST_STEP][PASSED] - waitForPageLoad(G_Timeout): Wait for page load successfully

2019-01-18 20:31:52 - [MESSAGE][PASSED] - Wait for page load successfully

2019-01-18 20:31:52 - [TEST_STEP][PASSED] - mouseOver(findTestObject("TF_Customer_Create/1_Menu_Navigation_To_Open_All_Pages/3_Planning_Account_Hoverover_Option")): Object: 'Object Repository/TF_Customer_Create/1_Menu_Navigation_To_Open_All_Pages/3_Planning_Account_Hoverover_Option' is hovered

2019-01-18 20:31:52 - [MESSAGE][PASSED] - Object: 'Object Repository/TF_Customer_Create/1_Menu_Navigation_To_Open_All_Pages/3_Planning_Account_Hoverover_Option' is hovered

2019-01-18 20:31:52 - [TEST_STEP][PASSED] - waitForPageLoad(G_Timeout): Wait for page load successfully

2019-01-18 20:31:52 - [MESSAGE][PASSED] - Wait for page load successfully

2019-01-18 20:31:52 - [TEST_STEP][PASSED] - click(findTestObject("TF_Customer_Create/2_Select_Menu_Options(All)/13_LDI_Vendor_Site")): Object: 'Object Repository/TF_Customer_Create/2_Select_Menu_Options(All)/13_LDI_Vendor_Site' is clicked on

2019-01-18 20:31:53 - [MESSAGE][PASSED] - Object: 'Object Repository/TF_Customer_Create/2_Select_Menu_Options(All)/13_LDI_Vendor_Site' is clicked on

2019-01-18 20:31:53 - [TEST_STEP][PASSED] - waitForPageLoad(G_Timeout): Wait for page load successfully

2019-01-18 20:31:53 - [MESSAGE][PASSED] - Wait for page load successfully

2019-01-18 20:31:53 - [TEST_STEP][PASSED] - delay(3): Delayed 3 second(s)

2019-01-18 20:31:56 - [MESSAGE][PASSED] - Delayed 3 second(s)

2019-01-18 20:31:56 - [TEST_STEP][PASSED] - vndSiteName = com.oracledb.regressiontest.genName(15): com.oracledb.regressiontest.genName is PASSED

2019-01-18 20:31:56 - [MESSAGE][PASSED] - com.oracledb.regressiontest.genName is PASSED

2019-01-18 20:31:56 - [TEST_STEP][PASSED] - vndSiteNumber = com.oracledb.regressiontest.genName(12): com.oracledb.regressiontest.genName is PASSED

2019-01-18 20:31:56 - [MESSAGE][PASSED] - com.oracledb.regressiontest.genName is PASSED

2019-01-18 20:31:56 - [TEST_STEP][PASSED] - vndSiteCd = com.oracledb.regressiontest.genName(10): com.oracledb.regressiontest.genName is PASSED

2019-01-18 20:31:56 - [MESSAGE][PASSED] - com.oracledb.regressiontest.genName is PASSED

2019-01-18 20:31:56 - [TEST_STEP][PASSED] - vndSiteCity = com.oracledb.regressiontest.genName(8): com.oracledb.regressiontest.genName is PASSED

2019-01-18 20:31:56 - [MESSAGE][PASSED] - com.oracledb.regressiontest.genName is PASSED

2019-01-18 20:31:56 - [TEST_STEP][PASSED] - vndSitePtlCd = com.oracledb.regressiontest.genName(6): com.oracledb.regressiontest.genName is PASSED

2019-01-18 20:31:56 - [MESSAGE][PASSED] - com.oracledb.regressiontest.genName is PASSED

2019-01-18 20:31:56 - [TEST_STEP][PASSED] - setText(findTestObject("TF_Customer_Create/4_Create_Objects_And_Save/13_Create_LDI_Vendor_Site/Input_Vendor_Site_Name/input_Vendor_Site_Nm"), vndSiteName): Text '9EIJZKNBB7AQI10' is set on object 'Object Repository/TF_Customer_Create/4_Create_Objects_And_Save/13_Create_LDI_Vendor_Site/Input_Vendor_Site_Name/input_Vendor_Site_Nm'

2019-01-18 20:31:56 - [MESSAGE][PASSED] - Text '9EIJZKNBB7AQI10' is set on object 'Object Repository/TF_Customer_Create/4_Create_Objects_And_Save/13_Create_LDI_Vendor_Site/Input_Vendor_Site_Name/input_Vendor_Site_Nm'

2019-01-18 20:31:56 - [TEST_STEP][PASSED] - setText(findTestObject("TF_Customer_Create/4_Create_Objects_And_Save/13_Create_LDI_Vendor_Site/Input_Vendor_Site_Name/input_Vendor_Site_Number"), vndSiteNumber): Text 'IAHPT9H59I1B' is set on object 'Object Repository/TF_Customer_Create/4_Create_Objects_And_Save/13_Create_LDI_Vendor_Site/Input_Vendor_Site_Name/input_Vendor_Site_Number'

2019-01-18 20:31:56 - [MESSAGE][PASSED] - Text 'IAHPT9H59I1B' is set on object 'Object Repository/TF_Customer_Create/4_Create_Objects_And_Save/13_Create_LDI_Vendor_Site/Input_Vendor_Site_Name/input_Vendor_Site_Number'

2019-01-18 20:31:56 - [TEST_STEP][PASSED] - setText(findTestObject("TF_Customer_Create/4_Create_Objects_And_Save/13_Create_LDI_Vendor_Site/Input_Vendor_Site_Name/input_Vendor_Site_Cd"), vndSiteCd): Text '0JEHHVAAXT' is set on object 'Object Repository/TF_Customer_Create/4_Create_Objects_And_Save/13_Create_LDI_Vendor_Site/Input_Vendor_Site_Name/input_Vendor_Site_Cd'

2019-01-18 20:31:56 - [MESSAGE][PASSED] - Text '0JEHHVAAXT' is set on object 'Object Repository/TF_Customer_Create/4_Create_Objects_And_Save/13_Create_LDI_Vendor_Site/Input_Vendor_Site_Name/input_Vendor_Site_Cd'

2019-01-18 20:31:56 - [TEST_STEP][PASSED] - setText(findTestObject("TF_Customer_Create/4_Create_Objects_And_Save/13_Create_LDI_Vendor_Site/Input_Vendor_Site_Name/input_Vendor_Site_City"), vndSiteCity): Text 'IUYTA8RY' is set on object 'Object Repository/TF_Customer_Create/4_Create_Objects_And_Save/13_Create_LDI_Vendor_Site/Input_Vendor_Site_Name/input_Vendor_Site_City'

2019-01-18 20:31:57 - [MESSAGE][PASSED] - Text 'IUYTA8RY' is set on object 'Object Repository/TF_Customer_Create/4_Create_Objects_And_Save/13_Create_LDI_Vendor_Site/Input_Vendor_Site_Name/input_Vendor_Site_City'

2019-01-18 20:31:57 - [TEST_STEP][PASSED] - setText(findTestObject("TF_Customer_Create/4_Create_Objects_And_Save/13_Create_LDI_Vendor_Site/Input_Vendor_Site_Name/input_Vendor_Site_Postal_Code"), vndSitePtlCd): Text 'N6TD0K' is set on object 'Object Repository/TF_Customer_Create/4_Create_Objects_And_Save/13_Create_LDI_Vendor_Site/Input_Vendor_Site_Name/input_Vendor_Site_Postal_Code'

2019-01-18 20:31:57 - [MESSAGE][PASSED] - Text 'N6TD0K' is set on object 'Object Repository/TF_Customer_Create/4_Create_Objects_And_Save/13_Create_LDI_Vendor_Site/Input_Vendor_Site_Name/input_Vendor_Site_Postal_Code'

2019-01-18 20:31:57 - [TEST_STEP][PASSED] - setText(findTestObject("TF_Customer_Create/4_Create_Objects_And_Save/13_Create_LDI_Vendor_Site/Input_Vendor_Site_Name/input_Vendor_Site_Inactive_dt"), input_Eff_Dt): Text '18/Jan/2019' is set on object 'Object Repository/TF_Customer_Create/4_Create_Objects_And_Save/13_Create_LDI_Vendor_Site/Input_Vendor_Site_Name/input_Vendor_Site_Inactive_dt'

2019-01-18 20:31:57 - [MESSAGE][PASSED] - Text '18/Jan/2019' is set on object 'Object Repository/TF_Customer_Create/4_Create_Objects_And_Save/13_Create_LDI_Vendor_Site/Input_Vendor_Site_Name/input_Vendor_Site_Inactive_dt'

2019-01-18 20:31:57 - [TEST_STEP][PASSED] - delay(2): Delayed 2 second(s)

2019-01-18 20:31:59 - [MESSAGE][PASSED] - Delayed 2 second(s)

2019-01-18 20:31:59 - [TEST_STEP][PASSED] - click(findTestObject("TF_Customer_Create/3_Common_Action_Buttons/Click_Data_Tab/span_Data_Tab")): Object: 'Object Repository/TF_Customer_Create/3_Common_Action_Buttons/Click_Data_Tab/span_Data_Tab' is clicked on

2019-01-18 20:31:59 - [MESSAGE][PASSED] - Object: 'Object Repository/TF_Customer_Create/3_Common_Action_Buttons/Click_Data_Tab/span_Data_Tab' is clicked on

2019-01-18 20:31:59 - [TEST_STEP][NOT_RUN] - click(findTestObject("TF_Customer_Create/4_Create_Objects_And_Save/Choose_Sales_Org/Click_Sales_Org_DD"), CONTINUE_ON_FAILURE): NOT_RUN: click(findTestObject("TF_Customer_Create/4_Create_Objects_And_Save/Choose_Sales_Org/Click_Sales_Org_DD"), CONTINUE_ON_FAILURE)

2019-01-18 20:31:59 - [MESSAGE][NOT_RUN] - NOT_RUN: click(findTestObject("TF_Customer_Create/4_Create_Objects_And_Save/Choose_Sales_Org/Click_Sales_Org_DD"), CONTINUE_ON_FAILURE)

2019-01-18 20:31:59 - [TEST_STEP][NOT_RUN] - click(findTestObject("TF_Customer_Create/4_Create_Objects_And_Save/Choose_Sales_Org/CA_Object"), CONTINUE_ON_FAILURE): NOT_RUN: click(findTestObject("TF_Customer_Create/4_Create_Objects_And_Save/Choose_Sales_Org/CA_Object"), CONTINUE_ON_FAILURE)

2019-01-18 20:31:59 - [MESSAGE][NOT_RUN] - NOT_RUN: click(findTestObject("TF_Customer_Create/4_Create_Objects_And_Save/Choose_Sales_Org/CA_Object"), CONTINUE_ON_FAILURE)

2019-01-18 20:31:59 - [TEST_STEP][PASSED] - delay(2): Delayed 2 second(s)

2019-01-18 20:32:01 - [MESSAGE][PASSED] - Delayed 2 second(s)

2019-01-18 20:32:01 - [TEST_STEP][PASSED] - click(findTestObject("TF_Customer_Create/3_Common_Action_Buttons/Click_Apply_Button/td_Apply")): Object: 'Object Repository/TF_Customer_Create/3_Common_Action_Buttons/Click_Apply_Button/td_Apply' is clicked on

2019-01-18 20:32:01 - [MESSAGE][PASSED] - Object: 'Object Repository/TF_Customer_Create/3_Common_Action_Buttons/Click_Apply_Button/td_Apply' is clicked on

2019-01-18 20:32:01 - [TEST_STEP][PASSED] - delay(2): Delayed 2 second(s)

2019-01-18 20:32:03 - [MESSAGE][PASSED] - Delayed 2 second(s)

2019-01-18 20:32:03 - [TEST_STEP][PASSED] - click(findTestObject("TF_Customer_Create/3_Common_Action_Buttons/Click_Save_Button/btn_Save")): Object: 'Object Repository/TF_Customer_Create/3_Common_Action_Buttons/Click_Save_Button/btn_Save' is clicked on

2019-01-18 20:32:03 - [MESSAGE][PASSED] - Object: 'Object Repository/TF_Customer_Create/3_Common_Action_Buttons/Click_Save_Button/btn_Save' is clicked on

2019-01-18 20:32:03 - [TEST_STEP][PASSED] - delay(2): Delayed 2 second(s)

2019-01-18 20:32:05 - [MESSAGE][PASSED] - Delayed 2 second(s)

2019-01-18 20:32:05 - [TEST_STEP][NOT_RUN] - verifyElementText(findTestObject("TF_Customer_Create/3_Common_Action_Buttons/Verify_Success_Message/Success_Message"), "Record has been saved successfully.", CONTINUE_ON_FAILURE): NOT_RUN: verifyElementText(findTestObject("TF_Customer_Create/3_Common_Action_Buttons/Verify_Success_Message/Success_Message"), "Record has been saved successfully.", CONTINUE_ON_FAILURE)

2019-01-18 20:32:05 - [MESSAGE][NOT_RUN] - NOT_RUN: verifyElementText(findTestObject("TF_Customer_Create/3_Common_Action_Buttons/Verify_Success_Message/Success_Message"), "Record has been saved successfully.", CONTINUE_ON_FAILURE)

2019-01-18 20:32:05 - [TEST_STEP][NOT_RUN] - click(findTestObject("TF_Customer_Create/3_Common_Action_Buttons/Click_Data_Tab/span_Data_Tab")): NOT_RUN: click(findTestObject("TF_Customer_Create/3_Common_Action_Buttons/Click_Data_Tab/span_Data_Tab"))

2019-01-18 20:32:05 - [MESSAGE][NOT_RUN] - NOT_RUN: click(findTestObject("TF_Customer_Create/3_Common_Action_Buttons/Click_Data_Tab/span_Data_Tab"))

2019-01-18 20:32:05 - [TEST_STEP][NOT_RUN] - delay(1): NOT_RUN: delay(1)

2019-01-18 20:32:05 - [MESSAGE][NOT_RUN] - NOT_RUN: delay(1)

2019-01-18 20:32:05 - [TEST_STEP][NOT_RUN] - click(findTestObject("TF_Customer_Create/3_Common_Action_Buttons/Click_Close_Button/btn_Close")): NOT_RUN: click(findTestObject("TF_Customer_Create/3_Common_Action_Buttons/Click_Close_Button/btn_Close"))

2019-01-18 20:32:05 - [MESSAGE][NOT_RUN] - NOT_RUN: click(findTestObject("TF_Customer_Create/3_Common_Action_Buttons/Click_Close_Button/btn_Close"))

2019-01-18 20:32:05 - [TEST_STEP][NOT_RUN] - delay(2): NOT_RUN: delay(2)

2019-01-18 20:32:05 - [MESSAGE][NOT_RUN] - NOT_RUN: delay(2)

2019-01-18 20:32:05 - [TEST_STEP][NOT_RUN] - vrfy_PLA = com.oracledb.regressiontest.verifyPLA(ora_connt, ora_usr, ora_psswrd, ora_schema, plaAcctName): NOT_RUN: vrfy_PLA = com.oracledb.regressiontest.verifyPLA(ora_connt, ora_usr, ora_psswrd, ora_schema, plaAcctName)

2019-01-18 20:32:05 - [MESSAGE][NOT_RUN] - NOT_RUN: vrfy_PLA = com.oracledb.regressiontest.verifyPLA(ora_connt, ora_usr, ora_psswrd, ora_schema, plaAcctName)

2019-01-18 20:32:05 - [TEST_STEP][NOT_RUN] - println("Planning Account Name"): NOT_RUN: println("Planning Account Name")

2019-01-18 20:32:05 - [MESSAGE][NOT_RUN] - NOT_RUN: println("Planning Account Name")

2019-01-18 20:32:05 - [TEST_STEP][NOT_RUN] - verifyEqual(PLANNING_ACCOUNT_NAME, plaAcctName): NOT_RUN: verifyEqual(PLANNING_ACCOUNT_NAME, plaAcctName)

2019-01-18 20:32:05 - [MESSAGE][NOT_RUN] - NOT_RUN: verifyEqual(PLANNING_ACCOUNT_NAME, plaAcctName)]]></system-out>
         <system-err><![CDATA[]]></system-err>
      </testcase>
      <testcase name="Test Cases/Regression_TF_Customer/Create_Record/TC_13_Create_LDI_Vendor_Site" classname="Test Cases/Regression_TF_Customer/Create_Record/TC_13_Create_LDI_Vendor_Site" status="PASSED">
         <system-out><![CDATA[2019-01-18 20:32:05 - [TEST_CASE][PASSED] - Test Cases/Regression_TF_Customer/Create_Record/TC_13_Create_LDI_Vendor_Site: Test Cases/Regression_TF_Customer/Create_Record/TC_13_Create_LDI_Vendor_Site

2019-01-18 20:32:05 - [TEST_STEP][PASSED] - waitForPageLoad(G_Timeout): Wait for page load successfully

2019-01-18 20:32:05 - [MESSAGE][PASSED] - Wait for page load successfully

2019-01-18 20:32:05 - [TEST_STEP][PASSED] - mouseOver(findTestObject("TF_Customer_Create/1_Menu_Navigation_To_Open_All_Pages/0_Menu_Create_In_Data_View")): Object: 'Object Repository/TF_Customer_Create/1_Menu_Navigation_To_Open_All_Pages/0_Menu_Create_In_Data_View' is hovered

2019-01-18 20:32:05 - [MESSAGE][PASSED] - Object: 'Object Repository/TF_Customer_Create/1_Menu_Navigation_To_Open_All_Pages/0_Menu_Create_In_Data_View' is hovered

2019-01-18 20:32:05 - [TEST_STEP][PASSED] - waitForPageLoad(G_Timeout): Wait for page load successfully

2019-01-18 20:32:05 - [MESSAGE][PASSED] - Wait for page load successfully

2019-01-18 20:32:05 - [TEST_STEP][PASSED] - mouseOver(findTestObject("TF_Customer_Create/1_Menu_Navigation_To_Open_All_Pages/1_Menu_Create_Master_Data")): Object: 'Object Repository/TF_Customer_Create/1_Menu_Navigation_To_Open_All_Pages/1_Menu_Create_Master_Data' is hovered

2019-01-18 20:32:05 - [MESSAGE][PASSED] - Object: 'Object Repository/TF_Customer_Create/1_Menu_Navigation_To_Open_All_Pages/1_Menu_Create_Master_Data' is hovered

2019-01-18 20:32:05 - [TEST_STEP][PASSED] - waitForPageLoad(G_Timeout): Wait for page load successfully

2019-01-18 20:32:05 - [MESSAGE][PASSED] - Wait for page load successfully

2019-01-18 20:32:05 - [TEST_STEP][PASSED] - mouseOver(findTestObject("TF_Customer_Create/1_Menu_Navigation_To_Open_All_Pages/3_Planning_Account_Hoverover_Option")): Object: 'Object Repository/TF_Customer_Create/1_Menu_Navigation_To_Open_All_Pages/3_Planning_Account_Hoverover_Option' is hovered

2019-01-18 20:32:06 - [MESSAGE][PASSED] - Object: 'Object Repository/TF_Customer_Create/1_Menu_Navigation_To_Open_All_Pages/3_Planning_Account_Hoverover_Option' is hovered

2019-01-18 20:32:06 - [TEST_STEP][PASSED] - waitForPageLoad(G_Timeout): Wait for page load successfully

2019-01-18 20:32:06 - [MESSAGE][PASSED] - Wait for page load successfully

2019-01-18 20:32:06 - [TEST_STEP][PASSED] - click(findTestObject("TF_Customer_Create/2_Select_Menu_Options(All)/13_LDI_Vendor_Site")): Object: 'Object Repository/TF_Customer_Create/2_Select_Menu_Options(All)/13_LDI_Vendor_Site' is clicked on

2019-01-18 20:32:06 - [MESSAGE][PASSED] - Object: 'Object Repository/TF_Customer_Create/2_Select_Menu_Options(All)/13_LDI_Vendor_Site' is clicked on

2019-01-18 20:32:06 - [TEST_STEP][PASSED] - waitForPageLoad(G_Timeout): Wait for page load successfully

2019-01-18 20:32:06 - [MESSAGE][PASSED] - Wait for page load successfully

2019-01-18 20:32:06 - [TEST_STEP][PASSED] - delay(3): Delayed 3 second(s)

2019-01-18 20:32:09 - [MESSAGE][PASSED] - Delayed 3 second(s)

2019-01-18 20:32:09 - [TEST_STEP][PASSED] - vndSiteName = com.oracledb.regressiontest.genName(15): com.oracledb.regressiontest.genName is PASSED

2019-01-18 20:32:09 - [MESSAGE][PASSED] - com.oracledb.regressiontest.genName is PASSED

2019-01-18 20:32:09 - [TEST_STEP][PASSED] - vndSiteNumber = com.oracledb.regressiontest.genName(12): com.oracledb.regressiontest.genName is PASSED

2019-01-18 20:32:09 - [MESSAGE][PASSED] - com.oracledb.regressiontest.genName is PASSED

2019-01-18 20:32:09 - [TEST_STEP][PASSED] - vndSiteCd = com.oracledb.regressiontest.genName(10): com.oracledb.regressiontest.genName is PASSED

2019-01-18 20:32:09 - [MESSAGE][PASSED] - com.oracledb.regressiontest.genName is PASSED

2019-01-18 20:32:09 - [TEST_STEP][PASSED] - vndSiteCity = com.oracledb.regressiontest.genName(8): com.oracledb.regressiontest.genName is PASSED

2019-01-18 20:32:09 - [MESSAGE][PASSED] - com.oracledb.regressiontest.genName is PASSED

2019-01-18 20:32:09 - [TEST_STEP][PASSED] - vndSitePtlCd = com.oracledb.regressiontest.genName(6): com.oracledb.regressiontest.genName is PASSED

2019-01-18 20:32:09 - [MESSAGE][PASSED] - com.oracledb.regressiontest.genName is PASSED

2019-01-18 20:32:09 - [TEST_STEP][PASSED] - setText(findTestObject("TF_Customer_Create/4_Create_Objects_And_Save/13_Create_LDI_Vendor_Site/Input_Vendor_Site_Name/input_Vendor_Site_Nm"), vndSiteName): Text 'X7GDMD56QW9M0JJ' is set on object 'Object Repository/TF_Customer_Create/4_Create_Objects_And_Save/13_Create_LDI_Vendor_Site/Input_Vendor_Site_Name/input_Vendor_Site_Nm'

2019-01-18 20:32:09 - [MESSAGE][PASSED] - Text 'X7GDMD56QW9M0JJ' is set on object 'Object Repository/TF_Customer_Create/4_Create_Objects_And_Save/13_Create_LDI_Vendor_Site/Input_Vendor_Site_Name/input_Vendor_Site_Nm'

2019-01-18 20:32:09 - [TEST_STEP][PASSED] - setText(findTestObject("TF_Customer_Create/4_Create_Objects_And_Save/13_Create_LDI_Vendor_Site/Input_Vendor_Site_Name/input_Vendor_Site_Number"), vndSiteNumber): Text 'UWQWEB0UOWI9' is set on object 'Object Repository/TF_Customer_Create/4_Create_Objects_And_Save/13_Create_LDI_Vendor_Site/Input_Vendor_Site_Name/input_Vendor_Site_Number'

2019-01-18 20:32:09 - [MESSAGE][PASSED] - Text 'UWQWEB0UOWI9' is set on object 'Object Repository/TF_Customer_Create/4_Create_Objects_And_Save/13_Create_LDI_Vendor_Site/Input_Vendor_Site_Name/input_Vendor_Site_Number'

2019-01-18 20:32:09 - [TEST_STEP][PASSED] - setText(findTestObject("TF_Customer_Create/4_Create_Objects_And_Save/13_Create_LDI_Vendor_Site/Input_Vendor_Site_Name/input_Vendor_Site_Cd"), vndSiteCd): Text '5HTWCM9BDL' is set on object 'Object Repository/TF_Customer_Create/4_Create_Objects_And_Save/13_Create_LDI_Vendor_Site/Input_Vendor_Site_Name/input_Vendor_Site_Cd'

2019-01-18 20:32:09 - [MESSAGE][PASSED] - Text '5HTWCM9BDL' is set on object 'Object Repository/TF_Customer_Create/4_Create_Objects_And_Save/13_Create_LDI_Vendor_Site/Input_Vendor_Site_Name/input_Vendor_Site_Cd'

2019-01-18 20:32:09 - [TEST_STEP][PASSED] - setText(findTestObject("TF_Customer_Create/4_Create_Objects_And_Save/13_Create_LDI_Vendor_Site/Input_Vendor_Site_Name/input_Vendor_Site_City"), vndSiteCity): Text 'YNO8KODV' is set on object 'Object Repository/TF_Customer_Create/4_Create_Objects_And_Save/13_Create_LDI_Vendor_Site/Input_Vendor_Site_Name/input_Vendor_Site_City'

2019-01-18 20:32:10 - [MESSAGE][PASSED] - Text 'YNO8KODV' is set on object 'Object Repository/TF_Customer_Create/4_Create_Objects_And_Save/13_Create_LDI_Vendor_Site/Input_Vendor_Site_Name/input_Vendor_Site_City'

2019-01-18 20:32:10 - [TEST_STEP][PASSED] - setText(findTestObject("TF_Customer_Create/4_Create_Objects_And_Save/13_Create_LDI_Vendor_Site/Input_Vendor_Site_Name/input_Vendor_Site_Postal_Code"), vndSitePtlCd): Text 'J5AI9F' is set on object 'Object Repository/TF_Customer_Create/4_Create_Objects_And_Save/13_Create_LDI_Vendor_Site/Input_Vendor_Site_Name/input_Vendor_Site_Postal_Code'

2019-01-18 20:32:10 - [MESSAGE][PASSED] - Text 'J5AI9F' is set on object 'Object Repository/TF_Customer_Create/4_Create_Objects_And_Save/13_Create_LDI_Vendor_Site/Input_Vendor_Site_Name/input_Vendor_Site_Postal_Code'

2019-01-18 20:32:10 - [TEST_STEP][PASSED] - setText(findTestObject("TF_Customer_Create/4_Create_Objects_And_Save/13_Create_LDI_Vendor_Site/Input_Vendor_Site_Name/input_Vendor_Site_Inactive_dt"), input_Eff_Dt): Text '18/Jan/2019' is set on object 'Object Repository/TF_Customer_Create/4_Create_Objects_And_Save/13_Create_LDI_Vendor_Site/Input_Vendor_Site_Name/input_Vendor_Site_Inactive_dt'

2019-01-18 20:32:10 - [MESSAGE][PASSED] - Text '18/Jan/2019' is set on object 'Object Repository/TF_Customer_Create/4_Create_Objects_And_Save/13_Create_LDI_Vendor_Site/Input_Vendor_Site_Name/input_Vendor_Site_Inactive_dt'

2019-01-18 20:32:10 - [TEST_STEP][PASSED] - delay(2): Delayed 2 second(s)

2019-01-18 20:32:12 - [MESSAGE][PASSED] - Delayed 2 second(s)

2019-01-18 20:32:12 - [TEST_STEP][PASSED] - click(findTestObject("TF_Customer_Create/3_Common_Action_Buttons/Click_Data_Tab/span_Data_Tab")): Object: 'Object Repository/TF_Customer_Create/3_Common_Action_Buttons/Click_Data_Tab/span_Data_Tab' is clicked on

2019-01-18 20:32:12 - [MESSAGE][PASSED] - Object: 'Object Repository/TF_Customer_Create/3_Common_Action_Buttons/Click_Data_Tab/span_Data_Tab' is clicked on

2019-01-18 20:32:12 - [TEST_STEP][NOT_RUN] - click(findTestObject("TF_Customer_Create/4_Create_Objects_And_Save/Choose_Sales_Org/Click_Sales_Org_DD"), CONTINUE_ON_FAILURE): NOT_RUN: click(findTestObject("TF_Customer_Create/4_Create_Objects_And_Save/Choose_Sales_Org/Click_Sales_Org_DD"), CONTINUE_ON_FAILURE)

2019-01-18 20:32:12 - [MESSAGE][NOT_RUN] - NOT_RUN: click(findTestObject("TF_Customer_Create/4_Create_Objects_And_Save/Choose_Sales_Org/Click_Sales_Org_DD"), CONTINUE_ON_FAILURE)

2019-01-18 20:32:12 - [TEST_STEP][NOT_RUN] - click(findTestObject("TF_Customer_Create/4_Create_Objects_And_Save/Choose_Sales_Org/CA_Object"), CONTINUE_ON_FAILURE): NOT_RUN: click(findTestObject("TF_Customer_Create/4_Create_Objects_And_Save/Choose_Sales_Org/CA_Object"), CONTINUE_ON_FAILURE)

2019-01-18 20:32:12 - [MESSAGE][NOT_RUN] - NOT_RUN: click(findTestObject("TF_Customer_Create/4_Create_Objects_And_Save/Choose_Sales_Org/CA_Object"), CONTINUE_ON_FAILURE)

2019-01-18 20:32:12 - [TEST_STEP][PASSED] - delay(2): Delayed 2 second(s)

2019-01-18 20:32:14 - [MESSAGE][PASSED] - Delayed 2 second(s)

2019-01-18 20:32:14 - [TEST_STEP][PASSED] - click(findTestObject("TF_Customer_Create/3_Common_Action_Buttons/Click_Apply_Button/td_Apply")): Object: 'Object Repository/TF_Customer_Create/3_Common_Action_Buttons/Click_Apply_Button/td_Apply' is clicked on

2019-01-18 20:32:14 - [MESSAGE][PASSED] - Object: 'Object Repository/TF_Customer_Create/3_Common_Action_Buttons/Click_Apply_Button/td_Apply' is clicked on

2019-01-18 20:32:14 - [TEST_STEP][PASSED] - delay(2): Delayed 2 second(s)

2019-01-18 20:32:16 - [MESSAGE][PASSED] - Delayed 2 second(s)

2019-01-18 20:32:16 - [TEST_STEP][PASSED] - click(findTestObject("TF_Customer_Create/3_Common_Action_Buttons/Click_Save_Button/btn_Save")): Object: 'Object Repository/TF_Customer_Create/3_Common_Action_Buttons/Click_Save_Button/btn_Save' is clicked on

2019-01-18 20:32:16 - [MESSAGE][PASSED] - Object: 'Object Repository/TF_Customer_Create/3_Common_Action_Buttons/Click_Save_Button/btn_Save' is clicked on

2019-01-18 20:32:16 - [TEST_STEP][PASSED] - delay(2): Delayed 2 second(s)

2019-01-18 20:32:18 - [MESSAGE][PASSED] - Delayed 2 second(s)

2019-01-18 20:32:18 - [TEST_STEP][NOT_RUN] - verifyElementText(findTestObject("TF_Customer_Create/3_Common_Action_Buttons/Verify_Success_Message/Success_Message"), "Record has been saved successfully.", CONTINUE_ON_FAILURE): NOT_RUN: verifyElementText(findTestObject("TF_Customer_Create/3_Common_Action_Buttons/Verify_Success_Message/Success_Message"), "Record has been saved successfully.", CONTINUE_ON_FAILURE)

2019-01-18 20:32:18 - [MESSAGE][NOT_RUN] - NOT_RUN: verifyElementText(findTestObject("TF_Customer_Create/3_Common_Action_Buttons/Verify_Success_Message/Success_Message"), "Record has been saved successfully.", CONTINUE_ON_FAILURE)

2019-01-18 20:32:18 - [TEST_STEP][NOT_RUN] - click(findTestObject("TF_Customer_Create/3_Common_Action_Buttons/Click_Data_Tab/span_Data_Tab")): NOT_RUN: click(findTestObject("TF_Customer_Create/3_Common_Action_Buttons/Click_Data_Tab/span_Data_Tab"))

2019-01-18 20:32:18 - [MESSAGE][NOT_RUN] - NOT_RUN: click(findTestObject("TF_Customer_Create/3_Common_Action_Buttons/Click_Data_Tab/span_Data_Tab"))

2019-01-18 20:32:18 - [TEST_STEP][NOT_RUN] - delay(1): NOT_RUN: delay(1)

2019-01-18 20:32:18 - [MESSAGE][NOT_RUN] - NOT_RUN: delay(1)

2019-01-18 20:32:18 - [TEST_STEP][NOT_RUN] - click(findTestObject("TF_Customer_Create/3_Common_Action_Buttons/Click_Close_Button/btn_Close")): NOT_RUN: click(findTestObject("TF_Customer_Create/3_Common_Action_Buttons/Click_Close_Button/btn_Close"))

2019-01-18 20:32:18 - [MESSAGE][NOT_RUN] - NOT_RUN: click(findTestObject("TF_Customer_Create/3_Common_Action_Buttons/Click_Close_Button/btn_Close"))

2019-01-18 20:32:18 - [TEST_STEP][NOT_RUN] - delay(2): NOT_RUN: delay(2)

2019-01-18 20:32:18 - [MESSAGE][NOT_RUN] - NOT_RUN: delay(2)

2019-01-18 20:32:18 - [TEST_STEP][NOT_RUN] - vrfy_PLA = com.oracledb.regressiontest.verifyPLA(ora_connt, ora_usr, ora_psswrd, ora_schema, plaAcctName): NOT_RUN: vrfy_PLA = com.oracledb.regressiontest.verifyPLA(ora_connt, ora_usr, ora_psswrd, ora_schema, plaAcctName)

2019-01-18 20:32:18 - [MESSAGE][NOT_RUN] - NOT_RUN: vrfy_PLA = com.oracledb.regressiontest.verifyPLA(ora_connt, ora_usr, ora_psswrd, ora_schema, plaAcctName)

2019-01-18 20:32:18 - [TEST_STEP][NOT_RUN] - println("Planning Account Name"): NOT_RUN: println("Planning Account Name")

2019-01-18 20:32:18 - [MESSAGE][NOT_RUN] - NOT_RUN: println("Planning Account Name")

2019-01-18 20:32:18 - [TEST_STEP][NOT_RUN] - verifyEqual(PLANNING_ACCOUNT_NAME, plaAcctName): NOT_RUN: verifyEqual(PLANNING_ACCOUNT_NAME, plaAcctName)

2019-01-18 20:32:18 - [MESSAGE][NOT_RUN] - NOT_RUN: verifyEqual(PLANNING_ACCOUNT_NAME, plaAcctName)]]></system-out>
         <system-err><![CDATA[]]></system-err>
      </testcase>
      <testcase name="Test Cases/Regression_TF_Customer/Create_Record/TC_13_Create_LDI_Vendor_Site" classname="Test Cases/Regression_TF_Customer/Create_Record/TC_13_Create_LDI_Vendor_Site" status="PASSED">
         <system-out><![CDATA[2019-01-18 20:32:18 - [TEST_CASE][PASSED] - Test Cases/Regression_TF_Customer/Create_Record/TC_13_Create_LDI_Vendor_Site: Test Cases/Regression_TF_Customer/Create_Record/TC_13_Create_LDI_Vendor_Site

2019-01-18 20:32:18 - [TEST_STEP][PASSED] - waitForPageLoad(G_Timeout): Wait for page load successfully

2019-01-18 20:32:18 - [MESSAGE][PASSED] - Wait for page load successfully

2019-01-18 20:32:18 - [TEST_STEP][PASSED] - mouseOver(findTestObject("TF_Customer_Create/1_Menu_Navigation_To_Open_All_Pages/0_Menu_Create_In_Data_View")): Object: 'Object Repository/TF_Customer_Create/1_Menu_Navigation_To_Open_All_Pages/0_Menu_Create_In_Data_View' is hovered

2019-01-18 20:32:18 - [MESSAGE][PASSED] - Object: 'Object Repository/TF_Customer_Create/1_Menu_Navigation_To_Open_All_Pages/0_Menu_Create_In_Data_View' is hovered

2019-01-18 20:32:18 - [TEST_STEP][PASSED] - waitForPageLoad(G_Timeout): Wait for page load successfully

2019-01-18 20:32:18 - [MESSAGE][PASSED] - Wait for page load successfully

2019-01-18 20:32:18 - [TEST_STEP][PASSED] - mouseOver(findTestObject("TF_Customer_Create/1_Menu_Navigation_To_Open_All_Pages/1_Menu_Create_Master_Data")): Object: 'Object Repository/TF_Customer_Create/1_Menu_Navigation_To_Open_All_Pages/1_Menu_Create_Master_Data' is hovered

2019-01-18 20:32:18 - [MESSAGE][PASSED] - Object: 'Object Repository/TF_Customer_Create/1_Menu_Navigation_To_Open_All_Pages/1_Menu_Create_Master_Data' is hovered

2019-01-18 20:32:18 - [TEST_STEP][PASSED] - waitForPageLoad(G_Timeout): Wait for page load successfully

2019-01-18 20:32:18 - [MESSAGE][PASSED] - Wait for page load successfully

2019-01-18 20:32:18 - [TEST_STEP][PASSED] - mouseOver(findTestObject("TF_Customer_Create/1_Menu_Navigation_To_Open_All_Pages/3_Planning_Account_Hoverover_Option")): Object: 'Object Repository/TF_Customer_Create/1_Menu_Navigation_To_Open_All_Pages/3_Planning_Account_Hoverover_Option' is hovered

2019-01-18 20:32:19 - [MESSAGE][PASSED] - Object: 'Object Repository/TF_Customer_Create/1_Menu_Navigation_To_Open_All_Pages/3_Planning_Account_Hoverover_Option' is hovered

2019-01-18 20:32:19 - [TEST_STEP][PASSED] - waitForPageLoad(G_Timeout): Wait for page load successfully

2019-01-18 20:32:19 - [MESSAGE][PASSED] - Wait for page load successfully

2019-01-18 20:32:19 - [TEST_STEP][PASSED] - click(findTestObject("TF_Customer_Create/2_Select_Menu_Options(All)/13_LDI_Vendor_Site")): Object: 'Object Repository/TF_Customer_Create/2_Select_Menu_Options(All)/13_LDI_Vendor_Site' is clicked on

2019-01-18 20:32:19 - [MESSAGE][PASSED] - Object: 'Object Repository/TF_Customer_Create/2_Select_Menu_Options(All)/13_LDI_Vendor_Site' is clicked on

2019-01-18 20:32:19 - [TEST_STEP][PASSED] - waitForPageLoad(G_Timeout): Wait for page load successfully

2019-01-18 20:32:19 - [MESSAGE][PASSED] - Wait for page load successfully

2019-01-18 20:32:19 - [TEST_STEP][PASSED] - delay(3): Delayed 3 second(s)

2019-01-18 20:32:22 - [MESSAGE][PASSED] - Delayed 3 second(s)

2019-01-18 20:32:22 - [TEST_STEP][PASSED] - vndSiteName = com.oracledb.regressiontest.genName(15): com.oracledb.regressiontest.genName is PASSED

2019-01-18 20:32:22 - [MESSAGE][PASSED] - com.oracledb.regressiontest.genName is PASSED

2019-01-18 20:32:22 - [TEST_STEP][PASSED] - vndSiteNumber = com.oracledb.regressiontest.genName(12): com.oracledb.regressiontest.genName is PASSED

2019-01-18 20:32:22 - [MESSAGE][PASSED] - com.oracledb.regressiontest.genName is PASSED

2019-01-18 20:32:22 - [TEST_STEP][PASSED] - vndSiteCd = com.oracledb.regressiontest.genName(10): com.oracledb.regressiontest.genName is PASSED

2019-01-18 20:32:22 - [MESSAGE][PASSED] - com.oracledb.regressiontest.genName is PASSED

2019-01-18 20:32:22 - [TEST_STEP][PASSED] - vndSiteCity = com.oracledb.regressiontest.genName(8): com.oracledb.regressiontest.genName is PASSED

2019-01-18 20:32:22 - [MESSAGE][PASSED] - com.oracledb.regressiontest.genName is PASSED

2019-01-18 20:32:22 - [TEST_STEP][PASSED] - vndSitePtlCd = com.oracledb.regressiontest.genName(6): com.oracledb.regressiontest.genName is PASSED

2019-01-18 20:32:22 - [MESSAGE][PASSED] - com.oracledb.regressiontest.genName is PASSED

2019-01-18 20:32:22 - [TEST_STEP][PASSED] - setText(findTestObject("TF_Customer_Create/4_Create_Objects_And_Save/13_Create_LDI_Vendor_Site/Input_Vendor_Site_Name/input_Vendor_Site_Nm"), vndSiteName): Text 'N8ON5EYECNB3U09' is set on object 'Object Repository/TF_Customer_Create/4_Create_Objects_And_Save/13_Create_LDI_Vendor_Site/Input_Vendor_Site_Name/input_Vendor_Site_Nm'

2019-01-18 20:32:22 - [MESSAGE][PASSED] - Text 'N8ON5EYECNB3U09' is set on object 'Object Repository/TF_Customer_Create/4_Create_Objects_And_Save/13_Create_LDI_Vendor_Site/Input_Vendor_Site_Name/input_Vendor_Site_Nm'

2019-01-18 20:32:22 - [TEST_STEP][PASSED] - setText(findTestObject("TF_Customer_Create/4_Create_Objects_And_Save/13_Create_LDI_Vendor_Site/Input_Vendor_Site_Name/input_Vendor_Site_Number"), vndSiteNumber): Text 'V2YPSW8378DV' is set on object 'Object Repository/TF_Customer_Create/4_Create_Objects_And_Save/13_Create_LDI_Vendor_Site/Input_Vendor_Site_Name/input_Vendor_Site_Number'

2019-01-18 20:32:22 - [MESSAGE][PASSED] - Text 'V2YPSW8378DV' is set on object 'Object Repository/TF_Customer_Create/4_Create_Objects_And_Save/13_Create_LDI_Vendor_Site/Input_Vendor_Site_Name/input_Vendor_Site_Number'

2019-01-18 20:32:22 - [TEST_STEP][PASSED] - setText(findTestObject("TF_Customer_Create/4_Create_Objects_And_Save/13_Create_LDI_Vendor_Site/Input_Vendor_Site_Name/input_Vendor_Site_Cd"), vndSiteCd): Text 'C3PZQU0NEU' is set on object 'Object Repository/TF_Customer_Create/4_Create_Objects_And_Save/13_Create_LDI_Vendor_Site/Input_Vendor_Site_Name/input_Vendor_Site_Cd'

2019-01-18 20:32:23 - [MESSAGE][PASSED] - Text 'C3PZQU0NEU' is set on object 'Object Repository/TF_Customer_Create/4_Create_Objects_And_Save/13_Create_LDI_Vendor_Site/Input_Vendor_Site_Name/input_Vendor_Site_Cd'

2019-01-18 20:32:23 - [TEST_STEP][PASSED] - setText(findTestObject("TF_Customer_Create/4_Create_Objects_And_Save/13_Create_LDI_Vendor_Site/Input_Vendor_Site_Name/input_Vendor_Site_City"), vndSiteCity): Text 'GEKAVKD9' is set on object 'Object Repository/TF_Customer_Create/4_Create_Objects_And_Save/13_Create_LDI_Vendor_Site/Input_Vendor_Site_Name/input_Vendor_Site_City'

2019-01-18 20:32:23 - [MESSAGE][PASSED] - Text 'GEKAVKD9' is set on object 'Object Repository/TF_Customer_Create/4_Create_Objects_And_Save/13_Create_LDI_Vendor_Site/Input_Vendor_Site_Name/input_Vendor_Site_City'

2019-01-18 20:32:23 - [TEST_STEP][PASSED] - setText(findTestObject("TF_Customer_Create/4_Create_Objects_And_Save/13_Create_LDI_Vendor_Site/Input_Vendor_Site_Name/input_Vendor_Site_Postal_Code"), vndSitePtlCd): Text 'HCTLNJ' is set on object 'Object Repository/TF_Customer_Create/4_Create_Objects_And_Save/13_Create_LDI_Vendor_Site/Input_Vendor_Site_Name/input_Vendor_Site_Postal_Code'

2019-01-18 20:32:23 - [MESSAGE][PASSED] - Text 'HCTLNJ' is set on object 'Object Repository/TF_Customer_Create/4_Create_Objects_And_Save/13_Create_LDI_Vendor_Site/Input_Vendor_Site_Name/input_Vendor_Site_Postal_Code'

2019-01-18 20:32:23 - [TEST_STEP][PASSED] - setText(findTestObject("TF_Customer_Create/4_Create_Objects_And_Save/13_Create_LDI_Vendor_Site/Input_Vendor_Site_Name/input_Vendor_Site_Inactive_dt"), input_Eff_Dt): Text '18/Jan/2019' is set on object 'Object Repository/TF_Customer_Create/4_Create_Objects_And_Save/13_Create_LDI_Vendor_Site/Input_Vendor_Site_Name/input_Vendor_Site_Inactive_dt'

2019-01-18 20:32:23 - [MESSAGE][PASSED] - Text '18/Jan/2019' is set on object 'Object Repository/TF_Customer_Create/4_Create_Objects_And_Save/13_Create_LDI_Vendor_Site/Input_Vendor_Site_Name/input_Vendor_Site_Inactive_dt'

2019-01-18 20:32:23 - [TEST_STEP][PASSED] - delay(2): Delayed 2 second(s)

2019-01-18 20:32:25 - [MESSAGE][PASSED] - Delayed 2 second(s)

2019-01-18 20:32:25 - [TEST_STEP][PASSED] - click(findTestObject("TF_Customer_Create/3_Common_Action_Buttons/Click_Data_Tab/span_Data_Tab")): Object: 'Object Repository/TF_Customer_Create/3_Common_Action_Buttons/Click_Data_Tab/span_Data_Tab' is clicked on

2019-01-18 20:32:25 - [MESSAGE][PASSED] - Object: 'Object Repository/TF_Customer_Create/3_Common_Action_Buttons/Click_Data_Tab/span_Data_Tab' is clicked on

2019-01-18 20:32:25 - [TEST_STEP][NOT_RUN] - click(findTestObject("TF_Customer_Create/4_Create_Objects_And_Save/Choose_Sales_Org/Click_Sales_Org_DD"), CONTINUE_ON_FAILURE): NOT_RUN: click(findTestObject("TF_Customer_Create/4_Create_Objects_And_Save/Choose_Sales_Org/Click_Sales_Org_DD"), CONTINUE_ON_FAILURE)

2019-01-18 20:32:25 - [MESSAGE][NOT_RUN] - NOT_RUN: click(findTestObject("TF_Customer_Create/4_Create_Objects_And_Save/Choose_Sales_Org/Click_Sales_Org_DD"), CONTINUE_ON_FAILURE)

2019-01-18 20:32:25 - [TEST_STEP][NOT_RUN] - click(findTestObject("TF_Customer_Create/4_Create_Objects_And_Save/Choose_Sales_Org/CA_Object"), CONTINUE_ON_FAILURE): NOT_RUN: click(findTestObject("TF_Customer_Create/4_Create_Objects_And_Save/Choose_Sales_Org/CA_Object"), CONTINUE_ON_FAILURE)

2019-01-18 20:32:25 - [MESSAGE][NOT_RUN] - NOT_RUN: click(findTestObject("TF_Customer_Create/4_Create_Objects_And_Save/Choose_Sales_Org/CA_Object"), CONTINUE_ON_FAILURE)

2019-01-18 20:32:25 - [TEST_STEP][PASSED] - delay(2): Delayed 2 second(s)

2019-01-18 20:32:27 - [MESSAGE][PASSED] - Delayed 2 second(s)

2019-01-18 20:32:27 - [TEST_STEP][PASSED] - click(findTestObject("TF_Customer_Create/3_Common_Action_Buttons/Click_Apply_Button/td_Apply")): Object: 'Object Repository/TF_Customer_Create/3_Common_Action_Buttons/Click_Apply_Button/td_Apply' is clicked on

2019-01-18 20:32:27 - [MESSAGE][PASSED] - Object: 'Object Repository/TF_Customer_Create/3_Common_Action_Buttons/Click_Apply_Button/td_Apply' is clicked on

2019-01-18 20:32:27 - [TEST_STEP][PASSED] - delay(2): Delayed 2 second(s)

2019-01-18 20:32:29 - [MESSAGE][PASSED] - Delayed 2 second(s)

2019-01-18 20:32:29 - [TEST_STEP][PASSED] - click(findTestObject("TF_Customer_Create/3_Common_Action_Buttons/Click_Save_Button/btn_Save")): Object: 'Object Repository/TF_Customer_Create/3_Common_Action_Buttons/Click_Save_Button/btn_Save' is clicked on

2019-01-18 20:32:29 - [MESSAGE][PASSED] - Object: 'Object Repository/TF_Customer_Create/3_Common_Action_Buttons/Click_Save_Button/btn_Save' is clicked on

2019-01-18 20:32:29 - [TEST_STEP][PASSED] - delay(2): Delayed 2 second(s)

2019-01-18 20:32:31 - [MESSAGE][PASSED] - Delayed 2 second(s)

2019-01-18 20:32:31 - [TEST_STEP][NOT_RUN] - verifyElementText(findTestObject("TF_Customer_Create/3_Common_Action_Buttons/Verify_Success_Message/Success_Message"), "Record has been saved successfully.", CONTINUE_ON_FAILURE): NOT_RUN: verifyElementText(findTestObject("TF_Customer_Create/3_Common_Action_Buttons/Verify_Success_Message/Success_Message"), "Record has been saved successfully.", CONTINUE_ON_FAILURE)

2019-01-18 20:32:31 - [MESSAGE][NOT_RUN] - NOT_RUN: verifyElementText(findTestObject("TF_Customer_Create/3_Common_Action_Buttons/Verify_Success_Message/Success_Message"), "Record has been saved successfully.", CONTINUE_ON_FAILURE)

2019-01-18 20:32:31 - [TEST_STEP][NOT_RUN] - click(findTestObject("TF_Customer_Create/3_Common_Action_Buttons/Click_Data_Tab/span_Data_Tab")): NOT_RUN: click(findTestObject("TF_Customer_Create/3_Common_Action_Buttons/Click_Data_Tab/span_Data_Tab"))

2019-01-18 20:32:31 - [MESSAGE][NOT_RUN] - NOT_RUN: click(findTestObject("TF_Customer_Create/3_Common_Action_Buttons/Click_Data_Tab/span_Data_Tab"))

2019-01-18 20:32:31 - [TEST_STEP][NOT_RUN] - delay(1): NOT_RUN: delay(1)

2019-01-18 20:32:31 - [MESSAGE][NOT_RUN] - NOT_RUN: delay(1)

2019-01-18 20:32:31 - [TEST_STEP][NOT_RUN] - click(findTestObject("TF_Customer_Create/3_Common_Action_Buttons/Click_Close_Button/btn_Close")): NOT_RUN: click(findTestObject("TF_Customer_Create/3_Common_Action_Buttons/Click_Close_Button/btn_Close"))

2019-01-18 20:32:31 - [MESSAGE][NOT_RUN] - NOT_RUN: click(findTestObject("TF_Customer_Create/3_Common_Action_Buttons/Click_Close_Button/btn_Close"))

2019-01-18 20:32:31 - [TEST_STEP][NOT_RUN] - delay(2): NOT_RUN: delay(2)

2019-01-18 20:32:31 - [MESSAGE][NOT_RUN] - NOT_RUN: delay(2)

2019-01-18 20:32:31 - [TEST_STEP][NOT_RUN] - vrfy_PLA = com.oracledb.regressiontest.verifyPLA(ora_connt, ora_usr, ora_psswrd, ora_schema, plaAcctName): NOT_RUN: vrfy_PLA = com.oracledb.regressiontest.verifyPLA(ora_connt, ora_usr, ora_psswrd, ora_schema, plaAcctName)

2019-01-18 20:32:31 - [MESSAGE][NOT_RUN] - NOT_RUN: vrfy_PLA = com.oracledb.regressiontest.verifyPLA(ora_connt, ora_usr, ora_psswrd, ora_schema, plaAcctName)

2019-01-18 20:32:31 - [TEST_STEP][NOT_RUN] - println("Planning Account Name"): NOT_RUN: println("Planning Account Name")

2019-01-18 20:32:31 - [MESSAGE][NOT_RUN] - NOT_RUN: println("Planning Account Name")

2019-01-18 20:32:31 - [TEST_STEP][NOT_RUN] - verifyEqual(PLANNING_ACCOUNT_NAME, plaAcctName): NOT_RUN: verifyEqual(PLANNING_ACCOUNT_NAME, plaAcctName)

2019-01-18 20:32:31 - [MESSAGE][NOT_RUN] - NOT_RUN: verifyEqual(PLANNING_ACCOUNT_NAME, plaAcctName)]]></system-out>
         <system-err><![CDATA[]]></system-err>
      </testcase>
      <testcase name="Test Cases/Regression_TF_Customer/Create_Record/TC_13_Create_LDI_Vendor_Site" classname="Test Cases/Regression_TF_Customer/Create_Record/TC_13_Create_LDI_Vendor_Site" status="PASSED">
         <system-out><![CDATA[2019-01-18 20:32:31 - [TEST_CASE][PASSED] - Test Cases/Regression_TF_Customer/Create_Record/TC_13_Create_LDI_Vendor_Site: Test Cases/Regression_TF_Customer/Create_Record/TC_13_Create_LDI_Vendor_Site

2019-01-18 20:32:31 - [TEST_STEP][PASSED] - waitForPageLoad(G_Timeout): Wait for page load successfully

2019-01-18 20:32:31 - [MESSAGE][PASSED] - Wait for page load successfully

2019-01-18 20:32:31 - [TEST_STEP][PASSED] - mouseOver(findTestObject("TF_Customer_Create/1_Menu_Navigation_To_Open_All_Pages/0_Menu_Create_In_Data_View")): Object: 'Object Repository/TF_Customer_Create/1_Menu_Navigation_To_Open_All_Pages/0_Menu_Create_In_Data_View' is hovered

2019-01-18 20:32:32 - [MESSAGE][PASSED] - Object: 'Object Repository/TF_Customer_Create/1_Menu_Navigation_To_Open_All_Pages/0_Menu_Create_In_Data_View' is hovered

2019-01-18 20:32:32 - [TEST_STEP][PASSED] - waitForPageLoad(G_Timeout): Wait for page load successfully

2019-01-18 20:32:32 - [MESSAGE][PASSED] - Wait for page load successfully

2019-01-18 20:32:32 - [TEST_STEP][PASSED] - mouseOver(findTestObject("TF_Customer_Create/1_Menu_Navigation_To_Open_All_Pages/1_Menu_Create_Master_Data")): Object: 'Object Repository/TF_Customer_Create/1_Menu_Navigation_To_Open_All_Pages/1_Menu_Create_Master_Data' is hovered

2019-01-18 20:32:32 - [MESSAGE][PASSED] - Object: 'Object Repository/TF_Customer_Create/1_Menu_Navigation_To_Open_All_Pages/1_Menu_Create_Master_Data' is hovered

2019-01-18 20:32:32 - [TEST_STEP][PASSED] - waitForPageLoad(G_Timeout): Wait for page load successfully

2019-01-18 20:32:32 - [MESSAGE][PASSED] - Wait for page load successfully

2019-01-18 20:32:32 - [TEST_STEP][PASSED] - mouseOver(findTestObject("TF_Customer_Create/1_Menu_Navigation_To_Open_All_Pages/3_Planning_Account_Hoverover_Option")): Object: 'Object Repository/TF_Customer_Create/1_Menu_Navigation_To_Open_All_Pages/3_Planning_Account_Hoverover_Option' is hovered

2019-01-18 20:32:32 - [MESSAGE][PASSED] - Object: 'Object Repository/TF_Customer_Create/1_Menu_Navigation_To_Open_All_Pages/3_Planning_Account_Hoverover_Option' is hovered

2019-01-18 20:32:32 - [TEST_STEP][PASSED] - waitForPageLoad(G_Timeout): Wait for page load successfully

2019-01-18 20:32:33 - [MESSAGE][PASSED] - Wait for page load successfully

2019-01-18 20:32:33 - [TEST_STEP][PASSED] - click(findTestObject("TF_Customer_Create/2_Select_Menu_Options(All)/13_LDI_Vendor_Site")): Object: 'Object Repository/TF_Customer_Create/2_Select_Menu_Options(All)/13_LDI_Vendor_Site' is clicked on

2019-01-18 20:32:33 - [MESSAGE][PASSED] - Object: 'Object Repository/TF_Customer_Create/2_Select_Menu_Options(All)/13_LDI_Vendor_Site' is clicked on

2019-01-18 20:32:33 - [TEST_STEP][PASSED] - waitForPageLoad(G_Timeout): Wait for page load successfully

2019-01-18 20:32:33 - [MESSAGE][PASSED] - Wait for page load successfully

2019-01-18 20:32:33 - [TEST_STEP][PASSED] - delay(3): Delayed 3 second(s)

2019-01-18 20:32:36 - [MESSAGE][PASSED] - Delayed 3 second(s)

2019-01-18 20:32:36 - [TEST_STEP][PASSED] - vndSiteName = com.oracledb.regressiontest.genName(15): com.oracledb.regressiontest.genName is PASSED

2019-01-18 20:32:36 - [MESSAGE][PASSED] - com.oracledb.regressiontest.genName is PASSED

2019-01-18 20:32:36 - [TEST_STEP][PASSED] - vndSiteNumber = com.oracledb.regressiontest.genName(12): com.oracledb.regressiontest.genName is PASSED

2019-01-18 20:32:36 - [MESSAGE][PASSED] - com.oracledb.regressiontest.genName is PASSED

2019-01-18 20:32:36 - [TEST_STEP][PASSED] - vndSiteCd = com.oracledb.regressiontest.genName(10): com.oracledb.regressiontest.genName is PASSED

2019-01-18 20:32:36 - [MESSAGE][PASSED] - com.oracledb.regressiontest.genName is PASSED

2019-01-18 20:32:36 - [TEST_STEP][PASSED] - vndSiteCity = com.oracledb.regressiontest.genName(8): com.oracledb.regressiontest.genName is PASSED

2019-01-18 20:32:36 - [MESSAGE][PASSED] - com.oracledb.regressiontest.genName is PASSED

2019-01-18 20:32:36 - [TEST_STEP][PASSED] - vndSitePtlCd = com.oracledb.regressiontest.genName(6): com.oracledb.regressiontest.genName is PASSED

2019-01-18 20:32:36 - [MESSAGE][PASSED] - com.oracledb.regressiontest.genName is PASSED

2019-01-18 20:32:36 - [TEST_STEP][PASSED] - setText(findTestObject("TF_Customer_Create/4_Create_Objects_And_Save/13_Create_LDI_Vendor_Site/Input_Vendor_Site_Name/input_Vendor_Site_Nm"), vndSiteName): Text 'AYGNPIPXQN58FCL' is set on object 'Object Repository/TF_Customer_Create/4_Create_Objects_And_Save/13_Create_LDI_Vendor_Site/Input_Vendor_Site_Name/input_Vendor_Site_Nm'

2019-01-18 20:32:36 - [MESSAGE][PASSED] - Text 'AYGNPIPXQN58FCL' is set on object 'Object Repository/TF_Customer_Create/4_Create_Objects_And_Save/13_Create_LDI_Vendor_Site/Input_Vendor_Site_Name/input_Vendor_Site_Nm'

2019-01-18 20:32:36 - [TEST_STEP][PASSED] - setText(findTestObject("TF_Customer_Create/4_Create_Objects_And_Save/13_Create_LDI_Vendor_Site/Input_Vendor_Site_Name/input_Vendor_Site_Number"), vndSiteNumber): Text 'RC268KG0GROB' is set on object 'Object Repository/TF_Customer_Create/4_Create_Objects_And_Save/13_Create_LDI_Vendor_Site/Input_Vendor_Site_Name/input_Vendor_Site_Number'

2019-01-18 20:32:36 - [MESSAGE][PASSED] - Text 'RC268KG0GROB' is set on object 'Object Repository/TF_Customer_Create/4_Create_Objects_And_Save/13_Create_LDI_Vendor_Site/Input_Vendor_Site_Name/input_Vendor_Site_Number'

2019-01-18 20:32:36 - [TEST_STEP][PASSED] - setText(findTestObject("TF_Customer_Create/4_Create_Objects_And_Save/13_Create_LDI_Vendor_Site/Input_Vendor_Site_Name/input_Vendor_Site_Cd"), vndSiteCd): Text 'CYPXRGG79T' is set on object 'Object Repository/TF_Customer_Create/4_Create_Objects_And_Save/13_Create_LDI_Vendor_Site/Input_Vendor_Site_Name/input_Vendor_Site_Cd'

2019-01-18 20:32:36 - [MESSAGE][PASSED] - Text 'CYPXRGG79T' is set on object 'Object Repository/TF_Customer_Create/4_Create_Objects_And_Save/13_Create_LDI_Vendor_Site/Input_Vendor_Site_Name/input_Vendor_Site_Cd'

2019-01-18 20:32:36 - [TEST_STEP][PASSED] - setText(findTestObject("TF_Customer_Create/4_Create_Objects_And_Save/13_Create_LDI_Vendor_Site/Input_Vendor_Site_Name/input_Vendor_Site_City"), vndSiteCity): Text 'KWB62NHO' is set on object 'Object Repository/TF_Customer_Create/4_Create_Objects_And_Save/13_Create_LDI_Vendor_Site/Input_Vendor_Site_Name/input_Vendor_Site_City'

2019-01-18 20:32:36 - [MESSAGE][PASSED] - Text 'KWB62NHO' is set on object 'Object Repository/TF_Customer_Create/4_Create_Objects_And_Save/13_Create_LDI_Vendor_Site/Input_Vendor_Site_Name/input_Vendor_Site_City'

2019-01-18 20:32:36 - [TEST_STEP][PASSED] - setText(findTestObject("TF_Customer_Create/4_Create_Objects_And_Save/13_Create_LDI_Vendor_Site/Input_Vendor_Site_Name/input_Vendor_Site_Postal_Code"), vndSitePtlCd): Text '7VSSLN' is set on object 'Object Repository/TF_Customer_Create/4_Create_Objects_And_Save/13_Create_LDI_Vendor_Site/Input_Vendor_Site_Name/input_Vendor_Site_Postal_Code'

2019-01-18 20:32:37 - [MESSAGE][PASSED] - Text '7VSSLN' is set on object 'Object Repository/TF_Customer_Create/4_Create_Objects_And_Save/13_Create_LDI_Vendor_Site/Input_Vendor_Site_Name/input_Vendor_Site_Postal_Code'

2019-01-18 20:32:37 - [TEST_STEP][PASSED] - setText(findTestObject("TF_Customer_Create/4_Create_Objects_And_Save/13_Create_LDI_Vendor_Site/Input_Vendor_Site_Name/input_Vendor_Site_Inactive_dt"), input_Eff_Dt): Text '18/Jan/2019' is set on object 'Object Repository/TF_Customer_Create/4_Create_Objects_And_Save/13_Create_LDI_Vendor_Site/Input_Vendor_Site_Name/input_Vendor_Site_Inactive_dt'

2019-01-18 20:32:37 - [MESSAGE][PASSED] - Text '18/Jan/2019' is set on object 'Object Repository/TF_Customer_Create/4_Create_Objects_And_Save/13_Create_LDI_Vendor_Site/Input_Vendor_Site_Name/input_Vendor_Site_Inactive_dt'

2019-01-18 20:32:37 - [TEST_STEP][PASSED] - delay(2): Delayed 2 second(s)

2019-01-18 20:32:39 - [MESSAGE][PASSED] - Delayed 2 second(s)

2019-01-18 20:32:39 - [TEST_STEP][PASSED] - click(findTestObject("TF_Customer_Create/3_Common_Action_Buttons/Click_Data_Tab/span_Data_Tab")): Object: 'Object Repository/TF_Customer_Create/3_Common_Action_Buttons/Click_Data_Tab/span_Data_Tab' is clicked on

2019-01-18 20:32:39 - [MESSAGE][PASSED] - Object: 'Object Repository/TF_Customer_Create/3_Common_Action_Buttons/Click_Data_Tab/span_Data_Tab' is clicked on

2019-01-18 20:32:39 - [TEST_STEP][NOT_RUN] - click(findTestObject("TF_Customer_Create/4_Create_Objects_And_Save/Choose_Sales_Org/Click_Sales_Org_DD"), CONTINUE_ON_FAILURE): NOT_RUN: click(findTestObject("TF_Customer_Create/4_Create_Objects_And_Save/Choose_Sales_Org/Click_Sales_Org_DD"), CONTINUE_ON_FAILURE)

2019-01-18 20:32:39 - [MESSAGE][NOT_RUN] - NOT_RUN: click(findTestObject("TF_Customer_Create/4_Create_Objects_And_Save/Choose_Sales_Org/Click_Sales_Org_DD"), CONTINUE_ON_FAILURE)

2019-01-18 20:32:39 - [TEST_STEP][NOT_RUN] - click(findTestObject("TF_Customer_Create/4_Create_Objects_And_Save/Choose_Sales_Org/CA_Object"), CONTINUE_ON_FAILURE): NOT_RUN: click(findTestObject("TF_Customer_Create/4_Create_Objects_And_Save/Choose_Sales_Org/CA_Object"), CONTINUE_ON_FAILURE)

2019-01-18 20:32:39 - [MESSAGE][NOT_RUN] - NOT_RUN: click(findTestObject("TF_Customer_Create/4_Create_Objects_And_Save/Choose_Sales_Org/CA_Object"), CONTINUE_ON_FAILURE)

2019-01-18 20:32:39 - [TEST_STEP][PASSED] - delay(2): Delayed 2 second(s)

2019-01-18 20:32:41 - [MESSAGE][PASSED] - Delayed 2 second(s)

2019-01-18 20:32:41 - [TEST_STEP][PASSED] - click(findTestObject("TF_Customer_Create/3_Common_Action_Buttons/Click_Apply_Button/td_Apply")): Object: 'Object Repository/TF_Customer_Create/3_Common_Action_Buttons/Click_Apply_Button/td_Apply' is clicked on

2019-01-18 20:32:41 - [MESSAGE][PASSED] - Object: 'Object Repository/TF_Customer_Create/3_Common_Action_Buttons/Click_Apply_Button/td_Apply' is clicked on

2019-01-18 20:32:41 - [TEST_STEP][PASSED] - delay(2): Delayed 2 second(s)

2019-01-18 20:32:43 - [MESSAGE][PASSED] - Delayed 2 second(s)

2019-01-18 20:32:43 - [TEST_STEP][PASSED] - click(findTestObject("TF_Customer_Create/3_Common_Action_Buttons/Click_Save_Button/btn_Save")): Object: 'Object Repository/TF_Customer_Create/3_Common_Action_Buttons/Click_Save_Button/btn_Save' is clicked on

2019-01-18 20:32:43 - [MESSAGE][PASSED] - Object: 'Object Repository/TF_Customer_Create/3_Common_Action_Buttons/Click_Save_Button/btn_Save' is clicked on

2019-01-18 20:32:43 - [TEST_STEP][PASSED] - delay(2): Delayed 2 second(s)

2019-01-18 20:32:45 - [MESSAGE][PASSED] - Delayed 2 second(s)

2019-01-18 20:32:45 - [TEST_STEP][NOT_RUN] - verifyElementText(findTestObject("TF_Customer_Create/3_Common_Action_Buttons/Verify_Success_Message/Success_Message"), "Record has been saved successfully.", CONTINUE_ON_FAILURE): NOT_RUN: verifyElementText(findTestObject("TF_Customer_Create/3_Common_Action_Buttons/Verify_Success_Message/Success_Message"), "Record has been saved successfully.", CONTINUE_ON_FAILURE)

2019-01-18 20:32:45 - [MESSAGE][NOT_RUN] - NOT_RUN: verifyElementText(findTestObject("TF_Customer_Create/3_Common_Action_Buttons/Verify_Success_Message/Success_Message"), "Record has been saved successfully.", CONTINUE_ON_FAILURE)

2019-01-18 20:32:45 - [TEST_STEP][NOT_RUN] - click(findTestObject("TF_Customer_Create/3_Common_Action_Buttons/Click_Data_Tab/span_Data_Tab")): NOT_RUN: click(findTestObject("TF_Customer_Create/3_Common_Action_Buttons/Click_Data_Tab/span_Data_Tab"))

2019-01-18 20:32:45 - [MESSAGE][NOT_RUN] - NOT_RUN: click(findTestObject("TF_Customer_Create/3_Common_Action_Buttons/Click_Data_Tab/span_Data_Tab"))

2019-01-18 20:32:45 - [TEST_STEP][NOT_RUN] - delay(1): NOT_RUN: delay(1)

2019-01-18 20:32:45 - [MESSAGE][NOT_RUN] - NOT_RUN: delay(1)

2019-01-18 20:32:45 - [TEST_STEP][NOT_RUN] - click(findTestObject("TF_Customer_Create/3_Common_Action_Buttons/Click_Close_Button/btn_Close")): NOT_RUN: click(findTestObject("TF_Customer_Create/3_Common_Action_Buttons/Click_Close_Button/btn_Close"))

2019-01-18 20:32:45 - [MESSAGE][NOT_RUN] - NOT_RUN: click(findTestObject("TF_Customer_Create/3_Common_Action_Buttons/Click_Close_Button/btn_Close"))

2019-01-18 20:32:45 - [TEST_STEP][NOT_RUN] - delay(2): NOT_RUN: delay(2)

2019-01-18 20:32:45 - [MESSAGE][NOT_RUN] - NOT_RUN: delay(2)

2019-01-18 20:32:45 - [TEST_STEP][NOT_RUN] - vrfy_PLA = com.oracledb.regressiontest.verifyPLA(ora_connt, ora_usr, ora_psswrd, ora_schema, plaAcctName): NOT_RUN: vrfy_PLA = com.oracledb.regressiontest.verifyPLA(ora_connt, ora_usr, ora_psswrd, ora_schema, plaAcctName)

2019-01-18 20:32:45 - [MESSAGE][NOT_RUN] - NOT_RUN: vrfy_PLA = com.oracledb.regressiontest.verifyPLA(ora_connt, ora_usr, ora_psswrd, ora_schema, plaAcctName)

2019-01-18 20:32:45 - [TEST_STEP][NOT_RUN] - println("Planning Account Name"): NOT_RUN: println("Planning Account Name")

2019-01-18 20:32:45 - [MESSAGE][NOT_RUN] - NOT_RUN: println("Planning Account Name")

2019-01-18 20:32:45 - [TEST_STEP][NOT_RUN] - verifyEqual(PLANNING_ACCOUNT_NAME, plaAcctName): NOT_RUN: verifyEqual(PLANNING_ACCOUNT_NAME, plaAcctName)

2019-01-18 20:32:45 - [MESSAGE][NOT_RUN] - NOT_RUN: verifyEqual(PLANNING_ACCOUNT_NAME, plaAcctName)]]></system-out>
         <system-err><![CDATA[]]></system-err>
      </testcase>
      <testcase name="Test Cases/Regression_TF_Customer/Create_Record/TC_13_Create_LDI_Vendor_Site" classname="Test Cases/Regression_TF_Customer/Create_Record/TC_13_Create_LDI_Vendor_Site" status="PASSED">
         <system-out><![CDATA[2019-01-18 20:32:45 - [TEST_CASE][PASSED] - Test Cases/Regression_TF_Customer/Create_Record/TC_13_Create_LDI_Vendor_Site: Test Cases/Regression_TF_Customer/Create_Record/TC_13_Create_LDI_Vendor_Site

2019-01-18 20:32:45 - [TEST_STEP][PASSED] - waitForPageLoad(G_Timeout): Wait for page load successfully

2019-01-18 20:32:45 - [MESSAGE][PASSED] - Wait for page load successfully

2019-01-18 20:32:45 - [TEST_STEP][PASSED] - mouseOver(findTestObject("TF_Customer_Create/1_Menu_Navigation_To_Open_All_Pages/0_Menu_Create_In_Data_View")): Object: 'Object Repository/TF_Customer_Create/1_Menu_Navigation_To_Open_All_Pages/0_Menu_Create_In_Data_View' is hovered

2019-01-18 20:32:45 - [MESSAGE][PASSED] - Object: 'Object Repository/TF_Customer_Create/1_Menu_Navigation_To_Open_All_Pages/0_Menu_Create_In_Data_View' is hovered

2019-01-18 20:32:45 - [TEST_STEP][PASSED] - waitForPageLoad(G_Timeout): Wait for page load successfully

2019-01-18 20:32:45 - [MESSAGE][PASSED] - Wait for page load successfully

2019-01-18 20:32:45 - [TEST_STEP][PASSED] - mouseOver(findTestObject("TF_Customer_Create/1_Menu_Navigation_To_Open_All_Pages/1_Menu_Create_Master_Data")): Object: 'Object Repository/TF_Customer_Create/1_Menu_Navigation_To_Open_All_Pages/1_Menu_Create_Master_Data' is hovered

2019-01-18 20:32:45 - [MESSAGE][PASSED] - Object: 'Object Repository/TF_Customer_Create/1_Menu_Navigation_To_Open_All_Pages/1_Menu_Create_Master_Data' is hovered

2019-01-18 20:32:45 - [TEST_STEP][PASSED] - waitForPageLoad(G_Timeout): Wait for page load successfully

2019-01-18 20:32:45 - [MESSAGE][PASSED] - Wait for page load successfully

2019-01-18 20:32:45 - [TEST_STEP][PASSED] - mouseOver(findTestObject("TF_Customer_Create/1_Menu_Navigation_To_Open_All_Pages/3_Planning_Account_Hoverover_Option")): Object: 'Object Repository/TF_Customer_Create/1_Menu_Navigation_To_Open_All_Pages/3_Planning_Account_Hoverover_Option' is hovered

2019-01-18 20:32:46 - [MESSAGE][PASSED] - Object: 'Object Repository/TF_Customer_Create/1_Menu_Navigation_To_Open_All_Pages/3_Planning_Account_Hoverover_Option' is hovered

2019-01-18 20:32:46 - [TEST_STEP][PASSED] - waitForPageLoad(G_Timeout): Wait for page load successfully

2019-01-18 20:32:46 - [MESSAGE][PASSED] - Wait for page load successfully

2019-01-18 20:32:46 - [TEST_STEP][PASSED] - click(findTestObject("TF_Customer_Create/2_Select_Menu_Options(All)/13_LDI_Vendor_Site")): Object: 'Object Repository/TF_Customer_Create/2_Select_Menu_Options(All)/13_LDI_Vendor_Site' is clicked on

2019-01-18 20:32:46 - [MESSAGE][PASSED] - Object: 'Object Repository/TF_Customer_Create/2_Select_Menu_Options(All)/13_LDI_Vendor_Site' is clicked on

2019-01-18 20:32:46 - [TEST_STEP][PASSED] - waitForPageLoad(G_Timeout): Wait for page load successfully

2019-01-18 20:32:46 - [MESSAGE][PASSED] - Wait for page load successfully

2019-01-18 20:32:46 - [TEST_STEP][PASSED] - delay(3): Delayed 3 second(s)

2019-01-18 20:32:49 - [MESSAGE][PASSED] - Delayed 3 second(s)

2019-01-18 20:32:49 - [TEST_STEP][PASSED] - vndSiteName = com.oracledb.regressiontest.genName(15): com.oracledb.regressiontest.genName is PASSED

2019-01-18 20:32:49 - [MESSAGE][PASSED] - com.oracledb.regressiontest.genName is PASSED

2019-01-18 20:32:49 - [TEST_STEP][PASSED] - vndSiteNumber = com.oracledb.regressiontest.genName(12): com.oracledb.regressiontest.genName is PASSED

2019-01-18 20:32:49 - [MESSAGE][PASSED] - com.oracledb.regressiontest.genName is PASSED

2019-01-18 20:32:49 - [TEST_STEP][PASSED] - vndSiteCd = com.oracledb.regressiontest.genName(10): com.oracledb.regressiontest.genName is PASSED

2019-01-18 20:32:49 - [MESSAGE][PASSED] - com.oracledb.regressiontest.genName is PASSED

2019-01-18 20:32:49 - [TEST_STEP][PASSED] - vndSiteCity = com.oracledb.regressiontest.genName(8): com.oracledb.regressiontest.genName is PASSED

2019-01-18 20:32:49 - [MESSAGE][PASSED] - com.oracledb.regressiontest.genName is PASSED

2019-01-18 20:32:49 - [TEST_STEP][PASSED] - vndSitePtlCd = com.oracledb.regressiontest.genName(6): com.oracledb.regressiontest.genName is PASSED

2019-01-18 20:32:49 - [MESSAGE][PASSED] - com.oracledb.regressiontest.genName is PASSED

2019-01-18 20:32:49 - [TEST_STEP][PASSED] - setText(findTestObject("TF_Customer_Create/4_Create_Objects_And_Save/13_Create_LDI_Vendor_Site/Input_Vendor_Site_Name/input_Vendor_Site_Nm"), vndSiteName): Text 'RY005WK62S1M8BG' is set on object 'Object Repository/TF_Customer_Create/4_Create_Objects_And_Save/13_Create_LDI_Vendor_Site/Input_Vendor_Site_Name/input_Vendor_Site_Nm'

2019-01-18 20:32:49 - [MESSAGE][PASSED] - Text 'RY005WK62S1M8BG' is set on object 'Object Repository/TF_Customer_Create/4_Create_Objects_And_Save/13_Create_LDI_Vendor_Site/Input_Vendor_Site_Name/input_Vendor_Site_Nm'

2019-01-18 20:32:49 - [TEST_STEP][PASSED] - setText(findTestObject("TF_Customer_Create/4_Create_Objects_And_Save/13_Create_LDI_Vendor_Site/Input_Vendor_Site_Name/input_Vendor_Site_Number"), vndSiteNumber): Text 'RUAYG26HSODE' is set on object 'Object Repository/TF_Customer_Create/4_Create_Objects_And_Save/13_Create_LDI_Vendor_Site/Input_Vendor_Site_Name/input_Vendor_Site_Number'

2019-01-18 20:32:49 - [MESSAGE][PASSED] - Text 'RUAYG26HSODE' is set on object 'Object Repository/TF_Customer_Create/4_Create_Objects_And_Save/13_Create_LDI_Vendor_Site/Input_Vendor_Site_Name/input_Vendor_Site_Number'

2019-01-18 20:32:49 - [TEST_STEP][PASSED] - setText(findTestObject("TF_Customer_Create/4_Create_Objects_And_Save/13_Create_LDI_Vendor_Site/Input_Vendor_Site_Name/input_Vendor_Site_Cd"), vndSiteCd): Text 'EL2CW0I63R' is set on object 'Object Repository/TF_Customer_Create/4_Create_Objects_And_Save/13_Create_LDI_Vendor_Site/Input_Vendor_Site_Name/input_Vendor_Site_Cd'

2019-01-18 20:32:50 - [MESSAGE][PASSED] - Text 'EL2CW0I63R' is set on object 'Object Repository/TF_Customer_Create/4_Create_Objects_And_Save/13_Create_LDI_Vendor_Site/Input_Vendor_Site_Name/input_Vendor_Site_Cd'

2019-01-18 20:32:50 - [TEST_STEP][PASSED] - setText(findTestObject("TF_Customer_Create/4_Create_Objects_And_Save/13_Create_LDI_Vendor_Site/Input_Vendor_Site_Name/input_Vendor_Site_City"), vndSiteCity): Text '0KDJ2B5E' is set on object 'Object Repository/TF_Customer_Create/4_Create_Objects_And_Save/13_Create_LDI_Vendor_Site/Input_Vendor_Site_Name/input_Vendor_Site_City'

2019-01-18 20:32:50 - [MESSAGE][PASSED] - Text '0KDJ2B5E' is set on object 'Object Repository/TF_Customer_Create/4_Create_Objects_And_Save/13_Create_LDI_Vendor_Site/Input_Vendor_Site_Name/input_Vendor_Site_City'

2019-01-18 20:32:50 - [TEST_STEP][PASSED] - setText(findTestObject("TF_Customer_Create/4_Create_Objects_And_Save/13_Create_LDI_Vendor_Site/Input_Vendor_Site_Name/input_Vendor_Site_Postal_Code"), vndSitePtlCd): Text 'XSBZ2X' is set on object 'Object Repository/TF_Customer_Create/4_Create_Objects_And_Save/13_Create_LDI_Vendor_Site/Input_Vendor_Site_Name/input_Vendor_Site_Postal_Code'

2019-01-18 20:32:50 - [MESSAGE][PASSED] - Text 'XSBZ2X' is set on object 'Object Repository/TF_Customer_Create/4_Create_Objects_And_Save/13_Create_LDI_Vendor_Site/Input_Vendor_Site_Name/input_Vendor_Site_Postal_Code'

2019-01-18 20:32:50 - [TEST_STEP][PASSED] - setText(findTestObject("TF_Customer_Create/4_Create_Objects_And_Save/13_Create_LDI_Vendor_Site/Input_Vendor_Site_Name/input_Vendor_Site_Inactive_dt"), input_Eff_Dt): Text '18/Jan/2019' is set on object 'Object Repository/TF_Customer_Create/4_Create_Objects_And_Save/13_Create_LDI_Vendor_Site/Input_Vendor_Site_Name/input_Vendor_Site_Inactive_dt'

2019-01-18 20:32:50 - [MESSAGE][PASSED] - Text '18/Jan/2019' is set on object 'Object Repository/TF_Customer_Create/4_Create_Objects_And_Save/13_Create_LDI_Vendor_Site/Input_Vendor_Site_Name/input_Vendor_Site_Inactive_dt'

2019-01-18 20:32:50 - [TEST_STEP][PASSED] - delay(2): Delayed 2 second(s)

2019-01-18 20:32:52 - [MESSAGE][PASSED] - Delayed 2 second(s)

2019-01-18 20:32:52 - [TEST_STEP][PASSED] - click(findTestObject("TF_Customer_Create/3_Common_Action_Buttons/Click_Data_Tab/span_Data_Tab")): Object: 'Object Repository/TF_Customer_Create/3_Common_Action_Buttons/Click_Data_Tab/span_Data_Tab' is clicked on

2019-01-18 20:32:52 - [MESSAGE][PASSED] - Object: 'Object Repository/TF_Customer_Create/3_Common_Action_Buttons/Click_Data_Tab/span_Data_Tab' is clicked on

2019-01-18 20:32:52 - [TEST_STEP][NOT_RUN] - click(findTestObject("TF_Customer_Create/4_Create_Objects_And_Save/Choose_Sales_Org/Click_Sales_Org_DD"), CONTINUE_ON_FAILURE): NOT_RUN: click(findTestObject("TF_Customer_Create/4_Create_Objects_And_Save/Choose_Sales_Org/Click_Sales_Org_DD"), CONTINUE_ON_FAILURE)

2019-01-18 20:32:52 - [MESSAGE][NOT_RUN] - NOT_RUN: click(findTestObject("TF_Customer_Create/4_Create_Objects_And_Save/Choose_Sales_Org/Click_Sales_Org_DD"), CONTINUE_ON_FAILURE)

2019-01-18 20:32:52 - [TEST_STEP][NOT_RUN] - click(findTestObject("TF_Customer_Create/4_Create_Objects_And_Save/Choose_Sales_Org/CA_Object"), CONTINUE_ON_FAILURE): NOT_RUN: click(findTestObject("TF_Customer_Create/4_Create_Objects_And_Save/Choose_Sales_Org/CA_Object"), CONTINUE_ON_FAILURE)

2019-01-18 20:32:52 - [MESSAGE][NOT_RUN] - NOT_RUN: click(findTestObject("TF_Customer_Create/4_Create_Objects_And_Save/Choose_Sales_Org/CA_Object"), CONTINUE_ON_FAILURE)

2019-01-18 20:32:52 - [TEST_STEP][PASSED] - delay(2): Delayed 2 second(s)

2019-01-18 20:32:54 - [MESSAGE][PASSED] - Delayed 2 second(s)

2019-01-18 20:32:54 - [TEST_STEP][PASSED] - click(findTestObject("TF_Customer_Create/3_Common_Action_Buttons/Click_Apply_Button/td_Apply")): Object: 'Object Repository/TF_Customer_Create/3_Common_Action_Buttons/Click_Apply_Button/td_Apply' is clicked on

2019-01-18 20:32:54 - [MESSAGE][PASSED] - Object: 'Object Repository/TF_Customer_Create/3_Common_Action_Buttons/Click_Apply_Button/td_Apply' is clicked on

2019-01-18 20:32:54 - [TEST_STEP][PASSED] - delay(2): Delayed 2 second(s)

2019-01-18 20:32:56 - [MESSAGE][PASSED] - Delayed 2 second(s)

2019-01-18 20:32:56 - [TEST_STEP][PASSED] - click(findTestObject("TF_Customer_Create/3_Common_Action_Buttons/Click_Save_Button/btn_Save")): Object: 'Object Repository/TF_Customer_Create/3_Common_Action_Buttons/Click_Save_Button/btn_Save' is clicked on

2019-01-18 20:32:56 - [MESSAGE][PASSED] - Object: 'Object Repository/TF_Customer_Create/3_Common_Action_Buttons/Click_Save_Button/btn_Save' is clicked on

2019-01-18 20:32:56 - [TEST_STEP][PASSED] - delay(2): Delayed 2 second(s)

2019-01-18 20:32:58 - [MESSAGE][PASSED] - Delayed 2 second(s)

2019-01-18 20:32:58 - [TEST_STEP][NOT_RUN] - verifyElementText(findTestObject("TF_Customer_Create/3_Common_Action_Buttons/Verify_Success_Message/Success_Message"), "Record has been saved successfully.", CONTINUE_ON_FAILURE): NOT_RUN: verifyElementText(findTestObject("TF_Customer_Create/3_Common_Action_Buttons/Verify_Success_Message/Success_Message"), "Record has been saved successfully.", CONTINUE_ON_FAILURE)

2019-01-18 20:32:58 - [MESSAGE][NOT_RUN] - NOT_RUN: verifyElementText(findTestObject("TF_Customer_Create/3_Common_Action_Buttons/Verify_Success_Message/Success_Message"), "Record has been saved successfully.", CONTINUE_ON_FAILURE)

2019-01-18 20:32:58 - [TEST_STEP][NOT_RUN] - click(findTestObject("TF_Customer_Create/3_Common_Action_Buttons/Click_Data_Tab/span_Data_Tab")): NOT_RUN: click(findTestObject("TF_Customer_Create/3_Common_Action_Buttons/Click_Data_Tab/span_Data_Tab"))

2019-01-18 20:32:58 - [MESSAGE][NOT_RUN] - NOT_RUN: click(findTestObject("TF_Customer_Create/3_Common_Action_Buttons/Click_Data_Tab/span_Data_Tab"))

2019-01-18 20:32:58 - [TEST_STEP][NOT_RUN] - delay(1): NOT_RUN: delay(1)

2019-01-18 20:32:58 - [MESSAGE][NOT_RUN] - NOT_RUN: delay(1)

2019-01-18 20:32:58 - [TEST_STEP][NOT_RUN] - click(findTestObject("TF_Customer_Create/3_Common_Action_Buttons/Click_Close_Button/btn_Close")): NOT_RUN: click(findTestObject("TF_Customer_Create/3_Common_Action_Buttons/Click_Close_Button/btn_Close"))

2019-01-18 20:32:58 - [MESSAGE][NOT_RUN] - NOT_RUN: click(findTestObject("TF_Customer_Create/3_Common_Action_Buttons/Click_Close_Button/btn_Close"))

2019-01-18 20:32:58 - [TEST_STEP][NOT_RUN] - delay(2): NOT_RUN: delay(2)

2019-01-18 20:32:58 - [MESSAGE][NOT_RUN] - NOT_RUN: delay(2)

2019-01-18 20:32:58 - [TEST_STEP][NOT_RUN] - vrfy_PLA = com.oracledb.regressiontest.verifyPLA(ora_connt, ora_usr, ora_psswrd, ora_schema, plaAcctName): NOT_RUN: vrfy_PLA = com.oracledb.regressiontest.verifyPLA(ora_connt, ora_usr, ora_psswrd, ora_schema, plaAcctName)

2019-01-18 20:32:58 - [MESSAGE][NOT_RUN] - NOT_RUN: vrfy_PLA = com.oracledb.regressiontest.verifyPLA(ora_connt, ora_usr, ora_psswrd, ora_schema, plaAcctName)

2019-01-18 20:32:58 - [TEST_STEP][NOT_RUN] - println("Planning Account Name"): NOT_RUN: println("Planning Account Name")

2019-01-18 20:32:58 - [MESSAGE][NOT_RUN] - NOT_RUN: println("Planning Account Name")

2019-01-18 20:32:58 - [TEST_STEP][NOT_RUN] - verifyEqual(PLANNING_ACCOUNT_NAME, plaAcctName): NOT_RUN: verifyEqual(PLANNING_ACCOUNT_NAME, plaAcctName)

2019-01-18 20:32:58 - [MESSAGE][NOT_RUN] - NOT_RUN: verifyEqual(PLANNING_ACCOUNT_NAME, plaAcctName)]]></system-out>
         <system-err><![CDATA[]]></system-err>
      </testcase>
      <testcase name="Test Cases/Regression_TF_Customer/Create_Record/TC_13_Create_LDI_Vendor_Site" classname="Test Cases/Regression_TF_Customer/Create_Record/TC_13_Create_LDI_Vendor_Site" status="PASSED">
         <system-out><![CDATA[2019-01-18 20:32:58 - [TEST_CASE][PASSED] - Test Cases/Regression_TF_Customer/Create_Record/TC_13_Create_LDI_Vendor_Site: Test Cases/Regression_TF_Customer/Create_Record/TC_13_Create_LDI_Vendor_Site

2019-01-18 20:32:59 - [TEST_STEP][PASSED] - waitForPageLoad(G_Timeout): Wait for page load successfully

2019-01-18 20:32:59 - [MESSAGE][PASSED] - Wait for page load successfully

2019-01-18 20:32:59 - [TEST_STEP][PASSED] - mouseOver(findTestObject("TF_Customer_Create/1_Menu_Navigation_To_Open_All_Pages/0_Menu_Create_In_Data_View")): Object: 'Object Repository/TF_Customer_Create/1_Menu_Navigation_To_Open_All_Pages/0_Menu_Create_In_Data_View' is hovered

2019-01-18 20:32:59 - [MESSAGE][PASSED] - Object: 'Object Repository/TF_Customer_Create/1_Menu_Navigation_To_Open_All_Pages/0_Menu_Create_In_Data_View' is hovered

2019-01-18 20:32:59 - [TEST_STEP][PASSED] - waitForPageLoad(G_Timeout): Wait for page load successfully

2019-01-18 20:32:59 - [MESSAGE][PASSED] - Wait for page load successfully

2019-01-18 20:32:59 - [TEST_STEP][PASSED] - mouseOver(findTestObject("TF_Customer_Create/1_Menu_Navigation_To_Open_All_Pages/1_Menu_Create_Master_Data")): Object: 'Object Repository/TF_Customer_Create/1_Menu_Navigation_To_Open_All_Pages/1_Menu_Create_Master_Data' is hovered

2019-01-18 20:32:59 - [MESSAGE][PASSED] - Object: 'Object Repository/TF_Customer_Create/1_Menu_Navigation_To_Open_All_Pages/1_Menu_Create_Master_Data' is hovered

2019-01-18 20:32:59 - [TEST_STEP][PASSED] - waitForPageLoad(G_Timeout): Wait for page load successfully

2019-01-18 20:32:59 - [MESSAGE][PASSED] - Wait for page load successfully

2019-01-18 20:32:59 - [TEST_STEP][PASSED] - mouseOver(findTestObject("TF_Customer_Create/1_Menu_Navigation_To_Open_All_Pages/3_Planning_Account_Hoverover_Option")): Object: 'Object Repository/TF_Customer_Create/1_Menu_Navigation_To_Open_All_Pages/3_Planning_Account_Hoverover_Option' is hovered

2019-01-18 20:32:59 - [MESSAGE][PASSED] - Object: 'Object Repository/TF_Customer_Create/1_Menu_Navigation_To_Open_All_Pages/3_Planning_Account_Hoverover_Option' is hovered

2019-01-18 20:32:59 - [TEST_STEP][PASSED] - waitForPageLoad(G_Timeout): Wait for page load successfully

2019-01-18 20:32:59 - [MESSAGE][PASSED] - Wait for page load successfully

2019-01-18 20:32:59 - [TEST_STEP][PASSED] - click(findTestObject("TF_Customer_Create/2_Select_Menu_Options(All)/13_LDI_Vendor_Site")): Object: 'Object Repository/TF_Customer_Create/2_Select_Menu_Options(All)/13_LDI_Vendor_Site' is clicked on

2019-01-18 20:32:59 - [MESSAGE][PASSED] - Object: 'Object Repository/TF_Customer_Create/2_Select_Menu_Options(All)/13_LDI_Vendor_Site' is clicked on

2019-01-18 20:32:59 - [TEST_STEP][PASSED] - waitForPageLoad(G_Timeout): Wait for page load successfully

2019-01-18 20:32:59 - [MESSAGE][PASSED] - Wait for page load successfully

2019-01-18 20:32:59 - [TEST_STEP][PASSED] - delay(3): Delayed 3 second(s)

2019-01-18 20:33:02 - [MESSAGE][PASSED] - Delayed 3 second(s)

2019-01-18 20:33:02 - [TEST_STEP][PASSED] - vndSiteName = com.oracledb.regressiontest.genName(15): com.oracledb.regressiontest.genName is PASSED

2019-01-18 20:33:02 - [MESSAGE][PASSED] - com.oracledb.regressiontest.genName is PASSED

2019-01-18 20:33:02 - [TEST_STEP][PASSED] - vndSiteNumber = com.oracledb.regressiontest.genName(12): com.oracledb.regressiontest.genName is PASSED

2019-01-18 20:33:02 - [MESSAGE][PASSED] - com.oracledb.regressiontest.genName is PASSED

2019-01-18 20:33:02 - [TEST_STEP][PASSED] - vndSiteCd = com.oracledb.regressiontest.genName(10): com.oracledb.regressiontest.genName is PASSED

2019-01-18 20:33:02 - [MESSAGE][PASSED] - com.oracledb.regressiontest.genName is PASSED

2019-01-18 20:33:02 - [TEST_STEP][PASSED] - vndSiteCity = com.oracledb.regressiontest.genName(8): com.oracledb.regressiontest.genName is PASSED

2019-01-18 20:33:02 - [MESSAGE][PASSED] - com.oracledb.regressiontest.genName is PASSED

2019-01-18 20:33:02 - [TEST_STEP][PASSED] - vndSitePtlCd = com.oracledb.regressiontest.genName(6): com.oracledb.regressiontest.genName is PASSED

2019-01-18 20:33:02 - [MESSAGE][PASSED] - com.oracledb.regressiontest.genName is PASSED

2019-01-18 20:33:02 - [TEST_STEP][PASSED] - setText(findTestObject("TF_Customer_Create/4_Create_Objects_And_Save/13_Create_LDI_Vendor_Site/Input_Vendor_Site_Name/input_Vendor_Site_Nm"), vndSiteName): Text 'KM1OILJ03XMXRJW' is set on object 'Object Repository/TF_Customer_Create/4_Create_Objects_And_Save/13_Create_LDI_Vendor_Site/Input_Vendor_Site_Name/input_Vendor_Site_Nm'

2019-01-18 20:33:02 - [MESSAGE][PASSED] - Text 'KM1OILJ03XMXRJW' is set on object 'Object Repository/TF_Customer_Create/4_Create_Objects_And_Save/13_Create_LDI_Vendor_Site/Input_Vendor_Site_Name/input_Vendor_Site_Nm'

2019-01-18 20:33:02 - [TEST_STEP][PASSED] - setText(findTestObject("TF_Customer_Create/4_Create_Objects_And_Save/13_Create_LDI_Vendor_Site/Input_Vendor_Site_Name/input_Vendor_Site_Number"), vndSiteNumber): Text 'WZVSW1TPASP4' is set on object 'Object Repository/TF_Customer_Create/4_Create_Objects_And_Save/13_Create_LDI_Vendor_Site/Input_Vendor_Site_Name/input_Vendor_Site_Number'

2019-01-18 20:33:03 - [MESSAGE][PASSED] - Text 'WZVSW1TPASP4' is set on object 'Object Repository/TF_Customer_Create/4_Create_Objects_And_Save/13_Create_LDI_Vendor_Site/Input_Vendor_Site_Name/input_Vendor_Site_Number'

2019-01-18 20:33:03 - [TEST_STEP][PASSED] - setText(findTestObject("TF_Customer_Create/4_Create_Objects_And_Save/13_Create_LDI_Vendor_Site/Input_Vendor_Site_Name/input_Vendor_Site_Cd"), vndSiteCd): Text '1YH6HU5LX5' is set on object 'Object Repository/TF_Customer_Create/4_Create_Objects_And_Save/13_Create_LDI_Vendor_Site/Input_Vendor_Site_Name/input_Vendor_Site_Cd'

2019-01-18 20:33:03 - [MESSAGE][PASSED] - Text '1YH6HU5LX5' is set on object 'Object Repository/TF_Customer_Create/4_Create_Objects_And_Save/13_Create_LDI_Vendor_Site/Input_Vendor_Site_Name/input_Vendor_Site_Cd'

2019-01-18 20:33:03 - [TEST_STEP][PASSED] - setText(findTestObject("TF_Customer_Create/4_Create_Objects_And_Save/13_Create_LDI_Vendor_Site/Input_Vendor_Site_Name/input_Vendor_Site_City"), vndSiteCity): Text 'QVKYGSAI' is set on object 'Object Repository/TF_Customer_Create/4_Create_Objects_And_Save/13_Create_LDI_Vendor_Site/Input_Vendor_Site_Name/input_Vendor_Site_City'

2019-01-18 20:33:03 - [MESSAGE][PASSED] - Text 'QVKYGSAI' is set on object 'Object Repository/TF_Customer_Create/4_Create_Objects_And_Save/13_Create_LDI_Vendor_Site/Input_Vendor_Site_Name/input_Vendor_Site_City'

2019-01-18 20:33:03 - [TEST_STEP][PASSED] - setText(findTestObject("TF_Customer_Create/4_Create_Objects_And_Save/13_Create_LDI_Vendor_Site/Input_Vendor_Site_Name/input_Vendor_Site_Postal_Code"), vndSitePtlCd): Text 'Y3UWA6' is set on object 'Object Repository/TF_Customer_Create/4_Create_Objects_And_Save/13_Create_LDI_Vendor_Site/Input_Vendor_Site_Name/input_Vendor_Site_Postal_Code'

2019-01-18 20:33:03 - [MESSAGE][PASSED] - Text 'Y3UWA6' is set on object 'Object Repository/TF_Customer_Create/4_Create_Objects_And_Save/13_Create_LDI_Vendor_Site/Input_Vendor_Site_Name/input_Vendor_Site_Postal_Code'

2019-01-18 20:33:03 - [TEST_STEP][PASSED] - setText(findTestObject("TF_Customer_Create/4_Create_Objects_And_Save/13_Create_LDI_Vendor_Site/Input_Vendor_Site_Name/input_Vendor_Site_Inactive_dt"), input_Eff_Dt): Text '18/Jan/2019' is set on object 'Object Repository/TF_Customer_Create/4_Create_Objects_And_Save/13_Create_LDI_Vendor_Site/Input_Vendor_Site_Name/input_Vendor_Site_Inactive_dt'

2019-01-18 20:33:03 - [MESSAGE][PASSED] - Text '18/Jan/2019' is set on object 'Object Repository/TF_Customer_Create/4_Create_Objects_And_Save/13_Create_LDI_Vendor_Site/Input_Vendor_Site_Name/input_Vendor_Site_Inactive_dt'

2019-01-18 20:33:03 - [TEST_STEP][PASSED] - delay(2): Delayed 2 second(s)

2019-01-18 20:33:05 - [MESSAGE][PASSED] - Delayed 2 second(s)

2019-01-18 20:33:05 - [TEST_STEP][PASSED] - click(findTestObject("TF_Customer_Create/3_Common_Action_Buttons/Click_Data_Tab/span_Data_Tab")): Object: 'Object Repository/TF_Customer_Create/3_Common_Action_Buttons/Click_Data_Tab/span_Data_Tab' is clicked on

2019-01-18 20:33:05 - [MESSAGE][PASSED] - Object: 'Object Repository/TF_Customer_Create/3_Common_Action_Buttons/Click_Data_Tab/span_Data_Tab' is clicked on

2019-01-18 20:33:05 - [TEST_STEP][NOT_RUN] - click(findTestObject("TF_Customer_Create/4_Create_Objects_And_Save/Choose_Sales_Org/Click_Sales_Org_DD"), CONTINUE_ON_FAILURE): NOT_RUN: click(findTestObject("TF_Customer_Create/4_Create_Objects_And_Save/Choose_Sales_Org/Click_Sales_Org_DD"), CONTINUE_ON_FAILURE)

2019-01-18 20:33:05 - [MESSAGE][NOT_RUN] - NOT_RUN: click(findTestObject("TF_Customer_Create/4_Create_Objects_And_Save/Choose_Sales_Org/Click_Sales_Org_DD"), CONTINUE_ON_FAILURE)

2019-01-18 20:33:05 - [TEST_STEP][NOT_RUN] - click(findTestObject("TF_Customer_Create/4_Create_Objects_And_Save/Choose_Sales_Org/CA_Object"), CONTINUE_ON_FAILURE): NOT_RUN: click(findTestObject("TF_Customer_Create/4_Create_Objects_And_Save/Choose_Sales_Org/CA_Object"), CONTINUE_ON_FAILURE)

2019-01-18 20:33:05 - [MESSAGE][NOT_RUN] - NOT_RUN: click(findTestObject("TF_Customer_Create/4_Create_Objects_And_Save/Choose_Sales_Org/CA_Object"), CONTINUE_ON_FAILURE)

2019-01-18 20:33:05 - [TEST_STEP][PASSED] - delay(2): Delayed 2 second(s)

2019-01-18 20:33:07 - [MESSAGE][PASSED] - Delayed 2 second(s)

2019-01-18 20:33:07 - [TEST_STEP][PASSED] - click(findTestObject("TF_Customer_Create/3_Common_Action_Buttons/Click_Apply_Button/td_Apply")): Object: 'Object Repository/TF_Customer_Create/3_Common_Action_Buttons/Click_Apply_Button/td_Apply' is clicked on

2019-01-18 20:33:07 - [MESSAGE][PASSED] - Object: 'Object Repository/TF_Customer_Create/3_Common_Action_Buttons/Click_Apply_Button/td_Apply' is clicked on

2019-01-18 20:33:07 - [TEST_STEP][PASSED] - delay(2): Delayed 2 second(s)

2019-01-18 20:33:09 - [MESSAGE][PASSED] - Delayed 2 second(s)

2019-01-18 20:33:09 - [TEST_STEP][PASSED] - click(findTestObject("TF_Customer_Create/3_Common_Action_Buttons/Click_Save_Button/btn_Save")): Object: 'Object Repository/TF_Customer_Create/3_Common_Action_Buttons/Click_Save_Button/btn_Save' is clicked on

2019-01-18 20:33:10 - [MESSAGE][PASSED] - Object: 'Object Repository/TF_Customer_Create/3_Common_Action_Buttons/Click_Save_Button/btn_Save' is clicked on

2019-01-18 20:33:10 - [TEST_STEP][PASSED] - delay(2): Delayed 2 second(s)

2019-01-18 20:33:12 - [MESSAGE][PASSED] - Delayed 2 second(s)

2019-01-18 20:33:12 - [TEST_STEP][NOT_RUN] - verifyElementText(findTestObject("TF_Customer_Create/3_Common_Action_Buttons/Verify_Success_Message/Success_Message"), "Record has been saved successfully.", CONTINUE_ON_FAILURE): NOT_RUN: verifyElementText(findTestObject("TF_Customer_Create/3_Common_Action_Buttons/Verify_Success_Message/Success_Message"), "Record has been saved successfully.", CONTINUE_ON_FAILURE)

2019-01-18 20:33:12 - [MESSAGE][NOT_RUN] - NOT_RUN: verifyElementText(findTestObject("TF_Customer_Create/3_Common_Action_Buttons/Verify_Success_Message/Success_Message"), "Record has been saved successfully.", CONTINUE_ON_FAILURE)

2019-01-18 20:33:12 - [TEST_STEP][NOT_RUN] - click(findTestObject("TF_Customer_Create/3_Common_Action_Buttons/Click_Data_Tab/span_Data_Tab")): NOT_RUN: click(findTestObject("TF_Customer_Create/3_Common_Action_Buttons/Click_Data_Tab/span_Data_Tab"))

2019-01-18 20:33:12 - [MESSAGE][NOT_RUN] - NOT_RUN: click(findTestObject("TF_Customer_Create/3_Common_Action_Buttons/Click_Data_Tab/span_Data_Tab"))

2019-01-18 20:33:12 - [TEST_STEP][NOT_RUN] - delay(1): NOT_RUN: delay(1)

2019-01-18 20:33:12 - [MESSAGE][NOT_RUN] - NOT_RUN: delay(1)

2019-01-18 20:33:12 - [TEST_STEP][NOT_RUN] - click(findTestObject("TF_Customer_Create/3_Common_Action_Buttons/Click_Close_Button/btn_Close")): NOT_RUN: click(findTestObject("TF_Customer_Create/3_Common_Action_Buttons/Click_Close_Button/btn_Close"))

2019-01-18 20:33:12 - [MESSAGE][NOT_RUN] - NOT_RUN: click(findTestObject("TF_Customer_Create/3_Common_Action_Buttons/Click_Close_Button/btn_Close"))

2019-01-18 20:33:12 - [TEST_STEP][NOT_RUN] - delay(2): NOT_RUN: delay(2)

2019-01-18 20:33:12 - [MESSAGE][NOT_RUN] - NOT_RUN: delay(2)

2019-01-18 20:33:12 - [TEST_STEP][NOT_RUN] - vrfy_PLA = com.oracledb.regressiontest.verifyPLA(ora_connt, ora_usr, ora_psswrd, ora_schema, plaAcctName): NOT_RUN: vrfy_PLA = com.oracledb.regressiontest.verifyPLA(ora_connt, ora_usr, ora_psswrd, ora_schema, plaAcctName)

2019-01-18 20:33:12 - [MESSAGE][NOT_RUN] - NOT_RUN: vrfy_PLA = com.oracledb.regressiontest.verifyPLA(ora_connt, ora_usr, ora_psswrd, ora_schema, plaAcctName)

2019-01-18 20:33:12 - [TEST_STEP][NOT_RUN] - println("Planning Account Name"): NOT_RUN: println("Planning Account Name")

2019-01-18 20:33:12 - [MESSAGE][NOT_RUN] - NOT_RUN: println("Planning Account Name")

2019-01-18 20:33:12 - [TEST_STEP][NOT_RUN] - verifyEqual(PLANNING_ACCOUNT_NAME, plaAcctName): NOT_RUN: verifyEqual(PLANNING_ACCOUNT_NAME, plaAcctName)

2019-01-18 20:33:12 - [MESSAGE][NOT_RUN] - NOT_RUN: verifyEqual(PLANNING_ACCOUNT_NAME, plaAcctName)]]></system-out>
         <system-err><![CDATA[]]></system-err>
      </testcase>
      <testcase name="Test Cases/Regression_TF_Customer/Create_Record/TC_13_Create_LDI_Vendor_Site" classname="Test Cases/Regression_TF_Customer/Create_Record/TC_13_Create_LDI_Vendor_Site" status="PASSED">
         <system-out><![CDATA[2019-01-18 20:33:12 - [TEST_CASE][PASSED] - Test Cases/Regression_TF_Customer/Create_Record/TC_13_Create_LDI_Vendor_Site: Test Cases/Regression_TF_Customer/Create_Record/TC_13_Create_LDI_Vendor_Site

2019-01-18 20:33:12 - [TEST_STEP][PASSED] - waitForPageLoad(G_Timeout): Wait for page load successfully

2019-01-18 20:33:12 - [MESSAGE][PASSED] - Wait for page load successfully

2019-01-18 20:33:12 - [TEST_STEP][PASSED] - mouseOver(findTestObject("TF_Customer_Create/1_Menu_Navigation_To_Open_All_Pages/0_Menu_Create_In_Data_View")): Object: 'Object Repository/TF_Customer_Create/1_Menu_Navigation_To_Open_All_Pages/0_Menu_Create_In_Data_View' is hovered

2019-01-18 20:33:12 - [MESSAGE][PASSED] - Object: 'Object Repository/TF_Customer_Create/1_Menu_Navigation_To_Open_All_Pages/0_Menu_Create_In_Data_View' is hovered

2019-01-18 20:33:12 - [TEST_STEP][PASSED] - waitForPageLoad(G_Timeout): Wait for page load successfully

2019-01-18 20:33:12 - [MESSAGE][PASSED] - Wait for page load successfully

2019-01-18 20:33:12 - [TEST_STEP][PASSED] - mouseOver(findTestObject("TF_Customer_Create/1_Menu_Navigation_To_Open_All_Pages/1_Menu_Create_Master_Data")): Object: 'Object Repository/TF_Customer_Create/1_Menu_Navigation_To_Open_All_Pages/1_Menu_Create_Master_Data' is hovered

2019-01-18 20:33:12 - [MESSAGE][PASSED] - Object: 'Object Repository/TF_Customer_Create/1_Menu_Navigation_To_Open_All_Pages/1_Menu_Create_Master_Data' is hovered

2019-01-18 20:33:12 - [TEST_STEP][PASSED] - waitForPageLoad(G_Timeout): Wait for page load successfully

2019-01-18 20:33:12 - [MESSAGE][PASSED] - Wait for page load successfully

2019-01-18 20:33:12 - [TEST_STEP][PASSED] - mouseOver(findTestObject("TF_Customer_Create/1_Menu_Navigation_To_Open_All_Pages/3_Planning_Account_Hoverover_Option")): Object: 'Object Repository/TF_Customer_Create/1_Menu_Navigation_To_Open_All_Pages/3_Planning_Account_Hoverover_Option' is hovered

2019-01-18 20:33:12 - [MESSAGE][PASSED] - Object: 'Object Repository/TF_Customer_Create/1_Menu_Navigation_To_Open_All_Pages/3_Planning_Account_Hoverover_Option' is hovered

2019-01-18 20:33:12 - [TEST_STEP][PASSED] - waitForPageLoad(G_Timeout): Wait for page load successfully

2019-01-18 20:33:12 - [MESSAGE][PASSED] - Wait for page load successfully

2019-01-18 20:33:12 - [TEST_STEP][PASSED] - click(findTestObject("TF_Customer_Create/2_Select_Menu_Options(All)/13_LDI_Vendor_Site")): Object: 'Object Repository/TF_Customer_Create/2_Select_Menu_Options(All)/13_LDI_Vendor_Site' is clicked on

2019-01-18 20:33:12 - [MESSAGE][PASSED] - Object: 'Object Repository/TF_Customer_Create/2_Select_Menu_Options(All)/13_LDI_Vendor_Site' is clicked on

2019-01-18 20:33:12 - [TEST_STEP][PASSED] - waitForPageLoad(G_Timeout): Wait for page load successfully

2019-01-18 20:33:12 - [MESSAGE][PASSED] - Wait for page load successfully

2019-01-18 20:33:12 - [TEST_STEP][PASSED] - delay(3): Delayed 3 second(s)

2019-01-18 20:33:15 - [MESSAGE][PASSED] - Delayed 3 second(s)

2019-01-18 20:33:15 - [TEST_STEP][PASSED] - vndSiteName = com.oracledb.regressiontest.genName(15): com.oracledb.regressiontest.genName is PASSED

2019-01-18 20:33:15 - [MESSAGE][PASSED] - com.oracledb.regressiontest.genName is PASSED

2019-01-18 20:33:15 - [TEST_STEP][PASSED] - vndSiteNumber = com.oracledb.regressiontest.genName(12): com.oracledb.regressiontest.genName is PASSED

2019-01-18 20:33:15 - [MESSAGE][PASSED] - com.oracledb.regressiontest.genName is PASSED

2019-01-18 20:33:15 - [TEST_STEP][PASSED] - vndSiteCd = com.oracledb.regressiontest.genName(10): com.oracledb.regressiontest.genName is PASSED

2019-01-18 20:33:15 - [MESSAGE][PASSED] - com.oracledb.regressiontest.genName is PASSED

2019-01-18 20:33:15 - [TEST_STEP][PASSED] - vndSiteCity = com.oracledb.regressiontest.genName(8): com.oracledb.regressiontest.genName is PASSED

2019-01-18 20:33:15 - [MESSAGE][PASSED] - com.oracledb.regressiontest.genName is PASSED

2019-01-18 20:33:15 - [TEST_STEP][PASSED] - vndSitePtlCd = com.oracledb.regressiontest.genName(6): com.oracledb.regressiontest.genName is PASSED

2019-01-18 20:33:15 - [MESSAGE][PASSED] - com.oracledb.regressiontest.genName is PASSED

2019-01-18 20:33:15 - [TEST_STEP][PASSED] - setText(findTestObject("TF_Customer_Create/4_Create_Objects_And_Save/13_Create_LDI_Vendor_Site/Input_Vendor_Site_Name/input_Vendor_Site_Nm"), vndSiteName): Text 'I5N6IGH7YUYMCR3' is set on object 'Object Repository/TF_Customer_Create/4_Create_Objects_And_Save/13_Create_LDI_Vendor_Site/Input_Vendor_Site_Name/input_Vendor_Site_Nm'

2019-01-18 20:33:16 - [MESSAGE][PASSED] - Text 'I5N6IGH7YUYMCR3' is set on object 'Object Repository/TF_Customer_Create/4_Create_Objects_And_Save/13_Create_LDI_Vendor_Site/Input_Vendor_Site_Name/input_Vendor_Site_Nm'

2019-01-18 20:33:16 - [TEST_STEP][PASSED] - setText(findTestObject("TF_Customer_Create/4_Create_Objects_And_Save/13_Create_LDI_Vendor_Site/Input_Vendor_Site_Name/input_Vendor_Site_Number"), vndSiteNumber): Text 'GXQWEOPYFNPB' is set on object 'Object Repository/TF_Customer_Create/4_Create_Objects_And_Save/13_Create_LDI_Vendor_Site/Input_Vendor_Site_Name/input_Vendor_Site_Number'

2019-01-18 20:33:16 - [MESSAGE][PASSED] - Text 'GXQWEOPYFNPB' is set on object 'Object Repository/TF_Customer_Create/4_Create_Objects_And_Save/13_Create_LDI_Vendor_Site/Input_Vendor_Site_Name/input_Vendor_Site_Number'

2019-01-18 20:33:16 - [TEST_STEP][PASSED] - setText(findTestObject("TF_Customer_Create/4_Create_Objects_And_Save/13_Create_LDI_Vendor_Site/Input_Vendor_Site_Name/input_Vendor_Site_Cd"), vndSiteCd): Text 'FI04F89P2I' is set on object 'Object Repository/TF_Customer_Create/4_Create_Objects_And_Save/13_Create_LDI_Vendor_Site/Input_Vendor_Site_Name/input_Vendor_Site_Cd'

2019-01-18 20:33:16 - [MESSAGE][PASSED] - Text 'FI04F89P2I' is set on object 'Object Repository/TF_Customer_Create/4_Create_Objects_And_Save/13_Create_LDI_Vendor_Site/Input_Vendor_Site_Name/input_Vendor_Site_Cd'

2019-01-18 20:33:16 - [TEST_STEP][PASSED] - setText(findTestObject("TF_Customer_Create/4_Create_Objects_And_Save/13_Create_LDI_Vendor_Site/Input_Vendor_Site_Name/input_Vendor_Site_City"), vndSiteCity): Text 'ZU64V60H' is set on object 'Object Repository/TF_Customer_Create/4_Create_Objects_And_Save/13_Create_LDI_Vendor_Site/Input_Vendor_Site_Name/input_Vendor_Site_City'

2019-01-18 20:33:16 - [MESSAGE][PASSED] - Text 'ZU64V60H' is set on object 'Object Repository/TF_Customer_Create/4_Create_Objects_And_Save/13_Create_LDI_Vendor_Site/Input_Vendor_Site_Name/input_Vendor_Site_City'

2019-01-18 20:33:16 - [TEST_STEP][PASSED] - setText(findTestObject("TF_Customer_Create/4_Create_Objects_And_Save/13_Create_LDI_Vendor_Site/Input_Vendor_Site_Name/input_Vendor_Site_Postal_Code"), vndSitePtlCd): Text 'ZWJMBJ' is set on object 'Object Repository/TF_Customer_Create/4_Create_Objects_And_Save/13_Create_LDI_Vendor_Site/Input_Vendor_Site_Name/input_Vendor_Site_Postal_Code'

2019-01-18 20:33:16 - [MESSAGE][PASSED] - Text 'ZWJMBJ' is set on object 'Object Repository/TF_Customer_Create/4_Create_Objects_And_Save/13_Create_LDI_Vendor_Site/Input_Vendor_Site_Name/input_Vendor_Site_Postal_Code'

2019-01-18 20:33:16 - [TEST_STEP][PASSED] - setText(findTestObject("TF_Customer_Create/4_Create_Objects_And_Save/13_Create_LDI_Vendor_Site/Input_Vendor_Site_Name/input_Vendor_Site_Inactive_dt"), input_Eff_Dt): Text '18/Jan/2019' is set on object 'Object Repository/TF_Customer_Create/4_Create_Objects_And_Save/13_Create_LDI_Vendor_Site/Input_Vendor_Site_Name/input_Vendor_Site_Inactive_dt'

2019-01-18 20:33:16 - [MESSAGE][PASSED] - Text '18/Jan/2019' is set on object 'Object Repository/TF_Customer_Create/4_Create_Objects_And_Save/13_Create_LDI_Vendor_Site/Input_Vendor_Site_Name/input_Vendor_Site_Inactive_dt'

2019-01-18 20:33:16 - [TEST_STEP][PASSED] - delay(2): Delayed 2 second(s)

2019-01-18 20:33:18 - [MESSAGE][PASSED] - Delayed 2 second(s)

2019-01-18 20:33:18 - [TEST_STEP][PASSED] - click(findTestObject("TF_Customer_Create/3_Common_Action_Buttons/Click_Data_Tab/span_Data_Tab")): Object: 'Object Repository/TF_Customer_Create/3_Common_Action_Buttons/Click_Data_Tab/span_Data_Tab' is clicked on

2019-01-18 20:33:18 - [MESSAGE][PASSED] - Object: 'Object Repository/TF_Customer_Create/3_Common_Action_Buttons/Click_Data_Tab/span_Data_Tab' is clicked on

2019-01-18 20:33:18 - [TEST_STEP][NOT_RUN] - click(findTestObject("TF_Customer_Create/4_Create_Objects_And_Save/Choose_Sales_Org/Click_Sales_Org_DD"), CONTINUE_ON_FAILURE): NOT_RUN: click(findTestObject("TF_Customer_Create/4_Create_Objects_And_Save/Choose_Sales_Org/Click_Sales_Org_DD"), CONTINUE_ON_FAILURE)

2019-01-18 20:33:18 - [MESSAGE][NOT_RUN] - NOT_RUN: click(findTestObject("TF_Customer_Create/4_Create_Objects_And_Save/Choose_Sales_Org/Click_Sales_Org_DD"), CONTINUE_ON_FAILURE)

2019-01-18 20:33:18 - [TEST_STEP][NOT_RUN] - click(findTestObject("TF_Customer_Create/4_Create_Objects_And_Save/Choose_Sales_Org/CA_Object"), CONTINUE_ON_FAILURE): NOT_RUN: click(findTestObject("TF_Customer_Create/4_Create_Objects_And_Save/Choose_Sales_Org/CA_Object"), CONTINUE_ON_FAILURE)

2019-01-18 20:33:18 - [MESSAGE][NOT_RUN] - NOT_RUN: click(findTestObject("TF_Customer_Create/4_Create_Objects_And_Save/Choose_Sales_Org/CA_Object"), CONTINUE_ON_FAILURE)

2019-01-18 20:33:18 - [TEST_STEP][PASSED] - delay(2): Delayed 2 second(s)

2019-01-18 20:33:20 - [MESSAGE][PASSED] - Delayed 2 second(s)

2019-01-18 20:33:20 - [TEST_STEP][PASSED] - click(findTestObject("TF_Customer_Create/3_Common_Action_Buttons/Click_Apply_Button/td_Apply")): Object: 'Object Repository/TF_Customer_Create/3_Common_Action_Buttons/Click_Apply_Button/td_Apply' is clicked on

2019-01-18 20:33:20 - [MESSAGE][PASSED] - Object: 'Object Repository/TF_Customer_Create/3_Common_Action_Buttons/Click_Apply_Button/td_Apply' is clicked on

2019-01-18 20:33:20 - [TEST_STEP][PASSED] - delay(2): Delayed 2 second(s)

2019-01-18 20:33:22 - [MESSAGE][PASSED] - Delayed 2 second(s)

2019-01-18 20:33:22 - [TEST_STEP][PASSED] - click(findTestObject("TF_Customer_Create/3_Common_Action_Buttons/Click_Save_Button/btn_Save")): Object: 'Object Repository/TF_Customer_Create/3_Common_Action_Buttons/Click_Save_Button/btn_Save' is clicked on

2019-01-18 20:33:23 - [MESSAGE][PASSED] - Object: 'Object Repository/TF_Customer_Create/3_Common_Action_Buttons/Click_Save_Button/btn_Save' is clicked on

2019-01-18 20:33:23 - [TEST_STEP][PASSED] - delay(2): Delayed 2 second(s)

2019-01-18 20:33:25 - [MESSAGE][PASSED] - Delayed 2 second(s)

2019-01-18 20:33:25 - [TEST_STEP][NOT_RUN] - verifyElementText(findTestObject("TF_Customer_Create/3_Common_Action_Buttons/Verify_Success_Message/Success_Message"), "Record has been saved successfully.", CONTINUE_ON_FAILURE): NOT_RUN: verifyElementText(findTestObject("TF_Customer_Create/3_Common_Action_Buttons/Verify_Success_Message/Success_Message"), "Record has been saved successfully.", CONTINUE_ON_FAILURE)

2019-01-18 20:33:25 - [MESSAGE][NOT_RUN] - NOT_RUN: verifyElementText(findTestObject("TF_Customer_Create/3_Common_Action_Buttons/Verify_Success_Message/Success_Message"), "Record has been saved successfully.", CONTINUE_ON_FAILURE)

2019-01-18 20:33:25 - [TEST_STEP][NOT_RUN] - click(findTestObject("TF_Customer_Create/3_Common_Action_Buttons/Click_Data_Tab/span_Data_Tab")): NOT_RUN: click(findTestObject("TF_Customer_Create/3_Common_Action_Buttons/Click_Data_Tab/span_Data_Tab"))

2019-01-18 20:33:25 - [MESSAGE][NOT_RUN] - NOT_RUN: click(findTestObject("TF_Customer_Create/3_Common_Action_Buttons/Click_Data_Tab/span_Data_Tab"))

2019-01-18 20:33:25 - [TEST_STEP][NOT_RUN] - delay(1): NOT_RUN: delay(1)

2019-01-18 20:33:25 - [MESSAGE][NOT_RUN] - NOT_RUN: delay(1)

2019-01-18 20:33:25 - [TEST_STEP][NOT_RUN] - click(findTestObject("TF_Customer_Create/3_Common_Action_Buttons/Click_Close_Button/btn_Close")): NOT_RUN: click(findTestObject("TF_Customer_Create/3_Common_Action_Buttons/Click_Close_Button/btn_Close"))

2019-01-18 20:33:25 - [MESSAGE][NOT_RUN] - NOT_RUN: click(findTestObject("TF_Customer_Create/3_Common_Action_Buttons/Click_Close_Button/btn_Close"))

2019-01-18 20:33:25 - [TEST_STEP][NOT_RUN] - delay(2): NOT_RUN: delay(2)

2019-01-18 20:33:25 - [MESSAGE][NOT_RUN] - NOT_RUN: delay(2)

2019-01-18 20:33:25 - [TEST_STEP][NOT_RUN] - vrfy_PLA = com.oracledb.regressiontest.verifyPLA(ora_connt, ora_usr, ora_psswrd, ora_schema, plaAcctName): NOT_RUN: vrfy_PLA = com.oracledb.regressiontest.verifyPLA(ora_connt, ora_usr, ora_psswrd, ora_schema, plaAcctName)

2019-01-18 20:33:25 - [MESSAGE][NOT_RUN] - NOT_RUN: vrfy_PLA = com.oracledb.regressiontest.verifyPLA(ora_connt, ora_usr, ora_psswrd, ora_schema, plaAcctName)

2019-01-18 20:33:25 - [TEST_STEP][NOT_RUN] - println("Planning Account Name"): NOT_RUN: println("Planning Account Name")

2019-01-18 20:33:25 - [MESSAGE][NOT_RUN] - NOT_RUN: println("Planning Account Name")

2019-01-18 20:33:25 - [TEST_STEP][NOT_RUN] - verifyEqual(PLANNING_ACCOUNT_NAME, plaAcctName): NOT_RUN: verifyEqual(PLANNING_ACCOUNT_NAME, plaAcctName)

2019-01-18 20:33:25 - [MESSAGE][NOT_RUN] - NOT_RUN: verifyEqual(PLANNING_ACCOUNT_NAME, plaAcctName)]]></system-out>
         <system-err><![CDATA[]]></system-err>
      </testcase>
      <testcase name="Test Cases/Regression_TF_Customer/Create_Record/TC_13_Create_LDI_Vendor_Site" classname="Test Cases/Regression_TF_Customer/Create_Record/TC_13_Create_LDI_Vendor_Site" status="PASSED">
         <system-out><![CDATA[2019-01-18 20:33:25 - [TEST_CASE][PASSED] - Test Cases/Regression_TF_Customer/Create_Record/TC_13_Create_LDI_Vendor_Site: Test Cases/Regression_TF_Customer/Create_Record/TC_13_Create_LDI_Vendor_Site

2019-01-18 20:33:25 - [TEST_STEP][PASSED] - waitForPageLoad(G_Timeout): Wait for page load successfully

2019-01-18 20:33:25 - [MESSAGE][PASSED] - Wait for page load successfully

2019-01-18 20:33:25 - [TEST_STEP][PASSED] - mouseOver(findTestObject("TF_Customer_Create/1_Menu_Navigation_To_Open_All_Pages/0_Menu_Create_In_Data_View")): Object: 'Object Repository/TF_Customer_Create/1_Menu_Navigation_To_Open_All_Pages/0_Menu_Create_In_Data_View' is hovered

2019-01-18 20:33:25 - [MESSAGE][PASSED] - Object: 'Object Repository/TF_Customer_Create/1_Menu_Navigation_To_Open_All_Pages/0_Menu_Create_In_Data_View' is hovered

2019-01-18 20:33:25 - [TEST_STEP][PASSED] - waitForPageLoad(G_Timeout): Wait for page load successfully

2019-01-18 20:33:25 - [MESSAGE][PASSED] - Wait for page load successfully

2019-01-18 20:33:25 - [TEST_STEP][PASSED] - mouseOver(findTestObject("TF_Customer_Create/1_Menu_Navigation_To_Open_All_Pages/1_Menu_Create_Master_Data")): Object: 'Object Repository/TF_Customer_Create/1_Menu_Navigation_To_Open_All_Pages/1_Menu_Create_Master_Data' is hovered

2019-01-18 20:33:25 - [MESSAGE][PASSED] - Object: 'Object Repository/TF_Customer_Create/1_Menu_Navigation_To_Open_All_Pages/1_Menu_Create_Master_Data' is hovered

2019-01-18 20:33:25 - [TEST_STEP][PASSED] - waitForPageLoad(G_Timeout): Wait for page load successfully

2019-01-18 20:33:25 - [MESSAGE][PASSED] - Wait for page load successfully

2019-01-18 20:33:25 - [TEST_STEP][PASSED] - mouseOver(findTestObject("TF_Customer_Create/1_Menu_Navigation_To_Open_All_Pages/3_Planning_Account_Hoverover_Option")): Object: 'Object Repository/TF_Customer_Create/1_Menu_Navigation_To_Open_All_Pages/3_Planning_Account_Hoverover_Option' is hovered

2019-01-18 20:33:25 - [MESSAGE][PASSED] - Object: 'Object Repository/TF_Customer_Create/1_Menu_Navigation_To_Open_All_Pages/3_Planning_Account_Hoverover_Option' is hovered

2019-01-18 20:33:25 - [TEST_STEP][PASSED] - waitForPageLoad(G_Timeout): Wait for page load successfully

2019-01-18 20:33:25 - [MESSAGE][PASSED] - Wait for page load successfully

2019-01-18 20:33:25 - [TEST_STEP][PASSED] - click(findTestObject("TF_Customer_Create/2_Select_Menu_Options(All)/13_LDI_Vendor_Site")): Object: 'Object Repository/TF_Customer_Create/2_Select_Menu_Options(All)/13_LDI_Vendor_Site' is clicked on

2019-01-18 20:33:25 - [MESSAGE][PASSED] - Object: 'Object Repository/TF_Customer_Create/2_Select_Menu_Options(All)/13_LDI_Vendor_Site' is clicked on

2019-01-18 20:33:25 - [TEST_STEP][PASSED] - waitForPageLoad(G_Timeout): Wait for page load successfully

2019-01-18 20:33:25 - [MESSAGE][PASSED] - Wait for page load successfully

2019-01-18 20:33:25 - [TEST_STEP][PASSED] - delay(3): Delayed 3 second(s)

2019-01-18 20:33:28 - [MESSAGE][PASSED] - Delayed 3 second(s)

2019-01-18 20:33:28 - [TEST_STEP][PASSED] - vndSiteName = com.oracledb.regressiontest.genName(15): com.oracledb.regressiontest.genName is PASSED

2019-01-18 20:33:28 - [MESSAGE][PASSED] - com.oracledb.regressiontest.genName is PASSED

2019-01-18 20:33:28 - [TEST_STEP][PASSED] - vndSiteNumber = com.oracledb.regressiontest.genName(12): com.oracledb.regressiontest.genName is PASSED

2019-01-18 20:33:28 - [MESSAGE][PASSED] - com.oracledb.regressiontest.genName is PASSED

2019-01-18 20:33:28 - [TEST_STEP][PASSED] - vndSiteCd = com.oracledb.regressiontest.genName(10): com.oracledb.regressiontest.genName is PASSED

2019-01-18 20:33:28 - [MESSAGE][PASSED] - com.oracledb.regressiontest.genName is PASSED

2019-01-18 20:33:28 - [TEST_STEP][PASSED] - vndSiteCity = com.oracledb.regressiontest.genName(8): com.oracledb.regressiontest.genName is PASSED

2019-01-18 20:33:28 - [MESSAGE][PASSED] - com.oracledb.regressiontest.genName is PASSED

2019-01-18 20:33:28 - [TEST_STEP][PASSED] - vndSitePtlCd = com.oracledb.regressiontest.genName(6): com.oracledb.regressiontest.genName is PASSED

2019-01-18 20:33:28 - [MESSAGE][PASSED] - com.oracledb.regressiontest.genName is PASSED

2019-01-18 20:33:28 - [TEST_STEP][PASSED] - setText(findTestObject("TF_Customer_Create/4_Create_Objects_And_Save/13_Create_LDI_Vendor_Site/Input_Vendor_Site_Name/input_Vendor_Site_Nm"), vndSiteName): Text 'JN4HYANOWWYVIRE' is set on object 'Object Repository/TF_Customer_Create/4_Create_Objects_And_Save/13_Create_LDI_Vendor_Site/Input_Vendor_Site_Name/input_Vendor_Site_Nm'

2019-01-18 20:33:28 - [MESSAGE][PASSED] - Text 'JN4HYANOWWYVIRE' is set on object 'Object Repository/TF_Customer_Create/4_Create_Objects_And_Save/13_Create_LDI_Vendor_Site/Input_Vendor_Site_Name/input_Vendor_Site_Nm'

2019-01-18 20:33:28 - [TEST_STEP][PASSED] - setText(findTestObject("TF_Customer_Create/4_Create_Objects_And_Save/13_Create_LDI_Vendor_Site/Input_Vendor_Site_Name/input_Vendor_Site_Number"), vndSiteNumber): Text '5UIDEPK4EEI3' is set on object 'Object Repository/TF_Customer_Create/4_Create_Objects_And_Save/13_Create_LDI_Vendor_Site/Input_Vendor_Site_Name/input_Vendor_Site_Number'

2019-01-18 20:33:29 - [MESSAGE][PASSED] - Text '5UIDEPK4EEI3' is set on object 'Object Repository/TF_Customer_Create/4_Create_Objects_And_Save/13_Create_LDI_Vendor_Site/Input_Vendor_Site_Name/input_Vendor_Site_Number'

2019-01-18 20:33:29 - [TEST_STEP][PASSED] - setText(findTestObject("TF_Customer_Create/4_Create_Objects_And_Save/13_Create_LDI_Vendor_Site/Input_Vendor_Site_Name/input_Vendor_Site_Cd"), vndSiteCd): Text 'SAZD2W4YCS' is set on object 'Object Repository/TF_Customer_Create/4_Create_Objects_And_Save/13_Create_LDI_Vendor_Site/Input_Vendor_Site_Name/input_Vendor_Site_Cd'

2019-01-18 20:33:29 - [MESSAGE][PASSED] - Text 'SAZD2W4YCS' is set on object 'Object Repository/TF_Customer_Create/4_Create_Objects_And_Save/13_Create_LDI_Vendor_Site/Input_Vendor_Site_Name/input_Vendor_Site_Cd'

2019-01-18 20:33:29 - [TEST_STEP][PASSED] - setText(findTestObject("TF_Customer_Create/4_Create_Objects_And_Save/13_Create_LDI_Vendor_Site/Input_Vendor_Site_Name/input_Vendor_Site_City"), vndSiteCity): Text '56NCN9BS' is set on object 'Object Repository/TF_Customer_Create/4_Create_Objects_And_Save/13_Create_LDI_Vendor_Site/Input_Vendor_Site_Name/input_Vendor_Site_City'

2019-01-18 20:33:29 - [MESSAGE][PASSED] - Text '56NCN9BS' is set on object 'Object Repository/TF_Customer_Create/4_Create_Objects_And_Save/13_Create_LDI_Vendor_Site/Input_Vendor_Site_Name/input_Vendor_Site_City'

2019-01-18 20:33:29 - [TEST_STEP][PASSED] - setText(findTestObject("TF_Customer_Create/4_Create_Objects_And_Save/13_Create_LDI_Vendor_Site/Input_Vendor_Site_Name/input_Vendor_Site_Postal_Code"), vndSitePtlCd): Text 'TGB1S2' is set on object 'Object Repository/TF_Customer_Create/4_Create_Objects_And_Save/13_Create_LDI_Vendor_Site/Input_Vendor_Site_Name/input_Vendor_Site_Postal_Code'

2019-01-18 20:33:29 - [MESSAGE][PASSED] - Text 'TGB1S2' is set on object 'Object Repository/TF_Customer_Create/4_Create_Objects_And_Save/13_Create_LDI_Vendor_Site/Input_Vendor_Site_Name/input_Vendor_Site_Postal_Code'

2019-01-18 20:33:29 - [TEST_STEP][PASSED] - setText(findTestObject("TF_Customer_Create/4_Create_Objects_And_Save/13_Create_LDI_Vendor_Site/Input_Vendor_Site_Name/input_Vendor_Site_Inactive_dt"), input_Eff_Dt): Text '18/Jan/2019' is set on object 'Object Repository/TF_Customer_Create/4_Create_Objects_And_Save/13_Create_LDI_Vendor_Site/Input_Vendor_Site_Name/input_Vendor_Site_Inactive_dt'

2019-01-18 20:33:29 - [MESSAGE][PASSED] - Text '18/Jan/2019' is set on object 'Object Repository/TF_Customer_Create/4_Create_Objects_And_Save/13_Create_LDI_Vendor_Site/Input_Vendor_Site_Name/input_Vendor_Site_Inactive_dt'

2019-01-18 20:33:29 - [TEST_STEP][PASSED] - delay(2): Delayed 2 second(s)

2019-01-18 20:33:31 - [MESSAGE][PASSED] - Delayed 2 second(s)

2019-01-18 20:33:31 - [TEST_STEP][PASSED] - click(findTestObject("TF_Customer_Create/3_Common_Action_Buttons/Click_Data_Tab/span_Data_Tab")): Object: 'Object Repository/TF_Customer_Create/3_Common_Action_Buttons/Click_Data_Tab/span_Data_Tab' is clicked on

2019-01-18 20:33:31 - [MESSAGE][PASSED] - Object: 'Object Repository/TF_Customer_Create/3_Common_Action_Buttons/Click_Data_Tab/span_Data_Tab' is clicked on

2019-01-18 20:33:31 - [TEST_STEP][NOT_RUN] - click(findTestObject("TF_Customer_Create/4_Create_Objects_And_Save/Choose_Sales_Org/Click_Sales_Org_DD"), CONTINUE_ON_FAILURE): NOT_RUN: click(findTestObject("TF_Customer_Create/4_Create_Objects_And_Save/Choose_Sales_Org/Click_Sales_Org_DD"), CONTINUE_ON_FAILURE)

2019-01-18 20:33:31 - [MESSAGE][NOT_RUN] - NOT_RUN: click(findTestObject("TF_Customer_Create/4_Create_Objects_And_Save/Choose_Sales_Org/Click_Sales_Org_DD"), CONTINUE_ON_FAILURE)

2019-01-18 20:33:31 - [TEST_STEP][NOT_RUN] - click(findTestObject("TF_Customer_Create/4_Create_Objects_And_Save/Choose_Sales_Org/CA_Object"), CONTINUE_ON_FAILURE): NOT_RUN: click(findTestObject("TF_Customer_Create/4_Create_Objects_And_Save/Choose_Sales_Org/CA_Object"), CONTINUE_ON_FAILURE)

2019-01-18 20:33:31 - [MESSAGE][NOT_RUN] - NOT_RUN: click(findTestObject("TF_Customer_Create/4_Create_Objects_And_Save/Choose_Sales_Org/CA_Object"), CONTINUE_ON_FAILURE)

2019-01-18 20:33:31 - [TEST_STEP][PASSED] - delay(2): Delayed 2 second(s)

2019-01-18 20:33:33 - [MESSAGE][PASSED] - Delayed 2 second(s)

2019-01-18 20:33:33 - [TEST_STEP][PASSED] - click(findTestObject("TF_Customer_Create/3_Common_Action_Buttons/Click_Apply_Button/td_Apply")): Object: 'Object Repository/TF_Customer_Create/3_Common_Action_Buttons/Click_Apply_Button/td_Apply' is clicked on

2019-01-18 20:33:33 - [MESSAGE][PASSED] - Object: 'Object Repository/TF_Customer_Create/3_Common_Action_Buttons/Click_Apply_Button/td_Apply' is clicked on

2019-01-18 20:33:33 - [TEST_STEP][PASSED] - delay(2): Delayed 2 second(s)

2019-01-18 20:33:35 - [MESSAGE][PASSED] - Delayed 2 second(s)

2019-01-18 20:33:35 - [TEST_STEP][PASSED] - click(findTestObject("TF_Customer_Create/3_Common_Action_Buttons/Click_Save_Button/btn_Save")): Object: 'Object Repository/TF_Customer_Create/3_Common_Action_Buttons/Click_Save_Button/btn_Save' is clicked on

2019-01-18 20:33:35 - [MESSAGE][PASSED] - Object: 'Object Repository/TF_Customer_Create/3_Common_Action_Buttons/Click_Save_Button/btn_Save' is clicked on

2019-01-18 20:33:35 - [TEST_STEP][PASSED] - delay(2): Delayed 2 second(s)

2019-01-18 20:33:37 - [MESSAGE][PASSED] - Delayed 2 second(s)

2019-01-18 20:33:37 - [TEST_STEP][NOT_RUN] - verifyElementText(findTestObject("TF_Customer_Create/3_Common_Action_Buttons/Verify_Success_Message/Success_Message"), "Record has been saved successfully.", CONTINUE_ON_FAILURE): NOT_RUN: verifyElementText(findTestObject("TF_Customer_Create/3_Common_Action_Buttons/Verify_Success_Message/Success_Message"), "Record has been saved successfully.", CONTINUE_ON_FAILURE)

2019-01-18 20:33:37 - [MESSAGE][NOT_RUN] - NOT_RUN: verifyElementText(findTestObject("TF_Customer_Create/3_Common_Action_Buttons/Verify_Success_Message/Success_Message"), "Record has been saved successfully.", CONTINUE_ON_FAILURE)

2019-01-18 20:33:37 - [TEST_STEP][NOT_RUN] - click(findTestObject("TF_Customer_Create/3_Common_Action_Buttons/Click_Data_Tab/span_Data_Tab")): NOT_RUN: click(findTestObject("TF_Customer_Create/3_Common_Action_Buttons/Click_Data_Tab/span_Data_Tab"))

2019-01-18 20:33:37 - [MESSAGE][NOT_RUN] - NOT_RUN: click(findTestObject("TF_Customer_Create/3_Common_Action_Buttons/Click_Data_Tab/span_Data_Tab"))

2019-01-18 20:33:37 - [TEST_STEP][NOT_RUN] - delay(1): NOT_RUN: delay(1)

2019-01-18 20:33:37 - [MESSAGE][NOT_RUN] - NOT_RUN: delay(1)

2019-01-18 20:33:37 - [TEST_STEP][NOT_RUN] - click(findTestObject("TF_Customer_Create/3_Common_Action_Buttons/Click_Close_Button/btn_Close")): NOT_RUN: click(findTestObject("TF_Customer_Create/3_Common_Action_Buttons/Click_Close_Button/btn_Close"))

2019-01-18 20:33:37 - [MESSAGE][NOT_RUN] - NOT_RUN: click(findTestObject("TF_Customer_Create/3_Common_Action_Buttons/Click_Close_Button/btn_Close"))

2019-01-18 20:33:37 - [TEST_STEP][NOT_RUN] - delay(2): NOT_RUN: delay(2)

2019-01-18 20:33:37 - [MESSAGE][NOT_RUN] - NOT_RUN: delay(2)

2019-01-18 20:33:37 - [TEST_STEP][NOT_RUN] - vrfy_PLA = com.oracledb.regressiontest.verifyPLA(ora_connt, ora_usr, ora_psswrd, ora_schema, plaAcctName): NOT_RUN: vrfy_PLA = com.oracledb.regressiontest.verifyPLA(ora_connt, ora_usr, ora_psswrd, ora_schema, plaAcctName)

2019-01-18 20:33:37 - [MESSAGE][NOT_RUN] - NOT_RUN: vrfy_PLA = com.oracledb.regressiontest.verifyPLA(ora_connt, ora_usr, ora_psswrd, ora_schema, plaAcctName)

2019-01-18 20:33:37 - [TEST_STEP][NOT_RUN] - println("Planning Account Name"): NOT_RUN: println("Planning Account Name")

2019-01-18 20:33:37 - [MESSAGE][NOT_RUN] - NOT_RUN: println("Planning Account Name")

2019-01-18 20:33:37 - [TEST_STEP][NOT_RUN] - verifyEqual(PLANNING_ACCOUNT_NAME, plaAcctName): NOT_RUN: verifyEqual(PLANNING_ACCOUNT_NAME, plaAcctName)

2019-01-18 20:33:37 - [MESSAGE][NOT_RUN] - NOT_RUN: verifyEqual(PLANNING_ACCOUNT_NAME, plaAcctName)]]></system-out>
         <system-err><![CDATA[]]></system-err>
      </testcase>
      <testcase name="Test Cases/Regression_TF_Customer/Create_Record/TC_13_Create_LDI_Vendor_Site" classname="Test Cases/Regression_TF_Customer/Create_Record/TC_13_Create_LDI_Vendor_Site" status="PASSED">
         <system-out><![CDATA[2019-01-18 20:33:37 - [TEST_CASE][PASSED] - Test Cases/Regression_TF_Customer/Create_Record/TC_13_Create_LDI_Vendor_Site: Test Cases/Regression_TF_Customer/Create_Record/TC_13_Create_LDI_Vendor_Site

2019-01-18 20:33:38 - [TEST_STEP][PASSED] - waitForPageLoad(G_Timeout): Wait for page load successfully

2019-01-18 20:33:38 - [MESSAGE][PASSED] - Wait for page load successfully

2019-01-18 20:33:38 - [TEST_STEP][PASSED] - mouseOver(findTestObject("TF_Customer_Create/1_Menu_Navigation_To_Open_All_Pages/0_Menu_Create_In_Data_View")): Object: 'Object Repository/TF_Customer_Create/1_Menu_Navigation_To_Open_All_Pages/0_Menu_Create_In_Data_View' is hovered

2019-01-18 20:33:38 - [MESSAGE][PASSED] - Object: 'Object Repository/TF_Customer_Create/1_Menu_Navigation_To_Open_All_Pages/0_Menu_Create_In_Data_View' is hovered

2019-01-18 20:33:38 - [TEST_STEP][PASSED] - waitForPageLoad(G_Timeout): Wait for page load successfully

2019-01-18 20:33:38 - [MESSAGE][PASSED] - Wait for page load successfully

2019-01-18 20:33:38 - [TEST_STEP][PASSED] - mouseOver(findTestObject("TF_Customer_Create/1_Menu_Navigation_To_Open_All_Pages/1_Menu_Create_Master_Data")): Object: 'Object Repository/TF_Customer_Create/1_Menu_Navigation_To_Open_All_Pages/1_Menu_Create_Master_Data' is hovered

2019-01-18 20:33:38 - [MESSAGE][PASSED] - Object: 'Object Repository/TF_Customer_Create/1_Menu_Navigation_To_Open_All_Pages/1_Menu_Create_Master_Data' is hovered

2019-01-18 20:33:38 - [TEST_STEP][PASSED] - waitForPageLoad(G_Timeout): Wait for page load successfully

2019-01-18 20:33:38 - [MESSAGE][PASSED] - Wait for page load successfully

2019-01-18 20:33:38 - [TEST_STEP][PASSED] - mouseOver(findTestObject("TF_Customer_Create/1_Menu_Navigation_To_Open_All_Pages/3_Planning_Account_Hoverover_Option")): Object: 'Object Repository/TF_Customer_Create/1_Menu_Navigation_To_Open_All_Pages/3_Planning_Account_Hoverover_Option' is hovered

2019-01-18 20:33:38 - [MESSAGE][PASSED] - Object: 'Object Repository/TF_Customer_Create/1_Menu_Navigation_To_Open_All_Pages/3_Planning_Account_Hoverover_Option' is hovered

2019-01-18 20:33:38 - [TEST_STEP][PASSED] - waitForPageLoad(G_Timeout): Wait for page load successfully

2019-01-18 20:33:38 - [MESSAGE][PASSED] - Wait for page load successfully

2019-01-18 20:33:38 - [TEST_STEP][PASSED] - click(findTestObject("TF_Customer_Create/2_Select_Menu_Options(All)/13_LDI_Vendor_Site")): Object: 'Object Repository/TF_Customer_Create/2_Select_Menu_Options(All)/13_LDI_Vendor_Site' is clicked on

2019-01-18 20:33:38 - [MESSAGE][PASSED] - Object: 'Object Repository/TF_Customer_Create/2_Select_Menu_Options(All)/13_LDI_Vendor_Site' is clicked on

2019-01-18 20:33:38 - [TEST_STEP][PASSED] - waitForPageLoad(G_Timeout): Wait for page load successfully

2019-01-18 20:33:38 - [MESSAGE][PASSED] - Wait for page load successfully

2019-01-18 20:33:38 - [TEST_STEP][PASSED] - delay(3): Delayed 3 second(s)

2019-01-18 20:33:41 - [MESSAGE][PASSED] - Delayed 3 second(s)

2019-01-18 20:33:41 - [TEST_STEP][PASSED] - vndSiteName = com.oracledb.regressiontest.genName(15): com.oracledb.regressiontest.genName is PASSED

2019-01-18 20:33:41 - [MESSAGE][PASSED] - com.oracledb.regressiontest.genName is PASSED

2019-01-18 20:33:41 - [TEST_STEP][PASSED] - vndSiteNumber = com.oracledb.regressiontest.genName(12): com.oracledb.regressiontest.genName is PASSED

2019-01-18 20:33:41 - [MESSAGE][PASSED] - com.oracledb.regressiontest.genName is PASSED

2019-01-18 20:33:41 - [TEST_STEP][PASSED] - vndSiteCd = com.oracledb.regressiontest.genName(10): com.oracledb.regressiontest.genName is PASSED

2019-01-18 20:33:41 - [MESSAGE][PASSED] - com.oracledb.regressiontest.genName is PASSED

2019-01-18 20:33:41 - [TEST_STEP][PASSED] - vndSiteCity = com.oracledb.regressiontest.genName(8): com.oracledb.regressiontest.genName is PASSED

2019-01-18 20:33:41 - [MESSAGE][PASSED] - com.oracledb.regressiontest.genName is PASSED

2019-01-18 20:33:41 - [TEST_STEP][PASSED] - vndSitePtlCd = com.oracledb.regressiontest.genName(6): com.oracledb.regressiontest.genName is PASSED

2019-01-18 20:33:41 - [MESSAGE][PASSED] - com.oracledb.regressiontest.genName is PASSED

2019-01-18 20:33:41 - [TEST_STEP][PASSED] - setText(findTestObject("TF_Customer_Create/4_Create_Objects_And_Save/13_Create_LDI_Vendor_Site/Input_Vendor_Site_Name/input_Vendor_Site_Nm"), vndSiteName): Text 'EVSFPCTSQIVWTVQ' is set on object 'Object Repository/TF_Customer_Create/4_Create_Objects_And_Save/13_Create_LDI_Vendor_Site/Input_Vendor_Site_Name/input_Vendor_Site_Nm'

2019-01-18 20:33:41 - [MESSAGE][PASSED] - Text 'EVSFPCTSQIVWTVQ' is set on object 'Object Repository/TF_Customer_Create/4_Create_Objects_And_Save/13_Create_LDI_Vendor_Site/Input_Vendor_Site_Name/input_Vendor_Site_Nm'

2019-01-18 20:33:41 - [TEST_STEP][PASSED] - setText(findTestObject("TF_Customer_Create/4_Create_Objects_And_Save/13_Create_LDI_Vendor_Site/Input_Vendor_Site_Name/input_Vendor_Site_Number"), vndSiteNumber): Text 'LVKH4REQMXNR' is set on object 'Object Repository/TF_Customer_Create/4_Create_Objects_And_Save/13_Create_LDI_Vendor_Site/Input_Vendor_Site_Name/input_Vendor_Site_Number'

2019-01-18 20:33:42 - [MESSAGE][PASSED] - Text 'LVKH4REQMXNR' is set on object 'Object Repository/TF_Customer_Create/4_Create_Objects_And_Save/13_Create_LDI_Vendor_Site/Input_Vendor_Site_Name/input_Vendor_Site_Number'

2019-01-18 20:33:42 - [TEST_STEP][PASSED] - setText(findTestObject("TF_Customer_Create/4_Create_Objects_And_Save/13_Create_LDI_Vendor_Site/Input_Vendor_Site_Name/input_Vendor_Site_Cd"), vndSiteCd): Text 'ECD2WVFYTY' is set on object 'Object Repository/TF_Customer_Create/4_Create_Objects_And_Save/13_Create_LDI_Vendor_Site/Input_Vendor_Site_Name/input_Vendor_Site_Cd'

2019-01-18 20:33:42 - [MESSAGE][PASSED] - Text 'ECD2WVFYTY' is set on object 'Object Repository/TF_Customer_Create/4_Create_Objects_And_Save/13_Create_LDI_Vendor_Site/Input_Vendor_Site_Name/input_Vendor_Site_Cd'

2019-01-18 20:33:42 - [TEST_STEP][PASSED] - setText(findTestObject("TF_Customer_Create/4_Create_Objects_And_Save/13_Create_LDI_Vendor_Site/Input_Vendor_Site_Name/input_Vendor_Site_City"), vndSiteCity): Text 'LY9Q3I8F' is set on object 'Object Repository/TF_Customer_Create/4_Create_Objects_And_Save/13_Create_LDI_Vendor_Site/Input_Vendor_Site_Name/input_Vendor_Site_City'

2019-01-18 20:33:42 - [MESSAGE][PASSED] - Text 'LY9Q3I8F' is set on object 'Object Repository/TF_Customer_Create/4_Create_Objects_And_Save/13_Create_LDI_Vendor_Site/Input_Vendor_Site_Name/input_Vendor_Site_City'

2019-01-18 20:33:42 - [TEST_STEP][PASSED] - setText(findTestObject("TF_Customer_Create/4_Create_Objects_And_Save/13_Create_LDI_Vendor_Site/Input_Vendor_Site_Name/input_Vendor_Site_Postal_Code"), vndSitePtlCd): Text 'HNBY9M' is set on object 'Object Repository/TF_Customer_Create/4_Create_Objects_And_Save/13_Create_LDI_Vendor_Site/Input_Vendor_Site_Name/input_Vendor_Site_Postal_Code'

2019-01-18 20:33:42 - [MESSAGE][PASSED] - Text 'HNBY9M' is set on object 'Object Repository/TF_Customer_Create/4_Create_Objects_And_Save/13_Create_LDI_Vendor_Site/Input_Vendor_Site_Name/input_Vendor_Site_Postal_Code'

2019-01-18 20:33:42 - [TEST_STEP][PASSED] - setText(findTestObject("TF_Customer_Create/4_Create_Objects_And_Save/13_Create_LDI_Vendor_Site/Input_Vendor_Site_Name/input_Vendor_Site_Inactive_dt"), input_Eff_Dt): Text '18/Jan/2019' is set on object 'Object Repository/TF_Customer_Create/4_Create_Objects_And_Save/13_Create_LDI_Vendor_Site/Input_Vendor_Site_Name/input_Vendor_Site_Inactive_dt'

2019-01-18 20:33:42 - [MESSAGE][PASSED] - Text '18/Jan/2019' is set on object 'Object Repository/TF_Customer_Create/4_Create_Objects_And_Save/13_Create_LDI_Vendor_Site/Input_Vendor_Site_Name/input_Vendor_Site_Inactive_dt'

2019-01-18 20:33:42 - [TEST_STEP][PASSED] - delay(2): Delayed 2 second(s)

2019-01-18 20:33:44 - [MESSAGE][PASSED] - Delayed 2 second(s)

2019-01-18 20:33:44 - [TEST_STEP][PASSED] - click(findTestObject("TF_Customer_Create/3_Common_Action_Buttons/Click_Data_Tab/span_Data_Tab")): Object: 'Object Repository/TF_Customer_Create/3_Common_Action_Buttons/Click_Data_Tab/span_Data_Tab' is clicked on

2019-01-18 20:33:45 - [MESSAGE][PASSED] - Object: 'Object Repository/TF_Customer_Create/3_Common_Action_Buttons/Click_Data_Tab/span_Data_Tab' is clicked on

2019-01-18 20:33:45 - [TEST_STEP][NOT_RUN] - click(findTestObject("TF_Customer_Create/4_Create_Objects_And_Save/Choose_Sales_Org/Click_Sales_Org_DD"), CONTINUE_ON_FAILURE): NOT_RUN: click(findTestObject("TF_Customer_Create/4_Create_Objects_And_Save/Choose_Sales_Org/Click_Sales_Org_DD"), CONTINUE_ON_FAILURE)

2019-01-18 20:33:45 - [MESSAGE][NOT_RUN] - NOT_RUN: click(findTestObject("TF_Customer_Create/4_Create_Objects_And_Save/Choose_Sales_Org/Click_Sales_Org_DD"), CONTINUE_ON_FAILURE)

2019-01-18 20:33:45 - [TEST_STEP][NOT_RUN] - click(findTestObject("TF_Customer_Create/4_Create_Objects_And_Save/Choose_Sales_Org/CA_Object"), CONTINUE_ON_FAILURE): NOT_RUN: click(findTestObject("TF_Customer_Create/4_Create_Objects_And_Save/Choose_Sales_Org/CA_Object"), CONTINUE_ON_FAILURE)

2019-01-18 20:33:45 - [MESSAGE][NOT_RUN] - NOT_RUN: click(findTestObject("TF_Customer_Create/4_Create_Objects_And_Save/Choose_Sales_Org/CA_Object"), CONTINUE_ON_FAILURE)

2019-01-18 20:33:45 - [TEST_STEP][PASSED] - delay(2): Delayed 2 second(s)

2019-01-18 20:33:47 - [MESSAGE][PASSED] - Delayed 2 second(s)

2019-01-18 20:33:47 - [TEST_STEP][PASSED] - click(findTestObject("TF_Customer_Create/3_Common_Action_Buttons/Click_Apply_Button/td_Apply")): Object: 'Object Repository/TF_Customer_Create/3_Common_Action_Buttons/Click_Apply_Button/td_Apply' is clicked on

2019-01-18 20:33:47 - [MESSAGE][PASSED] - Object: 'Object Repository/TF_Customer_Create/3_Common_Action_Buttons/Click_Apply_Button/td_Apply' is clicked on

2019-01-18 20:33:47 - [TEST_STEP][PASSED] - delay(2): Delayed 2 second(s)

2019-01-18 20:33:49 - [MESSAGE][PASSED] - Delayed 2 second(s)

2019-01-18 20:33:49 - [TEST_STEP][PASSED] - click(findTestObject("TF_Customer_Create/3_Common_Action_Buttons/Click_Save_Button/btn_Save")): Object: 'Object Repository/TF_Customer_Create/3_Common_Action_Buttons/Click_Save_Button/btn_Save' is clicked on

2019-01-18 20:33:49 - [MESSAGE][PASSED] - Object: 'Object Repository/TF_Customer_Create/3_Common_Action_Buttons/Click_Save_Button/btn_Save' is clicked on

2019-01-18 20:33:49 - [TEST_STEP][PASSED] - delay(2): Delayed 2 second(s)

2019-01-18 20:33:51 - [MESSAGE][PASSED] - Delayed 2 second(s)

2019-01-18 20:33:51 - [TEST_STEP][NOT_RUN] - verifyElementText(findTestObject("TF_Customer_Create/3_Common_Action_Buttons/Verify_Success_Message/Success_Message"), "Record has been saved successfully.", CONTINUE_ON_FAILURE): NOT_RUN: verifyElementText(findTestObject("TF_Customer_Create/3_Common_Action_Buttons/Verify_Success_Message/Success_Message"), "Record has been saved successfully.", CONTINUE_ON_FAILURE)

2019-01-18 20:33:51 - [MESSAGE][NOT_RUN] - NOT_RUN: verifyElementText(findTestObject("TF_Customer_Create/3_Common_Action_Buttons/Verify_Success_Message/Success_Message"), "Record has been saved successfully.", CONTINUE_ON_FAILURE)

2019-01-18 20:33:51 - [TEST_STEP][NOT_RUN] - click(findTestObject("TF_Customer_Create/3_Common_Action_Buttons/Click_Data_Tab/span_Data_Tab")): NOT_RUN: click(findTestObject("TF_Customer_Create/3_Common_Action_Buttons/Click_Data_Tab/span_Data_Tab"))

2019-01-18 20:33:51 - [MESSAGE][NOT_RUN] - NOT_RUN: click(findTestObject("TF_Customer_Create/3_Common_Action_Buttons/Click_Data_Tab/span_Data_Tab"))

2019-01-18 20:33:51 - [TEST_STEP][NOT_RUN] - delay(1): NOT_RUN: delay(1)

2019-01-18 20:33:51 - [MESSAGE][NOT_RUN] - NOT_RUN: delay(1)

2019-01-18 20:33:51 - [TEST_STEP][NOT_RUN] - click(findTestObject("TF_Customer_Create/3_Common_Action_Buttons/Click_Close_Button/btn_Close")): NOT_RUN: click(findTestObject("TF_Customer_Create/3_Common_Action_Buttons/Click_Close_Button/btn_Close"))

2019-01-18 20:33:51 - [MESSAGE][NOT_RUN] - NOT_RUN: click(findTestObject("TF_Customer_Create/3_Common_Action_Buttons/Click_Close_Button/btn_Close"))

2019-01-18 20:33:51 - [TEST_STEP][NOT_RUN] - delay(2): NOT_RUN: delay(2)

2019-01-18 20:33:51 - [MESSAGE][NOT_RUN] - NOT_RUN: delay(2)

2019-01-18 20:33:51 - [TEST_STEP][NOT_RUN] - vrfy_PLA = com.oracledb.regressiontest.verifyPLA(ora_connt, ora_usr, ora_psswrd, ora_schema, plaAcctName): NOT_RUN: vrfy_PLA = com.oracledb.regressiontest.verifyPLA(ora_connt, ora_usr, ora_psswrd, ora_schema, plaAcctName)

2019-01-18 20:33:51 - [MESSAGE][NOT_RUN] - NOT_RUN: vrfy_PLA = com.oracledb.regressiontest.verifyPLA(ora_connt, ora_usr, ora_psswrd, ora_schema, plaAcctName)

2019-01-18 20:33:51 - [TEST_STEP][NOT_RUN] - println("Planning Account Name"): NOT_RUN: println("Planning Account Name")

2019-01-18 20:33:51 - [MESSAGE][NOT_RUN] - NOT_RUN: println("Planning Account Name")

2019-01-18 20:33:51 - [TEST_STEP][NOT_RUN] - verifyEqual(PLANNING_ACCOUNT_NAME, plaAcctName): NOT_RUN: verifyEqual(PLANNING_ACCOUNT_NAME, plaAcctName)

2019-01-18 20:33:51 - [MESSAGE][NOT_RUN] - NOT_RUN: verifyEqual(PLANNING_ACCOUNT_NAME, plaAcctName)]]></system-out>
         <system-err><![CDATA[]]></system-err>
      </testcase>
      <testcase name="Test Cases/Regression_TF_Customer/Create_Record/TC_13_Create_LDI_Vendor_Site" classname="Test Cases/Regression_TF_Customer/Create_Record/TC_13_Create_LDI_Vendor_Site" status="PASSED">
         <system-out><![CDATA[2019-01-18 20:33:51 - [TEST_CASE][PASSED] - Test Cases/Regression_TF_Customer/Create_Record/TC_13_Create_LDI_Vendor_Site: Test Cases/Regression_TF_Customer/Create_Record/TC_13_Create_LDI_Vendor_Site

2019-01-18 20:33:51 - [TEST_STEP][PASSED] - waitForPageLoad(G_Timeout): Wait for page load successfully

2019-01-18 20:33:51 - [MESSAGE][PASSED] - Wait for page load successfully

2019-01-18 20:33:51 - [TEST_STEP][PASSED] - mouseOver(findTestObject("TF_Customer_Create/1_Menu_Navigation_To_Open_All_Pages/0_Menu_Create_In_Data_View")): Object: 'Object Repository/TF_Customer_Create/1_Menu_Navigation_To_Open_All_Pages/0_Menu_Create_In_Data_View' is hovered

2019-01-18 20:33:51 - [MESSAGE][PASSED] - Object: 'Object Repository/TF_Customer_Create/1_Menu_Navigation_To_Open_All_Pages/0_Menu_Create_In_Data_View' is hovered

2019-01-18 20:33:51 - [TEST_STEP][PASSED] - waitForPageLoad(G_Timeout): Wait for page load successfully

2019-01-18 20:33:51 - [MESSAGE][PASSED] - Wait for page load successfully

2019-01-18 20:33:51 - [TEST_STEP][PASSED] - mouseOver(findTestObject("TF_Customer_Create/1_Menu_Navigation_To_Open_All_Pages/1_Menu_Create_Master_Data")): Object: 'Object Repository/TF_Customer_Create/1_Menu_Navigation_To_Open_All_Pages/1_Menu_Create_Master_Data' is hovered

2019-01-18 20:33:51 - [MESSAGE][PASSED] - Object: 'Object Repository/TF_Customer_Create/1_Menu_Navigation_To_Open_All_Pages/1_Menu_Create_Master_Data' is hovered

2019-01-18 20:33:51 - [TEST_STEP][PASSED] - waitForPageLoad(G_Timeout): Wait for page load successfully

2019-01-18 20:33:51 - [MESSAGE][PASSED] - Wait for page load successfully

2019-01-18 20:33:51 - [TEST_STEP][PASSED] - mouseOver(findTestObject("TF_Customer_Create/1_Menu_Navigation_To_Open_All_Pages/3_Planning_Account_Hoverover_Option")): Object: 'Object Repository/TF_Customer_Create/1_Menu_Navigation_To_Open_All_Pages/3_Planning_Account_Hoverover_Option' is hovered

2019-01-18 20:33:52 - [MESSAGE][PASSED] - Object: 'Object Repository/TF_Customer_Create/1_Menu_Navigation_To_Open_All_Pages/3_Planning_Account_Hoverover_Option' is hovered

2019-01-18 20:33:52 - [TEST_STEP][PASSED] - waitForPageLoad(G_Timeout): Wait for page load successfully

2019-01-18 20:33:52 - [MESSAGE][PASSED] - Wait for page load successfully

2019-01-18 20:33:52 - [TEST_STEP][PASSED] - click(findTestObject("TF_Customer_Create/2_Select_Menu_Options(All)/13_LDI_Vendor_Site")): Object: 'Object Repository/TF_Customer_Create/2_Select_Menu_Options(All)/13_LDI_Vendor_Site' is clicked on

2019-01-18 20:33:52 - [MESSAGE][PASSED] - Object: 'Object Repository/TF_Customer_Create/2_Select_Menu_Options(All)/13_LDI_Vendor_Site' is clicked on

2019-01-18 20:33:52 - [TEST_STEP][PASSED] - waitForPageLoad(G_Timeout): Wait for page load successfully

2019-01-18 20:33:52 - [MESSAGE][PASSED] - Wait for page load successfully

2019-01-18 20:33:52 - [TEST_STEP][PASSED] - delay(3): Delayed 3 second(s)

2019-01-18 20:33:55 - [MESSAGE][PASSED] - Delayed 3 second(s)

2019-01-18 20:33:55 - [TEST_STEP][PASSED] - vndSiteName = com.oracledb.regressiontest.genName(15): com.oracledb.regressiontest.genName is PASSED

2019-01-18 20:33:55 - [MESSAGE][PASSED] - com.oracledb.regressiontest.genName is PASSED

2019-01-18 20:33:55 - [TEST_STEP][PASSED] - vndSiteNumber = com.oracledb.regressiontest.genName(12): com.oracledb.regressiontest.genName is PASSED

2019-01-18 20:33:55 - [MESSAGE][PASSED] - com.oracledb.regressiontest.genName is PASSED

2019-01-18 20:33:55 - [TEST_STEP][PASSED] - vndSiteCd = com.oracledb.regressiontest.genName(10): com.oracledb.regressiontest.genName is PASSED

2019-01-18 20:33:55 - [MESSAGE][PASSED] - com.oracledb.regressiontest.genName is PASSED

2019-01-18 20:33:55 - [TEST_STEP][PASSED] - vndSiteCity = com.oracledb.regressiontest.genName(8): com.oracledb.regressiontest.genName is PASSED

2019-01-18 20:33:55 - [MESSAGE][PASSED] - com.oracledb.regressiontest.genName is PASSED

2019-01-18 20:33:55 - [TEST_STEP][PASSED] - vndSitePtlCd = com.oracledb.regressiontest.genName(6): com.oracledb.regressiontest.genName is PASSED

2019-01-18 20:33:55 - [MESSAGE][PASSED] - com.oracledb.regressiontest.genName is PASSED

2019-01-18 20:33:55 - [TEST_STEP][PASSED] - setText(findTestObject("TF_Customer_Create/4_Create_Objects_And_Save/13_Create_LDI_Vendor_Site/Input_Vendor_Site_Name/input_Vendor_Site_Nm"), vndSiteName): Text 'ELJZ2MLZHXDOTL7' is set on object 'Object Repository/TF_Customer_Create/4_Create_Objects_And_Save/13_Create_LDI_Vendor_Site/Input_Vendor_Site_Name/input_Vendor_Site_Nm'

2019-01-18 20:33:55 - [MESSAGE][PASSED] - Text 'ELJZ2MLZHXDOTL7' is set on object 'Object Repository/TF_Customer_Create/4_Create_Objects_And_Save/13_Create_LDI_Vendor_Site/Input_Vendor_Site_Name/input_Vendor_Site_Nm'

2019-01-18 20:33:55 - [TEST_STEP][PASSED] - setText(findTestObject("TF_Customer_Create/4_Create_Objects_And_Save/13_Create_LDI_Vendor_Site/Input_Vendor_Site_Name/input_Vendor_Site_Number"), vndSiteNumber): Text 'V4NE8O352E1S' is set on object 'Object Repository/TF_Customer_Create/4_Create_Objects_And_Save/13_Create_LDI_Vendor_Site/Input_Vendor_Site_Name/input_Vendor_Site_Number'

2019-01-18 20:33:55 - [MESSAGE][PASSED] - Text 'V4NE8O352E1S' is set on object 'Object Repository/TF_Customer_Create/4_Create_Objects_And_Save/13_Create_LDI_Vendor_Site/Input_Vendor_Site_Name/input_Vendor_Site_Number'

2019-01-18 20:33:55 - [TEST_STEP][PASSED] - setText(findTestObject("TF_Customer_Create/4_Create_Objects_And_Save/13_Create_LDI_Vendor_Site/Input_Vendor_Site_Name/input_Vendor_Site_Cd"), vndSiteCd): Text 'WI2CA3G8S4' is set on object 'Object Repository/TF_Customer_Create/4_Create_Objects_And_Save/13_Create_LDI_Vendor_Site/Input_Vendor_Site_Name/input_Vendor_Site_Cd'

2019-01-18 20:33:55 - [MESSAGE][PASSED] - Text 'WI2CA3G8S4' is set on object 'Object Repository/TF_Customer_Create/4_Create_Objects_And_Save/13_Create_LDI_Vendor_Site/Input_Vendor_Site_Name/input_Vendor_Site_Cd'

2019-01-18 20:33:55 - [TEST_STEP][PASSED] - setText(findTestObject("TF_Customer_Create/4_Create_Objects_And_Save/13_Create_LDI_Vendor_Site/Input_Vendor_Site_Name/input_Vendor_Site_City"), vndSiteCity): Text 'MVJN2B4M' is set on object 'Object Repository/TF_Customer_Create/4_Create_Objects_And_Save/13_Create_LDI_Vendor_Site/Input_Vendor_Site_Name/input_Vendor_Site_City'

2019-01-18 20:33:55 - [MESSAGE][PASSED] - Text 'MVJN2B4M' is set on object 'Object Repository/TF_Customer_Create/4_Create_Objects_And_Save/13_Create_LDI_Vendor_Site/Input_Vendor_Site_Name/input_Vendor_Site_City'

2019-01-18 20:33:55 - [TEST_STEP][PASSED] - setText(findTestObject("TF_Customer_Create/4_Create_Objects_And_Save/13_Create_LDI_Vendor_Site/Input_Vendor_Site_Name/input_Vendor_Site_Postal_Code"), vndSitePtlCd): Text 'OWZFCD' is set on object 'Object Repository/TF_Customer_Create/4_Create_Objects_And_Save/13_Create_LDI_Vendor_Site/Input_Vendor_Site_Name/input_Vendor_Site_Postal_Code'

2019-01-18 20:33:55 - [MESSAGE][PASSED] - Text 'OWZFCD' is set on object 'Object Repository/TF_Customer_Create/4_Create_Objects_And_Save/13_Create_LDI_Vendor_Site/Input_Vendor_Site_Name/input_Vendor_Site_Postal_Code'

2019-01-18 20:33:55 - [TEST_STEP][PASSED] - setText(findTestObject("TF_Customer_Create/4_Create_Objects_And_Save/13_Create_LDI_Vendor_Site/Input_Vendor_Site_Name/input_Vendor_Site_Inactive_dt"), input_Eff_Dt): Text '18/Jan/2019' is set on object 'Object Repository/TF_Customer_Create/4_Create_Objects_And_Save/13_Create_LDI_Vendor_Site/Input_Vendor_Site_Name/input_Vendor_Site_Inactive_dt'

2019-01-18 20:33:56 - [MESSAGE][PASSED] - Text '18/Jan/2019' is set on object 'Object Repository/TF_Customer_Create/4_Create_Objects_And_Save/13_Create_LDI_Vendor_Site/Input_Vendor_Site_Name/input_Vendor_Site_Inactive_dt'

2019-01-18 20:33:56 - [TEST_STEP][PASSED] - delay(2): Delayed 2 second(s)

2019-01-18 20:33:58 - [MESSAGE][PASSED] - Delayed 2 second(s)

2019-01-18 20:33:58 - [TEST_STEP][PASSED] - click(findTestObject("TF_Customer_Create/3_Common_Action_Buttons/Click_Data_Tab/span_Data_Tab")): Object: 'Object Repository/TF_Customer_Create/3_Common_Action_Buttons/Click_Data_Tab/span_Data_Tab' is clicked on

2019-01-18 20:33:58 - [MESSAGE][PASSED] - Object: 'Object Repository/TF_Customer_Create/3_Common_Action_Buttons/Click_Data_Tab/span_Data_Tab' is clicked on

2019-01-18 20:33:58 - [TEST_STEP][NOT_RUN] - click(findTestObject("TF_Customer_Create/4_Create_Objects_And_Save/Choose_Sales_Org/Click_Sales_Org_DD"), CONTINUE_ON_FAILURE): NOT_RUN: click(findTestObject("TF_Customer_Create/4_Create_Objects_And_Save/Choose_Sales_Org/Click_Sales_Org_DD"), CONTINUE_ON_FAILURE)

2019-01-18 20:33:58 - [MESSAGE][NOT_RUN] - NOT_RUN: click(findTestObject("TF_Customer_Create/4_Create_Objects_And_Save/Choose_Sales_Org/Click_Sales_Org_DD"), CONTINUE_ON_FAILURE)

2019-01-18 20:33:58 - [TEST_STEP][NOT_RUN] - click(findTestObject("TF_Customer_Create/4_Create_Objects_And_Save/Choose_Sales_Org/CA_Object"), CONTINUE_ON_FAILURE): NOT_RUN: click(findTestObject("TF_Customer_Create/4_Create_Objects_And_Save/Choose_Sales_Org/CA_Object"), CONTINUE_ON_FAILURE)

2019-01-18 20:33:58 - [MESSAGE][NOT_RUN] - NOT_RUN: click(findTestObject("TF_Customer_Create/4_Create_Objects_And_Save/Choose_Sales_Org/CA_Object"), CONTINUE_ON_FAILURE)

2019-01-18 20:33:58 - [TEST_STEP][PASSED] - delay(2): Delayed 2 second(s)

2019-01-18 20:34:00 - [MESSAGE][PASSED] - Delayed 2 second(s)

2019-01-18 20:34:00 - [TEST_STEP][PASSED] - click(findTestObject("TF_Customer_Create/3_Common_Action_Buttons/Click_Apply_Button/td_Apply")): Object: 'Object Repository/TF_Customer_Create/3_Common_Action_Buttons/Click_Apply_Button/td_Apply' is clicked on

2019-01-18 20:34:00 - [MESSAGE][PASSED] - Object: 'Object Repository/TF_Customer_Create/3_Common_Action_Buttons/Click_Apply_Button/td_Apply' is clicked on

2019-01-18 20:34:00 - [TEST_STEP][PASSED] - delay(2): Delayed 2 second(s)

2019-01-18 20:34:02 - [MESSAGE][PASSED] - Delayed 2 second(s)

2019-01-18 20:34:02 - [TEST_STEP][PASSED] - click(findTestObject("TF_Customer_Create/3_Common_Action_Buttons/Click_Save_Button/btn_Save")): Object: 'Object Repository/TF_Customer_Create/3_Common_Action_Buttons/Click_Save_Button/btn_Save' is clicked on

2019-01-18 20:34:02 - [MESSAGE][PASSED] - Object: 'Object Repository/TF_Customer_Create/3_Common_Action_Buttons/Click_Save_Button/btn_Save' is clicked on

2019-01-18 20:34:02 - [TEST_STEP][PASSED] - delay(2): Delayed 2 second(s)

2019-01-18 20:34:04 - [MESSAGE][PASSED] - Delayed 2 second(s)

2019-01-18 20:34:04 - [TEST_STEP][NOT_RUN] - verifyElementText(findTestObject("TF_Customer_Create/3_Common_Action_Buttons/Verify_Success_Message/Success_Message"), "Record has been saved successfully.", CONTINUE_ON_FAILURE): NOT_RUN: verifyElementText(findTestObject("TF_Customer_Create/3_Common_Action_Buttons/Verify_Success_Message/Success_Message"), "Record has been saved successfully.", CONTINUE_ON_FAILURE)

2019-01-18 20:34:04 - [MESSAGE][NOT_RUN] - NOT_RUN: verifyElementText(findTestObject("TF_Customer_Create/3_Common_Action_Buttons/Verify_Success_Message/Success_Message"), "Record has been saved successfully.", CONTINUE_ON_FAILURE)

2019-01-18 20:34:04 - [TEST_STEP][NOT_RUN] - click(findTestObject("TF_Customer_Create/3_Common_Action_Buttons/Click_Data_Tab/span_Data_Tab")): NOT_RUN: click(findTestObject("TF_Customer_Create/3_Common_Action_Buttons/Click_Data_Tab/span_Data_Tab"))

2019-01-18 20:34:04 - [MESSAGE][NOT_RUN] - NOT_RUN: click(findTestObject("TF_Customer_Create/3_Common_Action_Buttons/Click_Data_Tab/span_Data_Tab"))

2019-01-18 20:34:04 - [TEST_STEP][NOT_RUN] - delay(1): NOT_RUN: delay(1)

2019-01-18 20:34:04 - [MESSAGE][NOT_RUN] - NOT_RUN: delay(1)

2019-01-18 20:34:04 - [TEST_STEP][NOT_RUN] - click(findTestObject("TF_Customer_Create/3_Common_Action_Buttons/Click_Close_Button/btn_Close")): NOT_RUN: click(findTestObject("TF_Customer_Create/3_Common_Action_Buttons/Click_Close_Button/btn_Close"))

2019-01-18 20:34:04 - [MESSAGE][NOT_RUN] - NOT_RUN: click(findTestObject("TF_Customer_Create/3_Common_Action_Buttons/Click_Close_Button/btn_Close"))

2019-01-18 20:34:04 - [TEST_STEP][NOT_RUN] - delay(2): NOT_RUN: delay(2)

2019-01-18 20:34:04 - [MESSAGE][NOT_RUN] - NOT_RUN: delay(2)

2019-01-18 20:34:04 - [TEST_STEP][NOT_RUN] - vrfy_PLA = com.oracledb.regressiontest.verifyPLA(ora_connt, ora_usr, ora_psswrd, ora_schema, plaAcctName): NOT_RUN: vrfy_PLA = com.oracledb.regressiontest.verifyPLA(ora_connt, ora_usr, ora_psswrd, ora_schema, plaAcctName)

2019-01-18 20:34:04 - [MESSAGE][NOT_RUN] - NOT_RUN: vrfy_PLA = com.oracledb.regressiontest.verifyPLA(ora_connt, ora_usr, ora_psswrd, ora_schema, plaAcctName)

2019-01-18 20:34:04 - [TEST_STEP][NOT_RUN] - println("Planning Account Name"): NOT_RUN: println("Planning Account Name")

2019-01-18 20:34:04 - [MESSAGE][NOT_RUN] - NOT_RUN: println("Planning Account Name")

2019-01-18 20:34:04 - [TEST_STEP][NOT_RUN] - verifyEqual(PLANNING_ACCOUNT_NAME, plaAcctName): NOT_RUN: verifyEqual(PLANNING_ACCOUNT_NAME, plaAcctName)

2019-01-18 20:34:04 - [MESSAGE][NOT_RUN] - NOT_RUN: verifyEqual(PLANNING_ACCOUNT_NAME, plaAcctName)]]></system-out>
         <system-err><![CDATA[]]></system-err>
      </testcase>
      <testcase name="Test Cases/Regression_TF_Customer/Create_Record/TC_13_Create_LDI_Vendor_Site" classname="Test Cases/Regression_TF_Customer/Create_Record/TC_13_Create_LDI_Vendor_Site" status="PASSED">
         <system-out><![CDATA[2019-01-18 20:34:04 - [TEST_CASE][PASSED] - Test Cases/Regression_TF_Customer/Create_Record/TC_13_Create_LDI_Vendor_Site: Test Cases/Regression_TF_Customer/Create_Record/TC_13_Create_LDI_Vendor_Site

2019-01-18 20:34:04 - [TEST_STEP][PASSED] - waitForPageLoad(G_Timeout): Wait for page load successfully

2019-01-18 20:34:04 - [MESSAGE][PASSED] - Wait for page load successfully

2019-01-18 20:34:04 - [TEST_STEP][PASSED] - mouseOver(findTestObject("TF_Customer_Create/1_Menu_Navigation_To_Open_All_Pages/0_Menu_Create_In_Data_View")): Object: 'Object Repository/TF_Customer_Create/1_Menu_Navigation_To_Open_All_Pages/0_Menu_Create_In_Data_View' is hovered

2019-01-18 20:34:04 - [MESSAGE][PASSED] - Object: 'Object Repository/TF_Customer_Create/1_Menu_Navigation_To_Open_All_Pages/0_Menu_Create_In_Data_View' is hovered

2019-01-18 20:34:04 - [TEST_STEP][PASSED] - waitForPageLoad(G_Timeout): Wait for page load successfully

2019-01-18 20:34:04 - [MESSAGE][PASSED] - Wait for page load successfully

2019-01-18 20:34:04 - [TEST_STEP][PASSED] - mouseOver(findTestObject("TF_Customer_Create/1_Menu_Navigation_To_Open_All_Pages/1_Menu_Create_Master_Data")): Object: 'Object Repository/TF_Customer_Create/1_Menu_Navigation_To_Open_All_Pages/1_Menu_Create_Master_Data' is hovered

2019-01-18 20:34:04 - [MESSAGE][PASSED] - Object: 'Object Repository/TF_Customer_Create/1_Menu_Navigation_To_Open_All_Pages/1_Menu_Create_Master_Data' is hovered

2019-01-18 20:34:04 - [TEST_STEP][PASSED] - waitForPageLoad(G_Timeout): Wait for page load successfully

2019-01-18 20:34:04 - [MESSAGE][PASSED] - Wait for page load successfully

2019-01-18 20:34:04 - [TEST_STEP][PASSED] - mouseOver(findTestObject("TF_Customer_Create/1_Menu_Navigation_To_Open_All_Pages/3_Planning_Account_Hoverover_Option")): Object: 'Object Repository/TF_Customer_Create/1_Menu_Navigation_To_Open_All_Pages/3_Planning_Account_Hoverover_Option' is hovered

2019-01-18 20:34:05 - [MESSAGE][PASSED] - Object: 'Object Repository/TF_Customer_Create/1_Menu_Navigation_To_Open_All_Pages/3_Planning_Account_Hoverover_Option' is hovered

2019-01-18 20:34:05 - [TEST_STEP][PASSED] - waitForPageLoad(G_Timeout): Wait for page load successfully

2019-01-18 20:34:05 - [MESSAGE][PASSED] - Wait for page load successfully

2019-01-18 20:34:05 - [TEST_STEP][PASSED] - click(findTestObject("TF_Customer_Create/2_Select_Menu_Options(All)/13_LDI_Vendor_Site")): Object: 'Object Repository/TF_Customer_Create/2_Select_Menu_Options(All)/13_LDI_Vendor_Site' is clicked on

2019-01-18 20:34:05 - [MESSAGE][PASSED] - Object: 'Object Repository/TF_Customer_Create/2_Select_Menu_Options(All)/13_LDI_Vendor_Site' is clicked on

2019-01-18 20:34:05 - [TEST_STEP][PASSED] - waitForPageLoad(G_Timeout): Wait for page load successfully

2019-01-18 20:34:05 - [MESSAGE][PASSED] - Wait for page load successfully

2019-01-18 20:34:05 - [TEST_STEP][PASSED] - delay(3): Delayed 3 second(s)

2019-01-18 20:34:08 - [MESSAGE][PASSED] - Delayed 3 second(s)

2019-01-18 20:34:08 - [TEST_STEP][PASSED] - vndSiteName = com.oracledb.regressiontest.genName(15): com.oracledb.regressiontest.genName is PASSED

2019-01-18 20:34:08 - [MESSAGE][PASSED] - com.oracledb.regressiontest.genName is PASSED

2019-01-18 20:34:08 - [TEST_STEP][PASSED] - vndSiteNumber = com.oracledb.regressiontest.genName(12): com.oracledb.regressiontest.genName is PASSED

2019-01-18 20:34:08 - [MESSAGE][PASSED] - com.oracledb.regressiontest.genName is PASSED

2019-01-18 20:34:08 - [TEST_STEP][PASSED] - vndSiteCd = com.oracledb.regressiontest.genName(10): com.oracledb.regressiontest.genName is PASSED

2019-01-18 20:34:08 - [MESSAGE][PASSED] - com.oracledb.regressiontest.genName is PASSED

2019-01-18 20:34:08 - [TEST_STEP][PASSED] - vndSiteCity = com.oracledb.regressiontest.genName(8): com.oracledb.regressiontest.genName is PASSED

2019-01-18 20:34:08 - [MESSAGE][PASSED] - com.oracledb.regressiontest.genName is PASSED

2019-01-18 20:34:08 - [TEST_STEP][PASSED] - vndSitePtlCd = com.oracledb.regressiontest.genName(6): com.oracledb.regressiontest.genName is PASSED

2019-01-18 20:34:08 - [MESSAGE][PASSED] - com.oracledb.regressiontest.genName is PASSED

2019-01-18 20:34:08 - [TEST_STEP][PASSED] - setText(findTestObject("TF_Customer_Create/4_Create_Objects_And_Save/13_Create_LDI_Vendor_Site/Input_Vendor_Site_Name/input_Vendor_Site_Nm"), vndSiteName): Text 'LK2P0JW5EWMR6AC' is set on object 'Object Repository/TF_Customer_Create/4_Create_Objects_And_Save/13_Create_LDI_Vendor_Site/Input_Vendor_Site_Name/input_Vendor_Site_Nm'

2019-01-18 20:34:08 - [MESSAGE][PASSED] - Text 'LK2P0JW5EWMR6AC' is set on object 'Object Repository/TF_Customer_Create/4_Create_Objects_And_Save/13_Create_LDI_Vendor_Site/Input_Vendor_Site_Name/input_Vendor_Site_Nm'

2019-01-18 20:34:08 - [TEST_STEP][PASSED] - setText(findTestObject("TF_Customer_Create/4_Create_Objects_And_Save/13_Create_LDI_Vendor_Site/Input_Vendor_Site_Name/input_Vendor_Site_Number"), vndSiteNumber): Text '3I1HGL76SFWH' is set on object 'Object Repository/TF_Customer_Create/4_Create_Objects_And_Save/13_Create_LDI_Vendor_Site/Input_Vendor_Site_Name/input_Vendor_Site_Number'

2019-01-18 20:34:08 - [MESSAGE][PASSED] - Text '3I1HGL76SFWH' is set on object 'Object Repository/TF_Customer_Create/4_Create_Objects_And_Save/13_Create_LDI_Vendor_Site/Input_Vendor_Site_Name/input_Vendor_Site_Number'

2019-01-18 20:34:08 - [TEST_STEP][PASSED] - setText(findTestObject("TF_Customer_Create/4_Create_Objects_And_Save/13_Create_LDI_Vendor_Site/Input_Vendor_Site_Name/input_Vendor_Site_Cd"), vndSiteCd): Text 'R26AUUZ9IM' is set on object 'Object Repository/TF_Customer_Create/4_Create_Objects_And_Save/13_Create_LDI_Vendor_Site/Input_Vendor_Site_Name/input_Vendor_Site_Cd'

2019-01-18 20:34:08 - [MESSAGE][PASSED] - Text 'R26AUUZ9IM' is set on object 'Object Repository/TF_Customer_Create/4_Create_Objects_And_Save/13_Create_LDI_Vendor_Site/Input_Vendor_Site_Name/input_Vendor_Site_Cd'

2019-01-18 20:34:08 - [TEST_STEP][PASSED] - setText(findTestObject("TF_Customer_Create/4_Create_Objects_And_Save/13_Create_LDI_Vendor_Site/Input_Vendor_Site_Name/input_Vendor_Site_City"), vndSiteCity): Text 'Y7B1REXX' is set on object 'Object Repository/TF_Customer_Create/4_Create_Objects_And_Save/13_Create_LDI_Vendor_Site/Input_Vendor_Site_Name/input_Vendor_Site_City'

2019-01-18 20:34:08 - [MESSAGE][PASSED] - Text 'Y7B1REXX' is set on object 'Object Repository/TF_Customer_Create/4_Create_Objects_And_Save/13_Create_LDI_Vendor_Site/Input_Vendor_Site_Name/input_Vendor_Site_City'

2019-01-18 20:34:08 - [TEST_STEP][PASSED] - setText(findTestObject("TF_Customer_Create/4_Create_Objects_And_Save/13_Create_LDI_Vendor_Site/Input_Vendor_Site_Name/input_Vendor_Site_Postal_Code"), vndSitePtlCd): Text 'OII48H' is set on object 'Object Repository/TF_Customer_Create/4_Create_Objects_And_Save/13_Create_LDI_Vendor_Site/Input_Vendor_Site_Name/input_Vendor_Site_Postal_Code'

2019-01-18 20:34:09 - [MESSAGE][PASSED] - Text 'OII48H' is set on object 'Object Repository/TF_Customer_Create/4_Create_Objects_And_Save/13_Create_LDI_Vendor_Site/Input_Vendor_Site_Name/input_Vendor_Site_Postal_Code'

2019-01-18 20:34:09 - [TEST_STEP][PASSED] - setText(findTestObject("TF_Customer_Create/4_Create_Objects_And_Save/13_Create_LDI_Vendor_Site/Input_Vendor_Site_Name/input_Vendor_Site_Inactive_dt"), input_Eff_Dt): Text '18/Jan/2019' is set on object 'Object Repository/TF_Customer_Create/4_Create_Objects_And_Save/13_Create_LDI_Vendor_Site/Input_Vendor_Site_Name/input_Vendor_Site_Inactive_dt'

2019-01-18 20:34:09 - [MESSAGE][PASSED] - Text '18/Jan/2019' is set on object 'Object Repository/TF_Customer_Create/4_Create_Objects_And_Save/13_Create_LDI_Vendor_Site/Input_Vendor_Site_Name/input_Vendor_Site_Inactive_dt'

2019-01-18 20:34:09 - [TEST_STEP][PASSED] - delay(2): Delayed 2 second(s)

2019-01-18 20:34:11 - [MESSAGE][PASSED] - Delayed 2 second(s)

2019-01-18 20:34:11 - [TEST_STEP][PASSED] - click(findTestObject("TF_Customer_Create/3_Common_Action_Buttons/Click_Data_Tab/span_Data_Tab")): Object: 'Object Repository/TF_Customer_Create/3_Common_Action_Buttons/Click_Data_Tab/span_Data_Tab' is clicked on

2019-01-18 20:34:11 - [MESSAGE][PASSED] - Object: 'Object Repository/TF_Customer_Create/3_Common_Action_Buttons/Click_Data_Tab/span_Data_Tab' is clicked on

2019-01-18 20:34:11 - [TEST_STEP][NOT_RUN] - click(findTestObject("TF_Customer_Create/4_Create_Objects_And_Save/Choose_Sales_Org/Click_Sales_Org_DD"), CONTINUE_ON_FAILURE): NOT_RUN: click(findTestObject("TF_Customer_Create/4_Create_Objects_And_Save/Choose_Sales_Org/Click_Sales_Org_DD"), CONTINUE_ON_FAILURE)

2019-01-18 20:34:11 - [MESSAGE][NOT_RUN] - NOT_RUN: click(findTestObject("TF_Customer_Create/4_Create_Objects_And_Save/Choose_Sales_Org/Click_Sales_Org_DD"), CONTINUE_ON_FAILURE)

2019-01-18 20:34:11 - [TEST_STEP][NOT_RUN] - click(findTestObject("TF_Customer_Create/4_Create_Objects_And_Save/Choose_Sales_Org/CA_Object"), CONTINUE_ON_FAILURE): NOT_RUN: click(findTestObject("TF_Customer_Create/4_Create_Objects_And_Save/Choose_Sales_Org/CA_Object"), CONTINUE_ON_FAILURE)

2019-01-18 20:34:11 - [MESSAGE][NOT_RUN] - NOT_RUN: click(findTestObject("TF_Customer_Create/4_Create_Objects_And_Save/Choose_Sales_Org/CA_Object"), CONTINUE_ON_FAILURE)

2019-01-18 20:34:11 - [TEST_STEP][PASSED] - delay(2): Delayed 2 second(s)

2019-01-18 20:34:13 - [MESSAGE][PASSED] - Delayed 2 second(s)

2019-01-18 20:34:13 - [TEST_STEP][PASSED] - click(findTestObject("TF_Customer_Create/3_Common_Action_Buttons/Click_Apply_Button/td_Apply")): Object: 'Object Repository/TF_Customer_Create/3_Common_Action_Buttons/Click_Apply_Button/td_Apply' is clicked on

2019-01-18 20:34:13 - [MESSAGE][PASSED] - Object: 'Object Repository/TF_Customer_Create/3_Common_Action_Buttons/Click_Apply_Button/td_Apply' is clicked on

2019-01-18 20:34:13 - [TEST_STEP][PASSED] - delay(2): Delayed 2 second(s)

2019-01-18 20:34:15 - [MESSAGE][PASSED] - Delayed 2 second(s)

2019-01-18 20:34:15 - [TEST_STEP][PASSED] - click(findTestObject("TF_Customer_Create/3_Common_Action_Buttons/Click_Save_Button/btn_Save")): Object: 'Object Repository/TF_Customer_Create/3_Common_Action_Buttons/Click_Save_Button/btn_Save' is clicked on

2019-01-18 20:34:15 - [MESSAGE][PASSED] - Object: 'Object Repository/TF_Customer_Create/3_Common_Action_Buttons/Click_Save_Button/btn_Save' is clicked on

2019-01-18 20:34:15 - [TEST_STEP][PASSED] - delay(2): Delayed 2 second(s)

2019-01-18 20:34:17 - [MESSAGE][PASSED] - Delayed 2 second(s)

2019-01-18 20:34:17 - [TEST_STEP][NOT_RUN] - verifyElementText(findTestObject("TF_Customer_Create/3_Common_Action_Buttons/Verify_Success_Message/Success_Message"), "Record has been saved successfully.", CONTINUE_ON_FAILURE): NOT_RUN: verifyElementText(findTestObject("TF_Customer_Create/3_Common_Action_Buttons/Verify_Success_Message/Success_Message"), "Record has been saved successfully.", CONTINUE_ON_FAILURE)

2019-01-18 20:34:17 - [MESSAGE][NOT_RUN] - NOT_RUN: verifyElementText(findTestObject("TF_Customer_Create/3_Common_Action_Buttons/Verify_Success_Message/Success_Message"), "Record has been saved successfully.", CONTINUE_ON_FAILURE)

2019-01-18 20:34:17 - [TEST_STEP][NOT_RUN] - click(findTestObject("TF_Customer_Create/3_Common_Action_Buttons/Click_Data_Tab/span_Data_Tab")): NOT_RUN: click(findTestObject("TF_Customer_Create/3_Common_Action_Buttons/Click_Data_Tab/span_Data_Tab"))

2019-01-18 20:34:17 - [MESSAGE][NOT_RUN] - NOT_RUN: click(findTestObject("TF_Customer_Create/3_Common_Action_Buttons/Click_Data_Tab/span_Data_Tab"))

2019-01-18 20:34:17 - [TEST_STEP][NOT_RUN] - delay(1): NOT_RUN: delay(1)

2019-01-18 20:34:17 - [MESSAGE][NOT_RUN] - NOT_RUN: delay(1)

2019-01-18 20:34:17 - [TEST_STEP][NOT_RUN] - click(findTestObject("TF_Customer_Create/3_Common_Action_Buttons/Click_Close_Button/btn_Close")): NOT_RUN: click(findTestObject("TF_Customer_Create/3_Common_Action_Buttons/Click_Close_Button/btn_Close"))

2019-01-18 20:34:17 - [MESSAGE][NOT_RUN] - NOT_RUN: click(findTestObject("TF_Customer_Create/3_Common_Action_Buttons/Click_Close_Button/btn_Close"))

2019-01-18 20:34:17 - [TEST_STEP][NOT_RUN] - delay(2): NOT_RUN: delay(2)

2019-01-18 20:34:17 - [MESSAGE][NOT_RUN] - NOT_RUN: delay(2)

2019-01-18 20:34:17 - [TEST_STEP][NOT_RUN] - vrfy_PLA = com.oracledb.regressiontest.verifyPLA(ora_connt, ora_usr, ora_psswrd, ora_schema, plaAcctName): NOT_RUN: vrfy_PLA = com.oracledb.regressiontest.verifyPLA(ora_connt, ora_usr, ora_psswrd, ora_schema, plaAcctName)

2019-01-18 20:34:17 - [MESSAGE][NOT_RUN] - NOT_RUN: vrfy_PLA = com.oracledb.regressiontest.verifyPLA(ora_connt, ora_usr, ora_psswrd, ora_schema, plaAcctName)

2019-01-18 20:34:17 - [TEST_STEP][NOT_RUN] - println("Planning Account Name"): NOT_RUN: println("Planning Account Name")

2019-01-18 20:34:17 - [MESSAGE][NOT_RUN] - NOT_RUN: println("Planning Account Name")

2019-01-18 20:34:17 - [TEST_STEP][NOT_RUN] - verifyEqual(PLANNING_ACCOUNT_NAME, plaAcctName): NOT_RUN: verifyEqual(PLANNING_ACCOUNT_NAME, plaAcctName)

2019-01-18 20:34:17 - [MESSAGE][NOT_RUN] - NOT_RUN: verifyEqual(PLANNING_ACCOUNT_NAME, plaAcctName)]]></system-out>
         <system-err><![CDATA[]]></system-err>
      </testcase>
      <testcase name="Test Cases/Regression_TF_Customer/Create_Record/TC_13_Create_LDI_Vendor_Site" classname="Test Cases/Regression_TF_Customer/Create_Record/TC_13_Create_LDI_Vendor_Site" status="PASSED">
         <system-out><![CDATA[2019-01-18 20:34:17 - [TEST_CASE][PASSED] - Test Cases/Regression_TF_Customer/Create_Record/TC_13_Create_LDI_Vendor_Site: Test Cases/Regression_TF_Customer/Create_Record/TC_13_Create_LDI_Vendor_Site

2019-01-18 20:34:17 - [TEST_STEP][PASSED] - waitForPageLoad(G_Timeout): Wait for page load successfully

2019-01-18 20:34:17 - [MESSAGE][PASSED] - Wait for page load successfully

2019-01-18 20:34:17 - [TEST_STEP][PASSED] - mouseOver(findTestObject("TF_Customer_Create/1_Menu_Navigation_To_Open_All_Pages/0_Menu_Create_In_Data_View")): Object: 'Object Repository/TF_Customer_Create/1_Menu_Navigation_To_Open_All_Pages/0_Menu_Create_In_Data_View' is hovered

2019-01-18 20:34:17 - [MESSAGE][PASSED] - Object: 'Object Repository/TF_Customer_Create/1_Menu_Navigation_To_Open_All_Pages/0_Menu_Create_In_Data_View' is hovered

2019-01-18 20:34:17 - [TEST_STEP][PASSED] - waitForPageLoad(G_Timeout): Wait for page load successfully

2019-01-18 20:34:17 - [MESSAGE][PASSED] - Wait for page load successfully

2019-01-18 20:34:17 - [TEST_STEP][PASSED] - mouseOver(findTestObject("TF_Customer_Create/1_Menu_Navigation_To_Open_All_Pages/1_Menu_Create_Master_Data")): Object: 'Object Repository/TF_Customer_Create/1_Menu_Navigation_To_Open_All_Pages/1_Menu_Create_Master_Data' is hovered

2019-01-18 20:34:17 - [MESSAGE][PASSED] - Object: 'Object Repository/TF_Customer_Create/1_Menu_Navigation_To_Open_All_Pages/1_Menu_Create_Master_Data' is hovered

2019-01-18 20:34:17 - [TEST_STEP][PASSED] - waitForPageLoad(G_Timeout): Wait for page load successfully

2019-01-18 20:34:17 - [MESSAGE][PASSED] - Wait for page load successfully

2019-01-18 20:34:17 - [TEST_STEP][PASSED] - mouseOver(findTestObject("TF_Customer_Create/1_Menu_Navigation_To_Open_All_Pages/3_Planning_Account_Hoverover_Option")): Object: 'Object Repository/TF_Customer_Create/1_Menu_Navigation_To_Open_All_Pages/3_Planning_Account_Hoverover_Option' is hovered

2019-01-18 20:34:18 - [MESSAGE][PASSED] - Object: 'Object Repository/TF_Customer_Create/1_Menu_Navigation_To_Open_All_Pages/3_Planning_Account_Hoverover_Option' is hovered

2019-01-18 20:34:18 - [TEST_STEP][PASSED] - waitForPageLoad(G_Timeout): Wait for page load successfully

2019-01-18 20:34:18 - [MESSAGE][PASSED] - Wait for page load successfully

2019-01-18 20:34:18 - [TEST_STEP][PASSED] - click(findTestObject("TF_Customer_Create/2_Select_Menu_Options(All)/13_LDI_Vendor_Site")): Object: 'Object Repository/TF_Customer_Create/2_Select_Menu_Options(All)/13_LDI_Vendor_Site' is clicked on

2019-01-18 20:34:18 - [MESSAGE][PASSED] - Object: 'Object Repository/TF_Customer_Create/2_Select_Menu_Options(All)/13_LDI_Vendor_Site' is clicked on

2019-01-18 20:34:18 - [TEST_STEP][PASSED] - waitForPageLoad(G_Timeout): Wait for page load successfully

2019-01-18 20:34:18 - [MESSAGE][PASSED] - Wait for page load successfully

2019-01-18 20:34:18 - [TEST_STEP][PASSED] - delay(3): Delayed 3 second(s)

2019-01-18 20:34:21 - [MESSAGE][PASSED] - Delayed 3 second(s)

2019-01-18 20:34:21 - [TEST_STEP][PASSED] - vndSiteName = com.oracledb.regressiontest.genName(15): com.oracledb.regressiontest.genName is PASSED

2019-01-18 20:34:21 - [MESSAGE][PASSED] - com.oracledb.regressiontest.genName is PASSED

2019-01-18 20:34:21 - [TEST_STEP][PASSED] - vndSiteNumber = com.oracledb.regressiontest.genName(12): com.oracledb.regressiontest.genName is PASSED

2019-01-18 20:34:21 - [MESSAGE][PASSED] - com.oracledb.regressiontest.genName is PASSED

2019-01-18 20:34:21 - [TEST_STEP][PASSED] - vndSiteCd = com.oracledb.regressiontest.genName(10): com.oracledb.regressiontest.genName is PASSED

2019-01-18 20:34:21 - [MESSAGE][PASSED] - com.oracledb.regressiontest.genName is PASSED

2019-01-18 20:34:21 - [TEST_STEP][PASSED] - vndSiteCity = com.oracledb.regressiontest.genName(8): com.oracledb.regressiontest.genName is PASSED

2019-01-18 20:34:21 - [MESSAGE][PASSED] - com.oracledb.regressiontest.genName is PASSED

2019-01-18 20:34:21 - [TEST_STEP][PASSED] - vndSitePtlCd = com.oracledb.regressiontest.genName(6): com.oracledb.regressiontest.genName is PASSED

2019-01-18 20:34:21 - [MESSAGE][PASSED] - com.oracledb.regressiontest.genName is PASSED

2019-01-18 20:34:21 - [TEST_STEP][PASSED] - setText(findTestObject("TF_Customer_Create/4_Create_Objects_And_Save/13_Create_LDI_Vendor_Site/Input_Vendor_Site_Name/input_Vendor_Site_Nm"), vndSiteName): Text 'FO1562G1WEPPPY3' is set on object 'Object Repository/TF_Customer_Create/4_Create_Objects_And_Save/13_Create_LDI_Vendor_Site/Input_Vendor_Site_Name/input_Vendor_Site_Nm'

2019-01-18 20:34:21 - [MESSAGE][PASSED] - Text 'FO1562G1WEPPPY3' is set on object 'Object Repository/TF_Customer_Create/4_Create_Objects_And_Save/13_Create_LDI_Vendor_Site/Input_Vendor_Site_Name/input_Vendor_Site_Nm'

2019-01-18 20:34:21 - [TEST_STEP][PASSED] - setText(findTestObject("TF_Customer_Create/4_Create_Objects_And_Save/13_Create_LDI_Vendor_Site/Input_Vendor_Site_Name/input_Vendor_Site_Number"), vndSiteNumber): Text 'MBA6W4BUIYEE' is set on object 'Object Repository/TF_Customer_Create/4_Create_Objects_And_Save/13_Create_LDI_Vendor_Site/Input_Vendor_Site_Name/input_Vendor_Site_Number'

2019-01-18 20:34:21 - [MESSAGE][PASSED] - Text 'MBA6W4BUIYEE' is set on object 'Object Repository/TF_Customer_Create/4_Create_Objects_And_Save/13_Create_LDI_Vendor_Site/Input_Vendor_Site_Name/input_Vendor_Site_Number'

2019-01-18 20:34:21 - [TEST_STEP][PASSED] - setText(findTestObject("TF_Customer_Create/4_Create_Objects_And_Save/13_Create_LDI_Vendor_Site/Input_Vendor_Site_Name/input_Vendor_Site_Cd"), vndSiteCd): Text 'RHHY85Q5C1' is set on object 'Object Repository/TF_Customer_Create/4_Create_Objects_And_Save/13_Create_LDI_Vendor_Site/Input_Vendor_Site_Name/input_Vendor_Site_Cd'

2019-01-18 20:34:22 - [MESSAGE][PASSED] - Text 'RHHY85Q5C1' is set on object 'Object Repository/TF_Customer_Create/4_Create_Objects_And_Save/13_Create_LDI_Vendor_Site/Input_Vendor_Site_Name/input_Vendor_Site_Cd'

2019-01-18 20:34:22 - [TEST_STEP][PASSED] - setText(findTestObject("TF_Customer_Create/4_Create_Objects_And_Save/13_Create_LDI_Vendor_Site/Input_Vendor_Site_Name/input_Vendor_Site_City"), vndSiteCity): Text 'K10HO2M6' is set on object 'Object Repository/TF_Customer_Create/4_Create_Objects_And_Save/13_Create_LDI_Vendor_Site/Input_Vendor_Site_Name/input_Vendor_Site_City'

2019-01-18 20:34:22 - [MESSAGE][PASSED] - Text 'K10HO2M6' is set on object 'Object Repository/TF_Customer_Create/4_Create_Objects_And_Save/13_Create_LDI_Vendor_Site/Input_Vendor_Site_Name/input_Vendor_Site_City'

2019-01-18 20:34:22 - [TEST_STEP][PASSED] - setText(findTestObject("TF_Customer_Create/4_Create_Objects_And_Save/13_Create_LDI_Vendor_Site/Input_Vendor_Site_Name/input_Vendor_Site_Postal_Code"), vndSitePtlCd): Text '27YUUZ' is set on object 'Object Repository/TF_Customer_Create/4_Create_Objects_And_Save/13_Create_LDI_Vendor_Site/Input_Vendor_Site_Name/input_Vendor_Site_Postal_Code'

2019-01-18 20:34:22 - [MESSAGE][PASSED] - Text '27YUUZ' is set on object 'Object Repository/TF_Customer_Create/4_Create_Objects_And_Save/13_Create_LDI_Vendor_Site/Input_Vendor_Site_Name/input_Vendor_Site_Postal_Code'

2019-01-18 20:34:22 - [TEST_STEP][PASSED] - setText(findTestObject("TF_Customer_Create/4_Create_Objects_And_Save/13_Create_LDI_Vendor_Site/Input_Vendor_Site_Name/input_Vendor_Site_Inactive_dt"), input_Eff_Dt): Text '18/Jan/2019' is set on object 'Object Repository/TF_Customer_Create/4_Create_Objects_And_Save/13_Create_LDI_Vendor_Site/Input_Vendor_Site_Name/input_Vendor_Site_Inactive_dt'

2019-01-18 20:34:22 - [MESSAGE][PASSED] - Text '18/Jan/2019' is set on object 'Object Repository/TF_Customer_Create/4_Create_Objects_And_Save/13_Create_LDI_Vendor_Site/Input_Vendor_Site_Name/input_Vendor_Site_Inactive_dt'

2019-01-18 20:34:22 - [TEST_STEP][PASSED] - delay(2): Delayed 2 second(s)

2019-01-18 20:34:24 - [MESSAGE][PASSED] - Delayed 2 second(s)

2019-01-18 20:34:24 - [TEST_STEP][PASSED] - click(findTestObject("TF_Customer_Create/3_Common_Action_Buttons/Click_Data_Tab/span_Data_Tab")): Object: 'Object Repository/TF_Customer_Create/3_Common_Action_Buttons/Click_Data_Tab/span_Data_Tab' is clicked on

2019-01-18 20:34:24 - [MESSAGE][PASSED] - Object: 'Object Repository/TF_Customer_Create/3_Common_Action_Buttons/Click_Data_Tab/span_Data_Tab' is clicked on

2019-01-18 20:34:24 - [TEST_STEP][NOT_RUN] - click(findTestObject("TF_Customer_Create/4_Create_Objects_And_Save/Choose_Sales_Org/Click_Sales_Org_DD"), CONTINUE_ON_FAILURE): NOT_RUN: click(findTestObject("TF_Customer_Create/4_Create_Objects_And_Save/Choose_Sales_Org/Click_Sales_Org_DD"), CONTINUE_ON_FAILURE)

2019-01-18 20:34:24 - [MESSAGE][NOT_RUN] - NOT_RUN: click(findTestObject("TF_Customer_Create/4_Create_Objects_And_Save/Choose_Sales_Org/Click_Sales_Org_DD"), CONTINUE_ON_FAILURE)

2019-01-18 20:34:24 - [TEST_STEP][NOT_RUN] - click(findTestObject("TF_Customer_Create/4_Create_Objects_And_Save/Choose_Sales_Org/CA_Object"), CONTINUE_ON_FAILURE): NOT_RUN: click(findTestObject("TF_Customer_Create/4_Create_Objects_And_Save/Choose_Sales_Org/CA_Object"), CONTINUE_ON_FAILURE)

2019-01-18 20:34:24 - [MESSAGE][NOT_RUN] - NOT_RUN: click(findTestObject("TF_Customer_Create/4_Create_Objects_And_Save/Choose_Sales_Org/CA_Object"), CONTINUE_ON_FAILURE)

2019-01-18 20:34:24 - [TEST_STEP][PASSED] - delay(2): Delayed 2 second(s)

2019-01-18 20:34:26 - [MESSAGE][PASSED] - Delayed 2 second(s)

2019-01-18 20:34:26 - [TEST_STEP][PASSED] - click(findTestObject("TF_Customer_Create/3_Common_Action_Buttons/Click_Apply_Button/td_Apply")): Object: 'Object Repository/TF_Customer_Create/3_Common_Action_Buttons/Click_Apply_Button/td_Apply' is clicked on

2019-01-18 20:34:26 - [MESSAGE][PASSED] - Object: 'Object Repository/TF_Customer_Create/3_Common_Action_Buttons/Click_Apply_Button/td_Apply' is clicked on

2019-01-18 20:34:26 - [TEST_STEP][PASSED] - delay(2): Delayed 2 second(s)

2019-01-18 20:34:28 - [MESSAGE][PASSED] - Delayed 2 second(s)

2019-01-18 20:34:28 - [TEST_STEP][PASSED] - click(findTestObject("TF_Customer_Create/3_Common_Action_Buttons/Click_Save_Button/btn_Save")): Object: 'Object Repository/TF_Customer_Create/3_Common_Action_Buttons/Click_Save_Button/btn_Save' is clicked on

2019-01-18 20:34:29 - [MESSAGE][PASSED] - Object: 'Object Repository/TF_Customer_Create/3_Common_Action_Buttons/Click_Save_Button/btn_Save' is clicked on

2019-01-18 20:34:29 - [TEST_STEP][PASSED] - delay(2): Delayed 2 second(s)

2019-01-18 20:34:31 - [MESSAGE][PASSED] - Delayed 2 second(s)

2019-01-18 20:34:31 - [TEST_STEP][NOT_RUN] - verifyElementText(findTestObject("TF_Customer_Create/3_Common_Action_Buttons/Verify_Success_Message/Success_Message"), "Record has been saved successfully.", CONTINUE_ON_FAILURE): NOT_RUN: verifyElementText(findTestObject("TF_Customer_Create/3_Common_Action_Buttons/Verify_Success_Message/Success_Message"), "Record has been saved successfully.", CONTINUE_ON_FAILURE)

2019-01-18 20:34:31 - [MESSAGE][NOT_RUN] - NOT_RUN: verifyElementText(findTestObject("TF_Customer_Create/3_Common_Action_Buttons/Verify_Success_Message/Success_Message"), "Record has been saved successfully.", CONTINUE_ON_FAILURE)

2019-01-18 20:34:31 - [TEST_STEP][NOT_RUN] - click(findTestObject("TF_Customer_Create/3_Common_Action_Buttons/Click_Data_Tab/span_Data_Tab")): NOT_RUN: click(findTestObject("TF_Customer_Create/3_Common_Action_Buttons/Click_Data_Tab/span_Data_Tab"))

2019-01-18 20:34:31 - [MESSAGE][NOT_RUN] - NOT_RUN: click(findTestObject("TF_Customer_Create/3_Common_Action_Buttons/Click_Data_Tab/span_Data_Tab"))

2019-01-18 20:34:31 - [TEST_STEP][NOT_RUN] - delay(1): NOT_RUN: delay(1)

2019-01-18 20:34:31 - [MESSAGE][NOT_RUN] - NOT_RUN: delay(1)

2019-01-18 20:34:31 - [TEST_STEP][NOT_RUN] - click(findTestObject("TF_Customer_Create/3_Common_Action_Buttons/Click_Close_Button/btn_Close")): NOT_RUN: click(findTestObject("TF_Customer_Create/3_Common_Action_Buttons/Click_Close_Button/btn_Close"))

2019-01-18 20:34:31 - [MESSAGE][NOT_RUN] - NOT_RUN: click(findTestObject("TF_Customer_Create/3_Common_Action_Buttons/Click_Close_Button/btn_Close"))

2019-01-18 20:34:31 - [TEST_STEP][NOT_RUN] - delay(2): NOT_RUN: delay(2)

2019-01-18 20:34:31 - [MESSAGE][NOT_RUN] - NOT_RUN: delay(2)

2019-01-18 20:34:31 - [TEST_STEP][NOT_RUN] - vrfy_PLA = com.oracledb.regressiontest.verifyPLA(ora_connt, ora_usr, ora_psswrd, ora_schema, plaAcctName): NOT_RUN: vrfy_PLA = com.oracledb.regressiontest.verifyPLA(ora_connt, ora_usr, ora_psswrd, ora_schema, plaAcctName)

2019-01-18 20:34:31 - [MESSAGE][NOT_RUN] - NOT_RUN: vrfy_PLA = com.oracledb.regressiontest.verifyPLA(ora_connt, ora_usr, ora_psswrd, ora_schema, plaAcctName)

2019-01-18 20:34:31 - [TEST_STEP][NOT_RUN] - println("Planning Account Name"): NOT_RUN: println("Planning Account Name")

2019-01-18 20:34:31 - [MESSAGE][NOT_RUN] - NOT_RUN: println("Planning Account Name")

2019-01-18 20:34:31 - [TEST_STEP][NOT_RUN] - verifyEqual(PLANNING_ACCOUNT_NAME, plaAcctName): NOT_RUN: verifyEqual(PLANNING_ACCOUNT_NAME, plaAcctName)

2019-01-18 20:34:31 - [MESSAGE][NOT_RUN] - NOT_RUN: verifyEqual(PLANNING_ACCOUNT_NAME, plaAcctName)]]></system-out>
         <system-err><![CDATA[]]></system-err>
      </testcase>
      <testcase name="Test Cases/Regression_TF_Customer/Create_Record/TC_13_Create_LDI_Vendor_Site" classname="Test Cases/Regression_TF_Customer/Create_Record/TC_13_Create_LDI_Vendor_Site" status="PASSED">
         <system-out><![CDATA[2019-01-18 20:34:31 - [TEST_CASE][PASSED] - Test Cases/Regression_TF_Customer/Create_Record/TC_13_Create_LDI_Vendor_Site: Test Cases/Regression_TF_Customer/Create_Record/TC_13_Create_LDI_Vendor_Site

2019-01-18 20:34:31 - [TEST_STEP][PASSED] - waitForPageLoad(G_Timeout): Wait for page load successfully

2019-01-18 20:34:31 - [MESSAGE][PASSED] - Wait for page load successfully

2019-01-18 20:34:31 - [TEST_STEP][PASSED] - mouseOver(findTestObject("TF_Customer_Create/1_Menu_Navigation_To_Open_All_Pages/0_Menu_Create_In_Data_View")): Object: 'Object Repository/TF_Customer_Create/1_Menu_Navigation_To_Open_All_Pages/0_Menu_Create_In_Data_View' is hovered

2019-01-18 20:34:31 - [MESSAGE][PASSED] - Object: 'Object Repository/TF_Customer_Create/1_Menu_Navigation_To_Open_All_Pages/0_Menu_Create_In_Data_View' is hovered

2019-01-18 20:34:31 - [TEST_STEP][PASSED] - waitForPageLoad(G_Timeout): Wait for page load successfully

2019-01-18 20:34:31 - [MESSAGE][PASSED] - Wait for page load successfully

2019-01-18 20:34:31 - [TEST_STEP][PASSED] - mouseOver(findTestObject("TF_Customer_Create/1_Menu_Navigation_To_Open_All_Pages/1_Menu_Create_Master_Data")): Object: 'Object Repository/TF_Customer_Create/1_Menu_Navigation_To_Open_All_Pages/1_Menu_Create_Master_Data' is hovered

2019-01-18 20:34:31 - [MESSAGE][PASSED] - Object: 'Object Repository/TF_Customer_Create/1_Menu_Navigation_To_Open_All_Pages/1_Menu_Create_Master_Data' is hovered

2019-01-18 20:34:31 - [TEST_STEP][PASSED] - waitForPageLoad(G_Timeout): Wait for page load successfully

2019-01-18 20:34:31 - [MESSAGE][PASSED] - Wait for page load successfully

2019-01-18 20:34:31 - [TEST_STEP][PASSED] - mouseOver(findTestObject("TF_Customer_Create/1_Menu_Navigation_To_Open_All_Pages/3_Planning_Account_Hoverover_Option")): Object: 'Object Repository/TF_Customer_Create/1_Menu_Navigation_To_Open_All_Pages/3_Planning_Account_Hoverover_Option' is hovered

2019-01-18 20:34:31 - [MESSAGE][PASSED] - Object: 'Object Repository/TF_Customer_Create/1_Menu_Navigation_To_Open_All_Pages/3_Planning_Account_Hoverover_Option' is hovered

2019-01-18 20:34:31 - [TEST_STEP][PASSED] - waitForPageLoad(G_Timeout): Wait for page load successfully

2019-01-18 20:34:31 - [MESSAGE][PASSED] - Wait for page load successfully

2019-01-18 20:34:31 - [TEST_STEP][PASSED] - click(findTestObject("TF_Customer_Create/2_Select_Menu_Options(All)/13_LDI_Vendor_Site")): Object: 'Object Repository/TF_Customer_Create/2_Select_Menu_Options(All)/13_LDI_Vendor_Site' is clicked on

2019-01-18 20:34:31 - [MESSAGE][PASSED] - Object: 'Object Repository/TF_Customer_Create/2_Select_Menu_Options(All)/13_LDI_Vendor_Site' is clicked on

2019-01-18 20:34:31 - [TEST_STEP][PASSED] - waitForPageLoad(G_Timeout): Wait for page load successfully

2019-01-18 20:34:31 - [MESSAGE][PASSED] - Wait for page load successfully

2019-01-18 20:34:31 - [TEST_STEP][PASSED] - delay(3): Delayed 3 second(s)

2019-01-18 20:34:34 - [MESSAGE][PASSED] - Delayed 3 second(s)

2019-01-18 20:34:34 - [TEST_STEP][PASSED] - vndSiteName = com.oracledb.regressiontest.genName(15): com.oracledb.regressiontest.genName is PASSED

2019-01-18 20:34:34 - [MESSAGE][PASSED] - com.oracledb.regressiontest.genName is PASSED

2019-01-18 20:34:34 - [TEST_STEP][PASSED] - vndSiteNumber = com.oracledb.regressiontest.genName(12): com.oracledb.regressiontest.genName is PASSED

2019-01-18 20:34:34 - [MESSAGE][PASSED] - com.oracledb.regressiontest.genName is PASSED

2019-01-18 20:34:34 - [TEST_STEP][PASSED] - vndSiteCd = com.oracledb.regressiontest.genName(10): com.oracledb.regressiontest.genName is PASSED

2019-01-18 20:34:34 - [MESSAGE][PASSED] - com.oracledb.regressiontest.genName is PASSED

2019-01-18 20:34:34 - [TEST_STEP][PASSED] - vndSiteCity = com.oracledb.regressiontest.genName(8): com.oracledb.regressiontest.genName is PASSED

2019-01-18 20:34:34 - [MESSAGE][PASSED] - com.oracledb.regressiontest.genName is PASSED

2019-01-18 20:34:34 - [TEST_STEP][PASSED] - vndSitePtlCd = com.oracledb.regressiontest.genName(6): com.oracledb.regressiontest.genName is PASSED

2019-01-18 20:34:34 - [MESSAGE][PASSED] - com.oracledb.regressiontest.genName is PASSED

2019-01-18 20:34:34 - [TEST_STEP][PASSED] - setText(findTestObject("TF_Customer_Create/4_Create_Objects_And_Save/13_Create_LDI_Vendor_Site/Input_Vendor_Site_Name/input_Vendor_Site_Nm"), vndSiteName): Text '9X0X6Y9J759MUYB' is set on object 'Object Repository/TF_Customer_Create/4_Create_Objects_And_Save/13_Create_LDI_Vendor_Site/Input_Vendor_Site_Name/input_Vendor_Site_Nm'

2019-01-18 20:34:35 - [MESSAGE][PASSED] - Text '9X0X6Y9J759MUYB' is set on object 'Object Repository/TF_Customer_Create/4_Create_Objects_And_Save/13_Create_LDI_Vendor_Site/Input_Vendor_Site_Name/input_Vendor_Site_Nm'

2019-01-18 20:34:35 - [TEST_STEP][PASSED] - setText(findTestObject("TF_Customer_Create/4_Create_Objects_And_Save/13_Create_LDI_Vendor_Site/Input_Vendor_Site_Name/input_Vendor_Site_Number"), vndSiteNumber): Text 'IF5W0JR6UA5U' is set on object 'Object Repository/TF_Customer_Create/4_Create_Objects_And_Save/13_Create_LDI_Vendor_Site/Input_Vendor_Site_Name/input_Vendor_Site_Number'

2019-01-18 20:34:35 - [MESSAGE][PASSED] - Text 'IF5W0JR6UA5U' is set on object 'Object Repository/TF_Customer_Create/4_Create_Objects_And_Save/13_Create_LDI_Vendor_Site/Input_Vendor_Site_Name/input_Vendor_Site_Number'

2019-01-18 20:34:35 - [TEST_STEP][PASSED] - setText(findTestObject("TF_Customer_Create/4_Create_Objects_And_Save/13_Create_LDI_Vendor_Site/Input_Vendor_Site_Name/input_Vendor_Site_Cd"), vndSiteCd): Text 'N712FJ5WNN' is set on object 'Object Repository/TF_Customer_Create/4_Create_Objects_And_Save/13_Create_LDI_Vendor_Site/Input_Vendor_Site_Name/input_Vendor_Site_Cd'

2019-01-18 20:34:35 - [MESSAGE][PASSED] - Text 'N712FJ5WNN' is set on object 'Object Repository/TF_Customer_Create/4_Create_Objects_And_Save/13_Create_LDI_Vendor_Site/Input_Vendor_Site_Name/input_Vendor_Site_Cd'

2019-01-18 20:34:35 - [TEST_STEP][PASSED] - setText(findTestObject("TF_Customer_Create/4_Create_Objects_And_Save/13_Create_LDI_Vendor_Site/Input_Vendor_Site_Name/input_Vendor_Site_City"), vndSiteCity): Text 'JK55CEYF' is set on object 'Object Repository/TF_Customer_Create/4_Create_Objects_And_Save/13_Create_LDI_Vendor_Site/Input_Vendor_Site_Name/input_Vendor_Site_City'

2019-01-18 20:34:35 - [MESSAGE][PASSED] - Text 'JK55CEYF' is set on object 'Object Repository/TF_Customer_Create/4_Create_Objects_And_Save/13_Create_LDI_Vendor_Site/Input_Vendor_Site_Name/input_Vendor_Site_City'

2019-01-18 20:34:35 - [TEST_STEP][PASSED] - setText(findTestObject("TF_Customer_Create/4_Create_Objects_And_Save/13_Create_LDI_Vendor_Site/Input_Vendor_Site_Name/input_Vendor_Site_Postal_Code"), vndSitePtlCd): Text 'MXX6T9' is set on object 'Object Repository/TF_Customer_Create/4_Create_Objects_And_Save/13_Create_LDI_Vendor_Site/Input_Vendor_Site_Name/input_Vendor_Site_Postal_Code'

2019-01-18 20:34:35 - [MESSAGE][PASSED] - Text 'MXX6T9' is set on object 'Object Repository/TF_Customer_Create/4_Create_Objects_And_Save/13_Create_LDI_Vendor_Site/Input_Vendor_Site_Name/input_Vendor_Site_Postal_Code'

2019-01-18 20:34:35 - [TEST_STEP][PASSED] - setText(findTestObject("TF_Customer_Create/4_Create_Objects_And_Save/13_Create_LDI_Vendor_Site/Input_Vendor_Site_Name/input_Vendor_Site_Inactive_dt"), input_Eff_Dt): Text '18/Jan/2019' is set on object 'Object Repository/TF_Customer_Create/4_Create_Objects_And_Save/13_Create_LDI_Vendor_Site/Input_Vendor_Site_Name/input_Vendor_Site_Inactive_dt'

2019-01-18 20:34:35 - [MESSAGE][PASSED] - Text '18/Jan/2019' is set on object 'Object Repository/TF_Customer_Create/4_Create_Objects_And_Save/13_Create_LDI_Vendor_Site/Input_Vendor_Site_Name/input_Vendor_Site_Inactive_dt'

2019-01-18 20:34:35 - [TEST_STEP][PASSED] - delay(2): Delayed 2 second(s)

2019-01-18 20:34:37 - [MESSAGE][PASSED] - Delayed 2 second(s)

2019-01-18 20:34:37 - [TEST_STEP][PASSED] - click(findTestObject("TF_Customer_Create/3_Common_Action_Buttons/Click_Data_Tab/span_Data_Tab")): Object: 'Object Repository/TF_Customer_Create/3_Common_Action_Buttons/Click_Data_Tab/span_Data_Tab' is clicked on

2019-01-18 20:34:37 - [MESSAGE][PASSED] - Object: 'Object Repository/TF_Customer_Create/3_Common_Action_Buttons/Click_Data_Tab/span_Data_Tab' is clicked on

2019-01-18 20:34:37 - [TEST_STEP][NOT_RUN] - click(findTestObject("TF_Customer_Create/4_Create_Objects_And_Save/Choose_Sales_Org/Click_Sales_Org_DD"), CONTINUE_ON_FAILURE): NOT_RUN: click(findTestObject("TF_Customer_Create/4_Create_Objects_And_Save/Choose_Sales_Org/Click_Sales_Org_DD"), CONTINUE_ON_FAILURE)

2019-01-18 20:34:37 - [MESSAGE][NOT_RUN] - NOT_RUN: click(findTestObject("TF_Customer_Create/4_Create_Objects_And_Save/Choose_Sales_Org/Click_Sales_Org_DD"), CONTINUE_ON_FAILURE)

2019-01-18 20:34:37 - [TEST_STEP][NOT_RUN] - click(findTestObject("TF_Customer_Create/4_Create_Objects_And_Save/Choose_Sales_Org/CA_Object"), CONTINUE_ON_FAILURE): NOT_RUN: click(findTestObject("TF_Customer_Create/4_Create_Objects_And_Save/Choose_Sales_Org/CA_Object"), CONTINUE_ON_FAILURE)

2019-01-18 20:34:37 - [MESSAGE][NOT_RUN] - NOT_RUN: click(findTestObject("TF_Customer_Create/4_Create_Objects_And_Save/Choose_Sales_Org/CA_Object"), CONTINUE_ON_FAILURE)

2019-01-18 20:34:37 - [TEST_STEP][PASSED] - delay(2): Delayed 2 second(s)

2019-01-18 20:34:39 - [MESSAGE][PASSED] - Delayed 2 second(s)

2019-01-18 20:34:39 - [TEST_STEP][PASSED] - click(findTestObject("TF_Customer_Create/3_Common_Action_Buttons/Click_Apply_Button/td_Apply")): Object: 'Object Repository/TF_Customer_Create/3_Common_Action_Buttons/Click_Apply_Button/td_Apply' is clicked on

2019-01-18 20:34:39 - [MESSAGE][PASSED] - Object: 'Object Repository/TF_Customer_Create/3_Common_Action_Buttons/Click_Apply_Button/td_Apply' is clicked on

2019-01-18 20:34:39 - [TEST_STEP][PASSED] - delay(2): Delayed 2 second(s)

2019-01-18 20:34:41 - [MESSAGE][PASSED] - Delayed 2 second(s)

2019-01-18 20:34:41 - [TEST_STEP][PASSED] - click(findTestObject("TF_Customer_Create/3_Common_Action_Buttons/Click_Save_Button/btn_Save")): Object: 'Object Repository/TF_Customer_Create/3_Common_Action_Buttons/Click_Save_Button/btn_Save' is clicked on

2019-01-18 20:34:42 - [MESSAGE][PASSED] - Object: 'Object Repository/TF_Customer_Create/3_Common_Action_Buttons/Click_Save_Button/btn_Save' is clicked on

2019-01-18 20:34:42 - [TEST_STEP][PASSED] - delay(2): Delayed 2 second(s)

2019-01-18 20:34:44 - [MESSAGE][PASSED] - Delayed 2 second(s)

2019-01-18 20:34:44 - [TEST_STEP][NOT_RUN] - verifyElementText(findTestObject("TF_Customer_Create/3_Common_Action_Buttons/Verify_Success_Message/Success_Message"), "Record has been saved successfully.", CONTINUE_ON_FAILURE): NOT_RUN: verifyElementText(findTestObject("TF_Customer_Create/3_Common_Action_Buttons/Verify_Success_Message/Success_Message"), "Record has been saved successfully.", CONTINUE_ON_FAILURE)

2019-01-18 20:34:44 - [MESSAGE][NOT_RUN] - NOT_RUN: verifyElementText(findTestObject("TF_Customer_Create/3_Common_Action_Buttons/Verify_Success_Message/Success_Message"), "Record has been saved successfully.", CONTINUE_ON_FAILURE)

2019-01-18 20:34:44 - [TEST_STEP][NOT_RUN] - click(findTestObject("TF_Customer_Create/3_Common_Action_Buttons/Click_Data_Tab/span_Data_Tab")): NOT_RUN: click(findTestObject("TF_Customer_Create/3_Common_Action_Buttons/Click_Data_Tab/span_Data_Tab"))

2019-01-18 20:34:44 - [MESSAGE][NOT_RUN] - NOT_RUN: click(findTestObject("TF_Customer_Create/3_Common_Action_Buttons/Click_Data_Tab/span_Data_Tab"))

2019-01-18 20:34:44 - [TEST_STEP][NOT_RUN] - delay(1): NOT_RUN: delay(1)

2019-01-18 20:34:44 - [MESSAGE][NOT_RUN] - NOT_RUN: delay(1)

2019-01-18 20:34:44 - [TEST_STEP][NOT_RUN] - click(findTestObject("TF_Customer_Create/3_Common_Action_Buttons/Click_Close_Button/btn_Close")): NOT_RUN: click(findTestObject("TF_Customer_Create/3_Common_Action_Buttons/Click_Close_Button/btn_Close"))

2019-01-18 20:34:44 - [MESSAGE][NOT_RUN] - NOT_RUN: click(findTestObject("TF_Customer_Create/3_Common_Action_Buttons/Click_Close_Button/btn_Close"))

2019-01-18 20:34:44 - [TEST_STEP][NOT_RUN] - delay(2): NOT_RUN: delay(2)

2019-01-18 20:34:44 - [MESSAGE][NOT_RUN] - NOT_RUN: delay(2)

2019-01-18 20:34:44 - [TEST_STEP][NOT_RUN] - vrfy_PLA = com.oracledb.regressiontest.verifyPLA(ora_connt, ora_usr, ora_psswrd, ora_schema, plaAcctName): NOT_RUN: vrfy_PLA = com.oracledb.regressiontest.verifyPLA(ora_connt, ora_usr, ora_psswrd, ora_schema, plaAcctName)

2019-01-18 20:34:44 - [MESSAGE][NOT_RUN] - NOT_RUN: vrfy_PLA = com.oracledb.regressiontest.verifyPLA(ora_connt, ora_usr, ora_psswrd, ora_schema, plaAcctName)

2019-01-18 20:34:44 - [TEST_STEP][NOT_RUN] - println("Planning Account Name"): NOT_RUN: println("Planning Account Name")

2019-01-18 20:34:44 - [MESSAGE][NOT_RUN] - NOT_RUN: println("Planning Account Name")

2019-01-18 20:34:44 - [TEST_STEP][NOT_RUN] - verifyEqual(PLANNING_ACCOUNT_NAME, plaAcctName): NOT_RUN: verifyEqual(PLANNING_ACCOUNT_NAME, plaAcctName)

2019-01-18 20:34:44 - [MESSAGE][NOT_RUN] - NOT_RUN: verifyEqual(PLANNING_ACCOUNT_NAME, plaAcctName)]]></system-out>
         <system-err><![CDATA[]]></system-err>
      </testcase>
      <testcase name="Test Cases/Regression_TF_Customer/Create_Record/TC_13_Create_LDI_Vendor_Site" classname="Test Cases/Regression_TF_Customer/Create_Record/TC_13_Create_LDI_Vendor_Site" status="PASSED">
         <system-out><![CDATA[2019-01-18 20:34:44 - [TEST_CASE][PASSED] - Test Cases/Regression_TF_Customer/Create_Record/TC_13_Create_LDI_Vendor_Site: Test Cases/Regression_TF_Customer/Create_Record/TC_13_Create_LDI_Vendor_Site

2019-01-18 20:34:44 - [TEST_STEP][PASSED] - waitForPageLoad(G_Timeout): Wait for page load successfully

2019-01-18 20:34:44 - [MESSAGE][PASSED] - Wait for page load successfully

2019-01-18 20:34:44 - [TEST_STEP][PASSED] - mouseOver(findTestObject("TF_Customer_Create/1_Menu_Navigation_To_Open_All_Pages/0_Menu_Create_In_Data_View")): Object: 'Object Repository/TF_Customer_Create/1_Menu_Navigation_To_Open_All_Pages/0_Menu_Create_In_Data_View' is hovered

2019-01-18 20:34:44 - [MESSAGE][PASSED] - Object: 'Object Repository/TF_Customer_Create/1_Menu_Navigation_To_Open_All_Pages/0_Menu_Create_In_Data_View' is hovered

2019-01-18 20:34:44 - [TEST_STEP][PASSED] - waitForPageLoad(G_Timeout): Wait for page load successfully

2019-01-18 20:34:44 - [MESSAGE][PASSED] - Wait for page load successfully

2019-01-18 20:34:44 - [TEST_STEP][PASSED] - mouseOver(findTestObject("TF_Customer_Create/1_Menu_Navigation_To_Open_All_Pages/1_Menu_Create_Master_Data")): Object: 'Object Repository/TF_Customer_Create/1_Menu_Navigation_To_Open_All_Pages/1_Menu_Create_Master_Data' is hovered

2019-01-18 20:34:44 - [MESSAGE][PASSED] - Object: 'Object Repository/TF_Customer_Create/1_Menu_Navigation_To_Open_All_Pages/1_Menu_Create_Master_Data' is hovered

2019-01-18 20:34:44 - [TEST_STEP][PASSED] - waitForPageLoad(G_Timeout): Wait for page load successfully

2019-01-18 20:34:44 - [MESSAGE][PASSED] - Wait for page load successfully

2019-01-18 20:34:44 - [TEST_STEP][PASSED] - mouseOver(findTestObject("TF_Customer_Create/1_Menu_Navigation_To_Open_All_Pages/3_Planning_Account_Hoverover_Option")): Object: 'Object Repository/TF_Customer_Create/1_Menu_Navigation_To_Open_All_Pages/3_Planning_Account_Hoverover_Option' is hovered

2019-01-18 20:34:44 - [MESSAGE][PASSED] - Object: 'Object Repository/TF_Customer_Create/1_Menu_Navigation_To_Open_All_Pages/3_Planning_Account_Hoverover_Option' is hovered

2019-01-18 20:34:44 - [TEST_STEP][PASSED] - waitForPageLoad(G_Timeout): Wait for page load successfully

2019-01-18 20:34:44 - [MESSAGE][PASSED] - Wait for page load successfully

2019-01-18 20:34:44 - [TEST_STEP][PASSED] - click(findTestObject("TF_Customer_Create/2_Select_Menu_Options(All)/13_LDI_Vendor_Site")): Object: 'Object Repository/TF_Customer_Create/2_Select_Menu_Options(All)/13_LDI_Vendor_Site' is clicked on

2019-01-18 20:34:44 - [MESSAGE][PASSED] - Object: 'Object Repository/TF_Customer_Create/2_Select_Menu_Options(All)/13_LDI_Vendor_Site' is clicked on

2019-01-18 20:34:44 - [TEST_STEP][PASSED] - waitForPageLoad(G_Timeout): Wait for page load successfully

2019-01-18 20:34:44 - [MESSAGE][PASSED] - Wait for page load successfully

2019-01-18 20:34:44 - [TEST_STEP][PASSED] - delay(3): Delayed 3 second(s)

2019-01-18 20:34:47 - [MESSAGE][PASSED] - Delayed 3 second(s)

2019-01-18 20:34:47 - [TEST_STEP][PASSED] - vndSiteName = com.oracledb.regressiontest.genName(15): com.oracledb.regressiontest.genName is PASSED

2019-01-18 20:34:47 - [MESSAGE][PASSED] - com.oracledb.regressiontest.genName is PASSED

2019-01-18 20:34:47 - [TEST_STEP][PASSED] - vndSiteNumber = com.oracledb.regressiontest.genName(12): com.oracledb.regressiontest.genName is PASSED

2019-01-18 20:34:47 - [MESSAGE][PASSED] - com.oracledb.regressiontest.genName is PASSED

2019-01-18 20:34:47 - [TEST_STEP][PASSED] - vndSiteCd = com.oracledb.regressiontest.genName(10): com.oracledb.regressiontest.genName is PASSED

2019-01-18 20:34:47 - [MESSAGE][PASSED] - com.oracledb.regressiontest.genName is PASSED

2019-01-18 20:34:47 - [TEST_STEP][PASSED] - vndSiteCity = com.oracledb.regressiontest.genName(8): com.oracledb.regressiontest.genName is PASSED

2019-01-18 20:34:47 - [MESSAGE][PASSED] - com.oracledb.regressiontest.genName is PASSED

2019-01-18 20:34:47 - [TEST_STEP][PASSED] - vndSitePtlCd = com.oracledb.regressiontest.genName(6): com.oracledb.regressiontest.genName is PASSED

2019-01-18 20:34:47 - [MESSAGE][PASSED] - com.oracledb.regressiontest.genName is PASSED

2019-01-18 20:34:47 - [TEST_STEP][PASSED] - setText(findTestObject("TF_Customer_Create/4_Create_Objects_And_Save/13_Create_LDI_Vendor_Site/Input_Vendor_Site_Name/input_Vendor_Site_Nm"), vndSiteName): Text 'Z8BHK473FV5XFD1' is set on object 'Object Repository/TF_Customer_Create/4_Create_Objects_And_Save/13_Create_LDI_Vendor_Site/Input_Vendor_Site_Name/input_Vendor_Site_Nm'

2019-01-18 20:34:48 - [MESSAGE][PASSED] - Text 'Z8BHK473FV5XFD1' is set on object 'Object Repository/TF_Customer_Create/4_Create_Objects_And_Save/13_Create_LDI_Vendor_Site/Input_Vendor_Site_Name/input_Vendor_Site_Nm'

2019-01-18 20:34:48 - [TEST_STEP][PASSED] - setText(findTestObject("TF_Customer_Create/4_Create_Objects_And_Save/13_Create_LDI_Vendor_Site/Input_Vendor_Site_Name/input_Vendor_Site_Number"), vndSiteNumber): Text '7QJ37S7MISVE' is set on object 'Object Repository/TF_Customer_Create/4_Create_Objects_And_Save/13_Create_LDI_Vendor_Site/Input_Vendor_Site_Name/input_Vendor_Site_Number'

2019-01-18 20:34:48 - [MESSAGE][PASSED] - Text '7QJ37S7MISVE' is set on object 'Object Repository/TF_Customer_Create/4_Create_Objects_And_Save/13_Create_LDI_Vendor_Site/Input_Vendor_Site_Name/input_Vendor_Site_Number'

2019-01-18 20:34:48 - [TEST_STEP][PASSED] - setText(findTestObject("TF_Customer_Create/4_Create_Objects_And_Save/13_Create_LDI_Vendor_Site/Input_Vendor_Site_Name/input_Vendor_Site_Cd"), vndSiteCd): Text 'MJXOK5LJR6' is set on object 'Object Repository/TF_Customer_Create/4_Create_Objects_And_Save/13_Create_LDI_Vendor_Site/Input_Vendor_Site_Name/input_Vendor_Site_Cd'

2019-01-18 20:34:48 - [MESSAGE][PASSED] - Text 'MJXOK5LJR6' is set on object 'Object Repository/TF_Customer_Create/4_Create_Objects_And_Save/13_Create_LDI_Vendor_Site/Input_Vendor_Site_Name/input_Vendor_Site_Cd'

2019-01-18 20:34:48 - [TEST_STEP][PASSED] - setText(findTestObject("TF_Customer_Create/4_Create_Objects_And_Save/13_Create_LDI_Vendor_Site/Input_Vendor_Site_Name/input_Vendor_Site_City"), vndSiteCity): Text 'U6OQ1SH9' is set on object 'Object Repository/TF_Customer_Create/4_Create_Objects_And_Save/13_Create_LDI_Vendor_Site/Input_Vendor_Site_Name/input_Vendor_Site_City'

2019-01-18 20:34:48 - [MESSAGE][PASSED] - Text 'U6OQ1SH9' is set on object 'Object Repository/TF_Customer_Create/4_Create_Objects_And_Save/13_Create_LDI_Vendor_Site/Input_Vendor_Site_Name/input_Vendor_Site_City'

2019-01-18 20:34:48 - [TEST_STEP][PASSED] - setText(findTestObject("TF_Customer_Create/4_Create_Objects_And_Save/13_Create_LDI_Vendor_Site/Input_Vendor_Site_Name/input_Vendor_Site_Postal_Code"), vndSitePtlCd): Text 'VZ3Q92' is set on object 'Object Repository/TF_Customer_Create/4_Create_Objects_And_Save/13_Create_LDI_Vendor_Site/Input_Vendor_Site_Name/input_Vendor_Site_Postal_Code'

2019-01-18 20:34:48 - [MESSAGE][PASSED] - Text 'VZ3Q92' is set on object 'Object Repository/TF_Customer_Create/4_Create_Objects_And_Save/13_Create_LDI_Vendor_Site/Input_Vendor_Site_Name/input_Vendor_Site_Postal_Code'

2019-01-18 20:34:48 - [TEST_STEP][PASSED] - setText(findTestObject("TF_Customer_Create/4_Create_Objects_And_Save/13_Create_LDI_Vendor_Site/Input_Vendor_Site_Name/input_Vendor_Site_Inactive_dt"), input_Eff_Dt): Text '18/Jan/2019' is set on object 'Object Repository/TF_Customer_Create/4_Create_Objects_And_Save/13_Create_LDI_Vendor_Site/Input_Vendor_Site_Name/input_Vendor_Site_Inactive_dt'

2019-01-18 20:34:48 - [MESSAGE][PASSED] - Text '18/Jan/2019' is set on object 'Object Repository/TF_Customer_Create/4_Create_Objects_And_Save/13_Create_LDI_Vendor_Site/Input_Vendor_Site_Name/input_Vendor_Site_Inactive_dt'

2019-01-18 20:34:48 - [TEST_STEP][PASSED] - delay(2): Delayed 2 second(s)

2019-01-18 20:34:50 - [MESSAGE][PASSED] - Delayed 2 second(s)

2019-01-18 20:34:50 - [TEST_STEP][PASSED] - click(findTestObject("TF_Customer_Create/3_Common_Action_Buttons/Click_Data_Tab/span_Data_Tab")): Object: 'Object Repository/TF_Customer_Create/3_Common_Action_Buttons/Click_Data_Tab/span_Data_Tab' is clicked on

2019-01-18 20:34:50 - [MESSAGE][PASSED] - Object: 'Object Repository/TF_Customer_Create/3_Common_Action_Buttons/Click_Data_Tab/span_Data_Tab' is clicked on

2019-01-18 20:34:50 - [TEST_STEP][NOT_RUN] - click(findTestObject("TF_Customer_Create/4_Create_Objects_And_Save/Choose_Sales_Org/Click_Sales_Org_DD"), CONTINUE_ON_FAILURE): NOT_RUN: click(findTestObject("TF_Customer_Create/4_Create_Objects_And_Save/Choose_Sales_Org/Click_Sales_Org_DD"), CONTINUE_ON_FAILURE)

2019-01-18 20:34:50 - [MESSAGE][NOT_RUN] - NOT_RUN: click(findTestObject("TF_Customer_Create/4_Create_Objects_And_Save/Choose_Sales_Org/Click_Sales_Org_DD"), CONTINUE_ON_FAILURE)

2019-01-18 20:34:50 - [TEST_STEP][NOT_RUN] - click(findTestObject("TF_Customer_Create/4_Create_Objects_And_Save/Choose_Sales_Org/CA_Object"), CONTINUE_ON_FAILURE): NOT_RUN: click(findTestObject("TF_Customer_Create/4_Create_Objects_And_Save/Choose_Sales_Org/CA_Object"), CONTINUE_ON_FAILURE)

2019-01-18 20:34:50 - [MESSAGE][NOT_RUN] - NOT_RUN: click(findTestObject("TF_Customer_Create/4_Create_Objects_And_Save/Choose_Sales_Org/CA_Object"), CONTINUE_ON_FAILURE)

2019-01-18 20:34:50 - [TEST_STEP][PASSED] - delay(2): Delayed 2 second(s)

2019-01-18 20:34:52 - [MESSAGE][PASSED] - Delayed 2 second(s)

2019-01-18 20:34:52 - [TEST_STEP][PASSED] - click(findTestObject("TF_Customer_Create/3_Common_Action_Buttons/Click_Apply_Button/td_Apply")): Object: 'Object Repository/TF_Customer_Create/3_Common_Action_Buttons/Click_Apply_Button/td_Apply' is clicked on

2019-01-18 20:34:53 - [MESSAGE][PASSED] - Object: 'Object Repository/TF_Customer_Create/3_Common_Action_Buttons/Click_Apply_Button/td_Apply' is clicked on

2019-01-18 20:34:53 - [TEST_STEP][PASSED] - delay(2): Delayed 2 second(s)

2019-01-18 20:34:55 - [MESSAGE][PASSED] - Delayed 2 second(s)

2019-01-18 20:34:55 - [TEST_STEP][PASSED] - click(findTestObject("TF_Customer_Create/3_Common_Action_Buttons/Click_Save_Button/btn_Save")): Object: 'Object Repository/TF_Customer_Create/3_Common_Action_Buttons/Click_Save_Button/btn_Save' is clicked on

2019-01-18 20:34:55 - [MESSAGE][PASSED] - Object: 'Object Repository/TF_Customer_Create/3_Common_Action_Buttons/Click_Save_Button/btn_Save' is clicked on

2019-01-18 20:34:55 - [TEST_STEP][PASSED] - delay(2): Delayed 2 second(s)

2019-01-18 20:34:57 - [MESSAGE][PASSED] - Delayed 2 second(s)

2019-01-18 20:34:57 - [TEST_STEP][NOT_RUN] - verifyElementText(findTestObject("TF_Customer_Create/3_Common_Action_Buttons/Verify_Success_Message/Success_Message"), "Record has been saved successfully.", CONTINUE_ON_FAILURE): NOT_RUN: verifyElementText(findTestObject("TF_Customer_Create/3_Common_Action_Buttons/Verify_Success_Message/Success_Message"), "Record has been saved successfully.", CONTINUE_ON_FAILURE)

2019-01-18 20:34:57 - [MESSAGE][NOT_RUN] - NOT_RUN: verifyElementText(findTestObject("TF_Customer_Create/3_Common_Action_Buttons/Verify_Success_Message/Success_Message"), "Record has been saved successfully.", CONTINUE_ON_FAILURE)

2019-01-18 20:34:57 - [TEST_STEP][NOT_RUN] - click(findTestObject("TF_Customer_Create/3_Common_Action_Buttons/Click_Data_Tab/span_Data_Tab")): NOT_RUN: click(findTestObject("TF_Customer_Create/3_Common_Action_Buttons/Click_Data_Tab/span_Data_Tab"))

2019-01-18 20:34:57 - [MESSAGE][NOT_RUN] - NOT_RUN: click(findTestObject("TF_Customer_Create/3_Common_Action_Buttons/Click_Data_Tab/span_Data_Tab"))

2019-01-18 20:34:57 - [TEST_STEP][NOT_RUN] - delay(1): NOT_RUN: delay(1)

2019-01-18 20:34:57 - [MESSAGE][NOT_RUN] - NOT_RUN: delay(1)

2019-01-18 20:34:57 - [TEST_STEP][NOT_RUN] - click(findTestObject("TF_Customer_Create/3_Common_Action_Buttons/Click_Close_Button/btn_Close")): NOT_RUN: click(findTestObject("TF_Customer_Create/3_Common_Action_Buttons/Click_Close_Button/btn_Close"))

2019-01-18 20:34:57 - [MESSAGE][NOT_RUN] - NOT_RUN: click(findTestObject("TF_Customer_Create/3_Common_Action_Buttons/Click_Close_Button/btn_Close"))

2019-01-18 20:34:57 - [TEST_STEP][NOT_RUN] - delay(2): NOT_RUN: delay(2)

2019-01-18 20:34:57 - [MESSAGE][NOT_RUN] - NOT_RUN: delay(2)

2019-01-18 20:34:57 - [TEST_STEP][NOT_RUN] - vrfy_PLA = com.oracledb.regressiontest.verifyPLA(ora_connt, ora_usr, ora_psswrd, ora_schema, plaAcctName): NOT_RUN: vrfy_PLA = com.oracledb.regressiontest.verifyPLA(ora_connt, ora_usr, ora_psswrd, ora_schema, plaAcctName)

2019-01-18 20:34:57 - [MESSAGE][NOT_RUN] - NOT_RUN: vrfy_PLA = com.oracledb.regressiontest.verifyPLA(ora_connt, ora_usr, ora_psswrd, ora_schema, plaAcctName)

2019-01-18 20:34:57 - [TEST_STEP][NOT_RUN] - println("Planning Account Name"): NOT_RUN: println("Planning Account Name")

2019-01-18 20:34:57 - [MESSAGE][NOT_RUN] - NOT_RUN: println("Planning Account Name")

2019-01-18 20:34:57 - [TEST_STEP][NOT_RUN] - verifyEqual(PLANNING_ACCOUNT_NAME, plaAcctName): NOT_RUN: verifyEqual(PLANNING_ACCOUNT_NAME, plaAcctName)

2019-01-18 20:34:57 - [MESSAGE][NOT_RUN] - NOT_RUN: verifyEqual(PLANNING_ACCOUNT_NAME, plaAcctName)]]></system-out>
         <system-err><![CDATA[]]></system-err>
      </testcase>
      <testcase name="Test Cases/Regression_TF_Customer/Create_Record/TC_13_Create_LDI_Vendor_Site" classname="Test Cases/Regression_TF_Customer/Create_Record/TC_13_Create_LDI_Vendor_Site" status="PASSED">
         <system-out><![CDATA[2019-01-18 20:34:57 - [TEST_CASE][PASSED] - Test Cases/Regression_TF_Customer/Create_Record/TC_13_Create_LDI_Vendor_Site: Test Cases/Regression_TF_Customer/Create_Record/TC_13_Create_LDI_Vendor_Site

2019-01-18 20:34:57 - [TEST_STEP][PASSED] - waitForPageLoad(G_Timeout): Wait for page load successfully

2019-01-18 20:34:57 - [MESSAGE][PASSED] - Wait for page load successfully

2019-01-18 20:34:57 - [TEST_STEP][PASSED] - mouseOver(findTestObject("TF_Customer_Create/1_Menu_Navigation_To_Open_All_Pages/0_Menu_Create_In_Data_View")): Object: 'Object Repository/TF_Customer_Create/1_Menu_Navigation_To_Open_All_Pages/0_Menu_Create_In_Data_View' is hovered

2019-01-18 20:34:57 - [MESSAGE][PASSED] - Object: 'Object Repository/TF_Customer_Create/1_Menu_Navigation_To_Open_All_Pages/0_Menu_Create_In_Data_View' is hovered

2019-01-18 20:34:57 - [TEST_STEP][PASSED] - waitForPageLoad(G_Timeout): Wait for page load successfully

2019-01-18 20:34:57 - [MESSAGE][PASSED] - Wait for page load successfully

2019-01-18 20:34:57 - [TEST_STEP][PASSED] - mouseOver(findTestObject("TF_Customer_Create/1_Menu_Navigation_To_Open_All_Pages/1_Menu_Create_Master_Data")): Object: 'Object Repository/TF_Customer_Create/1_Menu_Navigation_To_Open_All_Pages/1_Menu_Create_Master_Data' is hovered

2019-01-18 20:34:57 - [MESSAGE][PASSED] - Object: 'Object Repository/TF_Customer_Create/1_Menu_Navigation_To_Open_All_Pages/1_Menu_Create_Master_Data' is hovered

2019-01-18 20:34:57 - [TEST_STEP][PASSED] - waitForPageLoad(G_Timeout): Wait for page load successfully

2019-01-18 20:34:57 - [MESSAGE][PASSED] - Wait for page load successfully

2019-01-18 20:34:57 - [TEST_STEP][PASSED] - mouseOver(findTestObject("TF_Customer_Create/1_Menu_Navigation_To_Open_All_Pages/3_Planning_Account_Hoverover_Option")): Object: 'Object Repository/TF_Customer_Create/1_Menu_Navigation_To_Open_All_Pages/3_Planning_Account_Hoverover_Option' is hovered

2019-01-18 20:34:57 - [MESSAGE][PASSED] - Object: 'Object Repository/TF_Customer_Create/1_Menu_Navigation_To_Open_All_Pages/3_Planning_Account_Hoverover_Option' is hovered

2019-01-18 20:34:57 - [TEST_STEP][PASSED] - waitForPageLoad(G_Timeout): Wait for page load successfully

2019-01-18 20:34:57 - [MESSAGE][PASSED] - Wait for page load successfully

2019-01-18 20:34:57 - [TEST_STEP][PASSED] - click(findTestObject("TF_Customer_Create/2_Select_Menu_Options(All)/13_LDI_Vendor_Site")): Object: 'Object Repository/TF_Customer_Create/2_Select_Menu_Options(All)/13_LDI_Vendor_Site' is clicked on

2019-01-18 20:34:58 - [MESSAGE][PASSED] - Object: 'Object Repository/TF_Customer_Create/2_Select_Menu_Options(All)/13_LDI_Vendor_Site' is clicked on

2019-01-18 20:34:58 - [TEST_STEP][PASSED] - waitForPageLoad(G_Timeout): Wait for page load successfully

2019-01-18 20:34:58 - [MESSAGE][PASSED] - Wait for page load successfully

2019-01-18 20:34:58 - [TEST_STEP][PASSED] - delay(3): Delayed 3 second(s)

2019-01-18 20:35:01 - [MESSAGE][PASSED] - Delayed 3 second(s)

2019-01-18 20:35:01 - [TEST_STEP][PASSED] - vndSiteName = com.oracledb.regressiontest.genName(15): com.oracledb.regressiontest.genName is PASSED

2019-01-18 20:35:01 - [MESSAGE][PASSED] - com.oracledb.regressiontest.genName is PASSED

2019-01-18 20:35:01 - [TEST_STEP][PASSED] - vndSiteNumber = com.oracledb.regressiontest.genName(12): com.oracledb.regressiontest.genName is PASSED

2019-01-18 20:35:01 - [MESSAGE][PASSED] - com.oracledb.regressiontest.genName is PASSED

2019-01-18 20:35:01 - [TEST_STEP][PASSED] - vndSiteCd = com.oracledb.regressiontest.genName(10): com.oracledb.regressiontest.genName is PASSED

2019-01-18 20:35:01 - [MESSAGE][PASSED] - com.oracledb.regressiontest.genName is PASSED

2019-01-18 20:35:01 - [TEST_STEP][PASSED] - vndSiteCity = com.oracledb.regressiontest.genName(8): com.oracledb.regressiontest.genName is PASSED

2019-01-18 20:35:01 - [MESSAGE][PASSED] - com.oracledb.regressiontest.genName is PASSED

2019-01-18 20:35:01 - [TEST_STEP][PASSED] - vndSitePtlCd = com.oracledb.regressiontest.genName(6): com.oracledb.regressiontest.genName is PASSED

2019-01-18 20:35:01 - [MESSAGE][PASSED] - com.oracledb.regressiontest.genName is PASSED

2019-01-18 20:35:01 - [TEST_STEP][PASSED] - setText(findTestObject("TF_Customer_Create/4_Create_Objects_And_Save/13_Create_LDI_Vendor_Site/Input_Vendor_Site_Name/input_Vendor_Site_Nm"), vndSiteName): Text '5GJT37353XP0TAO' is set on object 'Object Repository/TF_Customer_Create/4_Create_Objects_And_Save/13_Create_LDI_Vendor_Site/Input_Vendor_Site_Name/input_Vendor_Site_Nm'

2019-01-18 20:35:01 - [MESSAGE][PASSED] - Text '5GJT37353XP0TAO' is set on object 'Object Repository/TF_Customer_Create/4_Create_Objects_And_Save/13_Create_LDI_Vendor_Site/Input_Vendor_Site_Name/input_Vendor_Site_Nm'

2019-01-18 20:35:01 - [TEST_STEP][PASSED] - setText(findTestObject("TF_Customer_Create/4_Create_Objects_And_Save/13_Create_LDI_Vendor_Site/Input_Vendor_Site_Name/input_Vendor_Site_Number"), vndSiteNumber): Text '5VZ094SZZLBJ' is set on object 'Object Repository/TF_Customer_Create/4_Create_Objects_And_Save/13_Create_LDI_Vendor_Site/Input_Vendor_Site_Name/input_Vendor_Site_Number'

2019-01-18 20:35:01 - [MESSAGE][PASSED] - Text '5VZ094SZZLBJ' is set on object 'Object Repository/TF_Customer_Create/4_Create_Objects_And_Save/13_Create_LDI_Vendor_Site/Input_Vendor_Site_Name/input_Vendor_Site_Number'

2019-01-18 20:35:01 - [TEST_STEP][PASSED] - setText(findTestObject("TF_Customer_Create/4_Create_Objects_And_Save/13_Create_LDI_Vendor_Site/Input_Vendor_Site_Name/input_Vendor_Site_Cd"), vndSiteCd): Text 'G53XOQIECC' is set on object 'Object Repository/TF_Customer_Create/4_Create_Objects_And_Save/13_Create_LDI_Vendor_Site/Input_Vendor_Site_Name/input_Vendor_Site_Cd'

2019-01-18 20:35:01 - [MESSAGE][PASSED] - Text 'G53XOQIECC' is set on object 'Object Repository/TF_Customer_Create/4_Create_Objects_And_Save/13_Create_LDI_Vendor_Site/Input_Vendor_Site_Name/input_Vendor_Site_Cd'

2019-01-18 20:35:01 - [TEST_STEP][PASSED] - setText(findTestObject("TF_Customer_Create/4_Create_Objects_And_Save/13_Create_LDI_Vendor_Site/Input_Vendor_Site_Name/input_Vendor_Site_City"), vndSiteCity): Text '9VENCD9T' is set on object 'Object Repository/TF_Customer_Create/4_Create_Objects_And_Save/13_Create_LDI_Vendor_Site/Input_Vendor_Site_Name/input_Vendor_Site_City'

2019-01-18 20:35:01 - [MESSAGE][PASSED] - Text '9VENCD9T' is set on object 'Object Repository/TF_Customer_Create/4_Create_Objects_And_Save/13_Create_LDI_Vendor_Site/Input_Vendor_Site_Name/input_Vendor_Site_City'

2019-01-18 20:35:01 - [TEST_STEP][PASSED] - setText(findTestObject("TF_Customer_Create/4_Create_Objects_And_Save/13_Create_LDI_Vendor_Site/Input_Vendor_Site_Name/input_Vendor_Site_Postal_Code"), vndSitePtlCd): Text 'ULP4J8' is set on object 'Object Repository/TF_Customer_Create/4_Create_Objects_And_Save/13_Create_LDI_Vendor_Site/Input_Vendor_Site_Name/input_Vendor_Site_Postal_Code'

2019-01-18 20:35:01 - [MESSAGE][PASSED] - Text 'ULP4J8' is set on object 'Object Repository/TF_Customer_Create/4_Create_Objects_And_Save/13_Create_LDI_Vendor_Site/Input_Vendor_Site_Name/input_Vendor_Site_Postal_Code'

2019-01-18 20:35:01 - [TEST_STEP][PASSED] - setText(findTestObject("TF_Customer_Create/4_Create_Objects_And_Save/13_Create_LDI_Vendor_Site/Input_Vendor_Site_Name/input_Vendor_Site_Inactive_dt"), input_Eff_Dt): Text '18/Jan/2019' is set on object 'Object Repository/TF_Customer_Create/4_Create_Objects_And_Save/13_Create_LDI_Vendor_Site/Input_Vendor_Site_Name/input_Vendor_Site_Inactive_dt'

2019-01-18 20:35:02 - [MESSAGE][PASSED] - Text '18/Jan/2019' is set on object 'Object Repository/TF_Customer_Create/4_Create_Objects_And_Save/13_Create_LDI_Vendor_Site/Input_Vendor_Site_Name/input_Vendor_Site_Inactive_dt'

2019-01-18 20:35:02 - [TEST_STEP][PASSED] - delay(2): Delayed 2 second(s)

2019-01-18 20:35:04 - [MESSAGE][PASSED] - Delayed 2 second(s)

2019-01-18 20:35:04 - [TEST_STEP][PASSED] - click(findTestObject("TF_Customer_Create/3_Common_Action_Buttons/Click_Data_Tab/span_Data_Tab")): Object: 'Object Repository/TF_Customer_Create/3_Common_Action_Buttons/Click_Data_Tab/span_Data_Tab' is clicked on

2019-01-18 20:35:04 - [MESSAGE][PASSED] - Object: 'Object Repository/TF_Customer_Create/3_Common_Action_Buttons/Click_Data_Tab/span_Data_Tab' is clicked on

2019-01-18 20:35:04 - [TEST_STEP][NOT_RUN] - click(findTestObject("TF_Customer_Create/4_Create_Objects_And_Save/Choose_Sales_Org/Click_Sales_Org_DD"), CONTINUE_ON_FAILURE): NOT_RUN: click(findTestObject("TF_Customer_Create/4_Create_Objects_And_Save/Choose_Sales_Org/Click_Sales_Org_DD"), CONTINUE_ON_FAILURE)

2019-01-18 20:35:04 - [MESSAGE][NOT_RUN] - NOT_RUN: click(findTestObject("TF_Customer_Create/4_Create_Objects_And_Save/Choose_Sales_Org/Click_Sales_Org_DD"), CONTINUE_ON_FAILURE)

2019-01-18 20:35:04 - [TEST_STEP][NOT_RUN] - click(findTestObject("TF_Customer_Create/4_Create_Objects_And_Save/Choose_Sales_Org/CA_Object"), CONTINUE_ON_FAILURE): NOT_RUN: click(findTestObject("TF_Customer_Create/4_Create_Objects_And_Save/Choose_Sales_Org/CA_Object"), CONTINUE_ON_FAILURE)

2019-01-18 20:35:04 - [MESSAGE][NOT_RUN] - NOT_RUN: click(findTestObject("TF_Customer_Create/4_Create_Objects_And_Save/Choose_Sales_Org/CA_Object"), CONTINUE_ON_FAILURE)

2019-01-18 20:35:04 - [TEST_STEP][PASSED] - delay(2): Delayed 2 second(s)

2019-01-18 20:35:06 - [MESSAGE][PASSED] - Delayed 2 second(s)

2019-01-18 20:35:06 - [TEST_STEP][PASSED] - click(findTestObject("TF_Customer_Create/3_Common_Action_Buttons/Click_Apply_Button/td_Apply")): Object: 'Object Repository/TF_Customer_Create/3_Common_Action_Buttons/Click_Apply_Button/td_Apply' is clicked on

2019-01-18 20:35:06 - [MESSAGE][PASSED] - Object: 'Object Repository/TF_Customer_Create/3_Common_Action_Buttons/Click_Apply_Button/td_Apply' is clicked on

2019-01-18 20:35:06 - [TEST_STEP][PASSED] - delay(2): Delayed 2 second(s)

2019-01-18 20:35:08 - [MESSAGE][PASSED] - Delayed 2 second(s)

2019-01-18 20:35:08 - [TEST_STEP][PASSED] - click(findTestObject("TF_Customer_Create/3_Common_Action_Buttons/Click_Save_Button/btn_Save")): Object: 'Object Repository/TF_Customer_Create/3_Common_Action_Buttons/Click_Save_Button/btn_Save' is clicked on

2019-01-18 20:35:08 - [MESSAGE][PASSED] - Object: 'Object Repository/TF_Customer_Create/3_Common_Action_Buttons/Click_Save_Button/btn_Save' is clicked on

2019-01-18 20:35:08 - [TEST_STEP][PASSED] - delay(2): Delayed 2 second(s)

2019-01-18 20:35:10 - [MESSAGE][PASSED] - Delayed 2 second(s)

2019-01-18 20:35:10 - [TEST_STEP][NOT_RUN] - verifyElementText(findTestObject("TF_Customer_Create/3_Common_Action_Buttons/Verify_Success_Message/Success_Message"), "Record has been saved successfully.", CONTINUE_ON_FAILURE): NOT_RUN: verifyElementText(findTestObject("TF_Customer_Create/3_Common_Action_Buttons/Verify_Success_Message/Success_Message"), "Record has been saved successfully.", CONTINUE_ON_FAILURE)

2019-01-18 20:35:10 - [MESSAGE][NOT_RUN] - NOT_RUN: verifyElementText(findTestObject("TF_Customer_Create/3_Common_Action_Buttons/Verify_Success_Message/Success_Message"), "Record has been saved successfully.", CONTINUE_ON_FAILURE)

2019-01-18 20:35:10 - [TEST_STEP][NOT_RUN] - click(findTestObject("TF_Customer_Create/3_Common_Action_Buttons/Click_Data_Tab/span_Data_Tab")): NOT_RUN: click(findTestObject("TF_Customer_Create/3_Common_Action_Buttons/Click_Data_Tab/span_Data_Tab"))

2019-01-18 20:35:10 - [MESSAGE][NOT_RUN] - NOT_RUN: click(findTestObject("TF_Customer_Create/3_Common_Action_Buttons/Click_Data_Tab/span_Data_Tab"))

2019-01-18 20:35:10 - [TEST_STEP][NOT_RUN] - delay(1): NOT_RUN: delay(1)

2019-01-18 20:35:10 - [MESSAGE][NOT_RUN] - NOT_RUN: delay(1)

2019-01-18 20:35:10 - [TEST_STEP][NOT_RUN] - click(findTestObject("TF_Customer_Create/3_Common_Action_Buttons/Click_Close_Button/btn_Close")): NOT_RUN: click(findTestObject("TF_Customer_Create/3_Common_Action_Buttons/Click_Close_Button/btn_Close"))

2019-01-18 20:35:10 - [MESSAGE][NOT_RUN] - NOT_RUN: click(findTestObject("TF_Customer_Create/3_Common_Action_Buttons/Click_Close_Button/btn_Close"))

2019-01-18 20:35:10 - [TEST_STEP][NOT_RUN] - delay(2): NOT_RUN: delay(2)

2019-01-18 20:35:10 - [MESSAGE][NOT_RUN] - NOT_RUN: delay(2)

2019-01-18 20:35:10 - [TEST_STEP][NOT_RUN] - vrfy_PLA = com.oracledb.regressiontest.verifyPLA(ora_connt, ora_usr, ora_psswrd, ora_schema, plaAcctName): NOT_RUN: vrfy_PLA = com.oracledb.regressiontest.verifyPLA(ora_connt, ora_usr, ora_psswrd, ora_schema, plaAcctName)

2019-01-18 20:35:10 - [MESSAGE][NOT_RUN] - NOT_RUN: vrfy_PLA = com.oracledb.regressiontest.verifyPLA(ora_connt, ora_usr, ora_psswrd, ora_schema, plaAcctName)

2019-01-18 20:35:10 - [TEST_STEP][NOT_RUN] - println("Planning Account Name"): NOT_RUN: println("Planning Account Name")

2019-01-18 20:35:10 - [MESSAGE][NOT_RUN] - NOT_RUN: println("Planning Account Name")

2019-01-18 20:35:10 - [TEST_STEP][NOT_RUN] - verifyEqual(PLANNING_ACCOUNT_NAME, plaAcctName): NOT_RUN: verifyEqual(PLANNING_ACCOUNT_NAME, plaAcctName)

2019-01-18 20:35:10 - [MESSAGE][NOT_RUN] - NOT_RUN: verifyEqual(PLANNING_ACCOUNT_NAME, plaAcctName)]]></system-out>
         <system-err><![CDATA[]]></system-err>
      </testcase>
      <testcase name="Test Cases/Regression_TF_Customer/Create_Record/TC_13_Create_LDI_Vendor_Site" classname="Test Cases/Regression_TF_Customer/Create_Record/TC_13_Create_LDI_Vendor_Site" status="PASSED">
         <system-out><![CDATA[2019-01-18 20:35:10 - [TEST_CASE][PASSED] - Test Cases/Regression_TF_Customer/Create_Record/TC_13_Create_LDI_Vendor_Site: Test Cases/Regression_TF_Customer/Create_Record/TC_13_Create_LDI_Vendor_Site

2019-01-18 20:35:10 - [TEST_STEP][PASSED] - waitForPageLoad(G_Timeout): Wait for page load successfully

2019-01-18 20:35:10 - [MESSAGE][PASSED] - Wait for page load successfully

2019-01-18 20:35:10 - [TEST_STEP][PASSED] - mouseOver(findTestObject("TF_Customer_Create/1_Menu_Navigation_To_Open_All_Pages/0_Menu_Create_In_Data_View")): Object: 'Object Repository/TF_Customer_Create/1_Menu_Navigation_To_Open_All_Pages/0_Menu_Create_In_Data_View' is hovered

2019-01-18 20:35:10 - [MESSAGE][PASSED] - Object: 'Object Repository/TF_Customer_Create/1_Menu_Navigation_To_Open_All_Pages/0_Menu_Create_In_Data_View' is hovered

2019-01-18 20:35:10 - [TEST_STEP][PASSED] - waitForPageLoad(G_Timeout): Wait for page load successfully

2019-01-18 20:35:10 - [MESSAGE][PASSED] - Wait for page load successfully

2019-01-18 20:35:10 - [TEST_STEP][PASSED] - mouseOver(findTestObject("TF_Customer_Create/1_Menu_Navigation_To_Open_All_Pages/1_Menu_Create_Master_Data")): Object: 'Object Repository/TF_Customer_Create/1_Menu_Navigation_To_Open_All_Pages/1_Menu_Create_Master_Data' is hovered

2019-01-18 20:35:10 - [MESSAGE][PASSED] - Object: 'Object Repository/TF_Customer_Create/1_Menu_Navigation_To_Open_All_Pages/1_Menu_Create_Master_Data' is hovered

2019-01-18 20:35:10 - [TEST_STEP][PASSED] - waitForPageLoad(G_Timeout): Wait for page load successfully

2019-01-18 20:35:10 - [MESSAGE][PASSED] - Wait for page load successfully

2019-01-18 20:35:10 - [TEST_STEP][PASSED] - mouseOver(findTestObject("TF_Customer_Create/1_Menu_Navigation_To_Open_All_Pages/3_Planning_Account_Hoverover_Option")): Object: 'Object Repository/TF_Customer_Create/1_Menu_Navigation_To_Open_All_Pages/3_Planning_Account_Hoverover_Option' is hovered

2019-01-18 20:35:11 - [MESSAGE][PASSED] - Object: 'Object Repository/TF_Customer_Create/1_Menu_Navigation_To_Open_All_Pages/3_Planning_Account_Hoverover_Option' is hovered

2019-01-18 20:35:11 - [TEST_STEP][PASSED] - waitForPageLoad(G_Timeout): Wait for page load successfully

2019-01-18 20:35:11 - [MESSAGE][PASSED] - Wait for page load successfully

2019-01-18 20:35:11 - [TEST_STEP][PASSED] - click(findTestObject("TF_Customer_Create/2_Select_Menu_Options(All)/13_LDI_Vendor_Site")): Object: 'Object Repository/TF_Customer_Create/2_Select_Menu_Options(All)/13_LDI_Vendor_Site' is clicked on

2019-01-18 20:35:11 - [MESSAGE][PASSED] - Object: 'Object Repository/TF_Customer_Create/2_Select_Menu_Options(All)/13_LDI_Vendor_Site' is clicked on

2019-01-18 20:35:11 - [TEST_STEP][PASSED] - waitForPageLoad(G_Timeout): Wait for page load successfully

2019-01-18 20:35:11 - [MESSAGE][PASSED] - Wait for page load successfully

2019-01-18 20:35:11 - [TEST_STEP][PASSED] - delay(3): Delayed 3 second(s)

2019-01-18 20:35:14 - [MESSAGE][PASSED] - Delayed 3 second(s)

2019-01-18 20:35:14 - [TEST_STEP][PASSED] - vndSiteName = com.oracledb.regressiontest.genName(15): com.oracledb.regressiontest.genName is PASSED

2019-01-18 20:35:14 - [MESSAGE][PASSED] - com.oracledb.regressiontest.genName is PASSED

2019-01-18 20:35:14 - [TEST_STEP][PASSED] - vndSiteNumber = com.oracledb.regressiontest.genName(12): com.oracledb.regressiontest.genName is PASSED

2019-01-18 20:35:14 - [MESSAGE][PASSED] - com.oracledb.regressiontest.genName is PASSED

2019-01-18 20:35:14 - [TEST_STEP][PASSED] - vndSiteCd = com.oracledb.regressiontest.genName(10): com.oracledb.regressiontest.genName is PASSED

2019-01-18 20:35:14 - [MESSAGE][PASSED] - com.oracledb.regressiontest.genName is PASSED

2019-01-18 20:35:14 - [TEST_STEP][PASSED] - vndSiteCity = com.oracledb.regressiontest.genName(8): com.oracledb.regressiontest.genName is PASSED

2019-01-18 20:35:14 - [MESSAGE][PASSED] - com.oracledb.regressiontest.genName is PASSED

2019-01-18 20:35:14 - [TEST_STEP][PASSED] - vndSitePtlCd = com.oracledb.regressiontest.genName(6): com.oracledb.regressiontest.genName is PASSED

2019-01-18 20:35:14 - [MESSAGE][PASSED] - com.oracledb.regressiontest.genName is PASSED

2019-01-18 20:35:14 - [TEST_STEP][PASSED] - setText(findTestObject("TF_Customer_Create/4_Create_Objects_And_Save/13_Create_LDI_Vendor_Site/Input_Vendor_Site_Name/input_Vendor_Site_Nm"), vndSiteName): Text 'DVKNX27S1QS5R9Q' is set on object 'Object Repository/TF_Customer_Create/4_Create_Objects_And_Save/13_Create_LDI_Vendor_Site/Input_Vendor_Site_Name/input_Vendor_Site_Nm'

2019-01-18 20:35:14 - [MESSAGE][PASSED] - Text 'DVKNX27S1QS5R9Q' is set on object 'Object Repository/TF_Customer_Create/4_Create_Objects_And_Save/13_Create_LDI_Vendor_Site/Input_Vendor_Site_Name/input_Vendor_Site_Nm'

2019-01-18 20:35:14 - [TEST_STEP][PASSED] - setText(findTestObject("TF_Customer_Create/4_Create_Objects_And_Save/13_Create_LDI_Vendor_Site/Input_Vendor_Site_Name/input_Vendor_Site_Number"), vndSiteNumber): Text 'VY09JI5RWCW4' is set on object 'Object Repository/TF_Customer_Create/4_Create_Objects_And_Save/13_Create_LDI_Vendor_Site/Input_Vendor_Site_Name/input_Vendor_Site_Number'

2019-01-18 20:35:14 - [MESSAGE][PASSED] - Text 'VY09JI5RWCW4' is set on object 'Object Repository/TF_Customer_Create/4_Create_Objects_And_Save/13_Create_LDI_Vendor_Site/Input_Vendor_Site_Name/input_Vendor_Site_Number'

2019-01-18 20:35:14 - [TEST_STEP][PASSED] - setText(findTestObject("TF_Customer_Create/4_Create_Objects_And_Save/13_Create_LDI_Vendor_Site/Input_Vendor_Site_Name/input_Vendor_Site_Cd"), vndSiteCd): Text 'V0W9DT5AZF' is set on object 'Object Repository/TF_Customer_Create/4_Create_Objects_And_Save/13_Create_LDI_Vendor_Site/Input_Vendor_Site_Name/input_Vendor_Site_Cd'

2019-01-18 20:35:15 - [MESSAGE][PASSED] - Text 'V0W9DT5AZF' is set on object 'Object Repository/TF_Customer_Create/4_Create_Objects_And_Save/13_Create_LDI_Vendor_Site/Input_Vendor_Site_Name/input_Vendor_Site_Cd'

2019-01-18 20:35:15 - [TEST_STEP][PASSED] - setText(findTestObject("TF_Customer_Create/4_Create_Objects_And_Save/13_Create_LDI_Vendor_Site/Input_Vendor_Site_Name/input_Vendor_Site_City"), vndSiteCity): Text 'XEQKAGXR' is set on object 'Object Repository/TF_Customer_Create/4_Create_Objects_And_Save/13_Create_LDI_Vendor_Site/Input_Vendor_Site_Name/input_Vendor_Site_City'

2019-01-18 20:35:15 - [MESSAGE][PASSED] - Text 'XEQKAGXR' is set on object 'Object Repository/TF_Customer_Create/4_Create_Objects_And_Save/13_Create_LDI_Vendor_Site/Input_Vendor_Site_Name/input_Vendor_Site_City'

2019-01-18 20:35:15 - [TEST_STEP][PASSED] - setText(findTestObject("TF_Customer_Create/4_Create_Objects_And_Save/13_Create_LDI_Vendor_Site/Input_Vendor_Site_Name/input_Vendor_Site_Postal_Code"), vndSitePtlCd): Text 'UKJ8QD' is set on object 'Object Repository/TF_Customer_Create/4_Create_Objects_And_Save/13_Create_LDI_Vendor_Site/Input_Vendor_Site_Name/input_Vendor_Site_Postal_Code'

2019-01-18 20:35:15 - [MESSAGE][PASSED] - Text 'UKJ8QD' is set on object 'Object Repository/TF_Customer_Create/4_Create_Objects_And_Save/13_Create_LDI_Vendor_Site/Input_Vendor_Site_Name/input_Vendor_Site_Postal_Code'

2019-01-18 20:35:15 - [TEST_STEP][PASSED] - setText(findTestObject("TF_Customer_Create/4_Create_Objects_And_Save/13_Create_LDI_Vendor_Site/Input_Vendor_Site_Name/input_Vendor_Site_Inactive_dt"), input_Eff_Dt): Text '18/Jan/2019' is set on object 'Object Repository/TF_Customer_Create/4_Create_Objects_And_Save/13_Create_LDI_Vendor_Site/Input_Vendor_Site_Name/input_Vendor_Site_Inactive_dt'

2019-01-18 20:35:15 - [MESSAGE][PASSED] - Text '18/Jan/2019' is set on object 'Object Repository/TF_Customer_Create/4_Create_Objects_And_Save/13_Create_LDI_Vendor_Site/Input_Vendor_Site_Name/input_Vendor_Site_Inactive_dt'

2019-01-18 20:35:15 - [TEST_STEP][PASSED] - delay(2): Delayed 2 second(s)

2019-01-18 20:35:17 - [MESSAGE][PASSED] - Delayed 2 second(s)

2019-01-18 20:35:17 - [TEST_STEP][PASSED] - click(findTestObject("TF_Customer_Create/3_Common_Action_Buttons/Click_Data_Tab/span_Data_Tab")): Object: 'Object Repository/TF_Customer_Create/3_Common_Action_Buttons/Click_Data_Tab/span_Data_Tab' is clicked on

2019-01-18 20:35:17 - [MESSAGE][PASSED] - Object: 'Object Repository/TF_Customer_Create/3_Common_Action_Buttons/Click_Data_Tab/span_Data_Tab' is clicked on

2019-01-18 20:35:17 - [TEST_STEP][NOT_RUN] - click(findTestObject("TF_Customer_Create/4_Create_Objects_And_Save/Choose_Sales_Org/Click_Sales_Org_DD"), CONTINUE_ON_FAILURE): NOT_RUN: click(findTestObject("TF_Customer_Create/4_Create_Objects_And_Save/Choose_Sales_Org/Click_Sales_Org_DD"), CONTINUE_ON_FAILURE)

2019-01-18 20:35:17 - [MESSAGE][NOT_RUN] - NOT_RUN: click(findTestObject("TF_Customer_Create/4_Create_Objects_And_Save/Choose_Sales_Org/Click_Sales_Org_DD"), CONTINUE_ON_FAILURE)

2019-01-18 20:35:17 - [TEST_STEP][NOT_RUN] - click(findTestObject("TF_Customer_Create/4_Create_Objects_And_Save/Choose_Sales_Org/CA_Object"), CONTINUE_ON_FAILURE): NOT_RUN: click(findTestObject("TF_Customer_Create/4_Create_Objects_And_Save/Choose_Sales_Org/CA_Object"), CONTINUE_ON_FAILURE)

2019-01-18 20:35:17 - [MESSAGE][NOT_RUN] - NOT_RUN: click(findTestObject("TF_Customer_Create/4_Create_Objects_And_Save/Choose_Sales_Org/CA_Object"), CONTINUE_ON_FAILURE)

2019-01-18 20:35:17 - [TEST_STEP][PASSED] - delay(2): Delayed 2 second(s)

2019-01-18 20:35:19 - [MESSAGE][PASSED] - Delayed 2 second(s)

2019-01-18 20:35:19 - [TEST_STEP][PASSED] - click(findTestObject("TF_Customer_Create/3_Common_Action_Buttons/Click_Apply_Button/td_Apply")): Object: 'Object Repository/TF_Customer_Create/3_Common_Action_Buttons/Click_Apply_Button/td_Apply' is clicked on

2019-01-18 20:35:19 - [MESSAGE][PASSED] - Object: 'Object Repository/TF_Customer_Create/3_Common_Action_Buttons/Click_Apply_Button/td_Apply' is clicked on

2019-01-18 20:35:19 - [TEST_STEP][PASSED] - delay(2): Delayed 2 second(s)

2019-01-18 20:35:21 - [MESSAGE][PASSED] - Delayed 2 second(s)

2019-01-18 20:35:21 - [TEST_STEP][PASSED] - click(findTestObject("TF_Customer_Create/3_Common_Action_Buttons/Click_Save_Button/btn_Save")): Object: 'Object Repository/TF_Customer_Create/3_Common_Action_Buttons/Click_Save_Button/btn_Save' is clicked on

2019-01-18 20:35:21 - [MESSAGE][PASSED] - Object: 'Object Repository/TF_Customer_Create/3_Common_Action_Buttons/Click_Save_Button/btn_Save' is clicked on

2019-01-18 20:35:22 - [TEST_STEP][PASSED] - delay(2): Delayed 2 second(s)

2019-01-18 20:35:24 - [MESSAGE][PASSED] - Delayed 2 second(s)

2019-01-18 20:35:24 - [TEST_STEP][NOT_RUN] - verifyElementText(findTestObject("TF_Customer_Create/3_Common_Action_Buttons/Verify_Success_Message/Success_Message"), "Record has been saved successfully.", CONTINUE_ON_FAILURE): NOT_RUN: verifyElementText(findTestObject("TF_Customer_Create/3_Common_Action_Buttons/Verify_Success_Message/Success_Message"), "Record has been saved successfully.", CONTINUE_ON_FAILURE)

2019-01-18 20:35:24 - [MESSAGE][NOT_RUN] - NOT_RUN: verifyElementText(findTestObject("TF_Customer_Create/3_Common_Action_Buttons/Verify_Success_Message/Success_Message"), "Record has been saved successfully.", CONTINUE_ON_FAILURE)

2019-01-18 20:35:24 - [TEST_STEP][NOT_RUN] - click(findTestObject("TF_Customer_Create/3_Common_Action_Buttons/Click_Data_Tab/span_Data_Tab")): NOT_RUN: click(findTestObject("TF_Customer_Create/3_Common_Action_Buttons/Click_Data_Tab/span_Data_Tab"))

2019-01-18 20:35:24 - [MESSAGE][NOT_RUN] - NOT_RUN: click(findTestObject("TF_Customer_Create/3_Common_Action_Buttons/Click_Data_Tab/span_Data_Tab"))

2019-01-18 20:35:24 - [TEST_STEP][NOT_RUN] - delay(1): NOT_RUN: delay(1)

2019-01-18 20:35:24 - [MESSAGE][NOT_RUN] - NOT_RUN: delay(1)

2019-01-18 20:35:24 - [TEST_STEP][NOT_RUN] - click(findTestObject("TF_Customer_Create/3_Common_Action_Buttons/Click_Close_Button/btn_Close")): NOT_RUN: click(findTestObject("TF_Customer_Create/3_Common_Action_Buttons/Click_Close_Button/btn_Close"))

2019-01-18 20:35:24 - [MESSAGE][NOT_RUN] - NOT_RUN: click(findTestObject("TF_Customer_Create/3_Common_Action_Buttons/Click_Close_Button/btn_Close"))

2019-01-18 20:35:24 - [TEST_STEP][NOT_RUN] - delay(2): NOT_RUN: delay(2)

2019-01-18 20:35:24 - [MESSAGE][NOT_RUN] - NOT_RUN: delay(2)

2019-01-18 20:35:24 - [TEST_STEP][NOT_RUN] - vrfy_PLA = com.oracledb.regressiontest.verifyPLA(ora_connt, ora_usr, ora_psswrd, ora_schema, plaAcctName): NOT_RUN: vrfy_PLA = com.oracledb.regressiontest.verifyPLA(ora_connt, ora_usr, ora_psswrd, ora_schema, plaAcctName)

2019-01-18 20:35:24 - [MESSAGE][NOT_RUN] - NOT_RUN: vrfy_PLA = com.oracledb.regressiontest.verifyPLA(ora_connt, ora_usr, ora_psswrd, ora_schema, plaAcctName)

2019-01-18 20:35:24 - [TEST_STEP][NOT_RUN] - println("Planning Account Name"): NOT_RUN: println("Planning Account Name")

2019-01-18 20:35:24 - [MESSAGE][NOT_RUN] - NOT_RUN: println("Planning Account Name")

2019-01-18 20:35:24 - [TEST_STEP][NOT_RUN] - verifyEqual(PLANNING_ACCOUNT_NAME, plaAcctName): NOT_RUN: verifyEqual(PLANNING_ACCOUNT_NAME, plaAcctName)

2019-01-18 20:35:24 - [MESSAGE][NOT_RUN] - NOT_RUN: verifyEqual(PLANNING_ACCOUNT_NAME, plaAcctName)]]></system-out>
         <system-err><![CDATA[]]></system-err>
      </testcase>
      <testcase name="Test Cases/Regression_TF_Customer/Create_Record/TC_13_Create_LDI_Vendor_Site" classname="Test Cases/Regression_TF_Customer/Create_Record/TC_13_Create_LDI_Vendor_Site" status="PASSED">
         <system-out><![CDATA[2019-01-18 20:35:24 - [TEST_CASE][PASSED] - Test Cases/Regression_TF_Customer/Create_Record/TC_13_Create_LDI_Vendor_Site: Test Cases/Regression_TF_Customer/Create_Record/TC_13_Create_LDI_Vendor_Site

2019-01-18 20:35:24 - [TEST_STEP][PASSED] - waitForPageLoad(G_Timeout): Wait for page load successfully

2019-01-18 20:35:24 - [MESSAGE][PASSED] - Wait for page load successfully

2019-01-18 20:35:24 - [TEST_STEP][PASSED] - mouseOver(findTestObject("TF_Customer_Create/1_Menu_Navigation_To_Open_All_Pages/0_Menu_Create_In_Data_View")): Object: 'Object Repository/TF_Customer_Create/1_Menu_Navigation_To_Open_All_Pages/0_Menu_Create_In_Data_View' is hovered

2019-01-18 20:35:24 - [MESSAGE][PASSED] - Object: 'Object Repository/TF_Customer_Create/1_Menu_Navigation_To_Open_All_Pages/0_Menu_Create_In_Data_View' is hovered

2019-01-18 20:35:24 - [TEST_STEP][PASSED] - waitForPageLoad(G_Timeout): Wait for page load successfully

2019-01-18 20:35:24 - [MESSAGE][PASSED] - Wait for page load successfully

2019-01-18 20:35:24 - [TEST_STEP][PASSED] - mouseOver(findTestObject("TF_Customer_Create/1_Menu_Navigation_To_Open_All_Pages/1_Menu_Create_Master_Data")): Object: 'Object Repository/TF_Customer_Create/1_Menu_Navigation_To_Open_All_Pages/1_Menu_Create_Master_Data' is hovered

2019-01-18 20:35:24 - [MESSAGE][PASSED] - Object: 'Object Repository/TF_Customer_Create/1_Menu_Navigation_To_Open_All_Pages/1_Menu_Create_Master_Data' is hovered

2019-01-18 20:35:24 - [TEST_STEP][PASSED] - waitForPageLoad(G_Timeout): Wait for page load successfully

2019-01-18 20:35:24 - [MESSAGE][PASSED] - Wait for page load successfully

2019-01-18 20:35:24 - [TEST_STEP][PASSED] - mouseOver(findTestObject("TF_Customer_Create/1_Menu_Navigation_To_Open_All_Pages/3_Planning_Account_Hoverover_Option")): Object: 'Object Repository/TF_Customer_Create/1_Menu_Navigation_To_Open_All_Pages/3_Planning_Account_Hoverover_Option' is hovered

2019-01-18 20:35:24 - [MESSAGE][PASSED] - Object: 'Object Repository/TF_Customer_Create/1_Menu_Navigation_To_Open_All_Pages/3_Planning_Account_Hoverover_Option' is hovered

2019-01-18 20:35:24 - [TEST_STEP][PASSED] - waitForPageLoad(G_Timeout): Wait for page load successfully

2019-01-18 20:35:24 - [MESSAGE][PASSED] - Wait for page load successfully

2019-01-18 20:35:24 - [TEST_STEP][PASSED] - click(findTestObject("TF_Customer_Create/2_Select_Menu_Options(All)/13_LDI_Vendor_Site")): Object: 'Object Repository/TF_Customer_Create/2_Select_Menu_Options(All)/13_LDI_Vendor_Site' is clicked on

2019-01-18 20:35:24 - [MESSAGE][PASSED] - Object: 'Object Repository/TF_Customer_Create/2_Select_Menu_Options(All)/13_LDI_Vendor_Site' is clicked on

2019-01-18 20:35:24 - [TEST_STEP][PASSED] - waitForPageLoad(G_Timeout): Wait for page load successfully

2019-01-18 20:35:24 - [MESSAGE][PASSED] - Wait for page load successfully

2019-01-18 20:35:24 - [TEST_STEP][PASSED] - delay(3): Delayed 3 second(s)

2019-01-18 20:35:27 - [MESSAGE][PASSED] - Delayed 3 second(s)

2019-01-18 20:35:27 - [TEST_STEP][PASSED] - vndSiteName = com.oracledb.regressiontest.genName(15): com.oracledb.regressiontest.genName is PASSED

2019-01-18 20:35:27 - [MESSAGE][PASSED] - com.oracledb.regressiontest.genName is PASSED

2019-01-18 20:35:27 - [TEST_STEP][PASSED] - vndSiteNumber = com.oracledb.regressiontest.genName(12): com.oracledb.regressiontest.genName is PASSED

2019-01-18 20:35:27 - [MESSAGE][PASSED] - com.oracledb.regressiontest.genName is PASSED

2019-01-18 20:35:27 - [TEST_STEP][PASSED] - vndSiteCd = com.oracledb.regressiontest.genName(10): com.oracledb.regressiontest.genName is PASSED

2019-01-18 20:35:27 - [MESSAGE][PASSED] - com.oracledb.regressiontest.genName is PASSED

2019-01-18 20:35:27 - [TEST_STEP][PASSED] - vndSiteCity = com.oracledb.regressiontest.genName(8): com.oracledb.regressiontest.genName is PASSED

2019-01-18 20:35:27 - [MESSAGE][PASSED] - com.oracledb.regressiontest.genName is PASSED

2019-01-18 20:35:27 - [TEST_STEP][PASSED] - vndSitePtlCd = com.oracledb.regressiontest.genName(6): com.oracledb.regressiontest.genName is PASSED

2019-01-18 20:35:27 - [MESSAGE][PASSED] - com.oracledb.regressiontest.genName is PASSED

2019-01-18 20:35:27 - [TEST_STEP][PASSED] - setText(findTestObject("TF_Customer_Create/4_Create_Objects_And_Save/13_Create_LDI_Vendor_Site/Input_Vendor_Site_Name/input_Vendor_Site_Nm"), vndSiteName): Text '6Z338D26L505O96' is set on object 'Object Repository/TF_Customer_Create/4_Create_Objects_And_Save/13_Create_LDI_Vendor_Site/Input_Vendor_Site_Name/input_Vendor_Site_Nm'

2019-01-18 20:35:27 - [MESSAGE][PASSED] - Text '6Z338D26L505O96' is set on object 'Object Repository/TF_Customer_Create/4_Create_Objects_And_Save/13_Create_LDI_Vendor_Site/Input_Vendor_Site_Name/input_Vendor_Site_Nm'

2019-01-18 20:35:27 - [TEST_STEP][PASSED] - setText(findTestObject("TF_Customer_Create/4_Create_Objects_And_Save/13_Create_LDI_Vendor_Site/Input_Vendor_Site_Name/input_Vendor_Site_Number"), vndSiteNumber): Text '2Q5GL82D113E' is set on object 'Object Repository/TF_Customer_Create/4_Create_Objects_And_Save/13_Create_LDI_Vendor_Site/Input_Vendor_Site_Name/input_Vendor_Site_Number'

2019-01-18 20:35:28 - [MESSAGE][PASSED] - Text '2Q5GL82D113E' is set on object 'Object Repository/TF_Customer_Create/4_Create_Objects_And_Save/13_Create_LDI_Vendor_Site/Input_Vendor_Site_Name/input_Vendor_Site_Number'

2019-01-18 20:35:28 - [TEST_STEP][PASSED] - setText(findTestObject("TF_Customer_Create/4_Create_Objects_And_Save/13_Create_LDI_Vendor_Site/Input_Vendor_Site_Name/input_Vendor_Site_Cd"), vndSiteCd): Text 'XHY5H1ITFW' is set on object 'Object Repository/TF_Customer_Create/4_Create_Objects_And_Save/13_Create_LDI_Vendor_Site/Input_Vendor_Site_Name/input_Vendor_Site_Cd'

2019-01-18 20:35:28 - [MESSAGE][PASSED] - Text 'XHY5H1ITFW' is set on object 'Object Repository/TF_Customer_Create/4_Create_Objects_And_Save/13_Create_LDI_Vendor_Site/Input_Vendor_Site_Name/input_Vendor_Site_Cd'

2019-01-18 20:35:28 - [TEST_STEP][PASSED] - setText(findTestObject("TF_Customer_Create/4_Create_Objects_And_Save/13_Create_LDI_Vendor_Site/Input_Vendor_Site_Name/input_Vendor_Site_City"), vndSiteCity): Text 'D88MV9MD' is set on object 'Object Repository/TF_Customer_Create/4_Create_Objects_And_Save/13_Create_LDI_Vendor_Site/Input_Vendor_Site_Name/input_Vendor_Site_City'

2019-01-18 20:35:28 - [MESSAGE][PASSED] - Text 'D88MV9MD' is set on object 'Object Repository/TF_Customer_Create/4_Create_Objects_And_Save/13_Create_LDI_Vendor_Site/Input_Vendor_Site_Name/input_Vendor_Site_City'

2019-01-18 20:35:28 - [TEST_STEP][PASSED] - setText(findTestObject("TF_Customer_Create/4_Create_Objects_And_Save/13_Create_LDI_Vendor_Site/Input_Vendor_Site_Name/input_Vendor_Site_Postal_Code"), vndSitePtlCd): Text 'FAITLJ' is set on object 'Object Repository/TF_Customer_Create/4_Create_Objects_And_Save/13_Create_LDI_Vendor_Site/Input_Vendor_Site_Name/input_Vendor_Site_Postal_Code'

2019-01-18 20:35:28 - [MESSAGE][PASSED] - Text 'FAITLJ' is set on object 'Object Repository/TF_Customer_Create/4_Create_Objects_And_Save/13_Create_LDI_Vendor_Site/Input_Vendor_Site_Name/input_Vendor_Site_Postal_Code'

2019-01-18 20:35:28 - [TEST_STEP][PASSED] - setText(findTestObject("TF_Customer_Create/4_Create_Objects_And_Save/13_Create_LDI_Vendor_Site/Input_Vendor_Site_Name/input_Vendor_Site_Inactive_dt"), input_Eff_Dt): Text '18/Jan/2019' is set on object 'Object Repository/TF_Customer_Create/4_Create_Objects_And_Save/13_Create_LDI_Vendor_Site/Input_Vendor_Site_Name/input_Vendor_Site_Inactive_dt'

2019-01-18 20:35:28 - [MESSAGE][PASSED] - Text '18/Jan/2019' is set on object 'Object Repository/TF_Customer_Create/4_Create_Objects_And_Save/13_Create_LDI_Vendor_Site/Input_Vendor_Site_Name/input_Vendor_Site_Inactive_dt'

2019-01-18 20:35:28 - [TEST_STEP][PASSED] - delay(2): Delayed 2 second(s)

2019-01-18 20:35:30 - [MESSAGE][PASSED] - Delayed 2 second(s)

2019-01-18 20:35:30 - [TEST_STEP][PASSED] - click(findTestObject("TF_Customer_Create/3_Common_Action_Buttons/Click_Data_Tab/span_Data_Tab")): Object: 'Object Repository/TF_Customer_Create/3_Common_Action_Buttons/Click_Data_Tab/span_Data_Tab' is clicked on

2019-01-18 20:35:30 - [MESSAGE][PASSED] - Object: 'Object Repository/TF_Customer_Create/3_Common_Action_Buttons/Click_Data_Tab/span_Data_Tab' is clicked on

2019-01-18 20:35:30 - [TEST_STEP][NOT_RUN] - click(findTestObject("TF_Customer_Create/4_Create_Objects_And_Save/Choose_Sales_Org/Click_Sales_Org_DD"), CONTINUE_ON_FAILURE): NOT_RUN: click(findTestObject("TF_Customer_Create/4_Create_Objects_And_Save/Choose_Sales_Org/Click_Sales_Org_DD"), CONTINUE_ON_FAILURE)

2019-01-18 20:35:30 - [MESSAGE][NOT_RUN] - NOT_RUN: click(findTestObject("TF_Customer_Create/4_Create_Objects_And_Save/Choose_Sales_Org/Click_Sales_Org_DD"), CONTINUE_ON_FAILURE)

2019-01-18 20:35:30 - [TEST_STEP][NOT_RUN] - click(findTestObject("TF_Customer_Create/4_Create_Objects_And_Save/Choose_Sales_Org/CA_Object"), CONTINUE_ON_FAILURE): NOT_RUN: click(findTestObject("TF_Customer_Create/4_Create_Objects_And_Save/Choose_Sales_Org/CA_Object"), CONTINUE_ON_FAILURE)

2019-01-18 20:35:30 - [MESSAGE][NOT_RUN] - NOT_RUN: click(findTestObject("TF_Customer_Create/4_Create_Objects_And_Save/Choose_Sales_Org/CA_Object"), CONTINUE_ON_FAILURE)

2019-01-18 20:35:30 - [TEST_STEP][PASSED] - delay(2): Delayed 2 second(s)

2019-01-18 20:35:32 - [MESSAGE][PASSED] - Delayed 2 second(s)

2019-01-18 20:35:32 - [TEST_STEP][PASSED] - click(findTestObject("TF_Customer_Create/3_Common_Action_Buttons/Click_Apply_Button/td_Apply")): Object: 'Object Repository/TF_Customer_Create/3_Common_Action_Buttons/Click_Apply_Button/td_Apply' is clicked on

2019-01-18 20:35:32 - [MESSAGE][PASSED] - Object: 'Object Repository/TF_Customer_Create/3_Common_Action_Buttons/Click_Apply_Button/td_Apply' is clicked on

2019-01-18 20:35:32 - [TEST_STEP][PASSED] - delay(2): Delayed 2 second(s)

2019-01-18 20:35:34 - [MESSAGE][PASSED] - Delayed 2 second(s)

2019-01-18 20:35:34 - [TEST_STEP][PASSED] - click(findTestObject("TF_Customer_Create/3_Common_Action_Buttons/Click_Save_Button/btn_Save")): Object: 'Object Repository/TF_Customer_Create/3_Common_Action_Buttons/Click_Save_Button/btn_Save' is clicked on

2019-01-18 20:35:34 - [MESSAGE][PASSED] - Object: 'Object Repository/TF_Customer_Create/3_Common_Action_Buttons/Click_Save_Button/btn_Save' is clicked on

2019-01-18 20:35:34 - [TEST_STEP][PASSED] - delay(2): Delayed 2 second(s)

2019-01-18 20:35:36 - [MESSAGE][PASSED] - Delayed 2 second(s)

2019-01-18 20:35:36 - [TEST_STEP][NOT_RUN] - verifyElementText(findTestObject("TF_Customer_Create/3_Common_Action_Buttons/Verify_Success_Message/Success_Message"), "Record has been saved successfully.", CONTINUE_ON_FAILURE): NOT_RUN: verifyElementText(findTestObject("TF_Customer_Create/3_Common_Action_Buttons/Verify_Success_Message/Success_Message"), "Record has been saved successfully.", CONTINUE_ON_FAILURE)

2019-01-18 20:35:36 - [MESSAGE][NOT_RUN] - NOT_RUN: verifyElementText(findTestObject("TF_Customer_Create/3_Common_Action_Buttons/Verify_Success_Message/Success_Message"), "Record has been saved successfully.", CONTINUE_ON_FAILURE)

2019-01-18 20:35:36 - [TEST_STEP][NOT_RUN] - click(findTestObject("TF_Customer_Create/3_Common_Action_Buttons/Click_Data_Tab/span_Data_Tab")): NOT_RUN: click(findTestObject("TF_Customer_Create/3_Common_Action_Buttons/Click_Data_Tab/span_Data_Tab"))

2019-01-18 20:35:36 - [MESSAGE][NOT_RUN] - NOT_RUN: click(findTestObject("TF_Customer_Create/3_Common_Action_Buttons/Click_Data_Tab/span_Data_Tab"))

2019-01-18 20:35:36 - [TEST_STEP][NOT_RUN] - delay(1): NOT_RUN: delay(1)

2019-01-18 20:35:36 - [MESSAGE][NOT_RUN] - NOT_RUN: delay(1)

2019-01-18 20:35:36 - [TEST_STEP][NOT_RUN] - click(findTestObject("TF_Customer_Create/3_Common_Action_Buttons/Click_Close_Button/btn_Close")): NOT_RUN: click(findTestObject("TF_Customer_Create/3_Common_Action_Buttons/Click_Close_Button/btn_Close"))

2019-01-18 20:35:36 - [MESSAGE][NOT_RUN] - NOT_RUN: click(findTestObject("TF_Customer_Create/3_Common_Action_Buttons/Click_Close_Button/btn_Close"))

2019-01-18 20:35:36 - [TEST_STEP][NOT_RUN] - delay(2): NOT_RUN: delay(2)

2019-01-18 20:35:36 - [MESSAGE][NOT_RUN] - NOT_RUN: delay(2)

2019-01-18 20:35:36 - [TEST_STEP][NOT_RUN] - vrfy_PLA = com.oracledb.regressiontest.verifyPLA(ora_connt, ora_usr, ora_psswrd, ora_schema, plaAcctName): NOT_RUN: vrfy_PLA = com.oracledb.regressiontest.verifyPLA(ora_connt, ora_usr, ora_psswrd, ora_schema, plaAcctName)

2019-01-18 20:35:36 - [MESSAGE][NOT_RUN] - NOT_RUN: vrfy_PLA = com.oracledb.regressiontest.verifyPLA(ora_connt, ora_usr, ora_psswrd, ora_schema, plaAcctName)

2019-01-18 20:35:36 - [TEST_STEP][NOT_RUN] - println("Planning Account Name"): NOT_RUN: println("Planning Account Name")

2019-01-18 20:35:36 - [MESSAGE][NOT_RUN] - NOT_RUN: println("Planning Account Name")

2019-01-18 20:35:36 - [TEST_STEP][NOT_RUN] - verifyEqual(PLANNING_ACCOUNT_NAME, plaAcctName): NOT_RUN: verifyEqual(PLANNING_ACCOUNT_NAME, plaAcctName)

2019-01-18 20:35:36 - [MESSAGE][NOT_RUN] - NOT_RUN: verifyEqual(PLANNING_ACCOUNT_NAME, plaAcctName)]]></system-out>
         <system-err><![CDATA[]]></system-err>
      </testcase>
      <testcase name="Test Cases/Regression_TF_Customer/Create_Record/TC_13_Create_LDI_Vendor_Site" classname="Test Cases/Regression_TF_Customer/Create_Record/TC_13_Create_LDI_Vendor_Site" status="PASSED">
         <system-out><![CDATA[2019-01-18 20:35:36 - [TEST_CASE][PASSED] - Test Cases/Regression_TF_Customer/Create_Record/TC_13_Create_LDI_Vendor_Site: Test Cases/Regression_TF_Customer/Create_Record/TC_13_Create_LDI_Vendor_Site

2019-01-18 20:35:37 - [TEST_STEP][PASSED] - waitForPageLoad(G_Timeout): Wait for page load successfully

2019-01-18 20:35:37 - [MESSAGE][PASSED] - Wait for page load successfully

2019-01-18 20:35:37 - [TEST_STEP][PASSED] - mouseOver(findTestObject("TF_Customer_Create/1_Menu_Navigation_To_Open_All_Pages/0_Menu_Create_In_Data_View")): Object: 'Object Repository/TF_Customer_Create/1_Menu_Navigation_To_Open_All_Pages/0_Menu_Create_In_Data_View' is hovered

2019-01-18 20:35:37 - [MESSAGE][PASSED] - Object: 'Object Repository/TF_Customer_Create/1_Menu_Navigation_To_Open_All_Pages/0_Menu_Create_In_Data_View' is hovered

2019-01-18 20:35:37 - [TEST_STEP][PASSED] - waitForPageLoad(G_Timeout): Wait for page load successfully

2019-01-18 20:35:37 - [MESSAGE][PASSED] - Wait for page load successfully

2019-01-18 20:35:37 - [TEST_STEP][PASSED] - mouseOver(findTestObject("TF_Customer_Create/1_Menu_Navigation_To_Open_All_Pages/1_Menu_Create_Master_Data")): Object: 'Object Repository/TF_Customer_Create/1_Menu_Navigation_To_Open_All_Pages/1_Menu_Create_Master_Data' is hovered

2019-01-18 20:35:37 - [MESSAGE][PASSED] - Object: 'Object Repository/TF_Customer_Create/1_Menu_Navigation_To_Open_All_Pages/1_Menu_Create_Master_Data' is hovered

2019-01-18 20:35:37 - [TEST_STEP][PASSED] - waitForPageLoad(G_Timeout): Wait for page load successfully

2019-01-18 20:35:37 - [MESSAGE][PASSED] - Wait for page load successfully

2019-01-18 20:35:37 - [TEST_STEP][PASSED] - mouseOver(findTestObject("TF_Customer_Create/1_Menu_Navigation_To_Open_All_Pages/3_Planning_Account_Hoverover_Option")): Object: 'Object Repository/TF_Customer_Create/1_Menu_Navigation_To_Open_All_Pages/3_Planning_Account_Hoverover_Option' is hovered

2019-01-18 20:35:37 - [MESSAGE][PASSED] - Object: 'Object Repository/TF_Customer_Create/1_Menu_Navigation_To_Open_All_Pages/3_Planning_Account_Hoverover_Option' is hovered

2019-01-18 20:35:37 - [TEST_STEP][PASSED] - waitForPageLoad(G_Timeout): Wait for page load successfully

2019-01-18 20:35:37 - [MESSAGE][PASSED] - Wait for page load successfully

2019-01-18 20:35:37 - [TEST_STEP][PASSED] - click(findTestObject("TF_Customer_Create/2_Select_Menu_Options(All)/13_LDI_Vendor_Site")): Object: 'Object Repository/TF_Customer_Create/2_Select_Menu_Options(All)/13_LDI_Vendor_Site' is clicked on

2019-01-18 20:35:37 - [MESSAGE][PASSED] - Object: 'Object Repository/TF_Customer_Create/2_Select_Menu_Options(All)/13_LDI_Vendor_Site' is clicked on

2019-01-18 20:35:37 - [TEST_STEP][PASSED] - waitForPageLoad(G_Timeout): Wait for page load successfully

2019-01-18 20:35:37 - [MESSAGE][PASSED] - Wait for page load successfully

2019-01-18 20:35:37 - [TEST_STEP][PASSED] - delay(3): Delayed 3 second(s)

2019-01-18 20:35:40 - [MESSAGE][PASSED] - Delayed 3 second(s)

2019-01-18 20:35:40 - [TEST_STEP][PASSED] - vndSiteName = com.oracledb.regressiontest.genName(15): com.oracledb.regressiontest.genName is PASSED

2019-01-18 20:35:40 - [MESSAGE][PASSED] - com.oracledb.regressiontest.genName is PASSED

2019-01-18 20:35:40 - [TEST_STEP][PASSED] - vndSiteNumber = com.oracledb.regressiontest.genName(12): com.oracledb.regressiontest.genName is PASSED

2019-01-18 20:35:40 - [MESSAGE][PASSED] - com.oracledb.regressiontest.genName is PASSED

2019-01-18 20:35:40 - [TEST_STEP][PASSED] - vndSiteCd = com.oracledb.regressiontest.genName(10): com.oracledb.regressiontest.genName is PASSED

2019-01-18 20:35:40 - [MESSAGE][PASSED] - com.oracledb.regressiontest.genName is PASSED

2019-01-18 20:35:40 - [TEST_STEP][PASSED] - vndSiteCity = com.oracledb.regressiontest.genName(8): com.oracledb.regressiontest.genName is PASSED

2019-01-18 20:35:40 - [MESSAGE][PASSED] - com.oracledb.regressiontest.genName is PASSED

2019-01-18 20:35:40 - [TEST_STEP][PASSED] - vndSitePtlCd = com.oracledb.regressiontest.genName(6): com.oracledb.regressiontest.genName is PASSED

2019-01-18 20:35:40 - [MESSAGE][PASSED] - com.oracledb.regressiontest.genName is PASSED

2019-01-18 20:35:40 - [TEST_STEP][PASSED] - setText(findTestObject("TF_Customer_Create/4_Create_Objects_And_Save/13_Create_LDI_Vendor_Site/Input_Vendor_Site_Name/input_Vendor_Site_Nm"), vndSiteName): Text '94QHU8B3QZXAU6A' is set on object 'Object Repository/TF_Customer_Create/4_Create_Objects_And_Save/13_Create_LDI_Vendor_Site/Input_Vendor_Site_Name/input_Vendor_Site_Nm'

2019-01-18 20:35:40 - [MESSAGE][PASSED] - Text '94QHU8B3QZXAU6A' is set on object 'Object Repository/TF_Customer_Create/4_Create_Objects_And_Save/13_Create_LDI_Vendor_Site/Input_Vendor_Site_Name/input_Vendor_Site_Nm'

2019-01-18 20:35:40 - [TEST_STEP][PASSED] - setText(findTestObject("TF_Customer_Create/4_Create_Objects_And_Save/13_Create_LDI_Vendor_Site/Input_Vendor_Site_Name/input_Vendor_Site_Number"), vndSiteNumber): Text 'N66NQCIQ7MPZ' is set on object 'Object Repository/TF_Customer_Create/4_Create_Objects_And_Save/13_Create_LDI_Vendor_Site/Input_Vendor_Site_Name/input_Vendor_Site_Number'

2019-01-18 20:35:40 - [MESSAGE][PASSED] - Text 'N66NQCIQ7MPZ' is set on object 'Object Repository/TF_Customer_Create/4_Create_Objects_And_Save/13_Create_LDI_Vendor_Site/Input_Vendor_Site_Name/input_Vendor_Site_Number'

2019-01-18 20:35:40 - [TEST_STEP][PASSED] - setText(findTestObject("TF_Customer_Create/4_Create_Objects_And_Save/13_Create_LDI_Vendor_Site/Input_Vendor_Site_Name/input_Vendor_Site_Cd"), vndSiteCd): Text 'T81THJRVKF' is set on object 'Object Repository/TF_Customer_Create/4_Create_Objects_And_Save/13_Create_LDI_Vendor_Site/Input_Vendor_Site_Name/input_Vendor_Site_Cd'

2019-01-18 20:35:41 - [MESSAGE][PASSED] - Text 'T81THJRVKF' is set on object 'Object Repository/TF_Customer_Create/4_Create_Objects_And_Save/13_Create_LDI_Vendor_Site/Input_Vendor_Site_Name/input_Vendor_Site_Cd'

2019-01-18 20:35:41 - [TEST_STEP][PASSED] - setText(findTestObject("TF_Customer_Create/4_Create_Objects_And_Save/13_Create_LDI_Vendor_Site/Input_Vendor_Site_Name/input_Vendor_Site_City"), vndSiteCity): Text 'BCZWBEXV' is set on object 'Object Repository/TF_Customer_Create/4_Create_Objects_And_Save/13_Create_LDI_Vendor_Site/Input_Vendor_Site_Name/input_Vendor_Site_City'

2019-01-18 20:35:41 - [MESSAGE][PASSED] - Text 'BCZWBEXV' is set on object 'Object Repository/TF_Customer_Create/4_Create_Objects_And_Save/13_Create_LDI_Vendor_Site/Input_Vendor_Site_Name/input_Vendor_Site_City'

2019-01-18 20:35:41 - [TEST_STEP][PASSED] - setText(findTestObject("TF_Customer_Create/4_Create_Objects_And_Save/13_Create_LDI_Vendor_Site/Input_Vendor_Site_Name/input_Vendor_Site_Postal_Code"), vndSitePtlCd): Text 'QOUI0I' is set on object 'Object Repository/TF_Customer_Create/4_Create_Objects_And_Save/13_Create_LDI_Vendor_Site/Input_Vendor_Site_Name/input_Vendor_Site_Postal_Code'

2019-01-18 20:35:41 - [MESSAGE][PASSED] - Text 'QOUI0I' is set on object 'Object Repository/TF_Customer_Create/4_Create_Objects_And_Save/13_Create_LDI_Vendor_Site/Input_Vendor_Site_Name/input_Vendor_Site_Postal_Code'

2019-01-18 20:35:41 - [TEST_STEP][PASSED] - setText(findTestObject("TF_Customer_Create/4_Create_Objects_And_Save/13_Create_LDI_Vendor_Site/Input_Vendor_Site_Name/input_Vendor_Site_Inactive_dt"), input_Eff_Dt): Text '18/Jan/2019' is set on object 'Object Repository/TF_Customer_Create/4_Create_Objects_And_Save/13_Create_LDI_Vendor_Site/Input_Vendor_Site_Name/input_Vendor_Site_Inactive_dt'

2019-01-18 20:35:41 - [MESSAGE][PASSED] - Text '18/Jan/2019' is set on object 'Object Repository/TF_Customer_Create/4_Create_Objects_And_Save/13_Create_LDI_Vendor_Site/Input_Vendor_Site_Name/input_Vendor_Site_Inactive_dt'

2019-01-18 20:35:41 - [TEST_STEP][PASSED] - delay(2): Delayed 2 second(s)

2019-01-18 20:35:43 - [MESSAGE][PASSED] - Delayed 2 second(s)

2019-01-18 20:35:43 - [TEST_STEP][PASSED] - click(findTestObject("TF_Customer_Create/3_Common_Action_Buttons/Click_Data_Tab/span_Data_Tab")): Object: 'Object Repository/TF_Customer_Create/3_Common_Action_Buttons/Click_Data_Tab/span_Data_Tab' is clicked on

2019-01-18 20:35:43 - [MESSAGE][PASSED] - Object: 'Object Repository/TF_Customer_Create/3_Common_Action_Buttons/Click_Data_Tab/span_Data_Tab' is clicked on

2019-01-18 20:35:43 - [TEST_STEP][NOT_RUN] - click(findTestObject("TF_Customer_Create/4_Create_Objects_And_Save/Choose_Sales_Org/Click_Sales_Org_DD"), CONTINUE_ON_FAILURE): NOT_RUN: click(findTestObject("TF_Customer_Create/4_Create_Objects_And_Save/Choose_Sales_Org/Click_Sales_Org_DD"), CONTINUE_ON_FAILURE)

2019-01-18 20:35:43 - [MESSAGE][NOT_RUN] - NOT_RUN: click(findTestObject("TF_Customer_Create/4_Create_Objects_And_Save/Choose_Sales_Org/Click_Sales_Org_DD"), CONTINUE_ON_FAILURE)

2019-01-18 20:35:43 - [TEST_STEP][NOT_RUN] - click(findTestObject("TF_Customer_Create/4_Create_Objects_And_Save/Choose_Sales_Org/CA_Object"), CONTINUE_ON_FAILURE): NOT_RUN: click(findTestObject("TF_Customer_Create/4_Create_Objects_And_Save/Choose_Sales_Org/CA_Object"), CONTINUE_ON_FAILURE)

2019-01-18 20:35:43 - [MESSAGE][NOT_RUN] - NOT_RUN: click(findTestObject("TF_Customer_Create/4_Create_Objects_And_Save/Choose_Sales_Org/CA_Object"), CONTINUE_ON_FAILURE)

2019-01-18 20:35:43 - [TEST_STEP][PASSED] - delay(2): Delayed 2 second(s)

2019-01-18 20:35:45 - [MESSAGE][PASSED] - Delayed 2 second(s)

2019-01-18 20:35:45 - [TEST_STEP][PASSED] - click(findTestObject("TF_Customer_Create/3_Common_Action_Buttons/Click_Apply_Button/td_Apply")): Object: 'Object Repository/TF_Customer_Create/3_Common_Action_Buttons/Click_Apply_Button/td_Apply' is clicked on

2019-01-18 20:35:45 - [MESSAGE][PASSED] - Object: 'Object Repository/TF_Customer_Create/3_Common_Action_Buttons/Click_Apply_Button/td_Apply' is clicked on

2019-01-18 20:35:45 - [TEST_STEP][PASSED] - delay(2): Delayed 2 second(s)

2019-01-18 20:35:47 - [MESSAGE][PASSED] - Delayed 2 second(s)

2019-01-18 20:35:47 - [TEST_STEP][PASSED] - click(findTestObject("TF_Customer_Create/3_Common_Action_Buttons/Click_Save_Button/btn_Save")): Object: 'Object Repository/TF_Customer_Create/3_Common_Action_Buttons/Click_Save_Button/btn_Save' is clicked on

2019-01-18 20:35:47 - [MESSAGE][PASSED] - Object: 'Object Repository/TF_Customer_Create/3_Common_Action_Buttons/Click_Save_Button/btn_Save' is clicked on

2019-01-18 20:35:47 - [TEST_STEP][PASSED] - delay(2): Delayed 2 second(s)

2019-01-18 20:35:49 - [MESSAGE][PASSED] - Delayed 2 second(s)

2019-01-18 20:35:49 - [TEST_STEP][NOT_RUN] - verifyElementText(findTestObject("TF_Customer_Create/3_Common_Action_Buttons/Verify_Success_Message/Success_Message"), "Record has been saved successfully.", CONTINUE_ON_FAILURE): NOT_RUN: verifyElementText(findTestObject("TF_Customer_Create/3_Common_Action_Buttons/Verify_Success_Message/Success_Message"), "Record has been saved successfully.", CONTINUE_ON_FAILURE)

2019-01-18 20:35:49 - [MESSAGE][NOT_RUN] - NOT_RUN: verifyElementText(findTestObject("TF_Customer_Create/3_Common_Action_Buttons/Verify_Success_Message/Success_Message"), "Record has been saved successfully.", CONTINUE_ON_FAILURE)

2019-01-18 20:35:49 - [TEST_STEP][NOT_RUN] - click(findTestObject("TF_Customer_Create/3_Common_Action_Buttons/Click_Data_Tab/span_Data_Tab")): NOT_RUN: click(findTestObject("TF_Customer_Create/3_Common_Action_Buttons/Click_Data_Tab/span_Data_Tab"))

2019-01-18 20:35:49 - [MESSAGE][NOT_RUN] - NOT_RUN: click(findTestObject("TF_Customer_Create/3_Common_Action_Buttons/Click_Data_Tab/span_Data_Tab"))

2019-01-18 20:35:49 - [TEST_STEP][NOT_RUN] - delay(1): NOT_RUN: delay(1)

2019-01-18 20:35:49 - [MESSAGE][NOT_RUN] - NOT_RUN: delay(1)

2019-01-18 20:35:49 - [TEST_STEP][NOT_RUN] - click(findTestObject("TF_Customer_Create/3_Common_Action_Buttons/Click_Close_Button/btn_Close")): NOT_RUN: click(findTestObject("TF_Customer_Create/3_Common_Action_Buttons/Click_Close_Button/btn_Close"))

2019-01-18 20:35:49 - [MESSAGE][NOT_RUN] - NOT_RUN: click(findTestObject("TF_Customer_Create/3_Common_Action_Buttons/Click_Close_Button/btn_Close"))

2019-01-18 20:35:49 - [TEST_STEP][NOT_RUN] - delay(2): NOT_RUN: delay(2)

2019-01-18 20:35:49 - [MESSAGE][NOT_RUN] - NOT_RUN: delay(2)

2019-01-18 20:35:49 - [TEST_STEP][NOT_RUN] - vrfy_PLA = com.oracledb.regressiontest.verifyPLA(ora_connt, ora_usr, ora_psswrd, ora_schema, plaAcctName): NOT_RUN: vrfy_PLA = com.oracledb.regressiontest.verifyPLA(ora_connt, ora_usr, ora_psswrd, ora_schema, plaAcctName)

2019-01-18 20:35:49 - [MESSAGE][NOT_RUN] - NOT_RUN: vrfy_PLA = com.oracledb.regressiontest.verifyPLA(ora_connt, ora_usr, ora_psswrd, ora_schema, plaAcctName)

2019-01-18 20:35:49 - [TEST_STEP][NOT_RUN] - println("Planning Account Name"): NOT_RUN: println("Planning Account Name")

2019-01-18 20:35:49 - [MESSAGE][NOT_RUN] - NOT_RUN: println("Planning Account Name")

2019-01-18 20:35:49 - [TEST_STEP][NOT_RUN] - verifyEqual(PLANNING_ACCOUNT_NAME, plaAcctName): NOT_RUN: verifyEqual(PLANNING_ACCOUNT_NAME, plaAcctName)

2019-01-18 20:35:49 - [MESSAGE][NOT_RUN] - NOT_RUN: verifyEqual(PLANNING_ACCOUNT_NAME, plaAcctName)]]></system-out>
         <system-err><![CDATA[]]></system-err>
      </testcase>
      <testcase name="Test Cases/Regression_TF_Customer/Create_Record/TC_13_Create_LDI_Vendor_Site" classname="Test Cases/Regression_TF_Customer/Create_Record/TC_13_Create_LDI_Vendor_Site" status="PASSED">
         <system-out><![CDATA[2019-01-18 20:35:49 - [TEST_CASE][PASSED] - Test Cases/Regression_TF_Customer/Create_Record/TC_13_Create_LDI_Vendor_Site: Test Cases/Regression_TF_Customer/Create_Record/TC_13_Create_LDI_Vendor_Site

2019-01-18 20:35:49 - [TEST_STEP][PASSED] - waitForPageLoad(G_Timeout): Wait for page load successfully

2019-01-18 20:35:49 - [MESSAGE][PASSED] - Wait for page load successfully

2019-01-18 20:35:49 - [TEST_STEP][PASSED] - mouseOver(findTestObject("TF_Customer_Create/1_Menu_Navigation_To_Open_All_Pages/0_Menu_Create_In_Data_View")): Object: 'Object Repository/TF_Customer_Create/1_Menu_Navigation_To_Open_All_Pages/0_Menu_Create_In_Data_View' is hovered

2019-01-18 20:35:49 - [MESSAGE][PASSED] - Object: 'Object Repository/TF_Customer_Create/1_Menu_Navigation_To_Open_All_Pages/0_Menu_Create_In_Data_View' is hovered

2019-01-18 20:35:49 - [TEST_STEP][PASSED] - waitForPageLoad(G_Timeout): Wait for page load successfully

2019-01-18 20:35:49 - [MESSAGE][PASSED] - Wait for page load successfully

2019-01-18 20:35:49 - [TEST_STEP][PASSED] - mouseOver(findTestObject("TF_Customer_Create/1_Menu_Navigation_To_Open_All_Pages/1_Menu_Create_Master_Data")): Object: 'Object Repository/TF_Customer_Create/1_Menu_Navigation_To_Open_All_Pages/1_Menu_Create_Master_Data' is hovered

2019-01-18 20:35:50 - [MESSAGE][PASSED] - Object: 'Object Repository/TF_Customer_Create/1_Menu_Navigation_To_Open_All_Pages/1_Menu_Create_Master_Data' is hovered

2019-01-18 20:35:50 - [TEST_STEP][PASSED] - waitForPageLoad(G_Timeout): Wait for page load successfully

2019-01-18 20:35:50 - [MESSAGE][PASSED] - Wait for page load successfully

2019-01-18 20:35:50 - [TEST_STEP][PASSED] - mouseOver(findTestObject("TF_Customer_Create/1_Menu_Navigation_To_Open_All_Pages/3_Planning_Account_Hoverover_Option")): Object: 'Object Repository/TF_Customer_Create/1_Menu_Navigation_To_Open_All_Pages/3_Planning_Account_Hoverover_Option' is hovered

2019-01-18 20:35:50 - [MESSAGE][PASSED] - Object: 'Object Repository/TF_Customer_Create/1_Menu_Navigation_To_Open_All_Pages/3_Planning_Account_Hoverover_Option' is hovered

2019-01-18 20:35:50 - [TEST_STEP][PASSED] - waitForPageLoad(G_Timeout): Wait for page load successfully

2019-01-18 20:35:50 - [MESSAGE][PASSED] - Wait for page load successfully

2019-01-18 20:35:50 - [TEST_STEP][PASSED] - click(findTestObject("TF_Customer_Create/2_Select_Menu_Options(All)/13_LDI_Vendor_Site")): Object: 'Object Repository/TF_Customer_Create/2_Select_Menu_Options(All)/13_LDI_Vendor_Site' is clicked on

2019-01-18 20:35:50 - [MESSAGE][PASSED] - Object: 'Object Repository/TF_Customer_Create/2_Select_Menu_Options(All)/13_LDI_Vendor_Site' is clicked on

2019-01-18 20:35:50 - [TEST_STEP][PASSED] - waitForPageLoad(G_Timeout): Wait for page load successfully

2019-01-18 20:35:50 - [MESSAGE][PASSED] - Wait for page load successfully

2019-01-18 20:35:50 - [TEST_STEP][PASSED] - delay(3): Delayed 3 second(s)

2019-01-18 20:35:53 - [MESSAGE][PASSED] - Delayed 3 second(s)

2019-01-18 20:35:53 - [TEST_STEP][PASSED] - vndSiteName = com.oracledb.regressiontest.genName(15): com.oracledb.regressiontest.genName is PASSED

2019-01-18 20:35:53 - [MESSAGE][PASSED] - com.oracledb.regressiontest.genName is PASSED

2019-01-18 20:35:53 - [TEST_STEP][PASSED] - vndSiteNumber = com.oracledb.regressiontest.genName(12): com.oracledb.regressiontest.genName is PASSED

2019-01-18 20:35:53 - [MESSAGE][PASSED] - com.oracledb.regressiontest.genName is PASSED

2019-01-18 20:35:53 - [TEST_STEP][PASSED] - vndSiteCd = com.oracledb.regressiontest.genName(10): com.oracledb.regressiontest.genName is PASSED

2019-01-18 20:35:53 - [MESSAGE][PASSED] - com.oracledb.regressiontest.genName is PASSED

2019-01-18 20:35:53 - [TEST_STEP][PASSED] - vndSiteCity = com.oracledb.regressiontest.genName(8): com.oracledb.regressiontest.genName is PASSED

2019-01-18 20:35:53 - [MESSAGE][PASSED] - com.oracledb.regressiontest.genName is PASSED

2019-01-18 20:35:53 - [TEST_STEP][PASSED] - vndSitePtlCd = com.oracledb.regressiontest.genName(6): com.oracledb.regressiontest.genName is PASSED

2019-01-18 20:35:53 - [MESSAGE][PASSED] - com.oracledb.regressiontest.genName is PASSED

2019-01-18 20:35:53 - [TEST_STEP][PASSED] - setText(findTestObject("TF_Customer_Create/4_Create_Objects_And_Save/13_Create_LDI_Vendor_Site/Input_Vendor_Site_Name/input_Vendor_Site_Nm"), vndSiteName): Text 'C3XOKZ8BXM7HH9W' is set on object 'Object Repository/TF_Customer_Create/4_Create_Objects_And_Save/13_Create_LDI_Vendor_Site/Input_Vendor_Site_Name/input_Vendor_Site_Nm'

2019-01-18 20:35:54 - [MESSAGE][PASSED] - Text 'C3XOKZ8BXM7HH9W' is set on object 'Object Repository/TF_Customer_Create/4_Create_Objects_And_Save/13_Create_LDI_Vendor_Site/Input_Vendor_Site_Name/input_Vendor_Site_Nm'

2019-01-18 20:35:54 - [TEST_STEP][PASSED] - setText(findTestObject("TF_Customer_Create/4_Create_Objects_And_Save/13_Create_LDI_Vendor_Site/Input_Vendor_Site_Name/input_Vendor_Site_Number"), vndSiteNumber): Text 'MJP16UHJXCC4' is set on object 'Object Repository/TF_Customer_Create/4_Create_Objects_And_Save/13_Create_LDI_Vendor_Site/Input_Vendor_Site_Name/input_Vendor_Site_Number'

2019-01-18 20:35:54 - [MESSAGE][PASSED] - Text 'MJP16UHJXCC4' is set on object 'Object Repository/TF_Customer_Create/4_Create_Objects_And_Save/13_Create_LDI_Vendor_Site/Input_Vendor_Site_Name/input_Vendor_Site_Number'

2019-01-18 20:35:54 - [TEST_STEP][PASSED] - setText(findTestObject("TF_Customer_Create/4_Create_Objects_And_Save/13_Create_LDI_Vendor_Site/Input_Vendor_Site_Name/input_Vendor_Site_Cd"), vndSiteCd): Text 'HG4VZE5QAJ' is set on object 'Object Repository/TF_Customer_Create/4_Create_Objects_And_Save/13_Create_LDI_Vendor_Site/Input_Vendor_Site_Name/input_Vendor_Site_Cd'

2019-01-18 20:35:54 - [MESSAGE][PASSED] - Text 'HG4VZE5QAJ' is set on object 'Object Repository/TF_Customer_Create/4_Create_Objects_And_Save/13_Create_LDI_Vendor_Site/Input_Vendor_Site_Name/input_Vendor_Site_Cd'

2019-01-18 20:35:54 - [TEST_STEP][PASSED] - setText(findTestObject("TF_Customer_Create/4_Create_Objects_And_Save/13_Create_LDI_Vendor_Site/Input_Vendor_Site_Name/input_Vendor_Site_City"), vndSiteCity): Text 'B1QISRWA' is set on object 'Object Repository/TF_Customer_Create/4_Create_Objects_And_Save/13_Create_LDI_Vendor_Site/Input_Vendor_Site_Name/input_Vendor_Site_City'

2019-01-18 20:35:54 - [MESSAGE][PASSED] - Text 'B1QISRWA' is set on object 'Object Repository/TF_Customer_Create/4_Create_Objects_And_Save/13_Create_LDI_Vendor_Site/Input_Vendor_Site_Name/input_Vendor_Site_City'

2019-01-18 20:35:54 - [TEST_STEP][PASSED] - setText(findTestObject("TF_Customer_Create/4_Create_Objects_And_Save/13_Create_LDI_Vendor_Site/Input_Vendor_Site_Name/input_Vendor_Site_Postal_Code"), vndSitePtlCd): Text 'UQ1NUX' is set on object 'Object Repository/TF_Customer_Create/4_Create_Objects_And_Save/13_Create_LDI_Vendor_Site/Input_Vendor_Site_Name/input_Vendor_Site_Postal_Code'

2019-01-18 20:35:55 - [MESSAGE][PASSED] - Text 'UQ1NUX' is set on object 'Object Repository/TF_Customer_Create/4_Create_Objects_And_Save/13_Create_LDI_Vendor_Site/Input_Vendor_Site_Name/input_Vendor_Site_Postal_Code'

2019-01-18 20:35:55 - [TEST_STEP][PASSED] - setText(findTestObject("TF_Customer_Create/4_Create_Objects_And_Save/13_Create_LDI_Vendor_Site/Input_Vendor_Site_Name/input_Vendor_Site_Inactive_dt"), input_Eff_Dt): Text '18/Jan/2019' is set on object 'Object Repository/TF_Customer_Create/4_Create_Objects_And_Save/13_Create_LDI_Vendor_Site/Input_Vendor_Site_Name/input_Vendor_Site_Inactive_dt'

2019-01-18 20:35:55 - [MESSAGE][PASSED] - Text '18/Jan/2019' is set on object 'Object Repository/TF_Customer_Create/4_Create_Objects_And_Save/13_Create_LDI_Vendor_Site/Input_Vendor_Site_Name/input_Vendor_Site_Inactive_dt'

2019-01-18 20:35:55 - [TEST_STEP][PASSED] - delay(2): Delayed 2 second(s)

2019-01-18 20:35:57 - [MESSAGE][PASSED] - Delayed 2 second(s)

2019-01-18 20:35:57 - [TEST_STEP][PASSED] - click(findTestObject("TF_Customer_Create/3_Common_Action_Buttons/Click_Data_Tab/span_Data_Tab")): Object: 'Object Repository/TF_Customer_Create/3_Common_Action_Buttons/Click_Data_Tab/span_Data_Tab' is clicked on

2019-01-18 20:35:57 - [MESSAGE][PASSED] - Object: 'Object Repository/TF_Customer_Create/3_Common_Action_Buttons/Click_Data_Tab/span_Data_Tab' is clicked on

2019-01-18 20:35:57 - [TEST_STEP][NOT_RUN] - click(findTestObject("TF_Customer_Create/4_Create_Objects_And_Save/Choose_Sales_Org/Click_Sales_Org_DD"), CONTINUE_ON_FAILURE): NOT_RUN: click(findTestObject("TF_Customer_Create/4_Create_Objects_And_Save/Choose_Sales_Org/Click_Sales_Org_DD"), CONTINUE_ON_FAILURE)

2019-01-18 20:35:57 - [MESSAGE][NOT_RUN] - NOT_RUN: click(findTestObject("TF_Customer_Create/4_Create_Objects_And_Save/Choose_Sales_Org/Click_Sales_Org_DD"), CONTINUE_ON_FAILURE)

2019-01-18 20:35:57 - [TEST_STEP][NOT_RUN] - click(findTestObject("TF_Customer_Create/4_Create_Objects_And_Save/Choose_Sales_Org/CA_Object"), CONTINUE_ON_FAILURE): NOT_RUN: click(findTestObject("TF_Customer_Create/4_Create_Objects_And_Save/Choose_Sales_Org/CA_Object"), CONTINUE_ON_FAILURE)

2019-01-18 20:35:57 - [MESSAGE][NOT_RUN] - NOT_RUN: click(findTestObject("TF_Customer_Create/4_Create_Objects_And_Save/Choose_Sales_Org/CA_Object"), CONTINUE_ON_FAILURE)

2019-01-18 20:35:57 - [TEST_STEP][PASSED] - delay(2): Delayed 2 second(s)

2019-01-18 20:35:59 - [MESSAGE][PASSED] - Delayed 2 second(s)

2019-01-18 20:35:59 - [TEST_STEP][PASSED] - click(findTestObject("TF_Customer_Create/3_Common_Action_Buttons/Click_Apply_Button/td_Apply")): Object: 'Object Repository/TF_Customer_Create/3_Common_Action_Buttons/Click_Apply_Button/td_Apply' is clicked on

2019-01-18 20:35:59 - [MESSAGE][PASSED] - Object: 'Object Repository/TF_Customer_Create/3_Common_Action_Buttons/Click_Apply_Button/td_Apply' is clicked on

2019-01-18 20:35:59 - [TEST_STEP][PASSED] - delay(2): Delayed 2 second(s)

2019-01-18 20:36:01 - [MESSAGE][PASSED] - Delayed 2 second(s)

2019-01-18 20:36:01 - [TEST_STEP][PASSED] - click(findTestObject("TF_Customer_Create/3_Common_Action_Buttons/Click_Save_Button/btn_Save")): Object: 'Object Repository/TF_Customer_Create/3_Common_Action_Buttons/Click_Save_Button/btn_Save' is clicked on

2019-01-18 20:36:01 - [MESSAGE][PASSED] - Object: 'Object Repository/TF_Customer_Create/3_Common_Action_Buttons/Click_Save_Button/btn_Save' is clicked on

2019-01-18 20:36:01 - [TEST_STEP][PASSED] - delay(2): Delayed 2 second(s)

2019-01-18 20:36:03 - [MESSAGE][PASSED] - Delayed 2 second(s)

2019-01-18 20:36:03 - [TEST_STEP][NOT_RUN] - verifyElementText(findTestObject("TF_Customer_Create/3_Common_Action_Buttons/Verify_Success_Message/Success_Message"), "Record has been saved successfully.", CONTINUE_ON_FAILURE): NOT_RUN: verifyElementText(findTestObject("TF_Customer_Create/3_Common_Action_Buttons/Verify_Success_Message/Success_Message"), "Record has been saved successfully.", CONTINUE_ON_FAILURE)

2019-01-18 20:36:03 - [MESSAGE][NOT_RUN] - NOT_RUN: verifyElementText(findTestObject("TF_Customer_Create/3_Common_Action_Buttons/Verify_Success_Message/Success_Message"), "Record has been saved successfully.", CONTINUE_ON_FAILURE)

2019-01-18 20:36:03 - [TEST_STEP][NOT_RUN] - click(findTestObject("TF_Customer_Create/3_Common_Action_Buttons/Click_Data_Tab/span_Data_Tab")): NOT_RUN: click(findTestObject("TF_Customer_Create/3_Common_Action_Buttons/Click_Data_Tab/span_Data_Tab"))

2019-01-18 20:36:03 - [MESSAGE][NOT_RUN] - NOT_RUN: click(findTestObject("TF_Customer_Create/3_Common_Action_Buttons/Click_Data_Tab/span_Data_Tab"))

2019-01-18 20:36:03 - [TEST_STEP][NOT_RUN] - delay(1): NOT_RUN: delay(1)

2019-01-18 20:36:03 - [MESSAGE][NOT_RUN] - NOT_RUN: delay(1)

2019-01-18 20:36:03 - [TEST_STEP][NOT_RUN] - click(findTestObject("TF_Customer_Create/3_Common_Action_Buttons/Click_Close_Button/btn_Close")): NOT_RUN: click(findTestObject("TF_Customer_Create/3_Common_Action_Buttons/Click_Close_Button/btn_Close"))

2019-01-18 20:36:03 - [MESSAGE][NOT_RUN] - NOT_RUN: click(findTestObject("TF_Customer_Create/3_Common_Action_Buttons/Click_Close_Button/btn_Close"))

2019-01-18 20:36:03 - [TEST_STEP][NOT_RUN] - delay(2): NOT_RUN: delay(2)

2019-01-18 20:36:03 - [MESSAGE][NOT_RUN] - NOT_RUN: delay(2)

2019-01-18 20:36:03 - [TEST_STEP][NOT_RUN] - vrfy_PLA = com.oracledb.regressiontest.verifyPLA(ora_connt, ora_usr, ora_psswrd, ora_schema, plaAcctName): NOT_RUN: vrfy_PLA = com.oracledb.regressiontest.verifyPLA(ora_connt, ora_usr, ora_psswrd, ora_schema, plaAcctName)

2019-01-18 20:36:03 - [MESSAGE][NOT_RUN] - NOT_RUN: vrfy_PLA = com.oracledb.regressiontest.verifyPLA(ora_connt, ora_usr, ora_psswrd, ora_schema, plaAcctName)

2019-01-18 20:36:03 - [TEST_STEP][NOT_RUN] - println("Planning Account Name"): NOT_RUN: println("Planning Account Name")

2019-01-18 20:36:03 - [MESSAGE][NOT_RUN] - NOT_RUN: println("Planning Account Name")

2019-01-18 20:36:03 - [TEST_STEP][NOT_RUN] - verifyEqual(PLANNING_ACCOUNT_NAME, plaAcctName): NOT_RUN: verifyEqual(PLANNING_ACCOUNT_NAME, plaAcctName)

2019-01-18 20:36:03 - [MESSAGE][NOT_RUN] - NOT_RUN: verifyEqual(PLANNING_ACCOUNT_NAME, plaAcctName)]]></system-out>
         <system-err><![CDATA[]]></system-err>
      </testcase>
      <testcase name="Test Cases/Regression_TF_Customer/Create_Record/TC_13_Create_LDI_Vendor_Site" classname="Test Cases/Regression_TF_Customer/Create_Record/TC_13_Create_LDI_Vendor_Site" status="PASSED">
         <system-out><![CDATA[2019-01-18 20:36:03 - [TEST_CASE][PASSED] - Test Cases/Regression_TF_Customer/Create_Record/TC_13_Create_LDI_Vendor_Site: Test Cases/Regression_TF_Customer/Create_Record/TC_13_Create_LDI_Vendor_Site

2019-01-18 20:36:03 - [TEST_STEP][PASSED] - waitForPageLoad(G_Timeout): Wait for page load successfully

2019-01-18 20:36:03 - [MESSAGE][PASSED] - Wait for page load successfully

2019-01-18 20:36:03 - [TEST_STEP][PASSED] - mouseOver(findTestObject("TF_Customer_Create/1_Menu_Navigation_To_Open_All_Pages/0_Menu_Create_In_Data_View")): Object: 'Object Repository/TF_Customer_Create/1_Menu_Navigation_To_Open_All_Pages/0_Menu_Create_In_Data_View' is hovered

2019-01-18 20:36:03 - [MESSAGE][PASSED] - Object: 'Object Repository/TF_Customer_Create/1_Menu_Navigation_To_Open_All_Pages/0_Menu_Create_In_Data_View' is hovered

2019-01-18 20:36:03 - [TEST_STEP][PASSED] - waitForPageLoad(G_Timeout): Wait for page load successfully

2019-01-18 20:36:03 - [MESSAGE][PASSED] - Wait for page load successfully

2019-01-18 20:36:03 - [TEST_STEP][PASSED] - mouseOver(findTestObject("TF_Customer_Create/1_Menu_Navigation_To_Open_All_Pages/1_Menu_Create_Master_Data")): Object: 'Object Repository/TF_Customer_Create/1_Menu_Navigation_To_Open_All_Pages/1_Menu_Create_Master_Data' is hovered

2019-01-18 20:36:03 - [MESSAGE][PASSED] - Object: 'Object Repository/TF_Customer_Create/1_Menu_Navigation_To_Open_All_Pages/1_Menu_Create_Master_Data' is hovered

2019-01-18 20:36:03 - [TEST_STEP][PASSED] - waitForPageLoad(G_Timeout): Wait for page load successfully

2019-01-18 20:36:03 - [MESSAGE][PASSED] - Wait for page load successfully

2019-01-18 20:36:03 - [TEST_STEP][PASSED] - mouseOver(findTestObject("TF_Customer_Create/1_Menu_Navigation_To_Open_All_Pages/3_Planning_Account_Hoverover_Option")): Object: 'Object Repository/TF_Customer_Create/1_Menu_Navigation_To_Open_All_Pages/3_Planning_Account_Hoverover_Option' is hovered

2019-01-18 20:36:04 - [MESSAGE][PASSED] - Object: 'Object Repository/TF_Customer_Create/1_Menu_Navigation_To_Open_All_Pages/3_Planning_Account_Hoverover_Option' is hovered

2019-01-18 20:36:04 - [TEST_STEP][PASSED] - waitForPageLoad(G_Timeout): Wait for page load successfully

2019-01-18 20:36:04 - [MESSAGE][PASSED] - Wait for page load successfully

2019-01-18 20:36:04 - [TEST_STEP][PASSED] - click(findTestObject("TF_Customer_Create/2_Select_Menu_Options(All)/13_LDI_Vendor_Site")): Object: 'Object Repository/TF_Customer_Create/2_Select_Menu_Options(All)/13_LDI_Vendor_Site' is clicked on

2019-01-18 20:36:04 - [MESSAGE][PASSED] - Object: 'Object Repository/TF_Customer_Create/2_Select_Menu_Options(All)/13_LDI_Vendor_Site' is clicked on

2019-01-18 20:36:04 - [TEST_STEP][PASSED] - waitForPageLoad(G_Timeout): Wait for page load successfully

2019-01-18 20:36:04 - [MESSAGE][PASSED] - Wait for page load successfully

2019-01-18 20:36:04 - [TEST_STEP][PASSED] - delay(3): Delayed 3 second(s)

2019-01-18 20:36:07 - [MESSAGE][PASSED] - Delayed 3 second(s)

2019-01-18 20:36:07 - [TEST_STEP][PASSED] - vndSiteName = com.oracledb.regressiontest.genName(15): com.oracledb.regressiontest.genName is PASSED

2019-01-18 20:36:07 - [MESSAGE][PASSED] - com.oracledb.regressiontest.genName is PASSED

2019-01-18 20:36:07 - [TEST_STEP][PASSED] - vndSiteNumber = com.oracledb.regressiontest.genName(12): com.oracledb.regressiontest.genName is PASSED

2019-01-18 20:36:07 - [MESSAGE][PASSED] - com.oracledb.regressiontest.genName is PASSED

2019-01-18 20:36:07 - [TEST_STEP][PASSED] - vndSiteCd = com.oracledb.regressiontest.genName(10): com.oracledb.regressiontest.genName is PASSED

2019-01-18 20:36:07 - [MESSAGE][PASSED] - com.oracledb.regressiontest.genName is PASSED

2019-01-18 20:36:07 - [TEST_STEP][PASSED] - vndSiteCity = com.oracledb.regressiontest.genName(8): com.oracledb.regressiontest.genName is PASSED

2019-01-18 20:36:07 - [MESSAGE][PASSED] - com.oracledb.regressiontest.genName is PASSED

2019-01-18 20:36:07 - [TEST_STEP][PASSED] - vndSitePtlCd = com.oracledb.regressiontest.genName(6): com.oracledb.regressiontest.genName is PASSED

2019-01-18 20:36:07 - [MESSAGE][PASSED] - com.oracledb.regressiontest.genName is PASSED

2019-01-18 20:36:07 - [TEST_STEP][PASSED] - setText(findTestObject("TF_Customer_Create/4_Create_Objects_And_Save/13_Create_LDI_Vendor_Site/Input_Vendor_Site_Name/input_Vendor_Site_Nm"), vndSiteName): Text 'G5LPZZQGT57MXZX' is set on object 'Object Repository/TF_Customer_Create/4_Create_Objects_And_Save/13_Create_LDI_Vendor_Site/Input_Vendor_Site_Name/input_Vendor_Site_Nm'

2019-01-18 20:36:07 - [MESSAGE][PASSED] - Text 'G5LPZZQGT57MXZX' is set on object 'Object Repository/TF_Customer_Create/4_Create_Objects_And_Save/13_Create_LDI_Vendor_Site/Input_Vendor_Site_Name/input_Vendor_Site_Nm'

2019-01-18 20:36:07 - [TEST_STEP][PASSED] - setText(findTestObject("TF_Customer_Create/4_Create_Objects_And_Save/13_Create_LDI_Vendor_Site/Input_Vendor_Site_Name/input_Vendor_Site_Number"), vndSiteNumber): Text 'LGSYIEFTC0IS' is set on object 'Object Repository/TF_Customer_Create/4_Create_Objects_And_Save/13_Create_LDI_Vendor_Site/Input_Vendor_Site_Name/input_Vendor_Site_Number'

2019-01-18 20:36:07 - [MESSAGE][PASSED] - Text 'LGSYIEFTC0IS' is set on object 'Object Repository/TF_Customer_Create/4_Create_Objects_And_Save/13_Create_LDI_Vendor_Site/Input_Vendor_Site_Name/input_Vendor_Site_Number'

2019-01-18 20:36:07 - [TEST_STEP][PASSED] - setText(findTestObject("TF_Customer_Create/4_Create_Objects_And_Save/13_Create_LDI_Vendor_Site/Input_Vendor_Site_Name/input_Vendor_Site_Cd"), vndSiteCd): Text '2BUWEZP5CY' is set on object 'Object Repository/TF_Customer_Create/4_Create_Objects_And_Save/13_Create_LDI_Vendor_Site/Input_Vendor_Site_Name/input_Vendor_Site_Cd'

2019-01-18 20:36:07 - [MESSAGE][PASSED] - Text '2BUWEZP5CY' is set on object 'Object Repository/TF_Customer_Create/4_Create_Objects_And_Save/13_Create_LDI_Vendor_Site/Input_Vendor_Site_Name/input_Vendor_Site_Cd'

2019-01-18 20:36:07 - [TEST_STEP][PASSED] - setText(findTestObject("TF_Customer_Create/4_Create_Objects_And_Save/13_Create_LDI_Vendor_Site/Input_Vendor_Site_Name/input_Vendor_Site_City"), vndSiteCity): Text 'YCGUN3O9' is set on object 'Object Repository/TF_Customer_Create/4_Create_Objects_And_Save/13_Create_LDI_Vendor_Site/Input_Vendor_Site_Name/input_Vendor_Site_City'

2019-01-18 20:36:08 - [MESSAGE][PASSED] - Text 'YCGUN3O9' is set on object 'Object Repository/TF_Customer_Create/4_Create_Objects_And_Save/13_Create_LDI_Vendor_Site/Input_Vendor_Site_Name/input_Vendor_Site_City'

2019-01-18 20:36:08 - [TEST_STEP][PASSED] - setText(findTestObject("TF_Customer_Create/4_Create_Objects_And_Save/13_Create_LDI_Vendor_Site/Input_Vendor_Site_Name/input_Vendor_Site_Postal_Code"), vndSitePtlCd): Text 'JKGD8E' is set on object 'Object Repository/TF_Customer_Create/4_Create_Objects_And_Save/13_Create_LDI_Vendor_Site/Input_Vendor_Site_Name/input_Vendor_Site_Postal_Code'

2019-01-18 20:36:08 - [MESSAGE][PASSED] - Text 'JKGD8E' is set on object 'Object Repository/TF_Customer_Create/4_Create_Objects_And_Save/13_Create_LDI_Vendor_Site/Input_Vendor_Site_Name/input_Vendor_Site_Postal_Code'

2019-01-18 20:36:08 - [TEST_STEP][PASSED] - setText(findTestObject("TF_Customer_Create/4_Create_Objects_And_Save/13_Create_LDI_Vendor_Site/Input_Vendor_Site_Name/input_Vendor_Site_Inactive_dt"), input_Eff_Dt): Text '18/Jan/2019' is set on object 'Object Repository/TF_Customer_Create/4_Create_Objects_And_Save/13_Create_LDI_Vendor_Site/Input_Vendor_Site_Name/input_Vendor_Site_Inactive_dt'

2019-01-18 20:36:08 - [MESSAGE][PASSED] - Text '18/Jan/2019' is set on object 'Object Repository/TF_Customer_Create/4_Create_Objects_And_Save/13_Create_LDI_Vendor_Site/Input_Vendor_Site_Name/input_Vendor_Site_Inactive_dt'

2019-01-18 20:36:08 - [TEST_STEP][PASSED] - delay(2): Delayed 2 second(s)

2019-01-18 20:36:10 - [MESSAGE][PASSED] - Delayed 2 second(s)

2019-01-18 20:36:10 - [TEST_STEP][PASSED] - click(findTestObject("TF_Customer_Create/3_Common_Action_Buttons/Click_Data_Tab/span_Data_Tab")): Object: 'Object Repository/TF_Customer_Create/3_Common_Action_Buttons/Click_Data_Tab/span_Data_Tab' is clicked on

2019-01-18 20:36:10 - [MESSAGE][PASSED] - Object: 'Object Repository/TF_Customer_Create/3_Common_Action_Buttons/Click_Data_Tab/span_Data_Tab' is clicked on

2019-01-18 20:36:10 - [TEST_STEP][NOT_RUN] - click(findTestObject("TF_Customer_Create/4_Create_Objects_And_Save/Choose_Sales_Org/Click_Sales_Org_DD"), CONTINUE_ON_FAILURE): NOT_RUN: click(findTestObject("TF_Customer_Create/4_Create_Objects_And_Save/Choose_Sales_Org/Click_Sales_Org_DD"), CONTINUE_ON_FAILURE)

2019-01-18 20:36:10 - [MESSAGE][NOT_RUN] - NOT_RUN: click(findTestObject("TF_Customer_Create/4_Create_Objects_And_Save/Choose_Sales_Org/Click_Sales_Org_DD"), CONTINUE_ON_FAILURE)

2019-01-18 20:36:10 - [TEST_STEP][NOT_RUN] - click(findTestObject("TF_Customer_Create/4_Create_Objects_And_Save/Choose_Sales_Org/CA_Object"), CONTINUE_ON_FAILURE): NOT_RUN: click(findTestObject("TF_Customer_Create/4_Create_Objects_And_Save/Choose_Sales_Org/CA_Object"), CONTINUE_ON_FAILURE)

2019-01-18 20:36:10 - [MESSAGE][NOT_RUN] - NOT_RUN: click(findTestObject("TF_Customer_Create/4_Create_Objects_And_Save/Choose_Sales_Org/CA_Object"), CONTINUE_ON_FAILURE)

2019-01-18 20:36:10 - [TEST_STEP][PASSED] - delay(2): Delayed 2 second(s)

2019-01-18 20:36:12 - [MESSAGE][PASSED] - Delayed 2 second(s)

2019-01-18 20:36:12 - [TEST_STEP][PASSED] - click(findTestObject("TF_Customer_Create/3_Common_Action_Buttons/Click_Apply_Button/td_Apply")): Object: 'Object Repository/TF_Customer_Create/3_Common_Action_Buttons/Click_Apply_Button/td_Apply' is clicked on

2019-01-18 20:36:12 - [MESSAGE][PASSED] - Object: 'Object Repository/TF_Customer_Create/3_Common_Action_Buttons/Click_Apply_Button/td_Apply' is clicked on

2019-01-18 20:36:12 - [TEST_STEP][PASSED] - delay(2): Delayed 2 second(s)

2019-01-18 20:36:14 - [MESSAGE][PASSED] - Delayed 2 second(s)

2019-01-18 20:36:14 - [TEST_STEP][PASSED] - click(findTestObject("TF_Customer_Create/3_Common_Action_Buttons/Click_Save_Button/btn_Save")): Object: 'Object Repository/TF_Customer_Create/3_Common_Action_Buttons/Click_Save_Button/btn_Save' is clicked on

2019-01-18 20:36:14 - [MESSAGE][PASSED] - Object: 'Object Repository/TF_Customer_Create/3_Common_Action_Buttons/Click_Save_Button/btn_Save' is clicked on

2019-01-18 20:36:14 - [TEST_STEP][PASSED] - delay(2): Delayed 2 second(s)

2019-01-18 20:36:16 - [MESSAGE][PASSED] - Delayed 2 second(s)

2019-01-18 20:36:16 - [TEST_STEP][NOT_RUN] - verifyElementText(findTestObject("TF_Customer_Create/3_Common_Action_Buttons/Verify_Success_Message/Success_Message"), "Record has been saved successfully.", CONTINUE_ON_FAILURE): NOT_RUN: verifyElementText(findTestObject("TF_Customer_Create/3_Common_Action_Buttons/Verify_Success_Message/Success_Message"), "Record has been saved successfully.", CONTINUE_ON_FAILURE)

2019-01-18 20:36:16 - [MESSAGE][NOT_RUN] - NOT_RUN: verifyElementText(findTestObject("TF_Customer_Create/3_Common_Action_Buttons/Verify_Success_Message/Success_Message"), "Record has been saved successfully.", CONTINUE_ON_FAILURE)

2019-01-18 20:36:16 - [TEST_STEP][NOT_RUN] - click(findTestObject("TF_Customer_Create/3_Common_Action_Buttons/Click_Data_Tab/span_Data_Tab")): NOT_RUN: click(findTestObject("TF_Customer_Create/3_Common_Action_Buttons/Click_Data_Tab/span_Data_Tab"))

2019-01-18 20:36:16 - [MESSAGE][NOT_RUN] - NOT_RUN: click(findTestObject("TF_Customer_Create/3_Common_Action_Buttons/Click_Data_Tab/span_Data_Tab"))

2019-01-18 20:36:16 - [TEST_STEP][NOT_RUN] - delay(1): NOT_RUN: delay(1)

2019-01-18 20:36:16 - [MESSAGE][NOT_RUN] - NOT_RUN: delay(1)

2019-01-18 20:36:16 - [TEST_STEP][NOT_RUN] - click(findTestObject("TF_Customer_Create/3_Common_Action_Buttons/Click_Close_Button/btn_Close")): NOT_RUN: click(findTestObject("TF_Customer_Create/3_Common_Action_Buttons/Click_Close_Button/btn_Close"))

2019-01-18 20:36:16 - [MESSAGE][NOT_RUN] - NOT_RUN: click(findTestObject("TF_Customer_Create/3_Common_Action_Buttons/Click_Close_Button/btn_Close"))

2019-01-18 20:36:16 - [TEST_STEP][NOT_RUN] - delay(2): NOT_RUN: delay(2)

2019-01-18 20:36:16 - [MESSAGE][NOT_RUN] - NOT_RUN: delay(2)

2019-01-18 20:36:16 - [TEST_STEP][NOT_RUN] - vrfy_PLA = com.oracledb.regressiontest.verifyPLA(ora_connt, ora_usr, ora_psswrd, ora_schema, plaAcctName): NOT_RUN: vrfy_PLA = com.oracledb.regressiontest.verifyPLA(ora_connt, ora_usr, ora_psswrd, ora_schema, plaAcctName)

2019-01-18 20:36:16 - [MESSAGE][NOT_RUN] - NOT_RUN: vrfy_PLA = com.oracledb.regressiontest.verifyPLA(ora_connt, ora_usr, ora_psswrd, ora_schema, plaAcctName)

2019-01-18 20:36:16 - [TEST_STEP][NOT_RUN] - println("Planning Account Name"): NOT_RUN: println("Planning Account Name")

2019-01-18 20:36:16 - [MESSAGE][NOT_RUN] - NOT_RUN: println("Planning Account Name")

2019-01-18 20:36:16 - [TEST_STEP][NOT_RUN] - verifyEqual(PLANNING_ACCOUNT_NAME, plaAcctName): NOT_RUN: verifyEqual(PLANNING_ACCOUNT_NAME, plaAcctName)

2019-01-18 20:36:16 - [MESSAGE][NOT_RUN] - NOT_RUN: verifyEqual(PLANNING_ACCOUNT_NAME, plaAcctName)]]></system-out>
         <system-err><![CDATA[]]></system-err>
      </testcase>
      <testcase name="Test Cases/Regression_TF_Customer/Create_Record/TC_13_Create_LDI_Vendor_Site" classname="Test Cases/Regression_TF_Customer/Create_Record/TC_13_Create_LDI_Vendor_Site" status="PASSED">
         <system-out><![CDATA[2019-01-18 20:36:16 - [TEST_CASE][PASSED] - Test Cases/Regression_TF_Customer/Create_Record/TC_13_Create_LDI_Vendor_Site: Test Cases/Regression_TF_Customer/Create_Record/TC_13_Create_LDI_Vendor_Site

2019-01-18 20:36:16 - [TEST_STEP][PASSED] - waitForPageLoad(G_Timeout): Wait for page load successfully

2019-01-18 20:36:16 - [MESSAGE][PASSED] - Wait for page load successfully

2019-01-18 20:36:16 - [TEST_STEP][PASSED] - mouseOver(findTestObject("TF_Customer_Create/1_Menu_Navigation_To_Open_All_Pages/0_Menu_Create_In_Data_View")): Object: 'Object Repository/TF_Customer_Create/1_Menu_Navigation_To_Open_All_Pages/0_Menu_Create_In_Data_View' is hovered

2019-01-18 20:36:16 - [MESSAGE][PASSED] - Object: 'Object Repository/TF_Customer_Create/1_Menu_Navigation_To_Open_All_Pages/0_Menu_Create_In_Data_View' is hovered

2019-01-18 20:36:16 - [TEST_STEP][PASSED] - waitForPageLoad(G_Timeout): Wait for page load successfully

2019-01-18 20:36:16 - [MESSAGE][PASSED] - Wait for page load successfully

2019-01-18 20:36:16 - [TEST_STEP][PASSED] - mouseOver(findTestObject("TF_Customer_Create/1_Menu_Navigation_To_Open_All_Pages/1_Menu_Create_Master_Data")): Object: 'Object Repository/TF_Customer_Create/1_Menu_Navigation_To_Open_All_Pages/1_Menu_Create_Master_Data' is hovered

2019-01-18 20:36:16 - [MESSAGE][PASSED] - Object: 'Object Repository/TF_Customer_Create/1_Menu_Navigation_To_Open_All_Pages/1_Menu_Create_Master_Data' is hovered

2019-01-18 20:36:16 - [TEST_STEP][PASSED] - waitForPageLoad(G_Timeout): Wait for page load successfully

2019-01-18 20:36:16 - [MESSAGE][PASSED] - Wait for page load successfully

2019-01-18 20:36:16 - [TEST_STEP][PASSED] - mouseOver(findTestObject("TF_Customer_Create/1_Menu_Navigation_To_Open_All_Pages/3_Planning_Account_Hoverover_Option")): Object: 'Object Repository/TF_Customer_Create/1_Menu_Navigation_To_Open_All_Pages/3_Planning_Account_Hoverover_Option' is hovered

2019-01-18 20:36:17 - [MESSAGE][PASSED] - Object: 'Object Repository/TF_Customer_Create/1_Menu_Navigation_To_Open_All_Pages/3_Planning_Account_Hoverover_Option' is hovered

2019-01-18 20:36:17 - [TEST_STEP][PASSED] - waitForPageLoad(G_Timeout): Wait for page load successfully

2019-01-18 20:36:17 - [MESSAGE][PASSED] - Wait for page load successfully

2019-01-18 20:36:17 - [TEST_STEP][PASSED] - click(findTestObject("TF_Customer_Create/2_Select_Menu_Options(All)/13_LDI_Vendor_Site")): Object: 'Object Repository/TF_Customer_Create/2_Select_Menu_Options(All)/13_LDI_Vendor_Site' is clicked on

2019-01-18 20:36:17 - [MESSAGE][PASSED] - Object: 'Object Repository/TF_Customer_Create/2_Select_Menu_Options(All)/13_LDI_Vendor_Site' is clicked on

2019-01-18 20:36:17 - [TEST_STEP][PASSED] - waitForPageLoad(G_Timeout): Wait for page load successfully

2019-01-18 20:36:17 - [MESSAGE][PASSED] - Wait for page load successfully

2019-01-18 20:36:17 - [TEST_STEP][PASSED] - delay(3): Delayed 3 second(s)

2019-01-18 20:36:20 - [MESSAGE][PASSED] - Delayed 3 second(s)

2019-01-18 20:36:20 - [TEST_STEP][PASSED] - vndSiteName = com.oracledb.regressiontest.genName(15): com.oracledb.regressiontest.genName is PASSED

2019-01-18 20:36:20 - [MESSAGE][PASSED] - com.oracledb.regressiontest.genName is PASSED

2019-01-18 20:36:20 - [TEST_STEP][PASSED] - vndSiteNumber = com.oracledb.regressiontest.genName(12): com.oracledb.regressiontest.genName is PASSED

2019-01-18 20:36:20 - [MESSAGE][PASSED] - com.oracledb.regressiontest.genName is PASSED

2019-01-18 20:36:20 - [TEST_STEP][PASSED] - vndSiteCd = com.oracledb.regressiontest.genName(10): com.oracledb.regressiontest.genName is PASSED

2019-01-18 20:36:20 - [MESSAGE][PASSED] - com.oracledb.regressiontest.genName is PASSED

2019-01-18 20:36:20 - [TEST_STEP][PASSED] - vndSiteCity = com.oracledb.regressiontest.genName(8): com.oracledb.regressiontest.genName is PASSED

2019-01-18 20:36:20 - [MESSAGE][PASSED] - com.oracledb.regressiontest.genName is PASSED

2019-01-18 20:36:20 - [TEST_STEP][PASSED] - vndSitePtlCd = com.oracledb.regressiontest.genName(6): com.oracledb.regressiontest.genName is PASSED

2019-01-18 20:36:20 - [MESSAGE][PASSED] - com.oracledb.regressiontest.genName is PASSED

2019-01-18 20:36:20 - [TEST_STEP][PASSED] - setText(findTestObject("TF_Customer_Create/4_Create_Objects_And_Save/13_Create_LDI_Vendor_Site/Input_Vendor_Site_Name/input_Vendor_Site_Nm"), vndSiteName): Text 'UBPJE5YAUSYPEL4' is set on object 'Object Repository/TF_Customer_Create/4_Create_Objects_And_Save/13_Create_LDI_Vendor_Site/Input_Vendor_Site_Name/input_Vendor_Site_Nm'

2019-01-18 20:36:20 - [MESSAGE][PASSED] - Text 'UBPJE5YAUSYPEL4' is set on object 'Object Repository/TF_Customer_Create/4_Create_Objects_And_Save/13_Create_LDI_Vendor_Site/Input_Vendor_Site_Name/input_Vendor_Site_Nm'

2019-01-18 20:36:20 - [TEST_STEP][PASSED] - setText(findTestObject("TF_Customer_Create/4_Create_Objects_And_Save/13_Create_LDI_Vendor_Site/Input_Vendor_Site_Name/input_Vendor_Site_Number"), vndSiteNumber): Text 'G5JZPETI688N' is set on object 'Object Repository/TF_Customer_Create/4_Create_Objects_And_Save/13_Create_LDI_Vendor_Site/Input_Vendor_Site_Name/input_Vendor_Site_Number'

2019-01-18 20:36:20 - [MESSAGE][PASSED] - Text 'G5JZPETI688N' is set on object 'Object Repository/TF_Customer_Create/4_Create_Objects_And_Save/13_Create_LDI_Vendor_Site/Input_Vendor_Site_Name/input_Vendor_Site_Number'

2019-01-18 20:36:20 - [TEST_STEP][PASSED] - setText(findTestObject("TF_Customer_Create/4_Create_Objects_And_Save/13_Create_LDI_Vendor_Site/Input_Vendor_Site_Name/input_Vendor_Site_Cd"), vndSiteCd): Text 'H1I91N2308' is set on object 'Object Repository/TF_Customer_Create/4_Create_Objects_And_Save/13_Create_LDI_Vendor_Site/Input_Vendor_Site_Name/input_Vendor_Site_Cd'

2019-01-18 20:36:21 - [MESSAGE][PASSED] - Text 'H1I91N2308' is set on object 'Object Repository/TF_Customer_Create/4_Create_Objects_And_Save/13_Create_LDI_Vendor_Site/Input_Vendor_Site_Name/input_Vendor_Site_Cd'

2019-01-18 20:36:21 - [TEST_STEP][PASSED] - setText(findTestObject("TF_Customer_Create/4_Create_Objects_And_Save/13_Create_LDI_Vendor_Site/Input_Vendor_Site_Name/input_Vendor_Site_City"), vndSiteCity): Text '5KQIX1E3' is set on object 'Object Repository/TF_Customer_Create/4_Create_Objects_And_Save/13_Create_LDI_Vendor_Site/Input_Vendor_Site_Name/input_Vendor_Site_City'

2019-01-18 20:36:21 - [MESSAGE][PASSED] - Text '5KQIX1E3' is set on object 'Object Repository/TF_Customer_Create/4_Create_Objects_And_Save/13_Create_LDI_Vendor_Site/Input_Vendor_Site_Name/input_Vendor_Site_City'

2019-01-18 20:36:21 - [TEST_STEP][PASSED] - setText(findTestObject("TF_Customer_Create/4_Create_Objects_And_Save/13_Create_LDI_Vendor_Site/Input_Vendor_Site_Name/input_Vendor_Site_Postal_Code"), vndSitePtlCd): Text 'R9WG83' is set on object 'Object Repository/TF_Customer_Create/4_Create_Objects_And_Save/13_Create_LDI_Vendor_Site/Input_Vendor_Site_Name/input_Vendor_Site_Postal_Code'

2019-01-18 20:36:21 - [MESSAGE][PASSED] - Text 'R9WG83' is set on object 'Object Repository/TF_Customer_Create/4_Create_Objects_And_Save/13_Create_LDI_Vendor_Site/Input_Vendor_Site_Name/input_Vendor_Site_Postal_Code'

2019-01-18 20:36:21 - [TEST_STEP][PASSED] - setText(findTestObject("TF_Customer_Create/4_Create_Objects_And_Save/13_Create_LDI_Vendor_Site/Input_Vendor_Site_Name/input_Vendor_Site_Inactive_dt"), input_Eff_Dt): Text '18/Jan/2019' is set on object 'Object Repository/TF_Customer_Create/4_Create_Objects_And_Save/13_Create_LDI_Vendor_Site/Input_Vendor_Site_Name/input_Vendor_Site_Inactive_dt'

2019-01-18 20:36:21 - [MESSAGE][PASSED] - Text '18/Jan/2019' is set on object 'Object Repository/TF_Customer_Create/4_Create_Objects_And_Save/13_Create_LDI_Vendor_Site/Input_Vendor_Site_Name/input_Vendor_Site_Inactive_dt'

2019-01-18 20:36:21 - [TEST_STEP][PASSED] - delay(2): Delayed 2 second(s)

2019-01-18 20:36:23 - [MESSAGE][PASSED] - Delayed 2 second(s)

2019-01-18 20:36:23 - [TEST_STEP][PASSED] - click(findTestObject("TF_Customer_Create/3_Common_Action_Buttons/Click_Data_Tab/span_Data_Tab")): Object: 'Object Repository/TF_Customer_Create/3_Common_Action_Buttons/Click_Data_Tab/span_Data_Tab' is clicked on

2019-01-18 20:36:23 - [MESSAGE][PASSED] - Object: 'Object Repository/TF_Customer_Create/3_Common_Action_Buttons/Click_Data_Tab/span_Data_Tab' is clicked on

2019-01-18 20:36:23 - [TEST_STEP][NOT_RUN] - click(findTestObject("TF_Customer_Create/4_Create_Objects_And_Save/Choose_Sales_Org/Click_Sales_Org_DD"), CONTINUE_ON_FAILURE): NOT_RUN: click(findTestObject("TF_Customer_Create/4_Create_Objects_And_Save/Choose_Sales_Org/Click_Sales_Org_DD"), CONTINUE_ON_FAILURE)

2019-01-18 20:36:23 - [MESSAGE][NOT_RUN] - NOT_RUN: click(findTestObject("TF_Customer_Create/4_Create_Objects_And_Save/Choose_Sales_Org/Click_Sales_Org_DD"), CONTINUE_ON_FAILURE)

2019-01-18 20:36:23 - [TEST_STEP][NOT_RUN] - click(findTestObject("TF_Customer_Create/4_Create_Objects_And_Save/Choose_Sales_Org/CA_Object"), CONTINUE_ON_FAILURE): NOT_RUN: click(findTestObject("TF_Customer_Create/4_Create_Objects_And_Save/Choose_Sales_Org/CA_Object"), CONTINUE_ON_FAILURE)

2019-01-18 20:36:23 - [MESSAGE][NOT_RUN] - NOT_RUN: click(findTestObject("TF_Customer_Create/4_Create_Objects_And_Save/Choose_Sales_Org/CA_Object"), CONTINUE_ON_FAILURE)

2019-01-18 20:36:23 - [TEST_STEP][PASSED] - delay(2): Delayed 2 second(s)

2019-01-18 20:36:25 - [MESSAGE][PASSED] - Delayed 2 second(s)

2019-01-18 20:36:25 - [TEST_STEP][PASSED] - click(findTestObject("TF_Customer_Create/3_Common_Action_Buttons/Click_Apply_Button/td_Apply")): Object: 'Object Repository/TF_Customer_Create/3_Common_Action_Buttons/Click_Apply_Button/td_Apply' is clicked on

2019-01-18 20:36:25 - [MESSAGE][PASSED] - Object: 'Object Repository/TF_Customer_Create/3_Common_Action_Buttons/Click_Apply_Button/td_Apply' is clicked on

2019-01-18 20:36:25 - [TEST_STEP][PASSED] - delay(2): Delayed 2 second(s)

2019-01-18 20:36:27 - [MESSAGE][PASSED] - Delayed 2 second(s)

2019-01-18 20:36:27 - [TEST_STEP][PASSED] - click(findTestObject("TF_Customer_Create/3_Common_Action_Buttons/Click_Save_Button/btn_Save")): Object: 'Object Repository/TF_Customer_Create/3_Common_Action_Buttons/Click_Save_Button/btn_Save' is clicked on

2019-01-18 20:36:27 - [MESSAGE][PASSED] - Object: 'Object Repository/TF_Customer_Create/3_Common_Action_Buttons/Click_Save_Button/btn_Save' is clicked on

2019-01-18 20:36:27 - [TEST_STEP][PASSED] - delay(2): Delayed 2 second(s)

2019-01-18 20:36:29 - [MESSAGE][PASSED] - Delayed 2 second(s)

2019-01-18 20:36:29 - [TEST_STEP][NOT_RUN] - verifyElementText(findTestObject("TF_Customer_Create/3_Common_Action_Buttons/Verify_Success_Message/Success_Message"), "Record has been saved successfully.", CONTINUE_ON_FAILURE): NOT_RUN: verifyElementText(findTestObject("TF_Customer_Create/3_Common_Action_Buttons/Verify_Success_Message/Success_Message"), "Record has been saved successfully.", CONTINUE_ON_FAILURE)

2019-01-18 20:36:29 - [MESSAGE][NOT_RUN] - NOT_RUN: verifyElementText(findTestObject("TF_Customer_Create/3_Common_Action_Buttons/Verify_Success_Message/Success_Message"), "Record has been saved successfully.", CONTINUE_ON_FAILURE)

2019-01-18 20:36:29 - [TEST_STEP][NOT_RUN] - click(findTestObject("TF_Customer_Create/3_Common_Action_Buttons/Click_Data_Tab/span_Data_Tab")): NOT_RUN: click(findTestObject("TF_Customer_Create/3_Common_Action_Buttons/Click_Data_Tab/span_Data_Tab"))

2019-01-18 20:36:29 - [MESSAGE][NOT_RUN] - NOT_RUN: click(findTestObject("TF_Customer_Create/3_Common_Action_Buttons/Click_Data_Tab/span_Data_Tab"))

2019-01-18 20:36:29 - [TEST_STEP][NOT_RUN] - delay(1): NOT_RUN: delay(1)

2019-01-18 20:36:29 - [MESSAGE][NOT_RUN] - NOT_RUN: delay(1)

2019-01-18 20:36:29 - [TEST_STEP][NOT_RUN] - click(findTestObject("TF_Customer_Create/3_Common_Action_Buttons/Click_Close_Button/btn_Close")): NOT_RUN: click(findTestObject("TF_Customer_Create/3_Common_Action_Buttons/Click_Close_Button/btn_Close"))

2019-01-18 20:36:29 - [MESSAGE][NOT_RUN] - NOT_RUN: click(findTestObject("TF_Customer_Create/3_Common_Action_Buttons/Click_Close_Button/btn_Close"))

2019-01-18 20:36:29 - [TEST_STEP][NOT_RUN] - delay(2): NOT_RUN: delay(2)

2019-01-18 20:36:29 - [MESSAGE][NOT_RUN] - NOT_RUN: delay(2)

2019-01-18 20:36:29 - [TEST_STEP][NOT_RUN] - vrfy_PLA = com.oracledb.regressiontest.verifyPLA(ora_connt, ora_usr, ora_psswrd, ora_schema, plaAcctName): NOT_RUN: vrfy_PLA = com.oracledb.regressiontest.verifyPLA(ora_connt, ora_usr, ora_psswrd, ora_schema, plaAcctName)

2019-01-18 20:36:29 - [MESSAGE][NOT_RUN] - NOT_RUN: vrfy_PLA = com.oracledb.regressiontest.verifyPLA(ora_connt, ora_usr, ora_psswrd, ora_schema, plaAcctName)

2019-01-18 20:36:29 - [TEST_STEP][NOT_RUN] - println("Planning Account Name"): NOT_RUN: println("Planning Account Name")

2019-01-18 20:36:29 - [MESSAGE][NOT_RUN] - NOT_RUN: println("Planning Account Name")

2019-01-18 20:36:29 - [TEST_STEP][NOT_RUN] - verifyEqual(PLANNING_ACCOUNT_NAME, plaAcctName): NOT_RUN: verifyEqual(PLANNING_ACCOUNT_NAME, plaAcctName)

2019-01-18 20:36:29 - [MESSAGE][NOT_RUN] - NOT_RUN: verifyEqual(PLANNING_ACCOUNT_NAME, plaAcctName)]]></system-out>
         <system-err><![CDATA[]]></system-err>
      </testcase>
      <system-out><![CDATA[2019-01-18 20:30:18 - [TEST_SUITE][PASSED] - Edit_Record_Test_Suite: Test Cases/Regression_TF_Customer/Create_Record/TC_13_Create_LDI_Vendor_Site]]></system-out>
      <system-err><![CDATA[]]></system-err>
   </testsuite>
</testsuites>
