<?xml version="1.0" encoding="UTF-8"?>
<testsuites name="Edit_Record_Test_Suite" time="619" tests="48" failures="0" errors="0">
   <testsuite name="Edit_Record_Test_Suite" tests="48" failures="0" errors="0" time="619" timestamp="2019-01-18 20:13:41" hostname="Junaid.Tariq - Junaid.instepinc.com" id="Test Suites/Edit_Record_Test_Suite">
      <properties>
         <property name="deviceName" value=""/>
         <property name="devicePlatform" value=""/>
         <property name="logFolder" value="D:\\Katalon\\Projects\\Trade_Funds\\TF_Regression\\Reports\\Edit_Record_Test_Suite\\20190118_201340"/>
         <property name="logFiles" value="D:\\Katalon\\Projects\\Trade_Funds\\TF_Regression\\Reports\\Edit_Record_Test_Suite\\20190118_201340\\execution0.log"/>
         <property name="attachments" value=""/>
         <property name="hostName" value="Junaid.Tariq - Junaid.instepinc.com"/>
         <property name="os" value="Windows 7 64bit"/>
         <property name="katalonVersion" value="5.9.1.2"/>
         <property name="browser" value="Chrome 71.0.3578.98"/>
         <property name="hostAddress" value="200.199.80.62"/>
         <property name="sessionId" value="0f6913f542ae8f2ae08ff2a39b572524"/>
         <property name="seleniumVersion" value="3.7.1"/>
         <property name="proxyInformation" value="ProxyInformation{proxyOption=NO_PROXY, proxyServerType=HTTP, password=, proxyServerAddress=, proxyServerPort=0}"/>
         <property name="platform" value="Windows 7"/>
      </properties>
      <testcase name="Test Cases/Regression_TF_Customer/Create_Record/TC_13_Create_LDI_Vendor_Site" classname="Test Cases/Regression_TF_Customer/Create_Record/TC_13_Create_LDI_Vendor_Site" status="PASSED">
         <system-out><![CDATA[2019-01-18 20:13:41 - [TEST_CASE][PASSED] - Test Cases/Regression_TF_Customer/Create_Record/TC_13_Create_LDI_Vendor_Site: Test Cases/Regression_TF_Customer/Create_Record/TC_13_Create_LDI_Vendor_Site

2019-01-18 20:13:41 - [TEST_STEP][PASSED] - waitForPageLoad(G_Timeout): Wait for page load successfully

2019-01-18 20:13:42 - [MESSAGE][PASSED] - Wait for page load successfully

2019-01-18 20:13:42 - [TEST_STEP][PASSED] - mouseOver(findTestObject("TF_Customer_Create/1_Menu_Navigation_To_Open_All_Pages/0_Menu_Create_In_Data_View")): Object: 'Object Repository/TF_Customer_Create/1_Menu_Navigation_To_Open_All_Pages/0_Menu_Create_In_Data_View' is hovered

2019-01-18 20:13:42 - [MESSAGE][PASSED] - Object: 'Object Repository/TF_Customer_Create/1_Menu_Navigation_To_Open_All_Pages/0_Menu_Create_In_Data_View' is hovered

2019-01-18 20:13:42 - [TEST_STEP][PASSED] - waitForPageLoad(G_Timeout): Wait for page load successfully

2019-01-18 20:13:42 - [MESSAGE][PASSED] - Wait for page load successfully

2019-01-18 20:13:42 - [TEST_STEP][PASSED] - mouseOver(findTestObject("TF_Customer_Create/1_Menu_Navigation_To_Open_All_Pages/1_Menu_Create_Master_Data")): Object: 'Object Repository/TF_Customer_Create/1_Menu_Navigation_To_Open_All_Pages/1_Menu_Create_Master_Data' is hovered

2019-01-18 20:13:42 - [MESSAGE][PASSED] - Object: 'Object Repository/TF_Customer_Create/1_Menu_Navigation_To_Open_All_Pages/1_Menu_Create_Master_Data' is hovered

2019-01-18 20:13:42 - [TEST_STEP][PASSED] - waitForPageLoad(G_Timeout): Wait for page load successfully

2019-01-18 20:13:42 - [MESSAGE][PASSED] - Wait for page load successfully

2019-01-18 20:13:42 - [TEST_STEP][PASSED] - mouseOver(findTestObject("TF_Customer_Create/1_Menu_Navigation_To_Open_All_Pages/3_Planning_Account_Hoverover_Option")): Object: 'Object Repository/TF_Customer_Create/1_Menu_Navigation_To_Open_All_Pages/3_Planning_Account_Hoverover_Option' is hovered

2019-01-18 20:13:43 - [MESSAGE][PASSED] - Object: 'Object Repository/TF_Customer_Create/1_Menu_Navigation_To_Open_All_Pages/3_Planning_Account_Hoverover_Option' is hovered

2019-01-18 20:13:43 - [TEST_STEP][PASSED] - waitForPageLoad(G_Timeout): Wait for page load successfully

2019-01-18 20:13:43 - [MESSAGE][PASSED] - Wait for page load successfully

2019-01-18 20:13:43 - [TEST_STEP][PASSED] - click(findTestObject("TF_Customer_Create/2_Select_Menu_Options(All)/13_LDI_Vendor_Site")): Object: 'Object Repository/TF_Customer_Create/2_Select_Menu_Options(All)/13_LDI_Vendor_Site' is clicked on

2019-01-18 20:13:43 - [MESSAGE][PASSED] - Object: 'Object Repository/TF_Customer_Create/2_Select_Menu_Options(All)/13_LDI_Vendor_Site' is clicked on

2019-01-18 20:13:43 - [TEST_STEP][PASSED] - waitForPageLoad(G_Timeout): Wait for page load successfully

2019-01-18 20:13:43 - [MESSAGE][PASSED] - Wait for page load successfully

2019-01-18 20:13:43 - [TEST_STEP][PASSED] - delay(3): Delayed 3 second(s)

2019-01-18 20:13:46 - [MESSAGE][PASSED] - Delayed 3 second(s)

2019-01-18 20:13:46 - [TEST_STEP][PASSED] - vndSiteName = com.oracledb.regressiontest.genName(15): com.oracledb.regressiontest.genName is PASSED

2019-01-18 20:13:46 - [MESSAGE][PASSED] - com.oracledb.regressiontest.genName is PASSED

2019-01-18 20:13:46 - [TEST_STEP][PASSED] - vndSiteNumber = com.oracledb.regressiontest.genName(12): com.oracledb.regressiontest.genName is PASSED

2019-01-18 20:13:46 - [MESSAGE][PASSED] - com.oracledb.regressiontest.genName is PASSED

2019-01-18 20:13:46 - [TEST_STEP][PASSED] - vndSiteCd = com.oracledb.regressiontest.genName(10): com.oracledb.regressiontest.genName is PASSED

2019-01-18 20:13:46 - [MESSAGE][PASSED] - com.oracledb.regressiontest.genName is PASSED

2019-01-18 20:13:46 - [TEST_STEP][PASSED] - vndSiteCity = com.oracledb.regressiontest.genName(8): com.oracledb.regressiontest.genName is PASSED

2019-01-18 20:13:46 - [MESSAGE][PASSED] - com.oracledb.regressiontest.genName is PASSED

2019-01-18 20:13:46 - [TEST_STEP][PASSED] - vndSitePtlCd = com.oracledb.regressiontest.genName(6): com.oracledb.regressiontest.genName is PASSED

2019-01-18 20:13:46 - [MESSAGE][PASSED] - com.oracledb.regressiontest.genName is PASSED

2019-01-18 20:13:46 - [TEST_STEP][PASSED] - setText(findTestObject("TF_Customer_Create/4_Create_Objects_And_Save/13_Create_LDI_Vendor_Site/Input_Vendor_Site_Name/input_Vendor_Site_Nm"), vndSiteName): Text '7U2P12WV7FMR7KD' is set on object 'Object Repository/TF_Customer_Create/4_Create_Objects_And_Save/13_Create_LDI_Vendor_Site/Input_Vendor_Site_Name/input_Vendor_Site_Nm'

2019-01-18 20:13:46 - [MESSAGE][PASSED] - Text '7U2P12WV7FMR7KD' is set on object 'Object Repository/TF_Customer_Create/4_Create_Objects_And_Save/13_Create_LDI_Vendor_Site/Input_Vendor_Site_Name/input_Vendor_Site_Nm'

2019-01-18 20:13:46 - [TEST_STEP][PASSED] - setText(findTestObject("TF_Customer_Create/4_Create_Objects_And_Save/13_Create_LDI_Vendor_Site/Input_Vendor_Site_Name/input_Vendor_Site_Number"), vndSiteNumber): Text 'C62I7UFKAF9M' is set on object 'Object Repository/TF_Customer_Create/4_Create_Objects_And_Save/13_Create_LDI_Vendor_Site/Input_Vendor_Site_Name/input_Vendor_Site_Number'

2019-01-18 20:13:46 - [MESSAGE][PASSED] - Text 'C62I7UFKAF9M' is set on object 'Object Repository/TF_Customer_Create/4_Create_Objects_And_Save/13_Create_LDI_Vendor_Site/Input_Vendor_Site_Name/input_Vendor_Site_Number'

2019-01-18 20:13:46 - [TEST_STEP][PASSED] - setText(findTestObject("TF_Customer_Create/4_Create_Objects_And_Save/13_Create_LDI_Vendor_Site/Input_Vendor_Site_Name/input_Vendor_Site_Cd"), vndSiteCd): Text '9MVKO5QDJW' is set on object 'Object Repository/TF_Customer_Create/4_Create_Objects_And_Save/13_Create_LDI_Vendor_Site/Input_Vendor_Site_Name/input_Vendor_Site_Cd'

2019-01-18 20:13:46 - [MESSAGE][PASSED] - Text '9MVKO5QDJW' is set on object 'Object Repository/TF_Customer_Create/4_Create_Objects_And_Save/13_Create_LDI_Vendor_Site/Input_Vendor_Site_Name/input_Vendor_Site_Cd'

2019-01-18 20:13:46 - [TEST_STEP][PASSED] - setText(findTestObject("TF_Customer_Create/4_Create_Objects_And_Save/13_Create_LDI_Vendor_Site/Input_Vendor_Site_Name/input_Vendor_Site_City"), vndSiteCity): Text 'LUB3IGTU' is set on object 'Object Repository/TF_Customer_Create/4_Create_Objects_And_Save/13_Create_LDI_Vendor_Site/Input_Vendor_Site_Name/input_Vendor_Site_City'

2019-01-18 20:13:46 - [MESSAGE][PASSED] - Text 'LUB3IGTU' is set on object 'Object Repository/TF_Customer_Create/4_Create_Objects_And_Save/13_Create_LDI_Vendor_Site/Input_Vendor_Site_Name/input_Vendor_Site_City'

2019-01-18 20:13:46 - [TEST_STEP][PASSED] - setText(findTestObject("TF_Customer_Create/4_Create_Objects_And_Save/13_Create_LDI_Vendor_Site/Input_Vendor_Site_Name/input_Vendor_Site_Postal_Code"), vndSitePtlCd): Text 'PEXKTV' is set on object 'Object Repository/TF_Customer_Create/4_Create_Objects_And_Save/13_Create_LDI_Vendor_Site/Input_Vendor_Site_Name/input_Vendor_Site_Postal_Code'

2019-01-18 20:13:47 - [MESSAGE][PASSED] - Text 'PEXKTV' is set on object 'Object Repository/TF_Customer_Create/4_Create_Objects_And_Save/13_Create_LDI_Vendor_Site/Input_Vendor_Site_Name/input_Vendor_Site_Postal_Code'

2019-01-18 20:13:47 - [TEST_STEP][NOT_RUN] - setText(findTestObject("TF_Customer_Create/4_Create_Objects_And_Save/Set_Effective_Dates/input_Effective_End_Date"), input_Eff_End_Dt): NOT_RUN: setText(findTestObject("TF_Customer_Create/4_Create_Objects_And_Save/Set_Effective_Dates/input_Effective_End_Date"), input_Eff_End_Dt)

2019-01-18 20:13:47 - [MESSAGE][NOT_RUN] - NOT_RUN: setText(findTestObject("TF_Customer_Create/4_Create_Objects_And_Save/Set_Effective_Dates/input_Effective_End_Date"), input_Eff_End_Dt)

2019-01-18 20:13:47 - [TEST_STEP][PASSED] - delay(2): Delayed 2 second(s)

2019-01-18 20:13:49 - [MESSAGE][PASSED] - Delayed 2 second(s)

2019-01-18 20:13:49 - [TEST_STEP][PASSED] - click(findTestObject("TF_Customer_Create/3_Common_Action_Buttons/Click_Data_Tab/span_Data_Tab")): Object: 'Object Repository/TF_Customer_Create/3_Common_Action_Buttons/Click_Data_Tab/span_Data_Tab' is clicked on

2019-01-18 20:13:49 - [MESSAGE][PASSED] - Object: 'Object Repository/TF_Customer_Create/3_Common_Action_Buttons/Click_Data_Tab/span_Data_Tab' is clicked on

2019-01-18 20:13:49 - [TEST_STEP][NOT_RUN] - click(findTestObject("TF_Customer_Create/4_Create_Objects_And_Save/Choose_Sales_Org/Click_Sales_Org_DD"), CONTINUE_ON_FAILURE): NOT_RUN: click(findTestObject("TF_Customer_Create/4_Create_Objects_And_Save/Choose_Sales_Org/Click_Sales_Org_DD"), CONTINUE_ON_FAILURE)

2019-01-18 20:13:49 - [MESSAGE][NOT_RUN] - NOT_RUN: click(findTestObject("TF_Customer_Create/4_Create_Objects_And_Save/Choose_Sales_Org/Click_Sales_Org_DD"), CONTINUE_ON_FAILURE)

2019-01-18 20:13:49 - [TEST_STEP][NOT_RUN] - click(findTestObject("TF_Customer_Create/4_Create_Objects_And_Save/Choose_Sales_Org/CA_Object"), CONTINUE_ON_FAILURE): NOT_RUN: click(findTestObject("TF_Customer_Create/4_Create_Objects_And_Save/Choose_Sales_Org/CA_Object"), CONTINUE_ON_FAILURE)

2019-01-18 20:13:49 - [MESSAGE][NOT_RUN] - NOT_RUN: click(findTestObject("TF_Customer_Create/4_Create_Objects_And_Save/Choose_Sales_Org/CA_Object"), CONTINUE_ON_FAILURE)

2019-01-18 20:13:49 - [TEST_STEP][PASSED] - delay(2): Delayed 2 second(s)

2019-01-18 20:13:51 - [MESSAGE][PASSED] - Delayed 2 second(s)

2019-01-18 20:13:51 - [TEST_STEP][PASSED] - click(findTestObject("TF_Customer_Create/3_Common_Action_Buttons/Click_Apply_Button/td_Apply")): Object: 'Object Repository/TF_Customer_Create/3_Common_Action_Buttons/Click_Apply_Button/td_Apply' is clicked on

2019-01-18 20:13:51 - [MESSAGE][PASSED] - Object: 'Object Repository/TF_Customer_Create/3_Common_Action_Buttons/Click_Apply_Button/td_Apply' is clicked on

2019-01-18 20:13:51 - [TEST_STEP][PASSED] - delay(2): Delayed 2 second(s)

2019-01-18 20:13:53 - [MESSAGE][PASSED] - Delayed 2 second(s)

2019-01-18 20:13:53 - [TEST_STEP][PASSED] - click(findTestObject("TF_Customer_Create/3_Common_Action_Buttons/Click_Save_Button/btn_Save")): Object: 'Object Repository/TF_Customer_Create/3_Common_Action_Buttons/Click_Save_Button/btn_Save' is clicked on

2019-01-18 20:13:53 - [MESSAGE][PASSED] - Object: 'Object Repository/TF_Customer_Create/3_Common_Action_Buttons/Click_Save_Button/btn_Save' is clicked on

2019-01-18 20:13:53 - [TEST_STEP][PASSED] - delay(2): Delayed 2 second(s)

2019-01-18 20:13:55 - [MESSAGE][PASSED] - Delayed 2 second(s)

2019-01-18 20:13:55 - [TEST_STEP][NOT_RUN] - verifyElementText(findTestObject("TF_Customer_Create/3_Common_Action_Buttons/Verify_Success_Message/Success_Message"), "Record has been saved successfully.", CONTINUE_ON_FAILURE): NOT_RUN: verifyElementText(findTestObject("TF_Customer_Create/3_Common_Action_Buttons/Verify_Success_Message/Success_Message"), "Record has been saved successfully.", CONTINUE_ON_FAILURE)

2019-01-18 20:13:55 - [MESSAGE][NOT_RUN] - NOT_RUN: verifyElementText(findTestObject("TF_Customer_Create/3_Common_Action_Buttons/Verify_Success_Message/Success_Message"), "Record has been saved successfully.", CONTINUE_ON_FAILURE)

2019-01-18 20:13:55 - [TEST_STEP][NOT_RUN] - click(findTestObject("TF_Customer_Create/3_Common_Action_Buttons/Click_Data_Tab/span_Data_Tab")): NOT_RUN: click(findTestObject("TF_Customer_Create/3_Common_Action_Buttons/Click_Data_Tab/span_Data_Tab"))

2019-01-18 20:13:55 - [MESSAGE][NOT_RUN] - NOT_RUN: click(findTestObject("TF_Customer_Create/3_Common_Action_Buttons/Click_Data_Tab/span_Data_Tab"))

2019-01-18 20:13:55 - [TEST_STEP][NOT_RUN] - delay(1): NOT_RUN: delay(1)

2019-01-18 20:13:55 - [MESSAGE][NOT_RUN] - NOT_RUN: delay(1)

2019-01-18 20:13:55 - [TEST_STEP][NOT_RUN] - click(findTestObject("TF_Customer_Create/3_Common_Action_Buttons/Click_Close_Button/btn_Close")): NOT_RUN: click(findTestObject("TF_Customer_Create/3_Common_Action_Buttons/Click_Close_Button/btn_Close"))

2019-01-18 20:13:55 - [MESSAGE][NOT_RUN] - NOT_RUN: click(findTestObject("TF_Customer_Create/3_Common_Action_Buttons/Click_Close_Button/btn_Close"))

2019-01-18 20:13:55 - [TEST_STEP][NOT_RUN] - delay(2): NOT_RUN: delay(2)

2019-01-18 20:13:55 - [MESSAGE][NOT_RUN] - NOT_RUN: delay(2)

2019-01-18 20:13:55 - [TEST_STEP][NOT_RUN] - vrfy_PLA = com.oracledb.regressiontest.verifyPLA(ora_connt, ora_usr, ora_psswrd, ora_schema, plaAcctName): NOT_RUN: vrfy_PLA = com.oracledb.regressiontest.verifyPLA(ora_connt, ora_usr, ora_psswrd, ora_schema, plaAcctName)

2019-01-18 20:13:55 - [MESSAGE][NOT_RUN] - NOT_RUN: vrfy_PLA = com.oracledb.regressiontest.verifyPLA(ora_connt, ora_usr, ora_psswrd, ora_schema, plaAcctName)

2019-01-18 20:13:55 - [TEST_STEP][NOT_RUN] - println("Planning Account Name"): NOT_RUN: println("Planning Account Name")

2019-01-18 20:13:55 - [MESSAGE][NOT_RUN] - NOT_RUN: println("Planning Account Name")

2019-01-18 20:13:55 - [TEST_STEP][NOT_RUN] - verifyEqual(PLANNING_ACCOUNT_NAME, plaAcctName): NOT_RUN: verifyEqual(PLANNING_ACCOUNT_NAME, plaAcctName)

2019-01-18 20:13:55 - [MESSAGE][NOT_RUN] - NOT_RUN: verifyEqual(PLANNING_ACCOUNT_NAME, plaAcctName)]]></system-out>
         <system-err><![CDATA[]]></system-err>
      </testcase>
      <testcase name="Test Cases/Regression_TF_Customer/Create_Record/TC_13_Create_LDI_Vendor_Site" classname="Test Cases/Regression_TF_Customer/Create_Record/TC_13_Create_LDI_Vendor_Site" status="PASSED">
         <system-out><![CDATA[2019-01-18 20:13:55 - [TEST_CASE][PASSED] - Test Cases/Regression_TF_Customer/Create_Record/TC_13_Create_LDI_Vendor_Site: Test Cases/Regression_TF_Customer/Create_Record/TC_13_Create_LDI_Vendor_Site

2019-01-18 20:13:55 - [TEST_STEP][PASSED] - waitForPageLoad(G_Timeout): Wait for page load successfully

2019-01-18 20:13:55 - [MESSAGE][PASSED] - Wait for page load successfully

2019-01-18 20:13:55 - [TEST_STEP][PASSED] - mouseOver(findTestObject("TF_Customer_Create/1_Menu_Navigation_To_Open_All_Pages/0_Menu_Create_In_Data_View")): Object: 'Object Repository/TF_Customer_Create/1_Menu_Navigation_To_Open_All_Pages/0_Menu_Create_In_Data_View' is hovered

2019-01-18 20:13:55 - [MESSAGE][PASSED] - Object: 'Object Repository/TF_Customer_Create/1_Menu_Navigation_To_Open_All_Pages/0_Menu_Create_In_Data_View' is hovered

2019-01-18 20:13:55 - [TEST_STEP][PASSED] - waitForPageLoad(G_Timeout): Wait for page load successfully

2019-01-18 20:13:55 - [MESSAGE][PASSED] - Wait for page load successfully

2019-01-18 20:13:55 - [TEST_STEP][PASSED] - mouseOver(findTestObject("TF_Customer_Create/1_Menu_Navigation_To_Open_All_Pages/1_Menu_Create_Master_Data")): Object: 'Object Repository/TF_Customer_Create/1_Menu_Navigation_To_Open_All_Pages/1_Menu_Create_Master_Data' is hovered

2019-01-18 20:13:55 - [MESSAGE][PASSED] - Object: 'Object Repository/TF_Customer_Create/1_Menu_Navigation_To_Open_All_Pages/1_Menu_Create_Master_Data' is hovered

2019-01-18 20:13:55 - [TEST_STEP][PASSED] - waitForPageLoad(G_Timeout): Wait for page load successfully

2019-01-18 20:13:55 - [MESSAGE][PASSED] - Wait for page load successfully

2019-01-18 20:13:55 - [TEST_STEP][PASSED] - mouseOver(findTestObject("TF_Customer_Create/1_Menu_Navigation_To_Open_All_Pages/3_Planning_Account_Hoverover_Option")): Object: 'Object Repository/TF_Customer_Create/1_Menu_Navigation_To_Open_All_Pages/3_Planning_Account_Hoverover_Option' is hovered

2019-01-18 20:13:56 - [MESSAGE][PASSED] - Object: 'Object Repository/TF_Customer_Create/1_Menu_Navigation_To_Open_All_Pages/3_Planning_Account_Hoverover_Option' is hovered

2019-01-18 20:13:56 - [TEST_STEP][PASSED] - waitForPageLoad(G_Timeout): Wait for page load successfully

2019-01-18 20:13:56 - [MESSAGE][PASSED] - Wait for page load successfully

2019-01-18 20:13:56 - [TEST_STEP][PASSED] - click(findTestObject("TF_Customer_Create/2_Select_Menu_Options(All)/13_LDI_Vendor_Site")): Object: 'Object Repository/TF_Customer_Create/2_Select_Menu_Options(All)/13_LDI_Vendor_Site' is clicked on

2019-01-18 20:13:56 - [MESSAGE][PASSED] - Object: 'Object Repository/TF_Customer_Create/2_Select_Menu_Options(All)/13_LDI_Vendor_Site' is clicked on

2019-01-18 20:13:56 - [TEST_STEP][PASSED] - waitForPageLoad(G_Timeout): Wait for page load successfully

2019-01-18 20:13:56 - [MESSAGE][PASSED] - Wait for page load successfully

2019-01-18 20:13:56 - [TEST_STEP][PASSED] - delay(3): Delayed 3 second(s)

2019-01-18 20:13:59 - [MESSAGE][PASSED] - Delayed 3 second(s)

2019-01-18 20:13:59 - [TEST_STEP][PASSED] - vndSiteName = com.oracledb.regressiontest.genName(15): com.oracledb.regressiontest.genName is PASSED

2019-01-18 20:13:59 - [MESSAGE][PASSED] - com.oracledb.regressiontest.genName is PASSED

2019-01-18 20:13:59 - [TEST_STEP][PASSED] - vndSiteNumber = com.oracledb.regressiontest.genName(12): com.oracledb.regressiontest.genName is PASSED

2019-01-18 20:13:59 - [MESSAGE][PASSED] - com.oracledb.regressiontest.genName is PASSED

2019-01-18 20:13:59 - [TEST_STEP][PASSED] - vndSiteCd = com.oracledb.regressiontest.genName(10): com.oracledb.regressiontest.genName is PASSED

2019-01-18 20:13:59 - [MESSAGE][PASSED] - com.oracledb.regressiontest.genName is PASSED

2019-01-18 20:13:59 - [TEST_STEP][PASSED] - vndSiteCity = com.oracledb.regressiontest.genName(8): com.oracledb.regressiontest.genName is PASSED

2019-01-18 20:13:59 - [MESSAGE][PASSED] - com.oracledb.regressiontest.genName is PASSED

2019-01-18 20:13:59 - [TEST_STEP][PASSED] - vndSitePtlCd = com.oracledb.regressiontest.genName(6): com.oracledb.regressiontest.genName is PASSED

2019-01-18 20:13:59 - [MESSAGE][PASSED] - com.oracledb.regressiontest.genName is PASSED

2019-01-18 20:13:59 - [TEST_STEP][PASSED] - setText(findTestObject("TF_Customer_Create/4_Create_Objects_And_Save/13_Create_LDI_Vendor_Site/Input_Vendor_Site_Name/input_Vendor_Site_Nm"), vndSiteName): Text 'KRS150LJCM3ZGGO' is set on object 'Object Repository/TF_Customer_Create/4_Create_Objects_And_Save/13_Create_LDI_Vendor_Site/Input_Vendor_Site_Name/input_Vendor_Site_Nm'

2019-01-18 20:13:59 - [MESSAGE][PASSED] - Text 'KRS150LJCM3ZGGO' is set on object 'Object Repository/TF_Customer_Create/4_Create_Objects_And_Save/13_Create_LDI_Vendor_Site/Input_Vendor_Site_Name/input_Vendor_Site_Nm'

2019-01-18 20:13:59 - [TEST_STEP][PASSED] - setText(findTestObject("TF_Customer_Create/4_Create_Objects_And_Save/13_Create_LDI_Vendor_Site/Input_Vendor_Site_Name/input_Vendor_Site_Number"), vndSiteNumber): Text 'L39AJADEVXV7' is set on object 'Object Repository/TF_Customer_Create/4_Create_Objects_And_Save/13_Create_LDI_Vendor_Site/Input_Vendor_Site_Name/input_Vendor_Site_Number'

2019-01-18 20:13:59 - [MESSAGE][PASSED] - Text 'L39AJADEVXV7' is set on object 'Object Repository/TF_Customer_Create/4_Create_Objects_And_Save/13_Create_LDI_Vendor_Site/Input_Vendor_Site_Name/input_Vendor_Site_Number'

2019-01-18 20:13:59 - [TEST_STEP][PASSED] - setText(findTestObject("TF_Customer_Create/4_Create_Objects_And_Save/13_Create_LDI_Vendor_Site/Input_Vendor_Site_Name/input_Vendor_Site_Cd"), vndSiteCd): Text '4YUND715W1' is set on object 'Object Repository/TF_Customer_Create/4_Create_Objects_And_Save/13_Create_LDI_Vendor_Site/Input_Vendor_Site_Name/input_Vendor_Site_Cd'

2019-01-18 20:13:59 - [MESSAGE][PASSED] - Text '4YUND715W1' is set on object 'Object Repository/TF_Customer_Create/4_Create_Objects_And_Save/13_Create_LDI_Vendor_Site/Input_Vendor_Site_Name/input_Vendor_Site_Cd'

2019-01-18 20:13:59 - [TEST_STEP][PASSED] - setText(findTestObject("TF_Customer_Create/4_Create_Objects_And_Save/13_Create_LDI_Vendor_Site/Input_Vendor_Site_Name/input_Vendor_Site_City"), vndSiteCity): Text '2DJ3HZFE' is set on object 'Object Repository/TF_Customer_Create/4_Create_Objects_And_Save/13_Create_LDI_Vendor_Site/Input_Vendor_Site_Name/input_Vendor_Site_City'

2019-01-18 20:13:59 - [MESSAGE][PASSED] - Text '2DJ3HZFE' is set on object 'Object Repository/TF_Customer_Create/4_Create_Objects_And_Save/13_Create_LDI_Vendor_Site/Input_Vendor_Site_Name/input_Vendor_Site_City'

2019-01-18 20:13:59 - [TEST_STEP][PASSED] - setText(findTestObject("TF_Customer_Create/4_Create_Objects_And_Save/13_Create_LDI_Vendor_Site/Input_Vendor_Site_Name/input_Vendor_Site_Postal_Code"), vndSitePtlCd): Text '8370NO' is set on object 'Object Repository/TF_Customer_Create/4_Create_Objects_And_Save/13_Create_LDI_Vendor_Site/Input_Vendor_Site_Name/input_Vendor_Site_Postal_Code'

2019-01-18 20:14:00 - [MESSAGE][PASSED] - Text '8370NO' is set on object 'Object Repository/TF_Customer_Create/4_Create_Objects_And_Save/13_Create_LDI_Vendor_Site/Input_Vendor_Site_Name/input_Vendor_Site_Postal_Code'

2019-01-18 20:14:00 - [TEST_STEP][NOT_RUN] - setText(findTestObject("TF_Customer_Create/4_Create_Objects_And_Save/Set_Effective_Dates/input_Effective_End_Date"), input_Eff_End_Dt): NOT_RUN: setText(findTestObject("TF_Customer_Create/4_Create_Objects_And_Save/Set_Effective_Dates/input_Effective_End_Date"), input_Eff_End_Dt)

2019-01-18 20:14:00 - [MESSAGE][NOT_RUN] - NOT_RUN: setText(findTestObject("TF_Customer_Create/4_Create_Objects_And_Save/Set_Effective_Dates/input_Effective_End_Date"), input_Eff_End_Dt)

2019-01-18 20:14:00 - [TEST_STEP][PASSED] - delay(2): Delayed 2 second(s)

2019-01-18 20:14:02 - [MESSAGE][PASSED] - Delayed 2 second(s)

2019-01-18 20:14:02 - [TEST_STEP][PASSED] - click(findTestObject("TF_Customer_Create/3_Common_Action_Buttons/Click_Data_Tab/span_Data_Tab")): Object: 'Object Repository/TF_Customer_Create/3_Common_Action_Buttons/Click_Data_Tab/span_Data_Tab' is clicked on

2019-01-18 20:14:02 - [MESSAGE][PASSED] - Object: 'Object Repository/TF_Customer_Create/3_Common_Action_Buttons/Click_Data_Tab/span_Data_Tab' is clicked on

2019-01-18 20:14:02 - [TEST_STEP][NOT_RUN] - click(findTestObject("TF_Customer_Create/4_Create_Objects_And_Save/Choose_Sales_Org/Click_Sales_Org_DD"), CONTINUE_ON_FAILURE): NOT_RUN: click(findTestObject("TF_Customer_Create/4_Create_Objects_And_Save/Choose_Sales_Org/Click_Sales_Org_DD"), CONTINUE_ON_FAILURE)

2019-01-18 20:14:02 - [MESSAGE][NOT_RUN] - NOT_RUN: click(findTestObject("TF_Customer_Create/4_Create_Objects_And_Save/Choose_Sales_Org/Click_Sales_Org_DD"), CONTINUE_ON_FAILURE)

2019-01-18 20:14:02 - [TEST_STEP][NOT_RUN] - click(findTestObject("TF_Customer_Create/4_Create_Objects_And_Save/Choose_Sales_Org/CA_Object"), CONTINUE_ON_FAILURE): NOT_RUN: click(findTestObject("TF_Customer_Create/4_Create_Objects_And_Save/Choose_Sales_Org/CA_Object"), CONTINUE_ON_FAILURE)

2019-01-18 20:14:02 - [MESSAGE][NOT_RUN] - NOT_RUN: click(findTestObject("TF_Customer_Create/4_Create_Objects_And_Save/Choose_Sales_Org/CA_Object"), CONTINUE_ON_FAILURE)

2019-01-18 20:14:02 - [TEST_STEP][PASSED] - delay(2): Delayed 2 second(s)

2019-01-18 20:14:04 - [MESSAGE][PASSED] - Delayed 2 second(s)

2019-01-18 20:14:04 - [TEST_STEP][PASSED] - click(findTestObject("TF_Customer_Create/3_Common_Action_Buttons/Click_Apply_Button/td_Apply")): Object: 'Object Repository/TF_Customer_Create/3_Common_Action_Buttons/Click_Apply_Button/td_Apply' is clicked on

2019-01-18 20:14:04 - [MESSAGE][PASSED] - Object: 'Object Repository/TF_Customer_Create/3_Common_Action_Buttons/Click_Apply_Button/td_Apply' is clicked on

2019-01-18 20:14:04 - [TEST_STEP][PASSED] - delay(2): Delayed 2 second(s)

2019-01-18 20:14:06 - [MESSAGE][PASSED] - Delayed 2 second(s)

2019-01-18 20:14:06 - [TEST_STEP][PASSED] - click(findTestObject("TF_Customer_Create/3_Common_Action_Buttons/Click_Save_Button/btn_Save")): Object: 'Object Repository/TF_Customer_Create/3_Common_Action_Buttons/Click_Save_Button/btn_Save' is clicked on

2019-01-18 20:14:06 - [MESSAGE][PASSED] - Object: 'Object Repository/TF_Customer_Create/3_Common_Action_Buttons/Click_Save_Button/btn_Save' is clicked on

2019-01-18 20:14:06 - [TEST_STEP][PASSED] - delay(2): Delayed 2 second(s)

2019-01-18 20:14:08 - [MESSAGE][PASSED] - Delayed 2 second(s)

2019-01-18 20:14:08 - [TEST_STEP][NOT_RUN] - verifyElementText(findTestObject("TF_Customer_Create/3_Common_Action_Buttons/Verify_Success_Message/Success_Message"), "Record has been saved successfully.", CONTINUE_ON_FAILURE): NOT_RUN: verifyElementText(findTestObject("TF_Customer_Create/3_Common_Action_Buttons/Verify_Success_Message/Success_Message"), "Record has been saved successfully.", CONTINUE_ON_FAILURE)

2019-01-18 20:14:08 - [MESSAGE][NOT_RUN] - NOT_RUN: verifyElementText(findTestObject("TF_Customer_Create/3_Common_Action_Buttons/Verify_Success_Message/Success_Message"), "Record has been saved successfully.", CONTINUE_ON_FAILURE)

2019-01-18 20:14:08 - [TEST_STEP][NOT_RUN] - click(findTestObject("TF_Customer_Create/3_Common_Action_Buttons/Click_Data_Tab/span_Data_Tab")): NOT_RUN: click(findTestObject("TF_Customer_Create/3_Common_Action_Buttons/Click_Data_Tab/span_Data_Tab"))

2019-01-18 20:14:08 - [MESSAGE][NOT_RUN] - NOT_RUN: click(findTestObject("TF_Customer_Create/3_Common_Action_Buttons/Click_Data_Tab/span_Data_Tab"))

2019-01-18 20:14:08 - [TEST_STEP][NOT_RUN] - delay(1): NOT_RUN: delay(1)

2019-01-18 20:14:08 - [MESSAGE][NOT_RUN] - NOT_RUN: delay(1)

2019-01-18 20:14:08 - [TEST_STEP][NOT_RUN] - click(findTestObject("TF_Customer_Create/3_Common_Action_Buttons/Click_Close_Button/btn_Close")): NOT_RUN: click(findTestObject("TF_Customer_Create/3_Common_Action_Buttons/Click_Close_Button/btn_Close"))

2019-01-18 20:14:08 - [MESSAGE][NOT_RUN] - NOT_RUN: click(findTestObject("TF_Customer_Create/3_Common_Action_Buttons/Click_Close_Button/btn_Close"))

2019-01-18 20:14:08 - [TEST_STEP][NOT_RUN] - delay(2): NOT_RUN: delay(2)

2019-01-18 20:14:08 - [MESSAGE][NOT_RUN] - NOT_RUN: delay(2)

2019-01-18 20:14:08 - [TEST_STEP][NOT_RUN] - vrfy_PLA = com.oracledb.regressiontest.verifyPLA(ora_connt, ora_usr, ora_psswrd, ora_schema, plaAcctName): NOT_RUN: vrfy_PLA = com.oracledb.regressiontest.verifyPLA(ora_connt, ora_usr, ora_psswrd, ora_schema, plaAcctName)

2019-01-18 20:14:08 - [MESSAGE][NOT_RUN] - NOT_RUN: vrfy_PLA = com.oracledb.regressiontest.verifyPLA(ora_connt, ora_usr, ora_psswrd, ora_schema, plaAcctName)

2019-01-18 20:14:08 - [TEST_STEP][NOT_RUN] - println("Planning Account Name"): NOT_RUN: println("Planning Account Name")

2019-01-18 20:14:08 - [MESSAGE][NOT_RUN] - NOT_RUN: println("Planning Account Name")

2019-01-18 20:14:08 - [TEST_STEP][NOT_RUN] - verifyEqual(PLANNING_ACCOUNT_NAME, plaAcctName): NOT_RUN: verifyEqual(PLANNING_ACCOUNT_NAME, plaAcctName)

2019-01-18 20:14:08 - [MESSAGE][NOT_RUN] - NOT_RUN: verifyEqual(PLANNING_ACCOUNT_NAME, plaAcctName)]]></system-out>
         <system-err><![CDATA[]]></system-err>
      </testcase>
      <testcase name="Test Cases/Regression_TF_Customer/Create_Record/TC_13_Create_LDI_Vendor_Site" classname="Test Cases/Regression_TF_Customer/Create_Record/TC_13_Create_LDI_Vendor_Site" status="PASSED">
         <system-out><![CDATA[2019-01-18 20:14:08 - [TEST_CASE][PASSED] - Test Cases/Regression_TF_Customer/Create_Record/TC_13_Create_LDI_Vendor_Site: Test Cases/Regression_TF_Customer/Create_Record/TC_13_Create_LDI_Vendor_Site

2019-01-18 20:14:08 - [TEST_STEP][PASSED] - waitForPageLoad(G_Timeout): Wait for page load successfully

2019-01-18 20:14:08 - [MESSAGE][PASSED] - Wait for page load successfully

2019-01-18 20:14:08 - [TEST_STEP][PASSED] - mouseOver(findTestObject("TF_Customer_Create/1_Menu_Navigation_To_Open_All_Pages/0_Menu_Create_In_Data_View")): Object: 'Object Repository/TF_Customer_Create/1_Menu_Navigation_To_Open_All_Pages/0_Menu_Create_In_Data_View' is hovered

2019-01-18 20:14:08 - [MESSAGE][PASSED] - Object: 'Object Repository/TF_Customer_Create/1_Menu_Navigation_To_Open_All_Pages/0_Menu_Create_In_Data_View' is hovered

2019-01-18 20:14:08 - [TEST_STEP][PASSED] - waitForPageLoad(G_Timeout): Wait for page load successfully

2019-01-18 20:14:08 - [MESSAGE][PASSED] - Wait for page load successfully

2019-01-18 20:14:08 - [TEST_STEP][PASSED] - mouseOver(findTestObject("TF_Customer_Create/1_Menu_Navigation_To_Open_All_Pages/1_Menu_Create_Master_Data")): Object: 'Object Repository/TF_Customer_Create/1_Menu_Navigation_To_Open_All_Pages/1_Menu_Create_Master_Data' is hovered

2019-01-18 20:14:08 - [MESSAGE][PASSED] - Object: 'Object Repository/TF_Customer_Create/1_Menu_Navigation_To_Open_All_Pages/1_Menu_Create_Master_Data' is hovered

2019-01-18 20:14:08 - [TEST_STEP][PASSED] - waitForPageLoad(G_Timeout): Wait for page load successfully

2019-01-18 20:14:08 - [MESSAGE][PASSED] - Wait for page load successfully

2019-01-18 20:14:08 - [TEST_STEP][PASSED] - mouseOver(findTestObject("TF_Customer_Create/1_Menu_Navigation_To_Open_All_Pages/3_Planning_Account_Hoverover_Option")): Object: 'Object Repository/TF_Customer_Create/1_Menu_Navigation_To_Open_All_Pages/3_Planning_Account_Hoverover_Option' is hovered

2019-01-18 20:14:09 - [MESSAGE][PASSED] - Object: 'Object Repository/TF_Customer_Create/1_Menu_Navigation_To_Open_All_Pages/3_Planning_Account_Hoverover_Option' is hovered

2019-01-18 20:14:09 - [TEST_STEP][PASSED] - waitForPageLoad(G_Timeout): Wait for page load successfully

2019-01-18 20:14:09 - [MESSAGE][PASSED] - Wait for page load successfully

2019-01-18 20:14:09 - [TEST_STEP][PASSED] - click(findTestObject("TF_Customer_Create/2_Select_Menu_Options(All)/13_LDI_Vendor_Site")): Object: 'Object Repository/TF_Customer_Create/2_Select_Menu_Options(All)/13_LDI_Vendor_Site' is clicked on

2019-01-18 20:14:09 - [MESSAGE][PASSED] - Object: 'Object Repository/TF_Customer_Create/2_Select_Menu_Options(All)/13_LDI_Vendor_Site' is clicked on

2019-01-18 20:14:09 - [TEST_STEP][PASSED] - waitForPageLoad(G_Timeout): Wait for page load successfully

2019-01-18 20:14:09 - [MESSAGE][PASSED] - Wait for page load successfully

2019-01-18 20:14:09 - [TEST_STEP][PASSED] - delay(3): Delayed 3 second(s)

2019-01-18 20:14:12 - [MESSAGE][PASSED] - Delayed 3 second(s)

2019-01-18 20:14:12 - [TEST_STEP][PASSED] - vndSiteName = com.oracledb.regressiontest.genName(15): com.oracledb.regressiontest.genName is PASSED

2019-01-18 20:14:12 - [MESSAGE][PASSED] - com.oracledb.regressiontest.genName is PASSED

2019-01-18 20:14:12 - [TEST_STEP][PASSED] - vndSiteNumber = com.oracledb.regressiontest.genName(12): com.oracledb.regressiontest.genName is PASSED

2019-01-18 20:14:12 - [MESSAGE][PASSED] - com.oracledb.regressiontest.genName is PASSED

2019-01-18 20:14:12 - [TEST_STEP][PASSED] - vndSiteCd = com.oracledb.regressiontest.genName(10): com.oracledb.regressiontest.genName is PASSED

2019-01-18 20:14:12 - [MESSAGE][PASSED] - com.oracledb.regressiontest.genName is PASSED

2019-01-18 20:14:12 - [TEST_STEP][PASSED] - vndSiteCity = com.oracledb.regressiontest.genName(8): com.oracledb.regressiontest.genName is PASSED

2019-01-18 20:14:12 - [MESSAGE][PASSED] - com.oracledb.regressiontest.genName is PASSED

2019-01-18 20:14:12 - [TEST_STEP][PASSED] - vndSitePtlCd = com.oracledb.regressiontest.genName(6): com.oracledb.regressiontest.genName is PASSED

2019-01-18 20:14:12 - [MESSAGE][PASSED] - com.oracledb.regressiontest.genName is PASSED

2019-01-18 20:14:12 - [TEST_STEP][PASSED] - setText(findTestObject("TF_Customer_Create/4_Create_Objects_And_Save/13_Create_LDI_Vendor_Site/Input_Vendor_Site_Name/input_Vendor_Site_Nm"), vndSiteName): Text 'B75ADGB67BXBOSC' is set on object 'Object Repository/TF_Customer_Create/4_Create_Objects_And_Save/13_Create_LDI_Vendor_Site/Input_Vendor_Site_Name/input_Vendor_Site_Nm'

2019-01-18 20:14:12 - [MESSAGE][PASSED] - Text 'B75ADGB67BXBOSC' is set on object 'Object Repository/TF_Customer_Create/4_Create_Objects_And_Save/13_Create_LDI_Vendor_Site/Input_Vendor_Site_Name/input_Vendor_Site_Nm'

2019-01-18 20:14:12 - [TEST_STEP][PASSED] - setText(findTestObject("TF_Customer_Create/4_Create_Objects_And_Save/13_Create_LDI_Vendor_Site/Input_Vendor_Site_Name/input_Vendor_Site_Number"), vndSiteNumber): Text 'GHM2L4C538C4' is set on object 'Object Repository/TF_Customer_Create/4_Create_Objects_And_Save/13_Create_LDI_Vendor_Site/Input_Vendor_Site_Name/input_Vendor_Site_Number'

2019-01-18 20:14:12 - [MESSAGE][PASSED] - Text 'GHM2L4C538C4' is set on object 'Object Repository/TF_Customer_Create/4_Create_Objects_And_Save/13_Create_LDI_Vendor_Site/Input_Vendor_Site_Name/input_Vendor_Site_Number'

2019-01-18 20:14:12 - [TEST_STEP][PASSED] - setText(findTestObject("TF_Customer_Create/4_Create_Objects_And_Save/13_Create_LDI_Vendor_Site/Input_Vendor_Site_Name/input_Vendor_Site_Cd"), vndSiteCd): Text 'VLA20ETKSP' is set on object 'Object Repository/TF_Customer_Create/4_Create_Objects_And_Save/13_Create_LDI_Vendor_Site/Input_Vendor_Site_Name/input_Vendor_Site_Cd'

2019-01-18 20:14:12 - [MESSAGE][PASSED] - Text 'VLA20ETKSP' is set on object 'Object Repository/TF_Customer_Create/4_Create_Objects_And_Save/13_Create_LDI_Vendor_Site/Input_Vendor_Site_Name/input_Vendor_Site_Cd'

2019-01-18 20:14:12 - [TEST_STEP][PASSED] - setText(findTestObject("TF_Customer_Create/4_Create_Objects_And_Save/13_Create_LDI_Vendor_Site/Input_Vendor_Site_Name/input_Vendor_Site_City"), vndSiteCity): Text 'J4PLN739' is set on object 'Object Repository/TF_Customer_Create/4_Create_Objects_And_Save/13_Create_LDI_Vendor_Site/Input_Vendor_Site_Name/input_Vendor_Site_City'

2019-01-18 20:14:12 - [MESSAGE][PASSED] - Text 'J4PLN739' is set on object 'Object Repository/TF_Customer_Create/4_Create_Objects_And_Save/13_Create_LDI_Vendor_Site/Input_Vendor_Site_Name/input_Vendor_Site_City'

2019-01-18 20:14:12 - [TEST_STEP][PASSED] - setText(findTestObject("TF_Customer_Create/4_Create_Objects_And_Save/13_Create_LDI_Vendor_Site/Input_Vendor_Site_Name/input_Vendor_Site_Postal_Code"), vndSitePtlCd): Text 'FMT11Y' is set on object 'Object Repository/TF_Customer_Create/4_Create_Objects_And_Save/13_Create_LDI_Vendor_Site/Input_Vendor_Site_Name/input_Vendor_Site_Postal_Code'

2019-01-18 20:14:12 - [MESSAGE][PASSED] - Text 'FMT11Y' is set on object 'Object Repository/TF_Customer_Create/4_Create_Objects_And_Save/13_Create_LDI_Vendor_Site/Input_Vendor_Site_Name/input_Vendor_Site_Postal_Code'

2019-01-18 20:14:12 - [TEST_STEP][NOT_RUN] - setText(findTestObject("TF_Customer_Create/4_Create_Objects_And_Save/Set_Effective_Dates/input_Effective_End_Date"), input_Eff_End_Dt): NOT_RUN: setText(findTestObject("TF_Customer_Create/4_Create_Objects_And_Save/Set_Effective_Dates/input_Effective_End_Date"), input_Eff_End_Dt)

2019-01-18 20:14:12 - [MESSAGE][NOT_RUN] - NOT_RUN: setText(findTestObject("TF_Customer_Create/4_Create_Objects_And_Save/Set_Effective_Dates/input_Effective_End_Date"), input_Eff_End_Dt)

2019-01-18 20:14:12 - [TEST_STEP][PASSED] - delay(2): Delayed 2 second(s)

2019-01-18 20:14:14 - [MESSAGE][PASSED] - Delayed 2 second(s)

2019-01-18 20:14:14 - [TEST_STEP][PASSED] - click(findTestObject("TF_Customer_Create/3_Common_Action_Buttons/Click_Data_Tab/span_Data_Tab")): Object: 'Object Repository/TF_Customer_Create/3_Common_Action_Buttons/Click_Data_Tab/span_Data_Tab' is clicked on

2019-01-18 20:14:15 - [MESSAGE][PASSED] - Object: 'Object Repository/TF_Customer_Create/3_Common_Action_Buttons/Click_Data_Tab/span_Data_Tab' is clicked on

2019-01-18 20:14:15 - [TEST_STEP][NOT_RUN] - click(findTestObject("TF_Customer_Create/4_Create_Objects_And_Save/Choose_Sales_Org/Click_Sales_Org_DD"), CONTINUE_ON_FAILURE): NOT_RUN: click(findTestObject("TF_Customer_Create/4_Create_Objects_And_Save/Choose_Sales_Org/Click_Sales_Org_DD"), CONTINUE_ON_FAILURE)

2019-01-18 20:14:15 - [MESSAGE][NOT_RUN] - NOT_RUN: click(findTestObject("TF_Customer_Create/4_Create_Objects_And_Save/Choose_Sales_Org/Click_Sales_Org_DD"), CONTINUE_ON_FAILURE)

2019-01-18 20:14:15 - [TEST_STEP][NOT_RUN] - click(findTestObject("TF_Customer_Create/4_Create_Objects_And_Save/Choose_Sales_Org/CA_Object"), CONTINUE_ON_FAILURE): NOT_RUN: click(findTestObject("TF_Customer_Create/4_Create_Objects_And_Save/Choose_Sales_Org/CA_Object"), CONTINUE_ON_FAILURE)

2019-01-18 20:14:15 - [MESSAGE][NOT_RUN] - NOT_RUN: click(findTestObject("TF_Customer_Create/4_Create_Objects_And_Save/Choose_Sales_Org/CA_Object"), CONTINUE_ON_FAILURE)

2019-01-18 20:14:15 - [TEST_STEP][PASSED] - delay(2): Delayed 2 second(s)

2019-01-18 20:14:17 - [MESSAGE][PASSED] - Delayed 2 second(s)

2019-01-18 20:14:17 - [TEST_STEP][PASSED] - click(findTestObject("TF_Customer_Create/3_Common_Action_Buttons/Click_Apply_Button/td_Apply")): Object: 'Object Repository/TF_Customer_Create/3_Common_Action_Buttons/Click_Apply_Button/td_Apply' is clicked on

2019-01-18 20:14:17 - [MESSAGE][PASSED] - Object: 'Object Repository/TF_Customer_Create/3_Common_Action_Buttons/Click_Apply_Button/td_Apply' is clicked on

2019-01-18 20:14:17 - [TEST_STEP][PASSED] - delay(2): Delayed 2 second(s)

2019-01-18 20:14:19 - [MESSAGE][PASSED] - Delayed 2 second(s)

2019-01-18 20:14:19 - [TEST_STEP][PASSED] - click(findTestObject("TF_Customer_Create/3_Common_Action_Buttons/Click_Save_Button/btn_Save")): Object: 'Object Repository/TF_Customer_Create/3_Common_Action_Buttons/Click_Save_Button/btn_Save' is clicked on

2019-01-18 20:14:19 - [MESSAGE][PASSED] - Object: 'Object Repository/TF_Customer_Create/3_Common_Action_Buttons/Click_Save_Button/btn_Save' is clicked on

2019-01-18 20:14:19 - [TEST_STEP][PASSED] - delay(2): Delayed 2 second(s)

2019-01-18 20:14:21 - [MESSAGE][PASSED] - Delayed 2 second(s)

2019-01-18 20:14:21 - [TEST_STEP][NOT_RUN] - verifyElementText(findTestObject("TF_Customer_Create/3_Common_Action_Buttons/Verify_Success_Message/Success_Message"), "Record has been saved successfully.", CONTINUE_ON_FAILURE): NOT_RUN: verifyElementText(findTestObject("TF_Customer_Create/3_Common_Action_Buttons/Verify_Success_Message/Success_Message"), "Record has been saved successfully.", CONTINUE_ON_FAILURE)

2019-01-18 20:14:21 - [MESSAGE][NOT_RUN] - NOT_RUN: verifyElementText(findTestObject("TF_Customer_Create/3_Common_Action_Buttons/Verify_Success_Message/Success_Message"), "Record has been saved successfully.", CONTINUE_ON_FAILURE)

2019-01-18 20:14:21 - [TEST_STEP][NOT_RUN] - click(findTestObject("TF_Customer_Create/3_Common_Action_Buttons/Click_Data_Tab/span_Data_Tab")): NOT_RUN: click(findTestObject("TF_Customer_Create/3_Common_Action_Buttons/Click_Data_Tab/span_Data_Tab"))

2019-01-18 20:14:21 - [MESSAGE][NOT_RUN] - NOT_RUN: click(findTestObject("TF_Customer_Create/3_Common_Action_Buttons/Click_Data_Tab/span_Data_Tab"))

2019-01-18 20:14:21 - [TEST_STEP][NOT_RUN] - delay(1): NOT_RUN: delay(1)

2019-01-18 20:14:21 - [MESSAGE][NOT_RUN] - NOT_RUN: delay(1)

2019-01-18 20:14:21 - [TEST_STEP][NOT_RUN] - click(findTestObject("TF_Customer_Create/3_Common_Action_Buttons/Click_Close_Button/btn_Close")): NOT_RUN: click(findTestObject("TF_Customer_Create/3_Common_Action_Buttons/Click_Close_Button/btn_Close"))

2019-01-18 20:14:21 - [MESSAGE][NOT_RUN] - NOT_RUN: click(findTestObject("TF_Customer_Create/3_Common_Action_Buttons/Click_Close_Button/btn_Close"))

2019-01-18 20:14:21 - [TEST_STEP][NOT_RUN] - delay(2): NOT_RUN: delay(2)

2019-01-18 20:14:21 - [MESSAGE][NOT_RUN] - NOT_RUN: delay(2)

2019-01-18 20:14:21 - [TEST_STEP][NOT_RUN] - vrfy_PLA = com.oracledb.regressiontest.verifyPLA(ora_connt, ora_usr, ora_psswrd, ora_schema, plaAcctName): NOT_RUN: vrfy_PLA = com.oracledb.regressiontest.verifyPLA(ora_connt, ora_usr, ora_psswrd, ora_schema, plaAcctName)

2019-01-18 20:14:21 - [MESSAGE][NOT_RUN] - NOT_RUN: vrfy_PLA = com.oracledb.regressiontest.verifyPLA(ora_connt, ora_usr, ora_psswrd, ora_schema, plaAcctName)

2019-01-18 20:14:21 - [TEST_STEP][NOT_RUN] - println("Planning Account Name"): NOT_RUN: println("Planning Account Name")

2019-01-18 20:14:21 - [MESSAGE][NOT_RUN] - NOT_RUN: println("Planning Account Name")

2019-01-18 20:14:21 - [TEST_STEP][NOT_RUN] - verifyEqual(PLANNING_ACCOUNT_NAME, plaAcctName): NOT_RUN: verifyEqual(PLANNING_ACCOUNT_NAME, plaAcctName)

2019-01-18 20:14:21 - [MESSAGE][NOT_RUN] - NOT_RUN: verifyEqual(PLANNING_ACCOUNT_NAME, plaAcctName)]]></system-out>
         <system-err><![CDATA[]]></system-err>
      </testcase>
      <testcase name="Test Cases/Regression_TF_Customer/Create_Record/TC_13_Create_LDI_Vendor_Site" classname="Test Cases/Regression_TF_Customer/Create_Record/TC_13_Create_LDI_Vendor_Site" status="PASSED">
         <system-out><![CDATA[2019-01-18 20:14:21 - [TEST_CASE][PASSED] - Test Cases/Regression_TF_Customer/Create_Record/TC_13_Create_LDI_Vendor_Site: Test Cases/Regression_TF_Customer/Create_Record/TC_13_Create_LDI_Vendor_Site

2019-01-18 20:14:21 - [TEST_STEP][PASSED] - waitForPageLoad(G_Timeout): Wait for page load successfully

2019-01-18 20:14:21 - [MESSAGE][PASSED] - Wait for page load successfully

2019-01-18 20:14:21 - [TEST_STEP][PASSED] - mouseOver(findTestObject("TF_Customer_Create/1_Menu_Navigation_To_Open_All_Pages/0_Menu_Create_In_Data_View")): Object: 'Object Repository/TF_Customer_Create/1_Menu_Navigation_To_Open_All_Pages/0_Menu_Create_In_Data_View' is hovered

2019-01-18 20:14:21 - [MESSAGE][PASSED] - Object: 'Object Repository/TF_Customer_Create/1_Menu_Navigation_To_Open_All_Pages/0_Menu_Create_In_Data_View' is hovered

2019-01-18 20:14:21 - [TEST_STEP][PASSED] - waitForPageLoad(G_Timeout): Wait for page load successfully

2019-01-18 20:14:21 - [MESSAGE][PASSED] - Wait for page load successfully

2019-01-18 20:14:21 - [TEST_STEP][PASSED] - mouseOver(findTestObject("TF_Customer_Create/1_Menu_Navigation_To_Open_All_Pages/1_Menu_Create_Master_Data")): Object: 'Object Repository/TF_Customer_Create/1_Menu_Navigation_To_Open_All_Pages/1_Menu_Create_Master_Data' is hovered

2019-01-18 20:14:21 - [MESSAGE][PASSED] - Object: 'Object Repository/TF_Customer_Create/1_Menu_Navigation_To_Open_All_Pages/1_Menu_Create_Master_Data' is hovered

2019-01-18 20:14:21 - [TEST_STEP][PASSED] - waitForPageLoad(G_Timeout): Wait for page load successfully

2019-01-18 20:14:21 - [MESSAGE][PASSED] - Wait for page load successfully

2019-01-18 20:14:21 - [TEST_STEP][PASSED] - mouseOver(findTestObject("TF_Customer_Create/1_Menu_Navigation_To_Open_All_Pages/3_Planning_Account_Hoverover_Option")): Object: 'Object Repository/TF_Customer_Create/1_Menu_Navigation_To_Open_All_Pages/3_Planning_Account_Hoverover_Option' is hovered

2019-01-18 20:14:22 - [MESSAGE][PASSED] - Object: 'Object Repository/TF_Customer_Create/1_Menu_Navigation_To_Open_All_Pages/3_Planning_Account_Hoverover_Option' is hovered

2019-01-18 20:14:22 - [TEST_STEP][PASSED] - waitForPageLoad(G_Timeout): Wait for page load successfully

2019-01-18 20:14:22 - [MESSAGE][PASSED] - Wait for page load successfully

2019-01-18 20:14:22 - [TEST_STEP][PASSED] - click(findTestObject("TF_Customer_Create/2_Select_Menu_Options(All)/13_LDI_Vendor_Site")): Object: 'Object Repository/TF_Customer_Create/2_Select_Menu_Options(All)/13_LDI_Vendor_Site' is clicked on

2019-01-18 20:14:22 - [MESSAGE][PASSED] - Object: 'Object Repository/TF_Customer_Create/2_Select_Menu_Options(All)/13_LDI_Vendor_Site' is clicked on

2019-01-18 20:14:22 - [TEST_STEP][PASSED] - waitForPageLoad(G_Timeout): Wait for page load successfully

2019-01-18 20:14:22 - [MESSAGE][PASSED] - Wait for page load successfully

2019-01-18 20:14:22 - [TEST_STEP][PASSED] - delay(3): Delayed 3 second(s)

2019-01-18 20:14:25 - [MESSAGE][PASSED] - Delayed 3 second(s)

2019-01-18 20:14:25 - [TEST_STEP][PASSED] - vndSiteName = com.oracledb.regressiontest.genName(15): com.oracledb.regressiontest.genName is PASSED

2019-01-18 20:14:25 - [MESSAGE][PASSED] - com.oracledb.regressiontest.genName is PASSED

2019-01-18 20:14:25 - [TEST_STEP][PASSED] - vndSiteNumber = com.oracledb.regressiontest.genName(12): com.oracledb.regressiontest.genName is PASSED

2019-01-18 20:14:25 - [MESSAGE][PASSED] - com.oracledb.regressiontest.genName is PASSED

2019-01-18 20:14:25 - [TEST_STEP][PASSED] - vndSiteCd = com.oracledb.regressiontest.genName(10): com.oracledb.regressiontest.genName is PASSED

2019-01-18 20:14:25 - [MESSAGE][PASSED] - com.oracledb.regressiontest.genName is PASSED

2019-01-18 20:14:25 - [TEST_STEP][PASSED] - vndSiteCity = com.oracledb.regressiontest.genName(8): com.oracledb.regressiontest.genName is PASSED

2019-01-18 20:14:25 - [MESSAGE][PASSED] - com.oracledb.regressiontest.genName is PASSED

2019-01-18 20:14:25 - [TEST_STEP][PASSED] - vndSitePtlCd = com.oracledb.regressiontest.genName(6): com.oracledb.regressiontest.genName is PASSED

2019-01-18 20:14:25 - [MESSAGE][PASSED] - com.oracledb.regressiontest.genName is PASSED

2019-01-18 20:14:25 - [TEST_STEP][PASSED] - setText(findTestObject("TF_Customer_Create/4_Create_Objects_And_Save/13_Create_LDI_Vendor_Site/Input_Vendor_Site_Name/input_Vendor_Site_Nm"), vndSiteName): Text '6DXY5D15KPSIJZC' is set on object 'Object Repository/TF_Customer_Create/4_Create_Objects_And_Save/13_Create_LDI_Vendor_Site/Input_Vendor_Site_Name/input_Vendor_Site_Nm'

2019-01-18 20:14:25 - [MESSAGE][PASSED] - Text '6DXY5D15KPSIJZC' is set on object 'Object Repository/TF_Customer_Create/4_Create_Objects_And_Save/13_Create_LDI_Vendor_Site/Input_Vendor_Site_Name/input_Vendor_Site_Nm'

2019-01-18 20:14:25 - [TEST_STEP][PASSED] - setText(findTestObject("TF_Customer_Create/4_Create_Objects_And_Save/13_Create_LDI_Vendor_Site/Input_Vendor_Site_Name/input_Vendor_Site_Number"), vndSiteNumber): Text 'GYZTWN4UPCXE' is set on object 'Object Repository/TF_Customer_Create/4_Create_Objects_And_Save/13_Create_LDI_Vendor_Site/Input_Vendor_Site_Name/input_Vendor_Site_Number'

2019-01-18 20:14:25 - [MESSAGE][PASSED] - Text 'GYZTWN4UPCXE' is set on object 'Object Repository/TF_Customer_Create/4_Create_Objects_And_Save/13_Create_LDI_Vendor_Site/Input_Vendor_Site_Name/input_Vendor_Site_Number'

2019-01-18 20:14:25 - [TEST_STEP][PASSED] - setText(findTestObject("TF_Customer_Create/4_Create_Objects_And_Save/13_Create_LDI_Vendor_Site/Input_Vendor_Site_Name/input_Vendor_Site_Cd"), vndSiteCd): Text '3QX4UPCH5B' is set on object 'Object Repository/TF_Customer_Create/4_Create_Objects_And_Save/13_Create_LDI_Vendor_Site/Input_Vendor_Site_Name/input_Vendor_Site_Cd'

2019-01-18 20:14:25 - [MESSAGE][PASSED] - Text '3QX4UPCH5B' is set on object 'Object Repository/TF_Customer_Create/4_Create_Objects_And_Save/13_Create_LDI_Vendor_Site/Input_Vendor_Site_Name/input_Vendor_Site_Cd'

2019-01-18 20:14:25 - [TEST_STEP][PASSED] - setText(findTestObject("TF_Customer_Create/4_Create_Objects_And_Save/13_Create_LDI_Vendor_Site/Input_Vendor_Site_Name/input_Vendor_Site_City"), vndSiteCity): Text 'EQYR4KA5' is set on object 'Object Repository/TF_Customer_Create/4_Create_Objects_And_Save/13_Create_LDI_Vendor_Site/Input_Vendor_Site_Name/input_Vendor_Site_City'

2019-01-18 20:14:25 - [MESSAGE][PASSED] - Text 'EQYR4KA5' is set on object 'Object Repository/TF_Customer_Create/4_Create_Objects_And_Save/13_Create_LDI_Vendor_Site/Input_Vendor_Site_Name/input_Vendor_Site_City'

2019-01-18 20:14:25 - [TEST_STEP][PASSED] - setText(findTestObject("TF_Customer_Create/4_Create_Objects_And_Save/13_Create_LDI_Vendor_Site/Input_Vendor_Site_Name/input_Vendor_Site_Postal_Code"), vndSitePtlCd): Text 'MXUWT5' is set on object 'Object Repository/TF_Customer_Create/4_Create_Objects_And_Save/13_Create_LDI_Vendor_Site/Input_Vendor_Site_Name/input_Vendor_Site_Postal_Code'

2019-01-18 20:14:25 - [MESSAGE][PASSED] - Text 'MXUWT5' is set on object 'Object Repository/TF_Customer_Create/4_Create_Objects_And_Save/13_Create_LDI_Vendor_Site/Input_Vendor_Site_Name/input_Vendor_Site_Postal_Code'

2019-01-18 20:14:25 - [TEST_STEP][NOT_RUN] - setText(findTestObject("TF_Customer_Create/4_Create_Objects_And_Save/Set_Effective_Dates/input_Effective_End_Date"), input_Eff_End_Dt): NOT_RUN: setText(findTestObject("TF_Customer_Create/4_Create_Objects_And_Save/Set_Effective_Dates/input_Effective_End_Date"), input_Eff_End_Dt)

2019-01-18 20:14:25 - [MESSAGE][NOT_RUN] - NOT_RUN: setText(findTestObject("TF_Customer_Create/4_Create_Objects_And_Save/Set_Effective_Dates/input_Effective_End_Date"), input_Eff_End_Dt)

2019-01-18 20:14:25 - [TEST_STEP][PASSED] - delay(2): Delayed 2 second(s)

2019-01-18 20:14:27 - [MESSAGE][PASSED] - Delayed 2 second(s)

2019-01-18 20:14:27 - [TEST_STEP][PASSED] - click(findTestObject("TF_Customer_Create/3_Common_Action_Buttons/Click_Data_Tab/span_Data_Tab")): Object: 'Object Repository/TF_Customer_Create/3_Common_Action_Buttons/Click_Data_Tab/span_Data_Tab' is clicked on

2019-01-18 20:14:27 - [MESSAGE][PASSED] - Object: 'Object Repository/TF_Customer_Create/3_Common_Action_Buttons/Click_Data_Tab/span_Data_Tab' is clicked on

2019-01-18 20:14:27 - [TEST_STEP][NOT_RUN] - click(findTestObject("TF_Customer_Create/4_Create_Objects_And_Save/Choose_Sales_Org/Click_Sales_Org_DD"), CONTINUE_ON_FAILURE): NOT_RUN: click(findTestObject("TF_Customer_Create/4_Create_Objects_And_Save/Choose_Sales_Org/Click_Sales_Org_DD"), CONTINUE_ON_FAILURE)

2019-01-18 20:14:27 - [MESSAGE][NOT_RUN] - NOT_RUN: click(findTestObject("TF_Customer_Create/4_Create_Objects_And_Save/Choose_Sales_Org/Click_Sales_Org_DD"), CONTINUE_ON_FAILURE)

2019-01-18 20:14:27 - [TEST_STEP][NOT_RUN] - click(findTestObject("TF_Customer_Create/4_Create_Objects_And_Save/Choose_Sales_Org/CA_Object"), CONTINUE_ON_FAILURE): NOT_RUN: click(findTestObject("TF_Customer_Create/4_Create_Objects_And_Save/Choose_Sales_Org/CA_Object"), CONTINUE_ON_FAILURE)

2019-01-18 20:14:27 - [MESSAGE][NOT_RUN] - NOT_RUN: click(findTestObject("TF_Customer_Create/4_Create_Objects_And_Save/Choose_Sales_Org/CA_Object"), CONTINUE_ON_FAILURE)

2019-01-18 20:14:27 - [TEST_STEP][PASSED] - delay(2): Delayed 2 second(s)

2019-01-18 20:14:29 - [MESSAGE][PASSED] - Delayed 2 second(s)

2019-01-18 20:14:29 - [TEST_STEP][PASSED] - click(findTestObject("TF_Customer_Create/3_Common_Action_Buttons/Click_Apply_Button/td_Apply")): Object: 'Object Repository/TF_Customer_Create/3_Common_Action_Buttons/Click_Apply_Button/td_Apply' is clicked on

2019-01-18 20:14:30 - [MESSAGE][PASSED] - Object: 'Object Repository/TF_Customer_Create/3_Common_Action_Buttons/Click_Apply_Button/td_Apply' is clicked on

2019-01-18 20:14:30 - [TEST_STEP][PASSED] - delay(2): Delayed 2 second(s)

2019-01-18 20:14:32 - [MESSAGE][PASSED] - Delayed 2 second(s)

2019-01-18 20:14:32 - [TEST_STEP][PASSED] - click(findTestObject("TF_Customer_Create/3_Common_Action_Buttons/Click_Save_Button/btn_Save")): Object: 'Object Repository/TF_Customer_Create/3_Common_Action_Buttons/Click_Save_Button/btn_Save' is clicked on

2019-01-18 20:14:32 - [MESSAGE][PASSED] - Object: 'Object Repository/TF_Customer_Create/3_Common_Action_Buttons/Click_Save_Button/btn_Save' is clicked on

2019-01-18 20:14:32 - [TEST_STEP][PASSED] - delay(2): Delayed 2 second(s)

2019-01-18 20:14:34 - [MESSAGE][PASSED] - Delayed 2 second(s)

2019-01-18 20:14:34 - [TEST_STEP][NOT_RUN] - verifyElementText(findTestObject("TF_Customer_Create/3_Common_Action_Buttons/Verify_Success_Message/Success_Message"), "Record has been saved successfully.", CONTINUE_ON_FAILURE): NOT_RUN: verifyElementText(findTestObject("TF_Customer_Create/3_Common_Action_Buttons/Verify_Success_Message/Success_Message"), "Record has been saved successfully.", CONTINUE_ON_FAILURE)

2019-01-18 20:14:34 - [MESSAGE][NOT_RUN] - NOT_RUN: verifyElementText(findTestObject("TF_Customer_Create/3_Common_Action_Buttons/Verify_Success_Message/Success_Message"), "Record has been saved successfully.", CONTINUE_ON_FAILURE)

2019-01-18 20:14:34 - [TEST_STEP][NOT_RUN] - click(findTestObject("TF_Customer_Create/3_Common_Action_Buttons/Click_Data_Tab/span_Data_Tab")): NOT_RUN: click(findTestObject("TF_Customer_Create/3_Common_Action_Buttons/Click_Data_Tab/span_Data_Tab"))

2019-01-18 20:14:34 - [MESSAGE][NOT_RUN] - NOT_RUN: click(findTestObject("TF_Customer_Create/3_Common_Action_Buttons/Click_Data_Tab/span_Data_Tab"))

2019-01-18 20:14:34 - [TEST_STEP][NOT_RUN] - delay(1): NOT_RUN: delay(1)

2019-01-18 20:14:34 - [MESSAGE][NOT_RUN] - NOT_RUN: delay(1)

2019-01-18 20:14:34 - [TEST_STEP][NOT_RUN] - click(findTestObject("TF_Customer_Create/3_Common_Action_Buttons/Click_Close_Button/btn_Close")): NOT_RUN: click(findTestObject("TF_Customer_Create/3_Common_Action_Buttons/Click_Close_Button/btn_Close"))

2019-01-18 20:14:34 - [MESSAGE][NOT_RUN] - NOT_RUN: click(findTestObject("TF_Customer_Create/3_Common_Action_Buttons/Click_Close_Button/btn_Close"))

2019-01-18 20:14:34 - [TEST_STEP][NOT_RUN] - delay(2): NOT_RUN: delay(2)

2019-01-18 20:14:34 - [MESSAGE][NOT_RUN] - NOT_RUN: delay(2)

2019-01-18 20:14:34 - [TEST_STEP][NOT_RUN] - vrfy_PLA = com.oracledb.regressiontest.verifyPLA(ora_connt, ora_usr, ora_psswrd, ora_schema, plaAcctName): NOT_RUN: vrfy_PLA = com.oracledb.regressiontest.verifyPLA(ora_connt, ora_usr, ora_psswrd, ora_schema, plaAcctName)

2019-01-18 20:14:34 - [MESSAGE][NOT_RUN] - NOT_RUN: vrfy_PLA = com.oracledb.regressiontest.verifyPLA(ora_connt, ora_usr, ora_psswrd, ora_schema, plaAcctName)

2019-01-18 20:14:34 - [TEST_STEP][NOT_RUN] - println("Planning Account Name"): NOT_RUN: println("Planning Account Name")

2019-01-18 20:14:34 - [MESSAGE][NOT_RUN] - NOT_RUN: println("Planning Account Name")

2019-01-18 20:14:34 - [TEST_STEP][NOT_RUN] - verifyEqual(PLANNING_ACCOUNT_NAME, plaAcctName): NOT_RUN: verifyEqual(PLANNING_ACCOUNT_NAME, plaAcctName)

2019-01-18 20:14:34 - [MESSAGE][NOT_RUN] - NOT_RUN: verifyEqual(PLANNING_ACCOUNT_NAME, plaAcctName)]]></system-out>
         <system-err><![CDATA[]]></system-err>
      </testcase>
      <testcase name="Test Cases/Regression_TF_Customer/Create_Record/TC_13_Create_LDI_Vendor_Site" classname="Test Cases/Regression_TF_Customer/Create_Record/TC_13_Create_LDI_Vendor_Site" status="PASSED">
         <system-out><![CDATA[2019-01-18 20:14:34 - [TEST_CASE][PASSED] - Test Cases/Regression_TF_Customer/Create_Record/TC_13_Create_LDI_Vendor_Site: Test Cases/Regression_TF_Customer/Create_Record/TC_13_Create_LDI_Vendor_Site

2019-01-18 20:14:34 - [TEST_STEP][PASSED] - waitForPageLoad(G_Timeout): Wait for page load successfully

2019-01-18 20:14:34 - [MESSAGE][PASSED] - Wait for page load successfully

2019-01-18 20:14:34 - [TEST_STEP][PASSED] - mouseOver(findTestObject("TF_Customer_Create/1_Menu_Navigation_To_Open_All_Pages/0_Menu_Create_In_Data_View")): Object: 'Object Repository/TF_Customer_Create/1_Menu_Navigation_To_Open_All_Pages/0_Menu_Create_In_Data_View' is hovered

2019-01-18 20:14:34 - [MESSAGE][PASSED] - Object: 'Object Repository/TF_Customer_Create/1_Menu_Navigation_To_Open_All_Pages/0_Menu_Create_In_Data_View' is hovered

2019-01-18 20:14:34 - [TEST_STEP][PASSED] - waitForPageLoad(G_Timeout): Wait for page load successfully

2019-01-18 20:14:34 - [MESSAGE][PASSED] - Wait for page load successfully

2019-01-18 20:14:34 - [TEST_STEP][PASSED] - mouseOver(findTestObject("TF_Customer_Create/1_Menu_Navigation_To_Open_All_Pages/1_Menu_Create_Master_Data")): Object: 'Object Repository/TF_Customer_Create/1_Menu_Navigation_To_Open_All_Pages/1_Menu_Create_Master_Data' is hovered

2019-01-18 20:14:34 - [MESSAGE][PASSED] - Object: 'Object Repository/TF_Customer_Create/1_Menu_Navigation_To_Open_All_Pages/1_Menu_Create_Master_Data' is hovered

2019-01-18 20:14:34 - [TEST_STEP][PASSED] - waitForPageLoad(G_Timeout): Wait for page load successfully

2019-01-18 20:14:34 - [MESSAGE][PASSED] - Wait for page load successfully

2019-01-18 20:14:34 - [TEST_STEP][PASSED] - mouseOver(findTestObject("TF_Customer_Create/1_Menu_Navigation_To_Open_All_Pages/3_Planning_Account_Hoverover_Option")): Object: 'Object Repository/TF_Customer_Create/1_Menu_Navigation_To_Open_All_Pages/3_Planning_Account_Hoverover_Option' is hovered

2019-01-18 20:14:34 - [MESSAGE][PASSED] - Object: 'Object Repository/TF_Customer_Create/1_Menu_Navigation_To_Open_All_Pages/3_Planning_Account_Hoverover_Option' is hovered

2019-01-18 20:14:34 - [TEST_STEP][PASSED] - waitForPageLoad(G_Timeout): Wait for page load successfully

2019-01-18 20:14:34 - [MESSAGE][PASSED] - Wait for page load successfully

2019-01-18 20:14:34 - [TEST_STEP][PASSED] - click(findTestObject("TF_Customer_Create/2_Select_Menu_Options(All)/13_LDI_Vendor_Site")): Object: 'Object Repository/TF_Customer_Create/2_Select_Menu_Options(All)/13_LDI_Vendor_Site' is clicked on

2019-01-18 20:14:35 - [MESSAGE][PASSED] - Object: 'Object Repository/TF_Customer_Create/2_Select_Menu_Options(All)/13_LDI_Vendor_Site' is clicked on

2019-01-18 20:14:35 - [TEST_STEP][PASSED] - waitForPageLoad(G_Timeout): Wait for page load successfully

2019-01-18 20:14:35 - [MESSAGE][PASSED] - Wait for page load successfully

2019-01-18 20:14:35 - [TEST_STEP][PASSED] - delay(3): Delayed 3 second(s)

2019-01-18 20:14:38 - [MESSAGE][PASSED] - Delayed 3 second(s)

2019-01-18 20:14:38 - [TEST_STEP][PASSED] - vndSiteName = com.oracledb.regressiontest.genName(15): com.oracledb.regressiontest.genName is PASSED

2019-01-18 20:14:38 - [MESSAGE][PASSED] - com.oracledb.regressiontest.genName is PASSED

2019-01-18 20:14:38 - [TEST_STEP][PASSED] - vndSiteNumber = com.oracledb.regressiontest.genName(12): com.oracledb.regressiontest.genName is PASSED

2019-01-18 20:14:38 - [MESSAGE][PASSED] - com.oracledb.regressiontest.genName is PASSED

2019-01-18 20:14:38 - [TEST_STEP][PASSED] - vndSiteCd = com.oracledb.regressiontest.genName(10): com.oracledb.regressiontest.genName is PASSED

2019-01-18 20:14:38 - [MESSAGE][PASSED] - com.oracledb.regressiontest.genName is PASSED

2019-01-18 20:14:38 - [TEST_STEP][PASSED] - vndSiteCity = com.oracledb.regressiontest.genName(8): com.oracledb.regressiontest.genName is PASSED

2019-01-18 20:14:38 - [MESSAGE][PASSED] - com.oracledb.regressiontest.genName is PASSED

2019-01-18 20:14:38 - [TEST_STEP][PASSED] - vndSitePtlCd = com.oracledb.regressiontest.genName(6): com.oracledb.regressiontest.genName is PASSED

2019-01-18 20:14:38 - [MESSAGE][PASSED] - com.oracledb.regressiontest.genName is PASSED

2019-01-18 20:14:38 - [TEST_STEP][PASSED] - setText(findTestObject("TF_Customer_Create/4_Create_Objects_And_Save/13_Create_LDI_Vendor_Site/Input_Vendor_Site_Name/input_Vendor_Site_Nm"), vndSiteName): Text 'MJ5WLU0STOUW4HU' is set on object 'Object Repository/TF_Customer_Create/4_Create_Objects_And_Save/13_Create_LDI_Vendor_Site/Input_Vendor_Site_Name/input_Vendor_Site_Nm'

2019-01-18 20:14:38 - [MESSAGE][PASSED] - Text 'MJ5WLU0STOUW4HU' is set on object 'Object Repository/TF_Customer_Create/4_Create_Objects_And_Save/13_Create_LDI_Vendor_Site/Input_Vendor_Site_Name/input_Vendor_Site_Nm'

2019-01-18 20:14:38 - [TEST_STEP][PASSED] - setText(findTestObject("TF_Customer_Create/4_Create_Objects_And_Save/13_Create_LDI_Vendor_Site/Input_Vendor_Site_Name/input_Vendor_Site_Number"), vndSiteNumber): Text 'RHDMTB8AYPJB' is set on object 'Object Repository/TF_Customer_Create/4_Create_Objects_And_Save/13_Create_LDI_Vendor_Site/Input_Vendor_Site_Name/input_Vendor_Site_Number'

2019-01-18 20:14:38 - [MESSAGE][PASSED] - Text 'RHDMTB8AYPJB' is set on object 'Object Repository/TF_Customer_Create/4_Create_Objects_And_Save/13_Create_LDI_Vendor_Site/Input_Vendor_Site_Name/input_Vendor_Site_Number'

2019-01-18 20:14:38 - [TEST_STEP][PASSED] - setText(findTestObject("TF_Customer_Create/4_Create_Objects_And_Save/13_Create_LDI_Vendor_Site/Input_Vendor_Site_Name/input_Vendor_Site_Cd"), vndSiteCd): Text 'D5IWPMJE6A' is set on object 'Object Repository/TF_Customer_Create/4_Create_Objects_And_Save/13_Create_LDI_Vendor_Site/Input_Vendor_Site_Name/input_Vendor_Site_Cd'

2019-01-18 20:14:38 - [MESSAGE][PASSED] - Text 'D5IWPMJE6A' is set on object 'Object Repository/TF_Customer_Create/4_Create_Objects_And_Save/13_Create_LDI_Vendor_Site/Input_Vendor_Site_Name/input_Vendor_Site_Cd'

2019-01-18 20:14:38 - [TEST_STEP][PASSED] - setText(findTestObject("TF_Customer_Create/4_Create_Objects_And_Save/13_Create_LDI_Vendor_Site/Input_Vendor_Site_Name/input_Vendor_Site_City"), vndSiteCity): Text 'A4ER0QL5' is set on object 'Object Repository/TF_Customer_Create/4_Create_Objects_And_Save/13_Create_LDI_Vendor_Site/Input_Vendor_Site_Name/input_Vendor_Site_City'

2019-01-18 20:14:38 - [MESSAGE][PASSED] - Text 'A4ER0QL5' is set on object 'Object Repository/TF_Customer_Create/4_Create_Objects_And_Save/13_Create_LDI_Vendor_Site/Input_Vendor_Site_Name/input_Vendor_Site_City'

2019-01-18 20:14:38 - [TEST_STEP][PASSED] - setText(findTestObject("TF_Customer_Create/4_Create_Objects_And_Save/13_Create_LDI_Vendor_Site/Input_Vendor_Site_Name/input_Vendor_Site_Postal_Code"), vndSitePtlCd): Text '790RHY' is set on object 'Object Repository/TF_Customer_Create/4_Create_Objects_And_Save/13_Create_LDI_Vendor_Site/Input_Vendor_Site_Name/input_Vendor_Site_Postal_Code'

2019-01-18 20:14:38 - [MESSAGE][PASSED] - Text '790RHY' is set on object 'Object Repository/TF_Customer_Create/4_Create_Objects_And_Save/13_Create_LDI_Vendor_Site/Input_Vendor_Site_Name/input_Vendor_Site_Postal_Code'

2019-01-18 20:14:38 - [TEST_STEP][NOT_RUN] - setText(findTestObject("TF_Customer_Create/4_Create_Objects_And_Save/Set_Effective_Dates/input_Effective_End_Date"), input_Eff_End_Dt): NOT_RUN: setText(findTestObject("TF_Customer_Create/4_Create_Objects_And_Save/Set_Effective_Dates/input_Effective_End_Date"), input_Eff_End_Dt)

2019-01-18 20:14:38 - [MESSAGE][NOT_RUN] - NOT_RUN: setText(findTestObject("TF_Customer_Create/4_Create_Objects_And_Save/Set_Effective_Dates/input_Effective_End_Date"), input_Eff_End_Dt)

2019-01-18 20:14:38 - [TEST_STEP][PASSED] - delay(2): Delayed 2 second(s)

2019-01-18 20:14:40 - [MESSAGE][PASSED] - Delayed 2 second(s)

2019-01-18 20:14:40 - [TEST_STEP][PASSED] - click(findTestObject("TF_Customer_Create/3_Common_Action_Buttons/Click_Data_Tab/span_Data_Tab")): Object: 'Object Repository/TF_Customer_Create/3_Common_Action_Buttons/Click_Data_Tab/span_Data_Tab' is clicked on

2019-01-18 20:14:40 - [MESSAGE][PASSED] - Object: 'Object Repository/TF_Customer_Create/3_Common_Action_Buttons/Click_Data_Tab/span_Data_Tab' is clicked on

2019-01-18 20:14:40 - [TEST_STEP][NOT_RUN] - click(findTestObject("TF_Customer_Create/4_Create_Objects_And_Save/Choose_Sales_Org/Click_Sales_Org_DD"), CONTINUE_ON_FAILURE): NOT_RUN: click(findTestObject("TF_Customer_Create/4_Create_Objects_And_Save/Choose_Sales_Org/Click_Sales_Org_DD"), CONTINUE_ON_FAILURE)

2019-01-18 20:14:40 - [MESSAGE][NOT_RUN] - NOT_RUN: click(findTestObject("TF_Customer_Create/4_Create_Objects_And_Save/Choose_Sales_Org/Click_Sales_Org_DD"), CONTINUE_ON_FAILURE)

2019-01-18 20:14:40 - [TEST_STEP][NOT_RUN] - click(findTestObject("TF_Customer_Create/4_Create_Objects_And_Save/Choose_Sales_Org/CA_Object"), CONTINUE_ON_FAILURE): NOT_RUN: click(findTestObject("TF_Customer_Create/4_Create_Objects_And_Save/Choose_Sales_Org/CA_Object"), CONTINUE_ON_FAILURE)

2019-01-18 20:14:40 - [MESSAGE][NOT_RUN] - NOT_RUN: click(findTestObject("TF_Customer_Create/4_Create_Objects_And_Save/Choose_Sales_Org/CA_Object"), CONTINUE_ON_FAILURE)

2019-01-18 20:14:40 - [TEST_STEP][PASSED] - delay(2): Delayed 2 second(s)

2019-01-18 20:14:42 - [MESSAGE][PASSED] - Delayed 2 second(s)

2019-01-18 20:14:42 - [TEST_STEP][PASSED] - click(findTestObject("TF_Customer_Create/3_Common_Action_Buttons/Click_Apply_Button/td_Apply")): Object: 'Object Repository/TF_Customer_Create/3_Common_Action_Buttons/Click_Apply_Button/td_Apply' is clicked on

2019-01-18 20:14:42 - [MESSAGE][PASSED] - Object: 'Object Repository/TF_Customer_Create/3_Common_Action_Buttons/Click_Apply_Button/td_Apply' is clicked on

2019-01-18 20:14:42 - [TEST_STEP][PASSED] - delay(2): Delayed 2 second(s)

2019-01-18 20:14:44 - [MESSAGE][PASSED] - Delayed 2 second(s)

2019-01-18 20:14:44 - [TEST_STEP][PASSED] - click(findTestObject("TF_Customer_Create/3_Common_Action_Buttons/Click_Save_Button/btn_Save")): Object: 'Object Repository/TF_Customer_Create/3_Common_Action_Buttons/Click_Save_Button/btn_Save' is clicked on

2019-01-18 20:14:45 - [MESSAGE][PASSED] - Object: 'Object Repository/TF_Customer_Create/3_Common_Action_Buttons/Click_Save_Button/btn_Save' is clicked on

2019-01-18 20:14:45 - [TEST_STEP][PASSED] - delay(2): Delayed 2 second(s)

2019-01-18 20:14:47 - [MESSAGE][PASSED] - Delayed 2 second(s)

2019-01-18 20:14:47 - [TEST_STEP][NOT_RUN] - verifyElementText(findTestObject("TF_Customer_Create/3_Common_Action_Buttons/Verify_Success_Message/Success_Message"), "Record has been saved successfully.", CONTINUE_ON_FAILURE): NOT_RUN: verifyElementText(findTestObject("TF_Customer_Create/3_Common_Action_Buttons/Verify_Success_Message/Success_Message"), "Record has been saved successfully.", CONTINUE_ON_FAILURE)

2019-01-18 20:14:47 - [MESSAGE][NOT_RUN] - NOT_RUN: verifyElementText(findTestObject("TF_Customer_Create/3_Common_Action_Buttons/Verify_Success_Message/Success_Message"), "Record has been saved successfully.", CONTINUE_ON_FAILURE)

2019-01-18 20:14:47 - [TEST_STEP][NOT_RUN] - click(findTestObject("TF_Customer_Create/3_Common_Action_Buttons/Click_Data_Tab/span_Data_Tab")): NOT_RUN: click(findTestObject("TF_Customer_Create/3_Common_Action_Buttons/Click_Data_Tab/span_Data_Tab"))

2019-01-18 20:14:47 - [MESSAGE][NOT_RUN] - NOT_RUN: click(findTestObject("TF_Customer_Create/3_Common_Action_Buttons/Click_Data_Tab/span_Data_Tab"))

2019-01-18 20:14:47 - [TEST_STEP][NOT_RUN] - delay(1): NOT_RUN: delay(1)

2019-01-18 20:14:47 - [MESSAGE][NOT_RUN] - NOT_RUN: delay(1)

2019-01-18 20:14:47 - [TEST_STEP][NOT_RUN] - click(findTestObject("TF_Customer_Create/3_Common_Action_Buttons/Click_Close_Button/btn_Close")): NOT_RUN: click(findTestObject("TF_Customer_Create/3_Common_Action_Buttons/Click_Close_Button/btn_Close"))

2019-01-18 20:14:47 - [MESSAGE][NOT_RUN] - NOT_RUN: click(findTestObject("TF_Customer_Create/3_Common_Action_Buttons/Click_Close_Button/btn_Close"))

2019-01-18 20:14:47 - [TEST_STEP][NOT_RUN] - delay(2): NOT_RUN: delay(2)

2019-01-18 20:14:47 - [MESSAGE][NOT_RUN] - NOT_RUN: delay(2)

2019-01-18 20:14:47 - [TEST_STEP][NOT_RUN] - vrfy_PLA = com.oracledb.regressiontest.verifyPLA(ora_connt, ora_usr, ora_psswrd, ora_schema, plaAcctName): NOT_RUN: vrfy_PLA = com.oracledb.regressiontest.verifyPLA(ora_connt, ora_usr, ora_psswrd, ora_schema, plaAcctName)

2019-01-18 20:14:47 - [MESSAGE][NOT_RUN] - NOT_RUN: vrfy_PLA = com.oracledb.regressiontest.verifyPLA(ora_connt, ora_usr, ora_psswrd, ora_schema, plaAcctName)

2019-01-18 20:14:47 - [TEST_STEP][NOT_RUN] - println("Planning Account Name"): NOT_RUN: println("Planning Account Name")

2019-01-18 20:14:47 - [MESSAGE][NOT_RUN] - NOT_RUN: println("Planning Account Name")

2019-01-18 20:14:47 - [TEST_STEP][NOT_RUN] - verifyEqual(PLANNING_ACCOUNT_NAME, plaAcctName): NOT_RUN: verifyEqual(PLANNING_ACCOUNT_NAME, plaAcctName)

2019-01-18 20:14:47 - [MESSAGE][NOT_RUN] - NOT_RUN: verifyEqual(PLANNING_ACCOUNT_NAME, plaAcctName)]]></system-out>
         <system-err><![CDATA[]]></system-err>
      </testcase>
      <testcase name="Test Cases/Regression_TF_Customer/Create_Record/TC_13_Create_LDI_Vendor_Site" classname="Test Cases/Regression_TF_Customer/Create_Record/TC_13_Create_LDI_Vendor_Site" status="PASSED">
         <system-out><![CDATA[2019-01-18 20:14:47 - [TEST_CASE][PASSED] - Test Cases/Regression_TF_Customer/Create_Record/TC_13_Create_LDI_Vendor_Site: Test Cases/Regression_TF_Customer/Create_Record/TC_13_Create_LDI_Vendor_Site

2019-01-18 20:14:47 - [TEST_STEP][PASSED] - waitForPageLoad(G_Timeout): Wait for page load successfully

2019-01-18 20:14:47 - [MESSAGE][PASSED] - Wait for page load successfully

2019-01-18 20:14:47 - [TEST_STEP][PASSED] - mouseOver(findTestObject("TF_Customer_Create/1_Menu_Navigation_To_Open_All_Pages/0_Menu_Create_In_Data_View")): Object: 'Object Repository/TF_Customer_Create/1_Menu_Navigation_To_Open_All_Pages/0_Menu_Create_In_Data_View' is hovered

2019-01-18 20:14:47 - [MESSAGE][PASSED] - Object: 'Object Repository/TF_Customer_Create/1_Menu_Navigation_To_Open_All_Pages/0_Menu_Create_In_Data_View' is hovered

2019-01-18 20:14:47 - [TEST_STEP][PASSED] - waitForPageLoad(G_Timeout): Wait for page load successfully

2019-01-18 20:14:47 - [MESSAGE][PASSED] - Wait for page load successfully

2019-01-18 20:14:47 - [TEST_STEP][PASSED] - mouseOver(findTestObject("TF_Customer_Create/1_Menu_Navigation_To_Open_All_Pages/1_Menu_Create_Master_Data")): Object: 'Object Repository/TF_Customer_Create/1_Menu_Navigation_To_Open_All_Pages/1_Menu_Create_Master_Data' is hovered

2019-01-18 20:14:47 - [MESSAGE][PASSED] - Object: 'Object Repository/TF_Customer_Create/1_Menu_Navigation_To_Open_All_Pages/1_Menu_Create_Master_Data' is hovered

2019-01-18 20:14:47 - [TEST_STEP][PASSED] - waitForPageLoad(G_Timeout): Wait for page load successfully

2019-01-18 20:14:47 - [MESSAGE][PASSED] - Wait for page load successfully

2019-01-18 20:14:47 - [TEST_STEP][PASSED] - mouseOver(findTestObject("TF_Customer_Create/1_Menu_Navigation_To_Open_All_Pages/3_Planning_Account_Hoverover_Option")): Object: 'Object Repository/TF_Customer_Create/1_Menu_Navigation_To_Open_All_Pages/3_Planning_Account_Hoverover_Option' is hovered

2019-01-18 20:14:47 - [MESSAGE][PASSED] - Object: 'Object Repository/TF_Customer_Create/1_Menu_Navigation_To_Open_All_Pages/3_Planning_Account_Hoverover_Option' is hovered

2019-01-18 20:14:47 - [TEST_STEP][PASSED] - waitForPageLoad(G_Timeout): Wait for page load successfully

2019-01-18 20:14:47 - [MESSAGE][PASSED] - Wait for page load successfully

2019-01-18 20:14:47 - [TEST_STEP][PASSED] - click(findTestObject("TF_Customer_Create/2_Select_Menu_Options(All)/13_LDI_Vendor_Site")): Object: 'Object Repository/TF_Customer_Create/2_Select_Menu_Options(All)/13_LDI_Vendor_Site' is clicked on

2019-01-18 20:14:47 - [MESSAGE][PASSED] - Object: 'Object Repository/TF_Customer_Create/2_Select_Menu_Options(All)/13_LDI_Vendor_Site' is clicked on

2019-01-18 20:14:47 - [TEST_STEP][PASSED] - waitForPageLoad(G_Timeout): Wait for page load successfully

2019-01-18 20:14:47 - [MESSAGE][PASSED] - Wait for page load successfully

2019-01-18 20:14:47 - [TEST_STEP][PASSED] - delay(3): Delayed 3 second(s)

2019-01-18 20:14:50 - [MESSAGE][PASSED] - Delayed 3 second(s)

2019-01-18 20:14:50 - [TEST_STEP][PASSED] - vndSiteName = com.oracledb.regressiontest.genName(15): com.oracledb.regressiontest.genName is PASSED

2019-01-18 20:14:50 - [MESSAGE][PASSED] - com.oracledb.regressiontest.genName is PASSED

2019-01-18 20:14:50 - [TEST_STEP][PASSED] - vndSiteNumber = com.oracledb.regressiontest.genName(12): com.oracledb.regressiontest.genName is PASSED

2019-01-18 20:14:50 - [MESSAGE][PASSED] - com.oracledb.regressiontest.genName is PASSED

2019-01-18 20:14:50 - [TEST_STEP][PASSED] - vndSiteCd = com.oracledb.regressiontest.genName(10): com.oracledb.regressiontest.genName is PASSED

2019-01-18 20:14:50 - [MESSAGE][PASSED] - com.oracledb.regressiontest.genName is PASSED

2019-01-18 20:14:50 - [TEST_STEP][PASSED] - vndSiteCity = com.oracledb.regressiontest.genName(8): com.oracledb.regressiontest.genName is PASSED

2019-01-18 20:14:50 - [MESSAGE][PASSED] - com.oracledb.regressiontest.genName is PASSED

2019-01-18 20:14:50 - [TEST_STEP][PASSED] - vndSitePtlCd = com.oracledb.regressiontest.genName(6): com.oracledb.regressiontest.genName is PASSED

2019-01-18 20:14:50 - [MESSAGE][PASSED] - com.oracledb.regressiontest.genName is PASSED

2019-01-18 20:14:50 - [TEST_STEP][PASSED] - setText(findTestObject("TF_Customer_Create/4_Create_Objects_And_Save/13_Create_LDI_Vendor_Site/Input_Vendor_Site_Name/input_Vendor_Site_Nm"), vndSiteName): Text 'TAMZ1TUZ0AG4KZY' is set on object 'Object Repository/TF_Customer_Create/4_Create_Objects_And_Save/13_Create_LDI_Vendor_Site/Input_Vendor_Site_Name/input_Vendor_Site_Nm'

2019-01-18 20:14:51 - [MESSAGE][PASSED] - Text 'TAMZ1TUZ0AG4KZY' is set on object 'Object Repository/TF_Customer_Create/4_Create_Objects_And_Save/13_Create_LDI_Vendor_Site/Input_Vendor_Site_Name/input_Vendor_Site_Nm'

2019-01-18 20:14:51 - [TEST_STEP][PASSED] - setText(findTestObject("TF_Customer_Create/4_Create_Objects_And_Save/13_Create_LDI_Vendor_Site/Input_Vendor_Site_Name/input_Vendor_Site_Number"), vndSiteNumber): Text '1T3A3JNVFD3B' is set on object 'Object Repository/TF_Customer_Create/4_Create_Objects_And_Save/13_Create_LDI_Vendor_Site/Input_Vendor_Site_Name/input_Vendor_Site_Number'

2019-01-18 20:14:51 - [MESSAGE][PASSED] - Text '1T3A3JNVFD3B' is set on object 'Object Repository/TF_Customer_Create/4_Create_Objects_And_Save/13_Create_LDI_Vendor_Site/Input_Vendor_Site_Name/input_Vendor_Site_Number'

2019-01-18 20:14:51 - [TEST_STEP][PASSED] - setText(findTestObject("TF_Customer_Create/4_Create_Objects_And_Save/13_Create_LDI_Vendor_Site/Input_Vendor_Site_Name/input_Vendor_Site_Cd"), vndSiteCd): Text 'DK6ZANXYBX' is set on object 'Object Repository/TF_Customer_Create/4_Create_Objects_And_Save/13_Create_LDI_Vendor_Site/Input_Vendor_Site_Name/input_Vendor_Site_Cd'

2019-01-18 20:14:51 - [MESSAGE][PASSED] - Text 'DK6ZANXYBX' is set on object 'Object Repository/TF_Customer_Create/4_Create_Objects_And_Save/13_Create_LDI_Vendor_Site/Input_Vendor_Site_Name/input_Vendor_Site_Cd'

2019-01-18 20:14:51 - [TEST_STEP][PASSED] - setText(findTestObject("TF_Customer_Create/4_Create_Objects_And_Save/13_Create_LDI_Vendor_Site/Input_Vendor_Site_Name/input_Vendor_Site_City"), vndSiteCity): Text '51Q8WMD8' is set on object 'Object Repository/TF_Customer_Create/4_Create_Objects_And_Save/13_Create_LDI_Vendor_Site/Input_Vendor_Site_Name/input_Vendor_Site_City'

2019-01-18 20:14:51 - [MESSAGE][PASSED] - Text '51Q8WMD8' is set on object 'Object Repository/TF_Customer_Create/4_Create_Objects_And_Save/13_Create_LDI_Vendor_Site/Input_Vendor_Site_Name/input_Vendor_Site_City'

2019-01-18 20:14:51 - [TEST_STEP][PASSED] - setText(findTestObject("TF_Customer_Create/4_Create_Objects_And_Save/13_Create_LDI_Vendor_Site/Input_Vendor_Site_Name/input_Vendor_Site_Postal_Code"), vndSitePtlCd): Text 'AZ34ND' is set on object 'Object Repository/TF_Customer_Create/4_Create_Objects_And_Save/13_Create_LDI_Vendor_Site/Input_Vendor_Site_Name/input_Vendor_Site_Postal_Code'

2019-01-18 20:14:51 - [MESSAGE][PASSED] - Text 'AZ34ND' is set on object 'Object Repository/TF_Customer_Create/4_Create_Objects_And_Save/13_Create_LDI_Vendor_Site/Input_Vendor_Site_Name/input_Vendor_Site_Postal_Code'

2019-01-18 20:14:51 - [TEST_STEP][NOT_RUN] - setText(findTestObject("TF_Customer_Create/4_Create_Objects_And_Save/Set_Effective_Dates/input_Effective_End_Date"), input_Eff_End_Dt): NOT_RUN: setText(findTestObject("TF_Customer_Create/4_Create_Objects_And_Save/Set_Effective_Dates/input_Effective_End_Date"), input_Eff_End_Dt)

2019-01-18 20:14:51 - [MESSAGE][NOT_RUN] - NOT_RUN: setText(findTestObject("TF_Customer_Create/4_Create_Objects_And_Save/Set_Effective_Dates/input_Effective_End_Date"), input_Eff_End_Dt)

2019-01-18 20:14:51 - [TEST_STEP][PASSED] - delay(2): Delayed 2 second(s)

2019-01-18 20:14:53 - [MESSAGE][PASSED] - Delayed 2 second(s)

2019-01-18 20:14:53 - [TEST_STEP][PASSED] - click(findTestObject("TF_Customer_Create/3_Common_Action_Buttons/Click_Data_Tab/span_Data_Tab")): Object: 'Object Repository/TF_Customer_Create/3_Common_Action_Buttons/Click_Data_Tab/span_Data_Tab' is clicked on

2019-01-18 20:14:53 - [MESSAGE][PASSED] - Object: 'Object Repository/TF_Customer_Create/3_Common_Action_Buttons/Click_Data_Tab/span_Data_Tab' is clicked on

2019-01-18 20:14:53 - [TEST_STEP][NOT_RUN] - click(findTestObject("TF_Customer_Create/4_Create_Objects_And_Save/Choose_Sales_Org/Click_Sales_Org_DD"), CONTINUE_ON_FAILURE): NOT_RUN: click(findTestObject("TF_Customer_Create/4_Create_Objects_And_Save/Choose_Sales_Org/Click_Sales_Org_DD"), CONTINUE_ON_FAILURE)

2019-01-18 20:14:53 - [MESSAGE][NOT_RUN] - NOT_RUN: click(findTestObject("TF_Customer_Create/4_Create_Objects_And_Save/Choose_Sales_Org/Click_Sales_Org_DD"), CONTINUE_ON_FAILURE)

2019-01-18 20:14:53 - [TEST_STEP][NOT_RUN] - click(findTestObject("TF_Customer_Create/4_Create_Objects_And_Save/Choose_Sales_Org/CA_Object"), CONTINUE_ON_FAILURE): NOT_RUN: click(findTestObject("TF_Customer_Create/4_Create_Objects_And_Save/Choose_Sales_Org/CA_Object"), CONTINUE_ON_FAILURE)

2019-01-18 20:14:53 - [MESSAGE][NOT_RUN] - NOT_RUN: click(findTestObject("TF_Customer_Create/4_Create_Objects_And_Save/Choose_Sales_Org/CA_Object"), CONTINUE_ON_FAILURE)

2019-01-18 20:14:53 - [TEST_STEP][PASSED] - delay(2): Delayed 2 second(s)

2019-01-18 20:14:55 - [MESSAGE][PASSED] - Delayed 2 second(s)

2019-01-18 20:14:55 - [TEST_STEP][PASSED] - click(findTestObject("TF_Customer_Create/3_Common_Action_Buttons/Click_Apply_Button/td_Apply")): Object: 'Object Repository/TF_Customer_Create/3_Common_Action_Buttons/Click_Apply_Button/td_Apply' is clicked on

2019-01-18 20:14:55 - [MESSAGE][PASSED] - Object: 'Object Repository/TF_Customer_Create/3_Common_Action_Buttons/Click_Apply_Button/td_Apply' is clicked on

2019-01-18 20:14:55 - [TEST_STEP][PASSED] - delay(2): Delayed 2 second(s)

2019-01-18 20:14:57 - [MESSAGE][PASSED] - Delayed 2 second(s)

2019-01-18 20:14:57 - [TEST_STEP][PASSED] - click(findTestObject("TF_Customer_Create/3_Common_Action_Buttons/Click_Save_Button/btn_Save")): Object: 'Object Repository/TF_Customer_Create/3_Common_Action_Buttons/Click_Save_Button/btn_Save' is clicked on

2019-01-18 20:14:57 - [MESSAGE][PASSED] - Object: 'Object Repository/TF_Customer_Create/3_Common_Action_Buttons/Click_Save_Button/btn_Save' is clicked on

2019-01-18 20:14:57 - [TEST_STEP][PASSED] - delay(2): Delayed 2 second(s)

2019-01-18 20:14:59 - [MESSAGE][PASSED] - Delayed 2 second(s)

2019-01-18 20:14:59 - [TEST_STEP][NOT_RUN] - verifyElementText(findTestObject("TF_Customer_Create/3_Common_Action_Buttons/Verify_Success_Message/Success_Message"), "Record has been saved successfully.", CONTINUE_ON_FAILURE): NOT_RUN: verifyElementText(findTestObject("TF_Customer_Create/3_Common_Action_Buttons/Verify_Success_Message/Success_Message"), "Record has been saved successfully.", CONTINUE_ON_FAILURE)

2019-01-18 20:14:59 - [MESSAGE][NOT_RUN] - NOT_RUN: verifyElementText(findTestObject("TF_Customer_Create/3_Common_Action_Buttons/Verify_Success_Message/Success_Message"), "Record has been saved successfully.", CONTINUE_ON_FAILURE)

2019-01-18 20:14:59 - [TEST_STEP][NOT_RUN] - click(findTestObject("TF_Customer_Create/3_Common_Action_Buttons/Click_Data_Tab/span_Data_Tab")): NOT_RUN: click(findTestObject("TF_Customer_Create/3_Common_Action_Buttons/Click_Data_Tab/span_Data_Tab"))

2019-01-18 20:14:59 - [MESSAGE][NOT_RUN] - NOT_RUN: click(findTestObject("TF_Customer_Create/3_Common_Action_Buttons/Click_Data_Tab/span_Data_Tab"))

2019-01-18 20:14:59 - [TEST_STEP][NOT_RUN] - delay(1): NOT_RUN: delay(1)

2019-01-18 20:14:59 - [MESSAGE][NOT_RUN] - NOT_RUN: delay(1)

2019-01-18 20:14:59 - [TEST_STEP][NOT_RUN] - click(findTestObject("TF_Customer_Create/3_Common_Action_Buttons/Click_Close_Button/btn_Close")): NOT_RUN: click(findTestObject("TF_Customer_Create/3_Common_Action_Buttons/Click_Close_Button/btn_Close"))

2019-01-18 20:14:59 - [MESSAGE][NOT_RUN] - NOT_RUN: click(findTestObject("TF_Customer_Create/3_Common_Action_Buttons/Click_Close_Button/btn_Close"))

2019-01-18 20:14:59 - [TEST_STEP][NOT_RUN] - delay(2): NOT_RUN: delay(2)

2019-01-18 20:14:59 - [MESSAGE][NOT_RUN] - NOT_RUN: delay(2)

2019-01-18 20:14:59 - [TEST_STEP][NOT_RUN] - vrfy_PLA = com.oracledb.regressiontest.verifyPLA(ora_connt, ora_usr, ora_psswrd, ora_schema, plaAcctName): NOT_RUN: vrfy_PLA = com.oracledb.regressiontest.verifyPLA(ora_connt, ora_usr, ora_psswrd, ora_schema, plaAcctName)

2019-01-18 20:14:59 - [MESSAGE][NOT_RUN] - NOT_RUN: vrfy_PLA = com.oracledb.regressiontest.verifyPLA(ora_connt, ora_usr, ora_psswrd, ora_schema, plaAcctName)

2019-01-18 20:14:59 - [TEST_STEP][NOT_RUN] - println("Planning Account Name"): NOT_RUN: println("Planning Account Name")

2019-01-18 20:14:59 - [MESSAGE][NOT_RUN] - NOT_RUN: println("Planning Account Name")

2019-01-18 20:14:59 - [TEST_STEP][NOT_RUN] - verifyEqual(PLANNING_ACCOUNT_NAME, plaAcctName): NOT_RUN: verifyEqual(PLANNING_ACCOUNT_NAME, plaAcctName)

2019-01-18 20:15:00 - [MESSAGE][NOT_RUN] - NOT_RUN: verifyEqual(PLANNING_ACCOUNT_NAME, plaAcctName)]]></system-out>
         <system-err><![CDATA[]]></system-err>
      </testcase>
      <testcase name="Test Cases/Regression_TF_Customer/Create_Record/TC_13_Create_LDI_Vendor_Site" classname="Test Cases/Regression_TF_Customer/Create_Record/TC_13_Create_LDI_Vendor_Site" status="PASSED">
         <system-out><![CDATA[2019-01-18 20:15:00 - [TEST_CASE][PASSED] - Test Cases/Regression_TF_Customer/Create_Record/TC_13_Create_LDI_Vendor_Site: Test Cases/Regression_TF_Customer/Create_Record/TC_13_Create_LDI_Vendor_Site

2019-01-18 20:15:00 - [TEST_STEP][PASSED] - waitForPageLoad(G_Timeout): Wait for page load successfully

2019-01-18 20:15:00 - [MESSAGE][PASSED] - Wait for page load successfully

2019-01-18 20:15:00 - [TEST_STEP][PASSED] - mouseOver(findTestObject("TF_Customer_Create/1_Menu_Navigation_To_Open_All_Pages/0_Menu_Create_In_Data_View")): Object: 'Object Repository/TF_Customer_Create/1_Menu_Navigation_To_Open_All_Pages/0_Menu_Create_In_Data_View' is hovered

2019-01-18 20:15:00 - [MESSAGE][PASSED] - Object: 'Object Repository/TF_Customer_Create/1_Menu_Navigation_To_Open_All_Pages/0_Menu_Create_In_Data_View' is hovered

2019-01-18 20:15:00 - [TEST_STEP][PASSED] - waitForPageLoad(G_Timeout): Wait for page load successfully

2019-01-18 20:15:00 - [MESSAGE][PASSED] - Wait for page load successfully

2019-01-18 20:15:00 - [TEST_STEP][PASSED] - mouseOver(findTestObject("TF_Customer_Create/1_Menu_Navigation_To_Open_All_Pages/1_Menu_Create_Master_Data")): Object: 'Object Repository/TF_Customer_Create/1_Menu_Navigation_To_Open_All_Pages/1_Menu_Create_Master_Data' is hovered

2019-01-18 20:15:00 - [MESSAGE][PASSED] - Object: 'Object Repository/TF_Customer_Create/1_Menu_Navigation_To_Open_All_Pages/1_Menu_Create_Master_Data' is hovered

2019-01-18 20:15:00 - [TEST_STEP][PASSED] - waitForPageLoad(G_Timeout): Wait for page load successfully

2019-01-18 20:15:00 - [MESSAGE][PASSED] - Wait for page load successfully

2019-01-18 20:15:00 - [TEST_STEP][PASSED] - mouseOver(findTestObject("TF_Customer_Create/1_Menu_Navigation_To_Open_All_Pages/3_Planning_Account_Hoverover_Option")): Object: 'Object Repository/TF_Customer_Create/1_Menu_Navigation_To_Open_All_Pages/3_Planning_Account_Hoverover_Option' is hovered

2019-01-18 20:15:00 - [MESSAGE][PASSED] - Object: 'Object Repository/TF_Customer_Create/1_Menu_Navigation_To_Open_All_Pages/3_Planning_Account_Hoverover_Option' is hovered

2019-01-18 20:15:00 - [TEST_STEP][PASSED] - waitForPageLoad(G_Timeout): Wait for page load successfully

2019-01-18 20:15:00 - [MESSAGE][PASSED] - Wait for page load successfully

2019-01-18 20:15:00 - [TEST_STEP][PASSED] - click(findTestObject("TF_Customer_Create/2_Select_Menu_Options(All)/13_LDI_Vendor_Site")): Object: 'Object Repository/TF_Customer_Create/2_Select_Menu_Options(All)/13_LDI_Vendor_Site' is clicked on

2019-01-18 20:15:00 - [MESSAGE][PASSED] - Object: 'Object Repository/TF_Customer_Create/2_Select_Menu_Options(All)/13_LDI_Vendor_Site' is clicked on

2019-01-18 20:15:00 - [TEST_STEP][PASSED] - waitForPageLoad(G_Timeout): Wait for page load successfully

2019-01-18 20:15:00 - [MESSAGE][PASSED] - Wait for page load successfully

2019-01-18 20:15:00 - [TEST_STEP][PASSED] - delay(3): Delayed 3 second(s)

2019-01-18 20:15:03 - [MESSAGE][PASSED] - Delayed 3 second(s)

2019-01-18 20:15:03 - [TEST_STEP][PASSED] - vndSiteName = com.oracledb.regressiontest.genName(15): com.oracledb.regressiontest.genName is PASSED

2019-01-18 20:15:03 - [MESSAGE][PASSED] - com.oracledb.regressiontest.genName is PASSED

2019-01-18 20:15:03 - [TEST_STEP][PASSED] - vndSiteNumber = com.oracledb.regressiontest.genName(12): com.oracledb.regressiontest.genName is PASSED

2019-01-18 20:15:03 - [MESSAGE][PASSED] - com.oracledb.regressiontest.genName is PASSED

2019-01-18 20:15:03 - [TEST_STEP][PASSED] - vndSiteCd = com.oracledb.regressiontest.genName(10): com.oracledb.regressiontest.genName is PASSED

2019-01-18 20:15:03 - [MESSAGE][PASSED] - com.oracledb.regressiontest.genName is PASSED

2019-01-18 20:15:03 - [TEST_STEP][PASSED] - vndSiteCity = com.oracledb.regressiontest.genName(8): com.oracledb.regressiontest.genName is PASSED

2019-01-18 20:15:03 - [MESSAGE][PASSED] - com.oracledb.regressiontest.genName is PASSED

2019-01-18 20:15:03 - [TEST_STEP][PASSED] - vndSitePtlCd = com.oracledb.regressiontest.genName(6): com.oracledb.regressiontest.genName is PASSED

2019-01-18 20:15:03 - [MESSAGE][PASSED] - com.oracledb.regressiontest.genName is PASSED

2019-01-18 20:15:03 - [TEST_STEP][PASSED] - setText(findTestObject("TF_Customer_Create/4_Create_Objects_And_Save/13_Create_LDI_Vendor_Site/Input_Vendor_Site_Name/input_Vendor_Site_Nm"), vndSiteName): Text '5HXTUU583SFTYN6' is set on object 'Object Repository/TF_Customer_Create/4_Create_Objects_And_Save/13_Create_LDI_Vendor_Site/Input_Vendor_Site_Name/input_Vendor_Site_Nm'

2019-01-18 20:15:04 - [MESSAGE][PASSED] - Text '5HXTUU583SFTYN6' is set on object 'Object Repository/TF_Customer_Create/4_Create_Objects_And_Save/13_Create_LDI_Vendor_Site/Input_Vendor_Site_Name/input_Vendor_Site_Nm'

2019-01-18 20:15:04 - [TEST_STEP][PASSED] - setText(findTestObject("TF_Customer_Create/4_Create_Objects_And_Save/13_Create_LDI_Vendor_Site/Input_Vendor_Site_Name/input_Vendor_Site_Number"), vndSiteNumber): Text 'Z970RY39EBDQ' is set on object 'Object Repository/TF_Customer_Create/4_Create_Objects_And_Save/13_Create_LDI_Vendor_Site/Input_Vendor_Site_Name/input_Vendor_Site_Number'

2019-01-18 20:15:04 - [MESSAGE][PASSED] - Text 'Z970RY39EBDQ' is set on object 'Object Repository/TF_Customer_Create/4_Create_Objects_And_Save/13_Create_LDI_Vendor_Site/Input_Vendor_Site_Name/input_Vendor_Site_Number'

2019-01-18 20:15:04 - [TEST_STEP][PASSED] - setText(findTestObject("TF_Customer_Create/4_Create_Objects_And_Save/13_Create_LDI_Vendor_Site/Input_Vendor_Site_Name/input_Vendor_Site_Cd"), vndSiteCd): Text 'Q931M6KQPP' is set on object 'Object Repository/TF_Customer_Create/4_Create_Objects_And_Save/13_Create_LDI_Vendor_Site/Input_Vendor_Site_Name/input_Vendor_Site_Cd'

2019-01-18 20:15:04 - [MESSAGE][PASSED] - Text 'Q931M6KQPP' is set on object 'Object Repository/TF_Customer_Create/4_Create_Objects_And_Save/13_Create_LDI_Vendor_Site/Input_Vendor_Site_Name/input_Vendor_Site_Cd'

2019-01-18 20:15:04 - [TEST_STEP][PASSED] - setText(findTestObject("TF_Customer_Create/4_Create_Objects_And_Save/13_Create_LDI_Vendor_Site/Input_Vendor_Site_Name/input_Vendor_Site_City"), vndSiteCity): Text '7YF2L466' is set on object 'Object Repository/TF_Customer_Create/4_Create_Objects_And_Save/13_Create_LDI_Vendor_Site/Input_Vendor_Site_Name/input_Vendor_Site_City'

2019-01-18 20:15:04 - [MESSAGE][PASSED] - Text '7YF2L466' is set on object 'Object Repository/TF_Customer_Create/4_Create_Objects_And_Save/13_Create_LDI_Vendor_Site/Input_Vendor_Site_Name/input_Vendor_Site_City'

2019-01-18 20:15:04 - [TEST_STEP][PASSED] - setText(findTestObject("TF_Customer_Create/4_Create_Objects_And_Save/13_Create_LDI_Vendor_Site/Input_Vendor_Site_Name/input_Vendor_Site_Postal_Code"), vndSitePtlCd): Text 'E9MW5Q' is set on object 'Object Repository/TF_Customer_Create/4_Create_Objects_And_Save/13_Create_LDI_Vendor_Site/Input_Vendor_Site_Name/input_Vendor_Site_Postal_Code'

2019-01-18 20:15:04 - [MESSAGE][PASSED] - Text 'E9MW5Q' is set on object 'Object Repository/TF_Customer_Create/4_Create_Objects_And_Save/13_Create_LDI_Vendor_Site/Input_Vendor_Site_Name/input_Vendor_Site_Postal_Code'

2019-01-18 20:15:04 - [TEST_STEP][NOT_RUN] - setText(findTestObject("TF_Customer_Create/4_Create_Objects_And_Save/Set_Effective_Dates/input_Effective_End_Date"), input_Eff_End_Dt): NOT_RUN: setText(findTestObject("TF_Customer_Create/4_Create_Objects_And_Save/Set_Effective_Dates/input_Effective_End_Date"), input_Eff_End_Dt)

2019-01-18 20:15:04 - [MESSAGE][NOT_RUN] - NOT_RUN: setText(findTestObject("TF_Customer_Create/4_Create_Objects_And_Save/Set_Effective_Dates/input_Effective_End_Date"), input_Eff_End_Dt)

2019-01-18 20:15:04 - [TEST_STEP][PASSED] - delay(2): Delayed 2 second(s)

2019-01-18 20:15:06 - [MESSAGE][PASSED] - Delayed 2 second(s)

2019-01-18 20:15:06 - [TEST_STEP][PASSED] - click(findTestObject("TF_Customer_Create/3_Common_Action_Buttons/Click_Data_Tab/span_Data_Tab")): Object: 'Object Repository/TF_Customer_Create/3_Common_Action_Buttons/Click_Data_Tab/span_Data_Tab' is clicked on

2019-01-18 20:15:06 - [MESSAGE][PASSED] - Object: 'Object Repository/TF_Customer_Create/3_Common_Action_Buttons/Click_Data_Tab/span_Data_Tab' is clicked on

2019-01-18 20:15:06 - [TEST_STEP][NOT_RUN] - click(findTestObject("TF_Customer_Create/4_Create_Objects_And_Save/Choose_Sales_Org/Click_Sales_Org_DD"), CONTINUE_ON_FAILURE): NOT_RUN: click(findTestObject("TF_Customer_Create/4_Create_Objects_And_Save/Choose_Sales_Org/Click_Sales_Org_DD"), CONTINUE_ON_FAILURE)

2019-01-18 20:15:06 - [MESSAGE][NOT_RUN] - NOT_RUN: click(findTestObject("TF_Customer_Create/4_Create_Objects_And_Save/Choose_Sales_Org/Click_Sales_Org_DD"), CONTINUE_ON_FAILURE)

2019-01-18 20:15:06 - [TEST_STEP][NOT_RUN] - click(findTestObject("TF_Customer_Create/4_Create_Objects_And_Save/Choose_Sales_Org/CA_Object"), CONTINUE_ON_FAILURE): NOT_RUN: click(findTestObject("TF_Customer_Create/4_Create_Objects_And_Save/Choose_Sales_Org/CA_Object"), CONTINUE_ON_FAILURE)

2019-01-18 20:15:06 - [MESSAGE][NOT_RUN] - NOT_RUN: click(findTestObject("TF_Customer_Create/4_Create_Objects_And_Save/Choose_Sales_Org/CA_Object"), CONTINUE_ON_FAILURE)

2019-01-18 20:15:06 - [TEST_STEP][PASSED] - delay(2): Delayed 2 second(s)

2019-01-18 20:15:08 - [MESSAGE][PASSED] - Delayed 2 second(s)

2019-01-18 20:15:08 - [TEST_STEP][PASSED] - click(findTestObject("TF_Customer_Create/3_Common_Action_Buttons/Click_Apply_Button/td_Apply")): Object: 'Object Repository/TF_Customer_Create/3_Common_Action_Buttons/Click_Apply_Button/td_Apply' is clicked on

2019-01-18 20:15:08 - [MESSAGE][PASSED] - Object: 'Object Repository/TF_Customer_Create/3_Common_Action_Buttons/Click_Apply_Button/td_Apply' is clicked on

2019-01-18 20:15:08 - [TEST_STEP][PASSED] - delay(2): Delayed 2 second(s)

2019-01-18 20:15:10 - [MESSAGE][PASSED] - Delayed 2 second(s)

2019-01-18 20:15:10 - [TEST_STEP][PASSED] - click(findTestObject("TF_Customer_Create/3_Common_Action_Buttons/Click_Save_Button/btn_Save")): Object: 'Object Repository/TF_Customer_Create/3_Common_Action_Buttons/Click_Save_Button/btn_Save' is clicked on

2019-01-18 20:15:10 - [MESSAGE][PASSED] - Object: 'Object Repository/TF_Customer_Create/3_Common_Action_Buttons/Click_Save_Button/btn_Save' is clicked on

2019-01-18 20:15:10 - [TEST_STEP][PASSED] - delay(2): Delayed 2 second(s)

2019-01-18 20:15:12 - [MESSAGE][PASSED] - Delayed 2 second(s)

2019-01-18 20:15:12 - [TEST_STEP][NOT_RUN] - verifyElementText(findTestObject("TF_Customer_Create/3_Common_Action_Buttons/Verify_Success_Message/Success_Message"), "Record has been saved successfully.", CONTINUE_ON_FAILURE): NOT_RUN: verifyElementText(findTestObject("TF_Customer_Create/3_Common_Action_Buttons/Verify_Success_Message/Success_Message"), "Record has been saved successfully.", CONTINUE_ON_FAILURE)

2019-01-18 20:15:12 - [MESSAGE][NOT_RUN] - NOT_RUN: verifyElementText(findTestObject("TF_Customer_Create/3_Common_Action_Buttons/Verify_Success_Message/Success_Message"), "Record has been saved successfully.", CONTINUE_ON_FAILURE)

2019-01-18 20:15:12 - [TEST_STEP][NOT_RUN] - click(findTestObject("TF_Customer_Create/3_Common_Action_Buttons/Click_Data_Tab/span_Data_Tab")): NOT_RUN: click(findTestObject("TF_Customer_Create/3_Common_Action_Buttons/Click_Data_Tab/span_Data_Tab"))

2019-01-18 20:15:12 - [MESSAGE][NOT_RUN] - NOT_RUN: click(findTestObject("TF_Customer_Create/3_Common_Action_Buttons/Click_Data_Tab/span_Data_Tab"))

2019-01-18 20:15:12 - [TEST_STEP][NOT_RUN] - delay(1): NOT_RUN: delay(1)

2019-01-18 20:15:12 - [MESSAGE][NOT_RUN] - NOT_RUN: delay(1)

2019-01-18 20:15:12 - [TEST_STEP][NOT_RUN] - click(findTestObject("TF_Customer_Create/3_Common_Action_Buttons/Click_Close_Button/btn_Close")): NOT_RUN: click(findTestObject("TF_Customer_Create/3_Common_Action_Buttons/Click_Close_Button/btn_Close"))

2019-01-18 20:15:12 - [MESSAGE][NOT_RUN] - NOT_RUN: click(findTestObject("TF_Customer_Create/3_Common_Action_Buttons/Click_Close_Button/btn_Close"))

2019-01-18 20:15:12 - [TEST_STEP][NOT_RUN] - delay(2): NOT_RUN: delay(2)

2019-01-18 20:15:12 - [MESSAGE][NOT_RUN] - NOT_RUN: delay(2)

2019-01-18 20:15:12 - [TEST_STEP][NOT_RUN] - vrfy_PLA = com.oracledb.regressiontest.verifyPLA(ora_connt, ora_usr, ora_psswrd, ora_schema, plaAcctName): NOT_RUN: vrfy_PLA = com.oracledb.regressiontest.verifyPLA(ora_connt, ora_usr, ora_psswrd, ora_schema, plaAcctName)

2019-01-18 20:15:12 - [MESSAGE][NOT_RUN] - NOT_RUN: vrfy_PLA = com.oracledb.regressiontest.verifyPLA(ora_connt, ora_usr, ora_psswrd, ora_schema, plaAcctName)

2019-01-18 20:15:12 - [TEST_STEP][NOT_RUN] - println("Planning Account Name"): NOT_RUN: println("Planning Account Name")

2019-01-18 20:15:12 - [MESSAGE][NOT_RUN] - NOT_RUN: println("Planning Account Name")

2019-01-18 20:15:12 - [TEST_STEP][NOT_RUN] - verifyEqual(PLANNING_ACCOUNT_NAME, plaAcctName): NOT_RUN: verifyEqual(PLANNING_ACCOUNT_NAME, plaAcctName)

2019-01-18 20:15:12 - [MESSAGE][NOT_RUN] - NOT_RUN: verifyEqual(PLANNING_ACCOUNT_NAME, plaAcctName)]]></system-out>
         <system-err><![CDATA[]]></system-err>
      </testcase>
      <testcase name="Test Cases/Regression_TF_Customer/Create_Record/TC_13_Create_LDI_Vendor_Site" classname="Test Cases/Regression_TF_Customer/Create_Record/TC_13_Create_LDI_Vendor_Site" status="PASSED">
         <system-out><![CDATA[2019-01-18 20:15:12 - [TEST_CASE][PASSED] - Test Cases/Regression_TF_Customer/Create_Record/TC_13_Create_LDI_Vendor_Site: Test Cases/Regression_TF_Customer/Create_Record/TC_13_Create_LDI_Vendor_Site

2019-01-18 20:15:12 - [TEST_STEP][PASSED] - waitForPageLoad(G_Timeout): Wait for page load successfully

2019-01-18 20:15:13 - [MESSAGE][PASSED] - Wait for page load successfully

2019-01-18 20:15:13 - [TEST_STEP][PASSED] - mouseOver(findTestObject("TF_Customer_Create/1_Menu_Navigation_To_Open_All_Pages/0_Menu_Create_In_Data_View")): Object: 'Object Repository/TF_Customer_Create/1_Menu_Navigation_To_Open_All_Pages/0_Menu_Create_In_Data_View' is hovered

2019-01-18 20:15:13 - [MESSAGE][PASSED] - Object: 'Object Repository/TF_Customer_Create/1_Menu_Navigation_To_Open_All_Pages/0_Menu_Create_In_Data_View' is hovered

2019-01-18 20:15:13 - [TEST_STEP][PASSED] - waitForPageLoad(G_Timeout): Wait for page load successfully

2019-01-18 20:15:13 - [MESSAGE][PASSED] - Wait for page load successfully

2019-01-18 20:15:13 - [TEST_STEP][PASSED] - mouseOver(findTestObject("TF_Customer_Create/1_Menu_Navigation_To_Open_All_Pages/1_Menu_Create_Master_Data")): Object: 'Object Repository/TF_Customer_Create/1_Menu_Navigation_To_Open_All_Pages/1_Menu_Create_Master_Data' is hovered

2019-01-18 20:15:13 - [MESSAGE][PASSED] - Object: 'Object Repository/TF_Customer_Create/1_Menu_Navigation_To_Open_All_Pages/1_Menu_Create_Master_Data' is hovered

2019-01-18 20:15:13 - [TEST_STEP][PASSED] - waitForPageLoad(G_Timeout): Wait for page load successfully

2019-01-18 20:15:13 - [MESSAGE][PASSED] - Wait for page load successfully

2019-01-18 20:15:13 - [TEST_STEP][PASSED] - mouseOver(findTestObject("TF_Customer_Create/1_Menu_Navigation_To_Open_All_Pages/3_Planning_Account_Hoverover_Option")): Object: 'Object Repository/TF_Customer_Create/1_Menu_Navigation_To_Open_All_Pages/3_Planning_Account_Hoverover_Option' is hovered

2019-01-18 20:15:13 - [MESSAGE][PASSED] - Object: 'Object Repository/TF_Customer_Create/1_Menu_Navigation_To_Open_All_Pages/3_Planning_Account_Hoverover_Option' is hovered

2019-01-18 20:15:13 - [TEST_STEP][PASSED] - waitForPageLoad(G_Timeout): Wait for page load successfully

2019-01-18 20:15:13 - [MESSAGE][PASSED] - Wait for page load successfully

2019-01-18 20:15:13 - [TEST_STEP][PASSED] - click(findTestObject("TF_Customer_Create/2_Select_Menu_Options(All)/13_LDI_Vendor_Site")): Object: 'Object Repository/TF_Customer_Create/2_Select_Menu_Options(All)/13_LDI_Vendor_Site' is clicked on

2019-01-18 20:15:13 - [MESSAGE][PASSED] - Object: 'Object Repository/TF_Customer_Create/2_Select_Menu_Options(All)/13_LDI_Vendor_Site' is clicked on

2019-01-18 20:15:13 - [TEST_STEP][PASSED] - waitForPageLoad(G_Timeout): Wait for page load successfully

2019-01-18 20:15:13 - [MESSAGE][PASSED] - Wait for page load successfully

2019-01-18 20:15:13 - [TEST_STEP][PASSED] - delay(3): Delayed 3 second(s)

2019-01-18 20:15:16 - [MESSAGE][PASSED] - Delayed 3 second(s)

2019-01-18 20:15:16 - [TEST_STEP][PASSED] - vndSiteName = com.oracledb.regressiontest.genName(15): com.oracledb.regressiontest.genName is PASSED

2019-01-18 20:15:16 - [MESSAGE][PASSED] - com.oracledb.regressiontest.genName is PASSED

2019-01-18 20:15:16 - [TEST_STEP][PASSED] - vndSiteNumber = com.oracledb.regressiontest.genName(12): com.oracledb.regressiontest.genName is PASSED

2019-01-18 20:15:16 - [MESSAGE][PASSED] - com.oracledb.regressiontest.genName is PASSED

2019-01-18 20:15:16 - [TEST_STEP][PASSED] - vndSiteCd = com.oracledb.regressiontest.genName(10): com.oracledb.regressiontest.genName is PASSED

2019-01-18 20:15:16 - [MESSAGE][PASSED] - com.oracledb.regressiontest.genName is PASSED

2019-01-18 20:15:16 - [TEST_STEP][PASSED] - vndSiteCity = com.oracledb.regressiontest.genName(8): com.oracledb.regressiontest.genName is PASSED

2019-01-18 20:15:16 - [MESSAGE][PASSED] - com.oracledb.regressiontest.genName is PASSED

2019-01-18 20:15:16 - [TEST_STEP][PASSED] - vndSitePtlCd = com.oracledb.regressiontest.genName(6): com.oracledb.regressiontest.genName is PASSED

2019-01-18 20:15:16 - [MESSAGE][PASSED] - com.oracledb.regressiontest.genName is PASSED

2019-01-18 20:15:16 - [TEST_STEP][PASSED] - setText(findTestObject("TF_Customer_Create/4_Create_Objects_And_Save/13_Create_LDI_Vendor_Site/Input_Vendor_Site_Name/input_Vendor_Site_Nm"), vndSiteName): Text '6QFI9NQRB0ZALIJ' is set on object 'Object Repository/TF_Customer_Create/4_Create_Objects_And_Save/13_Create_LDI_Vendor_Site/Input_Vendor_Site_Name/input_Vendor_Site_Nm'

2019-01-18 20:15:16 - [MESSAGE][PASSED] - Text '6QFI9NQRB0ZALIJ' is set on object 'Object Repository/TF_Customer_Create/4_Create_Objects_And_Save/13_Create_LDI_Vendor_Site/Input_Vendor_Site_Name/input_Vendor_Site_Nm'

2019-01-18 20:15:16 - [TEST_STEP][PASSED] - setText(findTestObject("TF_Customer_Create/4_Create_Objects_And_Save/13_Create_LDI_Vendor_Site/Input_Vendor_Site_Name/input_Vendor_Site_Number"), vndSiteNumber): Text '57W830EQYI9Q' is set on object 'Object Repository/TF_Customer_Create/4_Create_Objects_And_Save/13_Create_LDI_Vendor_Site/Input_Vendor_Site_Name/input_Vendor_Site_Number'

2019-01-18 20:15:17 - [MESSAGE][PASSED] - Text '57W830EQYI9Q' is set on object 'Object Repository/TF_Customer_Create/4_Create_Objects_And_Save/13_Create_LDI_Vendor_Site/Input_Vendor_Site_Name/input_Vendor_Site_Number'

2019-01-18 20:15:17 - [TEST_STEP][PASSED] - setText(findTestObject("TF_Customer_Create/4_Create_Objects_And_Save/13_Create_LDI_Vendor_Site/Input_Vendor_Site_Name/input_Vendor_Site_Cd"), vndSiteCd): Text 'MG8GX9LODZ' is set on object 'Object Repository/TF_Customer_Create/4_Create_Objects_And_Save/13_Create_LDI_Vendor_Site/Input_Vendor_Site_Name/input_Vendor_Site_Cd'

2019-01-18 20:15:17 - [MESSAGE][PASSED] - Text 'MG8GX9LODZ' is set on object 'Object Repository/TF_Customer_Create/4_Create_Objects_And_Save/13_Create_LDI_Vendor_Site/Input_Vendor_Site_Name/input_Vendor_Site_Cd'

2019-01-18 20:15:17 - [TEST_STEP][PASSED] - setText(findTestObject("TF_Customer_Create/4_Create_Objects_And_Save/13_Create_LDI_Vendor_Site/Input_Vendor_Site_Name/input_Vendor_Site_City"), vndSiteCity): Text 'AFARRT2C' is set on object 'Object Repository/TF_Customer_Create/4_Create_Objects_And_Save/13_Create_LDI_Vendor_Site/Input_Vendor_Site_Name/input_Vendor_Site_City'

2019-01-18 20:15:17 - [MESSAGE][PASSED] - Text 'AFARRT2C' is set on object 'Object Repository/TF_Customer_Create/4_Create_Objects_And_Save/13_Create_LDI_Vendor_Site/Input_Vendor_Site_Name/input_Vendor_Site_City'

2019-01-18 20:15:17 - [TEST_STEP][PASSED] - setText(findTestObject("TF_Customer_Create/4_Create_Objects_And_Save/13_Create_LDI_Vendor_Site/Input_Vendor_Site_Name/input_Vendor_Site_Postal_Code"), vndSitePtlCd): Text 'BZLCPJ' is set on object 'Object Repository/TF_Customer_Create/4_Create_Objects_And_Save/13_Create_LDI_Vendor_Site/Input_Vendor_Site_Name/input_Vendor_Site_Postal_Code'

2019-01-18 20:15:17 - [MESSAGE][PASSED] - Text 'BZLCPJ' is set on object 'Object Repository/TF_Customer_Create/4_Create_Objects_And_Save/13_Create_LDI_Vendor_Site/Input_Vendor_Site_Name/input_Vendor_Site_Postal_Code'

2019-01-18 20:15:17 - [TEST_STEP][NOT_RUN] - setText(findTestObject("TF_Customer_Create/4_Create_Objects_And_Save/Set_Effective_Dates/input_Effective_End_Date"), input_Eff_End_Dt): NOT_RUN: setText(findTestObject("TF_Customer_Create/4_Create_Objects_And_Save/Set_Effective_Dates/input_Effective_End_Date"), input_Eff_End_Dt)

2019-01-18 20:15:17 - [MESSAGE][NOT_RUN] - NOT_RUN: setText(findTestObject("TF_Customer_Create/4_Create_Objects_And_Save/Set_Effective_Dates/input_Effective_End_Date"), input_Eff_End_Dt)

2019-01-18 20:15:17 - [TEST_STEP][PASSED] - delay(2): Delayed 2 second(s)

2019-01-18 20:15:19 - [MESSAGE][PASSED] - Delayed 2 second(s)

2019-01-18 20:15:19 - [TEST_STEP][PASSED] - click(findTestObject("TF_Customer_Create/3_Common_Action_Buttons/Click_Data_Tab/span_Data_Tab")): Object: 'Object Repository/TF_Customer_Create/3_Common_Action_Buttons/Click_Data_Tab/span_Data_Tab' is clicked on

2019-01-18 20:15:19 - [MESSAGE][PASSED] - Object: 'Object Repository/TF_Customer_Create/3_Common_Action_Buttons/Click_Data_Tab/span_Data_Tab' is clicked on

2019-01-18 20:15:19 - [TEST_STEP][NOT_RUN] - click(findTestObject("TF_Customer_Create/4_Create_Objects_And_Save/Choose_Sales_Org/Click_Sales_Org_DD"), CONTINUE_ON_FAILURE): NOT_RUN: click(findTestObject("TF_Customer_Create/4_Create_Objects_And_Save/Choose_Sales_Org/Click_Sales_Org_DD"), CONTINUE_ON_FAILURE)

2019-01-18 20:15:19 - [MESSAGE][NOT_RUN] - NOT_RUN: click(findTestObject("TF_Customer_Create/4_Create_Objects_And_Save/Choose_Sales_Org/Click_Sales_Org_DD"), CONTINUE_ON_FAILURE)

2019-01-18 20:15:19 - [TEST_STEP][NOT_RUN] - click(findTestObject("TF_Customer_Create/4_Create_Objects_And_Save/Choose_Sales_Org/CA_Object"), CONTINUE_ON_FAILURE): NOT_RUN: click(findTestObject("TF_Customer_Create/4_Create_Objects_And_Save/Choose_Sales_Org/CA_Object"), CONTINUE_ON_FAILURE)

2019-01-18 20:15:19 - [MESSAGE][NOT_RUN] - NOT_RUN: click(findTestObject("TF_Customer_Create/4_Create_Objects_And_Save/Choose_Sales_Org/CA_Object"), CONTINUE_ON_FAILURE)

2019-01-18 20:15:19 - [TEST_STEP][PASSED] - delay(2): Delayed 2 second(s)

2019-01-18 20:15:21 - [MESSAGE][PASSED] - Delayed 2 second(s)

2019-01-18 20:15:21 - [TEST_STEP][PASSED] - click(findTestObject("TF_Customer_Create/3_Common_Action_Buttons/Click_Apply_Button/td_Apply")): Object: 'Object Repository/TF_Customer_Create/3_Common_Action_Buttons/Click_Apply_Button/td_Apply' is clicked on

2019-01-18 20:15:21 - [MESSAGE][PASSED] - Object: 'Object Repository/TF_Customer_Create/3_Common_Action_Buttons/Click_Apply_Button/td_Apply' is clicked on

2019-01-18 20:15:21 - [TEST_STEP][PASSED] - delay(2): Delayed 2 second(s)

2019-01-18 20:15:23 - [MESSAGE][PASSED] - Delayed 2 second(s)

2019-01-18 20:15:23 - [TEST_STEP][PASSED] - click(findTestObject("TF_Customer_Create/3_Common_Action_Buttons/Click_Save_Button/btn_Save")): Object: 'Object Repository/TF_Customer_Create/3_Common_Action_Buttons/Click_Save_Button/btn_Save' is clicked on

2019-01-18 20:15:23 - [MESSAGE][PASSED] - Object: 'Object Repository/TF_Customer_Create/3_Common_Action_Buttons/Click_Save_Button/btn_Save' is clicked on

2019-01-18 20:15:23 - [TEST_STEP][PASSED] - delay(2): Delayed 2 second(s)

2019-01-18 20:15:25 - [MESSAGE][PASSED] - Delayed 2 second(s)

2019-01-18 20:15:25 - [TEST_STEP][NOT_RUN] - verifyElementText(findTestObject("TF_Customer_Create/3_Common_Action_Buttons/Verify_Success_Message/Success_Message"), "Record has been saved successfully.", CONTINUE_ON_FAILURE): NOT_RUN: verifyElementText(findTestObject("TF_Customer_Create/3_Common_Action_Buttons/Verify_Success_Message/Success_Message"), "Record has been saved successfully.", CONTINUE_ON_FAILURE)

2019-01-18 20:15:25 - [MESSAGE][NOT_RUN] - NOT_RUN: verifyElementText(findTestObject("TF_Customer_Create/3_Common_Action_Buttons/Verify_Success_Message/Success_Message"), "Record has been saved successfully.", CONTINUE_ON_FAILURE)

2019-01-18 20:15:25 - [TEST_STEP][NOT_RUN] - click(findTestObject("TF_Customer_Create/3_Common_Action_Buttons/Click_Data_Tab/span_Data_Tab")): NOT_RUN: click(findTestObject("TF_Customer_Create/3_Common_Action_Buttons/Click_Data_Tab/span_Data_Tab"))

2019-01-18 20:15:25 - [MESSAGE][NOT_RUN] - NOT_RUN: click(findTestObject("TF_Customer_Create/3_Common_Action_Buttons/Click_Data_Tab/span_Data_Tab"))

2019-01-18 20:15:25 - [TEST_STEP][NOT_RUN] - delay(1): NOT_RUN: delay(1)

2019-01-18 20:15:25 - [MESSAGE][NOT_RUN] - NOT_RUN: delay(1)

2019-01-18 20:15:25 - [TEST_STEP][NOT_RUN] - click(findTestObject("TF_Customer_Create/3_Common_Action_Buttons/Click_Close_Button/btn_Close")): NOT_RUN: click(findTestObject("TF_Customer_Create/3_Common_Action_Buttons/Click_Close_Button/btn_Close"))

2019-01-18 20:15:25 - [MESSAGE][NOT_RUN] - NOT_RUN: click(findTestObject("TF_Customer_Create/3_Common_Action_Buttons/Click_Close_Button/btn_Close"))

2019-01-18 20:15:25 - [TEST_STEP][NOT_RUN] - delay(2): NOT_RUN: delay(2)

2019-01-18 20:15:25 - [MESSAGE][NOT_RUN] - NOT_RUN: delay(2)

2019-01-18 20:15:25 - [TEST_STEP][NOT_RUN] - vrfy_PLA = com.oracledb.regressiontest.verifyPLA(ora_connt, ora_usr, ora_psswrd, ora_schema, plaAcctName): NOT_RUN: vrfy_PLA = com.oracledb.regressiontest.verifyPLA(ora_connt, ora_usr, ora_psswrd, ora_schema, plaAcctName)

2019-01-18 20:15:25 - [MESSAGE][NOT_RUN] - NOT_RUN: vrfy_PLA = com.oracledb.regressiontest.verifyPLA(ora_connt, ora_usr, ora_psswrd, ora_schema, plaAcctName)

2019-01-18 20:15:25 - [TEST_STEP][NOT_RUN] - println("Planning Account Name"): NOT_RUN: println("Planning Account Name")

2019-01-18 20:15:25 - [MESSAGE][NOT_RUN] - NOT_RUN: println("Planning Account Name")

2019-01-18 20:15:25 - [TEST_STEP][NOT_RUN] - verifyEqual(PLANNING_ACCOUNT_NAME, plaAcctName): NOT_RUN: verifyEqual(PLANNING_ACCOUNT_NAME, plaAcctName)

2019-01-18 20:15:25 - [MESSAGE][NOT_RUN] - NOT_RUN: verifyEqual(PLANNING_ACCOUNT_NAME, plaAcctName)]]></system-out>
         <system-err><![CDATA[]]></system-err>
      </testcase>
      <testcase name="Test Cases/Regression_TF_Customer/Create_Record/TC_13_Create_LDI_Vendor_Site" classname="Test Cases/Regression_TF_Customer/Create_Record/TC_13_Create_LDI_Vendor_Site" status="PASSED">
         <system-out><![CDATA[2019-01-18 20:15:25 - [TEST_CASE][PASSED] - Test Cases/Regression_TF_Customer/Create_Record/TC_13_Create_LDI_Vendor_Site: Test Cases/Regression_TF_Customer/Create_Record/TC_13_Create_LDI_Vendor_Site

2019-01-18 20:15:25 - [TEST_STEP][PASSED] - waitForPageLoad(G_Timeout): Wait for page load successfully

2019-01-18 20:15:25 - [MESSAGE][PASSED] - Wait for page load successfully

2019-01-18 20:15:25 - [TEST_STEP][PASSED] - mouseOver(findTestObject("TF_Customer_Create/1_Menu_Navigation_To_Open_All_Pages/0_Menu_Create_In_Data_View")): Object: 'Object Repository/TF_Customer_Create/1_Menu_Navigation_To_Open_All_Pages/0_Menu_Create_In_Data_View' is hovered

2019-01-18 20:15:25 - [MESSAGE][PASSED] - Object: 'Object Repository/TF_Customer_Create/1_Menu_Navigation_To_Open_All_Pages/0_Menu_Create_In_Data_View' is hovered

2019-01-18 20:15:25 - [TEST_STEP][PASSED] - waitForPageLoad(G_Timeout): Wait for page load successfully

2019-01-18 20:15:25 - [MESSAGE][PASSED] - Wait for page load successfully

2019-01-18 20:15:25 - [TEST_STEP][PASSED] - mouseOver(findTestObject("TF_Customer_Create/1_Menu_Navigation_To_Open_All_Pages/1_Menu_Create_Master_Data")): Object: 'Object Repository/TF_Customer_Create/1_Menu_Navigation_To_Open_All_Pages/1_Menu_Create_Master_Data' is hovered

2019-01-18 20:15:26 - [MESSAGE][PASSED] - Object: 'Object Repository/TF_Customer_Create/1_Menu_Navigation_To_Open_All_Pages/1_Menu_Create_Master_Data' is hovered

2019-01-18 20:15:26 - [TEST_STEP][PASSED] - waitForPageLoad(G_Timeout): Wait for page load successfully

2019-01-18 20:15:26 - [MESSAGE][PASSED] - Wait for page load successfully

2019-01-18 20:15:26 - [TEST_STEP][PASSED] - mouseOver(findTestObject("TF_Customer_Create/1_Menu_Navigation_To_Open_All_Pages/3_Planning_Account_Hoverover_Option")): Object: 'Object Repository/TF_Customer_Create/1_Menu_Navigation_To_Open_All_Pages/3_Planning_Account_Hoverover_Option' is hovered

2019-01-18 20:15:26 - [MESSAGE][PASSED] - Object: 'Object Repository/TF_Customer_Create/1_Menu_Navigation_To_Open_All_Pages/3_Planning_Account_Hoverover_Option' is hovered

2019-01-18 20:15:26 - [TEST_STEP][PASSED] - waitForPageLoad(G_Timeout): Wait for page load successfully

2019-01-18 20:15:26 - [MESSAGE][PASSED] - Wait for page load successfully

2019-01-18 20:15:26 - [TEST_STEP][PASSED] - click(findTestObject("TF_Customer_Create/2_Select_Menu_Options(All)/13_LDI_Vendor_Site")): Object: 'Object Repository/TF_Customer_Create/2_Select_Menu_Options(All)/13_LDI_Vendor_Site' is clicked on

2019-01-18 20:15:26 - [MESSAGE][PASSED] - Object: 'Object Repository/TF_Customer_Create/2_Select_Menu_Options(All)/13_LDI_Vendor_Site' is clicked on

2019-01-18 20:15:26 - [TEST_STEP][PASSED] - waitForPageLoad(G_Timeout): Wait for page load successfully

2019-01-18 20:15:26 - [MESSAGE][PASSED] - Wait for page load successfully

2019-01-18 20:15:26 - [TEST_STEP][PASSED] - delay(3): Delayed 3 second(s)

2019-01-18 20:15:29 - [MESSAGE][PASSED] - Delayed 3 second(s)

2019-01-18 20:15:29 - [TEST_STEP][PASSED] - vndSiteName = com.oracledb.regressiontest.genName(15): com.oracledb.regressiontest.genName is PASSED

2019-01-18 20:15:29 - [MESSAGE][PASSED] - com.oracledb.regressiontest.genName is PASSED

2019-01-18 20:15:29 - [TEST_STEP][PASSED] - vndSiteNumber = com.oracledb.regressiontest.genName(12): com.oracledb.regressiontest.genName is PASSED

2019-01-18 20:15:29 - [MESSAGE][PASSED] - com.oracledb.regressiontest.genName is PASSED

2019-01-18 20:15:29 - [TEST_STEP][PASSED] - vndSiteCd = com.oracledb.regressiontest.genName(10): com.oracledb.regressiontest.genName is PASSED

2019-01-18 20:15:29 - [MESSAGE][PASSED] - com.oracledb.regressiontest.genName is PASSED

2019-01-18 20:15:29 - [TEST_STEP][PASSED] - vndSiteCity = com.oracledb.regressiontest.genName(8): com.oracledb.regressiontest.genName is PASSED

2019-01-18 20:15:29 - [MESSAGE][PASSED] - com.oracledb.regressiontest.genName is PASSED

2019-01-18 20:15:29 - [TEST_STEP][PASSED] - vndSitePtlCd = com.oracledb.regressiontest.genName(6): com.oracledb.regressiontest.genName is PASSED

2019-01-18 20:15:29 - [MESSAGE][PASSED] - com.oracledb.regressiontest.genName is PASSED

2019-01-18 20:15:29 - [TEST_STEP][PASSED] - setText(findTestObject("TF_Customer_Create/4_Create_Objects_And_Save/13_Create_LDI_Vendor_Site/Input_Vendor_Site_Name/input_Vendor_Site_Nm"), vndSiteName): Text 'FC4QQ6GCVWCELD8' is set on object 'Object Repository/TF_Customer_Create/4_Create_Objects_And_Save/13_Create_LDI_Vendor_Site/Input_Vendor_Site_Name/input_Vendor_Site_Nm'

2019-01-18 20:15:29 - [MESSAGE][PASSED] - Text 'FC4QQ6GCVWCELD8' is set on object 'Object Repository/TF_Customer_Create/4_Create_Objects_And_Save/13_Create_LDI_Vendor_Site/Input_Vendor_Site_Name/input_Vendor_Site_Nm'

2019-01-18 20:15:29 - [TEST_STEP][PASSED] - setText(findTestObject("TF_Customer_Create/4_Create_Objects_And_Save/13_Create_LDI_Vendor_Site/Input_Vendor_Site_Name/input_Vendor_Site_Number"), vndSiteNumber): Text 'H7E1PZTUWSPC' is set on object 'Object Repository/TF_Customer_Create/4_Create_Objects_And_Save/13_Create_LDI_Vendor_Site/Input_Vendor_Site_Name/input_Vendor_Site_Number'

2019-01-18 20:15:30 - [MESSAGE][PASSED] - Text 'H7E1PZTUWSPC' is set on object 'Object Repository/TF_Customer_Create/4_Create_Objects_And_Save/13_Create_LDI_Vendor_Site/Input_Vendor_Site_Name/input_Vendor_Site_Number'

2019-01-18 20:15:30 - [TEST_STEP][PASSED] - setText(findTestObject("TF_Customer_Create/4_Create_Objects_And_Save/13_Create_LDI_Vendor_Site/Input_Vendor_Site_Name/input_Vendor_Site_Cd"), vndSiteCd): Text '4L8GRWF1D0' is set on object 'Object Repository/TF_Customer_Create/4_Create_Objects_And_Save/13_Create_LDI_Vendor_Site/Input_Vendor_Site_Name/input_Vendor_Site_Cd'

2019-01-18 20:15:30 - [MESSAGE][PASSED] - Text '4L8GRWF1D0' is set on object 'Object Repository/TF_Customer_Create/4_Create_Objects_And_Save/13_Create_LDI_Vendor_Site/Input_Vendor_Site_Name/input_Vendor_Site_Cd'

2019-01-18 20:15:30 - [TEST_STEP][PASSED] - setText(findTestObject("TF_Customer_Create/4_Create_Objects_And_Save/13_Create_LDI_Vendor_Site/Input_Vendor_Site_Name/input_Vendor_Site_City"), vndSiteCity): Text '8BGRJRL2' is set on object 'Object Repository/TF_Customer_Create/4_Create_Objects_And_Save/13_Create_LDI_Vendor_Site/Input_Vendor_Site_Name/input_Vendor_Site_City'

2019-01-18 20:15:30 - [MESSAGE][PASSED] - Text '8BGRJRL2' is set on object 'Object Repository/TF_Customer_Create/4_Create_Objects_And_Save/13_Create_LDI_Vendor_Site/Input_Vendor_Site_Name/input_Vendor_Site_City'

2019-01-18 20:15:30 - [TEST_STEP][PASSED] - setText(findTestObject("TF_Customer_Create/4_Create_Objects_And_Save/13_Create_LDI_Vendor_Site/Input_Vendor_Site_Name/input_Vendor_Site_Postal_Code"), vndSitePtlCd): Text '7I0O7O' is set on object 'Object Repository/TF_Customer_Create/4_Create_Objects_And_Save/13_Create_LDI_Vendor_Site/Input_Vendor_Site_Name/input_Vendor_Site_Postal_Code'

2019-01-18 20:15:30 - [MESSAGE][PASSED] - Text '7I0O7O' is set on object 'Object Repository/TF_Customer_Create/4_Create_Objects_And_Save/13_Create_LDI_Vendor_Site/Input_Vendor_Site_Name/input_Vendor_Site_Postal_Code'

2019-01-18 20:15:30 - [TEST_STEP][NOT_RUN] - setText(findTestObject("TF_Customer_Create/4_Create_Objects_And_Save/Set_Effective_Dates/input_Effective_End_Date"), input_Eff_End_Dt): NOT_RUN: setText(findTestObject("TF_Customer_Create/4_Create_Objects_And_Save/Set_Effective_Dates/input_Effective_End_Date"), input_Eff_End_Dt)

2019-01-18 20:15:30 - [MESSAGE][NOT_RUN] - NOT_RUN: setText(findTestObject("TF_Customer_Create/4_Create_Objects_And_Save/Set_Effective_Dates/input_Effective_End_Date"), input_Eff_End_Dt)

2019-01-18 20:15:30 - [TEST_STEP][PASSED] - delay(2): Delayed 2 second(s)

2019-01-18 20:15:32 - [MESSAGE][PASSED] - Delayed 2 second(s)

2019-01-18 20:15:32 - [TEST_STEP][PASSED] - click(findTestObject("TF_Customer_Create/3_Common_Action_Buttons/Click_Data_Tab/span_Data_Tab")): Object: 'Object Repository/TF_Customer_Create/3_Common_Action_Buttons/Click_Data_Tab/span_Data_Tab' is clicked on

2019-01-18 20:15:32 - [MESSAGE][PASSED] - Object: 'Object Repository/TF_Customer_Create/3_Common_Action_Buttons/Click_Data_Tab/span_Data_Tab' is clicked on

2019-01-18 20:15:32 - [TEST_STEP][NOT_RUN] - click(findTestObject("TF_Customer_Create/4_Create_Objects_And_Save/Choose_Sales_Org/Click_Sales_Org_DD"), CONTINUE_ON_FAILURE): NOT_RUN: click(findTestObject("TF_Customer_Create/4_Create_Objects_And_Save/Choose_Sales_Org/Click_Sales_Org_DD"), CONTINUE_ON_FAILURE)

2019-01-18 20:15:32 - [MESSAGE][NOT_RUN] - NOT_RUN: click(findTestObject("TF_Customer_Create/4_Create_Objects_And_Save/Choose_Sales_Org/Click_Sales_Org_DD"), CONTINUE_ON_FAILURE)

2019-01-18 20:15:32 - [TEST_STEP][NOT_RUN] - click(findTestObject("TF_Customer_Create/4_Create_Objects_And_Save/Choose_Sales_Org/CA_Object"), CONTINUE_ON_FAILURE): NOT_RUN: click(findTestObject("TF_Customer_Create/4_Create_Objects_And_Save/Choose_Sales_Org/CA_Object"), CONTINUE_ON_FAILURE)

2019-01-18 20:15:32 - [MESSAGE][NOT_RUN] - NOT_RUN: click(findTestObject("TF_Customer_Create/4_Create_Objects_And_Save/Choose_Sales_Org/CA_Object"), CONTINUE_ON_FAILURE)

2019-01-18 20:15:32 - [TEST_STEP][PASSED] - delay(2): Delayed 2 second(s)

2019-01-18 20:15:34 - [MESSAGE][PASSED] - Delayed 2 second(s)

2019-01-18 20:15:34 - [TEST_STEP][PASSED] - click(findTestObject("TF_Customer_Create/3_Common_Action_Buttons/Click_Apply_Button/td_Apply")): Object: 'Object Repository/TF_Customer_Create/3_Common_Action_Buttons/Click_Apply_Button/td_Apply' is clicked on

2019-01-18 20:15:34 - [MESSAGE][PASSED] - Object: 'Object Repository/TF_Customer_Create/3_Common_Action_Buttons/Click_Apply_Button/td_Apply' is clicked on

2019-01-18 20:15:34 - [TEST_STEP][PASSED] - delay(2): Delayed 2 second(s)

2019-01-18 20:15:36 - [MESSAGE][PASSED] - Delayed 2 second(s)

2019-01-18 20:15:36 - [TEST_STEP][PASSED] - click(findTestObject("TF_Customer_Create/3_Common_Action_Buttons/Click_Save_Button/btn_Save")): Object: 'Object Repository/TF_Customer_Create/3_Common_Action_Buttons/Click_Save_Button/btn_Save' is clicked on

2019-01-18 20:15:36 - [MESSAGE][PASSED] - Object: 'Object Repository/TF_Customer_Create/3_Common_Action_Buttons/Click_Save_Button/btn_Save' is clicked on

2019-01-18 20:15:36 - [TEST_STEP][PASSED] - delay(2): Delayed 2 second(s)

2019-01-18 20:15:38 - [MESSAGE][PASSED] - Delayed 2 second(s)

2019-01-18 20:15:38 - [TEST_STEP][NOT_RUN] - verifyElementText(findTestObject("TF_Customer_Create/3_Common_Action_Buttons/Verify_Success_Message/Success_Message"), "Record has been saved successfully.", CONTINUE_ON_FAILURE): NOT_RUN: verifyElementText(findTestObject("TF_Customer_Create/3_Common_Action_Buttons/Verify_Success_Message/Success_Message"), "Record has been saved successfully.", CONTINUE_ON_FAILURE)

2019-01-18 20:15:38 - [MESSAGE][NOT_RUN] - NOT_RUN: verifyElementText(findTestObject("TF_Customer_Create/3_Common_Action_Buttons/Verify_Success_Message/Success_Message"), "Record has been saved successfully.", CONTINUE_ON_FAILURE)

2019-01-18 20:15:38 - [TEST_STEP][NOT_RUN] - click(findTestObject("TF_Customer_Create/3_Common_Action_Buttons/Click_Data_Tab/span_Data_Tab")): NOT_RUN: click(findTestObject("TF_Customer_Create/3_Common_Action_Buttons/Click_Data_Tab/span_Data_Tab"))

2019-01-18 20:15:38 - [MESSAGE][NOT_RUN] - NOT_RUN: click(findTestObject("TF_Customer_Create/3_Common_Action_Buttons/Click_Data_Tab/span_Data_Tab"))

2019-01-18 20:15:38 - [TEST_STEP][NOT_RUN] - delay(1): NOT_RUN: delay(1)

2019-01-18 20:15:38 - [MESSAGE][NOT_RUN] - NOT_RUN: delay(1)

2019-01-18 20:15:38 - [TEST_STEP][NOT_RUN] - click(findTestObject("TF_Customer_Create/3_Common_Action_Buttons/Click_Close_Button/btn_Close")): NOT_RUN: click(findTestObject("TF_Customer_Create/3_Common_Action_Buttons/Click_Close_Button/btn_Close"))

2019-01-18 20:15:38 - [MESSAGE][NOT_RUN] - NOT_RUN: click(findTestObject("TF_Customer_Create/3_Common_Action_Buttons/Click_Close_Button/btn_Close"))

2019-01-18 20:15:38 - [TEST_STEP][NOT_RUN] - delay(2): NOT_RUN: delay(2)

2019-01-18 20:15:38 - [MESSAGE][NOT_RUN] - NOT_RUN: delay(2)

2019-01-18 20:15:38 - [TEST_STEP][NOT_RUN] - vrfy_PLA = com.oracledb.regressiontest.verifyPLA(ora_connt, ora_usr, ora_psswrd, ora_schema, plaAcctName): NOT_RUN: vrfy_PLA = com.oracledb.regressiontest.verifyPLA(ora_connt, ora_usr, ora_psswrd, ora_schema, plaAcctName)

2019-01-18 20:15:38 - [MESSAGE][NOT_RUN] - NOT_RUN: vrfy_PLA = com.oracledb.regressiontest.verifyPLA(ora_connt, ora_usr, ora_psswrd, ora_schema, plaAcctName)

2019-01-18 20:15:38 - [TEST_STEP][NOT_RUN] - println("Planning Account Name"): NOT_RUN: println("Planning Account Name")

2019-01-18 20:15:38 - [MESSAGE][NOT_RUN] - NOT_RUN: println("Planning Account Name")

2019-01-18 20:15:38 - [TEST_STEP][NOT_RUN] - verifyEqual(PLANNING_ACCOUNT_NAME, plaAcctName): NOT_RUN: verifyEqual(PLANNING_ACCOUNT_NAME, plaAcctName)

2019-01-18 20:15:38 - [MESSAGE][NOT_RUN] - NOT_RUN: verifyEqual(PLANNING_ACCOUNT_NAME, plaAcctName)]]></system-out>
         <system-err><![CDATA[]]></system-err>
      </testcase>
      <testcase name="Test Cases/Regression_TF_Customer/Create_Record/TC_13_Create_LDI_Vendor_Site" classname="Test Cases/Regression_TF_Customer/Create_Record/TC_13_Create_LDI_Vendor_Site" status="PASSED">
         <system-out><![CDATA[2019-01-18 20:15:38 - [TEST_CASE][PASSED] - Test Cases/Regression_TF_Customer/Create_Record/TC_13_Create_LDI_Vendor_Site: Test Cases/Regression_TF_Customer/Create_Record/TC_13_Create_LDI_Vendor_Site

2019-01-18 20:15:38 - [TEST_STEP][PASSED] - waitForPageLoad(G_Timeout): Wait for page load successfully

2019-01-18 20:15:38 - [MESSAGE][PASSED] - Wait for page load successfully

2019-01-18 20:15:38 - [TEST_STEP][PASSED] - mouseOver(findTestObject("TF_Customer_Create/1_Menu_Navigation_To_Open_All_Pages/0_Menu_Create_In_Data_View")): Object: 'Object Repository/TF_Customer_Create/1_Menu_Navigation_To_Open_All_Pages/0_Menu_Create_In_Data_View' is hovered

2019-01-18 20:15:38 - [MESSAGE][PASSED] - Object: 'Object Repository/TF_Customer_Create/1_Menu_Navigation_To_Open_All_Pages/0_Menu_Create_In_Data_View' is hovered

2019-01-18 20:15:38 - [TEST_STEP][PASSED] - waitForPageLoad(G_Timeout): Wait for page load successfully

2019-01-18 20:15:38 - [MESSAGE][PASSED] - Wait for page load successfully

2019-01-18 20:15:38 - [TEST_STEP][PASSED] - mouseOver(findTestObject("TF_Customer_Create/1_Menu_Navigation_To_Open_All_Pages/1_Menu_Create_Master_Data")): Object: 'Object Repository/TF_Customer_Create/1_Menu_Navigation_To_Open_All_Pages/1_Menu_Create_Master_Data' is hovered

2019-01-18 20:15:38 - [MESSAGE][PASSED] - Object: 'Object Repository/TF_Customer_Create/1_Menu_Navigation_To_Open_All_Pages/1_Menu_Create_Master_Data' is hovered

2019-01-18 20:15:38 - [TEST_STEP][PASSED] - waitForPageLoad(G_Timeout): Wait for page load successfully

2019-01-18 20:15:38 - [MESSAGE][PASSED] - Wait for page load successfully

2019-01-18 20:15:38 - [TEST_STEP][PASSED] - mouseOver(findTestObject("TF_Customer_Create/1_Menu_Navigation_To_Open_All_Pages/3_Planning_Account_Hoverover_Option")): Object: 'Object Repository/TF_Customer_Create/1_Menu_Navigation_To_Open_All_Pages/3_Planning_Account_Hoverover_Option' is hovered

2019-01-18 20:15:39 - [MESSAGE][PASSED] - Object: 'Object Repository/TF_Customer_Create/1_Menu_Navigation_To_Open_All_Pages/3_Planning_Account_Hoverover_Option' is hovered

2019-01-18 20:15:39 - [TEST_STEP][PASSED] - waitForPageLoad(G_Timeout): Wait for page load successfully

2019-01-18 20:15:39 - [MESSAGE][PASSED] - Wait for page load successfully

2019-01-18 20:15:39 - [TEST_STEP][PASSED] - click(findTestObject("TF_Customer_Create/2_Select_Menu_Options(All)/13_LDI_Vendor_Site")): Object: 'Object Repository/TF_Customer_Create/2_Select_Menu_Options(All)/13_LDI_Vendor_Site' is clicked on

2019-01-18 20:15:39 - [MESSAGE][PASSED] - Object: 'Object Repository/TF_Customer_Create/2_Select_Menu_Options(All)/13_LDI_Vendor_Site' is clicked on

2019-01-18 20:15:39 - [TEST_STEP][PASSED] - waitForPageLoad(G_Timeout): Wait for page load successfully

2019-01-18 20:15:39 - [MESSAGE][PASSED] - Wait for page load successfully

2019-01-18 20:15:39 - [TEST_STEP][PASSED] - delay(3): Delayed 3 second(s)

2019-01-18 20:15:42 - [MESSAGE][PASSED] - Delayed 3 second(s)

2019-01-18 20:15:42 - [TEST_STEP][PASSED] - vndSiteName = com.oracledb.regressiontest.genName(15): com.oracledb.regressiontest.genName is PASSED

2019-01-18 20:15:42 - [MESSAGE][PASSED] - com.oracledb.regressiontest.genName is PASSED

2019-01-18 20:15:42 - [TEST_STEP][PASSED] - vndSiteNumber = com.oracledb.regressiontest.genName(12): com.oracledb.regressiontest.genName is PASSED

2019-01-18 20:15:42 - [MESSAGE][PASSED] - com.oracledb.regressiontest.genName is PASSED

2019-01-18 20:15:42 - [TEST_STEP][PASSED] - vndSiteCd = com.oracledb.regressiontest.genName(10): com.oracledb.regressiontest.genName is PASSED

2019-01-18 20:15:42 - [MESSAGE][PASSED] - com.oracledb.regressiontest.genName is PASSED

2019-01-18 20:15:42 - [TEST_STEP][PASSED] - vndSiteCity = com.oracledb.regressiontest.genName(8): com.oracledb.regressiontest.genName is PASSED

2019-01-18 20:15:42 - [MESSAGE][PASSED] - com.oracledb.regressiontest.genName is PASSED

2019-01-18 20:15:42 - [TEST_STEP][PASSED] - vndSitePtlCd = com.oracledb.regressiontest.genName(6): com.oracledb.regressiontest.genName is PASSED

2019-01-18 20:15:42 - [MESSAGE][PASSED] - com.oracledb.regressiontest.genName is PASSED

2019-01-18 20:15:42 - [TEST_STEP][PASSED] - setText(findTestObject("TF_Customer_Create/4_Create_Objects_And_Save/13_Create_LDI_Vendor_Site/Input_Vendor_Site_Name/input_Vendor_Site_Nm"), vndSiteName): Text '02KZBJO4YXMPPZH' is set on object 'Object Repository/TF_Customer_Create/4_Create_Objects_And_Save/13_Create_LDI_Vendor_Site/Input_Vendor_Site_Name/input_Vendor_Site_Nm'

2019-01-18 20:15:42 - [MESSAGE][PASSED] - Text '02KZBJO4YXMPPZH' is set on object 'Object Repository/TF_Customer_Create/4_Create_Objects_And_Save/13_Create_LDI_Vendor_Site/Input_Vendor_Site_Name/input_Vendor_Site_Nm'

2019-01-18 20:15:42 - [TEST_STEP][PASSED] - setText(findTestObject("TF_Customer_Create/4_Create_Objects_And_Save/13_Create_LDI_Vendor_Site/Input_Vendor_Site_Name/input_Vendor_Site_Number"), vndSiteNumber): Text 'IE6AEMD0VB0T' is set on object 'Object Repository/TF_Customer_Create/4_Create_Objects_And_Save/13_Create_LDI_Vendor_Site/Input_Vendor_Site_Name/input_Vendor_Site_Number'

2019-01-18 20:15:42 - [MESSAGE][PASSED] - Text 'IE6AEMD0VB0T' is set on object 'Object Repository/TF_Customer_Create/4_Create_Objects_And_Save/13_Create_LDI_Vendor_Site/Input_Vendor_Site_Name/input_Vendor_Site_Number'

2019-01-18 20:15:42 - [TEST_STEP][PASSED] - setText(findTestObject("TF_Customer_Create/4_Create_Objects_And_Save/13_Create_LDI_Vendor_Site/Input_Vendor_Site_Name/input_Vendor_Site_Cd"), vndSiteCd): Text 'JF2BN1AX2N' is set on object 'Object Repository/TF_Customer_Create/4_Create_Objects_And_Save/13_Create_LDI_Vendor_Site/Input_Vendor_Site_Name/input_Vendor_Site_Cd'

2019-01-18 20:15:43 - [MESSAGE][PASSED] - Text 'JF2BN1AX2N' is set on object 'Object Repository/TF_Customer_Create/4_Create_Objects_And_Save/13_Create_LDI_Vendor_Site/Input_Vendor_Site_Name/input_Vendor_Site_Cd'

2019-01-18 20:15:43 - [TEST_STEP][PASSED] - setText(findTestObject("TF_Customer_Create/4_Create_Objects_And_Save/13_Create_LDI_Vendor_Site/Input_Vendor_Site_Name/input_Vendor_Site_City"), vndSiteCity): Text 'SOGZF7Z3' is set on object 'Object Repository/TF_Customer_Create/4_Create_Objects_And_Save/13_Create_LDI_Vendor_Site/Input_Vendor_Site_Name/input_Vendor_Site_City'

2019-01-18 20:15:43 - [MESSAGE][PASSED] - Text 'SOGZF7Z3' is set on object 'Object Repository/TF_Customer_Create/4_Create_Objects_And_Save/13_Create_LDI_Vendor_Site/Input_Vendor_Site_Name/input_Vendor_Site_City'

2019-01-18 20:15:43 - [TEST_STEP][PASSED] - setText(findTestObject("TF_Customer_Create/4_Create_Objects_And_Save/13_Create_LDI_Vendor_Site/Input_Vendor_Site_Name/input_Vendor_Site_Postal_Code"), vndSitePtlCd): Text '7P6RLW' is set on object 'Object Repository/TF_Customer_Create/4_Create_Objects_And_Save/13_Create_LDI_Vendor_Site/Input_Vendor_Site_Name/input_Vendor_Site_Postal_Code'

2019-01-18 20:15:43 - [MESSAGE][PASSED] - Text '7P6RLW' is set on object 'Object Repository/TF_Customer_Create/4_Create_Objects_And_Save/13_Create_LDI_Vendor_Site/Input_Vendor_Site_Name/input_Vendor_Site_Postal_Code'

2019-01-18 20:15:43 - [TEST_STEP][NOT_RUN] - setText(findTestObject("TF_Customer_Create/4_Create_Objects_And_Save/Set_Effective_Dates/input_Effective_End_Date"), input_Eff_End_Dt): NOT_RUN: setText(findTestObject("TF_Customer_Create/4_Create_Objects_And_Save/Set_Effective_Dates/input_Effective_End_Date"), input_Eff_End_Dt)

2019-01-18 20:15:43 - [MESSAGE][NOT_RUN] - NOT_RUN: setText(findTestObject("TF_Customer_Create/4_Create_Objects_And_Save/Set_Effective_Dates/input_Effective_End_Date"), input_Eff_End_Dt)

2019-01-18 20:15:43 - [TEST_STEP][PASSED] - delay(2): Delayed 2 second(s)

2019-01-18 20:15:45 - [MESSAGE][PASSED] - Delayed 2 second(s)

2019-01-18 20:15:45 - [TEST_STEP][PASSED] - click(findTestObject("TF_Customer_Create/3_Common_Action_Buttons/Click_Data_Tab/span_Data_Tab")): Object: 'Object Repository/TF_Customer_Create/3_Common_Action_Buttons/Click_Data_Tab/span_Data_Tab' is clicked on

2019-01-18 20:15:45 - [MESSAGE][PASSED] - Object: 'Object Repository/TF_Customer_Create/3_Common_Action_Buttons/Click_Data_Tab/span_Data_Tab' is clicked on

2019-01-18 20:15:45 - [TEST_STEP][NOT_RUN] - click(findTestObject("TF_Customer_Create/4_Create_Objects_And_Save/Choose_Sales_Org/Click_Sales_Org_DD"), CONTINUE_ON_FAILURE): NOT_RUN: click(findTestObject("TF_Customer_Create/4_Create_Objects_And_Save/Choose_Sales_Org/Click_Sales_Org_DD"), CONTINUE_ON_FAILURE)

2019-01-18 20:15:45 - [MESSAGE][NOT_RUN] - NOT_RUN: click(findTestObject("TF_Customer_Create/4_Create_Objects_And_Save/Choose_Sales_Org/Click_Sales_Org_DD"), CONTINUE_ON_FAILURE)

2019-01-18 20:15:45 - [TEST_STEP][NOT_RUN] - click(findTestObject("TF_Customer_Create/4_Create_Objects_And_Save/Choose_Sales_Org/CA_Object"), CONTINUE_ON_FAILURE): NOT_RUN: click(findTestObject("TF_Customer_Create/4_Create_Objects_And_Save/Choose_Sales_Org/CA_Object"), CONTINUE_ON_FAILURE)

2019-01-18 20:15:45 - [MESSAGE][NOT_RUN] - NOT_RUN: click(findTestObject("TF_Customer_Create/4_Create_Objects_And_Save/Choose_Sales_Org/CA_Object"), CONTINUE_ON_FAILURE)

2019-01-18 20:15:45 - [TEST_STEP][PASSED] - delay(2): Delayed 2 second(s)

2019-01-18 20:15:47 - [MESSAGE][PASSED] - Delayed 2 second(s)

2019-01-18 20:15:47 - [TEST_STEP][PASSED] - click(findTestObject("TF_Customer_Create/3_Common_Action_Buttons/Click_Apply_Button/td_Apply")): Object: 'Object Repository/TF_Customer_Create/3_Common_Action_Buttons/Click_Apply_Button/td_Apply' is clicked on

2019-01-18 20:15:47 - [MESSAGE][PASSED] - Object: 'Object Repository/TF_Customer_Create/3_Common_Action_Buttons/Click_Apply_Button/td_Apply' is clicked on

2019-01-18 20:15:47 - [TEST_STEP][PASSED] - delay(2): Delayed 2 second(s)

2019-01-18 20:15:49 - [MESSAGE][PASSED] - Delayed 2 second(s)

2019-01-18 20:15:49 - [TEST_STEP][PASSED] - click(findTestObject("TF_Customer_Create/3_Common_Action_Buttons/Click_Save_Button/btn_Save")): Object: 'Object Repository/TF_Customer_Create/3_Common_Action_Buttons/Click_Save_Button/btn_Save' is clicked on

2019-01-18 20:15:49 - [MESSAGE][PASSED] - Object: 'Object Repository/TF_Customer_Create/3_Common_Action_Buttons/Click_Save_Button/btn_Save' is clicked on

2019-01-18 20:15:49 - [TEST_STEP][PASSED] - delay(2): Delayed 2 second(s)

2019-01-18 20:15:51 - [MESSAGE][PASSED] - Delayed 2 second(s)

2019-01-18 20:15:51 - [TEST_STEP][NOT_RUN] - verifyElementText(findTestObject("TF_Customer_Create/3_Common_Action_Buttons/Verify_Success_Message/Success_Message"), "Record has been saved successfully.", CONTINUE_ON_FAILURE): NOT_RUN: verifyElementText(findTestObject("TF_Customer_Create/3_Common_Action_Buttons/Verify_Success_Message/Success_Message"), "Record has been saved successfully.", CONTINUE_ON_FAILURE)

2019-01-18 20:15:51 - [MESSAGE][NOT_RUN] - NOT_RUN: verifyElementText(findTestObject("TF_Customer_Create/3_Common_Action_Buttons/Verify_Success_Message/Success_Message"), "Record has been saved successfully.", CONTINUE_ON_FAILURE)

2019-01-18 20:15:51 - [TEST_STEP][NOT_RUN] - click(findTestObject("TF_Customer_Create/3_Common_Action_Buttons/Click_Data_Tab/span_Data_Tab")): NOT_RUN: click(findTestObject("TF_Customer_Create/3_Common_Action_Buttons/Click_Data_Tab/span_Data_Tab"))

2019-01-18 20:15:51 - [MESSAGE][NOT_RUN] - NOT_RUN: click(findTestObject("TF_Customer_Create/3_Common_Action_Buttons/Click_Data_Tab/span_Data_Tab"))

2019-01-18 20:15:51 - [TEST_STEP][NOT_RUN] - delay(1): NOT_RUN: delay(1)

2019-01-18 20:15:51 - [MESSAGE][NOT_RUN] - NOT_RUN: delay(1)

2019-01-18 20:15:51 - [TEST_STEP][NOT_RUN] - click(findTestObject("TF_Customer_Create/3_Common_Action_Buttons/Click_Close_Button/btn_Close")): NOT_RUN: click(findTestObject("TF_Customer_Create/3_Common_Action_Buttons/Click_Close_Button/btn_Close"))

2019-01-18 20:15:51 - [MESSAGE][NOT_RUN] - NOT_RUN: click(findTestObject("TF_Customer_Create/3_Common_Action_Buttons/Click_Close_Button/btn_Close"))

2019-01-18 20:15:51 - [TEST_STEP][NOT_RUN] - delay(2): NOT_RUN: delay(2)

2019-01-18 20:15:51 - [MESSAGE][NOT_RUN] - NOT_RUN: delay(2)

2019-01-18 20:15:51 - [TEST_STEP][NOT_RUN] - vrfy_PLA = com.oracledb.regressiontest.verifyPLA(ora_connt, ora_usr, ora_psswrd, ora_schema, plaAcctName): NOT_RUN: vrfy_PLA = com.oracledb.regressiontest.verifyPLA(ora_connt, ora_usr, ora_psswrd, ora_schema, plaAcctName)

2019-01-18 20:15:51 - [MESSAGE][NOT_RUN] - NOT_RUN: vrfy_PLA = com.oracledb.regressiontest.verifyPLA(ora_connt, ora_usr, ora_psswrd, ora_schema, plaAcctName)

2019-01-18 20:15:51 - [TEST_STEP][NOT_RUN] - println("Planning Account Name"): NOT_RUN: println("Planning Account Name")

2019-01-18 20:15:51 - [MESSAGE][NOT_RUN] - NOT_RUN: println("Planning Account Name")

2019-01-18 20:15:51 - [TEST_STEP][NOT_RUN] - verifyEqual(PLANNING_ACCOUNT_NAME, plaAcctName): NOT_RUN: verifyEqual(PLANNING_ACCOUNT_NAME, plaAcctName)

2019-01-18 20:15:51 - [MESSAGE][NOT_RUN] - NOT_RUN: verifyEqual(PLANNING_ACCOUNT_NAME, plaAcctName)]]></system-out>
         <system-err><![CDATA[]]></system-err>
      </testcase>
      <testcase name="Test Cases/Regression_TF_Customer/Create_Record/TC_13_Create_LDI_Vendor_Site" classname="Test Cases/Regression_TF_Customer/Create_Record/TC_13_Create_LDI_Vendor_Site" status="PASSED">
         <system-out><![CDATA[2019-01-18 20:15:51 - [TEST_CASE][PASSED] - Test Cases/Regression_TF_Customer/Create_Record/TC_13_Create_LDI_Vendor_Site: Test Cases/Regression_TF_Customer/Create_Record/TC_13_Create_LDI_Vendor_Site

2019-01-18 20:15:51 - [TEST_STEP][PASSED] - waitForPageLoad(G_Timeout): Wait for page load successfully

2019-01-18 20:15:51 - [MESSAGE][PASSED] - Wait for page load successfully

2019-01-18 20:15:51 - [TEST_STEP][PASSED] - mouseOver(findTestObject("TF_Customer_Create/1_Menu_Navigation_To_Open_All_Pages/0_Menu_Create_In_Data_View")): Object: 'Object Repository/TF_Customer_Create/1_Menu_Navigation_To_Open_All_Pages/0_Menu_Create_In_Data_View' is hovered

2019-01-18 20:15:51 - [MESSAGE][PASSED] - Object: 'Object Repository/TF_Customer_Create/1_Menu_Navigation_To_Open_All_Pages/0_Menu_Create_In_Data_View' is hovered

2019-01-18 20:15:51 - [TEST_STEP][PASSED] - waitForPageLoad(G_Timeout): Wait for page load successfully

2019-01-18 20:15:51 - [MESSAGE][PASSED] - Wait for page load successfully

2019-01-18 20:15:51 - [TEST_STEP][PASSED] - mouseOver(findTestObject("TF_Customer_Create/1_Menu_Navigation_To_Open_All_Pages/1_Menu_Create_Master_Data")): Object: 'Object Repository/TF_Customer_Create/1_Menu_Navigation_To_Open_All_Pages/1_Menu_Create_Master_Data' is hovered

2019-01-18 20:15:51 - [MESSAGE][PASSED] - Object: 'Object Repository/TF_Customer_Create/1_Menu_Navigation_To_Open_All_Pages/1_Menu_Create_Master_Data' is hovered

2019-01-18 20:15:51 - [TEST_STEP][PASSED] - waitForPageLoad(G_Timeout): Wait for page load successfully

2019-01-18 20:15:51 - [MESSAGE][PASSED] - Wait for page load successfully

2019-01-18 20:15:51 - [TEST_STEP][PASSED] - mouseOver(findTestObject("TF_Customer_Create/1_Menu_Navigation_To_Open_All_Pages/3_Planning_Account_Hoverover_Option")): Object: 'Object Repository/TF_Customer_Create/1_Menu_Navigation_To_Open_All_Pages/3_Planning_Account_Hoverover_Option' is hovered

2019-01-18 20:15:52 - [MESSAGE][PASSED] - Object: 'Object Repository/TF_Customer_Create/1_Menu_Navigation_To_Open_All_Pages/3_Planning_Account_Hoverover_Option' is hovered

2019-01-18 20:15:52 - [TEST_STEP][PASSED] - waitForPageLoad(G_Timeout): Wait for page load successfully

2019-01-18 20:15:52 - [MESSAGE][PASSED] - Wait for page load successfully

2019-01-18 20:15:52 - [TEST_STEP][PASSED] - click(findTestObject("TF_Customer_Create/2_Select_Menu_Options(All)/13_LDI_Vendor_Site")): Object: 'Object Repository/TF_Customer_Create/2_Select_Menu_Options(All)/13_LDI_Vendor_Site' is clicked on

2019-01-18 20:15:52 - [MESSAGE][PASSED] - Object: 'Object Repository/TF_Customer_Create/2_Select_Menu_Options(All)/13_LDI_Vendor_Site' is clicked on

2019-01-18 20:15:52 - [TEST_STEP][PASSED] - waitForPageLoad(G_Timeout): Wait for page load successfully

2019-01-18 20:15:52 - [MESSAGE][PASSED] - Wait for page load successfully

2019-01-18 20:15:52 - [TEST_STEP][PASSED] - delay(3): Delayed 3 second(s)

2019-01-18 20:15:55 - [MESSAGE][PASSED] - Delayed 3 second(s)

2019-01-18 20:15:55 - [TEST_STEP][PASSED] - vndSiteName = com.oracledb.regressiontest.genName(15): com.oracledb.regressiontest.genName is PASSED

2019-01-18 20:15:55 - [MESSAGE][PASSED] - com.oracledb.regressiontest.genName is PASSED

2019-01-18 20:15:55 - [TEST_STEP][PASSED] - vndSiteNumber = com.oracledb.regressiontest.genName(12): com.oracledb.regressiontest.genName is PASSED

2019-01-18 20:15:55 - [MESSAGE][PASSED] - com.oracledb.regressiontest.genName is PASSED

2019-01-18 20:15:55 - [TEST_STEP][PASSED] - vndSiteCd = com.oracledb.regressiontest.genName(10): com.oracledb.regressiontest.genName is PASSED

2019-01-18 20:15:55 - [MESSAGE][PASSED] - com.oracledb.regressiontest.genName is PASSED

2019-01-18 20:15:55 - [TEST_STEP][PASSED] - vndSiteCity = com.oracledb.regressiontest.genName(8): com.oracledb.regressiontest.genName is PASSED

2019-01-18 20:15:55 - [MESSAGE][PASSED] - com.oracledb.regressiontest.genName is PASSED

2019-01-18 20:15:55 - [TEST_STEP][PASSED] - vndSitePtlCd = com.oracledb.regressiontest.genName(6): com.oracledb.regressiontest.genName is PASSED

2019-01-18 20:15:55 - [MESSAGE][PASSED] - com.oracledb.regressiontest.genName is PASSED

2019-01-18 20:15:55 - [TEST_STEP][PASSED] - setText(findTestObject("TF_Customer_Create/4_Create_Objects_And_Save/13_Create_LDI_Vendor_Site/Input_Vendor_Site_Name/input_Vendor_Site_Nm"), vndSiteName): Text 'G2HTLRZXKT7S1NI' is set on object 'Object Repository/TF_Customer_Create/4_Create_Objects_And_Save/13_Create_LDI_Vendor_Site/Input_Vendor_Site_Name/input_Vendor_Site_Nm'

2019-01-18 20:15:55 - [MESSAGE][PASSED] - Text 'G2HTLRZXKT7S1NI' is set on object 'Object Repository/TF_Customer_Create/4_Create_Objects_And_Save/13_Create_LDI_Vendor_Site/Input_Vendor_Site_Name/input_Vendor_Site_Nm'

2019-01-18 20:15:55 - [TEST_STEP][PASSED] - setText(findTestObject("TF_Customer_Create/4_Create_Objects_And_Save/13_Create_LDI_Vendor_Site/Input_Vendor_Site_Name/input_Vendor_Site_Number"), vndSiteNumber): Text 'XT6SBWEEXZRI' is set on object 'Object Repository/TF_Customer_Create/4_Create_Objects_And_Save/13_Create_LDI_Vendor_Site/Input_Vendor_Site_Name/input_Vendor_Site_Number'

2019-01-18 20:15:55 - [MESSAGE][PASSED] - Text 'XT6SBWEEXZRI' is set on object 'Object Repository/TF_Customer_Create/4_Create_Objects_And_Save/13_Create_LDI_Vendor_Site/Input_Vendor_Site_Name/input_Vendor_Site_Number'

2019-01-18 20:15:55 - [TEST_STEP][PASSED] - setText(findTestObject("TF_Customer_Create/4_Create_Objects_And_Save/13_Create_LDI_Vendor_Site/Input_Vendor_Site_Name/input_Vendor_Site_Cd"), vndSiteCd): Text 'ODVIOPGNI7' is set on object 'Object Repository/TF_Customer_Create/4_Create_Objects_And_Save/13_Create_LDI_Vendor_Site/Input_Vendor_Site_Name/input_Vendor_Site_Cd'

2019-01-18 20:15:55 - [MESSAGE][PASSED] - Text 'ODVIOPGNI7' is set on object 'Object Repository/TF_Customer_Create/4_Create_Objects_And_Save/13_Create_LDI_Vendor_Site/Input_Vendor_Site_Name/input_Vendor_Site_Cd'

2019-01-18 20:15:55 - [TEST_STEP][PASSED] - setText(findTestObject("TF_Customer_Create/4_Create_Objects_And_Save/13_Create_LDI_Vendor_Site/Input_Vendor_Site_Name/input_Vendor_Site_City"), vndSiteCity): Text 'QDV9T9T5' is set on object 'Object Repository/TF_Customer_Create/4_Create_Objects_And_Save/13_Create_LDI_Vendor_Site/Input_Vendor_Site_Name/input_Vendor_Site_City'

2019-01-18 20:15:56 - [MESSAGE][PASSED] - Text 'QDV9T9T5' is set on object 'Object Repository/TF_Customer_Create/4_Create_Objects_And_Save/13_Create_LDI_Vendor_Site/Input_Vendor_Site_Name/input_Vendor_Site_City'

2019-01-18 20:15:56 - [TEST_STEP][PASSED] - setText(findTestObject("TF_Customer_Create/4_Create_Objects_And_Save/13_Create_LDI_Vendor_Site/Input_Vendor_Site_Name/input_Vendor_Site_Postal_Code"), vndSitePtlCd): Text 'TP07UZ' is set on object 'Object Repository/TF_Customer_Create/4_Create_Objects_And_Save/13_Create_LDI_Vendor_Site/Input_Vendor_Site_Name/input_Vendor_Site_Postal_Code'

2019-01-18 20:15:56 - [MESSAGE][PASSED] - Text 'TP07UZ' is set on object 'Object Repository/TF_Customer_Create/4_Create_Objects_And_Save/13_Create_LDI_Vendor_Site/Input_Vendor_Site_Name/input_Vendor_Site_Postal_Code'

2019-01-18 20:15:56 - [TEST_STEP][NOT_RUN] - setText(findTestObject("TF_Customer_Create/4_Create_Objects_And_Save/Set_Effective_Dates/input_Effective_End_Date"), input_Eff_End_Dt): NOT_RUN: setText(findTestObject("TF_Customer_Create/4_Create_Objects_And_Save/Set_Effective_Dates/input_Effective_End_Date"), input_Eff_End_Dt)

2019-01-18 20:15:56 - [MESSAGE][NOT_RUN] - NOT_RUN: setText(findTestObject("TF_Customer_Create/4_Create_Objects_And_Save/Set_Effective_Dates/input_Effective_End_Date"), input_Eff_End_Dt)

2019-01-18 20:15:56 - [TEST_STEP][PASSED] - delay(2): Delayed 2 second(s)

2019-01-18 20:15:58 - [MESSAGE][PASSED] - Delayed 2 second(s)

2019-01-18 20:15:58 - [TEST_STEP][PASSED] - click(findTestObject("TF_Customer_Create/3_Common_Action_Buttons/Click_Data_Tab/span_Data_Tab")): Object: 'Object Repository/TF_Customer_Create/3_Common_Action_Buttons/Click_Data_Tab/span_Data_Tab' is clicked on

2019-01-18 20:15:58 - [MESSAGE][PASSED] - Object: 'Object Repository/TF_Customer_Create/3_Common_Action_Buttons/Click_Data_Tab/span_Data_Tab' is clicked on

2019-01-18 20:15:58 - [TEST_STEP][NOT_RUN] - click(findTestObject("TF_Customer_Create/4_Create_Objects_And_Save/Choose_Sales_Org/Click_Sales_Org_DD"), CONTINUE_ON_FAILURE): NOT_RUN: click(findTestObject("TF_Customer_Create/4_Create_Objects_And_Save/Choose_Sales_Org/Click_Sales_Org_DD"), CONTINUE_ON_FAILURE)

2019-01-18 20:15:58 - [MESSAGE][NOT_RUN] - NOT_RUN: click(findTestObject("TF_Customer_Create/4_Create_Objects_And_Save/Choose_Sales_Org/Click_Sales_Org_DD"), CONTINUE_ON_FAILURE)

2019-01-18 20:15:58 - [TEST_STEP][NOT_RUN] - click(findTestObject("TF_Customer_Create/4_Create_Objects_And_Save/Choose_Sales_Org/CA_Object"), CONTINUE_ON_FAILURE): NOT_RUN: click(findTestObject("TF_Customer_Create/4_Create_Objects_And_Save/Choose_Sales_Org/CA_Object"), CONTINUE_ON_FAILURE)

2019-01-18 20:15:58 - [MESSAGE][NOT_RUN] - NOT_RUN: click(findTestObject("TF_Customer_Create/4_Create_Objects_And_Save/Choose_Sales_Org/CA_Object"), CONTINUE_ON_FAILURE)

2019-01-18 20:15:58 - [TEST_STEP][PASSED] - delay(2): Delayed 2 second(s)

2019-01-18 20:16:00 - [MESSAGE][PASSED] - Delayed 2 second(s)

2019-01-18 20:16:00 - [TEST_STEP][PASSED] - click(findTestObject("TF_Customer_Create/3_Common_Action_Buttons/Click_Apply_Button/td_Apply")): Object: 'Object Repository/TF_Customer_Create/3_Common_Action_Buttons/Click_Apply_Button/td_Apply' is clicked on

2019-01-18 20:16:00 - [MESSAGE][PASSED] - Object: 'Object Repository/TF_Customer_Create/3_Common_Action_Buttons/Click_Apply_Button/td_Apply' is clicked on

2019-01-18 20:16:00 - [TEST_STEP][PASSED] - delay(2): Delayed 2 second(s)

2019-01-18 20:16:02 - [MESSAGE][PASSED] - Delayed 2 second(s)

2019-01-18 20:16:02 - [TEST_STEP][PASSED] - click(findTestObject("TF_Customer_Create/3_Common_Action_Buttons/Click_Save_Button/btn_Save")): Object: 'Object Repository/TF_Customer_Create/3_Common_Action_Buttons/Click_Save_Button/btn_Save' is clicked on

2019-01-18 20:16:02 - [MESSAGE][PASSED] - Object: 'Object Repository/TF_Customer_Create/3_Common_Action_Buttons/Click_Save_Button/btn_Save' is clicked on

2019-01-18 20:16:02 - [TEST_STEP][PASSED] - delay(2): Delayed 2 second(s)

2019-01-18 20:16:04 - [MESSAGE][PASSED] - Delayed 2 second(s)

2019-01-18 20:16:04 - [TEST_STEP][NOT_RUN] - verifyElementText(findTestObject("TF_Customer_Create/3_Common_Action_Buttons/Verify_Success_Message/Success_Message"), "Record has been saved successfully.", CONTINUE_ON_FAILURE): NOT_RUN: verifyElementText(findTestObject("TF_Customer_Create/3_Common_Action_Buttons/Verify_Success_Message/Success_Message"), "Record has been saved successfully.", CONTINUE_ON_FAILURE)

2019-01-18 20:16:04 - [MESSAGE][NOT_RUN] - NOT_RUN: verifyElementText(findTestObject("TF_Customer_Create/3_Common_Action_Buttons/Verify_Success_Message/Success_Message"), "Record has been saved successfully.", CONTINUE_ON_FAILURE)

2019-01-18 20:16:04 - [TEST_STEP][NOT_RUN] - click(findTestObject("TF_Customer_Create/3_Common_Action_Buttons/Click_Data_Tab/span_Data_Tab")): NOT_RUN: click(findTestObject("TF_Customer_Create/3_Common_Action_Buttons/Click_Data_Tab/span_Data_Tab"))

2019-01-18 20:16:04 - [MESSAGE][NOT_RUN] - NOT_RUN: click(findTestObject("TF_Customer_Create/3_Common_Action_Buttons/Click_Data_Tab/span_Data_Tab"))

2019-01-18 20:16:04 - [TEST_STEP][NOT_RUN] - delay(1): NOT_RUN: delay(1)

2019-01-18 20:16:04 - [MESSAGE][NOT_RUN] - NOT_RUN: delay(1)

2019-01-18 20:16:04 - [TEST_STEP][NOT_RUN] - click(findTestObject("TF_Customer_Create/3_Common_Action_Buttons/Click_Close_Button/btn_Close")): NOT_RUN: click(findTestObject("TF_Customer_Create/3_Common_Action_Buttons/Click_Close_Button/btn_Close"))

2019-01-18 20:16:04 - [MESSAGE][NOT_RUN] - NOT_RUN: click(findTestObject("TF_Customer_Create/3_Common_Action_Buttons/Click_Close_Button/btn_Close"))

2019-01-18 20:16:04 - [TEST_STEP][NOT_RUN] - delay(2): NOT_RUN: delay(2)

2019-01-18 20:16:04 - [MESSAGE][NOT_RUN] - NOT_RUN: delay(2)

2019-01-18 20:16:04 - [TEST_STEP][NOT_RUN] - vrfy_PLA = com.oracledb.regressiontest.verifyPLA(ora_connt, ora_usr, ora_psswrd, ora_schema, plaAcctName): NOT_RUN: vrfy_PLA = com.oracledb.regressiontest.verifyPLA(ora_connt, ora_usr, ora_psswrd, ora_schema, plaAcctName)

2019-01-18 20:16:04 - [MESSAGE][NOT_RUN] - NOT_RUN: vrfy_PLA = com.oracledb.regressiontest.verifyPLA(ora_connt, ora_usr, ora_psswrd, ora_schema, plaAcctName)

2019-01-18 20:16:04 - [TEST_STEP][NOT_RUN] - println("Planning Account Name"): NOT_RUN: println("Planning Account Name")

2019-01-18 20:16:04 - [MESSAGE][NOT_RUN] - NOT_RUN: println("Planning Account Name")

2019-01-18 20:16:04 - [TEST_STEP][NOT_RUN] - verifyEqual(PLANNING_ACCOUNT_NAME, plaAcctName): NOT_RUN: verifyEqual(PLANNING_ACCOUNT_NAME, plaAcctName)

2019-01-18 20:16:04 - [MESSAGE][NOT_RUN] - NOT_RUN: verifyEqual(PLANNING_ACCOUNT_NAME, plaAcctName)]]></system-out>
         <system-err><![CDATA[]]></system-err>
      </testcase>
      <testcase name="Test Cases/Regression_TF_Customer/Create_Record/TC_13_Create_LDI_Vendor_Site" classname="Test Cases/Regression_TF_Customer/Create_Record/TC_13_Create_LDI_Vendor_Site" status="PASSED">
         <system-out><![CDATA[2019-01-18 20:16:04 - [TEST_CASE][PASSED] - Test Cases/Regression_TF_Customer/Create_Record/TC_13_Create_LDI_Vendor_Site: Test Cases/Regression_TF_Customer/Create_Record/TC_13_Create_LDI_Vendor_Site

2019-01-18 20:16:04 - [TEST_STEP][PASSED] - waitForPageLoad(G_Timeout): Wait for page load successfully

2019-01-18 20:16:04 - [MESSAGE][PASSED] - Wait for page load successfully

2019-01-18 20:16:04 - [TEST_STEP][PASSED] - mouseOver(findTestObject("TF_Customer_Create/1_Menu_Navigation_To_Open_All_Pages/0_Menu_Create_In_Data_View")): Object: 'Object Repository/TF_Customer_Create/1_Menu_Navigation_To_Open_All_Pages/0_Menu_Create_In_Data_View' is hovered

2019-01-18 20:16:04 - [MESSAGE][PASSED] - Object: 'Object Repository/TF_Customer_Create/1_Menu_Navigation_To_Open_All_Pages/0_Menu_Create_In_Data_View' is hovered

2019-01-18 20:16:04 - [TEST_STEP][PASSED] - waitForPageLoad(G_Timeout): Wait for page load successfully

2019-01-18 20:16:04 - [MESSAGE][PASSED] - Wait for page load successfully

2019-01-18 20:16:04 - [TEST_STEP][PASSED] - mouseOver(findTestObject("TF_Customer_Create/1_Menu_Navigation_To_Open_All_Pages/1_Menu_Create_Master_Data")): Object: 'Object Repository/TF_Customer_Create/1_Menu_Navigation_To_Open_All_Pages/1_Menu_Create_Master_Data' is hovered

2019-01-18 20:16:04 - [MESSAGE][PASSED] - Object: 'Object Repository/TF_Customer_Create/1_Menu_Navigation_To_Open_All_Pages/1_Menu_Create_Master_Data' is hovered

2019-01-18 20:16:04 - [TEST_STEP][PASSED] - waitForPageLoad(G_Timeout): Wait for page load successfully

2019-01-18 20:16:04 - [MESSAGE][PASSED] - Wait for page load successfully

2019-01-18 20:16:04 - [TEST_STEP][PASSED] - mouseOver(findTestObject("TF_Customer_Create/1_Menu_Navigation_To_Open_All_Pages/3_Planning_Account_Hoverover_Option")): Object: 'Object Repository/TF_Customer_Create/1_Menu_Navigation_To_Open_All_Pages/3_Planning_Account_Hoverover_Option' is hovered

2019-01-18 20:16:05 - [MESSAGE][PASSED] - Object: 'Object Repository/TF_Customer_Create/1_Menu_Navigation_To_Open_All_Pages/3_Planning_Account_Hoverover_Option' is hovered

2019-01-18 20:16:05 - [TEST_STEP][PASSED] - waitForPageLoad(G_Timeout): Wait for page load successfully

2019-01-18 20:16:05 - [MESSAGE][PASSED] - Wait for page load successfully

2019-01-18 20:16:05 - [TEST_STEP][PASSED] - click(findTestObject("TF_Customer_Create/2_Select_Menu_Options(All)/13_LDI_Vendor_Site")): Object: 'Object Repository/TF_Customer_Create/2_Select_Menu_Options(All)/13_LDI_Vendor_Site' is clicked on

2019-01-18 20:16:05 - [MESSAGE][PASSED] - Object: 'Object Repository/TF_Customer_Create/2_Select_Menu_Options(All)/13_LDI_Vendor_Site' is clicked on

2019-01-18 20:16:05 - [TEST_STEP][PASSED] - waitForPageLoad(G_Timeout): Wait for page load successfully

2019-01-18 20:16:05 - [MESSAGE][PASSED] - Wait for page load successfully

2019-01-18 20:16:05 - [TEST_STEP][PASSED] - delay(3): Delayed 3 second(s)

2019-01-18 20:16:08 - [MESSAGE][PASSED] - Delayed 3 second(s)

2019-01-18 20:16:08 - [TEST_STEP][PASSED] - vndSiteName = com.oracledb.regressiontest.genName(15): com.oracledb.regressiontest.genName is PASSED

2019-01-18 20:16:08 - [MESSAGE][PASSED] - com.oracledb.regressiontest.genName is PASSED

2019-01-18 20:16:08 - [TEST_STEP][PASSED] - vndSiteNumber = com.oracledb.regressiontest.genName(12): com.oracledb.regressiontest.genName is PASSED

2019-01-18 20:16:08 - [MESSAGE][PASSED] - com.oracledb.regressiontest.genName is PASSED

2019-01-18 20:16:08 - [TEST_STEP][PASSED] - vndSiteCd = com.oracledb.regressiontest.genName(10): com.oracledb.regressiontest.genName is PASSED

2019-01-18 20:16:08 - [MESSAGE][PASSED] - com.oracledb.regressiontest.genName is PASSED

2019-01-18 20:16:08 - [TEST_STEP][PASSED] - vndSiteCity = com.oracledb.regressiontest.genName(8): com.oracledb.regressiontest.genName is PASSED

2019-01-18 20:16:08 - [MESSAGE][PASSED] - com.oracledb.regressiontest.genName is PASSED

2019-01-18 20:16:08 - [TEST_STEP][PASSED] - vndSitePtlCd = com.oracledb.regressiontest.genName(6): com.oracledb.regressiontest.genName is PASSED

2019-01-18 20:16:08 - [MESSAGE][PASSED] - com.oracledb.regressiontest.genName is PASSED

2019-01-18 20:16:08 - [TEST_STEP][PASSED] - setText(findTestObject("TF_Customer_Create/4_Create_Objects_And_Save/13_Create_LDI_Vendor_Site/Input_Vendor_Site_Name/input_Vendor_Site_Nm"), vndSiteName): Text 'XKGR8BGSXCXB6L6' is set on object 'Object Repository/TF_Customer_Create/4_Create_Objects_And_Save/13_Create_LDI_Vendor_Site/Input_Vendor_Site_Name/input_Vendor_Site_Nm'

2019-01-18 20:16:08 - [MESSAGE][PASSED] - Text 'XKGR8BGSXCXB6L6' is set on object 'Object Repository/TF_Customer_Create/4_Create_Objects_And_Save/13_Create_LDI_Vendor_Site/Input_Vendor_Site_Name/input_Vendor_Site_Nm'

2019-01-18 20:16:08 - [TEST_STEP][PASSED] - setText(findTestObject("TF_Customer_Create/4_Create_Objects_And_Save/13_Create_LDI_Vendor_Site/Input_Vendor_Site_Name/input_Vendor_Site_Number"), vndSiteNumber): Text '2R3HROW8OBG5' is set on object 'Object Repository/TF_Customer_Create/4_Create_Objects_And_Save/13_Create_LDI_Vendor_Site/Input_Vendor_Site_Name/input_Vendor_Site_Number'

2019-01-18 20:16:08 - [MESSAGE][PASSED] - Text '2R3HROW8OBG5' is set on object 'Object Repository/TF_Customer_Create/4_Create_Objects_And_Save/13_Create_LDI_Vendor_Site/Input_Vendor_Site_Name/input_Vendor_Site_Number'

2019-01-18 20:16:08 - [TEST_STEP][PASSED] - setText(findTestObject("TF_Customer_Create/4_Create_Objects_And_Save/13_Create_LDI_Vendor_Site/Input_Vendor_Site_Name/input_Vendor_Site_Cd"), vndSiteCd): Text '9C12YOM0BI' is set on object 'Object Repository/TF_Customer_Create/4_Create_Objects_And_Save/13_Create_LDI_Vendor_Site/Input_Vendor_Site_Name/input_Vendor_Site_Cd'

2019-01-18 20:16:08 - [MESSAGE][PASSED] - Text '9C12YOM0BI' is set on object 'Object Repository/TF_Customer_Create/4_Create_Objects_And_Save/13_Create_LDI_Vendor_Site/Input_Vendor_Site_Name/input_Vendor_Site_Cd'

2019-01-18 20:16:08 - [TEST_STEP][PASSED] - setText(findTestObject("TF_Customer_Create/4_Create_Objects_And_Save/13_Create_LDI_Vendor_Site/Input_Vendor_Site_Name/input_Vendor_Site_City"), vndSiteCity): Text '9G1PFYFX' is set on object 'Object Repository/TF_Customer_Create/4_Create_Objects_And_Save/13_Create_LDI_Vendor_Site/Input_Vendor_Site_Name/input_Vendor_Site_City'

2019-01-18 20:16:08 - [MESSAGE][PASSED] - Text '9G1PFYFX' is set on object 'Object Repository/TF_Customer_Create/4_Create_Objects_And_Save/13_Create_LDI_Vendor_Site/Input_Vendor_Site_Name/input_Vendor_Site_City'

2019-01-18 20:16:08 - [TEST_STEP][PASSED] - setText(findTestObject("TF_Customer_Create/4_Create_Objects_And_Save/13_Create_LDI_Vendor_Site/Input_Vendor_Site_Name/input_Vendor_Site_Postal_Code"), vndSitePtlCd): Text 'I31YI0' is set on object 'Object Repository/TF_Customer_Create/4_Create_Objects_And_Save/13_Create_LDI_Vendor_Site/Input_Vendor_Site_Name/input_Vendor_Site_Postal_Code'

2019-01-18 20:16:08 - [MESSAGE][PASSED] - Text 'I31YI0' is set on object 'Object Repository/TF_Customer_Create/4_Create_Objects_And_Save/13_Create_LDI_Vendor_Site/Input_Vendor_Site_Name/input_Vendor_Site_Postal_Code'

2019-01-18 20:16:08 - [TEST_STEP][NOT_RUN] - setText(findTestObject("TF_Customer_Create/4_Create_Objects_And_Save/Set_Effective_Dates/input_Effective_End_Date"), input_Eff_End_Dt): NOT_RUN: setText(findTestObject("TF_Customer_Create/4_Create_Objects_And_Save/Set_Effective_Dates/input_Effective_End_Date"), input_Eff_End_Dt)

2019-01-18 20:16:08 - [MESSAGE][NOT_RUN] - NOT_RUN: setText(findTestObject("TF_Customer_Create/4_Create_Objects_And_Save/Set_Effective_Dates/input_Effective_End_Date"), input_Eff_End_Dt)

2019-01-18 20:16:08 - [TEST_STEP][PASSED] - delay(2): Delayed 2 second(s)

2019-01-18 20:16:10 - [MESSAGE][PASSED] - Delayed 2 second(s)

2019-01-18 20:16:10 - [TEST_STEP][PASSED] - click(findTestObject("TF_Customer_Create/3_Common_Action_Buttons/Click_Data_Tab/span_Data_Tab")): Object: 'Object Repository/TF_Customer_Create/3_Common_Action_Buttons/Click_Data_Tab/span_Data_Tab' is clicked on

2019-01-18 20:16:11 - [MESSAGE][PASSED] - Object: 'Object Repository/TF_Customer_Create/3_Common_Action_Buttons/Click_Data_Tab/span_Data_Tab' is clicked on

2019-01-18 20:16:11 - [TEST_STEP][NOT_RUN] - click(findTestObject("TF_Customer_Create/4_Create_Objects_And_Save/Choose_Sales_Org/Click_Sales_Org_DD"), CONTINUE_ON_FAILURE): NOT_RUN: click(findTestObject("TF_Customer_Create/4_Create_Objects_And_Save/Choose_Sales_Org/Click_Sales_Org_DD"), CONTINUE_ON_FAILURE)

2019-01-18 20:16:11 - [MESSAGE][NOT_RUN] - NOT_RUN: click(findTestObject("TF_Customer_Create/4_Create_Objects_And_Save/Choose_Sales_Org/Click_Sales_Org_DD"), CONTINUE_ON_FAILURE)

2019-01-18 20:16:11 - [TEST_STEP][NOT_RUN] - click(findTestObject("TF_Customer_Create/4_Create_Objects_And_Save/Choose_Sales_Org/CA_Object"), CONTINUE_ON_FAILURE): NOT_RUN: click(findTestObject("TF_Customer_Create/4_Create_Objects_And_Save/Choose_Sales_Org/CA_Object"), CONTINUE_ON_FAILURE)

2019-01-18 20:16:11 - [MESSAGE][NOT_RUN] - NOT_RUN: click(findTestObject("TF_Customer_Create/4_Create_Objects_And_Save/Choose_Sales_Org/CA_Object"), CONTINUE_ON_FAILURE)

2019-01-18 20:16:11 - [TEST_STEP][PASSED] - delay(2): Delayed 2 second(s)

2019-01-18 20:16:13 - [MESSAGE][PASSED] - Delayed 2 second(s)

2019-01-18 20:16:13 - [TEST_STEP][PASSED] - click(findTestObject("TF_Customer_Create/3_Common_Action_Buttons/Click_Apply_Button/td_Apply")): Object: 'Object Repository/TF_Customer_Create/3_Common_Action_Buttons/Click_Apply_Button/td_Apply' is clicked on

2019-01-18 20:16:13 - [MESSAGE][PASSED] - Object: 'Object Repository/TF_Customer_Create/3_Common_Action_Buttons/Click_Apply_Button/td_Apply' is clicked on

2019-01-18 20:16:13 - [TEST_STEP][PASSED] - delay(2): Delayed 2 second(s)

2019-01-18 20:16:15 - [MESSAGE][PASSED] - Delayed 2 second(s)

2019-01-18 20:16:15 - [TEST_STEP][PASSED] - click(findTestObject("TF_Customer_Create/3_Common_Action_Buttons/Click_Save_Button/btn_Save")): Object: 'Object Repository/TF_Customer_Create/3_Common_Action_Buttons/Click_Save_Button/btn_Save' is clicked on

2019-01-18 20:16:15 - [MESSAGE][PASSED] - Object: 'Object Repository/TF_Customer_Create/3_Common_Action_Buttons/Click_Save_Button/btn_Save' is clicked on

2019-01-18 20:16:15 - [TEST_STEP][PASSED] - delay(2): Delayed 2 second(s)

2019-01-18 20:16:17 - [MESSAGE][PASSED] - Delayed 2 second(s)

2019-01-18 20:16:17 - [TEST_STEP][NOT_RUN] - verifyElementText(findTestObject("TF_Customer_Create/3_Common_Action_Buttons/Verify_Success_Message/Success_Message"), "Record has been saved successfully.", CONTINUE_ON_FAILURE): NOT_RUN: verifyElementText(findTestObject("TF_Customer_Create/3_Common_Action_Buttons/Verify_Success_Message/Success_Message"), "Record has been saved successfully.", CONTINUE_ON_FAILURE)

2019-01-18 20:16:17 - [MESSAGE][NOT_RUN] - NOT_RUN: verifyElementText(findTestObject("TF_Customer_Create/3_Common_Action_Buttons/Verify_Success_Message/Success_Message"), "Record has been saved successfully.", CONTINUE_ON_FAILURE)

2019-01-18 20:16:17 - [TEST_STEP][NOT_RUN] - click(findTestObject("TF_Customer_Create/3_Common_Action_Buttons/Click_Data_Tab/span_Data_Tab")): NOT_RUN: click(findTestObject("TF_Customer_Create/3_Common_Action_Buttons/Click_Data_Tab/span_Data_Tab"))

2019-01-18 20:16:17 - [MESSAGE][NOT_RUN] - NOT_RUN: click(findTestObject("TF_Customer_Create/3_Common_Action_Buttons/Click_Data_Tab/span_Data_Tab"))

2019-01-18 20:16:17 - [TEST_STEP][NOT_RUN] - delay(1): NOT_RUN: delay(1)

2019-01-18 20:16:17 - [MESSAGE][NOT_RUN] - NOT_RUN: delay(1)

2019-01-18 20:16:17 - [TEST_STEP][NOT_RUN] - click(findTestObject("TF_Customer_Create/3_Common_Action_Buttons/Click_Close_Button/btn_Close")): NOT_RUN: click(findTestObject("TF_Customer_Create/3_Common_Action_Buttons/Click_Close_Button/btn_Close"))

2019-01-18 20:16:17 - [MESSAGE][NOT_RUN] - NOT_RUN: click(findTestObject("TF_Customer_Create/3_Common_Action_Buttons/Click_Close_Button/btn_Close"))

2019-01-18 20:16:17 - [TEST_STEP][NOT_RUN] - delay(2): NOT_RUN: delay(2)

2019-01-18 20:16:17 - [MESSAGE][NOT_RUN] - NOT_RUN: delay(2)

2019-01-18 20:16:17 - [TEST_STEP][NOT_RUN] - vrfy_PLA = com.oracledb.regressiontest.verifyPLA(ora_connt, ora_usr, ora_psswrd, ora_schema, plaAcctName): NOT_RUN: vrfy_PLA = com.oracledb.regressiontest.verifyPLA(ora_connt, ora_usr, ora_psswrd, ora_schema, plaAcctName)

2019-01-18 20:16:17 - [MESSAGE][NOT_RUN] - NOT_RUN: vrfy_PLA = com.oracledb.regressiontest.verifyPLA(ora_connt, ora_usr, ora_psswrd, ora_schema, plaAcctName)

2019-01-18 20:16:17 - [TEST_STEP][NOT_RUN] - println("Planning Account Name"): NOT_RUN: println("Planning Account Name")

2019-01-18 20:16:17 - [MESSAGE][NOT_RUN] - NOT_RUN: println("Planning Account Name")

2019-01-18 20:16:17 - [TEST_STEP][NOT_RUN] - verifyEqual(PLANNING_ACCOUNT_NAME, plaAcctName): NOT_RUN: verifyEqual(PLANNING_ACCOUNT_NAME, plaAcctName)

2019-01-18 20:16:17 - [MESSAGE][NOT_RUN] - NOT_RUN: verifyEqual(PLANNING_ACCOUNT_NAME, plaAcctName)]]></system-out>
         <system-err><![CDATA[]]></system-err>
      </testcase>
      <testcase name="Test Cases/Regression_TF_Customer/Create_Record/TC_13_Create_LDI_Vendor_Site" classname="Test Cases/Regression_TF_Customer/Create_Record/TC_13_Create_LDI_Vendor_Site" status="PASSED">
         <system-out><![CDATA[2019-01-18 20:16:17 - [TEST_CASE][PASSED] - Test Cases/Regression_TF_Customer/Create_Record/TC_13_Create_LDI_Vendor_Site: Test Cases/Regression_TF_Customer/Create_Record/TC_13_Create_LDI_Vendor_Site

2019-01-18 20:16:17 - [TEST_STEP][PASSED] - waitForPageLoad(G_Timeout): Wait for page load successfully

2019-01-18 20:16:17 - [MESSAGE][PASSED] - Wait for page load successfully

2019-01-18 20:16:17 - [TEST_STEP][PASSED] - mouseOver(findTestObject("TF_Customer_Create/1_Menu_Navigation_To_Open_All_Pages/0_Menu_Create_In_Data_View")): Object: 'Object Repository/TF_Customer_Create/1_Menu_Navigation_To_Open_All_Pages/0_Menu_Create_In_Data_View' is hovered

2019-01-18 20:16:17 - [MESSAGE][PASSED] - Object: 'Object Repository/TF_Customer_Create/1_Menu_Navigation_To_Open_All_Pages/0_Menu_Create_In_Data_View' is hovered

2019-01-18 20:16:17 - [TEST_STEP][PASSED] - waitForPageLoad(G_Timeout): Wait for page load successfully

2019-01-18 20:16:17 - [MESSAGE][PASSED] - Wait for page load successfully

2019-01-18 20:16:17 - [TEST_STEP][PASSED] - mouseOver(findTestObject("TF_Customer_Create/1_Menu_Navigation_To_Open_All_Pages/1_Menu_Create_Master_Data")): Object: 'Object Repository/TF_Customer_Create/1_Menu_Navigation_To_Open_All_Pages/1_Menu_Create_Master_Data' is hovered

2019-01-18 20:16:17 - [MESSAGE][PASSED] - Object: 'Object Repository/TF_Customer_Create/1_Menu_Navigation_To_Open_All_Pages/1_Menu_Create_Master_Data' is hovered

2019-01-18 20:16:17 - [TEST_STEP][PASSED] - waitForPageLoad(G_Timeout): Wait for page load successfully

2019-01-18 20:16:17 - [MESSAGE][PASSED] - Wait for page load successfully

2019-01-18 20:16:17 - [TEST_STEP][PASSED] - mouseOver(findTestObject("TF_Customer_Create/1_Menu_Navigation_To_Open_All_Pages/3_Planning_Account_Hoverover_Option")): Object: 'Object Repository/TF_Customer_Create/1_Menu_Navigation_To_Open_All_Pages/3_Planning_Account_Hoverover_Option' is hovered

2019-01-18 20:16:18 - [MESSAGE][PASSED] - Object: 'Object Repository/TF_Customer_Create/1_Menu_Navigation_To_Open_All_Pages/3_Planning_Account_Hoverover_Option' is hovered

2019-01-18 20:16:18 - [TEST_STEP][PASSED] - waitForPageLoad(G_Timeout): Wait for page load successfully

2019-01-18 20:16:18 - [MESSAGE][PASSED] - Wait for page load successfully

2019-01-18 20:16:18 - [TEST_STEP][PASSED] - click(findTestObject("TF_Customer_Create/2_Select_Menu_Options(All)/13_LDI_Vendor_Site")): Object: 'Object Repository/TF_Customer_Create/2_Select_Menu_Options(All)/13_LDI_Vendor_Site' is clicked on

2019-01-18 20:16:18 - [MESSAGE][PASSED] - Object: 'Object Repository/TF_Customer_Create/2_Select_Menu_Options(All)/13_LDI_Vendor_Site' is clicked on

2019-01-18 20:16:18 - [TEST_STEP][PASSED] - waitForPageLoad(G_Timeout): Wait for page load successfully

2019-01-18 20:16:18 - [MESSAGE][PASSED] - Wait for page load successfully

2019-01-18 20:16:18 - [TEST_STEP][PASSED] - delay(3): Delayed 3 second(s)

2019-01-18 20:16:21 - [MESSAGE][PASSED] - Delayed 3 second(s)

2019-01-18 20:16:21 - [TEST_STEP][PASSED] - vndSiteName = com.oracledb.regressiontest.genName(15): com.oracledb.regressiontest.genName is PASSED

2019-01-18 20:16:21 - [MESSAGE][PASSED] - com.oracledb.regressiontest.genName is PASSED

2019-01-18 20:16:21 - [TEST_STEP][PASSED] - vndSiteNumber = com.oracledb.regressiontest.genName(12): com.oracledb.regressiontest.genName is PASSED

2019-01-18 20:16:21 - [MESSAGE][PASSED] - com.oracledb.regressiontest.genName is PASSED

2019-01-18 20:16:21 - [TEST_STEP][PASSED] - vndSiteCd = com.oracledb.regressiontest.genName(10): com.oracledb.regressiontest.genName is PASSED

2019-01-18 20:16:21 - [MESSAGE][PASSED] - com.oracledb.regressiontest.genName is PASSED

2019-01-18 20:16:21 - [TEST_STEP][PASSED] - vndSiteCity = com.oracledb.regressiontest.genName(8): com.oracledb.regressiontest.genName is PASSED

2019-01-18 20:16:21 - [MESSAGE][PASSED] - com.oracledb.regressiontest.genName is PASSED

2019-01-18 20:16:21 - [TEST_STEP][PASSED] - vndSitePtlCd = com.oracledb.regressiontest.genName(6): com.oracledb.regressiontest.genName is PASSED

2019-01-18 20:16:21 - [MESSAGE][PASSED] - com.oracledb.regressiontest.genName is PASSED

2019-01-18 20:16:21 - [TEST_STEP][PASSED] - setText(findTestObject("TF_Customer_Create/4_Create_Objects_And_Save/13_Create_LDI_Vendor_Site/Input_Vendor_Site_Name/input_Vendor_Site_Nm"), vndSiteName): Text 'X5M05O5SM27YXJO' is set on object 'Object Repository/TF_Customer_Create/4_Create_Objects_And_Save/13_Create_LDI_Vendor_Site/Input_Vendor_Site_Name/input_Vendor_Site_Nm'

2019-01-18 20:16:21 - [MESSAGE][PASSED] - Text 'X5M05O5SM27YXJO' is set on object 'Object Repository/TF_Customer_Create/4_Create_Objects_And_Save/13_Create_LDI_Vendor_Site/Input_Vendor_Site_Name/input_Vendor_Site_Nm'

2019-01-18 20:16:21 - [TEST_STEP][PASSED] - setText(findTestObject("TF_Customer_Create/4_Create_Objects_And_Save/13_Create_LDI_Vendor_Site/Input_Vendor_Site_Name/input_Vendor_Site_Number"), vndSiteNumber): Text '3C6OTPRBZ9QE' is set on object 'Object Repository/TF_Customer_Create/4_Create_Objects_And_Save/13_Create_LDI_Vendor_Site/Input_Vendor_Site_Name/input_Vendor_Site_Number'

2019-01-18 20:16:21 - [MESSAGE][PASSED] - Text '3C6OTPRBZ9QE' is set on object 'Object Repository/TF_Customer_Create/4_Create_Objects_And_Save/13_Create_LDI_Vendor_Site/Input_Vendor_Site_Name/input_Vendor_Site_Number'

2019-01-18 20:16:21 - [TEST_STEP][PASSED] - setText(findTestObject("TF_Customer_Create/4_Create_Objects_And_Save/13_Create_LDI_Vendor_Site/Input_Vendor_Site_Name/input_Vendor_Site_Cd"), vndSiteCd): Text 'ZM6VYHLQ2G' is set on object 'Object Repository/TF_Customer_Create/4_Create_Objects_And_Save/13_Create_LDI_Vendor_Site/Input_Vendor_Site_Name/input_Vendor_Site_Cd'

2019-01-18 20:16:21 - [MESSAGE][PASSED] - Text 'ZM6VYHLQ2G' is set on object 'Object Repository/TF_Customer_Create/4_Create_Objects_And_Save/13_Create_LDI_Vendor_Site/Input_Vendor_Site_Name/input_Vendor_Site_Cd'

2019-01-18 20:16:21 - [TEST_STEP][PASSED] - setText(findTestObject("TF_Customer_Create/4_Create_Objects_And_Save/13_Create_LDI_Vendor_Site/Input_Vendor_Site_Name/input_Vendor_Site_City"), vndSiteCity): Text '6LRZKLSJ' is set on object 'Object Repository/TF_Customer_Create/4_Create_Objects_And_Save/13_Create_LDI_Vendor_Site/Input_Vendor_Site_Name/input_Vendor_Site_City'

2019-01-18 20:16:21 - [MESSAGE][PASSED] - Text '6LRZKLSJ' is set on object 'Object Repository/TF_Customer_Create/4_Create_Objects_And_Save/13_Create_LDI_Vendor_Site/Input_Vendor_Site_Name/input_Vendor_Site_City'

2019-01-18 20:16:21 - [TEST_STEP][PASSED] - setText(findTestObject("TF_Customer_Create/4_Create_Objects_And_Save/13_Create_LDI_Vendor_Site/Input_Vendor_Site_Name/input_Vendor_Site_Postal_Code"), vndSitePtlCd): Text 'R6LYO0' is set on object 'Object Repository/TF_Customer_Create/4_Create_Objects_And_Save/13_Create_LDI_Vendor_Site/Input_Vendor_Site_Name/input_Vendor_Site_Postal_Code'

2019-01-18 20:16:21 - [MESSAGE][PASSED] - Text 'R6LYO0' is set on object 'Object Repository/TF_Customer_Create/4_Create_Objects_And_Save/13_Create_LDI_Vendor_Site/Input_Vendor_Site_Name/input_Vendor_Site_Postal_Code'

2019-01-18 20:16:21 - [TEST_STEP][NOT_RUN] - setText(findTestObject("TF_Customer_Create/4_Create_Objects_And_Save/Set_Effective_Dates/input_Effective_End_Date"), input_Eff_End_Dt): NOT_RUN: setText(findTestObject("TF_Customer_Create/4_Create_Objects_And_Save/Set_Effective_Dates/input_Effective_End_Date"), input_Eff_End_Dt)

2019-01-18 20:16:21 - [MESSAGE][NOT_RUN] - NOT_RUN: setText(findTestObject("TF_Customer_Create/4_Create_Objects_And_Save/Set_Effective_Dates/input_Effective_End_Date"), input_Eff_End_Dt)

2019-01-18 20:16:21 - [TEST_STEP][PASSED] - delay(2): Delayed 2 second(s)

2019-01-18 20:16:23 - [MESSAGE][PASSED] - Delayed 2 second(s)

2019-01-18 20:16:23 - [TEST_STEP][PASSED] - click(findTestObject("TF_Customer_Create/3_Common_Action_Buttons/Click_Data_Tab/span_Data_Tab")): Object: 'Object Repository/TF_Customer_Create/3_Common_Action_Buttons/Click_Data_Tab/span_Data_Tab' is clicked on

2019-01-18 20:16:24 - [MESSAGE][PASSED] - Object: 'Object Repository/TF_Customer_Create/3_Common_Action_Buttons/Click_Data_Tab/span_Data_Tab' is clicked on

2019-01-18 20:16:24 - [TEST_STEP][NOT_RUN] - click(findTestObject("TF_Customer_Create/4_Create_Objects_And_Save/Choose_Sales_Org/Click_Sales_Org_DD"), CONTINUE_ON_FAILURE): NOT_RUN: click(findTestObject("TF_Customer_Create/4_Create_Objects_And_Save/Choose_Sales_Org/Click_Sales_Org_DD"), CONTINUE_ON_FAILURE)

2019-01-18 20:16:24 - [MESSAGE][NOT_RUN] - NOT_RUN: click(findTestObject("TF_Customer_Create/4_Create_Objects_And_Save/Choose_Sales_Org/Click_Sales_Org_DD"), CONTINUE_ON_FAILURE)

2019-01-18 20:16:24 - [TEST_STEP][NOT_RUN] - click(findTestObject("TF_Customer_Create/4_Create_Objects_And_Save/Choose_Sales_Org/CA_Object"), CONTINUE_ON_FAILURE): NOT_RUN: click(findTestObject("TF_Customer_Create/4_Create_Objects_And_Save/Choose_Sales_Org/CA_Object"), CONTINUE_ON_FAILURE)

2019-01-18 20:16:24 - [MESSAGE][NOT_RUN] - NOT_RUN: click(findTestObject("TF_Customer_Create/4_Create_Objects_And_Save/Choose_Sales_Org/CA_Object"), CONTINUE_ON_FAILURE)

2019-01-18 20:16:24 - [TEST_STEP][PASSED] - delay(2): Delayed 2 second(s)

2019-01-18 20:16:26 - [MESSAGE][PASSED] - Delayed 2 second(s)

2019-01-18 20:16:26 - [TEST_STEP][PASSED] - click(findTestObject("TF_Customer_Create/3_Common_Action_Buttons/Click_Apply_Button/td_Apply")): Object: 'Object Repository/TF_Customer_Create/3_Common_Action_Buttons/Click_Apply_Button/td_Apply' is clicked on

2019-01-18 20:16:26 - [MESSAGE][PASSED] - Object: 'Object Repository/TF_Customer_Create/3_Common_Action_Buttons/Click_Apply_Button/td_Apply' is clicked on

2019-01-18 20:16:26 - [TEST_STEP][PASSED] - delay(2): Delayed 2 second(s)

2019-01-18 20:16:28 - [MESSAGE][PASSED] - Delayed 2 second(s)

2019-01-18 20:16:28 - [TEST_STEP][PASSED] - click(findTestObject("TF_Customer_Create/3_Common_Action_Buttons/Click_Save_Button/btn_Save")): Object: 'Object Repository/TF_Customer_Create/3_Common_Action_Buttons/Click_Save_Button/btn_Save' is clicked on

2019-01-18 20:16:28 - [MESSAGE][PASSED] - Object: 'Object Repository/TF_Customer_Create/3_Common_Action_Buttons/Click_Save_Button/btn_Save' is clicked on

2019-01-18 20:16:28 - [TEST_STEP][PASSED] - delay(2): Delayed 2 second(s)

2019-01-18 20:16:30 - [MESSAGE][PASSED] - Delayed 2 second(s)

2019-01-18 20:16:30 - [TEST_STEP][NOT_RUN] - verifyElementText(findTestObject("TF_Customer_Create/3_Common_Action_Buttons/Verify_Success_Message/Success_Message"), "Record has been saved successfully.", CONTINUE_ON_FAILURE): NOT_RUN: verifyElementText(findTestObject("TF_Customer_Create/3_Common_Action_Buttons/Verify_Success_Message/Success_Message"), "Record has been saved successfully.", CONTINUE_ON_FAILURE)

2019-01-18 20:16:30 - [MESSAGE][NOT_RUN] - NOT_RUN: verifyElementText(findTestObject("TF_Customer_Create/3_Common_Action_Buttons/Verify_Success_Message/Success_Message"), "Record has been saved successfully.", CONTINUE_ON_FAILURE)

2019-01-18 20:16:30 - [TEST_STEP][NOT_RUN] - click(findTestObject("TF_Customer_Create/3_Common_Action_Buttons/Click_Data_Tab/span_Data_Tab")): NOT_RUN: click(findTestObject("TF_Customer_Create/3_Common_Action_Buttons/Click_Data_Tab/span_Data_Tab"))

2019-01-18 20:16:30 - [MESSAGE][NOT_RUN] - NOT_RUN: click(findTestObject("TF_Customer_Create/3_Common_Action_Buttons/Click_Data_Tab/span_Data_Tab"))

2019-01-18 20:16:30 - [TEST_STEP][NOT_RUN] - delay(1): NOT_RUN: delay(1)

2019-01-18 20:16:30 - [MESSAGE][NOT_RUN] - NOT_RUN: delay(1)

2019-01-18 20:16:30 - [TEST_STEP][NOT_RUN] - click(findTestObject("TF_Customer_Create/3_Common_Action_Buttons/Click_Close_Button/btn_Close")): NOT_RUN: click(findTestObject("TF_Customer_Create/3_Common_Action_Buttons/Click_Close_Button/btn_Close"))

2019-01-18 20:16:30 - [MESSAGE][NOT_RUN] - NOT_RUN: click(findTestObject("TF_Customer_Create/3_Common_Action_Buttons/Click_Close_Button/btn_Close"))

2019-01-18 20:16:30 - [TEST_STEP][NOT_RUN] - delay(2): NOT_RUN: delay(2)

2019-01-18 20:16:30 - [MESSAGE][NOT_RUN] - NOT_RUN: delay(2)

2019-01-18 20:16:30 - [TEST_STEP][NOT_RUN] - vrfy_PLA = com.oracledb.regressiontest.verifyPLA(ora_connt, ora_usr, ora_psswrd, ora_schema, plaAcctName): NOT_RUN: vrfy_PLA = com.oracledb.regressiontest.verifyPLA(ora_connt, ora_usr, ora_psswrd, ora_schema, plaAcctName)

2019-01-18 20:16:30 - [MESSAGE][NOT_RUN] - NOT_RUN: vrfy_PLA = com.oracledb.regressiontest.verifyPLA(ora_connt, ora_usr, ora_psswrd, ora_schema, plaAcctName)

2019-01-18 20:16:30 - [TEST_STEP][NOT_RUN] - println("Planning Account Name"): NOT_RUN: println("Planning Account Name")

2019-01-18 20:16:30 - [MESSAGE][NOT_RUN] - NOT_RUN: println("Planning Account Name")

2019-01-18 20:16:30 - [TEST_STEP][NOT_RUN] - verifyEqual(PLANNING_ACCOUNT_NAME, plaAcctName): NOT_RUN: verifyEqual(PLANNING_ACCOUNT_NAME, plaAcctName)

2019-01-18 20:16:30 - [MESSAGE][NOT_RUN] - NOT_RUN: verifyEqual(PLANNING_ACCOUNT_NAME, plaAcctName)]]></system-out>
         <system-err><![CDATA[]]></system-err>
      </testcase>
      <testcase name="Test Cases/Regression_TF_Customer/Create_Record/TC_13_Create_LDI_Vendor_Site" classname="Test Cases/Regression_TF_Customer/Create_Record/TC_13_Create_LDI_Vendor_Site" status="PASSED">
         <system-out><![CDATA[2019-01-18 20:16:30 - [TEST_CASE][PASSED] - Test Cases/Regression_TF_Customer/Create_Record/TC_13_Create_LDI_Vendor_Site: Test Cases/Regression_TF_Customer/Create_Record/TC_13_Create_LDI_Vendor_Site

2019-01-18 20:16:30 - [TEST_STEP][PASSED] - waitForPageLoad(G_Timeout): Wait for page load successfully

2019-01-18 20:16:30 - [MESSAGE][PASSED] - Wait for page load successfully

2019-01-18 20:16:30 - [TEST_STEP][PASSED] - mouseOver(findTestObject("TF_Customer_Create/1_Menu_Navigation_To_Open_All_Pages/0_Menu_Create_In_Data_View")): Object: 'Object Repository/TF_Customer_Create/1_Menu_Navigation_To_Open_All_Pages/0_Menu_Create_In_Data_View' is hovered

2019-01-18 20:16:30 - [MESSAGE][PASSED] - Object: 'Object Repository/TF_Customer_Create/1_Menu_Navigation_To_Open_All_Pages/0_Menu_Create_In_Data_View' is hovered

2019-01-18 20:16:30 - [TEST_STEP][PASSED] - waitForPageLoad(G_Timeout): Wait for page load successfully

2019-01-18 20:16:30 - [MESSAGE][PASSED] - Wait for page load successfully

2019-01-18 20:16:30 - [TEST_STEP][PASSED] - mouseOver(findTestObject("TF_Customer_Create/1_Menu_Navigation_To_Open_All_Pages/1_Menu_Create_Master_Data")): Object: 'Object Repository/TF_Customer_Create/1_Menu_Navigation_To_Open_All_Pages/1_Menu_Create_Master_Data' is hovered

2019-01-18 20:16:30 - [MESSAGE][PASSED] - Object: 'Object Repository/TF_Customer_Create/1_Menu_Navigation_To_Open_All_Pages/1_Menu_Create_Master_Data' is hovered

2019-01-18 20:16:30 - [TEST_STEP][PASSED] - waitForPageLoad(G_Timeout): Wait for page load successfully

2019-01-18 20:16:30 - [MESSAGE][PASSED] - Wait for page load successfully

2019-01-18 20:16:30 - [TEST_STEP][PASSED] - mouseOver(findTestObject("TF_Customer_Create/1_Menu_Navigation_To_Open_All_Pages/3_Planning_Account_Hoverover_Option")): Object: 'Object Repository/TF_Customer_Create/1_Menu_Navigation_To_Open_All_Pages/3_Planning_Account_Hoverover_Option' is hovered

2019-01-18 20:16:30 - [MESSAGE][PASSED] - Object: 'Object Repository/TF_Customer_Create/1_Menu_Navigation_To_Open_All_Pages/3_Planning_Account_Hoverover_Option' is hovered

2019-01-18 20:16:30 - [TEST_STEP][PASSED] - waitForPageLoad(G_Timeout): Wait for page load successfully

2019-01-18 20:16:31 - [MESSAGE][PASSED] - Wait for page load successfully

2019-01-18 20:16:31 - [TEST_STEP][PASSED] - click(findTestObject("TF_Customer_Create/2_Select_Menu_Options(All)/13_LDI_Vendor_Site")): Object: 'Object Repository/TF_Customer_Create/2_Select_Menu_Options(All)/13_LDI_Vendor_Site' is clicked on

2019-01-18 20:16:31 - [MESSAGE][PASSED] - Object: 'Object Repository/TF_Customer_Create/2_Select_Menu_Options(All)/13_LDI_Vendor_Site' is clicked on

2019-01-18 20:16:31 - [TEST_STEP][PASSED] - waitForPageLoad(G_Timeout): Wait for page load successfully

2019-01-18 20:16:31 - [MESSAGE][PASSED] - Wait for page load successfully

2019-01-18 20:16:31 - [TEST_STEP][PASSED] - delay(3): Delayed 3 second(s)

2019-01-18 20:16:34 - [MESSAGE][PASSED] - Delayed 3 second(s)

2019-01-18 20:16:34 - [TEST_STEP][PASSED] - vndSiteName = com.oracledb.regressiontest.genName(15): com.oracledb.regressiontest.genName is PASSED

2019-01-18 20:16:34 - [MESSAGE][PASSED] - com.oracledb.regressiontest.genName is PASSED

2019-01-18 20:16:34 - [TEST_STEP][PASSED] - vndSiteNumber = com.oracledb.regressiontest.genName(12): com.oracledb.regressiontest.genName is PASSED

2019-01-18 20:16:34 - [MESSAGE][PASSED] - com.oracledb.regressiontest.genName is PASSED

2019-01-18 20:16:34 - [TEST_STEP][PASSED] - vndSiteCd = com.oracledb.regressiontest.genName(10): com.oracledb.regressiontest.genName is PASSED

2019-01-18 20:16:34 - [MESSAGE][PASSED] - com.oracledb.regressiontest.genName is PASSED

2019-01-18 20:16:34 - [TEST_STEP][PASSED] - vndSiteCity = com.oracledb.regressiontest.genName(8): com.oracledb.regressiontest.genName is PASSED

2019-01-18 20:16:34 - [MESSAGE][PASSED] - com.oracledb.regressiontest.genName is PASSED

2019-01-18 20:16:34 - [TEST_STEP][PASSED] - vndSitePtlCd = com.oracledb.regressiontest.genName(6): com.oracledb.regressiontest.genName is PASSED

2019-01-18 20:16:34 - [MESSAGE][PASSED] - com.oracledb.regressiontest.genName is PASSED

2019-01-18 20:16:34 - [TEST_STEP][PASSED] - setText(findTestObject("TF_Customer_Create/4_Create_Objects_And_Save/13_Create_LDI_Vendor_Site/Input_Vendor_Site_Name/input_Vendor_Site_Nm"), vndSiteName): Text 'T61Y2WHUE7IYC75' is set on object 'Object Repository/TF_Customer_Create/4_Create_Objects_And_Save/13_Create_LDI_Vendor_Site/Input_Vendor_Site_Name/input_Vendor_Site_Nm'

2019-01-18 20:16:34 - [MESSAGE][PASSED] - Text 'T61Y2WHUE7IYC75' is set on object 'Object Repository/TF_Customer_Create/4_Create_Objects_And_Save/13_Create_LDI_Vendor_Site/Input_Vendor_Site_Name/input_Vendor_Site_Nm'

2019-01-18 20:16:34 - [TEST_STEP][PASSED] - setText(findTestObject("TF_Customer_Create/4_Create_Objects_And_Save/13_Create_LDI_Vendor_Site/Input_Vendor_Site_Name/input_Vendor_Site_Number"), vndSiteNumber): Text 'MTOWPX9O44IY' is set on object 'Object Repository/TF_Customer_Create/4_Create_Objects_And_Save/13_Create_LDI_Vendor_Site/Input_Vendor_Site_Name/input_Vendor_Site_Number'

2019-01-18 20:16:34 - [MESSAGE][PASSED] - Text 'MTOWPX9O44IY' is set on object 'Object Repository/TF_Customer_Create/4_Create_Objects_And_Save/13_Create_LDI_Vendor_Site/Input_Vendor_Site_Name/input_Vendor_Site_Number'

2019-01-18 20:16:34 - [TEST_STEP][PASSED] - setText(findTestObject("TF_Customer_Create/4_Create_Objects_And_Save/13_Create_LDI_Vendor_Site/Input_Vendor_Site_Name/input_Vendor_Site_Cd"), vndSiteCd): Text 'E4W4ZAF5HL' is set on object 'Object Repository/TF_Customer_Create/4_Create_Objects_And_Save/13_Create_LDI_Vendor_Site/Input_Vendor_Site_Name/input_Vendor_Site_Cd'

2019-01-18 20:16:34 - [MESSAGE][PASSED] - Text 'E4W4ZAF5HL' is set on object 'Object Repository/TF_Customer_Create/4_Create_Objects_And_Save/13_Create_LDI_Vendor_Site/Input_Vendor_Site_Name/input_Vendor_Site_Cd'

2019-01-18 20:16:34 - [TEST_STEP][PASSED] - setText(findTestObject("TF_Customer_Create/4_Create_Objects_And_Save/13_Create_LDI_Vendor_Site/Input_Vendor_Site_Name/input_Vendor_Site_City"), vndSiteCity): Text '0WPIOGR8' is set on object 'Object Repository/TF_Customer_Create/4_Create_Objects_And_Save/13_Create_LDI_Vendor_Site/Input_Vendor_Site_Name/input_Vendor_Site_City'

2019-01-18 20:16:34 - [MESSAGE][PASSED] - Text '0WPIOGR8' is set on object 'Object Repository/TF_Customer_Create/4_Create_Objects_And_Save/13_Create_LDI_Vendor_Site/Input_Vendor_Site_Name/input_Vendor_Site_City'

2019-01-18 20:16:34 - [TEST_STEP][PASSED] - setText(findTestObject("TF_Customer_Create/4_Create_Objects_And_Save/13_Create_LDI_Vendor_Site/Input_Vendor_Site_Name/input_Vendor_Site_Postal_Code"), vndSitePtlCd): Text '0CHNRQ' is set on object 'Object Repository/TF_Customer_Create/4_Create_Objects_And_Save/13_Create_LDI_Vendor_Site/Input_Vendor_Site_Name/input_Vendor_Site_Postal_Code'

2019-01-18 20:16:34 - [MESSAGE][PASSED] - Text '0CHNRQ' is set on object 'Object Repository/TF_Customer_Create/4_Create_Objects_And_Save/13_Create_LDI_Vendor_Site/Input_Vendor_Site_Name/input_Vendor_Site_Postal_Code'

2019-01-18 20:16:34 - [TEST_STEP][NOT_RUN] - setText(findTestObject("TF_Customer_Create/4_Create_Objects_And_Save/Set_Effective_Dates/input_Effective_End_Date"), input_Eff_End_Dt): NOT_RUN: setText(findTestObject("TF_Customer_Create/4_Create_Objects_And_Save/Set_Effective_Dates/input_Effective_End_Date"), input_Eff_End_Dt)

2019-01-18 20:16:34 - [MESSAGE][NOT_RUN] - NOT_RUN: setText(findTestObject("TF_Customer_Create/4_Create_Objects_And_Save/Set_Effective_Dates/input_Effective_End_Date"), input_Eff_End_Dt)

2019-01-18 20:16:34 - [TEST_STEP][PASSED] - delay(2): Delayed 2 second(s)

2019-01-18 20:16:36 - [MESSAGE][PASSED] - Delayed 2 second(s)

2019-01-18 20:16:36 - [TEST_STEP][PASSED] - click(findTestObject("TF_Customer_Create/3_Common_Action_Buttons/Click_Data_Tab/span_Data_Tab")): Object: 'Object Repository/TF_Customer_Create/3_Common_Action_Buttons/Click_Data_Tab/span_Data_Tab' is clicked on

2019-01-18 20:16:36 - [MESSAGE][PASSED] - Object: 'Object Repository/TF_Customer_Create/3_Common_Action_Buttons/Click_Data_Tab/span_Data_Tab' is clicked on

2019-01-18 20:16:36 - [TEST_STEP][NOT_RUN] - click(findTestObject("TF_Customer_Create/4_Create_Objects_And_Save/Choose_Sales_Org/Click_Sales_Org_DD"), CONTINUE_ON_FAILURE): NOT_RUN: click(findTestObject("TF_Customer_Create/4_Create_Objects_And_Save/Choose_Sales_Org/Click_Sales_Org_DD"), CONTINUE_ON_FAILURE)

2019-01-18 20:16:36 - [MESSAGE][NOT_RUN] - NOT_RUN: click(findTestObject("TF_Customer_Create/4_Create_Objects_And_Save/Choose_Sales_Org/Click_Sales_Org_DD"), CONTINUE_ON_FAILURE)

2019-01-18 20:16:36 - [TEST_STEP][NOT_RUN] - click(findTestObject("TF_Customer_Create/4_Create_Objects_And_Save/Choose_Sales_Org/CA_Object"), CONTINUE_ON_FAILURE): NOT_RUN: click(findTestObject("TF_Customer_Create/4_Create_Objects_And_Save/Choose_Sales_Org/CA_Object"), CONTINUE_ON_FAILURE)

2019-01-18 20:16:36 - [MESSAGE][NOT_RUN] - NOT_RUN: click(findTestObject("TF_Customer_Create/4_Create_Objects_And_Save/Choose_Sales_Org/CA_Object"), CONTINUE_ON_FAILURE)

2019-01-18 20:16:36 - [TEST_STEP][PASSED] - delay(2): Delayed 2 second(s)

2019-01-18 20:16:38 - [MESSAGE][PASSED] - Delayed 2 second(s)

2019-01-18 20:16:38 - [TEST_STEP][PASSED] - click(findTestObject("TF_Customer_Create/3_Common_Action_Buttons/Click_Apply_Button/td_Apply")): Object: 'Object Repository/TF_Customer_Create/3_Common_Action_Buttons/Click_Apply_Button/td_Apply' is clicked on

2019-01-18 20:16:38 - [MESSAGE][PASSED] - Object: 'Object Repository/TF_Customer_Create/3_Common_Action_Buttons/Click_Apply_Button/td_Apply' is clicked on

2019-01-18 20:16:38 - [TEST_STEP][PASSED] - delay(2): Delayed 2 second(s)

2019-01-18 20:16:40 - [MESSAGE][PASSED] - Delayed 2 second(s)

2019-01-18 20:16:40 - [TEST_STEP][PASSED] - click(findTestObject("TF_Customer_Create/3_Common_Action_Buttons/Click_Save_Button/btn_Save")): Object: 'Object Repository/TF_Customer_Create/3_Common_Action_Buttons/Click_Save_Button/btn_Save' is clicked on

2019-01-18 20:16:41 - [MESSAGE][PASSED] - Object: 'Object Repository/TF_Customer_Create/3_Common_Action_Buttons/Click_Save_Button/btn_Save' is clicked on

2019-01-18 20:16:41 - [TEST_STEP][PASSED] - delay(2): Delayed 2 second(s)

2019-01-18 20:16:43 - [MESSAGE][PASSED] - Delayed 2 second(s)

2019-01-18 20:16:43 - [TEST_STEP][NOT_RUN] - verifyElementText(findTestObject("TF_Customer_Create/3_Common_Action_Buttons/Verify_Success_Message/Success_Message"), "Record has been saved successfully.", CONTINUE_ON_FAILURE): NOT_RUN: verifyElementText(findTestObject("TF_Customer_Create/3_Common_Action_Buttons/Verify_Success_Message/Success_Message"), "Record has been saved successfully.", CONTINUE_ON_FAILURE)

2019-01-18 20:16:43 - [MESSAGE][NOT_RUN] - NOT_RUN: verifyElementText(findTestObject("TF_Customer_Create/3_Common_Action_Buttons/Verify_Success_Message/Success_Message"), "Record has been saved successfully.", CONTINUE_ON_FAILURE)

2019-01-18 20:16:43 - [TEST_STEP][NOT_RUN] - click(findTestObject("TF_Customer_Create/3_Common_Action_Buttons/Click_Data_Tab/span_Data_Tab")): NOT_RUN: click(findTestObject("TF_Customer_Create/3_Common_Action_Buttons/Click_Data_Tab/span_Data_Tab"))

2019-01-18 20:16:43 - [MESSAGE][NOT_RUN] - NOT_RUN: click(findTestObject("TF_Customer_Create/3_Common_Action_Buttons/Click_Data_Tab/span_Data_Tab"))

2019-01-18 20:16:43 - [TEST_STEP][NOT_RUN] - delay(1): NOT_RUN: delay(1)

2019-01-18 20:16:43 - [MESSAGE][NOT_RUN] - NOT_RUN: delay(1)

2019-01-18 20:16:43 - [TEST_STEP][NOT_RUN] - click(findTestObject("TF_Customer_Create/3_Common_Action_Buttons/Click_Close_Button/btn_Close")): NOT_RUN: click(findTestObject("TF_Customer_Create/3_Common_Action_Buttons/Click_Close_Button/btn_Close"))

2019-01-18 20:16:43 - [MESSAGE][NOT_RUN] - NOT_RUN: click(findTestObject("TF_Customer_Create/3_Common_Action_Buttons/Click_Close_Button/btn_Close"))

2019-01-18 20:16:43 - [TEST_STEP][NOT_RUN] - delay(2): NOT_RUN: delay(2)

2019-01-18 20:16:43 - [MESSAGE][NOT_RUN] - NOT_RUN: delay(2)

2019-01-18 20:16:43 - [TEST_STEP][NOT_RUN] - vrfy_PLA = com.oracledb.regressiontest.verifyPLA(ora_connt, ora_usr, ora_psswrd, ora_schema, plaAcctName): NOT_RUN: vrfy_PLA = com.oracledb.regressiontest.verifyPLA(ora_connt, ora_usr, ora_psswrd, ora_schema, plaAcctName)

2019-01-18 20:16:43 - [MESSAGE][NOT_RUN] - NOT_RUN: vrfy_PLA = com.oracledb.regressiontest.verifyPLA(ora_connt, ora_usr, ora_psswrd, ora_schema, plaAcctName)

2019-01-18 20:16:43 - [TEST_STEP][NOT_RUN] - println("Planning Account Name"): NOT_RUN: println("Planning Account Name")

2019-01-18 20:16:43 - [MESSAGE][NOT_RUN] - NOT_RUN: println("Planning Account Name")

2019-01-18 20:16:43 - [TEST_STEP][NOT_RUN] - verifyEqual(PLANNING_ACCOUNT_NAME, plaAcctName): NOT_RUN: verifyEqual(PLANNING_ACCOUNT_NAME, plaAcctName)

2019-01-18 20:16:43 - [MESSAGE][NOT_RUN] - NOT_RUN: verifyEqual(PLANNING_ACCOUNT_NAME, plaAcctName)]]></system-out>
         <system-err><![CDATA[]]></system-err>
      </testcase>
      <testcase name="Test Cases/Regression_TF_Customer/Create_Record/TC_13_Create_LDI_Vendor_Site" classname="Test Cases/Regression_TF_Customer/Create_Record/TC_13_Create_LDI_Vendor_Site" status="PASSED">
         <system-out><![CDATA[2019-01-18 20:16:43 - [TEST_CASE][PASSED] - Test Cases/Regression_TF_Customer/Create_Record/TC_13_Create_LDI_Vendor_Site: Test Cases/Regression_TF_Customer/Create_Record/TC_13_Create_LDI_Vendor_Site

2019-01-18 20:16:43 - [TEST_STEP][PASSED] - waitForPageLoad(G_Timeout): Wait for page load successfully

2019-01-18 20:16:43 - [MESSAGE][PASSED] - Wait for page load successfully

2019-01-18 20:16:43 - [TEST_STEP][PASSED] - mouseOver(findTestObject("TF_Customer_Create/1_Menu_Navigation_To_Open_All_Pages/0_Menu_Create_In_Data_View")): Object: 'Object Repository/TF_Customer_Create/1_Menu_Navigation_To_Open_All_Pages/0_Menu_Create_In_Data_View' is hovered

2019-01-18 20:16:43 - [MESSAGE][PASSED] - Object: 'Object Repository/TF_Customer_Create/1_Menu_Navigation_To_Open_All_Pages/0_Menu_Create_In_Data_View' is hovered

2019-01-18 20:16:43 - [TEST_STEP][PASSED] - waitForPageLoad(G_Timeout): Wait for page load successfully

2019-01-18 20:16:43 - [MESSAGE][PASSED] - Wait for page load successfully

2019-01-18 20:16:43 - [TEST_STEP][PASSED] - mouseOver(findTestObject("TF_Customer_Create/1_Menu_Navigation_To_Open_All_Pages/1_Menu_Create_Master_Data")): Object: 'Object Repository/TF_Customer_Create/1_Menu_Navigation_To_Open_All_Pages/1_Menu_Create_Master_Data' is hovered

2019-01-18 20:16:43 - [MESSAGE][PASSED] - Object: 'Object Repository/TF_Customer_Create/1_Menu_Navigation_To_Open_All_Pages/1_Menu_Create_Master_Data' is hovered

2019-01-18 20:16:43 - [TEST_STEP][PASSED] - waitForPageLoad(G_Timeout): Wait for page load successfully

2019-01-18 20:16:43 - [MESSAGE][PASSED] - Wait for page load successfully

2019-01-18 20:16:43 - [TEST_STEP][PASSED] - mouseOver(findTestObject("TF_Customer_Create/1_Menu_Navigation_To_Open_All_Pages/3_Planning_Account_Hoverover_Option")): Object: 'Object Repository/TF_Customer_Create/1_Menu_Navigation_To_Open_All_Pages/3_Planning_Account_Hoverover_Option' is hovered

2019-01-18 20:16:43 - [MESSAGE][PASSED] - Object: 'Object Repository/TF_Customer_Create/1_Menu_Navigation_To_Open_All_Pages/3_Planning_Account_Hoverover_Option' is hovered

2019-01-18 20:16:43 - [TEST_STEP][PASSED] - waitForPageLoad(G_Timeout): Wait for page load successfully

2019-01-18 20:16:43 - [MESSAGE][PASSED] - Wait for page load successfully

2019-01-18 20:16:43 - [TEST_STEP][PASSED] - click(findTestObject("TF_Customer_Create/2_Select_Menu_Options(All)/13_LDI_Vendor_Site")): Object: 'Object Repository/TF_Customer_Create/2_Select_Menu_Options(All)/13_LDI_Vendor_Site' is clicked on

2019-01-18 20:16:43 - [MESSAGE][PASSED] - Object: 'Object Repository/TF_Customer_Create/2_Select_Menu_Options(All)/13_LDI_Vendor_Site' is clicked on

2019-01-18 20:16:43 - [TEST_STEP][PASSED] - waitForPageLoad(G_Timeout): Wait for page load successfully

2019-01-18 20:16:43 - [MESSAGE][PASSED] - Wait for page load successfully

2019-01-18 20:16:43 - [TEST_STEP][PASSED] - delay(3): Delayed 3 second(s)

2019-01-18 20:16:46 - [MESSAGE][PASSED] - Delayed 3 second(s)

2019-01-18 20:16:46 - [TEST_STEP][PASSED] - vndSiteName = com.oracledb.regressiontest.genName(15): com.oracledb.regressiontest.genName is PASSED

2019-01-18 20:16:46 - [MESSAGE][PASSED] - com.oracledb.regressiontest.genName is PASSED

2019-01-18 20:16:46 - [TEST_STEP][PASSED] - vndSiteNumber = com.oracledb.regressiontest.genName(12): com.oracledb.regressiontest.genName is PASSED

2019-01-18 20:16:46 - [MESSAGE][PASSED] - com.oracledb.regressiontest.genName is PASSED

2019-01-18 20:16:46 - [TEST_STEP][PASSED] - vndSiteCd = com.oracledb.regressiontest.genName(10): com.oracledb.regressiontest.genName is PASSED

2019-01-18 20:16:46 - [MESSAGE][PASSED] - com.oracledb.regressiontest.genName is PASSED

2019-01-18 20:16:46 - [TEST_STEP][PASSED] - vndSiteCity = com.oracledb.regressiontest.genName(8): com.oracledb.regressiontest.genName is PASSED

2019-01-18 20:16:46 - [MESSAGE][PASSED] - com.oracledb.regressiontest.genName is PASSED

2019-01-18 20:16:46 - [TEST_STEP][PASSED] - vndSitePtlCd = com.oracledb.regressiontest.genName(6): com.oracledb.regressiontest.genName is PASSED

2019-01-18 20:16:46 - [MESSAGE][PASSED] - com.oracledb.regressiontest.genName is PASSED

2019-01-18 20:16:46 - [TEST_STEP][PASSED] - setText(findTestObject("TF_Customer_Create/4_Create_Objects_And_Save/13_Create_LDI_Vendor_Site/Input_Vendor_Site_Name/input_Vendor_Site_Nm"), vndSiteName): Text 'AEEYIUQLB1GDYH4' is set on object 'Object Repository/TF_Customer_Create/4_Create_Objects_And_Save/13_Create_LDI_Vendor_Site/Input_Vendor_Site_Name/input_Vendor_Site_Nm'

2019-01-18 20:16:47 - [MESSAGE][PASSED] - Text 'AEEYIUQLB1GDYH4' is set on object 'Object Repository/TF_Customer_Create/4_Create_Objects_And_Save/13_Create_LDI_Vendor_Site/Input_Vendor_Site_Name/input_Vendor_Site_Nm'

2019-01-18 20:16:47 - [TEST_STEP][PASSED] - setText(findTestObject("TF_Customer_Create/4_Create_Objects_And_Save/13_Create_LDI_Vendor_Site/Input_Vendor_Site_Name/input_Vendor_Site_Number"), vndSiteNumber): Text 'PTGVJH00GIDO' is set on object 'Object Repository/TF_Customer_Create/4_Create_Objects_And_Save/13_Create_LDI_Vendor_Site/Input_Vendor_Site_Name/input_Vendor_Site_Number'

2019-01-18 20:16:47 - [MESSAGE][PASSED] - Text 'PTGVJH00GIDO' is set on object 'Object Repository/TF_Customer_Create/4_Create_Objects_And_Save/13_Create_LDI_Vendor_Site/Input_Vendor_Site_Name/input_Vendor_Site_Number'

2019-01-18 20:16:47 - [TEST_STEP][PASSED] - setText(findTestObject("TF_Customer_Create/4_Create_Objects_And_Save/13_Create_LDI_Vendor_Site/Input_Vendor_Site_Name/input_Vendor_Site_Cd"), vndSiteCd): Text '1CXZ6G006J' is set on object 'Object Repository/TF_Customer_Create/4_Create_Objects_And_Save/13_Create_LDI_Vendor_Site/Input_Vendor_Site_Name/input_Vendor_Site_Cd'

2019-01-18 20:16:47 - [MESSAGE][PASSED] - Text '1CXZ6G006J' is set on object 'Object Repository/TF_Customer_Create/4_Create_Objects_And_Save/13_Create_LDI_Vendor_Site/Input_Vendor_Site_Name/input_Vendor_Site_Cd'

2019-01-18 20:16:47 - [TEST_STEP][PASSED] - setText(findTestObject("TF_Customer_Create/4_Create_Objects_And_Save/13_Create_LDI_Vendor_Site/Input_Vendor_Site_Name/input_Vendor_Site_City"), vndSiteCity): Text '3MUDB0WF' is set on object 'Object Repository/TF_Customer_Create/4_Create_Objects_And_Save/13_Create_LDI_Vendor_Site/Input_Vendor_Site_Name/input_Vendor_Site_City'

2019-01-18 20:16:47 - [MESSAGE][PASSED] - Text '3MUDB0WF' is set on object 'Object Repository/TF_Customer_Create/4_Create_Objects_And_Save/13_Create_LDI_Vendor_Site/Input_Vendor_Site_Name/input_Vendor_Site_City'

2019-01-18 20:16:47 - [TEST_STEP][PASSED] - setText(findTestObject("TF_Customer_Create/4_Create_Objects_And_Save/13_Create_LDI_Vendor_Site/Input_Vendor_Site_Name/input_Vendor_Site_Postal_Code"), vndSitePtlCd): Text 'QO9SHL' is set on object 'Object Repository/TF_Customer_Create/4_Create_Objects_And_Save/13_Create_LDI_Vendor_Site/Input_Vendor_Site_Name/input_Vendor_Site_Postal_Code'

2019-01-18 20:16:47 - [MESSAGE][PASSED] - Text 'QO9SHL' is set on object 'Object Repository/TF_Customer_Create/4_Create_Objects_And_Save/13_Create_LDI_Vendor_Site/Input_Vendor_Site_Name/input_Vendor_Site_Postal_Code'

2019-01-18 20:16:47 - [TEST_STEP][NOT_RUN] - setText(findTestObject("TF_Customer_Create/4_Create_Objects_And_Save/Set_Effective_Dates/input_Effective_End_Date"), input_Eff_End_Dt): NOT_RUN: setText(findTestObject("TF_Customer_Create/4_Create_Objects_And_Save/Set_Effective_Dates/input_Effective_End_Date"), input_Eff_End_Dt)

2019-01-18 20:16:47 - [MESSAGE][NOT_RUN] - NOT_RUN: setText(findTestObject("TF_Customer_Create/4_Create_Objects_And_Save/Set_Effective_Dates/input_Effective_End_Date"), input_Eff_End_Dt)

2019-01-18 20:16:47 - [TEST_STEP][PASSED] - delay(2): Delayed 2 second(s)

2019-01-18 20:16:49 - [MESSAGE][PASSED] - Delayed 2 second(s)

2019-01-18 20:16:49 - [TEST_STEP][PASSED] - click(findTestObject("TF_Customer_Create/3_Common_Action_Buttons/Click_Data_Tab/span_Data_Tab")): Object: 'Object Repository/TF_Customer_Create/3_Common_Action_Buttons/Click_Data_Tab/span_Data_Tab' is clicked on

2019-01-18 20:16:49 - [MESSAGE][PASSED] - Object: 'Object Repository/TF_Customer_Create/3_Common_Action_Buttons/Click_Data_Tab/span_Data_Tab' is clicked on

2019-01-18 20:16:49 - [TEST_STEP][NOT_RUN] - click(findTestObject("TF_Customer_Create/4_Create_Objects_And_Save/Choose_Sales_Org/Click_Sales_Org_DD"), CONTINUE_ON_FAILURE): NOT_RUN: click(findTestObject("TF_Customer_Create/4_Create_Objects_And_Save/Choose_Sales_Org/Click_Sales_Org_DD"), CONTINUE_ON_FAILURE)

2019-01-18 20:16:49 - [MESSAGE][NOT_RUN] - NOT_RUN: click(findTestObject("TF_Customer_Create/4_Create_Objects_And_Save/Choose_Sales_Org/Click_Sales_Org_DD"), CONTINUE_ON_FAILURE)

2019-01-18 20:16:49 - [TEST_STEP][NOT_RUN] - click(findTestObject("TF_Customer_Create/4_Create_Objects_And_Save/Choose_Sales_Org/CA_Object"), CONTINUE_ON_FAILURE): NOT_RUN: click(findTestObject("TF_Customer_Create/4_Create_Objects_And_Save/Choose_Sales_Org/CA_Object"), CONTINUE_ON_FAILURE)

2019-01-18 20:16:49 - [MESSAGE][NOT_RUN] - NOT_RUN: click(findTestObject("TF_Customer_Create/4_Create_Objects_And_Save/Choose_Sales_Org/CA_Object"), CONTINUE_ON_FAILURE)

2019-01-18 20:16:49 - [TEST_STEP][PASSED] - delay(2): Delayed 2 second(s)

2019-01-18 20:16:51 - [MESSAGE][PASSED] - Delayed 2 second(s)

2019-01-18 20:16:51 - [TEST_STEP][PASSED] - click(findTestObject("TF_Customer_Create/3_Common_Action_Buttons/Click_Apply_Button/td_Apply")): Object: 'Object Repository/TF_Customer_Create/3_Common_Action_Buttons/Click_Apply_Button/td_Apply' is clicked on

2019-01-18 20:16:51 - [MESSAGE][PASSED] - Object: 'Object Repository/TF_Customer_Create/3_Common_Action_Buttons/Click_Apply_Button/td_Apply' is clicked on

2019-01-18 20:16:51 - [TEST_STEP][PASSED] - delay(2): Delayed 2 second(s)

2019-01-18 20:16:53 - [MESSAGE][PASSED] - Delayed 2 second(s)

2019-01-18 20:16:53 - [TEST_STEP][PASSED] - click(findTestObject("TF_Customer_Create/3_Common_Action_Buttons/Click_Save_Button/btn_Save")): Object: 'Object Repository/TF_Customer_Create/3_Common_Action_Buttons/Click_Save_Button/btn_Save' is clicked on

2019-01-18 20:16:53 - [MESSAGE][PASSED] - Object: 'Object Repository/TF_Customer_Create/3_Common_Action_Buttons/Click_Save_Button/btn_Save' is clicked on

2019-01-18 20:16:53 - [TEST_STEP][PASSED] - delay(2): Delayed 2 second(s)

2019-01-18 20:16:55 - [MESSAGE][PASSED] - Delayed 2 second(s)

2019-01-18 20:16:55 - [TEST_STEP][NOT_RUN] - verifyElementText(findTestObject("TF_Customer_Create/3_Common_Action_Buttons/Verify_Success_Message/Success_Message"), "Record has been saved successfully.", CONTINUE_ON_FAILURE): NOT_RUN: verifyElementText(findTestObject("TF_Customer_Create/3_Common_Action_Buttons/Verify_Success_Message/Success_Message"), "Record has been saved successfully.", CONTINUE_ON_FAILURE)

2019-01-18 20:16:55 - [MESSAGE][NOT_RUN] - NOT_RUN: verifyElementText(findTestObject("TF_Customer_Create/3_Common_Action_Buttons/Verify_Success_Message/Success_Message"), "Record has been saved successfully.", CONTINUE_ON_FAILURE)

2019-01-18 20:16:55 - [TEST_STEP][NOT_RUN] - click(findTestObject("TF_Customer_Create/3_Common_Action_Buttons/Click_Data_Tab/span_Data_Tab")): NOT_RUN: click(findTestObject("TF_Customer_Create/3_Common_Action_Buttons/Click_Data_Tab/span_Data_Tab"))

2019-01-18 20:16:55 - [MESSAGE][NOT_RUN] - NOT_RUN: click(findTestObject("TF_Customer_Create/3_Common_Action_Buttons/Click_Data_Tab/span_Data_Tab"))

2019-01-18 20:16:55 - [TEST_STEP][NOT_RUN] - delay(1): NOT_RUN: delay(1)

2019-01-18 20:16:55 - [MESSAGE][NOT_RUN] - NOT_RUN: delay(1)

2019-01-18 20:16:55 - [TEST_STEP][NOT_RUN] - click(findTestObject("TF_Customer_Create/3_Common_Action_Buttons/Click_Close_Button/btn_Close")): NOT_RUN: click(findTestObject("TF_Customer_Create/3_Common_Action_Buttons/Click_Close_Button/btn_Close"))

2019-01-18 20:16:55 - [MESSAGE][NOT_RUN] - NOT_RUN: click(findTestObject("TF_Customer_Create/3_Common_Action_Buttons/Click_Close_Button/btn_Close"))

2019-01-18 20:16:55 - [TEST_STEP][NOT_RUN] - delay(2): NOT_RUN: delay(2)

2019-01-18 20:16:55 - [MESSAGE][NOT_RUN] - NOT_RUN: delay(2)

2019-01-18 20:16:55 - [TEST_STEP][NOT_RUN] - vrfy_PLA = com.oracledb.regressiontest.verifyPLA(ora_connt, ora_usr, ora_psswrd, ora_schema, plaAcctName): NOT_RUN: vrfy_PLA = com.oracledb.regressiontest.verifyPLA(ora_connt, ora_usr, ora_psswrd, ora_schema, plaAcctName)

2019-01-18 20:16:55 - [MESSAGE][NOT_RUN] - NOT_RUN: vrfy_PLA = com.oracledb.regressiontest.verifyPLA(ora_connt, ora_usr, ora_psswrd, ora_schema, plaAcctName)

2019-01-18 20:16:55 - [TEST_STEP][NOT_RUN] - println("Planning Account Name"): NOT_RUN: println("Planning Account Name")

2019-01-18 20:16:55 - [MESSAGE][NOT_RUN] - NOT_RUN: println("Planning Account Name")

2019-01-18 20:16:55 - [TEST_STEP][NOT_RUN] - verifyEqual(PLANNING_ACCOUNT_NAME, plaAcctName): NOT_RUN: verifyEqual(PLANNING_ACCOUNT_NAME, plaAcctName)

2019-01-18 20:16:55 - [MESSAGE][NOT_RUN] - NOT_RUN: verifyEqual(PLANNING_ACCOUNT_NAME, plaAcctName)]]></system-out>
         <system-err><![CDATA[]]></system-err>
      </testcase>
      <testcase name="Test Cases/Regression_TF_Customer/Create_Record/TC_13_Create_LDI_Vendor_Site" classname="Test Cases/Regression_TF_Customer/Create_Record/TC_13_Create_LDI_Vendor_Site" status="PASSED">
         <system-out><![CDATA[2019-01-18 20:16:56 - [TEST_CASE][PASSED] - Test Cases/Regression_TF_Customer/Create_Record/TC_13_Create_LDI_Vendor_Site: Test Cases/Regression_TF_Customer/Create_Record/TC_13_Create_LDI_Vendor_Site

2019-01-18 20:16:56 - [TEST_STEP][PASSED] - waitForPageLoad(G_Timeout): Wait for page load successfully

2019-01-18 20:16:56 - [MESSAGE][PASSED] - Wait for page load successfully

2019-01-18 20:16:56 - [TEST_STEP][PASSED] - mouseOver(findTestObject("TF_Customer_Create/1_Menu_Navigation_To_Open_All_Pages/0_Menu_Create_In_Data_View")): Object: 'Object Repository/TF_Customer_Create/1_Menu_Navigation_To_Open_All_Pages/0_Menu_Create_In_Data_View' is hovered

2019-01-18 20:16:56 - [MESSAGE][PASSED] - Object: 'Object Repository/TF_Customer_Create/1_Menu_Navigation_To_Open_All_Pages/0_Menu_Create_In_Data_View' is hovered

2019-01-18 20:16:56 - [TEST_STEP][PASSED] - waitForPageLoad(G_Timeout): Wait for page load successfully

2019-01-18 20:16:56 - [MESSAGE][PASSED] - Wait for page load successfully

2019-01-18 20:16:56 - [TEST_STEP][PASSED] - mouseOver(findTestObject("TF_Customer_Create/1_Menu_Navigation_To_Open_All_Pages/1_Menu_Create_Master_Data")): Object: 'Object Repository/TF_Customer_Create/1_Menu_Navigation_To_Open_All_Pages/1_Menu_Create_Master_Data' is hovered

2019-01-18 20:16:56 - [MESSAGE][PASSED] - Object: 'Object Repository/TF_Customer_Create/1_Menu_Navigation_To_Open_All_Pages/1_Menu_Create_Master_Data' is hovered

2019-01-18 20:16:56 - [TEST_STEP][PASSED] - waitForPageLoad(G_Timeout): Wait for page load successfully

2019-01-18 20:16:56 - [MESSAGE][PASSED] - Wait for page load successfully

2019-01-18 20:16:56 - [TEST_STEP][PASSED] - mouseOver(findTestObject("TF_Customer_Create/1_Menu_Navigation_To_Open_All_Pages/3_Planning_Account_Hoverover_Option")): Object: 'Object Repository/TF_Customer_Create/1_Menu_Navigation_To_Open_All_Pages/3_Planning_Account_Hoverover_Option' is hovered

2019-01-18 20:16:56 - [MESSAGE][PASSED] - Object: 'Object Repository/TF_Customer_Create/1_Menu_Navigation_To_Open_All_Pages/3_Planning_Account_Hoverover_Option' is hovered

2019-01-18 20:16:56 - [TEST_STEP][PASSED] - waitForPageLoad(G_Timeout): Wait for page load successfully

2019-01-18 20:16:56 - [MESSAGE][PASSED] - Wait for page load successfully

2019-01-18 20:16:56 - [TEST_STEP][PASSED] - click(findTestObject("TF_Customer_Create/2_Select_Menu_Options(All)/13_LDI_Vendor_Site")): Object: 'Object Repository/TF_Customer_Create/2_Select_Menu_Options(All)/13_LDI_Vendor_Site' is clicked on

2019-01-18 20:16:56 - [MESSAGE][PASSED] - Object: 'Object Repository/TF_Customer_Create/2_Select_Menu_Options(All)/13_LDI_Vendor_Site' is clicked on

2019-01-18 20:16:56 - [TEST_STEP][PASSED] - waitForPageLoad(G_Timeout): Wait for page load successfully

2019-01-18 20:16:56 - [MESSAGE][PASSED] - Wait for page load successfully

2019-01-18 20:16:56 - [TEST_STEP][PASSED] - delay(3): Delayed 3 second(s)

2019-01-18 20:16:59 - [MESSAGE][PASSED] - Delayed 3 second(s)

2019-01-18 20:16:59 - [TEST_STEP][PASSED] - vndSiteName = com.oracledb.regressiontest.genName(15): com.oracledb.regressiontest.genName is PASSED

2019-01-18 20:16:59 - [MESSAGE][PASSED] - com.oracledb.regressiontest.genName is PASSED

2019-01-18 20:16:59 - [TEST_STEP][PASSED] - vndSiteNumber = com.oracledb.regressiontest.genName(12): com.oracledb.regressiontest.genName is PASSED

2019-01-18 20:16:59 - [MESSAGE][PASSED] - com.oracledb.regressiontest.genName is PASSED

2019-01-18 20:16:59 - [TEST_STEP][PASSED] - vndSiteCd = com.oracledb.regressiontest.genName(10): com.oracledb.regressiontest.genName is PASSED

2019-01-18 20:16:59 - [MESSAGE][PASSED] - com.oracledb.regressiontest.genName is PASSED

2019-01-18 20:16:59 - [TEST_STEP][PASSED] - vndSiteCity = com.oracledb.regressiontest.genName(8): com.oracledb.regressiontest.genName is PASSED

2019-01-18 20:16:59 - [MESSAGE][PASSED] - com.oracledb.regressiontest.genName is PASSED

2019-01-18 20:16:59 - [TEST_STEP][PASSED] - vndSitePtlCd = com.oracledb.regressiontest.genName(6): com.oracledb.regressiontest.genName is PASSED

2019-01-18 20:16:59 - [MESSAGE][PASSED] - com.oracledb.regressiontest.genName is PASSED

2019-01-18 20:16:59 - [TEST_STEP][PASSED] - setText(findTestObject("TF_Customer_Create/4_Create_Objects_And_Save/13_Create_LDI_Vendor_Site/Input_Vendor_Site_Name/input_Vendor_Site_Nm"), vndSiteName): Text 'R2QF5TGKZSRY21Q' is set on object 'Object Repository/TF_Customer_Create/4_Create_Objects_And_Save/13_Create_LDI_Vendor_Site/Input_Vendor_Site_Name/input_Vendor_Site_Nm'

2019-01-18 20:16:59 - [MESSAGE][PASSED] - Text 'R2QF5TGKZSRY21Q' is set on object 'Object Repository/TF_Customer_Create/4_Create_Objects_And_Save/13_Create_LDI_Vendor_Site/Input_Vendor_Site_Name/input_Vendor_Site_Nm'

2019-01-18 20:17:00 - [TEST_STEP][PASSED] - setText(findTestObject("TF_Customer_Create/4_Create_Objects_And_Save/13_Create_LDI_Vendor_Site/Input_Vendor_Site_Name/input_Vendor_Site_Number"), vndSiteNumber): Text 'HDJQFXRV643M' is set on object 'Object Repository/TF_Customer_Create/4_Create_Objects_And_Save/13_Create_LDI_Vendor_Site/Input_Vendor_Site_Name/input_Vendor_Site_Number'

2019-01-18 20:17:00 - [MESSAGE][PASSED] - Text 'HDJQFXRV643M' is set on object 'Object Repository/TF_Customer_Create/4_Create_Objects_And_Save/13_Create_LDI_Vendor_Site/Input_Vendor_Site_Name/input_Vendor_Site_Number'

2019-01-18 20:17:00 - [TEST_STEP][PASSED] - setText(findTestObject("TF_Customer_Create/4_Create_Objects_And_Save/13_Create_LDI_Vendor_Site/Input_Vendor_Site_Name/input_Vendor_Site_Cd"), vndSiteCd): Text 'ABUQP5PPHW' is set on object 'Object Repository/TF_Customer_Create/4_Create_Objects_And_Save/13_Create_LDI_Vendor_Site/Input_Vendor_Site_Name/input_Vendor_Site_Cd'

2019-01-18 20:17:00 - [MESSAGE][PASSED] - Text 'ABUQP5PPHW' is set on object 'Object Repository/TF_Customer_Create/4_Create_Objects_And_Save/13_Create_LDI_Vendor_Site/Input_Vendor_Site_Name/input_Vendor_Site_Cd'

2019-01-18 20:17:00 - [TEST_STEP][PASSED] - setText(findTestObject("TF_Customer_Create/4_Create_Objects_And_Save/13_Create_LDI_Vendor_Site/Input_Vendor_Site_Name/input_Vendor_Site_City"), vndSiteCity): Text 'CFDOC9Y2' is set on object 'Object Repository/TF_Customer_Create/4_Create_Objects_And_Save/13_Create_LDI_Vendor_Site/Input_Vendor_Site_Name/input_Vendor_Site_City'

2019-01-18 20:17:00 - [MESSAGE][PASSED] - Text 'CFDOC9Y2' is set on object 'Object Repository/TF_Customer_Create/4_Create_Objects_And_Save/13_Create_LDI_Vendor_Site/Input_Vendor_Site_Name/input_Vendor_Site_City'

2019-01-18 20:17:00 - [TEST_STEP][PASSED] - setText(findTestObject("TF_Customer_Create/4_Create_Objects_And_Save/13_Create_LDI_Vendor_Site/Input_Vendor_Site_Name/input_Vendor_Site_Postal_Code"), vndSitePtlCd): Text 'BW294V' is set on object 'Object Repository/TF_Customer_Create/4_Create_Objects_And_Save/13_Create_LDI_Vendor_Site/Input_Vendor_Site_Name/input_Vendor_Site_Postal_Code'

2019-01-18 20:17:00 - [MESSAGE][PASSED] - Text 'BW294V' is set on object 'Object Repository/TF_Customer_Create/4_Create_Objects_And_Save/13_Create_LDI_Vendor_Site/Input_Vendor_Site_Name/input_Vendor_Site_Postal_Code'

2019-01-18 20:17:00 - [TEST_STEP][NOT_RUN] - setText(findTestObject("TF_Customer_Create/4_Create_Objects_And_Save/Set_Effective_Dates/input_Effective_End_Date"), input_Eff_End_Dt): NOT_RUN: setText(findTestObject("TF_Customer_Create/4_Create_Objects_And_Save/Set_Effective_Dates/input_Effective_End_Date"), input_Eff_End_Dt)

2019-01-18 20:17:00 - [MESSAGE][NOT_RUN] - NOT_RUN: setText(findTestObject("TF_Customer_Create/4_Create_Objects_And_Save/Set_Effective_Dates/input_Effective_End_Date"), input_Eff_End_Dt)

2019-01-18 20:17:00 - [TEST_STEP][PASSED] - delay(2): Delayed 2 second(s)

2019-01-18 20:17:02 - [MESSAGE][PASSED] - Delayed 2 second(s)

2019-01-18 20:17:02 - [TEST_STEP][PASSED] - click(findTestObject("TF_Customer_Create/3_Common_Action_Buttons/Click_Data_Tab/span_Data_Tab")): Object: 'Object Repository/TF_Customer_Create/3_Common_Action_Buttons/Click_Data_Tab/span_Data_Tab' is clicked on

2019-01-18 20:17:02 - [MESSAGE][PASSED] - Object: 'Object Repository/TF_Customer_Create/3_Common_Action_Buttons/Click_Data_Tab/span_Data_Tab' is clicked on

2019-01-18 20:17:02 - [TEST_STEP][NOT_RUN] - click(findTestObject("TF_Customer_Create/4_Create_Objects_And_Save/Choose_Sales_Org/Click_Sales_Org_DD"), CONTINUE_ON_FAILURE): NOT_RUN: click(findTestObject("TF_Customer_Create/4_Create_Objects_And_Save/Choose_Sales_Org/Click_Sales_Org_DD"), CONTINUE_ON_FAILURE)

2019-01-18 20:17:02 - [MESSAGE][NOT_RUN] - NOT_RUN: click(findTestObject("TF_Customer_Create/4_Create_Objects_And_Save/Choose_Sales_Org/Click_Sales_Org_DD"), CONTINUE_ON_FAILURE)

2019-01-18 20:17:02 - [TEST_STEP][NOT_RUN] - click(findTestObject("TF_Customer_Create/4_Create_Objects_And_Save/Choose_Sales_Org/CA_Object"), CONTINUE_ON_FAILURE): NOT_RUN: click(findTestObject("TF_Customer_Create/4_Create_Objects_And_Save/Choose_Sales_Org/CA_Object"), CONTINUE_ON_FAILURE)

2019-01-18 20:17:02 - [MESSAGE][NOT_RUN] - NOT_RUN: click(findTestObject("TF_Customer_Create/4_Create_Objects_And_Save/Choose_Sales_Org/CA_Object"), CONTINUE_ON_FAILURE)

2019-01-18 20:17:02 - [TEST_STEP][PASSED] - delay(2): Delayed 2 second(s)

2019-01-18 20:17:04 - [MESSAGE][PASSED] - Delayed 2 second(s)

2019-01-18 20:17:04 - [TEST_STEP][PASSED] - click(findTestObject("TF_Customer_Create/3_Common_Action_Buttons/Click_Apply_Button/td_Apply")): Object: 'Object Repository/TF_Customer_Create/3_Common_Action_Buttons/Click_Apply_Button/td_Apply' is clicked on

2019-01-18 20:17:04 - [MESSAGE][PASSED] - Object: 'Object Repository/TF_Customer_Create/3_Common_Action_Buttons/Click_Apply_Button/td_Apply' is clicked on

2019-01-18 20:17:04 - [TEST_STEP][PASSED] - delay(2): Delayed 2 second(s)

2019-01-18 20:17:06 - [MESSAGE][PASSED] - Delayed 2 second(s)

2019-01-18 20:17:06 - [TEST_STEP][PASSED] - click(findTestObject("TF_Customer_Create/3_Common_Action_Buttons/Click_Save_Button/btn_Save")): Object: 'Object Repository/TF_Customer_Create/3_Common_Action_Buttons/Click_Save_Button/btn_Save' is clicked on

2019-01-18 20:17:06 - [MESSAGE][PASSED] - Object: 'Object Repository/TF_Customer_Create/3_Common_Action_Buttons/Click_Save_Button/btn_Save' is clicked on

2019-01-18 20:17:06 - [TEST_STEP][PASSED] - delay(2): Delayed 2 second(s)

2019-01-18 20:17:08 - [MESSAGE][PASSED] - Delayed 2 second(s)

2019-01-18 20:17:08 - [TEST_STEP][NOT_RUN] - verifyElementText(findTestObject("TF_Customer_Create/3_Common_Action_Buttons/Verify_Success_Message/Success_Message"), "Record has been saved successfully.", CONTINUE_ON_FAILURE): NOT_RUN: verifyElementText(findTestObject("TF_Customer_Create/3_Common_Action_Buttons/Verify_Success_Message/Success_Message"), "Record has been saved successfully.", CONTINUE_ON_FAILURE)

2019-01-18 20:17:08 - [MESSAGE][NOT_RUN] - NOT_RUN: verifyElementText(findTestObject("TF_Customer_Create/3_Common_Action_Buttons/Verify_Success_Message/Success_Message"), "Record has been saved successfully.", CONTINUE_ON_FAILURE)

2019-01-18 20:17:08 - [TEST_STEP][NOT_RUN] - click(findTestObject("TF_Customer_Create/3_Common_Action_Buttons/Click_Data_Tab/span_Data_Tab")): NOT_RUN: click(findTestObject("TF_Customer_Create/3_Common_Action_Buttons/Click_Data_Tab/span_Data_Tab"))

2019-01-18 20:17:08 - [MESSAGE][NOT_RUN] - NOT_RUN: click(findTestObject("TF_Customer_Create/3_Common_Action_Buttons/Click_Data_Tab/span_Data_Tab"))

2019-01-18 20:17:08 - [TEST_STEP][NOT_RUN] - delay(1): NOT_RUN: delay(1)

2019-01-18 20:17:08 - [MESSAGE][NOT_RUN] - NOT_RUN: delay(1)

2019-01-18 20:17:08 - [TEST_STEP][NOT_RUN] - click(findTestObject("TF_Customer_Create/3_Common_Action_Buttons/Click_Close_Button/btn_Close")): NOT_RUN: click(findTestObject("TF_Customer_Create/3_Common_Action_Buttons/Click_Close_Button/btn_Close"))

2019-01-18 20:17:08 - [MESSAGE][NOT_RUN] - NOT_RUN: click(findTestObject("TF_Customer_Create/3_Common_Action_Buttons/Click_Close_Button/btn_Close"))

2019-01-18 20:17:08 - [TEST_STEP][NOT_RUN] - delay(2): NOT_RUN: delay(2)

2019-01-18 20:17:08 - [MESSAGE][NOT_RUN] - NOT_RUN: delay(2)

2019-01-18 20:17:08 - [TEST_STEP][NOT_RUN] - vrfy_PLA = com.oracledb.regressiontest.verifyPLA(ora_connt, ora_usr, ora_psswrd, ora_schema, plaAcctName): NOT_RUN: vrfy_PLA = com.oracledb.regressiontest.verifyPLA(ora_connt, ora_usr, ora_psswrd, ora_schema, plaAcctName)

2019-01-18 20:17:08 - [MESSAGE][NOT_RUN] - NOT_RUN: vrfy_PLA = com.oracledb.regressiontest.verifyPLA(ora_connt, ora_usr, ora_psswrd, ora_schema, plaAcctName)

2019-01-18 20:17:08 - [TEST_STEP][NOT_RUN] - println("Planning Account Name"): NOT_RUN: println("Planning Account Name")

2019-01-18 20:17:08 - [MESSAGE][NOT_RUN] - NOT_RUN: println("Planning Account Name")

2019-01-18 20:17:08 - [TEST_STEP][NOT_RUN] - verifyEqual(PLANNING_ACCOUNT_NAME, plaAcctName): NOT_RUN: verifyEqual(PLANNING_ACCOUNT_NAME, plaAcctName)

2019-01-18 20:17:08 - [MESSAGE][NOT_RUN] - NOT_RUN: verifyEqual(PLANNING_ACCOUNT_NAME, plaAcctName)]]></system-out>
         <system-err><![CDATA[]]></system-err>
      </testcase>
      <testcase name="Test Cases/Regression_TF_Customer/Create_Record/TC_13_Create_LDI_Vendor_Site" classname="Test Cases/Regression_TF_Customer/Create_Record/TC_13_Create_LDI_Vendor_Site" status="PASSED">
         <system-out><![CDATA[2019-01-18 20:17:08 - [TEST_CASE][PASSED] - Test Cases/Regression_TF_Customer/Create_Record/TC_13_Create_LDI_Vendor_Site: Test Cases/Regression_TF_Customer/Create_Record/TC_13_Create_LDI_Vendor_Site

2019-01-18 20:17:08 - [TEST_STEP][PASSED] - waitForPageLoad(G_Timeout): Wait for page load successfully

2019-01-18 20:17:08 - [MESSAGE][PASSED] - Wait for page load successfully

2019-01-18 20:17:08 - [TEST_STEP][PASSED] - mouseOver(findTestObject("TF_Customer_Create/1_Menu_Navigation_To_Open_All_Pages/0_Menu_Create_In_Data_View")): Object: 'Object Repository/TF_Customer_Create/1_Menu_Navigation_To_Open_All_Pages/0_Menu_Create_In_Data_View' is hovered

2019-01-18 20:17:08 - [MESSAGE][PASSED] - Object: 'Object Repository/TF_Customer_Create/1_Menu_Navigation_To_Open_All_Pages/0_Menu_Create_In_Data_View' is hovered

2019-01-18 20:17:08 - [TEST_STEP][PASSED] - waitForPageLoad(G_Timeout): Wait for page load successfully

2019-01-18 20:17:08 - [MESSAGE][PASSED] - Wait for page load successfully

2019-01-18 20:17:08 - [TEST_STEP][PASSED] - mouseOver(findTestObject("TF_Customer_Create/1_Menu_Navigation_To_Open_All_Pages/1_Menu_Create_Master_Data")): Object: 'Object Repository/TF_Customer_Create/1_Menu_Navigation_To_Open_All_Pages/1_Menu_Create_Master_Data' is hovered

2019-01-18 20:17:08 - [MESSAGE][PASSED] - Object: 'Object Repository/TF_Customer_Create/1_Menu_Navigation_To_Open_All_Pages/1_Menu_Create_Master_Data' is hovered

2019-01-18 20:17:08 - [TEST_STEP][PASSED] - waitForPageLoad(G_Timeout): Wait for page load successfully

2019-01-18 20:17:09 - [MESSAGE][PASSED] - Wait for page load successfully

2019-01-18 20:17:09 - [TEST_STEP][PASSED] - mouseOver(findTestObject("TF_Customer_Create/1_Menu_Navigation_To_Open_All_Pages/3_Planning_Account_Hoverover_Option")): Object: 'Object Repository/TF_Customer_Create/1_Menu_Navigation_To_Open_All_Pages/3_Planning_Account_Hoverover_Option' is hovered

2019-01-18 20:17:09 - [MESSAGE][PASSED] - Object: 'Object Repository/TF_Customer_Create/1_Menu_Navigation_To_Open_All_Pages/3_Planning_Account_Hoverover_Option' is hovered

2019-01-18 20:17:09 - [TEST_STEP][PASSED] - waitForPageLoad(G_Timeout): Wait for page load successfully

2019-01-18 20:17:09 - [MESSAGE][PASSED] - Wait for page load successfully

2019-01-18 20:17:09 - [TEST_STEP][PASSED] - click(findTestObject("TF_Customer_Create/2_Select_Menu_Options(All)/13_LDI_Vendor_Site")): Object: 'Object Repository/TF_Customer_Create/2_Select_Menu_Options(All)/13_LDI_Vendor_Site' is clicked on

2019-01-18 20:17:09 - [MESSAGE][PASSED] - Object: 'Object Repository/TF_Customer_Create/2_Select_Menu_Options(All)/13_LDI_Vendor_Site' is clicked on

2019-01-18 20:17:09 - [TEST_STEP][PASSED] - waitForPageLoad(G_Timeout): Wait for page load successfully

2019-01-18 20:17:09 - [MESSAGE][PASSED] - Wait for page load successfully

2019-01-18 20:17:09 - [TEST_STEP][PASSED] - delay(3): Delayed 3 second(s)

2019-01-18 20:17:12 - [MESSAGE][PASSED] - Delayed 3 second(s)

2019-01-18 20:17:12 - [TEST_STEP][PASSED] - vndSiteName = com.oracledb.regressiontest.genName(15): com.oracledb.regressiontest.genName is PASSED

2019-01-18 20:17:12 - [MESSAGE][PASSED] - com.oracledb.regressiontest.genName is PASSED

2019-01-18 20:17:12 - [TEST_STEP][PASSED] - vndSiteNumber = com.oracledb.regressiontest.genName(12): com.oracledb.regressiontest.genName is PASSED

2019-01-18 20:17:12 - [MESSAGE][PASSED] - com.oracledb.regressiontest.genName is PASSED

2019-01-18 20:17:12 - [TEST_STEP][PASSED] - vndSiteCd = com.oracledb.regressiontest.genName(10): com.oracledb.regressiontest.genName is PASSED

2019-01-18 20:17:12 - [MESSAGE][PASSED] - com.oracledb.regressiontest.genName is PASSED

2019-01-18 20:17:12 - [TEST_STEP][PASSED] - vndSiteCity = com.oracledb.regressiontest.genName(8): com.oracledb.regressiontest.genName is PASSED

2019-01-18 20:17:12 - [MESSAGE][PASSED] - com.oracledb.regressiontest.genName is PASSED

2019-01-18 20:17:12 - [TEST_STEP][PASSED] - vndSitePtlCd = com.oracledb.regressiontest.genName(6): com.oracledb.regressiontest.genName is PASSED

2019-01-18 20:17:12 - [MESSAGE][PASSED] - com.oracledb.regressiontest.genName is PASSED

2019-01-18 20:17:12 - [TEST_STEP][PASSED] - setText(findTestObject("TF_Customer_Create/4_Create_Objects_And_Save/13_Create_LDI_Vendor_Site/Input_Vendor_Site_Name/input_Vendor_Site_Nm"), vndSiteName): Text 'SS6P6LQM70MT0BD' is set on object 'Object Repository/TF_Customer_Create/4_Create_Objects_And_Save/13_Create_LDI_Vendor_Site/Input_Vendor_Site_Name/input_Vendor_Site_Nm'

2019-01-18 20:17:12 - [MESSAGE][PASSED] - Text 'SS6P6LQM70MT0BD' is set on object 'Object Repository/TF_Customer_Create/4_Create_Objects_And_Save/13_Create_LDI_Vendor_Site/Input_Vendor_Site_Name/input_Vendor_Site_Nm'

2019-01-18 20:17:12 - [TEST_STEP][PASSED] - setText(findTestObject("TF_Customer_Create/4_Create_Objects_And_Save/13_Create_LDI_Vendor_Site/Input_Vendor_Site_Name/input_Vendor_Site_Number"), vndSiteNumber): Text 'C4S2GWBP2W0W' is set on object 'Object Repository/TF_Customer_Create/4_Create_Objects_And_Save/13_Create_LDI_Vendor_Site/Input_Vendor_Site_Name/input_Vendor_Site_Number'

2019-01-18 20:17:13 - [MESSAGE][PASSED] - Text 'C4S2GWBP2W0W' is set on object 'Object Repository/TF_Customer_Create/4_Create_Objects_And_Save/13_Create_LDI_Vendor_Site/Input_Vendor_Site_Name/input_Vendor_Site_Number'

2019-01-18 20:17:13 - [TEST_STEP][PASSED] - setText(findTestObject("TF_Customer_Create/4_Create_Objects_And_Save/13_Create_LDI_Vendor_Site/Input_Vendor_Site_Name/input_Vendor_Site_Cd"), vndSiteCd): Text 'XT2MXF36VW' is set on object 'Object Repository/TF_Customer_Create/4_Create_Objects_And_Save/13_Create_LDI_Vendor_Site/Input_Vendor_Site_Name/input_Vendor_Site_Cd'

2019-01-18 20:17:13 - [MESSAGE][PASSED] - Text 'XT2MXF36VW' is set on object 'Object Repository/TF_Customer_Create/4_Create_Objects_And_Save/13_Create_LDI_Vendor_Site/Input_Vendor_Site_Name/input_Vendor_Site_Cd'

2019-01-18 20:17:13 - [TEST_STEP][PASSED] - setText(findTestObject("TF_Customer_Create/4_Create_Objects_And_Save/13_Create_LDI_Vendor_Site/Input_Vendor_Site_Name/input_Vendor_Site_City"), vndSiteCity): Text 'CNTKN171' is set on object 'Object Repository/TF_Customer_Create/4_Create_Objects_And_Save/13_Create_LDI_Vendor_Site/Input_Vendor_Site_Name/input_Vendor_Site_City'

2019-01-18 20:17:13 - [MESSAGE][PASSED] - Text 'CNTKN171' is set on object 'Object Repository/TF_Customer_Create/4_Create_Objects_And_Save/13_Create_LDI_Vendor_Site/Input_Vendor_Site_Name/input_Vendor_Site_City'

2019-01-18 20:17:13 - [TEST_STEP][PASSED] - setText(findTestObject("TF_Customer_Create/4_Create_Objects_And_Save/13_Create_LDI_Vendor_Site/Input_Vendor_Site_Name/input_Vendor_Site_Postal_Code"), vndSitePtlCd): Text 'RJFBKG' is set on object 'Object Repository/TF_Customer_Create/4_Create_Objects_And_Save/13_Create_LDI_Vendor_Site/Input_Vendor_Site_Name/input_Vendor_Site_Postal_Code'

2019-01-18 20:17:13 - [MESSAGE][PASSED] - Text 'RJFBKG' is set on object 'Object Repository/TF_Customer_Create/4_Create_Objects_And_Save/13_Create_LDI_Vendor_Site/Input_Vendor_Site_Name/input_Vendor_Site_Postal_Code'

2019-01-18 20:17:13 - [TEST_STEP][NOT_RUN] - setText(findTestObject("TF_Customer_Create/4_Create_Objects_And_Save/Set_Effective_Dates/input_Effective_End_Date"), input_Eff_End_Dt): NOT_RUN: setText(findTestObject("TF_Customer_Create/4_Create_Objects_And_Save/Set_Effective_Dates/input_Effective_End_Date"), input_Eff_End_Dt)

2019-01-18 20:17:13 - [MESSAGE][NOT_RUN] - NOT_RUN: setText(findTestObject("TF_Customer_Create/4_Create_Objects_And_Save/Set_Effective_Dates/input_Effective_End_Date"), input_Eff_End_Dt)

2019-01-18 20:17:13 - [TEST_STEP][PASSED] - delay(2): Delayed 2 second(s)

2019-01-18 20:17:15 - [MESSAGE][PASSED] - Delayed 2 second(s)

2019-01-18 20:17:15 - [TEST_STEP][PASSED] - click(findTestObject("TF_Customer_Create/3_Common_Action_Buttons/Click_Data_Tab/span_Data_Tab")): Object: 'Object Repository/TF_Customer_Create/3_Common_Action_Buttons/Click_Data_Tab/span_Data_Tab' is clicked on

2019-01-18 20:17:15 - [MESSAGE][PASSED] - Object: 'Object Repository/TF_Customer_Create/3_Common_Action_Buttons/Click_Data_Tab/span_Data_Tab' is clicked on

2019-01-18 20:17:15 - [TEST_STEP][NOT_RUN] - click(findTestObject("TF_Customer_Create/4_Create_Objects_And_Save/Choose_Sales_Org/Click_Sales_Org_DD"), CONTINUE_ON_FAILURE): NOT_RUN: click(findTestObject("TF_Customer_Create/4_Create_Objects_And_Save/Choose_Sales_Org/Click_Sales_Org_DD"), CONTINUE_ON_FAILURE)

2019-01-18 20:17:15 - [MESSAGE][NOT_RUN] - NOT_RUN: click(findTestObject("TF_Customer_Create/4_Create_Objects_And_Save/Choose_Sales_Org/Click_Sales_Org_DD"), CONTINUE_ON_FAILURE)

2019-01-18 20:17:15 - [TEST_STEP][NOT_RUN] - click(findTestObject("TF_Customer_Create/4_Create_Objects_And_Save/Choose_Sales_Org/CA_Object"), CONTINUE_ON_FAILURE): NOT_RUN: click(findTestObject("TF_Customer_Create/4_Create_Objects_And_Save/Choose_Sales_Org/CA_Object"), CONTINUE_ON_FAILURE)

2019-01-18 20:17:15 - [MESSAGE][NOT_RUN] - NOT_RUN: click(findTestObject("TF_Customer_Create/4_Create_Objects_And_Save/Choose_Sales_Org/CA_Object"), CONTINUE_ON_FAILURE)

2019-01-18 20:17:15 - [TEST_STEP][PASSED] - delay(2): Delayed 2 second(s)

2019-01-18 20:17:17 - [MESSAGE][PASSED] - Delayed 2 second(s)

2019-01-18 20:17:17 - [TEST_STEP][PASSED] - click(findTestObject("TF_Customer_Create/3_Common_Action_Buttons/Click_Apply_Button/td_Apply")): Object: 'Object Repository/TF_Customer_Create/3_Common_Action_Buttons/Click_Apply_Button/td_Apply' is clicked on

2019-01-18 20:17:17 - [MESSAGE][PASSED] - Object: 'Object Repository/TF_Customer_Create/3_Common_Action_Buttons/Click_Apply_Button/td_Apply' is clicked on

2019-01-18 20:17:17 - [TEST_STEP][PASSED] - delay(2): Delayed 2 second(s)

2019-01-18 20:17:19 - [MESSAGE][PASSED] - Delayed 2 second(s)

2019-01-18 20:17:19 - [TEST_STEP][PASSED] - click(findTestObject("TF_Customer_Create/3_Common_Action_Buttons/Click_Save_Button/btn_Save")): Object: 'Object Repository/TF_Customer_Create/3_Common_Action_Buttons/Click_Save_Button/btn_Save' is clicked on

2019-01-18 20:17:19 - [MESSAGE][PASSED] - Object: 'Object Repository/TF_Customer_Create/3_Common_Action_Buttons/Click_Save_Button/btn_Save' is clicked on

2019-01-18 20:17:19 - [TEST_STEP][PASSED] - delay(2): Delayed 2 second(s)

2019-01-18 20:17:21 - [MESSAGE][PASSED] - Delayed 2 second(s)

2019-01-18 20:17:21 - [TEST_STEP][NOT_RUN] - verifyElementText(findTestObject("TF_Customer_Create/3_Common_Action_Buttons/Verify_Success_Message/Success_Message"), "Record has been saved successfully.", CONTINUE_ON_FAILURE): NOT_RUN: verifyElementText(findTestObject("TF_Customer_Create/3_Common_Action_Buttons/Verify_Success_Message/Success_Message"), "Record has been saved successfully.", CONTINUE_ON_FAILURE)

2019-01-18 20:17:21 - [MESSAGE][NOT_RUN] - NOT_RUN: verifyElementText(findTestObject("TF_Customer_Create/3_Common_Action_Buttons/Verify_Success_Message/Success_Message"), "Record has been saved successfully.", CONTINUE_ON_FAILURE)

2019-01-18 20:17:21 - [TEST_STEP][NOT_RUN] - click(findTestObject("TF_Customer_Create/3_Common_Action_Buttons/Click_Data_Tab/span_Data_Tab")): NOT_RUN: click(findTestObject("TF_Customer_Create/3_Common_Action_Buttons/Click_Data_Tab/span_Data_Tab"))

2019-01-18 20:17:21 - [MESSAGE][NOT_RUN] - NOT_RUN: click(findTestObject("TF_Customer_Create/3_Common_Action_Buttons/Click_Data_Tab/span_Data_Tab"))

2019-01-18 20:17:21 - [TEST_STEP][NOT_RUN] - delay(1): NOT_RUN: delay(1)

2019-01-18 20:17:21 - [MESSAGE][NOT_RUN] - NOT_RUN: delay(1)

2019-01-18 20:17:21 - [TEST_STEP][NOT_RUN] - click(findTestObject("TF_Customer_Create/3_Common_Action_Buttons/Click_Close_Button/btn_Close")): NOT_RUN: click(findTestObject("TF_Customer_Create/3_Common_Action_Buttons/Click_Close_Button/btn_Close"))

2019-01-18 20:17:21 - [MESSAGE][NOT_RUN] - NOT_RUN: click(findTestObject("TF_Customer_Create/3_Common_Action_Buttons/Click_Close_Button/btn_Close"))

2019-01-18 20:17:21 - [TEST_STEP][NOT_RUN] - delay(2): NOT_RUN: delay(2)

2019-01-18 20:17:21 - [MESSAGE][NOT_RUN] - NOT_RUN: delay(2)

2019-01-18 20:17:21 - [TEST_STEP][NOT_RUN] - vrfy_PLA = com.oracledb.regressiontest.verifyPLA(ora_connt, ora_usr, ora_psswrd, ora_schema, plaAcctName): NOT_RUN: vrfy_PLA = com.oracledb.regressiontest.verifyPLA(ora_connt, ora_usr, ora_psswrd, ora_schema, plaAcctName)

2019-01-18 20:17:21 - [MESSAGE][NOT_RUN] - NOT_RUN: vrfy_PLA = com.oracledb.regressiontest.verifyPLA(ora_connt, ora_usr, ora_psswrd, ora_schema, plaAcctName)

2019-01-18 20:17:21 - [TEST_STEP][NOT_RUN] - println("Planning Account Name"): NOT_RUN: println("Planning Account Name")

2019-01-18 20:17:21 - [MESSAGE][NOT_RUN] - NOT_RUN: println("Planning Account Name")

2019-01-18 20:17:21 - [TEST_STEP][NOT_RUN] - verifyEqual(PLANNING_ACCOUNT_NAME, plaAcctName): NOT_RUN: verifyEqual(PLANNING_ACCOUNT_NAME, plaAcctName)

2019-01-18 20:17:21 - [MESSAGE][NOT_RUN] - NOT_RUN: verifyEqual(PLANNING_ACCOUNT_NAME, plaAcctName)]]></system-out>
         <system-err><![CDATA[]]></system-err>
      </testcase>
      <testcase name="Test Cases/Regression_TF_Customer/Create_Record/TC_13_Create_LDI_Vendor_Site" classname="Test Cases/Regression_TF_Customer/Create_Record/TC_13_Create_LDI_Vendor_Site" status="PASSED">
         <system-out><![CDATA[2019-01-18 20:17:21 - [TEST_CASE][PASSED] - Test Cases/Regression_TF_Customer/Create_Record/TC_13_Create_LDI_Vendor_Site: Test Cases/Regression_TF_Customer/Create_Record/TC_13_Create_LDI_Vendor_Site

2019-01-18 20:17:21 - [TEST_STEP][PASSED] - waitForPageLoad(G_Timeout): Wait for page load successfully

2019-01-18 20:17:21 - [MESSAGE][PASSED] - Wait for page load successfully

2019-01-18 20:17:21 - [TEST_STEP][PASSED] - mouseOver(findTestObject("TF_Customer_Create/1_Menu_Navigation_To_Open_All_Pages/0_Menu_Create_In_Data_View")): Object: 'Object Repository/TF_Customer_Create/1_Menu_Navigation_To_Open_All_Pages/0_Menu_Create_In_Data_View' is hovered

2019-01-18 20:17:22 - [MESSAGE][PASSED] - Object: 'Object Repository/TF_Customer_Create/1_Menu_Navigation_To_Open_All_Pages/0_Menu_Create_In_Data_View' is hovered

2019-01-18 20:17:22 - [TEST_STEP][PASSED] - waitForPageLoad(G_Timeout): Wait for page load successfully

2019-01-18 20:17:22 - [MESSAGE][PASSED] - Wait for page load successfully

2019-01-18 20:17:22 - [TEST_STEP][PASSED] - mouseOver(findTestObject("TF_Customer_Create/1_Menu_Navigation_To_Open_All_Pages/1_Menu_Create_Master_Data")): Object: 'Object Repository/TF_Customer_Create/1_Menu_Navigation_To_Open_All_Pages/1_Menu_Create_Master_Data' is hovered

2019-01-18 20:17:22 - [MESSAGE][PASSED] - Object: 'Object Repository/TF_Customer_Create/1_Menu_Navigation_To_Open_All_Pages/1_Menu_Create_Master_Data' is hovered

2019-01-18 20:17:22 - [TEST_STEP][PASSED] - waitForPageLoad(G_Timeout): Wait for page load successfully

2019-01-18 20:17:22 - [MESSAGE][PASSED] - Wait for page load successfully

2019-01-18 20:17:22 - [TEST_STEP][PASSED] - mouseOver(findTestObject("TF_Customer_Create/1_Menu_Navigation_To_Open_All_Pages/3_Planning_Account_Hoverover_Option")): Object: 'Object Repository/TF_Customer_Create/1_Menu_Navigation_To_Open_All_Pages/3_Planning_Account_Hoverover_Option' is hovered

2019-01-18 20:17:22 - [MESSAGE][PASSED] - Object: 'Object Repository/TF_Customer_Create/1_Menu_Navigation_To_Open_All_Pages/3_Planning_Account_Hoverover_Option' is hovered

2019-01-18 20:17:22 - [TEST_STEP][PASSED] - waitForPageLoad(G_Timeout): Wait for page load successfully

2019-01-18 20:17:22 - [MESSAGE][PASSED] - Wait for page load successfully

2019-01-18 20:17:22 - [TEST_STEP][PASSED] - click(findTestObject("TF_Customer_Create/2_Select_Menu_Options(All)/13_LDI_Vendor_Site")): Object: 'Object Repository/TF_Customer_Create/2_Select_Menu_Options(All)/13_LDI_Vendor_Site' is clicked on

2019-01-18 20:17:22 - [MESSAGE][PASSED] - Object: 'Object Repository/TF_Customer_Create/2_Select_Menu_Options(All)/13_LDI_Vendor_Site' is clicked on

2019-01-18 20:17:22 - [TEST_STEP][PASSED] - waitForPageLoad(G_Timeout): Wait for page load successfully

2019-01-18 20:17:22 - [MESSAGE][PASSED] - Wait for page load successfully

2019-01-18 20:17:22 - [TEST_STEP][PASSED] - delay(3): Delayed 3 second(s)

2019-01-18 20:17:25 - [MESSAGE][PASSED] - Delayed 3 second(s)

2019-01-18 20:17:25 - [TEST_STEP][PASSED] - vndSiteName = com.oracledb.regressiontest.genName(15): com.oracledb.regressiontest.genName is PASSED

2019-01-18 20:17:25 - [MESSAGE][PASSED] - com.oracledb.regressiontest.genName is PASSED

2019-01-18 20:17:25 - [TEST_STEP][PASSED] - vndSiteNumber = com.oracledb.regressiontest.genName(12): com.oracledb.regressiontest.genName is PASSED

2019-01-18 20:17:25 - [MESSAGE][PASSED] - com.oracledb.regressiontest.genName is PASSED

2019-01-18 20:17:25 - [TEST_STEP][PASSED] - vndSiteCd = com.oracledb.regressiontest.genName(10): com.oracledb.regressiontest.genName is PASSED

2019-01-18 20:17:25 - [MESSAGE][PASSED] - com.oracledb.regressiontest.genName is PASSED

2019-01-18 20:17:25 - [TEST_STEP][PASSED] - vndSiteCity = com.oracledb.regressiontest.genName(8): com.oracledb.regressiontest.genName is PASSED

2019-01-18 20:17:25 - [MESSAGE][PASSED] - com.oracledb.regressiontest.genName is PASSED

2019-01-18 20:17:25 - [TEST_STEP][PASSED] - vndSitePtlCd = com.oracledb.regressiontest.genName(6): com.oracledb.regressiontest.genName is PASSED

2019-01-18 20:17:25 - [MESSAGE][PASSED] - com.oracledb.regressiontest.genName is PASSED

2019-01-18 20:17:25 - [TEST_STEP][PASSED] - setText(findTestObject("TF_Customer_Create/4_Create_Objects_And_Save/13_Create_LDI_Vendor_Site/Input_Vendor_Site_Name/input_Vendor_Site_Nm"), vndSiteName): Text 'HRLW2P1WO8040G2' is set on object 'Object Repository/TF_Customer_Create/4_Create_Objects_And_Save/13_Create_LDI_Vendor_Site/Input_Vendor_Site_Name/input_Vendor_Site_Nm'

2019-01-18 20:17:25 - [MESSAGE][PASSED] - Text 'HRLW2P1WO8040G2' is set on object 'Object Repository/TF_Customer_Create/4_Create_Objects_And_Save/13_Create_LDI_Vendor_Site/Input_Vendor_Site_Name/input_Vendor_Site_Nm'

2019-01-18 20:17:25 - [TEST_STEP][PASSED] - setText(findTestObject("TF_Customer_Create/4_Create_Objects_And_Save/13_Create_LDI_Vendor_Site/Input_Vendor_Site_Name/input_Vendor_Site_Number"), vndSiteNumber): Text '2QJ41M2O9ZSR' is set on object 'Object Repository/TF_Customer_Create/4_Create_Objects_And_Save/13_Create_LDI_Vendor_Site/Input_Vendor_Site_Name/input_Vendor_Site_Number'

2019-01-18 20:17:26 - [MESSAGE][PASSED] - Text '2QJ41M2O9ZSR' is set on object 'Object Repository/TF_Customer_Create/4_Create_Objects_And_Save/13_Create_LDI_Vendor_Site/Input_Vendor_Site_Name/input_Vendor_Site_Number'

2019-01-18 20:17:26 - [TEST_STEP][PASSED] - setText(findTestObject("TF_Customer_Create/4_Create_Objects_And_Save/13_Create_LDI_Vendor_Site/Input_Vendor_Site_Name/input_Vendor_Site_Cd"), vndSiteCd): Text 'WXM7WQGVUT' is set on object 'Object Repository/TF_Customer_Create/4_Create_Objects_And_Save/13_Create_LDI_Vendor_Site/Input_Vendor_Site_Name/input_Vendor_Site_Cd'

2019-01-18 20:17:26 - [MESSAGE][PASSED] - Text 'WXM7WQGVUT' is set on object 'Object Repository/TF_Customer_Create/4_Create_Objects_And_Save/13_Create_LDI_Vendor_Site/Input_Vendor_Site_Name/input_Vendor_Site_Cd'

2019-01-18 20:17:26 - [TEST_STEP][PASSED] - setText(findTestObject("TF_Customer_Create/4_Create_Objects_And_Save/13_Create_LDI_Vendor_Site/Input_Vendor_Site_Name/input_Vendor_Site_City"), vndSiteCity): Text 'XN55IS6V' is set on object 'Object Repository/TF_Customer_Create/4_Create_Objects_And_Save/13_Create_LDI_Vendor_Site/Input_Vendor_Site_Name/input_Vendor_Site_City'

2019-01-18 20:17:26 - [MESSAGE][PASSED] - Text 'XN55IS6V' is set on object 'Object Repository/TF_Customer_Create/4_Create_Objects_And_Save/13_Create_LDI_Vendor_Site/Input_Vendor_Site_Name/input_Vendor_Site_City'

2019-01-18 20:17:26 - [TEST_STEP][PASSED] - setText(findTestObject("TF_Customer_Create/4_Create_Objects_And_Save/13_Create_LDI_Vendor_Site/Input_Vendor_Site_Name/input_Vendor_Site_Postal_Code"), vndSitePtlCd): Text 'AN4E4O' is set on object 'Object Repository/TF_Customer_Create/4_Create_Objects_And_Save/13_Create_LDI_Vendor_Site/Input_Vendor_Site_Name/input_Vendor_Site_Postal_Code'

2019-01-18 20:17:26 - [MESSAGE][PASSED] - Text 'AN4E4O' is set on object 'Object Repository/TF_Customer_Create/4_Create_Objects_And_Save/13_Create_LDI_Vendor_Site/Input_Vendor_Site_Name/input_Vendor_Site_Postal_Code'

2019-01-18 20:17:26 - [TEST_STEP][NOT_RUN] - setText(findTestObject("TF_Customer_Create/4_Create_Objects_And_Save/Set_Effective_Dates/input_Effective_End_Date"), input_Eff_End_Dt): NOT_RUN: setText(findTestObject("TF_Customer_Create/4_Create_Objects_And_Save/Set_Effective_Dates/input_Effective_End_Date"), input_Eff_End_Dt)

2019-01-18 20:17:26 - [MESSAGE][NOT_RUN] - NOT_RUN: setText(findTestObject("TF_Customer_Create/4_Create_Objects_And_Save/Set_Effective_Dates/input_Effective_End_Date"), input_Eff_End_Dt)

2019-01-18 20:17:26 - [TEST_STEP][PASSED] - delay(2): Delayed 2 second(s)

2019-01-18 20:17:28 - [MESSAGE][PASSED] - Delayed 2 second(s)

2019-01-18 20:17:28 - [TEST_STEP][PASSED] - click(findTestObject("TF_Customer_Create/3_Common_Action_Buttons/Click_Data_Tab/span_Data_Tab")): Object: 'Object Repository/TF_Customer_Create/3_Common_Action_Buttons/Click_Data_Tab/span_Data_Tab' is clicked on

2019-01-18 20:17:28 - [MESSAGE][PASSED] - Object: 'Object Repository/TF_Customer_Create/3_Common_Action_Buttons/Click_Data_Tab/span_Data_Tab' is clicked on

2019-01-18 20:17:28 - [TEST_STEP][NOT_RUN] - click(findTestObject("TF_Customer_Create/4_Create_Objects_And_Save/Choose_Sales_Org/Click_Sales_Org_DD"), CONTINUE_ON_FAILURE): NOT_RUN: click(findTestObject("TF_Customer_Create/4_Create_Objects_And_Save/Choose_Sales_Org/Click_Sales_Org_DD"), CONTINUE_ON_FAILURE)

2019-01-18 20:17:28 - [MESSAGE][NOT_RUN] - NOT_RUN: click(findTestObject("TF_Customer_Create/4_Create_Objects_And_Save/Choose_Sales_Org/Click_Sales_Org_DD"), CONTINUE_ON_FAILURE)

2019-01-18 20:17:28 - [TEST_STEP][NOT_RUN] - click(findTestObject("TF_Customer_Create/4_Create_Objects_And_Save/Choose_Sales_Org/CA_Object"), CONTINUE_ON_FAILURE): NOT_RUN: click(findTestObject("TF_Customer_Create/4_Create_Objects_And_Save/Choose_Sales_Org/CA_Object"), CONTINUE_ON_FAILURE)

2019-01-18 20:17:28 - [MESSAGE][NOT_RUN] - NOT_RUN: click(findTestObject("TF_Customer_Create/4_Create_Objects_And_Save/Choose_Sales_Org/CA_Object"), CONTINUE_ON_FAILURE)

2019-01-18 20:17:28 - [TEST_STEP][PASSED] - delay(2): Delayed 2 second(s)

2019-01-18 20:17:30 - [MESSAGE][PASSED] - Delayed 2 second(s)

2019-01-18 20:17:30 - [TEST_STEP][PASSED] - click(findTestObject("TF_Customer_Create/3_Common_Action_Buttons/Click_Apply_Button/td_Apply")): Object: 'Object Repository/TF_Customer_Create/3_Common_Action_Buttons/Click_Apply_Button/td_Apply' is clicked on

2019-01-18 20:17:30 - [MESSAGE][PASSED] - Object: 'Object Repository/TF_Customer_Create/3_Common_Action_Buttons/Click_Apply_Button/td_Apply' is clicked on

2019-01-18 20:17:30 - [TEST_STEP][PASSED] - delay(2): Delayed 2 second(s)

2019-01-18 20:17:32 - [MESSAGE][PASSED] - Delayed 2 second(s)

2019-01-18 20:17:32 - [TEST_STEP][PASSED] - click(findTestObject("TF_Customer_Create/3_Common_Action_Buttons/Click_Save_Button/btn_Save")): Object: 'Object Repository/TF_Customer_Create/3_Common_Action_Buttons/Click_Save_Button/btn_Save' is clicked on

2019-01-18 20:17:32 - [MESSAGE][PASSED] - Object: 'Object Repository/TF_Customer_Create/3_Common_Action_Buttons/Click_Save_Button/btn_Save' is clicked on

2019-01-18 20:17:32 - [TEST_STEP][PASSED] - delay(2): Delayed 2 second(s)

2019-01-18 20:17:34 - [MESSAGE][PASSED] - Delayed 2 second(s)

2019-01-18 20:17:34 - [TEST_STEP][NOT_RUN] - verifyElementText(findTestObject("TF_Customer_Create/3_Common_Action_Buttons/Verify_Success_Message/Success_Message"), "Record has been saved successfully.", CONTINUE_ON_FAILURE): NOT_RUN: verifyElementText(findTestObject("TF_Customer_Create/3_Common_Action_Buttons/Verify_Success_Message/Success_Message"), "Record has been saved successfully.", CONTINUE_ON_FAILURE)

2019-01-18 20:17:34 - [MESSAGE][NOT_RUN] - NOT_RUN: verifyElementText(findTestObject("TF_Customer_Create/3_Common_Action_Buttons/Verify_Success_Message/Success_Message"), "Record has been saved successfully.", CONTINUE_ON_FAILURE)

2019-01-18 20:17:34 - [TEST_STEP][NOT_RUN] - click(findTestObject("TF_Customer_Create/3_Common_Action_Buttons/Click_Data_Tab/span_Data_Tab")): NOT_RUN: click(findTestObject("TF_Customer_Create/3_Common_Action_Buttons/Click_Data_Tab/span_Data_Tab"))

2019-01-18 20:17:34 - [MESSAGE][NOT_RUN] - NOT_RUN: click(findTestObject("TF_Customer_Create/3_Common_Action_Buttons/Click_Data_Tab/span_Data_Tab"))

2019-01-18 20:17:34 - [TEST_STEP][NOT_RUN] - delay(1): NOT_RUN: delay(1)

2019-01-18 20:17:34 - [MESSAGE][NOT_RUN] - NOT_RUN: delay(1)

2019-01-18 20:17:34 - [TEST_STEP][NOT_RUN] - click(findTestObject("TF_Customer_Create/3_Common_Action_Buttons/Click_Close_Button/btn_Close")): NOT_RUN: click(findTestObject("TF_Customer_Create/3_Common_Action_Buttons/Click_Close_Button/btn_Close"))

2019-01-18 20:17:34 - [MESSAGE][NOT_RUN] - NOT_RUN: click(findTestObject("TF_Customer_Create/3_Common_Action_Buttons/Click_Close_Button/btn_Close"))

2019-01-18 20:17:34 - [TEST_STEP][NOT_RUN] - delay(2): NOT_RUN: delay(2)

2019-01-18 20:17:34 - [MESSAGE][NOT_RUN] - NOT_RUN: delay(2)

2019-01-18 20:17:34 - [TEST_STEP][NOT_RUN] - vrfy_PLA = com.oracledb.regressiontest.verifyPLA(ora_connt, ora_usr, ora_psswrd, ora_schema, plaAcctName): NOT_RUN: vrfy_PLA = com.oracledb.regressiontest.verifyPLA(ora_connt, ora_usr, ora_psswrd, ora_schema, plaAcctName)

2019-01-18 20:17:34 - [MESSAGE][NOT_RUN] - NOT_RUN: vrfy_PLA = com.oracledb.regressiontest.verifyPLA(ora_connt, ora_usr, ora_psswrd, ora_schema, plaAcctName)

2019-01-18 20:17:34 - [TEST_STEP][NOT_RUN] - println("Planning Account Name"): NOT_RUN: println("Planning Account Name")

2019-01-18 20:17:34 - [MESSAGE][NOT_RUN] - NOT_RUN: println("Planning Account Name")

2019-01-18 20:17:34 - [TEST_STEP][NOT_RUN] - verifyEqual(PLANNING_ACCOUNT_NAME, plaAcctName): NOT_RUN: verifyEqual(PLANNING_ACCOUNT_NAME, plaAcctName)

2019-01-18 20:17:34 - [MESSAGE][NOT_RUN] - NOT_RUN: verifyEqual(PLANNING_ACCOUNT_NAME, plaAcctName)]]></system-out>
         <system-err><![CDATA[]]></system-err>
      </testcase>
      <testcase name="Test Cases/Regression_TF_Customer/Create_Record/TC_13_Create_LDI_Vendor_Site" classname="Test Cases/Regression_TF_Customer/Create_Record/TC_13_Create_LDI_Vendor_Site" status="PASSED">
         <system-out><![CDATA[2019-01-18 20:17:34 - [TEST_CASE][PASSED] - Test Cases/Regression_TF_Customer/Create_Record/TC_13_Create_LDI_Vendor_Site: Test Cases/Regression_TF_Customer/Create_Record/TC_13_Create_LDI_Vendor_Site

2019-01-18 20:17:34 - [TEST_STEP][PASSED] - waitForPageLoad(G_Timeout): Wait for page load successfully

2019-01-18 20:17:34 - [MESSAGE][PASSED] - Wait for page load successfully

2019-01-18 20:17:34 - [TEST_STEP][PASSED] - mouseOver(findTestObject("TF_Customer_Create/1_Menu_Navigation_To_Open_All_Pages/0_Menu_Create_In_Data_View")): Object: 'Object Repository/TF_Customer_Create/1_Menu_Navigation_To_Open_All_Pages/0_Menu_Create_In_Data_View' is hovered

2019-01-18 20:17:34 - [MESSAGE][PASSED] - Object: 'Object Repository/TF_Customer_Create/1_Menu_Navigation_To_Open_All_Pages/0_Menu_Create_In_Data_View' is hovered

2019-01-18 20:17:34 - [TEST_STEP][PASSED] - waitForPageLoad(G_Timeout): Wait for page load successfully

2019-01-18 20:17:34 - [MESSAGE][PASSED] - Wait for page load successfully

2019-01-18 20:17:34 - [TEST_STEP][PASSED] - mouseOver(findTestObject("TF_Customer_Create/1_Menu_Navigation_To_Open_All_Pages/1_Menu_Create_Master_Data")): Object: 'Object Repository/TF_Customer_Create/1_Menu_Navigation_To_Open_All_Pages/1_Menu_Create_Master_Data' is hovered

2019-01-18 20:17:34 - [MESSAGE][PASSED] - Object: 'Object Repository/TF_Customer_Create/1_Menu_Navigation_To_Open_All_Pages/1_Menu_Create_Master_Data' is hovered

2019-01-18 20:17:34 - [TEST_STEP][PASSED] - waitForPageLoad(G_Timeout): Wait for page load successfully

2019-01-18 20:17:34 - [MESSAGE][PASSED] - Wait for page load successfully

2019-01-18 20:17:34 - [TEST_STEP][PASSED] - mouseOver(findTestObject("TF_Customer_Create/1_Menu_Navigation_To_Open_All_Pages/3_Planning_Account_Hoverover_Option")): Object: 'Object Repository/TF_Customer_Create/1_Menu_Navigation_To_Open_All_Pages/3_Planning_Account_Hoverover_Option' is hovered

2019-01-18 20:17:35 - [MESSAGE][PASSED] - Object: 'Object Repository/TF_Customer_Create/1_Menu_Navigation_To_Open_All_Pages/3_Planning_Account_Hoverover_Option' is hovered

2019-01-18 20:17:35 - [TEST_STEP][PASSED] - waitForPageLoad(G_Timeout): Wait for page load successfully

2019-01-18 20:17:35 - [MESSAGE][PASSED] - Wait for page load successfully

2019-01-18 20:17:35 - [TEST_STEP][PASSED] - click(findTestObject("TF_Customer_Create/2_Select_Menu_Options(All)/13_LDI_Vendor_Site")): Object: 'Object Repository/TF_Customer_Create/2_Select_Menu_Options(All)/13_LDI_Vendor_Site' is clicked on

2019-01-18 20:17:35 - [MESSAGE][PASSED] - Object: 'Object Repository/TF_Customer_Create/2_Select_Menu_Options(All)/13_LDI_Vendor_Site' is clicked on

2019-01-18 20:17:35 - [TEST_STEP][PASSED] - waitForPageLoad(G_Timeout): Wait for page load successfully

2019-01-18 20:17:35 - [MESSAGE][PASSED] - Wait for page load successfully

2019-01-18 20:17:35 - [TEST_STEP][PASSED] - delay(3): Delayed 3 second(s)

2019-01-18 20:17:38 - [MESSAGE][PASSED] - Delayed 3 second(s)

2019-01-18 20:17:38 - [TEST_STEP][PASSED] - vndSiteName = com.oracledb.regressiontest.genName(15): com.oracledb.regressiontest.genName is PASSED

2019-01-18 20:17:38 - [MESSAGE][PASSED] - com.oracledb.regressiontest.genName is PASSED

2019-01-18 20:17:38 - [TEST_STEP][PASSED] - vndSiteNumber = com.oracledb.regressiontest.genName(12): com.oracledb.regressiontest.genName is PASSED

2019-01-18 20:17:38 - [MESSAGE][PASSED] - com.oracledb.regressiontest.genName is PASSED

2019-01-18 20:17:38 - [TEST_STEP][PASSED] - vndSiteCd = com.oracledb.regressiontest.genName(10): com.oracledb.regressiontest.genName is PASSED

2019-01-18 20:17:38 - [MESSAGE][PASSED] - com.oracledb.regressiontest.genName is PASSED

2019-01-18 20:17:38 - [TEST_STEP][PASSED] - vndSiteCity = com.oracledb.regressiontest.genName(8): com.oracledb.regressiontest.genName is PASSED

2019-01-18 20:17:38 - [MESSAGE][PASSED] - com.oracledb.regressiontest.genName is PASSED

2019-01-18 20:17:38 - [TEST_STEP][PASSED] - vndSitePtlCd = com.oracledb.regressiontest.genName(6): com.oracledb.regressiontest.genName is PASSED

2019-01-18 20:17:38 - [MESSAGE][PASSED] - com.oracledb.regressiontest.genName is PASSED

2019-01-18 20:17:38 - [TEST_STEP][PASSED] - setText(findTestObject("TF_Customer_Create/4_Create_Objects_And_Save/13_Create_LDI_Vendor_Site/Input_Vendor_Site_Name/input_Vendor_Site_Nm"), vndSiteName): Text 'LRMQEHVNU7XXJ76' is set on object 'Object Repository/TF_Customer_Create/4_Create_Objects_And_Save/13_Create_LDI_Vendor_Site/Input_Vendor_Site_Name/input_Vendor_Site_Nm'

2019-01-18 20:17:38 - [MESSAGE][PASSED] - Text 'LRMQEHVNU7XXJ76' is set on object 'Object Repository/TF_Customer_Create/4_Create_Objects_And_Save/13_Create_LDI_Vendor_Site/Input_Vendor_Site_Name/input_Vendor_Site_Nm'

2019-01-18 20:17:38 - [TEST_STEP][PASSED] - setText(findTestObject("TF_Customer_Create/4_Create_Objects_And_Save/13_Create_LDI_Vendor_Site/Input_Vendor_Site_Name/input_Vendor_Site_Number"), vndSiteNumber): Text '8ZE4AEQRI4AJ' is set on object 'Object Repository/TF_Customer_Create/4_Create_Objects_And_Save/13_Create_LDI_Vendor_Site/Input_Vendor_Site_Name/input_Vendor_Site_Number'

2019-01-18 20:17:39 - [MESSAGE][PASSED] - Text '8ZE4AEQRI4AJ' is set on object 'Object Repository/TF_Customer_Create/4_Create_Objects_And_Save/13_Create_LDI_Vendor_Site/Input_Vendor_Site_Name/input_Vendor_Site_Number'

2019-01-18 20:17:39 - [TEST_STEP][PASSED] - setText(findTestObject("TF_Customer_Create/4_Create_Objects_And_Save/13_Create_LDI_Vendor_Site/Input_Vendor_Site_Name/input_Vendor_Site_Cd"), vndSiteCd): Text '5DXW5MN487' is set on object 'Object Repository/TF_Customer_Create/4_Create_Objects_And_Save/13_Create_LDI_Vendor_Site/Input_Vendor_Site_Name/input_Vendor_Site_Cd'

2019-01-18 20:17:39 - [MESSAGE][PASSED] - Text '5DXW5MN487' is set on object 'Object Repository/TF_Customer_Create/4_Create_Objects_And_Save/13_Create_LDI_Vendor_Site/Input_Vendor_Site_Name/input_Vendor_Site_Cd'

2019-01-18 20:17:39 - [TEST_STEP][PASSED] - setText(findTestObject("TF_Customer_Create/4_Create_Objects_And_Save/13_Create_LDI_Vendor_Site/Input_Vendor_Site_Name/input_Vendor_Site_City"), vndSiteCity): Text '35W10FKP' is set on object 'Object Repository/TF_Customer_Create/4_Create_Objects_And_Save/13_Create_LDI_Vendor_Site/Input_Vendor_Site_Name/input_Vendor_Site_City'

2019-01-18 20:17:39 - [MESSAGE][PASSED] - Text '35W10FKP' is set on object 'Object Repository/TF_Customer_Create/4_Create_Objects_And_Save/13_Create_LDI_Vendor_Site/Input_Vendor_Site_Name/input_Vendor_Site_City'

2019-01-18 20:17:39 - [TEST_STEP][PASSED] - setText(findTestObject("TF_Customer_Create/4_Create_Objects_And_Save/13_Create_LDI_Vendor_Site/Input_Vendor_Site_Name/input_Vendor_Site_Postal_Code"), vndSitePtlCd): Text '1SZH7A' is set on object 'Object Repository/TF_Customer_Create/4_Create_Objects_And_Save/13_Create_LDI_Vendor_Site/Input_Vendor_Site_Name/input_Vendor_Site_Postal_Code'

2019-01-18 20:17:39 - [MESSAGE][PASSED] - Text '1SZH7A' is set on object 'Object Repository/TF_Customer_Create/4_Create_Objects_And_Save/13_Create_LDI_Vendor_Site/Input_Vendor_Site_Name/input_Vendor_Site_Postal_Code'

2019-01-18 20:17:39 - [TEST_STEP][NOT_RUN] - setText(findTestObject("TF_Customer_Create/4_Create_Objects_And_Save/Set_Effective_Dates/input_Effective_End_Date"), input_Eff_End_Dt): NOT_RUN: setText(findTestObject("TF_Customer_Create/4_Create_Objects_And_Save/Set_Effective_Dates/input_Effective_End_Date"), input_Eff_End_Dt)

2019-01-18 20:17:39 - [MESSAGE][NOT_RUN] - NOT_RUN: setText(findTestObject("TF_Customer_Create/4_Create_Objects_And_Save/Set_Effective_Dates/input_Effective_End_Date"), input_Eff_End_Dt)

2019-01-18 20:17:39 - [TEST_STEP][PASSED] - delay(2): Delayed 2 second(s)

2019-01-18 20:17:41 - [MESSAGE][PASSED] - Delayed 2 second(s)

2019-01-18 20:17:41 - [TEST_STEP][PASSED] - click(findTestObject("TF_Customer_Create/3_Common_Action_Buttons/Click_Data_Tab/span_Data_Tab")): Object: 'Object Repository/TF_Customer_Create/3_Common_Action_Buttons/Click_Data_Tab/span_Data_Tab' is clicked on

2019-01-18 20:17:41 - [MESSAGE][PASSED] - Object: 'Object Repository/TF_Customer_Create/3_Common_Action_Buttons/Click_Data_Tab/span_Data_Tab' is clicked on

2019-01-18 20:17:41 - [TEST_STEP][NOT_RUN] - click(findTestObject("TF_Customer_Create/4_Create_Objects_And_Save/Choose_Sales_Org/Click_Sales_Org_DD"), CONTINUE_ON_FAILURE): NOT_RUN: click(findTestObject("TF_Customer_Create/4_Create_Objects_And_Save/Choose_Sales_Org/Click_Sales_Org_DD"), CONTINUE_ON_FAILURE)

2019-01-18 20:17:41 - [MESSAGE][NOT_RUN] - NOT_RUN: click(findTestObject("TF_Customer_Create/4_Create_Objects_And_Save/Choose_Sales_Org/Click_Sales_Org_DD"), CONTINUE_ON_FAILURE)

2019-01-18 20:17:41 - [TEST_STEP][NOT_RUN] - click(findTestObject("TF_Customer_Create/4_Create_Objects_And_Save/Choose_Sales_Org/CA_Object"), CONTINUE_ON_FAILURE): NOT_RUN: click(findTestObject("TF_Customer_Create/4_Create_Objects_And_Save/Choose_Sales_Org/CA_Object"), CONTINUE_ON_FAILURE)

2019-01-18 20:17:41 - [MESSAGE][NOT_RUN] - NOT_RUN: click(findTestObject("TF_Customer_Create/4_Create_Objects_And_Save/Choose_Sales_Org/CA_Object"), CONTINUE_ON_FAILURE)

2019-01-18 20:17:41 - [TEST_STEP][PASSED] - delay(2): Delayed 2 second(s)

2019-01-18 20:17:43 - [MESSAGE][PASSED] - Delayed 2 second(s)

2019-01-18 20:17:43 - [TEST_STEP][PASSED] - click(findTestObject("TF_Customer_Create/3_Common_Action_Buttons/Click_Apply_Button/td_Apply")): Object: 'Object Repository/TF_Customer_Create/3_Common_Action_Buttons/Click_Apply_Button/td_Apply' is clicked on

2019-01-18 20:17:43 - [MESSAGE][PASSED] - Object: 'Object Repository/TF_Customer_Create/3_Common_Action_Buttons/Click_Apply_Button/td_Apply' is clicked on

2019-01-18 20:17:43 - [TEST_STEP][PASSED] - delay(2): Delayed 2 second(s)

2019-01-18 20:17:45 - [MESSAGE][PASSED] - Delayed 2 second(s)

2019-01-18 20:17:45 - [TEST_STEP][PASSED] - click(findTestObject("TF_Customer_Create/3_Common_Action_Buttons/Click_Save_Button/btn_Save")): Object: 'Object Repository/TF_Customer_Create/3_Common_Action_Buttons/Click_Save_Button/btn_Save' is clicked on

2019-01-18 20:17:45 - [MESSAGE][PASSED] - Object: 'Object Repository/TF_Customer_Create/3_Common_Action_Buttons/Click_Save_Button/btn_Save' is clicked on

2019-01-18 20:17:45 - [TEST_STEP][PASSED] - delay(2): Delayed 2 second(s)

2019-01-18 20:17:47 - [MESSAGE][PASSED] - Delayed 2 second(s)

2019-01-18 20:17:47 - [TEST_STEP][NOT_RUN] - verifyElementText(findTestObject("TF_Customer_Create/3_Common_Action_Buttons/Verify_Success_Message/Success_Message"), "Record has been saved successfully.", CONTINUE_ON_FAILURE): NOT_RUN: verifyElementText(findTestObject("TF_Customer_Create/3_Common_Action_Buttons/Verify_Success_Message/Success_Message"), "Record has been saved successfully.", CONTINUE_ON_FAILURE)

2019-01-18 20:17:47 - [MESSAGE][NOT_RUN] - NOT_RUN: verifyElementText(findTestObject("TF_Customer_Create/3_Common_Action_Buttons/Verify_Success_Message/Success_Message"), "Record has been saved successfully.", CONTINUE_ON_FAILURE)

2019-01-18 20:17:47 - [TEST_STEP][NOT_RUN] - click(findTestObject("TF_Customer_Create/3_Common_Action_Buttons/Click_Data_Tab/span_Data_Tab")): NOT_RUN: click(findTestObject("TF_Customer_Create/3_Common_Action_Buttons/Click_Data_Tab/span_Data_Tab"))

2019-01-18 20:17:47 - [MESSAGE][NOT_RUN] - NOT_RUN: click(findTestObject("TF_Customer_Create/3_Common_Action_Buttons/Click_Data_Tab/span_Data_Tab"))

2019-01-18 20:17:47 - [TEST_STEP][NOT_RUN] - delay(1): NOT_RUN: delay(1)

2019-01-18 20:17:47 - [MESSAGE][NOT_RUN] - NOT_RUN: delay(1)

2019-01-18 20:17:47 - [TEST_STEP][NOT_RUN] - click(findTestObject("TF_Customer_Create/3_Common_Action_Buttons/Click_Close_Button/btn_Close")): NOT_RUN: click(findTestObject("TF_Customer_Create/3_Common_Action_Buttons/Click_Close_Button/btn_Close"))

2019-01-18 20:17:47 - [MESSAGE][NOT_RUN] - NOT_RUN: click(findTestObject("TF_Customer_Create/3_Common_Action_Buttons/Click_Close_Button/btn_Close"))

2019-01-18 20:17:47 - [TEST_STEP][NOT_RUN] - delay(2): NOT_RUN: delay(2)

2019-01-18 20:17:47 - [MESSAGE][NOT_RUN] - NOT_RUN: delay(2)

2019-01-18 20:17:47 - [TEST_STEP][NOT_RUN] - vrfy_PLA = com.oracledb.regressiontest.verifyPLA(ora_connt, ora_usr, ora_psswrd, ora_schema, plaAcctName): NOT_RUN: vrfy_PLA = com.oracledb.regressiontest.verifyPLA(ora_connt, ora_usr, ora_psswrd, ora_schema, plaAcctName)

2019-01-18 20:17:47 - [MESSAGE][NOT_RUN] - NOT_RUN: vrfy_PLA = com.oracledb.regressiontest.verifyPLA(ora_connt, ora_usr, ora_psswrd, ora_schema, plaAcctName)

2019-01-18 20:17:47 - [TEST_STEP][NOT_RUN] - println("Planning Account Name"): NOT_RUN: println("Planning Account Name")

2019-01-18 20:17:47 - [MESSAGE][NOT_RUN] - NOT_RUN: println("Planning Account Name")

2019-01-18 20:17:47 - [TEST_STEP][NOT_RUN] - verifyEqual(PLANNING_ACCOUNT_NAME, plaAcctName): NOT_RUN: verifyEqual(PLANNING_ACCOUNT_NAME, plaAcctName)

2019-01-18 20:17:47 - [MESSAGE][NOT_RUN] - NOT_RUN: verifyEqual(PLANNING_ACCOUNT_NAME, plaAcctName)]]></system-out>
         <system-err><![CDATA[]]></system-err>
      </testcase>
      <testcase name="Test Cases/Regression_TF_Customer/Create_Record/TC_13_Create_LDI_Vendor_Site" classname="Test Cases/Regression_TF_Customer/Create_Record/TC_13_Create_LDI_Vendor_Site" status="PASSED">
         <system-out><![CDATA[2019-01-18 20:17:47 - [TEST_CASE][PASSED] - Test Cases/Regression_TF_Customer/Create_Record/TC_13_Create_LDI_Vendor_Site: Test Cases/Regression_TF_Customer/Create_Record/TC_13_Create_LDI_Vendor_Site

2019-01-18 20:17:47 - [TEST_STEP][PASSED] - waitForPageLoad(G_Timeout): Wait for page load successfully

2019-01-18 20:17:47 - [MESSAGE][PASSED] - Wait for page load successfully

2019-01-18 20:17:47 - [TEST_STEP][PASSED] - mouseOver(findTestObject("TF_Customer_Create/1_Menu_Navigation_To_Open_All_Pages/0_Menu_Create_In_Data_View")): Object: 'Object Repository/TF_Customer_Create/1_Menu_Navigation_To_Open_All_Pages/0_Menu_Create_In_Data_View' is hovered

2019-01-18 20:17:47 - [MESSAGE][PASSED] - Object: 'Object Repository/TF_Customer_Create/1_Menu_Navigation_To_Open_All_Pages/0_Menu_Create_In_Data_View' is hovered

2019-01-18 20:17:47 - [TEST_STEP][PASSED] - waitForPageLoad(G_Timeout): Wait for page load successfully

2019-01-18 20:17:47 - [MESSAGE][PASSED] - Wait for page load successfully

2019-01-18 20:17:47 - [TEST_STEP][PASSED] - mouseOver(findTestObject("TF_Customer_Create/1_Menu_Navigation_To_Open_All_Pages/1_Menu_Create_Master_Data")): Object: 'Object Repository/TF_Customer_Create/1_Menu_Navigation_To_Open_All_Pages/1_Menu_Create_Master_Data' is hovered

2019-01-18 20:17:47 - [MESSAGE][PASSED] - Object: 'Object Repository/TF_Customer_Create/1_Menu_Navigation_To_Open_All_Pages/1_Menu_Create_Master_Data' is hovered

2019-01-18 20:17:47 - [TEST_STEP][PASSED] - waitForPageLoad(G_Timeout): Wait for page load successfully

2019-01-18 20:17:47 - [MESSAGE][PASSED] - Wait for page load successfully

2019-01-18 20:17:47 - [TEST_STEP][PASSED] - mouseOver(findTestObject("TF_Customer_Create/1_Menu_Navigation_To_Open_All_Pages/3_Planning_Account_Hoverover_Option")): Object: 'Object Repository/TF_Customer_Create/1_Menu_Navigation_To_Open_All_Pages/3_Planning_Account_Hoverover_Option' is hovered

2019-01-18 20:17:48 - [MESSAGE][PASSED] - Object: 'Object Repository/TF_Customer_Create/1_Menu_Navigation_To_Open_All_Pages/3_Planning_Account_Hoverover_Option' is hovered

2019-01-18 20:17:48 - [TEST_STEP][PASSED] - waitForPageLoad(G_Timeout): Wait for page load successfully

2019-01-18 20:17:48 - [MESSAGE][PASSED] - Wait for page load successfully

2019-01-18 20:17:48 - [TEST_STEP][PASSED] - click(findTestObject("TF_Customer_Create/2_Select_Menu_Options(All)/13_LDI_Vendor_Site")): Object: 'Object Repository/TF_Customer_Create/2_Select_Menu_Options(All)/13_LDI_Vendor_Site' is clicked on

2019-01-18 20:17:48 - [MESSAGE][PASSED] - Object: 'Object Repository/TF_Customer_Create/2_Select_Menu_Options(All)/13_LDI_Vendor_Site' is clicked on

2019-01-18 20:17:48 - [TEST_STEP][PASSED] - waitForPageLoad(G_Timeout): Wait for page load successfully

2019-01-18 20:17:48 - [MESSAGE][PASSED] - Wait for page load successfully

2019-01-18 20:17:48 - [TEST_STEP][PASSED] - delay(3): Delayed 3 second(s)

2019-01-18 20:17:51 - [MESSAGE][PASSED] - Delayed 3 second(s)

2019-01-18 20:17:51 - [TEST_STEP][PASSED] - vndSiteName = com.oracledb.regressiontest.genName(15): com.oracledb.regressiontest.genName is PASSED

2019-01-18 20:17:51 - [MESSAGE][PASSED] - com.oracledb.regressiontest.genName is PASSED

2019-01-18 20:17:51 - [TEST_STEP][PASSED] - vndSiteNumber = com.oracledb.regressiontest.genName(12): com.oracledb.regressiontest.genName is PASSED

2019-01-18 20:17:51 - [MESSAGE][PASSED] - com.oracledb.regressiontest.genName is PASSED

2019-01-18 20:17:51 - [TEST_STEP][PASSED] - vndSiteCd = com.oracledb.regressiontest.genName(10): com.oracledb.regressiontest.genName is PASSED

2019-01-18 20:17:51 - [MESSAGE][PASSED] - com.oracledb.regressiontest.genName is PASSED

2019-01-18 20:17:51 - [TEST_STEP][PASSED] - vndSiteCity = com.oracledb.regressiontest.genName(8): com.oracledb.regressiontest.genName is PASSED

2019-01-18 20:17:51 - [MESSAGE][PASSED] - com.oracledb.regressiontest.genName is PASSED

2019-01-18 20:17:51 - [TEST_STEP][PASSED] - vndSitePtlCd = com.oracledb.regressiontest.genName(6): com.oracledb.regressiontest.genName is PASSED

2019-01-18 20:17:51 - [MESSAGE][PASSED] - com.oracledb.regressiontest.genName is PASSED

2019-01-18 20:17:51 - [TEST_STEP][PASSED] - setText(findTestObject("TF_Customer_Create/4_Create_Objects_And_Save/13_Create_LDI_Vendor_Site/Input_Vendor_Site_Name/input_Vendor_Site_Nm"), vndSiteName): Text '7FRSNDWA55O5QJ1' is set on object 'Object Repository/TF_Customer_Create/4_Create_Objects_And_Save/13_Create_LDI_Vendor_Site/Input_Vendor_Site_Name/input_Vendor_Site_Nm'

2019-01-18 20:17:51 - [MESSAGE][PASSED] - Text '7FRSNDWA55O5QJ1' is set on object 'Object Repository/TF_Customer_Create/4_Create_Objects_And_Save/13_Create_LDI_Vendor_Site/Input_Vendor_Site_Name/input_Vendor_Site_Nm'

2019-01-18 20:17:51 - [TEST_STEP][PASSED] - setText(findTestObject("TF_Customer_Create/4_Create_Objects_And_Save/13_Create_LDI_Vendor_Site/Input_Vendor_Site_Name/input_Vendor_Site_Number"), vndSiteNumber): Text 'UYQMSTNK18MT' is set on object 'Object Repository/TF_Customer_Create/4_Create_Objects_And_Save/13_Create_LDI_Vendor_Site/Input_Vendor_Site_Name/input_Vendor_Site_Number'

2019-01-18 20:17:51 - [MESSAGE][PASSED] - Text 'UYQMSTNK18MT' is set on object 'Object Repository/TF_Customer_Create/4_Create_Objects_And_Save/13_Create_LDI_Vendor_Site/Input_Vendor_Site_Name/input_Vendor_Site_Number'

2019-01-18 20:17:51 - [TEST_STEP][PASSED] - setText(findTestObject("TF_Customer_Create/4_Create_Objects_And_Save/13_Create_LDI_Vendor_Site/Input_Vendor_Site_Name/input_Vendor_Site_Cd"), vndSiteCd): Text 'FCKHT1JMU6' is set on object 'Object Repository/TF_Customer_Create/4_Create_Objects_And_Save/13_Create_LDI_Vendor_Site/Input_Vendor_Site_Name/input_Vendor_Site_Cd'

2019-01-18 20:17:51 - [MESSAGE][PASSED] - Text 'FCKHT1JMU6' is set on object 'Object Repository/TF_Customer_Create/4_Create_Objects_And_Save/13_Create_LDI_Vendor_Site/Input_Vendor_Site_Name/input_Vendor_Site_Cd'

2019-01-18 20:17:51 - [TEST_STEP][PASSED] - setText(findTestObject("TF_Customer_Create/4_Create_Objects_And_Save/13_Create_LDI_Vendor_Site/Input_Vendor_Site_Name/input_Vendor_Site_City"), vndSiteCity): Text 'FBXE0R1Q' is set on object 'Object Repository/TF_Customer_Create/4_Create_Objects_And_Save/13_Create_LDI_Vendor_Site/Input_Vendor_Site_Name/input_Vendor_Site_City'

2019-01-18 20:17:52 - [MESSAGE][PASSED] - Text 'FBXE0R1Q' is set on object 'Object Repository/TF_Customer_Create/4_Create_Objects_And_Save/13_Create_LDI_Vendor_Site/Input_Vendor_Site_Name/input_Vendor_Site_City'

2019-01-18 20:17:52 - [TEST_STEP][PASSED] - setText(findTestObject("TF_Customer_Create/4_Create_Objects_And_Save/13_Create_LDI_Vendor_Site/Input_Vendor_Site_Name/input_Vendor_Site_Postal_Code"), vndSitePtlCd): Text 'XLX5WB' is set on object 'Object Repository/TF_Customer_Create/4_Create_Objects_And_Save/13_Create_LDI_Vendor_Site/Input_Vendor_Site_Name/input_Vendor_Site_Postal_Code'

2019-01-18 20:17:52 - [MESSAGE][PASSED] - Text 'XLX5WB' is set on object 'Object Repository/TF_Customer_Create/4_Create_Objects_And_Save/13_Create_LDI_Vendor_Site/Input_Vendor_Site_Name/input_Vendor_Site_Postal_Code'

2019-01-18 20:17:52 - [TEST_STEP][NOT_RUN] - setText(findTestObject("TF_Customer_Create/4_Create_Objects_And_Save/Set_Effective_Dates/input_Effective_End_Date"), input_Eff_End_Dt): NOT_RUN: setText(findTestObject("TF_Customer_Create/4_Create_Objects_And_Save/Set_Effective_Dates/input_Effective_End_Date"), input_Eff_End_Dt)

2019-01-18 20:17:52 - [MESSAGE][NOT_RUN] - NOT_RUN: setText(findTestObject("TF_Customer_Create/4_Create_Objects_And_Save/Set_Effective_Dates/input_Effective_End_Date"), input_Eff_End_Dt)

2019-01-18 20:17:52 - [TEST_STEP][PASSED] - delay(2): Delayed 2 second(s)

2019-01-18 20:17:54 - [MESSAGE][PASSED] - Delayed 2 second(s)

2019-01-18 20:17:54 - [TEST_STEP][PASSED] - click(findTestObject("TF_Customer_Create/3_Common_Action_Buttons/Click_Data_Tab/span_Data_Tab")): Object: 'Object Repository/TF_Customer_Create/3_Common_Action_Buttons/Click_Data_Tab/span_Data_Tab' is clicked on

2019-01-18 20:17:54 - [MESSAGE][PASSED] - Object: 'Object Repository/TF_Customer_Create/3_Common_Action_Buttons/Click_Data_Tab/span_Data_Tab' is clicked on

2019-01-18 20:17:54 - [TEST_STEP][NOT_RUN] - click(findTestObject("TF_Customer_Create/4_Create_Objects_And_Save/Choose_Sales_Org/Click_Sales_Org_DD"), CONTINUE_ON_FAILURE): NOT_RUN: click(findTestObject("TF_Customer_Create/4_Create_Objects_And_Save/Choose_Sales_Org/Click_Sales_Org_DD"), CONTINUE_ON_FAILURE)

2019-01-18 20:17:54 - [MESSAGE][NOT_RUN] - NOT_RUN: click(findTestObject("TF_Customer_Create/4_Create_Objects_And_Save/Choose_Sales_Org/Click_Sales_Org_DD"), CONTINUE_ON_FAILURE)

2019-01-18 20:17:54 - [TEST_STEP][NOT_RUN] - click(findTestObject("TF_Customer_Create/4_Create_Objects_And_Save/Choose_Sales_Org/CA_Object"), CONTINUE_ON_FAILURE): NOT_RUN: click(findTestObject("TF_Customer_Create/4_Create_Objects_And_Save/Choose_Sales_Org/CA_Object"), CONTINUE_ON_FAILURE)

2019-01-18 20:17:54 - [MESSAGE][NOT_RUN] - NOT_RUN: click(findTestObject("TF_Customer_Create/4_Create_Objects_And_Save/Choose_Sales_Org/CA_Object"), CONTINUE_ON_FAILURE)

2019-01-18 20:17:54 - [TEST_STEP][PASSED] - delay(2): Delayed 2 second(s)

2019-01-18 20:17:56 - [MESSAGE][PASSED] - Delayed 2 second(s)

2019-01-18 20:17:56 - [TEST_STEP][PASSED] - click(findTestObject("TF_Customer_Create/3_Common_Action_Buttons/Click_Apply_Button/td_Apply")): Object: 'Object Repository/TF_Customer_Create/3_Common_Action_Buttons/Click_Apply_Button/td_Apply' is clicked on

2019-01-18 20:17:56 - [MESSAGE][PASSED] - Object: 'Object Repository/TF_Customer_Create/3_Common_Action_Buttons/Click_Apply_Button/td_Apply' is clicked on

2019-01-18 20:17:56 - [TEST_STEP][PASSED] - delay(2): Delayed 2 second(s)

2019-01-18 20:17:58 - [MESSAGE][PASSED] - Delayed 2 second(s)

2019-01-18 20:17:58 - [TEST_STEP][PASSED] - click(findTestObject("TF_Customer_Create/3_Common_Action_Buttons/Click_Save_Button/btn_Save")): Object: 'Object Repository/TF_Customer_Create/3_Common_Action_Buttons/Click_Save_Button/btn_Save' is clicked on

2019-01-18 20:17:58 - [MESSAGE][PASSED] - Object: 'Object Repository/TF_Customer_Create/3_Common_Action_Buttons/Click_Save_Button/btn_Save' is clicked on

2019-01-18 20:17:58 - [TEST_STEP][PASSED] - delay(2): Delayed 2 second(s)

2019-01-18 20:18:00 - [MESSAGE][PASSED] - Delayed 2 second(s)

2019-01-18 20:18:00 - [TEST_STEP][NOT_RUN] - verifyElementText(findTestObject("TF_Customer_Create/3_Common_Action_Buttons/Verify_Success_Message/Success_Message"), "Record has been saved successfully.", CONTINUE_ON_FAILURE): NOT_RUN: verifyElementText(findTestObject("TF_Customer_Create/3_Common_Action_Buttons/Verify_Success_Message/Success_Message"), "Record has been saved successfully.", CONTINUE_ON_FAILURE)

2019-01-18 20:18:00 - [MESSAGE][NOT_RUN] - NOT_RUN: verifyElementText(findTestObject("TF_Customer_Create/3_Common_Action_Buttons/Verify_Success_Message/Success_Message"), "Record has been saved successfully.", CONTINUE_ON_FAILURE)

2019-01-18 20:18:00 - [TEST_STEP][NOT_RUN] - click(findTestObject("TF_Customer_Create/3_Common_Action_Buttons/Click_Data_Tab/span_Data_Tab")): NOT_RUN: click(findTestObject("TF_Customer_Create/3_Common_Action_Buttons/Click_Data_Tab/span_Data_Tab"))

2019-01-18 20:18:00 - [MESSAGE][NOT_RUN] - NOT_RUN: click(findTestObject("TF_Customer_Create/3_Common_Action_Buttons/Click_Data_Tab/span_Data_Tab"))

2019-01-18 20:18:00 - [TEST_STEP][NOT_RUN] - delay(1): NOT_RUN: delay(1)

2019-01-18 20:18:00 - [MESSAGE][NOT_RUN] - NOT_RUN: delay(1)

2019-01-18 20:18:00 - [TEST_STEP][NOT_RUN] - click(findTestObject("TF_Customer_Create/3_Common_Action_Buttons/Click_Close_Button/btn_Close")): NOT_RUN: click(findTestObject("TF_Customer_Create/3_Common_Action_Buttons/Click_Close_Button/btn_Close"))

2019-01-18 20:18:00 - [MESSAGE][NOT_RUN] - NOT_RUN: click(findTestObject("TF_Customer_Create/3_Common_Action_Buttons/Click_Close_Button/btn_Close"))

2019-01-18 20:18:00 - [TEST_STEP][NOT_RUN] - delay(2): NOT_RUN: delay(2)

2019-01-18 20:18:00 - [MESSAGE][NOT_RUN] - NOT_RUN: delay(2)

2019-01-18 20:18:00 - [TEST_STEP][NOT_RUN] - vrfy_PLA = com.oracledb.regressiontest.verifyPLA(ora_connt, ora_usr, ora_psswrd, ora_schema, plaAcctName): NOT_RUN: vrfy_PLA = com.oracledb.regressiontest.verifyPLA(ora_connt, ora_usr, ora_psswrd, ora_schema, plaAcctName)

2019-01-18 20:18:00 - [MESSAGE][NOT_RUN] - NOT_RUN: vrfy_PLA = com.oracledb.regressiontest.verifyPLA(ora_connt, ora_usr, ora_psswrd, ora_schema, plaAcctName)

2019-01-18 20:18:00 - [TEST_STEP][NOT_RUN] - println("Planning Account Name"): NOT_RUN: println("Planning Account Name")

2019-01-18 20:18:00 - [MESSAGE][NOT_RUN] - NOT_RUN: println("Planning Account Name")

2019-01-18 20:18:00 - [TEST_STEP][NOT_RUN] - verifyEqual(PLANNING_ACCOUNT_NAME, plaAcctName): NOT_RUN: verifyEqual(PLANNING_ACCOUNT_NAME, plaAcctName)

2019-01-18 20:18:00 - [MESSAGE][NOT_RUN] - NOT_RUN: verifyEqual(PLANNING_ACCOUNT_NAME, plaAcctName)]]></system-out>
         <system-err><![CDATA[]]></system-err>
      </testcase>
      <testcase name="Test Cases/Regression_TF_Customer/Create_Record/TC_13_Create_LDI_Vendor_Site" classname="Test Cases/Regression_TF_Customer/Create_Record/TC_13_Create_LDI_Vendor_Site" status="PASSED">
         <system-out><![CDATA[2019-01-18 20:18:00 - [TEST_CASE][PASSED] - Test Cases/Regression_TF_Customer/Create_Record/TC_13_Create_LDI_Vendor_Site: Test Cases/Regression_TF_Customer/Create_Record/TC_13_Create_LDI_Vendor_Site

2019-01-18 20:18:00 - [TEST_STEP][PASSED] - waitForPageLoad(G_Timeout): Wait for page load successfully

2019-01-18 20:18:00 - [MESSAGE][PASSED] - Wait for page load successfully

2019-01-18 20:18:00 - [TEST_STEP][PASSED] - mouseOver(findTestObject("TF_Customer_Create/1_Menu_Navigation_To_Open_All_Pages/0_Menu_Create_In_Data_View")): Object: 'Object Repository/TF_Customer_Create/1_Menu_Navigation_To_Open_All_Pages/0_Menu_Create_In_Data_View' is hovered

2019-01-18 20:18:00 - [MESSAGE][PASSED] - Object: 'Object Repository/TF_Customer_Create/1_Menu_Navigation_To_Open_All_Pages/0_Menu_Create_In_Data_View' is hovered

2019-01-18 20:18:00 - [TEST_STEP][PASSED] - waitForPageLoad(G_Timeout): Wait for page load successfully

2019-01-18 20:18:00 - [MESSAGE][PASSED] - Wait for page load successfully

2019-01-18 20:18:00 - [TEST_STEP][PASSED] - mouseOver(findTestObject("TF_Customer_Create/1_Menu_Navigation_To_Open_All_Pages/1_Menu_Create_Master_Data")): Object: 'Object Repository/TF_Customer_Create/1_Menu_Navigation_To_Open_All_Pages/1_Menu_Create_Master_Data' is hovered

2019-01-18 20:18:00 - [MESSAGE][PASSED] - Object: 'Object Repository/TF_Customer_Create/1_Menu_Navigation_To_Open_All_Pages/1_Menu_Create_Master_Data' is hovered

2019-01-18 20:18:00 - [TEST_STEP][PASSED] - waitForPageLoad(G_Timeout): Wait for page load successfully

2019-01-18 20:18:00 - [MESSAGE][PASSED] - Wait for page load successfully

2019-01-18 20:18:00 - [TEST_STEP][PASSED] - mouseOver(findTestObject("TF_Customer_Create/1_Menu_Navigation_To_Open_All_Pages/3_Planning_Account_Hoverover_Option")): Object: 'Object Repository/TF_Customer_Create/1_Menu_Navigation_To_Open_All_Pages/3_Planning_Account_Hoverover_Option' is hovered

2019-01-18 20:18:01 - [MESSAGE][PASSED] - Object: 'Object Repository/TF_Customer_Create/1_Menu_Navigation_To_Open_All_Pages/3_Planning_Account_Hoverover_Option' is hovered

2019-01-18 20:18:01 - [TEST_STEP][PASSED] - waitForPageLoad(G_Timeout): Wait for page load successfully

2019-01-18 20:18:01 - [MESSAGE][PASSED] - Wait for page load successfully

2019-01-18 20:18:01 - [TEST_STEP][PASSED] - click(findTestObject("TF_Customer_Create/2_Select_Menu_Options(All)/13_LDI_Vendor_Site")): Object: 'Object Repository/TF_Customer_Create/2_Select_Menu_Options(All)/13_LDI_Vendor_Site' is clicked on

2019-01-18 20:18:01 - [MESSAGE][PASSED] - Object: 'Object Repository/TF_Customer_Create/2_Select_Menu_Options(All)/13_LDI_Vendor_Site' is clicked on

2019-01-18 20:18:01 - [TEST_STEP][PASSED] - waitForPageLoad(G_Timeout): Wait for page load successfully

2019-01-18 20:18:01 - [MESSAGE][PASSED] - Wait for page load successfully

2019-01-18 20:18:01 - [TEST_STEP][PASSED] - delay(3): Delayed 3 second(s)

2019-01-18 20:18:04 - [MESSAGE][PASSED] - Delayed 3 second(s)

2019-01-18 20:18:04 - [TEST_STEP][PASSED] - vndSiteName = com.oracledb.regressiontest.genName(15): com.oracledb.regressiontest.genName is PASSED

2019-01-18 20:18:04 - [MESSAGE][PASSED] - com.oracledb.regressiontest.genName is PASSED

2019-01-18 20:18:04 - [TEST_STEP][PASSED] - vndSiteNumber = com.oracledb.regressiontest.genName(12): com.oracledb.regressiontest.genName is PASSED

2019-01-18 20:18:04 - [MESSAGE][PASSED] - com.oracledb.regressiontest.genName is PASSED

2019-01-18 20:18:04 - [TEST_STEP][PASSED] - vndSiteCd = com.oracledb.regressiontest.genName(10): com.oracledb.regressiontest.genName is PASSED

2019-01-18 20:18:04 - [MESSAGE][PASSED] - com.oracledb.regressiontest.genName is PASSED

2019-01-18 20:18:04 - [TEST_STEP][PASSED] - vndSiteCity = com.oracledb.regressiontest.genName(8): com.oracledb.regressiontest.genName is PASSED

2019-01-18 20:18:04 - [MESSAGE][PASSED] - com.oracledb.regressiontest.genName is PASSED

2019-01-18 20:18:04 - [TEST_STEP][PASSED] - vndSitePtlCd = com.oracledb.regressiontest.genName(6): com.oracledb.regressiontest.genName is PASSED

2019-01-18 20:18:04 - [MESSAGE][PASSED] - com.oracledb.regressiontest.genName is PASSED

2019-01-18 20:18:04 - [TEST_STEP][PASSED] - setText(findTestObject("TF_Customer_Create/4_Create_Objects_And_Save/13_Create_LDI_Vendor_Site/Input_Vendor_Site_Name/input_Vendor_Site_Nm"), vndSiteName): Text 'G9UAE2EJGN0RTZV' is set on object 'Object Repository/TF_Customer_Create/4_Create_Objects_And_Save/13_Create_LDI_Vendor_Site/Input_Vendor_Site_Name/input_Vendor_Site_Nm'

2019-01-18 20:18:04 - [MESSAGE][PASSED] - Text 'G9UAE2EJGN0RTZV' is set on object 'Object Repository/TF_Customer_Create/4_Create_Objects_And_Save/13_Create_LDI_Vendor_Site/Input_Vendor_Site_Name/input_Vendor_Site_Nm'

2019-01-18 20:18:04 - [TEST_STEP][PASSED] - setText(findTestObject("TF_Customer_Create/4_Create_Objects_And_Save/13_Create_LDI_Vendor_Site/Input_Vendor_Site_Name/input_Vendor_Site_Number"), vndSiteNumber): Text 'OTVRHII1FAAA' is set on object 'Object Repository/TF_Customer_Create/4_Create_Objects_And_Save/13_Create_LDI_Vendor_Site/Input_Vendor_Site_Name/input_Vendor_Site_Number'

2019-01-18 20:18:04 - [MESSAGE][PASSED] - Text 'OTVRHII1FAAA' is set on object 'Object Repository/TF_Customer_Create/4_Create_Objects_And_Save/13_Create_LDI_Vendor_Site/Input_Vendor_Site_Name/input_Vendor_Site_Number'

2019-01-18 20:18:04 - [TEST_STEP][PASSED] - setText(findTestObject("TF_Customer_Create/4_Create_Objects_And_Save/13_Create_LDI_Vendor_Site/Input_Vendor_Site_Name/input_Vendor_Site_Cd"), vndSiteCd): Text 'CEPQTYO85K' is set on object 'Object Repository/TF_Customer_Create/4_Create_Objects_And_Save/13_Create_LDI_Vendor_Site/Input_Vendor_Site_Name/input_Vendor_Site_Cd'

2019-01-18 20:18:04 - [MESSAGE][PASSED] - Text 'CEPQTYO85K' is set on object 'Object Repository/TF_Customer_Create/4_Create_Objects_And_Save/13_Create_LDI_Vendor_Site/Input_Vendor_Site_Name/input_Vendor_Site_Cd'

2019-01-18 20:18:04 - [TEST_STEP][PASSED] - setText(findTestObject("TF_Customer_Create/4_Create_Objects_And_Save/13_Create_LDI_Vendor_Site/Input_Vendor_Site_Name/input_Vendor_Site_City"), vndSiteCity): Text 'M02NJICL' is set on object 'Object Repository/TF_Customer_Create/4_Create_Objects_And_Save/13_Create_LDI_Vendor_Site/Input_Vendor_Site_Name/input_Vendor_Site_City'

2019-01-18 20:18:04 - [MESSAGE][PASSED] - Text 'M02NJICL' is set on object 'Object Repository/TF_Customer_Create/4_Create_Objects_And_Save/13_Create_LDI_Vendor_Site/Input_Vendor_Site_Name/input_Vendor_Site_City'

2019-01-18 20:18:04 - [TEST_STEP][PASSED] - setText(findTestObject("TF_Customer_Create/4_Create_Objects_And_Save/13_Create_LDI_Vendor_Site/Input_Vendor_Site_Name/input_Vendor_Site_Postal_Code"), vndSitePtlCd): Text 'IC7X6A' is set on object 'Object Repository/TF_Customer_Create/4_Create_Objects_And_Save/13_Create_LDI_Vendor_Site/Input_Vendor_Site_Name/input_Vendor_Site_Postal_Code'

2019-01-18 20:18:04 - [MESSAGE][PASSED] - Text 'IC7X6A' is set on object 'Object Repository/TF_Customer_Create/4_Create_Objects_And_Save/13_Create_LDI_Vendor_Site/Input_Vendor_Site_Name/input_Vendor_Site_Postal_Code'

2019-01-18 20:18:04 - [TEST_STEP][NOT_RUN] - setText(findTestObject("TF_Customer_Create/4_Create_Objects_And_Save/Set_Effective_Dates/input_Effective_End_Date"), input_Eff_End_Dt): NOT_RUN: setText(findTestObject("TF_Customer_Create/4_Create_Objects_And_Save/Set_Effective_Dates/input_Effective_End_Date"), input_Eff_End_Dt)

2019-01-18 20:18:04 - [MESSAGE][NOT_RUN] - NOT_RUN: setText(findTestObject("TF_Customer_Create/4_Create_Objects_And_Save/Set_Effective_Dates/input_Effective_End_Date"), input_Eff_End_Dt)

2019-01-18 20:18:04 - [TEST_STEP][PASSED] - delay(2): Delayed 2 second(s)

2019-01-18 20:18:06 - [MESSAGE][PASSED] - Delayed 2 second(s)

2019-01-18 20:18:06 - [TEST_STEP][PASSED] - click(findTestObject("TF_Customer_Create/3_Common_Action_Buttons/Click_Data_Tab/span_Data_Tab")): Object: 'Object Repository/TF_Customer_Create/3_Common_Action_Buttons/Click_Data_Tab/span_Data_Tab' is clicked on

2019-01-18 20:18:07 - [MESSAGE][PASSED] - Object: 'Object Repository/TF_Customer_Create/3_Common_Action_Buttons/Click_Data_Tab/span_Data_Tab' is clicked on

2019-01-18 20:18:07 - [TEST_STEP][NOT_RUN] - click(findTestObject("TF_Customer_Create/4_Create_Objects_And_Save/Choose_Sales_Org/Click_Sales_Org_DD"), CONTINUE_ON_FAILURE): NOT_RUN: click(findTestObject("TF_Customer_Create/4_Create_Objects_And_Save/Choose_Sales_Org/Click_Sales_Org_DD"), CONTINUE_ON_FAILURE)

2019-01-18 20:18:07 - [MESSAGE][NOT_RUN] - NOT_RUN: click(findTestObject("TF_Customer_Create/4_Create_Objects_And_Save/Choose_Sales_Org/Click_Sales_Org_DD"), CONTINUE_ON_FAILURE)

2019-01-18 20:18:07 - [TEST_STEP][NOT_RUN] - click(findTestObject("TF_Customer_Create/4_Create_Objects_And_Save/Choose_Sales_Org/CA_Object"), CONTINUE_ON_FAILURE): NOT_RUN: click(findTestObject("TF_Customer_Create/4_Create_Objects_And_Save/Choose_Sales_Org/CA_Object"), CONTINUE_ON_FAILURE)

2019-01-18 20:18:07 - [MESSAGE][NOT_RUN] - NOT_RUN: click(findTestObject("TF_Customer_Create/4_Create_Objects_And_Save/Choose_Sales_Org/CA_Object"), CONTINUE_ON_FAILURE)

2019-01-18 20:18:07 - [TEST_STEP][PASSED] - delay(2): Delayed 2 second(s)

2019-01-18 20:18:09 - [MESSAGE][PASSED] - Delayed 2 second(s)

2019-01-18 20:18:09 - [TEST_STEP][PASSED] - click(findTestObject("TF_Customer_Create/3_Common_Action_Buttons/Click_Apply_Button/td_Apply")): Object: 'Object Repository/TF_Customer_Create/3_Common_Action_Buttons/Click_Apply_Button/td_Apply' is clicked on

2019-01-18 20:18:09 - [MESSAGE][PASSED] - Object: 'Object Repository/TF_Customer_Create/3_Common_Action_Buttons/Click_Apply_Button/td_Apply' is clicked on

2019-01-18 20:18:09 - [TEST_STEP][PASSED] - delay(2): Delayed 2 second(s)

2019-01-18 20:18:11 - [MESSAGE][PASSED] - Delayed 2 second(s)

2019-01-18 20:18:11 - [TEST_STEP][PASSED] - click(findTestObject("TF_Customer_Create/3_Common_Action_Buttons/Click_Save_Button/btn_Save")): Object: 'Object Repository/TF_Customer_Create/3_Common_Action_Buttons/Click_Save_Button/btn_Save' is clicked on

2019-01-18 20:18:11 - [MESSAGE][PASSED] - Object: 'Object Repository/TF_Customer_Create/3_Common_Action_Buttons/Click_Save_Button/btn_Save' is clicked on

2019-01-18 20:18:11 - [TEST_STEP][PASSED] - delay(2): Delayed 2 second(s)

2019-01-18 20:18:13 - [MESSAGE][PASSED] - Delayed 2 second(s)

2019-01-18 20:18:13 - [TEST_STEP][NOT_RUN] - verifyElementText(findTestObject("TF_Customer_Create/3_Common_Action_Buttons/Verify_Success_Message/Success_Message"), "Record has been saved successfully.", CONTINUE_ON_FAILURE): NOT_RUN: verifyElementText(findTestObject("TF_Customer_Create/3_Common_Action_Buttons/Verify_Success_Message/Success_Message"), "Record has been saved successfully.", CONTINUE_ON_FAILURE)

2019-01-18 20:18:13 - [MESSAGE][NOT_RUN] - NOT_RUN: verifyElementText(findTestObject("TF_Customer_Create/3_Common_Action_Buttons/Verify_Success_Message/Success_Message"), "Record has been saved successfully.", CONTINUE_ON_FAILURE)

2019-01-18 20:18:13 - [TEST_STEP][NOT_RUN] - click(findTestObject("TF_Customer_Create/3_Common_Action_Buttons/Click_Data_Tab/span_Data_Tab")): NOT_RUN: click(findTestObject("TF_Customer_Create/3_Common_Action_Buttons/Click_Data_Tab/span_Data_Tab"))

2019-01-18 20:18:13 - [MESSAGE][NOT_RUN] - NOT_RUN: click(findTestObject("TF_Customer_Create/3_Common_Action_Buttons/Click_Data_Tab/span_Data_Tab"))

2019-01-18 20:18:13 - [TEST_STEP][NOT_RUN] - delay(1): NOT_RUN: delay(1)

2019-01-18 20:18:13 - [MESSAGE][NOT_RUN] - NOT_RUN: delay(1)

2019-01-18 20:18:13 - [TEST_STEP][NOT_RUN] - click(findTestObject("TF_Customer_Create/3_Common_Action_Buttons/Click_Close_Button/btn_Close")): NOT_RUN: click(findTestObject("TF_Customer_Create/3_Common_Action_Buttons/Click_Close_Button/btn_Close"))

2019-01-18 20:18:13 - [MESSAGE][NOT_RUN] - NOT_RUN: click(findTestObject("TF_Customer_Create/3_Common_Action_Buttons/Click_Close_Button/btn_Close"))

2019-01-18 20:18:13 - [TEST_STEP][NOT_RUN] - delay(2): NOT_RUN: delay(2)

2019-01-18 20:18:13 - [MESSAGE][NOT_RUN] - NOT_RUN: delay(2)

2019-01-18 20:18:13 - [TEST_STEP][NOT_RUN] - vrfy_PLA = com.oracledb.regressiontest.verifyPLA(ora_connt, ora_usr, ora_psswrd, ora_schema, plaAcctName): NOT_RUN: vrfy_PLA = com.oracledb.regressiontest.verifyPLA(ora_connt, ora_usr, ora_psswrd, ora_schema, plaAcctName)

2019-01-18 20:18:13 - [MESSAGE][NOT_RUN] - NOT_RUN: vrfy_PLA = com.oracledb.regressiontest.verifyPLA(ora_connt, ora_usr, ora_psswrd, ora_schema, plaAcctName)

2019-01-18 20:18:13 - [TEST_STEP][NOT_RUN] - println("Planning Account Name"): NOT_RUN: println("Planning Account Name")

2019-01-18 20:18:13 - [MESSAGE][NOT_RUN] - NOT_RUN: println("Planning Account Name")

2019-01-18 20:18:13 - [TEST_STEP][NOT_RUN] - verifyEqual(PLANNING_ACCOUNT_NAME, plaAcctName): NOT_RUN: verifyEqual(PLANNING_ACCOUNT_NAME, plaAcctName)

2019-01-18 20:18:13 - [MESSAGE][NOT_RUN] - NOT_RUN: verifyEqual(PLANNING_ACCOUNT_NAME, plaAcctName)]]></system-out>
         <system-err><![CDATA[]]></system-err>
      </testcase>
      <testcase name="Test Cases/Regression_TF_Customer/Create_Record/TC_13_Create_LDI_Vendor_Site" classname="Test Cases/Regression_TF_Customer/Create_Record/TC_13_Create_LDI_Vendor_Site" status="PASSED">
         <system-out><![CDATA[2019-01-18 20:18:13 - [TEST_CASE][PASSED] - Test Cases/Regression_TF_Customer/Create_Record/TC_13_Create_LDI_Vendor_Site: Test Cases/Regression_TF_Customer/Create_Record/TC_13_Create_LDI_Vendor_Site

2019-01-18 20:18:13 - [TEST_STEP][PASSED] - waitForPageLoad(G_Timeout): Wait for page load successfully

2019-01-18 20:18:13 - [MESSAGE][PASSED] - Wait for page load successfully

2019-01-18 20:18:13 - [TEST_STEP][PASSED] - mouseOver(findTestObject("TF_Customer_Create/1_Menu_Navigation_To_Open_All_Pages/0_Menu_Create_In_Data_View")): Object: 'Object Repository/TF_Customer_Create/1_Menu_Navigation_To_Open_All_Pages/0_Menu_Create_In_Data_View' is hovered

2019-01-18 20:18:13 - [MESSAGE][PASSED] - Object: 'Object Repository/TF_Customer_Create/1_Menu_Navigation_To_Open_All_Pages/0_Menu_Create_In_Data_View' is hovered

2019-01-18 20:18:13 - [TEST_STEP][PASSED] - waitForPageLoad(G_Timeout): Wait for page load successfully

2019-01-18 20:18:13 - [MESSAGE][PASSED] - Wait for page load successfully

2019-01-18 20:18:13 - [TEST_STEP][PASSED] - mouseOver(findTestObject("TF_Customer_Create/1_Menu_Navigation_To_Open_All_Pages/1_Menu_Create_Master_Data")): Object: 'Object Repository/TF_Customer_Create/1_Menu_Navigation_To_Open_All_Pages/1_Menu_Create_Master_Data' is hovered

2019-01-18 20:18:13 - [MESSAGE][PASSED] - Object: 'Object Repository/TF_Customer_Create/1_Menu_Navigation_To_Open_All_Pages/1_Menu_Create_Master_Data' is hovered

2019-01-18 20:18:13 - [TEST_STEP][PASSED] - waitForPageLoad(G_Timeout): Wait for page load successfully

2019-01-18 20:18:13 - [MESSAGE][PASSED] - Wait for page load successfully

2019-01-18 20:18:13 - [TEST_STEP][PASSED] - mouseOver(findTestObject("TF_Customer_Create/1_Menu_Navigation_To_Open_All_Pages/3_Planning_Account_Hoverover_Option")): Object: 'Object Repository/TF_Customer_Create/1_Menu_Navigation_To_Open_All_Pages/3_Planning_Account_Hoverover_Option' is hovered

2019-01-18 20:18:14 - [MESSAGE][PASSED] - Object: 'Object Repository/TF_Customer_Create/1_Menu_Navigation_To_Open_All_Pages/3_Planning_Account_Hoverover_Option' is hovered

2019-01-18 20:18:14 - [TEST_STEP][PASSED] - waitForPageLoad(G_Timeout): Wait for page load successfully

2019-01-18 20:18:14 - [MESSAGE][PASSED] - Wait for page load successfully

2019-01-18 20:18:14 - [TEST_STEP][PASSED] - click(findTestObject("TF_Customer_Create/2_Select_Menu_Options(All)/13_LDI_Vendor_Site")): Object: 'Object Repository/TF_Customer_Create/2_Select_Menu_Options(All)/13_LDI_Vendor_Site' is clicked on

2019-01-18 20:18:14 - [MESSAGE][PASSED] - Object: 'Object Repository/TF_Customer_Create/2_Select_Menu_Options(All)/13_LDI_Vendor_Site' is clicked on

2019-01-18 20:18:14 - [TEST_STEP][PASSED] - waitForPageLoad(G_Timeout): Wait for page load successfully

2019-01-18 20:18:14 - [MESSAGE][PASSED] - Wait for page load successfully

2019-01-18 20:18:14 - [TEST_STEP][PASSED] - delay(3): Delayed 3 second(s)

2019-01-18 20:18:17 - [MESSAGE][PASSED] - Delayed 3 second(s)

2019-01-18 20:18:17 - [TEST_STEP][PASSED] - vndSiteName = com.oracledb.regressiontest.genName(15): com.oracledb.regressiontest.genName is PASSED

2019-01-18 20:18:17 - [MESSAGE][PASSED] - com.oracledb.regressiontest.genName is PASSED

2019-01-18 20:18:17 - [TEST_STEP][PASSED] - vndSiteNumber = com.oracledb.regressiontest.genName(12): com.oracledb.regressiontest.genName is PASSED

2019-01-18 20:18:17 - [MESSAGE][PASSED] - com.oracledb.regressiontest.genName is PASSED

2019-01-18 20:18:17 - [TEST_STEP][PASSED] - vndSiteCd = com.oracledb.regressiontest.genName(10): com.oracledb.regressiontest.genName is PASSED

2019-01-18 20:18:17 - [MESSAGE][PASSED] - com.oracledb.regressiontest.genName is PASSED

2019-01-18 20:18:17 - [TEST_STEP][PASSED] - vndSiteCity = com.oracledb.regressiontest.genName(8): com.oracledb.regressiontest.genName is PASSED

2019-01-18 20:18:17 - [MESSAGE][PASSED] - com.oracledb.regressiontest.genName is PASSED

2019-01-18 20:18:17 - [TEST_STEP][PASSED] - vndSitePtlCd = com.oracledb.regressiontest.genName(6): com.oracledb.regressiontest.genName is PASSED

2019-01-18 20:18:17 - [MESSAGE][PASSED] - com.oracledb.regressiontest.genName is PASSED

2019-01-18 20:18:17 - [TEST_STEP][PASSED] - setText(findTestObject("TF_Customer_Create/4_Create_Objects_And_Save/13_Create_LDI_Vendor_Site/Input_Vendor_Site_Name/input_Vendor_Site_Nm"), vndSiteName): Text '9JO94K2O8J21FHC' is set on object 'Object Repository/TF_Customer_Create/4_Create_Objects_And_Save/13_Create_LDI_Vendor_Site/Input_Vendor_Site_Name/input_Vendor_Site_Nm'

2019-01-18 20:18:17 - [MESSAGE][PASSED] - Text '9JO94K2O8J21FHC' is set on object 'Object Repository/TF_Customer_Create/4_Create_Objects_And_Save/13_Create_LDI_Vendor_Site/Input_Vendor_Site_Name/input_Vendor_Site_Nm'

2019-01-18 20:18:17 - [TEST_STEP][PASSED] - setText(findTestObject("TF_Customer_Create/4_Create_Objects_And_Save/13_Create_LDI_Vendor_Site/Input_Vendor_Site_Name/input_Vendor_Site_Number"), vndSiteNumber): Text '9ALQDCVHDYUM' is set on object 'Object Repository/TF_Customer_Create/4_Create_Objects_And_Save/13_Create_LDI_Vendor_Site/Input_Vendor_Site_Name/input_Vendor_Site_Number'

2019-01-18 20:18:17 - [MESSAGE][PASSED] - Text '9ALQDCVHDYUM' is set on object 'Object Repository/TF_Customer_Create/4_Create_Objects_And_Save/13_Create_LDI_Vendor_Site/Input_Vendor_Site_Name/input_Vendor_Site_Number'

2019-01-18 20:18:17 - [TEST_STEP][PASSED] - setText(findTestObject("TF_Customer_Create/4_Create_Objects_And_Save/13_Create_LDI_Vendor_Site/Input_Vendor_Site_Name/input_Vendor_Site_Cd"), vndSiteCd): Text 'M1628M4G4J' is set on object 'Object Repository/TF_Customer_Create/4_Create_Objects_And_Save/13_Create_LDI_Vendor_Site/Input_Vendor_Site_Name/input_Vendor_Site_Cd'

2019-01-18 20:18:17 - [MESSAGE][PASSED] - Text 'M1628M4G4J' is set on object 'Object Repository/TF_Customer_Create/4_Create_Objects_And_Save/13_Create_LDI_Vendor_Site/Input_Vendor_Site_Name/input_Vendor_Site_Cd'

2019-01-18 20:18:17 - [TEST_STEP][PASSED] - setText(findTestObject("TF_Customer_Create/4_Create_Objects_And_Save/13_Create_LDI_Vendor_Site/Input_Vendor_Site_Name/input_Vendor_Site_City"), vndSiteCity): Text 'SGMEAY3W' is set on object 'Object Repository/TF_Customer_Create/4_Create_Objects_And_Save/13_Create_LDI_Vendor_Site/Input_Vendor_Site_Name/input_Vendor_Site_City'

2019-01-18 20:18:17 - [MESSAGE][PASSED] - Text 'SGMEAY3W' is set on object 'Object Repository/TF_Customer_Create/4_Create_Objects_And_Save/13_Create_LDI_Vendor_Site/Input_Vendor_Site_Name/input_Vendor_Site_City'

2019-01-18 20:18:17 - [TEST_STEP][PASSED] - setText(findTestObject("TF_Customer_Create/4_Create_Objects_And_Save/13_Create_LDI_Vendor_Site/Input_Vendor_Site_Name/input_Vendor_Site_Postal_Code"), vndSitePtlCd): Text 'PSV7LR' is set on object 'Object Repository/TF_Customer_Create/4_Create_Objects_And_Save/13_Create_LDI_Vendor_Site/Input_Vendor_Site_Name/input_Vendor_Site_Postal_Code'

2019-01-18 20:18:17 - [MESSAGE][PASSED] - Text 'PSV7LR' is set on object 'Object Repository/TF_Customer_Create/4_Create_Objects_And_Save/13_Create_LDI_Vendor_Site/Input_Vendor_Site_Name/input_Vendor_Site_Postal_Code'

2019-01-18 20:18:17 - [TEST_STEP][NOT_RUN] - setText(findTestObject("TF_Customer_Create/4_Create_Objects_And_Save/Set_Effective_Dates/input_Effective_End_Date"), input_Eff_End_Dt): NOT_RUN: setText(findTestObject("TF_Customer_Create/4_Create_Objects_And_Save/Set_Effective_Dates/input_Effective_End_Date"), input_Eff_End_Dt)

2019-01-18 20:18:17 - [MESSAGE][NOT_RUN] - NOT_RUN: setText(findTestObject("TF_Customer_Create/4_Create_Objects_And_Save/Set_Effective_Dates/input_Effective_End_Date"), input_Eff_End_Dt)

2019-01-18 20:18:17 - [TEST_STEP][PASSED] - delay(2): Delayed 2 second(s)

2019-01-18 20:18:19 - [MESSAGE][PASSED] - Delayed 2 second(s)

2019-01-18 20:18:19 - [TEST_STEP][PASSED] - click(findTestObject("TF_Customer_Create/3_Common_Action_Buttons/Click_Data_Tab/span_Data_Tab")): Object: 'Object Repository/TF_Customer_Create/3_Common_Action_Buttons/Click_Data_Tab/span_Data_Tab' is clicked on

2019-01-18 20:18:19 - [MESSAGE][PASSED] - Object: 'Object Repository/TF_Customer_Create/3_Common_Action_Buttons/Click_Data_Tab/span_Data_Tab' is clicked on

2019-01-18 20:18:19 - [TEST_STEP][NOT_RUN] - click(findTestObject("TF_Customer_Create/4_Create_Objects_And_Save/Choose_Sales_Org/Click_Sales_Org_DD"), CONTINUE_ON_FAILURE): NOT_RUN: click(findTestObject("TF_Customer_Create/4_Create_Objects_And_Save/Choose_Sales_Org/Click_Sales_Org_DD"), CONTINUE_ON_FAILURE)

2019-01-18 20:18:19 - [MESSAGE][NOT_RUN] - NOT_RUN: click(findTestObject("TF_Customer_Create/4_Create_Objects_And_Save/Choose_Sales_Org/Click_Sales_Org_DD"), CONTINUE_ON_FAILURE)

2019-01-18 20:18:19 - [TEST_STEP][NOT_RUN] - click(findTestObject("TF_Customer_Create/4_Create_Objects_And_Save/Choose_Sales_Org/CA_Object"), CONTINUE_ON_FAILURE): NOT_RUN: click(findTestObject("TF_Customer_Create/4_Create_Objects_And_Save/Choose_Sales_Org/CA_Object"), CONTINUE_ON_FAILURE)

2019-01-18 20:18:19 - [MESSAGE][NOT_RUN] - NOT_RUN: click(findTestObject("TF_Customer_Create/4_Create_Objects_And_Save/Choose_Sales_Org/CA_Object"), CONTINUE_ON_FAILURE)

2019-01-18 20:18:19 - [TEST_STEP][PASSED] - delay(2): Delayed 2 second(s)

2019-01-18 20:18:21 - [MESSAGE][PASSED] - Delayed 2 second(s)

2019-01-18 20:18:21 - [TEST_STEP][PASSED] - click(findTestObject("TF_Customer_Create/3_Common_Action_Buttons/Click_Apply_Button/td_Apply")): Object: 'Object Repository/TF_Customer_Create/3_Common_Action_Buttons/Click_Apply_Button/td_Apply' is clicked on

2019-01-18 20:18:22 - [MESSAGE][PASSED] - Object: 'Object Repository/TF_Customer_Create/3_Common_Action_Buttons/Click_Apply_Button/td_Apply' is clicked on

2019-01-18 20:18:22 - [TEST_STEP][PASSED] - delay(2): Delayed 2 second(s)

2019-01-18 20:18:24 - [MESSAGE][PASSED] - Delayed 2 second(s)

2019-01-18 20:18:24 - [TEST_STEP][PASSED] - click(findTestObject("TF_Customer_Create/3_Common_Action_Buttons/Click_Save_Button/btn_Save")): Object: 'Object Repository/TF_Customer_Create/3_Common_Action_Buttons/Click_Save_Button/btn_Save' is clicked on

2019-01-18 20:18:24 - [MESSAGE][PASSED] - Object: 'Object Repository/TF_Customer_Create/3_Common_Action_Buttons/Click_Save_Button/btn_Save' is clicked on

2019-01-18 20:18:24 - [TEST_STEP][PASSED] - delay(2): Delayed 2 second(s)

2019-01-18 20:18:26 - [MESSAGE][PASSED] - Delayed 2 second(s)

2019-01-18 20:18:26 - [TEST_STEP][NOT_RUN] - verifyElementText(findTestObject("TF_Customer_Create/3_Common_Action_Buttons/Verify_Success_Message/Success_Message"), "Record has been saved successfully.", CONTINUE_ON_FAILURE): NOT_RUN: verifyElementText(findTestObject("TF_Customer_Create/3_Common_Action_Buttons/Verify_Success_Message/Success_Message"), "Record has been saved successfully.", CONTINUE_ON_FAILURE)

2019-01-18 20:18:26 - [MESSAGE][NOT_RUN] - NOT_RUN: verifyElementText(findTestObject("TF_Customer_Create/3_Common_Action_Buttons/Verify_Success_Message/Success_Message"), "Record has been saved successfully.", CONTINUE_ON_FAILURE)

2019-01-18 20:18:26 - [TEST_STEP][NOT_RUN] - click(findTestObject("TF_Customer_Create/3_Common_Action_Buttons/Click_Data_Tab/span_Data_Tab")): NOT_RUN: click(findTestObject("TF_Customer_Create/3_Common_Action_Buttons/Click_Data_Tab/span_Data_Tab"))

2019-01-18 20:18:26 - [MESSAGE][NOT_RUN] - NOT_RUN: click(findTestObject("TF_Customer_Create/3_Common_Action_Buttons/Click_Data_Tab/span_Data_Tab"))

2019-01-18 20:18:26 - [TEST_STEP][NOT_RUN] - delay(1): NOT_RUN: delay(1)

2019-01-18 20:18:26 - [MESSAGE][NOT_RUN] - NOT_RUN: delay(1)

2019-01-18 20:18:26 - [TEST_STEP][NOT_RUN] - click(findTestObject("TF_Customer_Create/3_Common_Action_Buttons/Click_Close_Button/btn_Close")): NOT_RUN: click(findTestObject("TF_Customer_Create/3_Common_Action_Buttons/Click_Close_Button/btn_Close"))

2019-01-18 20:18:26 - [MESSAGE][NOT_RUN] - NOT_RUN: click(findTestObject("TF_Customer_Create/3_Common_Action_Buttons/Click_Close_Button/btn_Close"))

2019-01-18 20:18:26 - [TEST_STEP][NOT_RUN] - delay(2): NOT_RUN: delay(2)

2019-01-18 20:18:26 - [MESSAGE][NOT_RUN] - NOT_RUN: delay(2)

2019-01-18 20:18:26 - [TEST_STEP][NOT_RUN] - vrfy_PLA = com.oracledb.regressiontest.verifyPLA(ora_connt, ora_usr, ora_psswrd, ora_schema, plaAcctName): NOT_RUN: vrfy_PLA = com.oracledb.regressiontest.verifyPLA(ora_connt, ora_usr, ora_psswrd, ora_schema, plaAcctName)

2019-01-18 20:18:26 - [MESSAGE][NOT_RUN] - NOT_RUN: vrfy_PLA = com.oracledb.regressiontest.verifyPLA(ora_connt, ora_usr, ora_psswrd, ora_schema, plaAcctName)

2019-01-18 20:18:26 - [TEST_STEP][NOT_RUN] - println("Planning Account Name"): NOT_RUN: println("Planning Account Name")

2019-01-18 20:18:26 - [MESSAGE][NOT_RUN] - NOT_RUN: println("Planning Account Name")

2019-01-18 20:18:26 - [TEST_STEP][NOT_RUN] - verifyEqual(PLANNING_ACCOUNT_NAME, plaAcctName): NOT_RUN: verifyEqual(PLANNING_ACCOUNT_NAME, plaAcctName)

2019-01-18 20:18:26 - [MESSAGE][NOT_RUN] - NOT_RUN: verifyEqual(PLANNING_ACCOUNT_NAME, plaAcctName)]]></system-out>
         <system-err><![CDATA[]]></system-err>
      </testcase>
      <testcase name="Test Cases/Regression_TF_Customer/Create_Record/TC_13_Create_LDI_Vendor_Site" classname="Test Cases/Regression_TF_Customer/Create_Record/TC_13_Create_LDI_Vendor_Site" status="PASSED">
         <system-out><![CDATA[2019-01-18 20:18:26 - [TEST_CASE][PASSED] - Test Cases/Regression_TF_Customer/Create_Record/TC_13_Create_LDI_Vendor_Site: Test Cases/Regression_TF_Customer/Create_Record/TC_13_Create_LDI_Vendor_Site

2019-01-18 20:18:26 - [TEST_STEP][PASSED] - waitForPageLoad(G_Timeout): Wait for page load successfully

2019-01-18 20:18:26 - [MESSAGE][PASSED] - Wait for page load successfully

2019-01-18 20:18:26 - [TEST_STEP][PASSED] - mouseOver(findTestObject("TF_Customer_Create/1_Menu_Navigation_To_Open_All_Pages/0_Menu_Create_In_Data_View")): Object: 'Object Repository/TF_Customer_Create/1_Menu_Navigation_To_Open_All_Pages/0_Menu_Create_In_Data_View' is hovered

2019-01-18 20:18:26 - [MESSAGE][PASSED] - Object: 'Object Repository/TF_Customer_Create/1_Menu_Navigation_To_Open_All_Pages/0_Menu_Create_In_Data_View' is hovered

2019-01-18 20:18:26 - [TEST_STEP][PASSED] - waitForPageLoad(G_Timeout): Wait for page load successfully

2019-01-18 20:18:26 - [MESSAGE][PASSED] - Wait for page load successfully

2019-01-18 20:18:26 - [TEST_STEP][PASSED] - mouseOver(findTestObject("TF_Customer_Create/1_Menu_Navigation_To_Open_All_Pages/1_Menu_Create_Master_Data")): Object: 'Object Repository/TF_Customer_Create/1_Menu_Navigation_To_Open_All_Pages/1_Menu_Create_Master_Data' is hovered

2019-01-18 20:18:26 - [MESSAGE][PASSED] - Object: 'Object Repository/TF_Customer_Create/1_Menu_Navigation_To_Open_All_Pages/1_Menu_Create_Master_Data' is hovered

2019-01-18 20:18:26 - [TEST_STEP][PASSED] - waitForPageLoad(G_Timeout): Wait for page load successfully

2019-01-18 20:18:26 - [MESSAGE][PASSED] - Wait for page load successfully

2019-01-18 20:18:26 - [TEST_STEP][PASSED] - mouseOver(findTestObject("TF_Customer_Create/1_Menu_Navigation_To_Open_All_Pages/3_Planning_Account_Hoverover_Option")): Object: 'Object Repository/TF_Customer_Create/1_Menu_Navigation_To_Open_All_Pages/3_Planning_Account_Hoverover_Option' is hovered

2019-01-18 20:18:26 - [MESSAGE][PASSED] - Object: 'Object Repository/TF_Customer_Create/1_Menu_Navigation_To_Open_All_Pages/3_Planning_Account_Hoverover_Option' is hovered

2019-01-18 20:18:26 - [TEST_STEP][PASSED] - waitForPageLoad(G_Timeout): Wait for page load successfully

2019-01-18 20:18:26 - [MESSAGE][PASSED] - Wait for page load successfully

2019-01-18 20:18:26 - [TEST_STEP][PASSED] - click(findTestObject("TF_Customer_Create/2_Select_Menu_Options(All)/13_LDI_Vendor_Site")): Object: 'Object Repository/TF_Customer_Create/2_Select_Menu_Options(All)/13_LDI_Vendor_Site' is clicked on

2019-01-18 20:18:26 - [MESSAGE][PASSED] - Object: 'Object Repository/TF_Customer_Create/2_Select_Menu_Options(All)/13_LDI_Vendor_Site' is clicked on

2019-01-18 20:18:26 - [TEST_STEP][PASSED] - waitForPageLoad(G_Timeout): Wait for page load successfully

2019-01-18 20:18:26 - [MESSAGE][PASSED] - Wait for page load successfully

2019-01-18 20:18:26 - [TEST_STEP][PASSED] - delay(3): Delayed 3 second(s)

2019-01-18 20:18:29 - [MESSAGE][PASSED] - Delayed 3 second(s)

2019-01-18 20:18:29 - [TEST_STEP][PASSED] - vndSiteName = com.oracledb.regressiontest.genName(15): com.oracledb.regressiontest.genName is PASSED

2019-01-18 20:18:29 - [MESSAGE][PASSED] - com.oracledb.regressiontest.genName is PASSED

2019-01-18 20:18:29 - [TEST_STEP][PASSED] - vndSiteNumber = com.oracledb.regressiontest.genName(12): com.oracledb.regressiontest.genName is PASSED

2019-01-18 20:18:30 - [MESSAGE][PASSED] - com.oracledb.regressiontest.genName is PASSED

2019-01-18 20:18:30 - [TEST_STEP][PASSED] - vndSiteCd = com.oracledb.regressiontest.genName(10): com.oracledb.regressiontest.genName is PASSED

2019-01-18 20:18:30 - [MESSAGE][PASSED] - com.oracledb.regressiontest.genName is PASSED

2019-01-18 20:18:30 - [TEST_STEP][PASSED] - vndSiteCity = com.oracledb.regressiontest.genName(8): com.oracledb.regressiontest.genName is PASSED

2019-01-18 20:18:30 - [MESSAGE][PASSED] - com.oracledb.regressiontest.genName is PASSED

2019-01-18 20:18:30 - [TEST_STEP][PASSED] - vndSitePtlCd = com.oracledb.regressiontest.genName(6): com.oracledb.regressiontest.genName is PASSED

2019-01-18 20:18:30 - [MESSAGE][PASSED] - com.oracledb.regressiontest.genName is PASSED

2019-01-18 20:18:30 - [TEST_STEP][PASSED] - setText(findTestObject("TF_Customer_Create/4_Create_Objects_And_Save/13_Create_LDI_Vendor_Site/Input_Vendor_Site_Name/input_Vendor_Site_Nm"), vndSiteName): Text 'EXMXTDP95DG00D6' is set on object 'Object Repository/TF_Customer_Create/4_Create_Objects_And_Save/13_Create_LDI_Vendor_Site/Input_Vendor_Site_Name/input_Vendor_Site_Nm'

2019-01-18 20:18:30 - [MESSAGE][PASSED] - Text 'EXMXTDP95DG00D6' is set on object 'Object Repository/TF_Customer_Create/4_Create_Objects_And_Save/13_Create_LDI_Vendor_Site/Input_Vendor_Site_Name/input_Vendor_Site_Nm'

2019-01-18 20:18:30 - [TEST_STEP][PASSED] - setText(findTestObject("TF_Customer_Create/4_Create_Objects_And_Save/13_Create_LDI_Vendor_Site/Input_Vendor_Site_Name/input_Vendor_Site_Number"), vndSiteNumber): Text 'NVKFKQBRI0ST' is set on object 'Object Repository/TF_Customer_Create/4_Create_Objects_And_Save/13_Create_LDI_Vendor_Site/Input_Vendor_Site_Name/input_Vendor_Site_Number'

2019-01-18 20:18:30 - [MESSAGE][PASSED] - Text 'NVKFKQBRI0ST' is set on object 'Object Repository/TF_Customer_Create/4_Create_Objects_And_Save/13_Create_LDI_Vendor_Site/Input_Vendor_Site_Name/input_Vendor_Site_Number'

2019-01-18 20:18:30 - [TEST_STEP][PASSED] - setText(findTestObject("TF_Customer_Create/4_Create_Objects_And_Save/13_Create_LDI_Vendor_Site/Input_Vendor_Site_Name/input_Vendor_Site_Cd"), vndSiteCd): Text 'PPYLFH1336' is set on object 'Object Repository/TF_Customer_Create/4_Create_Objects_And_Save/13_Create_LDI_Vendor_Site/Input_Vendor_Site_Name/input_Vendor_Site_Cd'

2019-01-18 20:18:30 - [MESSAGE][PASSED] - Text 'PPYLFH1336' is set on object 'Object Repository/TF_Customer_Create/4_Create_Objects_And_Save/13_Create_LDI_Vendor_Site/Input_Vendor_Site_Name/input_Vendor_Site_Cd'

2019-01-18 20:18:30 - [TEST_STEP][PASSED] - setText(findTestObject("TF_Customer_Create/4_Create_Objects_And_Save/13_Create_LDI_Vendor_Site/Input_Vendor_Site_Name/input_Vendor_Site_City"), vndSiteCity): Text 'JXYER3VV' is set on object 'Object Repository/TF_Customer_Create/4_Create_Objects_And_Save/13_Create_LDI_Vendor_Site/Input_Vendor_Site_Name/input_Vendor_Site_City'

2019-01-18 20:18:30 - [MESSAGE][PASSED] - Text 'JXYER3VV' is set on object 'Object Repository/TF_Customer_Create/4_Create_Objects_And_Save/13_Create_LDI_Vendor_Site/Input_Vendor_Site_Name/input_Vendor_Site_City'

2019-01-18 20:18:30 - [TEST_STEP][PASSED] - setText(findTestObject("TF_Customer_Create/4_Create_Objects_And_Save/13_Create_LDI_Vendor_Site/Input_Vendor_Site_Name/input_Vendor_Site_Postal_Code"), vndSitePtlCd): Text '4BLSRX' is set on object 'Object Repository/TF_Customer_Create/4_Create_Objects_And_Save/13_Create_LDI_Vendor_Site/Input_Vendor_Site_Name/input_Vendor_Site_Postal_Code'

2019-01-18 20:18:30 - [MESSAGE][PASSED] - Text '4BLSRX' is set on object 'Object Repository/TF_Customer_Create/4_Create_Objects_And_Save/13_Create_LDI_Vendor_Site/Input_Vendor_Site_Name/input_Vendor_Site_Postal_Code'

2019-01-18 20:18:30 - [TEST_STEP][NOT_RUN] - setText(findTestObject("TF_Customer_Create/4_Create_Objects_And_Save/Set_Effective_Dates/input_Effective_End_Date"), input_Eff_End_Dt): NOT_RUN: setText(findTestObject("TF_Customer_Create/4_Create_Objects_And_Save/Set_Effective_Dates/input_Effective_End_Date"), input_Eff_End_Dt)

2019-01-18 20:18:30 - [MESSAGE][NOT_RUN] - NOT_RUN: setText(findTestObject("TF_Customer_Create/4_Create_Objects_And_Save/Set_Effective_Dates/input_Effective_End_Date"), input_Eff_End_Dt)

2019-01-18 20:18:30 - [TEST_STEP][PASSED] - delay(2): Delayed 2 second(s)

2019-01-18 20:18:32 - [MESSAGE][PASSED] - Delayed 2 second(s)

2019-01-18 20:18:32 - [TEST_STEP][PASSED] - click(findTestObject("TF_Customer_Create/3_Common_Action_Buttons/Click_Data_Tab/span_Data_Tab")): Object: 'Object Repository/TF_Customer_Create/3_Common_Action_Buttons/Click_Data_Tab/span_Data_Tab' is clicked on

2019-01-18 20:18:32 - [MESSAGE][PASSED] - Object: 'Object Repository/TF_Customer_Create/3_Common_Action_Buttons/Click_Data_Tab/span_Data_Tab' is clicked on

2019-01-18 20:18:32 - [TEST_STEP][NOT_RUN] - click(findTestObject("TF_Customer_Create/4_Create_Objects_And_Save/Choose_Sales_Org/Click_Sales_Org_DD"), CONTINUE_ON_FAILURE): NOT_RUN: click(findTestObject("TF_Customer_Create/4_Create_Objects_And_Save/Choose_Sales_Org/Click_Sales_Org_DD"), CONTINUE_ON_FAILURE)

2019-01-18 20:18:32 - [MESSAGE][NOT_RUN] - NOT_RUN: click(findTestObject("TF_Customer_Create/4_Create_Objects_And_Save/Choose_Sales_Org/Click_Sales_Org_DD"), CONTINUE_ON_FAILURE)

2019-01-18 20:18:32 - [TEST_STEP][NOT_RUN] - click(findTestObject("TF_Customer_Create/4_Create_Objects_And_Save/Choose_Sales_Org/CA_Object"), CONTINUE_ON_FAILURE): NOT_RUN: click(findTestObject("TF_Customer_Create/4_Create_Objects_And_Save/Choose_Sales_Org/CA_Object"), CONTINUE_ON_FAILURE)

2019-01-18 20:18:32 - [MESSAGE][NOT_RUN] - NOT_RUN: click(findTestObject("TF_Customer_Create/4_Create_Objects_And_Save/Choose_Sales_Org/CA_Object"), CONTINUE_ON_FAILURE)

2019-01-18 20:18:32 - [TEST_STEP][PASSED] - delay(2): Delayed 2 second(s)

2019-01-18 20:18:34 - [MESSAGE][PASSED] - Delayed 2 second(s)

2019-01-18 20:18:34 - [TEST_STEP][PASSED] - click(findTestObject("TF_Customer_Create/3_Common_Action_Buttons/Click_Apply_Button/td_Apply")): Object: 'Object Repository/TF_Customer_Create/3_Common_Action_Buttons/Click_Apply_Button/td_Apply' is clicked on

2019-01-18 20:18:34 - [MESSAGE][PASSED] - Object: 'Object Repository/TF_Customer_Create/3_Common_Action_Buttons/Click_Apply_Button/td_Apply' is clicked on

2019-01-18 20:18:34 - [TEST_STEP][PASSED] - delay(2): Delayed 2 second(s)

2019-01-18 20:18:36 - [MESSAGE][PASSED] - Delayed 2 second(s)

2019-01-18 20:18:36 - [TEST_STEP][PASSED] - click(findTestObject("TF_Customer_Create/3_Common_Action_Buttons/Click_Save_Button/btn_Save")): Object: 'Object Repository/TF_Customer_Create/3_Common_Action_Buttons/Click_Save_Button/btn_Save' is clicked on

2019-01-18 20:18:37 - [MESSAGE][PASSED] - Object: 'Object Repository/TF_Customer_Create/3_Common_Action_Buttons/Click_Save_Button/btn_Save' is clicked on

2019-01-18 20:18:37 - [TEST_STEP][PASSED] - delay(2): Delayed 2 second(s)

2019-01-18 20:18:39 - [MESSAGE][PASSED] - Delayed 2 second(s)

2019-01-18 20:18:39 - [TEST_STEP][NOT_RUN] - verifyElementText(findTestObject("TF_Customer_Create/3_Common_Action_Buttons/Verify_Success_Message/Success_Message"), "Record has been saved successfully.", CONTINUE_ON_FAILURE): NOT_RUN: verifyElementText(findTestObject("TF_Customer_Create/3_Common_Action_Buttons/Verify_Success_Message/Success_Message"), "Record has been saved successfully.", CONTINUE_ON_FAILURE)

2019-01-18 20:18:39 - [MESSAGE][NOT_RUN] - NOT_RUN: verifyElementText(findTestObject("TF_Customer_Create/3_Common_Action_Buttons/Verify_Success_Message/Success_Message"), "Record has been saved successfully.", CONTINUE_ON_FAILURE)

2019-01-18 20:18:39 - [TEST_STEP][NOT_RUN] - click(findTestObject("TF_Customer_Create/3_Common_Action_Buttons/Click_Data_Tab/span_Data_Tab")): NOT_RUN: click(findTestObject("TF_Customer_Create/3_Common_Action_Buttons/Click_Data_Tab/span_Data_Tab"))

2019-01-18 20:18:39 - [MESSAGE][NOT_RUN] - NOT_RUN: click(findTestObject("TF_Customer_Create/3_Common_Action_Buttons/Click_Data_Tab/span_Data_Tab"))

2019-01-18 20:18:39 - [TEST_STEP][NOT_RUN] - delay(1): NOT_RUN: delay(1)

2019-01-18 20:18:39 - [MESSAGE][NOT_RUN] - NOT_RUN: delay(1)

2019-01-18 20:18:39 - [TEST_STEP][NOT_RUN] - click(findTestObject("TF_Customer_Create/3_Common_Action_Buttons/Click_Close_Button/btn_Close")): NOT_RUN: click(findTestObject("TF_Customer_Create/3_Common_Action_Buttons/Click_Close_Button/btn_Close"))

2019-01-18 20:18:39 - [MESSAGE][NOT_RUN] - NOT_RUN: click(findTestObject("TF_Customer_Create/3_Common_Action_Buttons/Click_Close_Button/btn_Close"))

2019-01-18 20:18:39 - [TEST_STEP][NOT_RUN] - delay(2): NOT_RUN: delay(2)

2019-01-18 20:18:39 - [MESSAGE][NOT_RUN] - NOT_RUN: delay(2)

2019-01-18 20:18:39 - [TEST_STEP][NOT_RUN] - vrfy_PLA = com.oracledb.regressiontest.verifyPLA(ora_connt, ora_usr, ora_psswrd, ora_schema, plaAcctName): NOT_RUN: vrfy_PLA = com.oracledb.regressiontest.verifyPLA(ora_connt, ora_usr, ora_psswrd, ora_schema, plaAcctName)

2019-01-18 20:18:39 - [MESSAGE][NOT_RUN] - NOT_RUN: vrfy_PLA = com.oracledb.regressiontest.verifyPLA(ora_connt, ora_usr, ora_psswrd, ora_schema, plaAcctName)

2019-01-18 20:18:39 - [TEST_STEP][NOT_RUN] - println("Planning Account Name"): NOT_RUN: println("Planning Account Name")

2019-01-18 20:18:39 - [MESSAGE][NOT_RUN] - NOT_RUN: println("Planning Account Name")

2019-01-18 20:18:39 - [TEST_STEP][NOT_RUN] - verifyEqual(PLANNING_ACCOUNT_NAME, plaAcctName): NOT_RUN: verifyEqual(PLANNING_ACCOUNT_NAME, plaAcctName)

2019-01-18 20:18:39 - [MESSAGE][NOT_RUN] - NOT_RUN: verifyEqual(PLANNING_ACCOUNT_NAME, plaAcctName)]]></system-out>
         <system-err><![CDATA[]]></system-err>
      </testcase>
      <testcase name="Test Cases/Regression_TF_Customer/Create_Record/TC_13_Create_LDI_Vendor_Site" classname="Test Cases/Regression_TF_Customer/Create_Record/TC_13_Create_LDI_Vendor_Site" status="PASSED">
         <system-out><![CDATA[2019-01-18 20:18:39 - [TEST_CASE][PASSED] - Test Cases/Regression_TF_Customer/Create_Record/TC_13_Create_LDI_Vendor_Site: Test Cases/Regression_TF_Customer/Create_Record/TC_13_Create_LDI_Vendor_Site

2019-01-18 20:18:39 - [TEST_STEP][PASSED] - waitForPageLoad(G_Timeout): Wait for page load successfully

2019-01-18 20:18:39 - [MESSAGE][PASSED] - Wait for page load successfully

2019-01-18 20:18:39 - [TEST_STEP][PASSED] - mouseOver(findTestObject("TF_Customer_Create/1_Menu_Navigation_To_Open_All_Pages/0_Menu_Create_In_Data_View")): Object: 'Object Repository/TF_Customer_Create/1_Menu_Navigation_To_Open_All_Pages/0_Menu_Create_In_Data_View' is hovered

2019-01-18 20:18:39 - [MESSAGE][PASSED] - Object: 'Object Repository/TF_Customer_Create/1_Menu_Navigation_To_Open_All_Pages/0_Menu_Create_In_Data_View' is hovered

2019-01-18 20:18:39 - [TEST_STEP][PASSED] - waitForPageLoad(G_Timeout): Wait for page load successfully

2019-01-18 20:18:39 - [MESSAGE][PASSED] - Wait for page load successfully

2019-01-18 20:18:39 - [TEST_STEP][PASSED] - mouseOver(findTestObject("TF_Customer_Create/1_Menu_Navigation_To_Open_All_Pages/1_Menu_Create_Master_Data")): Object: 'Object Repository/TF_Customer_Create/1_Menu_Navigation_To_Open_All_Pages/1_Menu_Create_Master_Data' is hovered

2019-01-18 20:18:39 - [MESSAGE][PASSED] - Object: 'Object Repository/TF_Customer_Create/1_Menu_Navigation_To_Open_All_Pages/1_Menu_Create_Master_Data' is hovered

2019-01-18 20:18:39 - [TEST_STEP][PASSED] - waitForPageLoad(G_Timeout): Wait for page load successfully

2019-01-18 20:18:39 - [MESSAGE][PASSED] - Wait for page load successfully

2019-01-18 20:18:39 - [TEST_STEP][PASSED] - mouseOver(findTestObject("TF_Customer_Create/1_Menu_Navigation_To_Open_All_Pages/3_Planning_Account_Hoverover_Option")): Object: 'Object Repository/TF_Customer_Create/1_Menu_Navigation_To_Open_All_Pages/3_Planning_Account_Hoverover_Option' is hovered

2019-01-18 20:18:39 - [MESSAGE][PASSED] - Object: 'Object Repository/TF_Customer_Create/1_Menu_Navigation_To_Open_All_Pages/3_Planning_Account_Hoverover_Option' is hovered

2019-01-18 20:18:39 - [TEST_STEP][PASSED] - waitForPageLoad(G_Timeout): Wait for page load successfully

2019-01-18 20:18:39 - [MESSAGE][PASSED] - Wait for page load successfully

2019-01-18 20:18:39 - [TEST_STEP][PASSED] - click(findTestObject("TF_Customer_Create/2_Select_Menu_Options(All)/13_LDI_Vendor_Site")): Object: 'Object Repository/TF_Customer_Create/2_Select_Menu_Options(All)/13_LDI_Vendor_Site' is clicked on

2019-01-18 20:18:39 - [MESSAGE][PASSED] - Object: 'Object Repository/TF_Customer_Create/2_Select_Menu_Options(All)/13_LDI_Vendor_Site' is clicked on

2019-01-18 20:18:39 - [TEST_STEP][PASSED] - waitForPageLoad(G_Timeout): Wait for page load successfully

2019-01-18 20:18:39 - [MESSAGE][PASSED] - Wait for page load successfully

2019-01-18 20:18:39 - [TEST_STEP][PASSED] - delay(3): Delayed 3 second(s)

2019-01-18 20:18:42 - [MESSAGE][PASSED] - Delayed 3 second(s)

2019-01-18 20:18:42 - [TEST_STEP][PASSED] - vndSiteName = com.oracledb.regressiontest.genName(15): com.oracledb.regressiontest.genName is PASSED

2019-01-18 20:18:42 - [MESSAGE][PASSED] - com.oracledb.regressiontest.genName is PASSED

2019-01-18 20:18:42 - [TEST_STEP][PASSED] - vndSiteNumber = com.oracledb.regressiontest.genName(12): com.oracledb.regressiontest.genName is PASSED

2019-01-18 20:18:42 - [MESSAGE][PASSED] - com.oracledb.regressiontest.genName is PASSED

2019-01-18 20:18:42 - [TEST_STEP][PASSED] - vndSiteCd = com.oracledb.regressiontest.genName(10): com.oracledb.regressiontest.genName is PASSED

2019-01-18 20:18:42 - [MESSAGE][PASSED] - com.oracledb.regressiontest.genName is PASSED

2019-01-18 20:18:42 - [TEST_STEP][PASSED] - vndSiteCity = com.oracledb.regressiontest.genName(8): com.oracledb.regressiontest.genName is PASSED

2019-01-18 20:18:42 - [MESSAGE][PASSED] - com.oracledb.regressiontest.genName is PASSED

2019-01-18 20:18:42 - [TEST_STEP][PASSED] - vndSitePtlCd = com.oracledb.regressiontest.genName(6): com.oracledb.regressiontest.genName is PASSED

2019-01-18 20:18:42 - [MESSAGE][PASSED] - com.oracledb.regressiontest.genName is PASSED

2019-01-18 20:18:42 - [TEST_STEP][PASSED] - setText(findTestObject("TF_Customer_Create/4_Create_Objects_And_Save/13_Create_LDI_Vendor_Site/Input_Vendor_Site_Name/input_Vendor_Site_Nm"), vndSiteName): Text 'FQZ5BSEJBPW9URI' is set on object 'Object Repository/TF_Customer_Create/4_Create_Objects_And_Save/13_Create_LDI_Vendor_Site/Input_Vendor_Site_Name/input_Vendor_Site_Nm'

2019-01-18 20:18:43 - [MESSAGE][PASSED] - Text 'FQZ5BSEJBPW9URI' is set on object 'Object Repository/TF_Customer_Create/4_Create_Objects_And_Save/13_Create_LDI_Vendor_Site/Input_Vendor_Site_Name/input_Vendor_Site_Nm'

2019-01-18 20:18:43 - [TEST_STEP][PASSED] - setText(findTestObject("TF_Customer_Create/4_Create_Objects_And_Save/13_Create_LDI_Vendor_Site/Input_Vendor_Site_Name/input_Vendor_Site_Number"), vndSiteNumber): Text 'FHU7V16F6DM4' is set on object 'Object Repository/TF_Customer_Create/4_Create_Objects_And_Save/13_Create_LDI_Vendor_Site/Input_Vendor_Site_Name/input_Vendor_Site_Number'

2019-01-18 20:18:43 - [MESSAGE][PASSED] - Text 'FHU7V16F6DM4' is set on object 'Object Repository/TF_Customer_Create/4_Create_Objects_And_Save/13_Create_LDI_Vendor_Site/Input_Vendor_Site_Name/input_Vendor_Site_Number'

2019-01-18 20:18:43 - [TEST_STEP][PASSED] - setText(findTestObject("TF_Customer_Create/4_Create_Objects_And_Save/13_Create_LDI_Vendor_Site/Input_Vendor_Site_Name/input_Vendor_Site_Cd"), vndSiteCd): Text 'NXO10E69ZI' is set on object 'Object Repository/TF_Customer_Create/4_Create_Objects_And_Save/13_Create_LDI_Vendor_Site/Input_Vendor_Site_Name/input_Vendor_Site_Cd'

2019-01-18 20:18:43 - [MESSAGE][PASSED] - Text 'NXO10E69ZI' is set on object 'Object Repository/TF_Customer_Create/4_Create_Objects_And_Save/13_Create_LDI_Vendor_Site/Input_Vendor_Site_Name/input_Vendor_Site_Cd'

2019-01-18 20:18:43 - [TEST_STEP][PASSED] - setText(findTestObject("TF_Customer_Create/4_Create_Objects_And_Save/13_Create_LDI_Vendor_Site/Input_Vendor_Site_Name/input_Vendor_Site_City"), vndSiteCity): Text 'YNHSCQ5T' is set on object 'Object Repository/TF_Customer_Create/4_Create_Objects_And_Save/13_Create_LDI_Vendor_Site/Input_Vendor_Site_Name/input_Vendor_Site_City'

2019-01-18 20:18:43 - [MESSAGE][PASSED] - Text 'YNHSCQ5T' is set on object 'Object Repository/TF_Customer_Create/4_Create_Objects_And_Save/13_Create_LDI_Vendor_Site/Input_Vendor_Site_Name/input_Vendor_Site_City'

2019-01-18 20:18:43 - [TEST_STEP][PASSED] - setText(findTestObject("TF_Customer_Create/4_Create_Objects_And_Save/13_Create_LDI_Vendor_Site/Input_Vendor_Site_Name/input_Vendor_Site_Postal_Code"), vndSitePtlCd): Text '5S6YI5' is set on object 'Object Repository/TF_Customer_Create/4_Create_Objects_And_Save/13_Create_LDI_Vendor_Site/Input_Vendor_Site_Name/input_Vendor_Site_Postal_Code'

2019-01-18 20:18:43 - [MESSAGE][PASSED] - Text '5S6YI5' is set on object 'Object Repository/TF_Customer_Create/4_Create_Objects_And_Save/13_Create_LDI_Vendor_Site/Input_Vendor_Site_Name/input_Vendor_Site_Postal_Code'

2019-01-18 20:18:43 - [TEST_STEP][NOT_RUN] - setText(findTestObject("TF_Customer_Create/4_Create_Objects_And_Save/Set_Effective_Dates/input_Effective_End_Date"), input_Eff_End_Dt): NOT_RUN: setText(findTestObject("TF_Customer_Create/4_Create_Objects_And_Save/Set_Effective_Dates/input_Effective_End_Date"), input_Eff_End_Dt)

2019-01-18 20:18:43 - [MESSAGE][NOT_RUN] - NOT_RUN: setText(findTestObject("TF_Customer_Create/4_Create_Objects_And_Save/Set_Effective_Dates/input_Effective_End_Date"), input_Eff_End_Dt)

2019-01-18 20:18:43 - [TEST_STEP][PASSED] - delay(2): Delayed 2 second(s)

2019-01-18 20:18:45 - [MESSAGE][PASSED] - Delayed 2 second(s)

2019-01-18 20:18:45 - [TEST_STEP][PASSED] - click(findTestObject("TF_Customer_Create/3_Common_Action_Buttons/Click_Data_Tab/span_Data_Tab")): Object: 'Object Repository/TF_Customer_Create/3_Common_Action_Buttons/Click_Data_Tab/span_Data_Tab' is clicked on

2019-01-18 20:18:45 - [MESSAGE][PASSED] - Object: 'Object Repository/TF_Customer_Create/3_Common_Action_Buttons/Click_Data_Tab/span_Data_Tab' is clicked on

2019-01-18 20:18:45 - [TEST_STEP][NOT_RUN] - click(findTestObject("TF_Customer_Create/4_Create_Objects_And_Save/Choose_Sales_Org/Click_Sales_Org_DD"), CONTINUE_ON_FAILURE): NOT_RUN: click(findTestObject("TF_Customer_Create/4_Create_Objects_And_Save/Choose_Sales_Org/Click_Sales_Org_DD"), CONTINUE_ON_FAILURE)

2019-01-18 20:18:45 - [MESSAGE][NOT_RUN] - NOT_RUN: click(findTestObject("TF_Customer_Create/4_Create_Objects_And_Save/Choose_Sales_Org/Click_Sales_Org_DD"), CONTINUE_ON_FAILURE)

2019-01-18 20:18:45 - [TEST_STEP][NOT_RUN] - click(findTestObject("TF_Customer_Create/4_Create_Objects_And_Save/Choose_Sales_Org/CA_Object"), CONTINUE_ON_FAILURE): NOT_RUN: click(findTestObject("TF_Customer_Create/4_Create_Objects_And_Save/Choose_Sales_Org/CA_Object"), CONTINUE_ON_FAILURE)

2019-01-18 20:18:45 - [MESSAGE][NOT_RUN] - NOT_RUN: click(findTestObject("TF_Customer_Create/4_Create_Objects_And_Save/Choose_Sales_Org/CA_Object"), CONTINUE_ON_FAILURE)

2019-01-18 20:18:45 - [TEST_STEP][PASSED] - delay(2): Delayed 2 second(s)

2019-01-18 20:18:47 - [MESSAGE][PASSED] - Delayed 2 second(s)

2019-01-18 20:18:47 - [TEST_STEP][PASSED] - click(findTestObject("TF_Customer_Create/3_Common_Action_Buttons/Click_Apply_Button/td_Apply")): Object: 'Object Repository/TF_Customer_Create/3_Common_Action_Buttons/Click_Apply_Button/td_Apply' is clicked on

2019-01-18 20:18:47 - [MESSAGE][PASSED] - Object: 'Object Repository/TF_Customer_Create/3_Common_Action_Buttons/Click_Apply_Button/td_Apply' is clicked on

2019-01-18 20:18:47 - [TEST_STEP][PASSED] - delay(2): Delayed 2 second(s)

2019-01-18 20:18:49 - [MESSAGE][PASSED] - Delayed 2 second(s)

2019-01-18 20:18:49 - [TEST_STEP][PASSED] - click(findTestObject("TF_Customer_Create/3_Common_Action_Buttons/Click_Save_Button/btn_Save")): Object: 'Object Repository/TF_Customer_Create/3_Common_Action_Buttons/Click_Save_Button/btn_Save' is clicked on

2019-01-18 20:18:49 - [MESSAGE][PASSED] - Object: 'Object Repository/TF_Customer_Create/3_Common_Action_Buttons/Click_Save_Button/btn_Save' is clicked on

2019-01-18 20:18:49 - [TEST_STEP][PASSED] - delay(2): Delayed 2 second(s)

2019-01-18 20:18:51 - [MESSAGE][PASSED] - Delayed 2 second(s)

2019-01-18 20:18:51 - [TEST_STEP][NOT_RUN] - verifyElementText(findTestObject("TF_Customer_Create/3_Common_Action_Buttons/Verify_Success_Message/Success_Message"), "Record has been saved successfully.", CONTINUE_ON_FAILURE): NOT_RUN: verifyElementText(findTestObject("TF_Customer_Create/3_Common_Action_Buttons/Verify_Success_Message/Success_Message"), "Record has been saved successfully.", CONTINUE_ON_FAILURE)

2019-01-18 20:18:51 - [MESSAGE][NOT_RUN] - NOT_RUN: verifyElementText(findTestObject("TF_Customer_Create/3_Common_Action_Buttons/Verify_Success_Message/Success_Message"), "Record has been saved successfully.", CONTINUE_ON_FAILURE)

2019-01-18 20:18:51 - [TEST_STEP][NOT_RUN] - click(findTestObject("TF_Customer_Create/3_Common_Action_Buttons/Click_Data_Tab/span_Data_Tab")): NOT_RUN: click(findTestObject("TF_Customer_Create/3_Common_Action_Buttons/Click_Data_Tab/span_Data_Tab"))

2019-01-18 20:18:51 - [MESSAGE][NOT_RUN] - NOT_RUN: click(findTestObject("TF_Customer_Create/3_Common_Action_Buttons/Click_Data_Tab/span_Data_Tab"))

2019-01-18 20:18:51 - [TEST_STEP][NOT_RUN] - delay(1): NOT_RUN: delay(1)

2019-01-18 20:18:51 - [MESSAGE][NOT_RUN] - NOT_RUN: delay(1)

2019-01-18 20:18:51 - [TEST_STEP][NOT_RUN] - click(findTestObject("TF_Customer_Create/3_Common_Action_Buttons/Click_Close_Button/btn_Close")): NOT_RUN: click(findTestObject("TF_Customer_Create/3_Common_Action_Buttons/Click_Close_Button/btn_Close"))

2019-01-18 20:18:51 - [MESSAGE][NOT_RUN] - NOT_RUN: click(findTestObject("TF_Customer_Create/3_Common_Action_Buttons/Click_Close_Button/btn_Close"))

2019-01-18 20:18:51 - [TEST_STEP][NOT_RUN] - delay(2): NOT_RUN: delay(2)

2019-01-18 20:18:51 - [MESSAGE][NOT_RUN] - NOT_RUN: delay(2)

2019-01-18 20:18:51 - [TEST_STEP][NOT_RUN] - vrfy_PLA = com.oracledb.regressiontest.verifyPLA(ora_connt, ora_usr, ora_psswrd, ora_schema, plaAcctName): NOT_RUN: vrfy_PLA = com.oracledb.regressiontest.verifyPLA(ora_connt, ora_usr, ora_psswrd, ora_schema, plaAcctName)

2019-01-18 20:18:51 - [MESSAGE][NOT_RUN] - NOT_RUN: vrfy_PLA = com.oracledb.regressiontest.verifyPLA(ora_connt, ora_usr, ora_psswrd, ora_schema, plaAcctName)

2019-01-18 20:18:51 - [TEST_STEP][NOT_RUN] - println("Planning Account Name"): NOT_RUN: println("Planning Account Name")

2019-01-18 20:18:51 - [MESSAGE][NOT_RUN] - NOT_RUN: println("Planning Account Name")

2019-01-18 20:18:51 - [TEST_STEP][NOT_RUN] - verifyEqual(PLANNING_ACCOUNT_NAME, plaAcctName): NOT_RUN: verifyEqual(PLANNING_ACCOUNT_NAME, plaAcctName)

2019-01-18 20:18:51 - [MESSAGE][NOT_RUN] - NOT_RUN: verifyEqual(PLANNING_ACCOUNT_NAME, plaAcctName)]]></system-out>
         <system-err><![CDATA[]]></system-err>
      </testcase>
      <testcase name="Test Cases/Regression_TF_Customer/Create_Record/TC_13_Create_LDI_Vendor_Site" classname="Test Cases/Regression_TF_Customer/Create_Record/TC_13_Create_LDI_Vendor_Site" status="PASSED">
         <system-out><![CDATA[2019-01-18 20:18:51 - [TEST_CASE][PASSED] - Test Cases/Regression_TF_Customer/Create_Record/TC_13_Create_LDI_Vendor_Site: Test Cases/Regression_TF_Customer/Create_Record/TC_13_Create_LDI_Vendor_Site

2019-01-18 20:18:51 - [TEST_STEP][PASSED] - waitForPageLoad(G_Timeout): Wait for page load successfully

2019-01-18 20:18:51 - [MESSAGE][PASSED] - Wait for page load successfully

2019-01-18 20:18:51 - [TEST_STEP][PASSED] - mouseOver(findTestObject("TF_Customer_Create/1_Menu_Navigation_To_Open_All_Pages/0_Menu_Create_In_Data_View")): Object: 'Object Repository/TF_Customer_Create/1_Menu_Navigation_To_Open_All_Pages/0_Menu_Create_In_Data_View' is hovered

2019-01-18 20:18:51 - [MESSAGE][PASSED] - Object: 'Object Repository/TF_Customer_Create/1_Menu_Navigation_To_Open_All_Pages/0_Menu_Create_In_Data_View' is hovered

2019-01-18 20:18:51 - [TEST_STEP][PASSED] - waitForPageLoad(G_Timeout): Wait for page load successfully

2019-01-18 20:18:51 - [MESSAGE][PASSED] - Wait for page load successfully

2019-01-18 20:18:51 - [TEST_STEP][PASSED] - mouseOver(findTestObject("TF_Customer_Create/1_Menu_Navigation_To_Open_All_Pages/1_Menu_Create_Master_Data")): Object: 'Object Repository/TF_Customer_Create/1_Menu_Navigation_To_Open_All_Pages/1_Menu_Create_Master_Data' is hovered

2019-01-18 20:18:51 - [MESSAGE][PASSED] - Object: 'Object Repository/TF_Customer_Create/1_Menu_Navigation_To_Open_All_Pages/1_Menu_Create_Master_Data' is hovered

2019-01-18 20:18:51 - [TEST_STEP][PASSED] - waitForPageLoad(G_Timeout): Wait for page load successfully

2019-01-18 20:18:51 - [MESSAGE][PASSED] - Wait for page load successfully

2019-01-18 20:18:51 - [TEST_STEP][PASSED] - mouseOver(findTestObject("TF_Customer_Create/1_Menu_Navigation_To_Open_All_Pages/3_Planning_Account_Hoverover_Option")): Object: 'Object Repository/TF_Customer_Create/1_Menu_Navigation_To_Open_All_Pages/3_Planning_Account_Hoverover_Option' is hovered

2019-01-18 20:18:52 - [MESSAGE][PASSED] - Object: 'Object Repository/TF_Customer_Create/1_Menu_Navigation_To_Open_All_Pages/3_Planning_Account_Hoverover_Option' is hovered

2019-01-18 20:18:52 - [TEST_STEP][PASSED] - waitForPageLoad(G_Timeout): Wait for page load successfully

2019-01-18 20:18:52 - [MESSAGE][PASSED] - Wait for page load successfully

2019-01-18 20:18:52 - [TEST_STEP][PASSED] - click(findTestObject("TF_Customer_Create/2_Select_Menu_Options(All)/13_LDI_Vendor_Site")): Object: 'Object Repository/TF_Customer_Create/2_Select_Menu_Options(All)/13_LDI_Vendor_Site' is clicked on

2019-01-18 20:18:52 - [MESSAGE][PASSED] - Object: 'Object Repository/TF_Customer_Create/2_Select_Menu_Options(All)/13_LDI_Vendor_Site' is clicked on

2019-01-18 20:18:52 - [TEST_STEP][PASSED] - waitForPageLoad(G_Timeout): Wait for page load successfully

2019-01-18 20:18:52 - [MESSAGE][PASSED] - Wait for page load successfully

2019-01-18 20:18:52 - [TEST_STEP][PASSED] - delay(3): Delayed 3 second(s)

2019-01-18 20:18:55 - [MESSAGE][PASSED] - Delayed 3 second(s)

2019-01-18 20:18:55 - [TEST_STEP][PASSED] - vndSiteName = com.oracledb.regressiontest.genName(15): com.oracledb.regressiontest.genName is PASSED

2019-01-18 20:18:55 - [MESSAGE][PASSED] - com.oracledb.regressiontest.genName is PASSED

2019-01-18 20:18:55 - [TEST_STEP][PASSED] - vndSiteNumber = com.oracledb.regressiontest.genName(12): com.oracledb.regressiontest.genName is PASSED

2019-01-18 20:18:55 - [MESSAGE][PASSED] - com.oracledb.regressiontest.genName is PASSED

2019-01-18 20:18:55 - [TEST_STEP][PASSED] - vndSiteCd = com.oracledb.regressiontest.genName(10): com.oracledb.regressiontest.genName is PASSED

2019-01-18 20:18:55 - [MESSAGE][PASSED] - com.oracledb.regressiontest.genName is PASSED

2019-01-18 20:18:55 - [TEST_STEP][PASSED] - vndSiteCity = com.oracledb.regressiontest.genName(8): com.oracledb.regressiontest.genName is PASSED

2019-01-18 20:18:55 - [MESSAGE][PASSED] - com.oracledb.regressiontest.genName is PASSED

2019-01-18 20:18:55 - [TEST_STEP][PASSED] - vndSitePtlCd = com.oracledb.regressiontest.genName(6): com.oracledb.regressiontest.genName is PASSED

2019-01-18 20:18:55 - [MESSAGE][PASSED] - com.oracledb.regressiontest.genName is PASSED

2019-01-18 20:18:55 - [TEST_STEP][PASSED] - setText(findTestObject("TF_Customer_Create/4_Create_Objects_And_Save/13_Create_LDI_Vendor_Site/Input_Vendor_Site_Name/input_Vendor_Site_Nm"), vndSiteName): Text 'WMY4MJ2Q4UPQT0L' is set on object 'Object Repository/TF_Customer_Create/4_Create_Objects_And_Save/13_Create_LDI_Vendor_Site/Input_Vendor_Site_Name/input_Vendor_Site_Nm'

2019-01-18 20:18:55 - [MESSAGE][PASSED] - Text 'WMY4MJ2Q4UPQT0L' is set on object 'Object Repository/TF_Customer_Create/4_Create_Objects_And_Save/13_Create_LDI_Vendor_Site/Input_Vendor_Site_Name/input_Vendor_Site_Nm'

2019-01-18 20:18:55 - [TEST_STEP][PASSED] - setText(findTestObject("TF_Customer_Create/4_Create_Objects_And_Save/13_Create_LDI_Vendor_Site/Input_Vendor_Site_Name/input_Vendor_Site_Number"), vndSiteNumber): Text '06ONW2IL38Q0' is set on object 'Object Repository/TF_Customer_Create/4_Create_Objects_And_Save/13_Create_LDI_Vendor_Site/Input_Vendor_Site_Name/input_Vendor_Site_Number'

2019-01-18 20:18:55 - [MESSAGE][PASSED] - Text '06ONW2IL38Q0' is set on object 'Object Repository/TF_Customer_Create/4_Create_Objects_And_Save/13_Create_LDI_Vendor_Site/Input_Vendor_Site_Name/input_Vendor_Site_Number'

2019-01-18 20:18:55 - [TEST_STEP][PASSED] - setText(findTestObject("TF_Customer_Create/4_Create_Objects_And_Save/13_Create_LDI_Vendor_Site/Input_Vendor_Site_Name/input_Vendor_Site_Cd"), vndSiteCd): Text 'LTISQL1H52' is set on object 'Object Repository/TF_Customer_Create/4_Create_Objects_And_Save/13_Create_LDI_Vendor_Site/Input_Vendor_Site_Name/input_Vendor_Site_Cd'

2019-01-18 20:18:56 - [MESSAGE][PASSED] - Text 'LTISQL1H52' is set on object 'Object Repository/TF_Customer_Create/4_Create_Objects_And_Save/13_Create_LDI_Vendor_Site/Input_Vendor_Site_Name/input_Vendor_Site_Cd'

2019-01-18 20:18:56 - [TEST_STEP][PASSED] - setText(findTestObject("TF_Customer_Create/4_Create_Objects_And_Save/13_Create_LDI_Vendor_Site/Input_Vendor_Site_Name/input_Vendor_Site_City"), vndSiteCity): Text 'BJIS4MQ6' is set on object 'Object Repository/TF_Customer_Create/4_Create_Objects_And_Save/13_Create_LDI_Vendor_Site/Input_Vendor_Site_Name/input_Vendor_Site_City'

2019-01-18 20:18:56 - [MESSAGE][PASSED] - Text 'BJIS4MQ6' is set on object 'Object Repository/TF_Customer_Create/4_Create_Objects_And_Save/13_Create_LDI_Vendor_Site/Input_Vendor_Site_Name/input_Vendor_Site_City'

2019-01-18 20:18:56 - [TEST_STEP][PASSED] - setText(findTestObject("TF_Customer_Create/4_Create_Objects_And_Save/13_Create_LDI_Vendor_Site/Input_Vendor_Site_Name/input_Vendor_Site_Postal_Code"), vndSitePtlCd): Text '470ZYF' is set on object 'Object Repository/TF_Customer_Create/4_Create_Objects_And_Save/13_Create_LDI_Vendor_Site/Input_Vendor_Site_Name/input_Vendor_Site_Postal_Code'

2019-01-18 20:18:56 - [MESSAGE][PASSED] - Text '470ZYF' is set on object 'Object Repository/TF_Customer_Create/4_Create_Objects_And_Save/13_Create_LDI_Vendor_Site/Input_Vendor_Site_Name/input_Vendor_Site_Postal_Code'

2019-01-18 20:18:56 - [TEST_STEP][NOT_RUN] - setText(findTestObject("TF_Customer_Create/4_Create_Objects_And_Save/Set_Effective_Dates/input_Effective_End_Date"), input_Eff_End_Dt): NOT_RUN: setText(findTestObject("TF_Customer_Create/4_Create_Objects_And_Save/Set_Effective_Dates/input_Effective_End_Date"), input_Eff_End_Dt)

2019-01-18 20:18:56 - [MESSAGE][NOT_RUN] - NOT_RUN: setText(findTestObject("TF_Customer_Create/4_Create_Objects_And_Save/Set_Effective_Dates/input_Effective_End_Date"), input_Eff_End_Dt)

2019-01-18 20:18:56 - [TEST_STEP][PASSED] - delay(2): Delayed 2 second(s)

2019-01-18 20:18:58 - [MESSAGE][PASSED] - Delayed 2 second(s)

2019-01-18 20:18:58 - [TEST_STEP][PASSED] - click(findTestObject("TF_Customer_Create/3_Common_Action_Buttons/Click_Data_Tab/span_Data_Tab")): Object: 'Object Repository/TF_Customer_Create/3_Common_Action_Buttons/Click_Data_Tab/span_Data_Tab' is clicked on

2019-01-18 20:18:58 - [MESSAGE][PASSED] - Object: 'Object Repository/TF_Customer_Create/3_Common_Action_Buttons/Click_Data_Tab/span_Data_Tab' is clicked on

2019-01-18 20:18:58 - [TEST_STEP][NOT_RUN] - click(findTestObject("TF_Customer_Create/4_Create_Objects_And_Save/Choose_Sales_Org/Click_Sales_Org_DD"), CONTINUE_ON_FAILURE): NOT_RUN: click(findTestObject("TF_Customer_Create/4_Create_Objects_And_Save/Choose_Sales_Org/Click_Sales_Org_DD"), CONTINUE_ON_FAILURE)

2019-01-18 20:18:58 - [MESSAGE][NOT_RUN] - NOT_RUN: click(findTestObject("TF_Customer_Create/4_Create_Objects_And_Save/Choose_Sales_Org/Click_Sales_Org_DD"), CONTINUE_ON_FAILURE)

2019-01-18 20:18:58 - [TEST_STEP][NOT_RUN] - click(findTestObject("TF_Customer_Create/4_Create_Objects_And_Save/Choose_Sales_Org/CA_Object"), CONTINUE_ON_FAILURE): NOT_RUN: click(findTestObject("TF_Customer_Create/4_Create_Objects_And_Save/Choose_Sales_Org/CA_Object"), CONTINUE_ON_FAILURE)

2019-01-18 20:18:58 - [MESSAGE][NOT_RUN] - NOT_RUN: click(findTestObject("TF_Customer_Create/4_Create_Objects_And_Save/Choose_Sales_Org/CA_Object"), CONTINUE_ON_FAILURE)

2019-01-18 20:18:58 - [TEST_STEP][PASSED] - delay(2): Delayed 2 second(s)

2019-01-18 20:19:00 - [MESSAGE][PASSED] - Delayed 2 second(s)

2019-01-18 20:19:00 - [TEST_STEP][PASSED] - click(findTestObject("TF_Customer_Create/3_Common_Action_Buttons/Click_Apply_Button/td_Apply")): Object: 'Object Repository/TF_Customer_Create/3_Common_Action_Buttons/Click_Apply_Button/td_Apply' is clicked on

2019-01-18 20:19:00 - [MESSAGE][PASSED] - Object: 'Object Repository/TF_Customer_Create/3_Common_Action_Buttons/Click_Apply_Button/td_Apply' is clicked on

2019-01-18 20:19:00 - [TEST_STEP][PASSED] - delay(2): Delayed 2 second(s)

2019-01-18 20:19:02 - [MESSAGE][PASSED] - Delayed 2 second(s)

2019-01-18 20:19:02 - [TEST_STEP][PASSED] - click(findTestObject("TF_Customer_Create/3_Common_Action_Buttons/Click_Save_Button/btn_Save")): Object: 'Object Repository/TF_Customer_Create/3_Common_Action_Buttons/Click_Save_Button/btn_Save' is clicked on

2019-01-18 20:19:02 - [MESSAGE][PASSED] - Object: 'Object Repository/TF_Customer_Create/3_Common_Action_Buttons/Click_Save_Button/btn_Save' is clicked on

2019-01-18 20:19:02 - [TEST_STEP][PASSED] - delay(2): Delayed 2 second(s)

2019-01-18 20:19:04 - [MESSAGE][PASSED] - Delayed 2 second(s)

2019-01-18 20:19:04 - [TEST_STEP][NOT_RUN] - verifyElementText(findTestObject("TF_Customer_Create/3_Common_Action_Buttons/Verify_Success_Message/Success_Message"), "Record has been saved successfully.", CONTINUE_ON_FAILURE): NOT_RUN: verifyElementText(findTestObject("TF_Customer_Create/3_Common_Action_Buttons/Verify_Success_Message/Success_Message"), "Record has been saved successfully.", CONTINUE_ON_FAILURE)

2019-01-18 20:19:04 - [MESSAGE][NOT_RUN] - NOT_RUN: verifyElementText(findTestObject("TF_Customer_Create/3_Common_Action_Buttons/Verify_Success_Message/Success_Message"), "Record has been saved successfully.", CONTINUE_ON_FAILURE)

2019-01-18 20:19:04 - [TEST_STEP][NOT_RUN] - click(findTestObject("TF_Customer_Create/3_Common_Action_Buttons/Click_Data_Tab/span_Data_Tab")): NOT_RUN: click(findTestObject("TF_Customer_Create/3_Common_Action_Buttons/Click_Data_Tab/span_Data_Tab"))

2019-01-18 20:19:04 - [MESSAGE][NOT_RUN] - NOT_RUN: click(findTestObject("TF_Customer_Create/3_Common_Action_Buttons/Click_Data_Tab/span_Data_Tab"))

2019-01-18 20:19:04 - [TEST_STEP][NOT_RUN] - delay(1): NOT_RUN: delay(1)

2019-01-18 20:19:04 - [MESSAGE][NOT_RUN] - NOT_RUN: delay(1)

2019-01-18 20:19:04 - [TEST_STEP][NOT_RUN] - click(findTestObject("TF_Customer_Create/3_Common_Action_Buttons/Click_Close_Button/btn_Close")): NOT_RUN: click(findTestObject("TF_Customer_Create/3_Common_Action_Buttons/Click_Close_Button/btn_Close"))

2019-01-18 20:19:04 - [MESSAGE][NOT_RUN] - NOT_RUN: click(findTestObject("TF_Customer_Create/3_Common_Action_Buttons/Click_Close_Button/btn_Close"))

2019-01-18 20:19:04 - [TEST_STEP][NOT_RUN] - delay(2): NOT_RUN: delay(2)

2019-01-18 20:19:04 - [MESSAGE][NOT_RUN] - NOT_RUN: delay(2)

2019-01-18 20:19:04 - [TEST_STEP][NOT_RUN] - vrfy_PLA = com.oracledb.regressiontest.verifyPLA(ora_connt, ora_usr, ora_psswrd, ora_schema, plaAcctName): NOT_RUN: vrfy_PLA = com.oracledb.regressiontest.verifyPLA(ora_connt, ora_usr, ora_psswrd, ora_schema, plaAcctName)

2019-01-18 20:19:04 - [MESSAGE][NOT_RUN] - NOT_RUN: vrfy_PLA = com.oracledb.regressiontest.verifyPLA(ora_connt, ora_usr, ora_psswrd, ora_schema, plaAcctName)

2019-01-18 20:19:04 - [TEST_STEP][NOT_RUN] - println("Planning Account Name"): NOT_RUN: println("Planning Account Name")

2019-01-18 20:19:04 - [MESSAGE][NOT_RUN] - NOT_RUN: println("Planning Account Name")

2019-01-18 20:19:04 - [TEST_STEP][NOT_RUN] - verifyEqual(PLANNING_ACCOUNT_NAME, plaAcctName): NOT_RUN: verifyEqual(PLANNING_ACCOUNT_NAME, plaAcctName)

2019-01-18 20:19:04 - [MESSAGE][NOT_RUN] - NOT_RUN: verifyEqual(PLANNING_ACCOUNT_NAME, plaAcctName)]]></system-out>
         <system-err><![CDATA[]]></system-err>
      </testcase>
      <testcase name="Test Cases/Regression_TF_Customer/Create_Record/TC_13_Create_LDI_Vendor_Site" classname="Test Cases/Regression_TF_Customer/Create_Record/TC_13_Create_LDI_Vendor_Site" status="PASSED">
         <system-out><![CDATA[2019-01-18 20:19:04 - [TEST_CASE][PASSED] - Test Cases/Regression_TF_Customer/Create_Record/TC_13_Create_LDI_Vendor_Site: Test Cases/Regression_TF_Customer/Create_Record/TC_13_Create_LDI_Vendor_Site

2019-01-18 20:19:04 - [TEST_STEP][PASSED] - waitForPageLoad(G_Timeout): Wait for page load successfully

2019-01-18 20:19:04 - [MESSAGE][PASSED] - Wait for page load successfully

2019-01-18 20:19:04 - [TEST_STEP][PASSED] - mouseOver(findTestObject("TF_Customer_Create/1_Menu_Navigation_To_Open_All_Pages/0_Menu_Create_In_Data_View")): Object: 'Object Repository/TF_Customer_Create/1_Menu_Navigation_To_Open_All_Pages/0_Menu_Create_In_Data_View' is hovered

2019-01-18 20:19:04 - [MESSAGE][PASSED] - Object: 'Object Repository/TF_Customer_Create/1_Menu_Navigation_To_Open_All_Pages/0_Menu_Create_In_Data_View' is hovered

2019-01-18 20:19:04 - [TEST_STEP][PASSED] - waitForPageLoad(G_Timeout): Wait for page load successfully

2019-01-18 20:19:04 - [MESSAGE][PASSED] - Wait for page load successfully

2019-01-18 20:19:04 - [TEST_STEP][PASSED] - mouseOver(findTestObject("TF_Customer_Create/1_Menu_Navigation_To_Open_All_Pages/1_Menu_Create_Master_Data")): Object: 'Object Repository/TF_Customer_Create/1_Menu_Navigation_To_Open_All_Pages/1_Menu_Create_Master_Data' is hovered

2019-01-18 20:19:04 - [MESSAGE][PASSED] - Object: 'Object Repository/TF_Customer_Create/1_Menu_Navigation_To_Open_All_Pages/1_Menu_Create_Master_Data' is hovered

2019-01-18 20:19:04 - [TEST_STEP][PASSED] - waitForPageLoad(G_Timeout): Wait for page load successfully

2019-01-18 20:19:04 - [MESSAGE][PASSED] - Wait for page load successfully

2019-01-18 20:19:04 - [TEST_STEP][PASSED] - mouseOver(findTestObject("TF_Customer_Create/1_Menu_Navigation_To_Open_All_Pages/3_Planning_Account_Hoverover_Option")): Object: 'Object Repository/TF_Customer_Create/1_Menu_Navigation_To_Open_All_Pages/3_Planning_Account_Hoverover_Option' is hovered

2019-01-18 20:19:05 - [MESSAGE][PASSED] - Object: 'Object Repository/TF_Customer_Create/1_Menu_Navigation_To_Open_All_Pages/3_Planning_Account_Hoverover_Option' is hovered

2019-01-18 20:19:05 - [TEST_STEP][PASSED] - waitForPageLoad(G_Timeout): Wait for page load successfully

2019-01-18 20:19:05 - [MESSAGE][PASSED] - Wait for page load successfully

2019-01-18 20:19:05 - [TEST_STEP][PASSED] - click(findTestObject("TF_Customer_Create/2_Select_Menu_Options(All)/13_LDI_Vendor_Site")): Object: 'Object Repository/TF_Customer_Create/2_Select_Menu_Options(All)/13_LDI_Vendor_Site' is clicked on

2019-01-18 20:19:05 - [MESSAGE][PASSED] - Object: 'Object Repository/TF_Customer_Create/2_Select_Menu_Options(All)/13_LDI_Vendor_Site' is clicked on

2019-01-18 20:19:05 - [TEST_STEP][PASSED] - waitForPageLoad(G_Timeout): Wait for page load successfully

2019-01-18 20:19:05 - [MESSAGE][PASSED] - Wait for page load successfully

2019-01-18 20:19:05 - [TEST_STEP][PASSED] - delay(3): Delayed 3 second(s)

2019-01-18 20:19:08 - [MESSAGE][PASSED] - Delayed 3 second(s)

2019-01-18 20:19:08 - [TEST_STEP][PASSED] - vndSiteName = com.oracledb.regressiontest.genName(15): com.oracledb.regressiontest.genName is PASSED

2019-01-18 20:19:08 - [MESSAGE][PASSED] - com.oracledb.regressiontest.genName is PASSED

2019-01-18 20:19:08 - [TEST_STEP][PASSED] - vndSiteNumber = com.oracledb.regressiontest.genName(12): com.oracledb.regressiontest.genName is PASSED

2019-01-18 20:19:08 - [MESSAGE][PASSED] - com.oracledb.regressiontest.genName is PASSED

2019-01-18 20:19:08 - [TEST_STEP][PASSED] - vndSiteCd = com.oracledb.regressiontest.genName(10): com.oracledb.regressiontest.genName is PASSED

2019-01-18 20:19:08 - [MESSAGE][PASSED] - com.oracledb.regressiontest.genName is PASSED

2019-01-18 20:19:08 - [TEST_STEP][PASSED] - vndSiteCity = com.oracledb.regressiontest.genName(8): com.oracledb.regressiontest.genName is PASSED

2019-01-18 20:19:08 - [MESSAGE][PASSED] - com.oracledb.regressiontest.genName is PASSED

2019-01-18 20:19:08 - [TEST_STEP][PASSED] - vndSitePtlCd = com.oracledb.regressiontest.genName(6): com.oracledb.regressiontest.genName is PASSED

2019-01-18 20:19:08 - [MESSAGE][PASSED] - com.oracledb.regressiontest.genName is PASSED

2019-01-18 20:19:08 - [TEST_STEP][PASSED] - setText(findTestObject("TF_Customer_Create/4_Create_Objects_And_Save/13_Create_LDI_Vendor_Site/Input_Vendor_Site_Name/input_Vendor_Site_Nm"), vndSiteName): Text '8XJAAA2TB2ZN69E' is set on object 'Object Repository/TF_Customer_Create/4_Create_Objects_And_Save/13_Create_LDI_Vendor_Site/Input_Vendor_Site_Name/input_Vendor_Site_Nm'

2019-01-18 20:19:08 - [MESSAGE][PASSED] - Text '8XJAAA2TB2ZN69E' is set on object 'Object Repository/TF_Customer_Create/4_Create_Objects_And_Save/13_Create_LDI_Vendor_Site/Input_Vendor_Site_Name/input_Vendor_Site_Nm'

2019-01-18 20:19:08 - [TEST_STEP][PASSED] - setText(findTestObject("TF_Customer_Create/4_Create_Objects_And_Save/13_Create_LDI_Vendor_Site/Input_Vendor_Site_Name/input_Vendor_Site_Number"), vndSiteNumber): Text 'ON7JJI0GC6MK' is set on object 'Object Repository/TF_Customer_Create/4_Create_Objects_And_Save/13_Create_LDI_Vendor_Site/Input_Vendor_Site_Name/input_Vendor_Site_Number'

2019-01-18 20:19:08 - [MESSAGE][PASSED] - Text 'ON7JJI0GC6MK' is set on object 'Object Repository/TF_Customer_Create/4_Create_Objects_And_Save/13_Create_LDI_Vendor_Site/Input_Vendor_Site_Name/input_Vendor_Site_Number'

2019-01-18 20:19:08 - [TEST_STEP][PASSED] - setText(findTestObject("TF_Customer_Create/4_Create_Objects_And_Save/13_Create_LDI_Vendor_Site/Input_Vendor_Site_Name/input_Vendor_Site_Cd"), vndSiteCd): Text 'IKKRINVZLT' is set on object 'Object Repository/TF_Customer_Create/4_Create_Objects_And_Save/13_Create_LDI_Vendor_Site/Input_Vendor_Site_Name/input_Vendor_Site_Cd'

2019-01-18 20:19:08 - [MESSAGE][PASSED] - Text 'IKKRINVZLT' is set on object 'Object Repository/TF_Customer_Create/4_Create_Objects_And_Save/13_Create_LDI_Vendor_Site/Input_Vendor_Site_Name/input_Vendor_Site_Cd'

2019-01-18 20:19:08 - [TEST_STEP][PASSED] - setText(findTestObject("TF_Customer_Create/4_Create_Objects_And_Save/13_Create_LDI_Vendor_Site/Input_Vendor_Site_Name/input_Vendor_Site_City"), vndSiteCity): Text 'LXS4E0Y4' is set on object 'Object Repository/TF_Customer_Create/4_Create_Objects_And_Save/13_Create_LDI_Vendor_Site/Input_Vendor_Site_Name/input_Vendor_Site_City'

2019-01-18 20:19:08 - [MESSAGE][PASSED] - Text 'LXS4E0Y4' is set on object 'Object Repository/TF_Customer_Create/4_Create_Objects_And_Save/13_Create_LDI_Vendor_Site/Input_Vendor_Site_Name/input_Vendor_Site_City'

2019-01-18 20:19:08 - [TEST_STEP][PASSED] - setText(findTestObject("TF_Customer_Create/4_Create_Objects_And_Save/13_Create_LDI_Vendor_Site/Input_Vendor_Site_Name/input_Vendor_Site_Postal_Code"), vndSitePtlCd): Text 'Y58DI4' is set on object 'Object Repository/TF_Customer_Create/4_Create_Objects_And_Save/13_Create_LDI_Vendor_Site/Input_Vendor_Site_Name/input_Vendor_Site_Postal_Code'

2019-01-18 20:19:08 - [MESSAGE][PASSED] - Text 'Y58DI4' is set on object 'Object Repository/TF_Customer_Create/4_Create_Objects_And_Save/13_Create_LDI_Vendor_Site/Input_Vendor_Site_Name/input_Vendor_Site_Postal_Code'

2019-01-18 20:19:08 - [TEST_STEP][NOT_RUN] - setText(findTestObject("TF_Customer_Create/4_Create_Objects_And_Save/Set_Effective_Dates/input_Effective_End_Date"), input_Eff_End_Dt): NOT_RUN: setText(findTestObject("TF_Customer_Create/4_Create_Objects_And_Save/Set_Effective_Dates/input_Effective_End_Date"), input_Eff_End_Dt)

2019-01-18 20:19:08 - [MESSAGE][NOT_RUN] - NOT_RUN: setText(findTestObject("TF_Customer_Create/4_Create_Objects_And_Save/Set_Effective_Dates/input_Effective_End_Date"), input_Eff_End_Dt)

2019-01-18 20:19:08 - [TEST_STEP][PASSED] - delay(2): Delayed 2 second(s)

2019-01-18 20:19:10 - [MESSAGE][PASSED] - Delayed 2 second(s)

2019-01-18 20:19:10 - [TEST_STEP][PASSED] - click(findTestObject("TF_Customer_Create/3_Common_Action_Buttons/Click_Data_Tab/span_Data_Tab")): Object: 'Object Repository/TF_Customer_Create/3_Common_Action_Buttons/Click_Data_Tab/span_Data_Tab' is clicked on

2019-01-18 20:19:11 - [MESSAGE][PASSED] - Object: 'Object Repository/TF_Customer_Create/3_Common_Action_Buttons/Click_Data_Tab/span_Data_Tab' is clicked on

2019-01-18 20:19:11 - [TEST_STEP][NOT_RUN] - click(findTestObject("TF_Customer_Create/4_Create_Objects_And_Save/Choose_Sales_Org/Click_Sales_Org_DD"), CONTINUE_ON_FAILURE): NOT_RUN: click(findTestObject("TF_Customer_Create/4_Create_Objects_And_Save/Choose_Sales_Org/Click_Sales_Org_DD"), CONTINUE_ON_FAILURE)

2019-01-18 20:19:11 - [MESSAGE][NOT_RUN] - NOT_RUN: click(findTestObject("TF_Customer_Create/4_Create_Objects_And_Save/Choose_Sales_Org/Click_Sales_Org_DD"), CONTINUE_ON_FAILURE)

2019-01-18 20:19:11 - [TEST_STEP][NOT_RUN] - click(findTestObject("TF_Customer_Create/4_Create_Objects_And_Save/Choose_Sales_Org/CA_Object"), CONTINUE_ON_FAILURE): NOT_RUN: click(findTestObject("TF_Customer_Create/4_Create_Objects_And_Save/Choose_Sales_Org/CA_Object"), CONTINUE_ON_FAILURE)

2019-01-18 20:19:11 - [MESSAGE][NOT_RUN] - NOT_RUN: click(findTestObject("TF_Customer_Create/4_Create_Objects_And_Save/Choose_Sales_Org/CA_Object"), CONTINUE_ON_FAILURE)

2019-01-18 20:19:11 - [TEST_STEP][PASSED] - delay(2): Delayed 2 second(s)

2019-01-18 20:19:13 - [MESSAGE][PASSED] - Delayed 2 second(s)

2019-01-18 20:19:13 - [TEST_STEP][PASSED] - click(findTestObject("TF_Customer_Create/3_Common_Action_Buttons/Click_Apply_Button/td_Apply")): Object: 'Object Repository/TF_Customer_Create/3_Common_Action_Buttons/Click_Apply_Button/td_Apply' is clicked on

2019-01-18 20:19:13 - [MESSAGE][PASSED] - Object: 'Object Repository/TF_Customer_Create/3_Common_Action_Buttons/Click_Apply_Button/td_Apply' is clicked on

2019-01-18 20:19:13 - [TEST_STEP][PASSED] - delay(2): Delayed 2 second(s)

2019-01-18 20:19:15 - [MESSAGE][PASSED] - Delayed 2 second(s)

2019-01-18 20:19:15 - [TEST_STEP][PASSED] - click(findTestObject("TF_Customer_Create/3_Common_Action_Buttons/Click_Save_Button/btn_Save")): Object: 'Object Repository/TF_Customer_Create/3_Common_Action_Buttons/Click_Save_Button/btn_Save' is clicked on

2019-01-18 20:19:15 - [MESSAGE][PASSED] - Object: 'Object Repository/TF_Customer_Create/3_Common_Action_Buttons/Click_Save_Button/btn_Save' is clicked on

2019-01-18 20:19:15 - [TEST_STEP][PASSED] - delay(2): Delayed 2 second(s)

2019-01-18 20:19:17 - [MESSAGE][PASSED] - Delayed 2 second(s)

2019-01-18 20:19:17 - [TEST_STEP][NOT_RUN] - verifyElementText(findTestObject("TF_Customer_Create/3_Common_Action_Buttons/Verify_Success_Message/Success_Message"), "Record has been saved successfully.", CONTINUE_ON_FAILURE): NOT_RUN: verifyElementText(findTestObject("TF_Customer_Create/3_Common_Action_Buttons/Verify_Success_Message/Success_Message"), "Record has been saved successfully.", CONTINUE_ON_FAILURE)

2019-01-18 20:19:17 - [MESSAGE][NOT_RUN] - NOT_RUN: verifyElementText(findTestObject("TF_Customer_Create/3_Common_Action_Buttons/Verify_Success_Message/Success_Message"), "Record has been saved successfully.", CONTINUE_ON_FAILURE)

2019-01-18 20:19:17 - [TEST_STEP][NOT_RUN] - click(findTestObject("TF_Customer_Create/3_Common_Action_Buttons/Click_Data_Tab/span_Data_Tab")): NOT_RUN: click(findTestObject("TF_Customer_Create/3_Common_Action_Buttons/Click_Data_Tab/span_Data_Tab"))

2019-01-18 20:19:17 - [MESSAGE][NOT_RUN] - NOT_RUN: click(findTestObject("TF_Customer_Create/3_Common_Action_Buttons/Click_Data_Tab/span_Data_Tab"))

2019-01-18 20:19:17 - [TEST_STEP][NOT_RUN] - delay(1): NOT_RUN: delay(1)

2019-01-18 20:19:17 - [MESSAGE][NOT_RUN] - NOT_RUN: delay(1)

2019-01-18 20:19:17 - [TEST_STEP][NOT_RUN] - click(findTestObject("TF_Customer_Create/3_Common_Action_Buttons/Click_Close_Button/btn_Close")): NOT_RUN: click(findTestObject("TF_Customer_Create/3_Common_Action_Buttons/Click_Close_Button/btn_Close"))

2019-01-18 20:19:17 - [MESSAGE][NOT_RUN] - NOT_RUN: click(findTestObject("TF_Customer_Create/3_Common_Action_Buttons/Click_Close_Button/btn_Close"))

2019-01-18 20:19:17 - [TEST_STEP][NOT_RUN] - delay(2): NOT_RUN: delay(2)

2019-01-18 20:19:17 - [MESSAGE][NOT_RUN] - NOT_RUN: delay(2)

2019-01-18 20:19:17 - [TEST_STEP][NOT_RUN] - vrfy_PLA = com.oracledb.regressiontest.verifyPLA(ora_connt, ora_usr, ora_psswrd, ora_schema, plaAcctName): NOT_RUN: vrfy_PLA = com.oracledb.regressiontest.verifyPLA(ora_connt, ora_usr, ora_psswrd, ora_schema, plaAcctName)

2019-01-18 20:19:17 - [MESSAGE][NOT_RUN] - NOT_RUN: vrfy_PLA = com.oracledb.regressiontest.verifyPLA(ora_connt, ora_usr, ora_psswrd, ora_schema, plaAcctName)

2019-01-18 20:19:17 - [TEST_STEP][NOT_RUN] - println("Planning Account Name"): NOT_RUN: println("Planning Account Name")

2019-01-18 20:19:17 - [MESSAGE][NOT_RUN] - NOT_RUN: println("Planning Account Name")

2019-01-18 20:19:17 - [TEST_STEP][NOT_RUN] - verifyEqual(PLANNING_ACCOUNT_NAME, plaAcctName): NOT_RUN: verifyEqual(PLANNING_ACCOUNT_NAME, plaAcctName)

2019-01-18 20:19:17 - [MESSAGE][NOT_RUN] - NOT_RUN: verifyEqual(PLANNING_ACCOUNT_NAME, plaAcctName)]]></system-out>
         <system-err><![CDATA[]]></system-err>
      </testcase>
      <testcase name="Test Cases/Regression_TF_Customer/Create_Record/TC_13_Create_LDI_Vendor_Site" classname="Test Cases/Regression_TF_Customer/Create_Record/TC_13_Create_LDI_Vendor_Site" status="PASSED">
         <system-out><![CDATA[2019-01-18 20:19:17 - [TEST_CASE][PASSED] - Test Cases/Regression_TF_Customer/Create_Record/TC_13_Create_LDI_Vendor_Site: Test Cases/Regression_TF_Customer/Create_Record/TC_13_Create_LDI_Vendor_Site

2019-01-18 20:19:17 - [TEST_STEP][PASSED] - waitForPageLoad(G_Timeout): Wait for page load successfully

2019-01-18 20:19:17 - [MESSAGE][PASSED] - Wait for page load successfully

2019-01-18 20:19:17 - [TEST_STEP][PASSED] - mouseOver(findTestObject("TF_Customer_Create/1_Menu_Navigation_To_Open_All_Pages/0_Menu_Create_In_Data_View")): Object: 'Object Repository/TF_Customer_Create/1_Menu_Navigation_To_Open_All_Pages/0_Menu_Create_In_Data_View' is hovered

2019-01-18 20:19:17 - [MESSAGE][PASSED] - Object: 'Object Repository/TF_Customer_Create/1_Menu_Navigation_To_Open_All_Pages/0_Menu_Create_In_Data_View' is hovered

2019-01-18 20:19:17 - [TEST_STEP][PASSED] - waitForPageLoad(G_Timeout): Wait for page load successfully

2019-01-18 20:19:17 - [MESSAGE][PASSED] - Wait for page load successfully

2019-01-18 20:19:17 - [TEST_STEP][PASSED] - mouseOver(findTestObject("TF_Customer_Create/1_Menu_Navigation_To_Open_All_Pages/1_Menu_Create_Master_Data")): Object: 'Object Repository/TF_Customer_Create/1_Menu_Navigation_To_Open_All_Pages/1_Menu_Create_Master_Data' is hovered

2019-01-18 20:19:17 - [MESSAGE][PASSED] - Object: 'Object Repository/TF_Customer_Create/1_Menu_Navigation_To_Open_All_Pages/1_Menu_Create_Master_Data' is hovered

2019-01-18 20:19:17 - [TEST_STEP][PASSED] - waitForPageLoad(G_Timeout): Wait for page load successfully

2019-01-18 20:19:17 - [MESSAGE][PASSED] - Wait for page load successfully

2019-01-18 20:19:17 - [TEST_STEP][PASSED] - mouseOver(findTestObject("TF_Customer_Create/1_Menu_Navigation_To_Open_All_Pages/3_Planning_Account_Hoverover_Option")): Object: 'Object Repository/TF_Customer_Create/1_Menu_Navigation_To_Open_All_Pages/3_Planning_Account_Hoverover_Option' is hovered

2019-01-18 20:19:18 - [MESSAGE][PASSED] - Object: 'Object Repository/TF_Customer_Create/1_Menu_Navigation_To_Open_All_Pages/3_Planning_Account_Hoverover_Option' is hovered

2019-01-18 20:19:18 - [TEST_STEP][PASSED] - waitForPageLoad(G_Timeout): Wait for page load successfully

2019-01-18 20:19:18 - [MESSAGE][PASSED] - Wait for page load successfully

2019-01-18 20:19:18 - [TEST_STEP][PASSED] - click(findTestObject("TF_Customer_Create/2_Select_Menu_Options(All)/13_LDI_Vendor_Site")): Object: 'Object Repository/TF_Customer_Create/2_Select_Menu_Options(All)/13_LDI_Vendor_Site' is clicked on

2019-01-18 20:19:18 - [MESSAGE][PASSED] - Object: 'Object Repository/TF_Customer_Create/2_Select_Menu_Options(All)/13_LDI_Vendor_Site' is clicked on

2019-01-18 20:19:18 - [TEST_STEP][PASSED] - waitForPageLoad(G_Timeout): Wait for page load successfully

2019-01-18 20:19:18 - [MESSAGE][PASSED] - Wait for page load successfully

2019-01-18 20:19:18 - [TEST_STEP][PASSED] - delay(3): Delayed 3 second(s)

2019-01-18 20:19:21 - [MESSAGE][PASSED] - Delayed 3 second(s)

2019-01-18 20:19:21 - [TEST_STEP][PASSED] - vndSiteName = com.oracledb.regressiontest.genName(15): com.oracledb.regressiontest.genName is PASSED

2019-01-18 20:19:21 - [MESSAGE][PASSED] - com.oracledb.regressiontest.genName is PASSED

2019-01-18 20:19:21 - [TEST_STEP][PASSED] - vndSiteNumber = com.oracledb.regressiontest.genName(12): com.oracledb.regressiontest.genName is PASSED

2019-01-18 20:19:21 - [MESSAGE][PASSED] - com.oracledb.regressiontest.genName is PASSED

2019-01-18 20:19:21 - [TEST_STEP][PASSED] - vndSiteCd = com.oracledb.regressiontest.genName(10): com.oracledb.regressiontest.genName is PASSED

2019-01-18 20:19:21 - [MESSAGE][PASSED] - com.oracledb.regressiontest.genName is PASSED

2019-01-18 20:19:21 - [TEST_STEP][PASSED] - vndSiteCity = com.oracledb.regressiontest.genName(8): com.oracledb.regressiontest.genName is PASSED

2019-01-18 20:19:21 - [MESSAGE][PASSED] - com.oracledb.regressiontest.genName is PASSED

2019-01-18 20:19:21 - [TEST_STEP][PASSED] - vndSitePtlCd = com.oracledb.regressiontest.genName(6): com.oracledb.regressiontest.genName is PASSED

2019-01-18 20:19:21 - [MESSAGE][PASSED] - com.oracledb.regressiontest.genName is PASSED

2019-01-18 20:19:21 - [TEST_STEP][PASSED] - setText(findTestObject("TF_Customer_Create/4_Create_Objects_And_Save/13_Create_LDI_Vendor_Site/Input_Vendor_Site_Name/input_Vendor_Site_Nm"), vndSiteName): Text 'AMQMQBHZ30FE05B' is set on object 'Object Repository/TF_Customer_Create/4_Create_Objects_And_Save/13_Create_LDI_Vendor_Site/Input_Vendor_Site_Name/input_Vendor_Site_Nm'

2019-01-18 20:19:21 - [MESSAGE][PASSED] - Text 'AMQMQBHZ30FE05B' is set on object 'Object Repository/TF_Customer_Create/4_Create_Objects_And_Save/13_Create_LDI_Vendor_Site/Input_Vendor_Site_Name/input_Vendor_Site_Nm'

2019-01-18 20:19:21 - [TEST_STEP][PASSED] - setText(findTestObject("TF_Customer_Create/4_Create_Objects_And_Save/13_Create_LDI_Vendor_Site/Input_Vendor_Site_Name/input_Vendor_Site_Number"), vndSiteNumber): Text 'TSRSMROP5A4Z' is set on object 'Object Repository/TF_Customer_Create/4_Create_Objects_And_Save/13_Create_LDI_Vendor_Site/Input_Vendor_Site_Name/input_Vendor_Site_Number'

2019-01-18 20:19:21 - [MESSAGE][PASSED] - Text 'TSRSMROP5A4Z' is set on object 'Object Repository/TF_Customer_Create/4_Create_Objects_And_Save/13_Create_LDI_Vendor_Site/Input_Vendor_Site_Name/input_Vendor_Site_Number'

2019-01-18 20:19:21 - [TEST_STEP][PASSED] - setText(findTestObject("TF_Customer_Create/4_Create_Objects_And_Save/13_Create_LDI_Vendor_Site/Input_Vendor_Site_Name/input_Vendor_Site_Cd"), vndSiteCd): Text '6JEDMHBPBC' is set on object 'Object Repository/TF_Customer_Create/4_Create_Objects_And_Save/13_Create_LDI_Vendor_Site/Input_Vendor_Site_Name/input_Vendor_Site_Cd'

2019-01-18 20:19:21 - [MESSAGE][PASSED] - Text '6JEDMHBPBC' is set on object 'Object Repository/TF_Customer_Create/4_Create_Objects_And_Save/13_Create_LDI_Vendor_Site/Input_Vendor_Site_Name/input_Vendor_Site_Cd'

2019-01-18 20:19:21 - [TEST_STEP][PASSED] - setText(findTestObject("TF_Customer_Create/4_Create_Objects_And_Save/13_Create_LDI_Vendor_Site/Input_Vendor_Site_Name/input_Vendor_Site_City"), vndSiteCity): Text 'T579QVNH' is set on object 'Object Repository/TF_Customer_Create/4_Create_Objects_And_Save/13_Create_LDI_Vendor_Site/Input_Vendor_Site_Name/input_Vendor_Site_City'

2019-01-18 20:19:21 - [MESSAGE][PASSED] - Text 'T579QVNH' is set on object 'Object Repository/TF_Customer_Create/4_Create_Objects_And_Save/13_Create_LDI_Vendor_Site/Input_Vendor_Site_Name/input_Vendor_Site_City'

2019-01-18 20:19:21 - [TEST_STEP][PASSED] - setText(findTestObject("TF_Customer_Create/4_Create_Objects_And_Save/13_Create_LDI_Vendor_Site/Input_Vendor_Site_Name/input_Vendor_Site_Postal_Code"), vndSitePtlCd): Text '3I5TC6' is set on object 'Object Repository/TF_Customer_Create/4_Create_Objects_And_Save/13_Create_LDI_Vendor_Site/Input_Vendor_Site_Name/input_Vendor_Site_Postal_Code'

2019-01-18 20:19:21 - [MESSAGE][PASSED] - Text '3I5TC6' is set on object 'Object Repository/TF_Customer_Create/4_Create_Objects_And_Save/13_Create_LDI_Vendor_Site/Input_Vendor_Site_Name/input_Vendor_Site_Postal_Code'

2019-01-18 20:19:21 - [TEST_STEP][NOT_RUN] - setText(findTestObject("TF_Customer_Create/4_Create_Objects_And_Save/Set_Effective_Dates/input_Effective_End_Date"), input_Eff_End_Dt): NOT_RUN: setText(findTestObject("TF_Customer_Create/4_Create_Objects_And_Save/Set_Effective_Dates/input_Effective_End_Date"), input_Eff_End_Dt)

2019-01-18 20:19:21 - [MESSAGE][NOT_RUN] - NOT_RUN: setText(findTestObject("TF_Customer_Create/4_Create_Objects_And_Save/Set_Effective_Dates/input_Effective_End_Date"), input_Eff_End_Dt)

2019-01-18 20:19:21 - [TEST_STEP][PASSED] - delay(2): Delayed 2 second(s)

2019-01-18 20:19:23 - [MESSAGE][PASSED] - Delayed 2 second(s)

2019-01-18 20:19:23 - [TEST_STEP][PASSED] - click(findTestObject("TF_Customer_Create/3_Common_Action_Buttons/Click_Data_Tab/span_Data_Tab")): Object: 'Object Repository/TF_Customer_Create/3_Common_Action_Buttons/Click_Data_Tab/span_Data_Tab' is clicked on

2019-01-18 20:19:24 - [MESSAGE][PASSED] - Object: 'Object Repository/TF_Customer_Create/3_Common_Action_Buttons/Click_Data_Tab/span_Data_Tab' is clicked on

2019-01-18 20:19:24 - [TEST_STEP][NOT_RUN] - click(findTestObject("TF_Customer_Create/4_Create_Objects_And_Save/Choose_Sales_Org/Click_Sales_Org_DD"), CONTINUE_ON_FAILURE): NOT_RUN: click(findTestObject("TF_Customer_Create/4_Create_Objects_And_Save/Choose_Sales_Org/Click_Sales_Org_DD"), CONTINUE_ON_FAILURE)

2019-01-18 20:19:24 - [MESSAGE][NOT_RUN] - NOT_RUN: click(findTestObject("TF_Customer_Create/4_Create_Objects_And_Save/Choose_Sales_Org/Click_Sales_Org_DD"), CONTINUE_ON_FAILURE)

2019-01-18 20:19:24 - [TEST_STEP][NOT_RUN] - click(findTestObject("TF_Customer_Create/4_Create_Objects_And_Save/Choose_Sales_Org/CA_Object"), CONTINUE_ON_FAILURE): NOT_RUN: click(findTestObject("TF_Customer_Create/4_Create_Objects_And_Save/Choose_Sales_Org/CA_Object"), CONTINUE_ON_FAILURE)

2019-01-18 20:19:24 - [MESSAGE][NOT_RUN] - NOT_RUN: click(findTestObject("TF_Customer_Create/4_Create_Objects_And_Save/Choose_Sales_Org/CA_Object"), CONTINUE_ON_FAILURE)

2019-01-18 20:19:24 - [TEST_STEP][PASSED] - delay(2): Delayed 2 second(s)

2019-01-18 20:19:26 - [MESSAGE][PASSED] - Delayed 2 second(s)

2019-01-18 20:19:26 - [TEST_STEP][PASSED] - click(findTestObject("TF_Customer_Create/3_Common_Action_Buttons/Click_Apply_Button/td_Apply")): Object: 'Object Repository/TF_Customer_Create/3_Common_Action_Buttons/Click_Apply_Button/td_Apply' is clicked on

2019-01-18 20:19:26 - [MESSAGE][PASSED] - Object: 'Object Repository/TF_Customer_Create/3_Common_Action_Buttons/Click_Apply_Button/td_Apply' is clicked on

2019-01-18 20:19:26 - [TEST_STEP][PASSED] - delay(2): Delayed 2 second(s)

2019-01-18 20:19:28 - [MESSAGE][PASSED] - Delayed 2 second(s)

2019-01-18 20:19:28 - [TEST_STEP][PASSED] - click(findTestObject("TF_Customer_Create/3_Common_Action_Buttons/Click_Save_Button/btn_Save")): Object: 'Object Repository/TF_Customer_Create/3_Common_Action_Buttons/Click_Save_Button/btn_Save' is clicked on

2019-01-18 20:19:28 - [MESSAGE][PASSED] - Object: 'Object Repository/TF_Customer_Create/3_Common_Action_Buttons/Click_Save_Button/btn_Save' is clicked on

2019-01-18 20:19:28 - [TEST_STEP][PASSED] - delay(2): Delayed 2 second(s)

2019-01-18 20:19:30 - [MESSAGE][PASSED] - Delayed 2 second(s)

2019-01-18 20:19:30 - [TEST_STEP][NOT_RUN] - verifyElementText(findTestObject("TF_Customer_Create/3_Common_Action_Buttons/Verify_Success_Message/Success_Message"), "Record has been saved successfully.", CONTINUE_ON_FAILURE): NOT_RUN: verifyElementText(findTestObject("TF_Customer_Create/3_Common_Action_Buttons/Verify_Success_Message/Success_Message"), "Record has been saved successfully.", CONTINUE_ON_FAILURE)

2019-01-18 20:19:30 - [MESSAGE][NOT_RUN] - NOT_RUN: verifyElementText(findTestObject("TF_Customer_Create/3_Common_Action_Buttons/Verify_Success_Message/Success_Message"), "Record has been saved successfully.", CONTINUE_ON_FAILURE)

2019-01-18 20:19:30 - [TEST_STEP][NOT_RUN] - click(findTestObject("TF_Customer_Create/3_Common_Action_Buttons/Click_Data_Tab/span_Data_Tab")): NOT_RUN: click(findTestObject("TF_Customer_Create/3_Common_Action_Buttons/Click_Data_Tab/span_Data_Tab"))

2019-01-18 20:19:30 - [MESSAGE][NOT_RUN] - NOT_RUN: click(findTestObject("TF_Customer_Create/3_Common_Action_Buttons/Click_Data_Tab/span_Data_Tab"))

2019-01-18 20:19:30 - [TEST_STEP][NOT_RUN] - delay(1): NOT_RUN: delay(1)

2019-01-18 20:19:30 - [MESSAGE][NOT_RUN] - NOT_RUN: delay(1)

2019-01-18 20:19:30 - [TEST_STEP][NOT_RUN] - click(findTestObject("TF_Customer_Create/3_Common_Action_Buttons/Click_Close_Button/btn_Close")): NOT_RUN: click(findTestObject("TF_Customer_Create/3_Common_Action_Buttons/Click_Close_Button/btn_Close"))

2019-01-18 20:19:30 - [MESSAGE][NOT_RUN] - NOT_RUN: click(findTestObject("TF_Customer_Create/3_Common_Action_Buttons/Click_Close_Button/btn_Close"))

2019-01-18 20:19:30 - [TEST_STEP][NOT_RUN] - delay(2): NOT_RUN: delay(2)

2019-01-18 20:19:30 - [MESSAGE][NOT_RUN] - NOT_RUN: delay(2)

2019-01-18 20:19:30 - [TEST_STEP][NOT_RUN] - vrfy_PLA = com.oracledb.regressiontest.verifyPLA(ora_connt, ora_usr, ora_psswrd, ora_schema, plaAcctName): NOT_RUN: vrfy_PLA = com.oracledb.regressiontest.verifyPLA(ora_connt, ora_usr, ora_psswrd, ora_schema, plaAcctName)

2019-01-18 20:19:30 - [MESSAGE][NOT_RUN] - NOT_RUN: vrfy_PLA = com.oracledb.regressiontest.verifyPLA(ora_connt, ora_usr, ora_psswrd, ora_schema, plaAcctName)

2019-01-18 20:19:30 - [TEST_STEP][NOT_RUN] - println("Planning Account Name"): NOT_RUN: println("Planning Account Name")

2019-01-18 20:19:30 - [MESSAGE][NOT_RUN] - NOT_RUN: println("Planning Account Name")

2019-01-18 20:19:30 - [TEST_STEP][NOT_RUN] - verifyEqual(PLANNING_ACCOUNT_NAME, plaAcctName): NOT_RUN: verifyEqual(PLANNING_ACCOUNT_NAME, plaAcctName)

2019-01-18 20:19:30 - [MESSAGE][NOT_RUN] - NOT_RUN: verifyEqual(PLANNING_ACCOUNT_NAME, plaAcctName)]]></system-out>
         <system-err><![CDATA[]]></system-err>
      </testcase>
      <testcase name="Test Cases/Regression_TF_Customer/Create_Record/TC_13_Create_LDI_Vendor_Site" classname="Test Cases/Regression_TF_Customer/Create_Record/TC_13_Create_LDI_Vendor_Site" status="PASSED">
         <system-out><![CDATA[2019-01-18 20:19:30 - [TEST_CASE][PASSED] - Test Cases/Regression_TF_Customer/Create_Record/TC_13_Create_LDI_Vendor_Site: Test Cases/Regression_TF_Customer/Create_Record/TC_13_Create_LDI_Vendor_Site

2019-01-18 20:19:30 - [TEST_STEP][PASSED] - waitForPageLoad(G_Timeout): Wait for page load successfully

2019-01-18 20:19:30 - [MESSAGE][PASSED] - Wait for page load successfully

2019-01-18 20:19:30 - [TEST_STEP][PASSED] - mouseOver(findTestObject("TF_Customer_Create/1_Menu_Navigation_To_Open_All_Pages/0_Menu_Create_In_Data_View")): Object: 'Object Repository/TF_Customer_Create/1_Menu_Navigation_To_Open_All_Pages/0_Menu_Create_In_Data_View' is hovered

2019-01-18 20:19:30 - [MESSAGE][PASSED] - Object: 'Object Repository/TF_Customer_Create/1_Menu_Navigation_To_Open_All_Pages/0_Menu_Create_In_Data_View' is hovered

2019-01-18 20:19:30 - [TEST_STEP][PASSED] - waitForPageLoad(G_Timeout): Wait for page load successfully

2019-01-18 20:19:30 - [MESSAGE][PASSED] - Wait for page load successfully

2019-01-18 20:19:30 - [TEST_STEP][PASSED] - mouseOver(findTestObject("TF_Customer_Create/1_Menu_Navigation_To_Open_All_Pages/1_Menu_Create_Master_Data")): Object: 'Object Repository/TF_Customer_Create/1_Menu_Navigation_To_Open_All_Pages/1_Menu_Create_Master_Data' is hovered

2019-01-18 20:19:30 - [MESSAGE][PASSED] - Object: 'Object Repository/TF_Customer_Create/1_Menu_Navigation_To_Open_All_Pages/1_Menu_Create_Master_Data' is hovered

2019-01-18 20:19:30 - [TEST_STEP][PASSED] - waitForPageLoad(G_Timeout): Wait for page load successfully

2019-01-18 20:19:30 - [MESSAGE][PASSED] - Wait for page load successfully

2019-01-18 20:19:30 - [TEST_STEP][PASSED] - mouseOver(findTestObject("TF_Customer_Create/1_Menu_Navigation_To_Open_All_Pages/3_Planning_Account_Hoverover_Option")): Object: 'Object Repository/TF_Customer_Create/1_Menu_Navigation_To_Open_All_Pages/3_Planning_Account_Hoverover_Option' is hovered

2019-01-18 20:19:31 - [MESSAGE][PASSED] - Object: 'Object Repository/TF_Customer_Create/1_Menu_Navigation_To_Open_All_Pages/3_Planning_Account_Hoverover_Option' is hovered

2019-01-18 20:19:31 - [TEST_STEP][PASSED] - waitForPageLoad(G_Timeout): Wait for page load successfully

2019-01-18 20:19:31 - [MESSAGE][PASSED] - Wait for page load successfully

2019-01-18 20:19:31 - [TEST_STEP][PASSED] - click(findTestObject("TF_Customer_Create/2_Select_Menu_Options(All)/13_LDI_Vendor_Site")): Object: 'Object Repository/TF_Customer_Create/2_Select_Menu_Options(All)/13_LDI_Vendor_Site' is clicked on

2019-01-18 20:19:31 - [MESSAGE][PASSED] - Object: 'Object Repository/TF_Customer_Create/2_Select_Menu_Options(All)/13_LDI_Vendor_Site' is clicked on

2019-01-18 20:19:31 - [TEST_STEP][PASSED] - waitForPageLoad(G_Timeout): Wait for page load successfully

2019-01-18 20:19:31 - [MESSAGE][PASSED] - Wait for page load successfully

2019-01-18 20:19:31 - [TEST_STEP][PASSED] - delay(3): Delayed 3 second(s)

2019-01-18 20:19:34 - [MESSAGE][PASSED] - Delayed 3 second(s)

2019-01-18 20:19:34 - [TEST_STEP][PASSED] - vndSiteName = com.oracledb.regressiontest.genName(15): com.oracledb.regressiontest.genName is PASSED

2019-01-18 20:19:34 - [MESSAGE][PASSED] - com.oracledb.regressiontest.genName is PASSED

2019-01-18 20:19:34 - [TEST_STEP][PASSED] - vndSiteNumber = com.oracledb.regressiontest.genName(12): com.oracledb.regressiontest.genName is PASSED

2019-01-18 20:19:34 - [MESSAGE][PASSED] - com.oracledb.regressiontest.genName is PASSED

2019-01-18 20:19:34 - [TEST_STEP][PASSED] - vndSiteCd = com.oracledb.regressiontest.genName(10): com.oracledb.regressiontest.genName is PASSED

2019-01-18 20:19:34 - [MESSAGE][PASSED] - com.oracledb.regressiontest.genName is PASSED

2019-01-18 20:19:34 - [TEST_STEP][PASSED] - vndSiteCity = com.oracledb.regressiontest.genName(8): com.oracledb.regressiontest.genName is PASSED

2019-01-18 20:19:34 - [MESSAGE][PASSED] - com.oracledb.regressiontest.genName is PASSED

2019-01-18 20:19:34 - [TEST_STEP][PASSED] - vndSitePtlCd = com.oracledb.regressiontest.genName(6): com.oracledb.regressiontest.genName is PASSED

2019-01-18 20:19:34 - [MESSAGE][PASSED] - com.oracledb.regressiontest.genName is PASSED

2019-01-18 20:19:34 - [TEST_STEP][PASSED] - setText(findTestObject("TF_Customer_Create/4_Create_Objects_And_Save/13_Create_LDI_Vendor_Site/Input_Vendor_Site_Name/input_Vendor_Site_Nm"), vndSiteName): Text '4HL3MDZT0NM980O' is set on object 'Object Repository/TF_Customer_Create/4_Create_Objects_And_Save/13_Create_LDI_Vendor_Site/Input_Vendor_Site_Name/input_Vendor_Site_Nm'

2019-01-18 20:19:34 - [MESSAGE][PASSED] - Text '4HL3MDZT0NM980O' is set on object 'Object Repository/TF_Customer_Create/4_Create_Objects_And_Save/13_Create_LDI_Vendor_Site/Input_Vendor_Site_Name/input_Vendor_Site_Nm'

2019-01-18 20:19:34 - [TEST_STEP][PASSED] - setText(findTestObject("TF_Customer_Create/4_Create_Objects_And_Save/13_Create_LDI_Vendor_Site/Input_Vendor_Site_Name/input_Vendor_Site_Number"), vndSiteNumber): Text '0GVG4VL42TWQ' is set on object 'Object Repository/TF_Customer_Create/4_Create_Objects_And_Save/13_Create_LDI_Vendor_Site/Input_Vendor_Site_Name/input_Vendor_Site_Number'

2019-01-18 20:19:34 - [MESSAGE][PASSED] - Text '0GVG4VL42TWQ' is set on object 'Object Repository/TF_Customer_Create/4_Create_Objects_And_Save/13_Create_LDI_Vendor_Site/Input_Vendor_Site_Name/input_Vendor_Site_Number'

2019-01-18 20:19:34 - [TEST_STEP][PASSED] - setText(findTestObject("TF_Customer_Create/4_Create_Objects_And_Save/13_Create_LDI_Vendor_Site/Input_Vendor_Site_Name/input_Vendor_Site_Cd"), vndSiteCd): Text '9PCHBH0R6R' is set on object 'Object Repository/TF_Customer_Create/4_Create_Objects_And_Save/13_Create_LDI_Vendor_Site/Input_Vendor_Site_Name/input_Vendor_Site_Cd'

2019-01-18 20:19:34 - [MESSAGE][PASSED] - Text '9PCHBH0R6R' is set on object 'Object Repository/TF_Customer_Create/4_Create_Objects_And_Save/13_Create_LDI_Vendor_Site/Input_Vendor_Site_Name/input_Vendor_Site_Cd'

2019-01-18 20:19:34 - [TEST_STEP][PASSED] - setText(findTestObject("TF_Customer_Create/4_Create_Objects_And_Save/13_Create_LDI_Vendor_Site/Input_Vendor_Site_Name/input_Vendor_Site_City"), vndSiteCity): Text '2BWQHP1I' is set on object 'Object Repository/TF_Customer_Create/4_Create_Objects_And_Save/13_Create_LDI_Vendor_Site/Input_Vendor_Site_Name/input_Vendor_Site_City'

2019-01-18 20:19:34 - [MESSAGE][PASSED] - Text '2BWQHP1I' is set on object 'Object Repository/TF_Customer_Create/4_Create_Objects_And_Save/13_Create_LDI_Vendor_Site/Input_Vendor_Site_Name/input_Vendor_Site_City'

2019-01-18 20:19:34 - [TEST_STEP][PASSED] - setText(findTestObject("TF_Customer_Create/4_Create_Objects_And_Save/13_Create_LDI_Vendor_Site/Input_Vendor_Site_Name/input_Vendor_Site_Postal_Code"), vndSitePtlCd): Text '6000RJ' is set on object 'Object Repository/TF_Customer_Create/4_Create_Objects_And_Save/13_Create_LDI_Vendor_Site/Input_Vendor_Site_Name/input_Vendor_Site_Postal_Code'

2019-01-18 20:19:34 - [MESSAGE][PASSED] - Text '6000RJ' is set on object 'Object Repository/TF_Customer_Create/4_Create_Objects_And_Save/13_Create_LDI_Vendor_Site/Input_Vendor_Site_Name/input_Vendor_Site_Postal_Code'

2019-01-18 20:19:34 - [TEST_STEP][NOT_RUN] - setText(findTestObject("TF_Customer_Create/4_Create_Objects_And_Save/Set_Effective_Dates/input_Effective_End_Date"), input_Eff_End_Dt): NOT_RUN: setText(findTestObject("TF_Customer_Create/4_Create_Objects_And_Save/Set_Effective_Dates/input_Effective_End_Date"), input_Eff_End_Dt)

2019-01-18 20:19:34 - [MESSAGE][NOT_RUN] - NOT_RUN: setText(findTestObject("TF_Customer_Create/4_Create_Objects_And_Save/Set_Effective_Dates/input_Effective_End_Date"), input_Eff_End_Dt)

2019-01-18 20:19:34 - [TEST_STEP][PASSED] - delay(2): Delayed 2 second(s)

2019-01-18 20:19:36 - [MESSAGE][PASSED] - Delayed 2 second(s)

2019-01-18 20:19:36 - [TEST_STEP][PASSED] - click(findTestObject("TF_Customer_Create/3_Common_Action_Buttons/Click_Data_Tab/span_Data_Tab")): Object: 'Object Repository/TF_Customer_Create/3_Common_Action_Buttons/Click_Data_Tab/span_Data_Tab' is clicked on

2019-01-18 20:19:36 - [MESSAGE][PASSED] - Object: 'Object Repository/TF_Customer_Create/3_Common_Action_Buttons/Click_Data_Tab/span_Data_Tab' is clicked on

2019-01-18 20:19:36 - [TEST_STEP][NOT_RUN] - click(findTestObject("TF_Customer_Create/4_Create_Objects_And_Save/Choose_Sales_Org/Click_Sales_Org_DD"), CONTINUE_ON_FAILURE): NOT_RUN: click(findTestObject("TF_Customer_Create/4_Create_Objects_And_Save/Choose_Sales_Org/Click_Sales_Org_DD"), CONTINUE_ON_FAILURE)

2019-01-18 20:19:36 - [MESSAGE][NOT_RUN] - NOT_RUN: click(findTestObject("TF_Customer_Create/4_Create_Objects_And_Save/Choose_Sales_Org/Click_Sales_Org_DD"), CONTINUE_ON_FAILURE)

2019-01-18 20:19:36 - [TEST_STEP][NOT_RUN] - click(findTestObject("TF_Customer_Create/4_Create_Objects_And_Save/Choose_Sales_Org/CA_Object"), CONTINUE_ON_FAILURE): NOT_RUN: click(findTestObject("TF_Customer_Create/4_Create_Objects_And_Save/Choose_Sales_Org/CA_Object"), CONTINUE_ON_FAILURE)

2019-01-18 20:19:36 - [MESSAGE][NOT_RUN] - NOT_RUN: click(findTestObject("TF_Customer_Create/4_Create_Objects_And_Save/Choose_Sales_Org/CA_Object"), CONTINUE_ON_FAILURE)

2019-01-18 20:19:36 - [TEST_STEP][PASSED] - delay(2): Delayed 2 second(s)

2019-01-18 20:19:38 - [MESSAGE][PASSED] - Delayed 2 second(s)

2019-01-18 20:19:38 - [TEST_STEP][PASSED] - click(findTestObject("TF_Customer_Create/3_Common_Action_Buttons/Click_Apply_Button/td_Apply")): Object: 'Object Repository/TF_Customer_Create/3_Common_Action_Buttons/Click_Apply_Button/td_Apply' is clicked on

2019-01-18 20:19:38 - [MESSAGE][PASSED] - Object: 'Object Repository/TF_Customer_Create/3_Common_Action_Buttons/Click_Apply_Button/td_Apply' is clicked on

2019-01-18 20:19:38 - [TEST_STEP][PASSED] - delay(2): Delayed 2 second(s)

2019-01-18 20:19:40 - [MESSAGE][PASSED] - Delayed 2 second(s)

2019-01-18 20:19:40 - [TEST_STEP][PASSED] - click(findTestObject("TF_Customer_Create/3_Common_Action_Buttons/Click_Save_Button/btn_Save")): Object: 'Object Repository/TF_Customer_Create/3_Common_Action_Buttons/Click_Save_Button/btn_Save' is clicked on

2019-01-18 20:19:41 - [MESSAGE][PASSED] - Object: 'Object Repository/TF_Customer_Create/3_Common_Action_Buttons/Click_Save_Button/btn_Save' is clicked on

2019-01-18 20:19:41 - [TEST_STEP][PASSED] - delay(2): Delayed 2 second(s)

2019-01-18 20:19:43 - [MESSAGE][PASSED] - Delayed 2 second(s)

2019-01-18 20:19:43 - [TEST_STEP][NOT_RUN] - verifyElementText(findTestObject("TF_Customer_Create/3_Common_Action_Buttons/Verify_Success_Message/Success_Message"), "Record has been saved successfully.", CONTINUE_ON_FAILURE): NOT_RUN: verifyElementText(findTestObject("TF_Customer_Create/3_Common_Action_Buttons/Verify_Success_Message/Success_Message"), "Record has been saved successfully.", CONTINUE_ON_FAILURE)

2019-01-18 20:19:43 - [MESSAGE][NOT_RUN] - NOT_RUN: verifyElementText(findTestObject("TF_Customer_Create/3_Common_Action_Buttons/Verify_Success_Message/Success_Message"), "Record has been saved successfully.", CONTINUE_ON_FAILURE)

2019-01-18 20:19:43 - [TEST_STEP][NOT_RUN] - click(findTestObject("TF_Customer_Create/3_Common_Action_Buttons/Click_Data_Tab/span_Data_Tab")): NOT_RUN: click(findTestObject("TF_Customer_Create/3_Common_Action_Buttons/Click_Data_Tab/span_Data_Tab"))

2019-01-18 20:19:43 - [MESSAGE][NOT_RUN] - NOT_RUN: click(findTestObject("TF_Customer_Create/3_Common_Action_Buttons/Click_Data_Tab/span_Data_Tab"))

2019-01-18 20:19:43 - [TEST_STEP][NOT_RUN] - delay(1): NOT_RUN: delay(1)

2019-01-18 20:19:43 - [MESSAGE][NOT_RUN] - NOT_RUN: delay(1)

2019-01-18 20:19:43 - [TEST_STEP][NOT_RUN] - click(findTestObject("TF_Customer_Create/3_Common_Action_Buttons/Click_Close_Button/btn_Close")): NOT_RUN: click(findTestObject("TF_Customer_Create/3_Common_Action_Buttons/Click_Close_Button/btn_Close"))

2019-01-18 20:19:43 - [MESSAGE][NOT_RUN] - NOT_RUN: click(findTestObject("TF_Customer_Create/3_Common_Action_Buttons/Click_Close_Button/btn_Close"))

2019-01-18 20:19:43 - [TEST_STEP][NOT_RUN] - delay(2): NOT_RUN: delay(2)

2019-01-18 20:19:43 - [MESSAGE][NOT_RUN] - NOT_RUN: delay(2)

2019-01-18 20:19:43 - [TEST_STEP][NOT_RUN] - vrfy_PLA = com.oracledb.regressiontest.verifyPLA(ora_connt, ora_usr, ora_psswrd, ora_schema, plaAcctName): NOT_RUN: vrfy_PLA = com.oracledb.regressiontest.verifyPLA(ora_connt, ora_usr, ora_psswrd, ora_schema, plaAcctName)

2019-01-18 20:19:43 - [MESSAGE][NOT_RUN] - NOT_RUN: vrfy_PLA = com.oracledb.regressiontest.verifyPLA(ora_connt, ora_usr, ora_psswrd, ora_schema, plaAcctName)

2019-01-18 20:19:43 - [TEST_STEP][NOT_RUN] - println("Planning Account Name"): NOT_RUN: println("Planning Account Name")

2019-01-18 20:19:43 - [MESSAGE][NOT_RUN] - NOT_RUN: println("Planning Account Name")

2019-01-18 20:19:43 - [TEST_STEP][NOT_RUN] - verifyEqual(PLANNING_ACCOUNT_NAME, plaAcctName): NOT_RUN: verifyEqual(PLANNING_ACCOUNT_NAME, plaAcctName)

2019-01-18 20:19:43 - [MESSAGE][NOT_RUN] - NOT_RUN: verifyEqual(PLANNING_ACCOUNT_NAME, plaAcctName)]]></system-out>
         <system-err><![CDATA[]]></system-err>
      </testcase>
      <testcase name="Test Cases/Regression_TF_Customer/Create_Record/TC_13_Create_LDI_Vendor_Site" classname="Test Cases/Regression_TF_Customer/Create_Record/TC_13_Create_LDI_Vendor_Site" status="PASSED">
         <system-out><![CDATA[2019-01-18 20:19:43 - [TEST_CASE][PASSED] - Test Cases/Regression_TF_Customer/Create_Record/TC_13_Create_LDI_Vendor_Site: Test Cases/Regression_TF_Customer/Create_Record/TC_13_Create_LDI_Vendor_Site

2019-01-18 20:19:43 - [TEST_STEP][PASSED] - waitForPageLoad(G_Timeout): Wait for page load successfully

2019-01-18 20:19:43 - [MESSAGE][PASSED] - Wait for page load successfully

2019-01-18 20:19:43 - [TEST_STEP][PASSED] - mouseOver(findTestObject("TF_Customer_Create/1_Menu_Navigation_To_Open_All_Pages/0_Menu_Create_In_Data_View")): Object: 'Object Repository/TF_Customer_Create/1_Menu_Navigation_To_Open_All_Pages/0_Menu_Create_In_Data_View' is hovered

2019-01-18 20:19:43 - [MESSAGE][PASSED] - Object: 'Object Repository/TF_Customer_Create/1_Menu_Navigation_To_Open_All_Pages/0_Menu_Create_In_Data_View' is hovered

2019-01-18 20:19:43 - [TEST_STEP][PASSED] - waitForPageLoad(G_Timeout): Wait for page load successfully

2019-01-18 20:19:43 - [MESSAGE][PASSED] - Wait for page load successfully

2019-01-18 20:19:43 - [TEST_STEP][PASSED] - mouseOver(findTestObject("TF_Customer_Create/1_Menu_Navigation_To_Open_All_Pages/1_Menu_Create_Master_Data")): Object: 'Object Repository/TF_Customer_Create/1_Menu_Navigation_To_Open_All_Pages/1_Menu_Create_Master_Data' is hovered

2019-01-18 20:19:43 - [MESSAGE][PASSED] - Object: 'Object Repository/TF_Customer_Create/1_Menu_Navigation_To_Open_All_Pages/1_Menu_Create_Master_Data' is hovered

2019-01-18 20:19:43 - [TEST_STEP][PASSED] - waitForPageLoad(G_Timeout): Wait for page load successfully

2019-01-18 20:19:43 - [MESSAGE][PASSED] - Wait for page load successfully

2019-01-18 20:19:43 - [TEST_STEP][PASSED] - mouseOver(findTestObject("TF_Customer_Create/1_Menu_Navigation_To_Open_All_Pages/3_Planning_Account_Hoverover_Option")): Object: 'Object Repository/TF_Customer_Create/1_Menu_Navigation_To_Open_All_Pages/3_Planning_Account_Hoverover_Option' is hovered

2019-01-18 20:19:43 - [MESSAGE][PASSED] - Object: 'Object Repository/TF_Customer_Create/1_Menu_Navigation_To_Open_All_Pages/3_Planning_Account_Hoverover_Option' is hovered

2019-01-18 20:19:43 - [TEST_STEP][PASSED] - waitForPageLoad(G_Timeout): Wait for page load successfully

2019-01-18 20:19:43 - [MESSAGE][PASSED] - Wait for page load successfully

2019-01-18 20:19:43 - [TEST_STEP][PASSED] - click(findTestObject("TF_Customer_Create/2_Select_Menu_Options(All)/13_LDI_Vendor_Site")): Object: 'Object Repository/TF_Customer_Create/2_Select_Menu_Options(All)/13_LDI_Vendor_Site' is clicked on

2019-01-18 20:19:43 - [MESSAGE][PASSED] - Object: 'Object Repository/TF_Customer_Create/2_Select_Menu_Options(All)/13_LDI_Vendor_Site' is clicked on

2019-01-18 20:19:43 - [TEST_STEP][PASSED] - waitForPageLoad(G_Timeout): Wait for page load successfully

2019-01-18 20:19:43 - [MESSAGE][PASSED] - Wait for page load successfully

2019-01-18 20:19:43 - [TEST_STEP][PASSED] - delay(3): Delayed 3 second(s)

2019-01-18 20:19:46 - [MESSAGE][PASSED] - Delayed 3 second(s)

2019-01-18 20:19:46 - [TEST_STEP][PASSED] - vndSiteName = com.oracledb.regressiontest.genName(15): com.oracledb.regressiontest.genName is PASSED

2019-01-18 20:19:46 - [MESSAGE][PASSED] - com.oracledb.regressiontest.genName is PASSED

2019-01-18 20:19:46 - [TEST_STEP][PASSED] - vndSiteNumber = com.oracledb.regressiontest.genName(12): com.oracledb.regressiontest.genName is PASSED

2019-01-18 20:19:46 - [MESSAGE][PASSED] - com.oracledb.regressiontest.genName is PASSED

2019-01-18 20:19:46 - [TEST_STEP][PASSED] - vndSiteCd = com.oracledb.regressiontest.genName(10): com.oracledb.regressiontest.genName is PASSED

2019-01-18 20:19:46 - [MESSAGE][PASSED] - com.oracledb.regressiontest.genName is PASSED

2019-01-18 20:19:46 - [TEST_STEP][PASSED] - vndSiteCity = com.oracledb.regressiontest.genName(8): com.oracledb.regressiontest.genName is PASSED

2019-01-18 20:19:46 - [MESSAGE][PASSED] - com.oracledb.regressiontest.genName is PASSED

2019-01-18 20:19:46 - [TEST_STEP][PASSED] - vndSitePtlCd = com.oracledb.regressiontest.genName(6): com.oracledb.regressiontest.genName is PASSED

2019-01-18 20:19:46 - [MESSAGE][PASSED] - com.oracledb.regressiontest.genName is PASSED

2019-01-18 20:19:46 - [TEST_STEP][PASSED] - setText(findTestObject("TF_Customer_Create/4_Create_Objects_And_Save/13_Create_LDI_Vendor_Site/Input_Vendor_Site_Name/input_Vendor_Site_Nm"), vndSiteName): Text 'N5PDGSBN16C03EX' is set on object 'Object Repository/TF_Customer_Create/4_Create_Objects_And_Save/13_Create_LDI_Vendor_Site/Input_Vendor_Site_Name/input_Vendor_Site_Nm'

2019-01-18 20:19:47 - [MESSAGE][PASSED] - Text 'N5PDGSBN16C03EX' is set on object 'Object Repository/TF_Customer_Create/4_Create_Objects_And_Save/13_Create_LDI_Vendor_Site/Input_Vendor_Site_Name/input_Vendor_Site_Nm'

2019-01-18 20:19:47 - [TEST_STEP][PASSED] - setText(findTestObject("TF_Customer_Create/4_Create_Objects_And_Save/13_Create_LDI_Vendor_Site/Input_Vendor_Site_Name/input_Vendor_Site_Number"), vndSiteNumber): Text '56X1GW2TDPVX' is set on object 'Object Repository/TF_Customer_Create/4_Create_Objects_And_Save/13_Create_LDI_Vendor_Site/Input_Vendor_Site_Name/input_Vendor_Site_Number'

2019-01-18 20:19:47 - [MESSAGE][PASSED] - Text '56X1GW2TDPVX' is set on object 'Object Repository/TF_Customer_Create/4_Create_Objects_And_Save/13_Create_LDI_Vendor_Site/Input_Vendor_Site_Name/input_Vendor_Site_Number'

2019-01-18 20:19:47 - [TEST_STEP][PASSED] - setText(findTestObject("TF_Customer_Create/4_Create_Objects_And_Save/13_Create_LDI_Vendor_Site/Input_Vendor_Site_Name/input_Vendor_Site_Cd"), vndSiteCd): Text 'BGLSEU0XSP' is set on object 'Object Repository/TF_Customer_Create/4_Create_Objects_And_Save/13_Create_LDI_Vendor_Site/Input_Vendor_Site_Name/input_Vendor_Site_Cd'

2019-01-18 20:19:47 - [MESSAGE][PASSED] - Text 'BGLSEU0XSP' is set on object 'Object Repository/TF_Customer_Create/4_Create_Objects_And_Save/13_Create_LDI_Vendor_Site/Input_Vendor_Site_Name/input_Vendor_Site_Cd'

2019-01-18 20:19:47 - [TEST_STEP][PASSED] - setText(findTestObject("TF_Customer_Create/4_Create_Objects_And_Save/13_Create_LDI_Vendor_Site/Input_Vendor_Site_Name/input_Vendor_Site_City"), vndSiteCity): Text 'XF6H1F8Z' is set on object 'Object Repository/TF_Customer_Create/4_Create_Objects_And_Save/13_Create_LDI_Vendor_Site/Input_Vendor_Site_Name/input_Vendor_Site_City'

2019-01-18 20:19:47 - [MESSAGE][PASSED] - Text 'XF6H1F8Z' is set on object 'Object Repository/TF_Customer_Create/4_Create_Objects_And_Save/13_Create_LDI_Vendor_Site/Input_Vendor_Site_Name/input_Vendor_Site_City'

2019-01-18 20:19:47 - [TEST_STEP][PASSED] - setText(findTestObject("TF_Customer_Create/4_Create_Objects_And_Save/13_Create_LDI_Vendor_Site/Input_Vendor_Site_Name/input_Vendor_Site_Postal_Code"), vndSitePtlCd): Text 'RJOJSW' is set on object 'Object Repository/TF_Customer_Create/4_Create_Objects_And_Save/13_Create_LDI_Vendor_Site/Input_Vendor_Site_Name/input_Vendor_Site_Postal_Code'

2019-01-18 20:19:47 - [MESSAGE][PASSED] - Text 'RJOJSW' is set on object 'Object Repository/TF_Customer_Create/4_Create_Objects_And_Save/13_Create_LDI_Vendor_Site/Input_Vendor_Site_Name/input_Vendor_Site_Postal_Code'

2019-01-18 20:19:47 - [TEST_STEP][NOT_RUN] - setText(findTestObject("TF_Customer_Create/4_Create_Objects_And_Save/Set_Effective_Dates/input_Effective_End_Date"), input_Eff_End_Dt): NOT_RUN: setText(findTestObject("TF_Customer_Create/4_Create_Objects_And_Save/Set_Effective_Dates/input_Effective_End_Date"), input_Eff_End_Dt)

2019-01-18 20:19:47 - [MESSAGE][NOT_RUN] - NOT_RUN: setText(findTestObject("TF_Customer_Create/4_Create_Objects_And_Save/Set_Effective_Dates/input_Effective_End_Date"), input_Eff_End_Dt)

2019-01-18 20:19:47 - [TEST_STEP][PASSED] - delay(2): Delayed 2 second(s)

2019-01-18 20:19:49 - [MESSAGE][PASSED] - Delayed 2 second(s)

2019-01-18 20:19:49 - [TEST_STEP][PASSED] - click(findTestObject("TF_Customer_Create/3_Common_Action_Buttons/Click_Data_Tab/span_Data_Tab")): Object: 'Object Repository/TF_Customer_Create/3_Common_Action_Buttons/Click_Data_Tab/span_Data_Tab' is clicked on

2019-01-18 20:19:49 - [MESSAGE][PASSED] - Object: 'Object Repository/TF_Customer_Create/3_Common_Action_Buttons/Click_Data_Tab/span_Data_Tab' is clicked on

2019-01-18 20:19:49 - [TEST_STEP][NOT_RUN] - click(findTestObject("TF_Customer_Create/4_Create_Objects_And_Save/Choose_Sales_Org/Click_Sales_Org_DD"), CONTINUE_ON_FAILURE): NOT_RUN: click(findTestObject("TF_Customer_Create/4_Create_Objects_And_Save/Choose_Sales_Org/Click_Sales_Org_DD"), CONTINUE_ON_FAILURE)

2019-01-18 20:19:49 - [MESSAGE][NOT_RUN] - NOT_RUN: click(findTestObject("TF_Customer_Create/4_Create_Objects_And_Save/Choose_Sales_Org/Click_Sales_Org_DD"), CONTINUE_ON_FAILURE)

2019-01-18 20:19:49 - [TEST_STEP][NOT_RUN] - click(findTestObject("TF_Customer_Create/4_Create_Objects_And_Save/Choose_Sales_Org/CA_Object"), CONTINUE_ON_FAILURE): NOT_RUN: click(findTestObject("TF_Customer_Create/4_Create_Objects_And_Save/Choose_Sales_Org/CA_Object"), CONTINUE_ON_FAILURE)

2019-01-18 20:19:49 - [MESSAGE][NOT_RUN] - NOT_RUN: click(findTestObject("TF_Customer_Create/4_Create_Objects_And_Save/Choose_Sales_Org/CA_Object"), CONTINUE_ON_FAILURE)

2019-01-18 20:19:49 - [TEST_STEP][PASSED] - delay(2): Delayed 2 second(s)

2019-01-18 20:19:51 - [MESSAGE][PASSED] - Delayed 2 second(s)

2019-01-18 20:19:51 - [TEST_STEP][PASSED] - click(findTestObject("TF_Customer_Create/3_Common_Action_Buttons/Click_Apply_Button/td_Apply")): Object: 'Object Repository/TF_Customer_Create/3_Common_Action_Buttons/Click_Apply_Button/td_Apply' is clicked on

2019-01-18 20:19:51 - [MESSAGE][PASSED] - Object: 'Object Repository/TF_Customer_Create/3_Common_Action_Buttons/Click_Apply_Button/td_Apply' is clicked on

2019-01-18 20:19:51 - [TEST_STEP][PASSED] - delay(2): Delayed 2 second(s)

2019-01-18 20:19:53 - [MESSAGE][PASSED] - Delayed 2 second(s)

2019-01-18 20:19:53 - [TEST_STEP][PASSED] - click(findTestObject("TF_Customer_Create/3_Common_Action_Buttons/Click_Save_Button/btn_Save")): Object: 'Object Repository/TF_Customer_Create/3_Common_Action_Buttons/Click_Save_Button/btn_Save' is clicked on

2019-01-18 20:19:53 - [MESSAGE][PASSED] - Object: 'Object Repository/TF_Customer_Create/3_Common_Action_Buttons/Click_Save_Button/btn_Save' is clicked on

2019-01-18 20:19:53 - [TEST_STEP][PASSED] - delay(2): Delayed 2 second(s)

2019-01-18 20:19:55 - [MESSAGE][PASSED] - Delayed 2 second(s)

2019-01-18 20:19:55 - [TEST_STEP][NOT_RUN] - verifyElementText(findTestObject("TF_Customer_Create/3_Common_Action_Buttons/Verify_Success_Message/Success_Message"), "Record has been saved successfully.", CONTINUE_ON_FAILURE): NOT_RUN: verifyElementText(findTestObject("TF_Customer_Create/3_Common_Action_Buttons/Verify_Success_Message/Success_Message"), "Record has been saved successfully.", CONTINUE_ON_FAILURE)

2019-01-18 20:19:55 - [MESSAGE][NOT_RUN] - NOT_RUN: verifyElementText(findTestObject("TF_Customer_Create/3_Common_Action_Buttons/Verify_Success_Message/Success_Message"), "Record has been saved successfully.", CONTINUE_ON_FAILURE)

2019-01-18 20:19:55 - [TEST_STEP][NOT_RUN] - click(findTestObject("TF_Customer_Create/3_Common_Action_Buttons/Click_Data_Tab/span_Data_Tab")): NOT_RUN: click(findTestObject("TF_Customer_Create/3_Common_Action_Buttons/Click_Data_Tab/span_Data_Tab"))

2019-01-18 20:19:55 - [MESSAGE][NOT_RUN] - NOT_RUN: click(findTestObject("TF_Customer_Create/3_Common_Action_Buttons/Click_Data_Tab/span_Data_Tab"))

2019-01-18 20:19:55 - [TEST_STEP][NOT_RUN] - delay(1): NOT_RUN: delay(1)

2019-01-18 20:19:55 - [MESSAGE][NOT_RUN] - NOT_RUN: delay(1)

2019-01-18 20:19:55 - [TEST_STEP][NOT_RUN] - click(findTestObject("TF_Customer_Create/3_Common_Action_Buttons/Click_Close_Button/btn_Close")): NOT_RUN: click(findTestObject("TF_Customer_Create/3_Common_Action_Buttons/Click_Close_Button/btn_Close"))

2019-01-18 20:19:55 - [MESSAGE][NOT_RUN] - NOT_RUN: click(findTestObject("TF_Customer_Create/3_Common_Action_Buttons/Click_Close_Button/btn_Close"))

2019-01-18 20:19:55 - [TEST_STEP][NOT_RUN] - delay(2): NOT_RUN: delay(2)

2019-01-18 20:19:55 - [MESSAGE][NOT_RUN] - NOT_RUN: delay(2)

2019-01-18 20:19:55 - [TEST_STEP][NOT_RUN] - vrfy_PLA = com.oracledb.regressiontest.verifyPLA(ora_connt, ora_usr, ora_psswrd, ora_schema, plaAcctName): NOT_RUN: vrfy_PLA = com.oracledb.regressiontest.verifyPLA(ora_connt, ora_usr, ora_psswrd, ora_schema, plaAcctName)

2019-01-18 20:19:55 - [MESSAGE][NOT_RUN] - NOT_RUN: vrfy_PLA = com.oracledb.regressiontest.verifyPLA(ora_connt, ora_usr, ora_psswrd, ora_schema, plaAcctName)

2019-01-18 20:19:55 - [TEST_STEP][NOT_RUN] - println("Planning Account Name"): NOT_RUN: println("Planning Account Name")

2019-01-18 20:19:55 - [MESSAGE][NOT_RUN] - NOT_RUN: println("Planning Account Name")

2019-01-18 20:19:55 - [TEST_STEP][NOT_RUN] - verifyEqual(PLANNING_ACCOUNT_NAME, plaAcctName): NOT_RUN: verifyEqual(PLANNING_ACCOUNT_NAME, plaAcctName)

2019-01-18 20:19:55 - [MESSAGE][NOT_RUN] - NOT_RUN: verifyEqual(PLANNING_ACCOUNT_NAME, plaAcctName)]]></system-out>
         <system-err><![CDATA[]]></system-err>
      </testcase>
      <testcase name="Test Cases/Regression_TF_Customer/Create_Record/TC_13_Create_LDI_Vendor_Site" classname="Test Cases/Regression_TF_Customer/Create_Record/TC_13_Create_LDI_Vendor_Site" status="PASSED">
         <system-out><![CDATA[2019-01-18 20:19:55 - [TEST_CASE][PASSED] - Test Cases/Regression_TF_Customer/Create_Record/TC_13_Create_LDI_Vendor_Site: Test Cases/Regression_TF_Customer/Create_Record/TC_13_Create_LDI_Vendor_Site

2019-01-18 20:19:55 - [TEST_STEP][PASSED] - waitForPageLoad(G_Timeout): Wait for page load successfully

2019-01-18 20:19:55 - [MESSAGE][PASSED] - Wait for page load successfully

2019-01-18 20:19:55 - [TEST_STEP][PASSED] - mouseOver(findTestObject("TF_Customer_Create/1_Menu_Navigation_To_Open_All_Pages/0_Menu_Create_In_Data_View")): Object: 'Object Repository/TF_Customer_Create/1_Menu_Navigation_To_Open_All_Pages/0_Menu_Create_In_Data_View' is hovered

2019-01-18 20:19:55 - [MESSAGE][PASSED] - Object: 'Object Repository/TF_Customer_Create/1_Menu_Navigation_To_Open_All_Pages/0_Menu_Create_In_Data_View' is hovered

2019-01-18 20:19:55 - [TEST_STEP][PASSED] - waitForPageLoad(G_Timeout): Wait for page load successfully

2019-01-18 20:19:55 - [MESSAGE][PASSED] - Wait for page load successfully

2019-01-18 20:19:55 - [TEST_STEP][PASSED] - mouseOver(findTestObject("TF_Customer_Create/1_Menu_Navigation_To_Open_All_Pages/1_Menu_Create_Master_Data")): Object: 'Object Repository/TF_Customer_Create/1_Menu_Navigation_To_Open_All_Pages/1_Menu_Create_Master_Data' is hovered

2019-01-18 20:19:56 - [MESSAGE][PASSED] - Object: 'Object Repository/TF_Customer_Create/1_Menu_Navigation_To_Open_All_Pages/1_Menu_Create_Master_Data' is hovered

2019-01-18 20:19:56 - [TEST_STEP][PASSED] - waitForPageLoad(G_Timeout): Wait for page load successfully

2019-01-18 20:19:56 - [MESSAGE][PASSED] - Wait for page load successfully

2019-01-18 20:19:56 - [TEST_STEP][PASSED] - mouseOver(findTestObject("TF_Customer_Create/1_Menu_Navigation_To_Open_All_Pages/3_Planning_Account_Hoverover_Option")): Object: 'Object Repository/TF_Customer_Create/1_Menu_Navigation_To_Open_All_Pages/3_Planning_Account_Hoverover_Option' is hovered

2019-01-18 20:19:56 - [MESSAGE][PASSED] - Object: 'Object Repository/TF_Customer_Create/1_Menu_Navigation_To_Open_All_Pages/3_Planning_Account_Hoverover_Option' is hovered

2019-01-18 20:19:56 - [TEST_STEP][PASSED] - waitForPageLoad(G_Timeout): Wait for page load successfully

2019-01-18 20:19:56 - [MESSAGE][PASSED] - Wait for page load successfully

2019-01-18 20:19:56 - [TEST_STEP][PASSED] - click(findTestObject("TF_Customer_Create/2_Select_Menu_Options(All)/13_LDI_Vendor_Site")): Object: 'Object Repository/TF_Customer_Create/2_Select_Menu_Options(All)/13_LDI_Vendor_Site' is clicked on

2019-01-18 20:19:56 - [MESSAGE][PASSED] - Object: 'Object Repository/TF_Customer_Create/2_Select_Menu_Options(All)/13_LDI_Vendor_Site' is clicked on

2019-01-18 20:19:56 - [TEST_STEP][PASSED] - waitForPageLoad(G_Timeout): Wait for page load successfully

2019-01-18 20:19:56 - [MESSAGE][PASSED] - Wait for page load successfully

2019-01-18 20:19:56 - [TEST_STEP][PASSED] - delay(3): Delayed 3 second(s)

2019-01-18 20:19:59 - [MESSAGE][PASSED] - Delayed 3 second(s)

2019-01-18 20:19:59 - [TEST_STEP][PASSED] - vndSiteName = com.oracledb.regressiontest.genName(15): com.oracledb.regressiontest.genName is PASSED

2019-01-18 20:19:59 - [MESSAGE][PASSED] - com.oracledb.regressiontest.genName is PASSED

2019-01-18 20:19:59 - [TEST_STEP][PASSED] - vndSiteNumber = com.oracledb.regressiontest.genName(12): com.oracledb.regressiontest.genName is PASSED

2019-01-18 20:19:59 - [MESSAGE][PASSED] - com.oracledb.regressiontest.genName is PASSED

2019-01-18 20:19:59 - [TEST_STEP][PASSED] - vndSiteCd = com.oracledb.regressiontest.genName(10): com.oracledb.regressiontest.genName is PASSED

2019-01-18 20:19:59 - [MESSAGE][PASSED] - com.oracledb.regressiontest.genName is PASSED

2019-01-18 20:19:59 - [TEST_STEP][PASSED] - vndSiteCity = com.oracledb.regressiontest.genName(8): com.oracledb.regressiontest.genName is PASSED

2019-01-18 20:19:59 - [MESSAGE][PASSED] - com.oracledb.regressiontest.genName is PASSED

2019-01-18 20:19:59 - [TEST_STEP][PASSED] - vndSitePtlCd = com.oracledb.regressiontest.genName(6): com.oracledb.regressiontest.genName is PASSED

2019-01-18 20:19:59 - [MESSAGE][PASSED] - com.oracledb.regressiontest.genName is PASSED

2019-01-18 20:19:59 - [TEST_STEP][PASSED] - setText(findTestObject("TF_Customer_Create/4_Create_Objects_And_Save/13_Create_LDI_Vendor_Site/Input_Vendor_Site_Name/input_Vendor_Site_Nm"), vndSiteName): Text 'VSUPPL1U976Z6L3' is set on object 'Object Repository/TF_Customer_Create/4_Create_Objects_And_Save/13_Create_LDI_Vendor_Site/Input_Vendor_Site_Name/input_Vendor_Site_Nm'

2019-01-18 20:19:59 - [MESSAGE][PASSED] - Text 'VSUPPL1U976Z6L3' is set on object 'Object Repository/TF_Customer_Create/4_Create_Objects_And_Save/13_Create_LDI_Vendor_Site/Input_Vendor_Site_Name/input_Vendor_Site_Nm'

2019-01-18 20:19:59 - [TEST_STEP][PASSED] - setText(findTestObject("TF_Customer_Create/4_Create_Objects_And_Save/13_Create_LDI_Vendor_Site/Input_Vendor_Site_Name/input_Vendor_Site_Number"), vndSiteNumber): Text 'U5ESXZRKX908' is set on object 'Object Repository/TF_Customer_Create/4_Create_Objects_And_Save/13_Create_LDI_Vendor_Site/Input_Vendor_Site_Name/input_Vendor_Site_Number'

2019-01-18 20:20:00 - [MESSAGE][PASSED] - Text 'U5ESXZRKX908' is set on object 'Object Repository/TF_Customer_Create/4_Create_Objects_And_Save/13_Create_LDI_Vendor_Site/Input_Vendor_Site_Name/input_Vendor_Site_Number'

2019-01-18 20:20:00 - [TEST_STEP][PASSED] - setText(findTestObject("TF_Customer_Create/4_Create_Objects_And_Save/13_Create_LDI_Vendor_Site/Input_Vendor_Site_Name/input_Vendor_Site_Cd"), vndSiteCd): Text '3NE2LE5OWK' is set on object 'Object Repository/TF_Customer_Create/4_Create_Objects_And_Save/13_Create_LDI_Vendor_Site/Input_Vendor_Site_Name/input_Vendor_Site_Cd'

2019-01-18 20:20:00 - [MESSAGE][PASSED] - Text '3NE2LE5OWK' is set on object 'Object Repository/TF_Customer_Create/4_Create_Objects_And_Save/13_Create_LDI_Vendor_Site/Input_Vendor_Site_Name/input_Vendor_Site_Cd'

2019-01-18 20:20:00 - [TEST_STEP][PASSED] - setText(findTestObject("TF_Customer_Create/4_Create_Objects_And_Save/13_Create_LDI_Vendor_Site/Input_Vendor_Site_Name/input_Vendor_Site_City"), vndSiteCity): Text 'JJ2405CF' is set on object 'Object Repository/TF_Customer_Create/4_Create_Objects_And_Save/13_Create_LDI_Vendor_Site/Input_Vendor_Site_Name/input_Vendor_Site_City'

2019-01-18 20:20:00 - [MESSAGE][PASSED] - Text 'JJ2405CF' is set on object 'Object Repository/TF_Customer_Create/4_Create_Objects_And_Save/13_Create_LDI_Vendor_Site/Input_Vendor_Site_Name/input_Vendor_Site_City'

2019-01-18 20:20:00 - [TEST_STEP][PASSED] - setText(findTestObject("TF_Customer_Create/4_Create_Objects_And_Save/13_Create_LDI_Vendor_Site/Input_Vendor_Site_Name/input_Vendor_Site_Postal_Code"), vndSitePtlCd): Text 'N2O7DQ' is set on object 'Object Repository/TF_Customer_Create/4_Create_Objects_And_Save/13_Create_LDI_Vendor_Site/Input_Vendor_Site_Name/input_Vendor_Site_Postal_Code'

2019-01-18 20:20:00 - [MESSAGE][PASSED] - Text 'N2O7DQ' is set on object 'Object Repository/TF_Customer_Create/4_Create_Objects_And_Save/13_Create_LDI_Vendor_Site/Input_Vendor_Site_Name/input_Vendor_Site_Postal_Code'

2019-01-18 20:20:00 - [TEST_STEP][NOT_RUN] - setText(findTestObject("TF_Customer_Create/4_Create_Objects_And_Save/Set_Effective_Dates/input_Effective_End_Date"), input_Eff_End_Dt): NOT_RUN: setText(findTestObject("TF_Customer_Create/4_Create_Objects_And_Save/Set_Effective_Dates/input_Effective_End_Date"), input_Eff_End_Dt)

2019-01-18 20:20:00 - [MESSAGE][NOT_RUN] - NOT_RUN: setText(findTestObject("TF_Customer_Create/4_Create_Objects_And_Save/Set_Effective_Dates/input_Effective_End_Date"), input_Eff_End_Dt)

2019-01-18 20:20:00 - [TEST_STEP][PASSED] - delay(2): Delayed 2 second(s)

2019-01-18 20:20:02 - [MESSAGE][PASSED] - Delayed 2 second(s)

2019-01-18 20:20:02 - [TEST_STEP][PASSED] - click(findTestObject("TF_Customer_Create/3_Common_Action_Buttons/Click_Data_Tab/span_Data_Tab")): Object: 'Object Repository/TF_Customer_Create/3_Common_Action_Buttons/Click_Data_Tab/span_Data_Tab' is clicked on

2019-01-18 20:20:02 - [MESSAGE][PASSED] - Object: 'Object Repository/TF_Customer_Create/3_Common_Action_Buttons/Click_Data_Tab/span_Data_Tab' is clicked on

2019-01-18 20:20:02 - [TEST_STEP][NOT_RUN] - click(findTestObject("TF_Customer_Create/4_Create_Objects_And_Save/Choose_Sales_Org/Click_Sales_Org_DD"), CONTINUE_ON_FAILURE): NOT_RUN: click(findTestObject("TF_Customer_Create/4_Create_Objects_And_Save/Choose_Sales_Org/Click_Sales_Org_DD"), CONTINUE_ON_FAILURE)

2019-01-18 20:20:02 - [MESSAGE][NOT_RUN] - NOT_RUN: click(findTestObject("TF_Customer_Create/4_Create_Objects_And_Save/Choose_Sales_Org/Click_Sales_Org_DD"), CONTINUE_ON_FAILURE)

2019-01-18 20:20:02 - [TEST_STEP][NOT_RUN] - click(findTestObject("TF_Customer_Create/4_Create_Objects_And_Save/Choose_Sales_Org/CA_Object"), CONTINUE_ON_FAILURE): NOT_RUN: click(findTestObject("TF_Customer_Create/4_Create_Objects_And_Save/Choose_Sales_Org/CA_Object"), CONTINUE_ON_FAILURE)

2019-01-18 20:20:02 - [MESSAGE][NOT_RUN] - NOT_RUN: click(findTestObject("TF_Customer_Create/4_Create_Objects_And_Save/Choose_Sales_Org/CA_Object"), CONTINUE_ON_FAILURE)

2019-01-18 20:20:02 - [TEST_STEP][PASSED] - delay(2): Delayed 2 second(s)

2019-01-18 20:20:04 - [MESSAGE][PASSED] - Delayed 2 second(s)

2019-01-18 20:20:04 - [TEST_STEP][PASSED] - click(findTestObject("TF_Customer_Create/3_Common_Action_Buttons/Click_Apply_Button/td_Apply")): Object: 'Object Repository/TF_Customer_Create/3_Common_Action_Buttons/Click_Apply_Button/td_Apply' is clicked on

2019-01-18 20:20:04 - [MESSAGE][PASSED] - Object: 'Object Repository/TF_Customer_Create/3_Common_Action_Buttons/Click_Apply_Button/td_Apply' is clicked on

2019-01-18 20:20:04 - [TEST_STEP][PASSED] - delay(2): Delayed 2 second(s)

2019-01-18 20:20:06 - [MESSAGE][PASSED] - Delayed 2 second(s)

2019-01-18 20:20:06 - [TEST_STEP][PASSED] - click(findTestObject("TF_Customer_Create/3_Common_Action_Buttons/Click_Save_Button/btn_Save")): Object: 'Object Repository/TF_Customer_Create/3_Common_Action_Buttons/Click_Save_Button/btn_Save' is clicked on

2019-01-18 20:20:06 - [MESSAGE][PASSED] - Object: 'Object Repository/TF_Customer_Create/3_Common_Action_Buttons/Click_Save_Button/btn_Save' is clicked on

2019-01-18 20:20:06 - [TEST_STEP][PASSED] - delay(2): Delayed 2 second(s)

2019-01-18 20:20:08 - [MESSAGE][PASSED] - Delayed 2 second(s)

2019-01-18 20:20:08 - [TEST_STEP][NOT_RUN] - verifyElementText(findTestObject("TF_Customer_Create/3_Common_Action_Buttons/Verify_Success_Message/Success_Message"), "Record has been saved successfully.", CONTINUE_ON_FAILURE): NOT_RUN: verifyElementText(findTestObject("TF_Customer_Create/3_Common_Action_Buttons/Verify_Success_Message/Success_Message"), "Record has been saved successfully.", CONTINUE_ON_FAILURE)

2019-01-18 20:20:08 - [MESSAGE][NOT_RUN] - NOT_RUN: verifyElementText(findTestObject("TF_Customer_Create/3_Common_Action_Buttons/Verify_Success_Message/Success_Message"), "Record has been saved successfully.", CONTINUE_ON_FAILURE)

2019-01-18 20:20:08 - [TEST_STEP][NOT_RUN] - click(findTestObject("TF_Customer_Create/3_Common_Action_Buttons/Click_Data_Tab/span_Data_Tab")): NOT_RUN: click(findTestObject("TF_Customer_Create/3_Common_Action_Buttons/Click_Data_Tab/span_Data_Tab"))

2019-01-18 20:20:08 - [MESSAGE][NOT_RUN] - NOT_RUN: click(findTestObject("TF_Customer_Create/3_Common_Action_Buttons/Click_Data_Tab/span_Data_Tab"))

2019-01-18 20:20:08 - [TEST_STEP][NOT_RUN] - delay(1): NOT_RUN: delay(1)

2019-01-18 20:20:08 - [MESSAGE][NOT_RUN] - NOT_RUN: delay(1)

2019-01-18 20:20:08 - [TEST_STEP][NOT_RUN] - click(findTestObject("TF_Customer_Create/3_Common_Action_Buttons/Click_Close_Button/btn_Close")): NOT_RUN: click(findTestObject("TF_Customer_Create/3_Common_Action_Buttons/Click_Close_Button/btn_Close"))

2019-01-18 20:20:08 - [MESSAGE][NOT_RUN] - NOT_RUN: click(findTestObject("TF_Customer_Create/3_Common_Action_Buttons/Click_Close_Button/btn_Close"))

2019-01-18 20:20:08 - [TEST_STEP][NOT_RUN] - delay(2): NOT_RUN: delay(2)

2019-01-18 20:20:08 - [MESSAGE][NOT_RUN] - NOT_RUN: delay(2)

2019-01-18 20:20:08 - [TEST_STEP][NOT_RUN] - vrfy_PLA = com.oracledb.regressiontest.verifyPLA(ora_connt, ora_usr, ora_psswrd, ora_schema, plaAcctName): NOT_RUN: vrfy_PLA = com.oracledb.regressiontest.verifyPLA(ora_connt, ora_usr, ora_psswrd, ora_schema, plaAcctName)

2019-01-18 20:20:08 - [MESSAGE][NOT_RUN] - NOT_RUN: vrfy_PLA = com.oracledb.regressiontest.verifyPLA(ora_connt, ora_usr, ora_psswrd, ora_schema, plaAcctName)

2019-01-18 20:20:08 - [TEST_STEP][NOT_RUN] - println("Planning Account Name"): NOT_RUN: println("Planning Account Name")

2019-01-18 20:20:08 - [MESSAGE][NOT_RUN] - NOT_RUN: println("Planning Account Name")

2019-01-18 20:20:08 - [TEST_STEP][NOT_RUN] - verifyEqual(PLANNING_ACCOUNT_NAME, plaAcctName): NOT_RUN: verifyEqual(PLANNING_ACCOUNT_NAME, plaAcctName)

2019-01-18 20:20:08 - [MESSAGE][NOT_RUN] - NOT_RUN: verifyEqual(PLANNING_ACCOUNT_NAME, plaAcctName)]]></system-out>
         <system-err><![CDATA[]]></system-err>
      </testcase>
      <testcase name="Test Cases/Regression_TF_Customer/Create_Record/TC_13_Create_LDI_Vendor_Site" classname="Test Cases/Regression_TF_Customer/Create_Record/TC_13_Create_LDI_Vendor_Site" status="PASSED">
         <system-out><![CDATA[2019-01-18 20:20:08 - [TEST_CASE][PASSED] - Test Cases/Regression_TF_Customer/Create_Record/TC_13_Create_LDI_Vendor_Site: Test Cases/Regression_TF_Customer/Create_Record/TC_13_Create_LDI_Vendor_Site

2019-01-18 20:20:08 - [TEST_STEP][PASSED] - waitForPageLoad(G_Timeout): Wait for page load successfully

2019-01-18 20:20:08 - [MESSAGE][PASSED] - Wait for page load successfully

2019-01-18 20:20:08 - [TEST_STEP][PASSED] - mouseOver(findTestObject("TF_Customer_Create/1_Menu_Navigation_To_Open_All_Pages/0_Menu_Create_In_Data_View")): Object: 'Object Repository/TF_Customer_Create/1_Menu_Navigation_To_Open_All_Pages/0_Menu_Create_In_Data_View' is hovered

2019-01-18 20:20:08 - [MESSAGE][PASSED] - Object: 'Object Repository/TF_Customer_Create/1_Menu_Navigation_To_Open_All_Pages/0_Menu_Create_In_Data_View' is hovered

2019-01-18 20:20:08 - [TEST_STEP][PASSED] - waitForPageLoad(G_Timeout): Wait for page load successfully

2019-01-18 20:20:08 - [MESSAGE][PASSED] - Wait for page load successfully

2019-01-18 20:20:08 - [TEST_STEP][PASSED] - mouseOver(findTestObject("TF_Customer_Create/1_Menu_Navigation_To_Open_All_Pages/1_Menu_Create_Master_Data")): Object: 'Object Repository/TF_Customer_Create/1_Menu_Navigation_To_Open_All_Pages/1_Menu_Create_Master_Data' is hovered

2019-01-18 20:20:08 - [MESSAGE][PASSED] - Object: 'Object Repository/TF_Customer_Create/1_Menu_Navigation_To_Open_All_Pages/1_Menu_Create_Master_Data' is hovered

2019-01-18 20:20:08 - [TEST_STEP][PASSED] - waitForPageLoad(G_Timeout): Wait for page load successfully

2019-01-18 20:20:09 - [MESSAGE][PASSED] - Wait for page load successfully

2019-01-18 20:20:09 - [TEST_STEP][PASSED] - mouseOver(findTestObject("TF_Customer_Create/1_Menu_Navigation_To_Open_All_Pages/3_Planning_Account_Hoverover_Option")): Object: 'Object Repository/TF_Customer_Create/1_Menu_Navigation_To_Open_All_Pages/3_Planning_Account_Hoverover_Option' is hovered

2019-01-18 20:20:09 - [MESSAGE][PASSED] - Object: 'Object Repository/TF_Customer_Create/1_Menu_Navigation_To_Open_All_Pages/3_Planning_Account_Hoverover_Option' is hovered

2019-01-18 20:20:09 - [TEST_STEP][PASSED] - waitForPageLoad(G_Timeout): Wait for page load successfully

2019-01-18 20:20:09 - [MESSAGE][PASSED] - Wait for page load successfully

2019-01-18 20:20:09 - [TEST_STEP][PASSED] - click(findTestObject("TF_Customer_Create/2_Select_Menu_Options(All)/13_LDI_Vendor_Site")): Object: 'Object Repository/TF_Customer_Create/2_Select_Menu_Options(All)/13_LDI_Vendor_Site' is clicked on

2019-01-18 20:20:09 - [MESSAGE][PASSED] - Object: 'Object Repository/TF_Customer_Create/2_Select_Menu_Options(All)/13_LDI_Vendor_Site' is clicked on

2019-01-18 20:20:09 - [TEST_STEP][PASSED] - waitForPageLoad(G_Timeout): Wait for page load successfully

2019-01-18 20:20:09 - [MESSAGE][PASSED] - Wait for page load successfully

2019-01-18 20:20:09 - [TEST_STEP][PASSED] - delay(3): Delayed 3 second(s)

2019-01-18 20:20:12 - [MESSAGE][PASSED] - Delayed 3 second(s)

2019-01-18 20:20:12 - [TEST_STEP][PASSED] - vndSiteName = com.oracledb.regressiontest.genName(15): com.oracledb.regressiontest.genName is PASSED

2019-01-18 20:20:12 - [MESSAGE][PASSED] - com.oracledb.regressiontest.genName is PASSED

2019-01-18 20:20:12 - [TEST_STEP][PASSED] - vndSiteNumber = com.oracledb.regressiontest.genName(12): com.oracledb.regressiontest.genName is PASSED

2019-01-18 20:20:12 - [MESSAGE][PASSED] - com.oracledb.regressiontest.genName is PASSED

2019-01-18 20:20:12 - [TEST_STEP][PASSED] - vndSiteCd = com.oracledb.regressiontest.genName(10): com.oracledb.regressiontest.genName is PASSED

2019-01-18 20:20:12 - [MESSAGE][PASSED] - com.oracledb.regressiontest.genName is PASSED

2019-01-18 20:20:12 - [TEST_STEP][PASSED] - vndSiteCity = com.oracledb.regressiontest.genName(8): com.oracledb.regressiontest.genName is PASSED

2019-01-18 20:20:12 - [MESSAGE][PASSED] - com.oracledb.regressiontest.genName is PASSED

2019-01-18 20:20:12 - [TEST_STEP][PASSED] - vndSitePtlCd = com.oracledb.regressiontest.genName(6): com.oracledb.regressiontest.genName is PASSED

2019-01-18 20:20:12 - [MESSAGE][PASSED] - com.oracledb.regressiontest.genName is PASSED

2019-01-18 20:20:12 - [TEST_STEP][PASSED] - setText(findTestObject("TF_Customer_Create/4_Create_Objects_And_Save/13_Create_LDI_Vendor_Site/Input_Vendor_Site_Name/input_Vendor_Site_Nm"), vndSiteName): Text '8XQ6T9YHAXLDQA0' is set on object 'Object Repository/TF_Customer_Create/4_Create_Objects_And_Save/13_Create_LDI_Vendor_Site/Input_Vendor_Site_Name/input_Vendor_Site_Nm'

2019-01-18 20:20:12 - [MESSAGE][PASSED] - Text '8XQ6T9YHAXLDQA0' is set on object 'Object Repository/TF_Customer_Create/4_Create_Objects_And_Save/13_Create_LDI_Vendor_Site/Input_Vendor_Site_Name/input_Vendor_Site_Nm'

2019-01-18 20:20:12 - [TEST_STEP][PASSED] - setText(findTestObject("TF_Customer_Create/4_Create_Objects_And_Save/13_Create_LDI_Vendor_Site/Input_Vendor_Site_Name/input_Vendor_Site_Number"), vndSiteNumber): Text '47SLLFJXJB2H' is set on object 'Object Repository/TF_Customer_Create/4_Create_Objects_And_Save/13_Create_LDI_Vendor_Site/Input_Vendor_Site_Name/input_Vendor_Site_Number'

2019-01-18 20:20:12 - [MESSAGE][PASSED] - Text '47SLLFJXJB2H' is set on object 'Object Repository/TF_Customer_Create/4_Create_Objects_And_Save/13_Create_LDI_Vendor_Site/Input_Vendor_Site_Name/input_Vendor_Site_Number'

2019-01-18 20:20:12 - [TEST_STEP][PASSED] - setText(findTestObject("TF_Customer_Create/4_Create_Objects_And_Save/13_Create_LDI_Vendor_Site/Input_Vendor_Site_Name/input_Vendor_Site_Cd"), vndSiteCd): Text 'IMN9LAZWDB' is set on object 'Object Repository/TF_Customer_Create/4_Create_Objects_And_Save/13_Create_LDI_Vendor_Site/Input_Vendor_Site_Name/input_Vendor_Site_Cd'

2019-01-18 20:20:13 - [MESSAGE][PASSED] - Text 'IMN9LAZWDB' is set on object 'Object Repository/TF_Customer_Create/4_Create_Objects_And_Save/13_Create_LDI_Vendor_Site/Input_Vendor_Site_Name/input_Vendor_Site_Cd'

2019-01-18 20:20:13 - [TEST_STEP][PASSED] - setText(findTestObject("TF_Customer_Create/4_Create_Objects_And_Save/13_Create_LDI_Vendor_Site/Input_Vendor_Site_Name/input_Vendor_Site_City"), vndSiteCity): Text '1TJMGUM6' is set on object 'Object Repository/TF_Customer_Create/4_Create_Objects_And_Save/13_Create_LDI_Vendor_Site/Input_Vendor_Site_Name/input_Vendor_Site_City'

2019-01-18 20:20:13 - [MESSAGE][PASSED] - Text '1TJMGUM6' is set on object 'Object Repository/TF_Customer_Create/4_Create_Objects_And_Save/13_Create_LDI_Vendor_Site/Input_Vendor_Site_Name/input_Vendor_Site_City'

2019-01-18 20:20:13 - [TEST_STEP][PASSED] - setText(findTestObject("TF_Customer_Create/4_Create_Objects_And_Save/13_Create_LDI_Vendor_Site/Input_Vendor_Site_Name/input_Vendor_Site_Postal_Code"), vndSitePtlCd): Text '56KTF4' is set on object 'Object Repository/TF_Customer_Create/4_Create_Objects_And_Save/13_Create_LDI_Vendor_Site/Input_Vendor_Site_Name/input_Vendor_Site_Postal_Code'

2019-01-18 20:20:13 - [MESSAGE][PASSED] - Text '56KTF4' is set on object 'Object Repository/TF_Customer_Create/4_Create_Objects_And_Save/13_Create_LDI_Vendor_Site/Input_Vendor_Site_Name/input_Vendor_Site_Postal_Code'

2019-01-18 20:20:13 - [TEST_STEP][NOT_RUN] - setText(findTestObject("TF_Customer_Create/4_Create_Objects_And_Save/Set_Effective_Dates/input_Effective_End_Date"), input_Eff_End_Dt): NOT_RUN: setText(findTestObject("TF_Customer_Create/4_Create_Objects_And_Save/Set_Effective_Dates/input_Effective_End_Date"), input_Eff_End_Dt)

2019-01-18 20:20:13 - [MESSAGE][NOT_RUN] - NOT_RUN: setText(findTestObject("TF_Customer_Create/4_Create_Objects_And_Save/Set_Effective_Dates/input_Effective_End_Date"), input_Eff_End_Dt)

2019-01-18 20:20:13 - [TEST_STEP][PASSED] - delay(2): Delayed 2 second(s)

2019-01-18 20:20:15 - [MESSAGE][PASSED] - Delayed 2 second(s)

2019-01-18 20:20:15 - [TEST_STEP][PASSED] - click(findTestObject("TF_Customer_Create/3_Common_Action_Buttons/Click_Data_Tab/span_Data_Tab")): Object: 'Object Repository/TF_Customer_Create/3_Common_Action_Buttons/Click_Data_Tab/span_Data_Tab' is clicked on

2019-01-18 20:20:15 - [MESSAGE][PASSED] - Object: 'Object Repository/TF_Customer_Create/3_Common_Action_Buttons/Click_Data_Tab/span_Data_Tab' is clicked on

2019-01-18 20:20:15 - [TEST_STEP][NOT_RUN] - click(findTestObject("TF_Customer_Create/4_Create_Objects_And_Save/Choose_Sales_Org/Click_Sales_Org_DD"), CONTINUE_ON_FAILURE): NOT_RUN: click(findTestObject("TF_Customer_Create/4_Create_Objects_And_Save/Choose_Sales_Org/Click_Sales_Org_DD"), CONTINUE_ON_FAILURE)

2019-01-18 20:20:15 - [MESSAGE][NOT_RUN] - NOT_RUN: click(findTestObject("TF_Customer_Create/4_Create_Objects_And_Save/Choose_Sales_Org/Click_Sales_Org_DD"), CONTINUE_ON_FAILURE)

2019-01-18 20:20:15 - [TEST_STEP][NOT_RUN] - click(findTestObject("TF_Customer_Create/4_Create_Objects_And_Save/Choose_Sales_Org/CA_Object"), CONTINUE_ON_FAILURE): NOT_RUN: click(findTestObject("TF_Customer_Create/4_Create_Objects_And_Save/Choose_Sales_Org/CA_Object"), CONTINUE_ON_FAILURE)

2019-01-18 20:20:15 - [MESSAGE][NOT_RUN] - NOT_RUN: click(findTestObject("TF_Customer_Create/4_Create_Objects_And_Save/Choose_Sales_Org/CA_Object"), CONTINUE_ON_FAILURE)

2019-01-18 20:20:15 - [TEST_STEP][PASSED] - delay(2): Delayed 2 second(s)

2019-01-18 20:20:17 - [MESSAGE][PASSED] - Delayed 2 second(s)

2019-01-18 20:20:17 - [TEST_STEP][PASSED] - click(findTestObject("TF_Customer_Create/3_Common_Action_Buttons/Click_Apply_Button/td_Apply")): Object: 'Object Repository/TF_Customer_Create/3_Common_Action_Buttons/Click_Apply_Button/td_Apply' is clicked on

2019-01-18 20:20:17 - [MESSAGE][PASSED] - Object: 'Object Repository/TF_Customer_Create/3_Common_Action_Buttons/Click_Apply_Button/td_Apply' is clicked on

2019-01-18 20:20:17 - [TEST_STEP][PASSED] - delay(2): Delayed 2 second(s)

2019-01-18 20:20:19 - [MESSAGE][PASSED] - Delayed 2 second(s)

2019-01-18 20:20:19 - [TEST_STEP][PASSED] - click(findTestObject("TF_Customer_Create/3_Common_Action_Buttons/Click_Save_Button/btn_Save")): Object: 'Object Repository/TF_Customer_Create/3_Common_Action_Buttons/Click_Save_Button/btn_Save' is clicked on

2019-01-18 20:20:19 - [MESSAGE][PASSED] - Object: 'Object Repository/TF_Customer_Create/3_Common_Action_Buttons/Click_Save_Button/btn_Save' is clicked on

2019-01-18 20:20:19 - [TEST_STEP][PASSED] - delay(2): Delayed 2 second(s)

2019-01-18 20:20:21 - [MESSAGE][PASSED] - Delayed 2 second(s)

2019-01-18 20:20:21 - [TEST_STEP][NOT_RUN] - verifyElementText(findTestObject("TF_Customer_Create/3_Common_Action_Buttons/Verify_Success_Message/Success_Message"), "Record has been saved successfully.", CONTINUE_ON_FAILURE): NOT_RUN: verifyElementText(findTestObject("TF_Customer_Create/3_Common_Action_Buttons/Verify_Success_Message/Success_Message"), "Record has been saved successfully.", CONTINUE_ON_FAILURE)

2019-01-18 20:20:21 - [MESSAGE][NOT_RUN] - NOT_RUN: verifyElementText(findTestObject("TF_Customer_Create/3_Common_Action_Buttons/Verify_Success_Message/Success_Message"), "Record has been saved successfully.", CONTINUE_ON_FAILURE)

2019-01-18 20:20:21 - [TEST_STEP][NOT_RUN] - click(findTestObject("TF_Customer_Create/3_Common_Action_Buttons/Click_Data_Tab/span_Data_Tab")): NOT_RUN: click(findTestObject("TF_Customer_Create/3_Common_Action_Buttons/Click_Data_Tab/span_Data_Tab"))

2019-01-18 20:20:21 - [MESSAGE][NOT_RUN] - NOT_RUN: click(findTestObject("TF_Customer_Create/3_Common_Action_Buttons/Click_Data_Tab/span_Data_Tab"))

2019-01-18 20:20:21 - [TEST_STEP][NOT_RUN] - delay(1): NOT_RUN: delay(1)

2019-01-18 20:20:21 - [MESSAGE][NOT_RUN] - NOT_RUN: delay(1)

2019-01-18 20:20:21 - [TEST_STEP][NOT_RUN] - click(findTestObject("TF_Customer_Create/3_Common_Action_Buttons/Click_Close_Button/btn_Close")): NOT_RUN: click(findTestObject("TF_Customer_Create/3_Common_Action_Buttons/Click_Close_Button/btn_Close"))

2019-01-18 20:20:21 - [MESSAGE][NOT_RUN] - NOT_RUN: click(findTestObject("TF_Customer_Create/3_Common_Action_Buttons/Click_Close_Button/btn_Close"))

2019-01-18 20:20:21 - [TEST_STEP][NOT_RUN] - delay(2): NOT_RUN: delay(2)

2019-01-18 20:20:21 - [MESSAGE][NOT_RUN] - NOT_RUN: delay(2)

2019-01-18 20:20:21 - [TEST_STEP][NOT_RUN] - vrfy_PLA = com.oracledb.regressiontest.verifyPLA(ora_connt, ora_usr, ora_psswrd, ora_schema, plaAcctName): NOT_RUN: vrfy_PLA = com.oracledb.regressiontest.verifyPLA(ora_connt, ora_usr, ora_psswrd, ora_schema, plaAcctName)

2019-01-18 20:20:21 - [MESSAGE][NOT_RUN] - NOT_RUN: vrfy_PLA = com.oracledb.regressiontest.verifyPLA(ora_connt, ora_usr, ora_psswrd, ora_schema, plaAcctName)

2019-01-18 20:20:21 - [TEST_STEP][NOT_RUN] - println("Planning Account Name"): NOT_RUN: println("Planning Account Name")

2019-01-18 20:20:21 - [MESSAGE][NOT_RUN] - NOT_RUN: println("Planning Account Name")

2019-01-18 20:20:21 - [TEST_STEP][NOT_RUN] - verifyEqual(PLANNING_ACCOUNT_NAME, plaAcctName): NOT_RUN: verifyEqual(PLANNING_ACCOUNT_NAME, plaAcctName)

2019-01-18 20:20:21 - [MESSAGE][NOT_RUN] - NOT_RUN: verifyEqual(PLANNING_ACCOUNT_NAME, plaAcctName)]]></system-out>
         <system-err><![CDATA[]]></system-err>
      </testcase>
      <testcase name="Test Cases/Regression_TF_Customer/Create_Record/TC_13_Create_LDI_Vendor_Site" classname="Test Cases/Regression_TF_Customer/Create_Record/TC_13_Create_LDI_Vendor_Site" status="PASSED">
         <system-out><![CDATA[2019-01-18 20:20:21 - [TEST_CASE][PASSED] - Test Cases/Regression_TF_Customer/Create_Record/TC_13_Create_LDI_Vendor_Site: Test Cases/Regression_TF_Customer/Create_Record/TC_13_Create_LDI_Vendor_Site

2019-01-18 20:20:21 - [TEST_STEP][PASSED] - waitForPageLoad(G_Timeout): Wait for page load successfully

2019-01-18 20:20:21 - [MESSAGE][PASSED] - Wait for page load successfully

2019-01-18 20:20:21 - [TEST_STEP][PASSED] - mouseOver(findTestObject("TF_Customer_Create/1_Menu_Navigation_To_Open_All_Pages/0_Menu_Create_In_Data_View")): Object: 'Object Repository/TF_Customer_Create/1_Menu_Navigation_To_Open_All_Pages/0_Menu_Create_In_Data_View' is hovered

2019-01-18 20:20:21 - [MESSAGE][PASSED] - Object: 'Object Repository/TF_Customer_Create/1_Menu_Navigation_To_Open_All_Pages/0_Menu_Create_In_Data_View' is hovered

2019-01-18 20:20:21 - [TEST_STEP][PASSED] - waitForPageLoad(G_Timeout): Wait for page load successfully

2019-01-18 20:20:21 - [MESSAGE][PASSED] - Wait for page load successfully

2019-01-18 20:20:21 - [TEST_STEP][PASSED] - mouseOver(findTestObject("TF_Customer_Create/1_Menu_Navigation_To_Open_All_Pages/1_Menu_Create_Master_Data")): Object: 'Object Repository/TF_Customer_Create/1_Menu_Navigation_To_Open_All_Pages/1_Menu_Create_Master_Data' is hovered

2019-01-18 20:20:21 - [MESSAGE][PASSED] - Object: 'Object Repository/TF_Customer_Create/1_Menu_Navigation_To_Open_All_Pages/1_Menu_Create_Master_Data' is hovered

2019-01-18 20:20:21 - [TEST_STEP][PASSED] - waitForPageLoad(G_Timeout): Wait for page load successfully

2019-01-18 20:20:21 - [MESSAGE][PASSED] - Wait for page load successfully

2019-01-18 20:20:21 - [TEST_STEP][PASSED] - mouseOver(findTestObject("TF_Customer_Create/1_Menu_Navigation_To_Open_All_Pages/3_Planning_Account_Hoverover_Option")): Object: 'Object Repository/TF_Customer_Create/1_Menu_Navigation_To_Open_All_Pages/3_Planning_Account_Hoverover_Option' is hovered

2019-01-18 20:20:22 - [MESSAGE][PASSED] - Object: 'Object Repository/TF_Customer_Create/1_Menu_Navigation_To_Open_All_Pages/3_Planning_Account_Hoverover_Option' is hovered

2019-01-18 20:20:22 - [TEST_STEP][PASSED] - waitForPageLoad(G_Timeout): Wait for page load successfully

2019-01-18 20:20:22 - [MESSAGE][PASSED] - Wait for page load successfully

2019-01-18 20:20:22 - [TEST_STEP][PASSED] - click(findTestObject("TF_Customer_Create/2_Select_Menu_Options(All)/13_LDI_Vendor_Site")): Object: 'Object Repository/TF_Customer_Create/2_Select_Menu_Options(All)/13_LDI_Vendor_Site' is clicked on

2019-01-18 20:20:22 - [MESSAGE][PASSED] - Object: 'Object Repository/TF_Customer_Create/2_Select_Menu_Options(All)/13_LDI_Vendor_Site' is clicked on

2019-01-18 20:20:22 - [TEST_STEP][PASSED] - waitForPageLoad(G_Timeout): Wait for page load successfully

2019-01-18 20:20:22 - [MESSAGE][PASSED] - Wait for page load successfully

2019-01-18 20:20:22 - [TEST_STEP][PASSED] - delay(3): Delayed 3 second(s)

2019-01-18 20:20:25 - [MESSAGE][PASSED] - Delayed 3 second(s)

2019-01-18 20:20:25 - [TEST_STEP][PASSED] - vndSiteName = com.oracledb.regressiontest.genName(15): com.oracledb.regressiontest.genName is PASSED

2019-01-18 20:20:25 - [MESSAGE][PASSED] - com.oracledb.regressiontest.genName is PASSED

2019-01-18 20:20:25 - [TEST_STEP][PASSED] - vndSiteNumber = com.oracledb.regressiontest.genName(12): com.oracledb.regressiontest.genName is PASSED

2019-01-18 20:20:25 - [MESSAGE][PASSED] - com.oracledb.regressiontest.genName is PASSED

2019-01-18 20:20:25 - [TEST_STEP][PASSED] - vndSiteCd = com.oracledb.regressiontest.genName(10): com.oracledb.regressiontest.genName is PASSED

2019-01-18 20:20:25 - [MESSAGE][PASSED] - com.oracledb.regressiontest.genName is PASSED

2019-01-18 20:20:25 - [TEST_STEP][PASSED] - vndSiteCity = com.oracledb.regressiontest.genName(8): com.oracledb.regressiontest.genName is PASSED

2019-01-18 20:20:25 - [MESSAGE][PASSED] - com.oracledb.regressiontest.genName is PASSED

2019-01-18 20:20:25 - [TEST_STEP][PASSED] - vndSitePtlCd = com.oracledb.regressiontest.genName(6): com.oracledb.regressiontest.genName is PASSED

2019-01-18 20:20:25 - [MESSAGE][PASSED] - com.oracledb.regressiontest.genName is PASSED

2019-01-18 20:20:25 - [TEST_STEP][PASSED] - setText(findTestObject("TF_Customer_Create/4_Create_Objects_And_Save/13_Create_LDI_Vendor_Site/Input_Vendor_Site_Name/input_Vendor_Site_Nm"), vndSiteName): Text 'FIMDHM24CWYZCG9' is set on object 'Object Repository/TF_Customer_Create/4_Create_Objects_And_Save/13_Create_LDI_Vendor_Site/Input_Vendor_Site_Name/input_Vendor_Site_Nm'

2019-01-18 20:20:25 - [MESSAGE][PASSED] - Text 'FIMDHM24CWYZCG9' is set on object 'Object Repository/TF_Customer_Create/4_Create_Objects_And_Save/13_Create_LDI_Vendor_Site/Input_Vendor_Site_Name/input_Vendor_Site_Nm'

2019-01-18 20:20:25 - [TEST_STEP][PASSED] - setText(findTestObject("TF_Customer_Create/4_Create_Objects_And_Save/13_Create_LDI_Vendor_Site/Input_Vendor_Site_Name/input_Vendor_Site_Number"), vndSiteNumber): Text 'V7WK5EB9PJBS' is set on object 'Object Repository/TF_Customer_Create/4_Create_Objects_And_Save/13_Create_LDI_Vendor_Site/Input_Vendor_Site_Name/input_Vendor_Site_Number'

2019-01-18 20:20:25 - [MESSAGE][PASSED] - Text 'V7WK5EB9PJBS' is set on object 'Object Repository/TF_Customer_Create/4_Create_Objects_And_Save/13_Create_LDI_Vendor_Site/Input_Vendor_Site_Name/input_Vendor_Site_Number'

2019-01-18 20:20:25 - [TEST_STEP][PASSED] - setText(findTestObject("TF_Customer_Create/4_Create_Objects_And_Save/13_Create_LDI_Vendor_Site/Input_Vendor_Site_Name/input_Vendor_Site_Cd"), vndSiteCd): Text 'IG51MX6LQC' is set on object 'Object Repository/TF_Customer_Create/4_Create_Objects_And_Save/13_Create_LDI_Vendor_Site/Input_Vendor_Site_Name/input_Vendor_Site_Cd'

2019-01-18 20:20:25 - [MESSAGE][PASSED] - Text 'IG51MX6LQC' is set on object 'Object Repository/TF_Customer_Create/4_Create_Objects_And_Save/13_Create_LDI_Vendor_Site/Input_Vendor_Site_Name/input_Vendor_Site_Cd'

2019-01-18 20:20:25 - [TEST_STEP][PASSED] - setText(findTestObject("TF_Customer_Create/4_Create_Objects_And_Save/13_Create_LDI_Vendor_Site/Input_Vendor_Site_Name/input_Vendor_Site_City"), vndSiteCity): Text 'QLZTQOOT' is set on object 'Object Repository/TF_Customer_Create/4_Create_Objects_And_Save/13_Create_LDI_Vendor_Site/Input_Vendor_Site_Name/input_Vendor_Site_City'

2019-01-18 20:20:25 - [MESSAGE][PASSED] - Text 'QLZTQOOT' is set on object 'Object Repository/TF_Customer_Create/4_Create_Objects_And_Save/13_Create_LDI_Vendor_Site/Input_Vendor_Site_Name/input_Vendor_Site_City'

2019-01-18 20:20:25 - [TEST_STEP][PASSED] - setText(findTestObject("TF_Customer_Create/4_Create_Objects_And_Save/13_Create_LDI_Vendor_Site/Input_Vendor_Site_Name/input_Vendor_Site_Postal_Code"), vndSitePtlCd): Text '4TSCYD' is set on object 'Object Repository/TF_Customer_Create/4_Create_Objects_And_Save/13_Create_LDI_Vendor_Site/Input_Vendor_Site_Name/input_Vendor_Site_Postal_Code'

2019-01-18 20:20:25 - [MESSAGE][PASSED] - Text '4TSCYD' is set on object 'Object Repository/TF_Customer_Create/4_Create_Objects_And_Save/13_Create_LDI_Vendor_Site/Input_Vendor_Site_Name/input_Vendor_Site_Postal_Code'

2019-01-18 20:20:25 - [TEST_STEP][NOT_RUN] - setText(findTestObject("TF_Customer_Create/4_Create_Objects_And_Save/Set_Effective_Dates/input_Effective_End_Date"), input_Eff_End_Dt): NOT_RUN: setText(findTestObject("TF_Customer_Create/4_Create_Objects_And_Save/Set_Effective_Dates/input_Effective_End_Date"), input_Eff_End_Dt)

2019-01-18 20:20:25 - [MESSAGE][NOT_RUN] - NOT_RUN: setText(findTestObject("TF_Customer_Create/4_Create_Objects_And_Save/Set_Effective_Dates/input_Effective_End_Date"), input_Eff_End_Dt)

2019-01-18 20:20:25 - [TEST_STEP][PASSED] - delay(2): Delayed 2 second(s)

2019-01-18 20:20:27 - [MESSAGE][PASSED] - Delayed 2 second(s)

2019-01-18 20:20:28 - [TEST_STEP][PASSED] - click(findTestObject("TF_Customer_Create/3_Common_Action_Buttons/Click_Data_Tab/span_Data_Tab")): Object: 'Object Repository/TF_Customer_Create/3_Common_Action_Buttons/Click_Data_Tab/span_Data_Tab' is clicked on

2019-01-18 20:20:28 - [MESSAGE][PASSED] - Object: 'Object Repository/TF_Customer_Create/3_Common_Action_Buttons/Click_Data_Tab/span_Data_Tab' is clicked on

2019-01-18 20:20:28 - [TEST_STEP][NOT_RUN] - click(findTestObject("TF_Customer_Create/4_Create_Objects_And_Save/Choose_Sales_Org/Click_Sales_Org_DD"), CONTINUE_ON_FAILURE): NOT_RUN: click(findTestObject("TF_Customer_Create/4_Create_Objects_And_Save/Choose_Sales_Org/Click_Sales_Org_DD"), CONTINUE_ON_FAILURE)

2019-01-18 20:20:28 - [MESSAGE][NOT_RUN] - NOT_RUN: click(findTestObject("TF_Customer_Create/4_Create_Objects_And_Save/Choose_Sales_Org/Click_Sales_Org_DD"), CONTINUE_ON_FAILURE)

2019-01-18 20:20:28 - [TEST_STEP][NOT_RUN] - click(findTestObject("TF_Customer_Create/4_Create_Objects_And_Save/Choose_Sales_Org/CA_Object"), CONTINUE_ON_FAILURE): NOT_RUN: click(findTestObject("TF_Customer_Create/4_Create_Objects_And_Save/Choose_Sales_Org/CA_Object"), CONTINUE_ON_FAILURE)

2019-01-18 20:20:28 - [MESSAGE][NOT_RUN] - NOT_RUN: click(findTestObject("TF_Customer_Create/4_Create_Objects_And_Save/Choose_Sales_Org/CA_Object"), CONTINUE_ON_FAILURE)

2019-01-18 20:20:28 - [TEST_STEP][PASSED] - delay(2): Delayed 2 second(s)

2019-01-18 20:20:30 - [MESSAGE][PASSED] - Delayed 2 second(s)

2019-01-18 20:20:30 - [TEST_STEP][PASSED] - click(findTestObject("TF_Customer_Create/3_Common_Action_Buttons/Click_Apply_Button/td_Apply")): Object: 'Object Repository/TF_Customer_Create/3_Common_Action_Buttons/Click_Apply_Button/td_Apply' is clicked on

2019-01-18 20:20:30 - [MESSAGE][PASSED] - Object: 'Object Repository/TF_Customer_Create/3_Common_Action_Buttons/Click_Apply_Button/td_Apply' is clicked on

2019-01-18 20:20:30 - [TEST_STEP][PASSED] - delay(2): Delayed 2 second(s)

2019-01-18 20:20:32 - [MESSAGE][PASSED] - Delayed 2 second(s)

2019-01-18 20:20:32 - [TEST_STEP][PASSED] - click(findTestObject("TF_Customer_Create/3_Common_Action_Buttons/Click_Save_Button/btn_Save")): Object: 'Object Repository/TF_Customer_Create/3_Common_Action_Buttons/Click_Save_Button/btn_Save' is clicked on

2019-01-18 20:20:32 - [MESSAGE][PASSED] - Object: 'Object Repository/TF_Customer_Create/3_Common_Action_Buttons/Click_Save_Button/btn_Save' is clicked on

2019-01-18 20:20:32 - [TEST_STEP][PASSED] - delay(2): Delayed 2 second(s)

2019-01-18 20:20:34 - [MESSAGE][PASSED] - Delayed 2 second(s)

2019-01-18 20:20:34 - [TEST_STEP][NOT_RUN] - verifyElementText(findTestObject("TF_Customer_Create/3_Common_Action_Buttons/Verify_Success_Message/Success_Message"), "Record has been saved successfully.", CONTINUE_ON_FAILURE): NOT_RUN: verifyElementText(findTestObject("TF_Customer_Create/3_Common_Action_Buttons/Verify_Success_Message/Success_Message"), "Record has been saved successfully.", CONTINUE_ON_FAILURE)

2019-01-18 20:20:34 - [MESSAGE][NOT_RUN] - NOT_RUN: verifyElementText(findTestObject("TF_Customer_Create/3_Common_Action_Buttons/Verify_Success_Message/Success_Message"), "Record has been saved successfully.", CONTINUE_ON_FAILURE)

2019-01-18 20:20:34 - [TEST_STEP][NOT_RUN] - click(findTestObject("TF_Customer_Create/3_Common_Action_Buttons/Click_Data_Tab/span_Data_Tab")): NOT_RUN: click(findTestObject("TF_Customer_Create/3_Common_Action_Buttons/Click_Data_Tab/span_Data_Tab"))

2019-01-18 20:20:34 - [MESSAGE][NOT_RUN] - NOT_RUN: click(findTestObject("TF_Customer_Create/3_Common_Action_Buttons/Click_Data_Tab/span_Data_Tab"))

2019-01-18 20:20:34 - [TEST_STEP][NOT_RUN] - delay(1): NOT_RUN: delay(1)

2019-01-18 20:20:34 - [MESSAGE][NOT_RUN] - NOT_RUN: delay(1)

2019-01-18 20:20:34 - [TEST_STEP][NOT_RUN] - click(findTestObject("TF_Customer_Create/3_Common_Action_Buttons/Click_Close_Button/btn_Close")): NOT_RUN: click(findTestObject("TF_Customer_Create/3_Common_Action_Buttons/Click_Close_Button/btn_Close"))

2019-01-18 20:20:34 - [MESSAGE][NOT_RUN] - NOT_RUN: click(findTestObject("TF_Customer_Create/3_Common_Action_Buttons/Click_Close_Button/btn_Close"))

2019-01-18 20:20:34 - [TEST_STEP][NOT_RUN] - delay(2): NOT_RUN: delay(2)

2019-01-18 20:20:34 - [MESSAGE][NOT_RUN] - NOT_RUN: delay(2)

2019-01-18 20:20:34 - [TEST_STEP][NOT_RUN] - vrfy_PLA = com.oracledb.regressiontest.verifyPLA(ora_connt, ora_usr, ora_psswrd, ora_schema, plaAcctName): NOT_RUN: vrfy_PLA = com.oracledb.regressiontest.verifyPLA(ora_connt, ora_usr, ora_psswrd, ora_schema, plaAcctName)

2019-01-18 20:20:34 - [MESSAGE][NOT_RUN] - NOT_RUN: vrfy_PLA = com.oracledb.regressiontest.verifyPLA(ora_connt, ora_usr, ora_psswrd, ora_schema, plaAcctName)

2019-01-18 20:20:34 - [TEST_STEP][NOT_RUN] - println("Planning Account Name"): NOT_RUN: println("Planning Account Name")

2019-01-18 20:20:34 - [MESSAGE][NOT_RUN] - NOT_RUN: println("Planning Account Name")

2019-01-18 20:20:34 - [TEST_STEP][NOT_RUN] - verifyEqual(PLANNING_ACCOUNT_NAME, plaAcctName): NOT_RUN: verifyEqual(PLANNING_ACCOUNT_NAME, plaAcctName)

2019-01-18 20:20:34 - [MESSAGE][NOT_RUN] - NOT_RUN: verifyEqual(PLANNING_ACCOUNT_NAME, plaAcctName)]]></system-out>
         <system-err><![CDATA[]]></system-err>
      </testcase>
      <testcase name="Test Cases/Regression_TF_Customer/Create_Record/TC_13_Create_LDI_Vendor_Site" classname="Test Cases/Regression_TF_Customer/Create_Record/TC_13_Create_LDI_Vendor_Site" status="PASSED">
         <system-out><![CDATA[2019-01-18 20:20:34 - [TEST_CASE][PASSED] - Test Cases/Regression_TF_Customer/Create_Record/TC_13_Create_LDI_Vendor_Site: Test Cases/Regression_TF_Customer/Create_Record/TC_13_Create_LDI_Vendor_Site

2019-01-18 20:20:34 - [TEST_STEP][PASSED] - waitForPageLoad(G_Timeout): Wait for page load successfully

2019-01-18 20:20:34 - [MESSAGE][PASSED] - Wait for page load successfully

2019-01-18 20:20:34 - [TEST_STEP][PASSED] - mouseOver(findTestObject("TF_Customer_Create/1_Menu_Navigation_To_Open_All_Pages/0_Menu_Create_In_Data_View")): Object: 'Object Repository/TF_Customer_Create/1_Menu_Navigation_To_Open_All_Pages/0_Menu_Create_In_Data_View' is hovered

2019-01-18 20:20:34 - [MESSAGE][PASSED] - Object: 'Object Repository/TF_Customer_Create/1_Menu_Navigation_To_Open_All_Pages/0_Menu_Create_In_Data_View' is hovered

2019-01-18 20:20:34 - [TEST_STEP][PASSED] - waitForPageLoad(G_Timeout): Wait for page load successfully

2019-01-18 20:20:34 - [MESSAGE][PASSED] - Wait for page load successfully

2019-01-18 20:20:34 - [TEST_STEP][PASSED] - mouseOver(findTestObject("TF_Customer_Create/1_Menu_Navigation_To_Open_All_Pages/1_Menu_Create_Master_Data")): Object: 'Object Repository/TF_Customer_Create/1_Menu_Navigation_To_Open_All_Pages/1_Menu_Create_Master_Data' is hovered

2019-01-18 20:20:34 - [MESSAGE][PASSED] - Object: 'Object Repository/TF_Customer_Create/1_Menu_Navigation_To_Open_All_Pages/1_Menu_Create_Master_Data' is hovered

2019-01-18 20:20:34 - [TEST_STEP][PASSED] - waitForPageLoad(G_Timeout): Wait for page load successfully

2019-01-18 20:20:34 - [MESSAGE][PASSED] - Wait for page load successfully

2019-01-18 20:20:34 - [TEST_STEP][PASSED] - mouseOver(findTestObject("TF_Customer_Create/1_Menu_Navigation_To_Open_All_Pages/3_Planning_Account_Hoverover_Option")): Object: 'Object Repository/TF_Customer_Create/1_Menu_Navigation_To_Open_All_Pages/3_Planning_Account_Hoverover_Option' is hovered

2019-01-18 20:20:35 - [MESSAGE][PASSED] - Object: 'Object Repository/TF_Customer_Create/1_Menu_Navigation_To_Open_All_Pages/3_Planning_Account_Hoverover_Option' is hovered

2019-01-18 20:20:35 - [TEST_STEP][PASSED] - waitForPageLoad(G_Timeout): Wait for page load successfully

2019-01-18 20:20:35 - [MESSAGE][PASSED] - Wait for page load successfully

2019-01-18 20:20:35 - [TEST_STEP][PASSED] - click(findTestObject("TF_Customer_Create/2_Select_Menu_Options(All)/13_LDI_Vendor_Site")): Object: 'Object Repository/TF_Customer_Create/2_Select_Menu_Options(All)/13_LDI_Vendor_Site' is clicked on

2019-01-18 20:20:35 - [MESSAGE][PASSED] - Object: 'Object Repository/TF_Customer_Create/2_Select_Menu_Options(All)/13_LDI_Vendor_Site' is clicked on

2019-01-18 20:20:35 - [TEST_STEP][PASSED] - waitForPageLoad(G_Timeout): Wait for page load successfully

2019-01-18 20:20:35 - [MESSAGE][PASSED] - Wait for page load successfully

2019-01-18 20:20:35 - [TEST_STEP][PASSED] - delay(3): Delayed 3 second(s)

2019-01-18 20:20:38 - [MESSAGE][PASSED] - Delayed 3 second(s)

2019-01-18 20:20:38 - [TEST_STEP][PASSED] - vndSiteName = com.oracledb.regressiontest.genName(15): com.oracledb.regressiontest.genName is PASSED

2019-01-18 20:20:38 - [MESSAGE][PASSED] - com.oracledb.regressiontest.genName is PASSED

2019-01-18 20:20:38 - [TEST_STEP][PASSED] - vndSiteNumber = com.oracledb.regressiontest.genName(12): com.oracledb.regressiontest.genName is PASSED

2019-01-18 20:20:38 - [MESSAGE][PASSED] - com.oracledb.regressiontest.genName is PASSED

2019-01-18 20:20:38 - [TEST_STEP][PASSED] - vndSiteCd = com.oracledb.regressiontest.genName(10): com.oracledb.regressiontest.genName is PASSED

2019-01-18 20:20:38 - [MESSAGE][PASSED] - com.oracledb.regressiontest.genName is PASSED

2019-01-18 20:20:38 - [TEST_STEP][PASSED] - vndSiteCity = com.oracledb.regressiontest.genName(8): com.oracledb.regressiontest.genName is PASSED

2019-01-18 20:20:38 - [MESSAGE][PASSED] - com.oracledb.regressiontest.genName is PASSED

2019-01-18 20:20:38 - [TEST_STEP][PASSED] - vndSitePtlCd = com.oracledb.regressiontest.genName(6): com.oracledb.regressiontest.genName is PASSED

2019-01-18 20:20:38 - [MESSAGE][PASSED] - com.oracledb.regressiontest.genName is PASSED

2019-01-18 20:20:38 - [TEST_STEP][PASSED] - setText(findTestObject("TF_Customer_Create/4_Create_Objects_And_Save/13_Create_LDI_Vendor_Site/Input_Vendor_Site_Name/input_Vendor_Site_Nm"), vndSiteName): Text 'VRN8SZTCI0I8ZYL' is set on object 'Object Repository/TF_Customer_Create/4_Create_Objects_And_Save/13_Create_LDI_Vendor_Site/Input_Vendor_Site_Name/input_Vendor_Site_Nm'

2019-01-18 20:20:38 - [MESSAGE][PASSED] - Text 'VRN8SZTCI0I8ZYL' is set on object 'Object Repository/TF_Customer_Create/4_Create_Objects_And_Save/13_Create_LDI_Vendor_Site/Input_Vendor_Site_Name/input_Vendor_Site_Nm'

2019-01-18 20:20:38 - [TEST_STEP][PASSED] - setText(findTestObject("TF_Customer_Create/4_Create_Objects_And_Save/13_Create_LDI_Vendor_Site/Input_Vendor_Site_Name/input_Vendor_Site_Number"), vndSiteNumber): Text '0NGBY5LNONKJ' is set on object 'Object Repository/TF_Customer_Create/4_Create_Objects_And_Save/13_Create_LDI_Vendor_Site/Input_Vendor_Site_Name/input_Vendor_Site_Number'

2019-01-18 20:20:38 - [MESSAGE][PASSED] - Text '0NGBY5LNONKJ' is set on object 'Object Repository/TF_Customer_Create/4_Create_Objects_And_Save/13_Create_LDI_Vendor_Site/Input_Vendor_Site_Name/input_Vendor_Site_Number'

2019-01-18 20:20:38 - [TEST_STEP][PASSED] - setText(findTestObject("TF_Customer_Create/4_Create_Objects_And_Save/13_Create_LDI_Vendor_Site/Input_Vendor_Site_Name/input_Vendor_Site_Cd"), vndSiteCd): Text 'R0RTK45654' is set on object 'Object Repository/TF_Customer_Create/4_Create_Objects_And_Save/13_Create_LDI_Vendor_Site/Input_Vendor_Site_Name/input_Vendor_Site_Cd'

2019-01-18 20:20:38 - [MESSAGE][PASSED] - Text 'R0RTK45654' is set on object 'Object Repository/TF_Customer_Create/4_Create_Objects_And_Save/13_Create_LDI_Vendor_Site/Input_Vendor_Site_Name/input_Vendor_Site_Cd'

2019-01-18 20:20:38 - [TEST_STEP][PASSED] - setText(findTestObject("TF_Customer_Create/4_Create_Objects_And_Save/13_Create_LDI_Vendor_Site/Input_Vendor_Site_Name/input_Vendor_Site_City"), vndSiteCity): Text '760ORH55' is set on object 'Object Repository/TF_Customer_Create/4_Create_Objects_And_Save/13_Create_LDI_Vendor_Site/Input_Vendor_Site_Name/input_Vendor_Site_City'

2019-01-18 20:20:38 - [MESSAGE][PASSED] - Text '760ORH55' is set on object 'Object Repository/TF_Customer_Create/4_Create_Objects_And_Save/13_Create_LDI_Vendor_Site/Input_Vendor_Site_Name/input_Vendor_Site_City'

2019-01-18 20:20:38 - [TEST_STEP][PASSED] - setText(findTestObject("TF_Customer_Create/4_Create_Objects_And_Save/13_Create_LDI_Vendor_Site/Input_Vendor_Site_Name/input_Vendor_Site_Postal_Code"), vndSitePtlCd): Text 'F5MUN5' is set on object 'Object Repository/TF_Customer_Create/4_Create_Objects_And_Save/13_Create_LDI_Vendor_Site/Input_Vendor_Site_Name/input_Vendor_Site_Postal_Code'

2019-01-18 20:20:38 - [MESSAGE][PASSED] - Text 'F5MUN5' is set on object 'Object Repository/TF_Customer_Create/4_Create_Objects_And_Save/13_Create_LDI_Vendor_Site/Input_Vendor_Site_Name/input_Vendor_Site_Postal_Code'

2019-01-18 20:20:38 - [TEST_STEP][NOT_RUN] - setText(findTestObject("TF_Customer_Create/4_Create_Objects_And_Save/Set_Effective_Dates/input_Effective_End_Date"), input_Eff_End_Dt): NOT_RUN: setText(findTestObject("TF_Customer_Create/4_Create_Objects_And_Save/Set_Effective_Dates/input_Effective_End_Date"), input_Eff_End_Dt)

2019-01-18 20:20:38 - [MESSAGE][NOT_RUN] - NOT_RUN: setText(findTestObject("TF_Customer_Create/4_Create_Objects_And_Save/Set_Effective_Dates/input_Effective_End_Date"), input_Eff_End_Dt)

2019-01-18 20:20:38 - [TEST_STEP][PASSED] - delay(2): Delayed 2 second(s)

2019-01-18 20:20:40 - [MESSAGE][PASSED] - Delayed 2 second(s)

2019-01-18 20:20:40 - [TEST_STEP][PASSED] - click(findTestObject("TF_Customer_Create/3_Common_Action_Buttons/Click_Data_Tab/span_Data_Tab")): Object: 'Object Repository/TF_Customer_Create/3_Common_Action_Buttons/Click_Data_Tab/span_Data_Tab' is clicked on

2019-01-18 20:20:40 - [MESSAGE][PASSED] - Object: 'Object Repository/TF_Customer_Create/3_Common_Action_Buttons/Click_Data_Tab/span_Data_Tab' is clicked on

2019-01-18 20:20:40 - [TEST_STEP][NOT_RUN] - click(findTestObject("TF_Customer_Create/4_Create_Objects_And_Save/Choose_Sales_Org/Click_Sales_Org_DD"), CONTINUE_ON_FAILURE): NOT_RUN: click(findTestObject("TF_Customer_Create/4_Create_Objects_And_Save/Choose_Sales_Org/Click_Sales_Org_DD"), CONTINUE_ON_FAILURE)

2019-01-18 20:20:40 - [MESSAGE][NOT_RUN] - NOT_RUN: click(findTestObject("TF_Customer_Create/4_Create_Objects_And_Save/Choose_Sales_Org/Click_Sales_Org_DD"), CONTINUE_ON_FAILURE)

2019-01-18 20:20:40 - [TEST_STEP][NOT_RUN] - click(findTestObject("TF_Customer_Create/4_Create_Objects_And_Save/Choose_Sales_Org/CA_Object"), CONTINUE_ON_FAILURE): NOT_RUN: click(findTestObject("TF_Customer_Create/4_Create_Objects_And_Save/Choose_Sales_Org/CA_Object"), CONTINUE_ON_FAILURE)

2019-01-18 20:20:40 - [MESSAGE][NOT_RUN] - NOT_RUN: click(findTestObject("TF_Customer_Create/4_Create_Objects_And_Save/Choose_Sales_Org/CA_Object"), CONTINUE_ON_FAILURE)

2019-01-18 20:20:40 - [TEST_STEP][PASSED] - delay(2): Delayed 2 second(s)

2019-01-18 20:20:42 - [MESSAGE][PASSED] - Delayed 2 second(s)

2019-01-18 20:20:42 - [TEST_STEP][PASSED] - click(findTestObject("TF_Customer_Create/3_Common_Action_Buttons/Click_Apply_Button/td_Apply")): Object: 'Object Repository/TF_Customer_Create/3_Common_Action_Buttons/Click_Apply_Button/td_Apply' is clicked on

2019-01-18 20:20:42 - [MESSAGE][PASSED] - Object: 'Object Repository/TF_Customer_Create/3_Common_Action_Buttons/Click_Apply_Button/td_Apply' is clicked on

2019-01-18 20:20:42 - [TEST_STEP][PASSED] - delay(2): Delayed 2 second(s)

2019-01-18 20:20:44 - [MESSAGE][PASSED] - Delayed 2 second(s)

2019-01-18 20:20:44 - [TEST_STEP][PASSED] - click(findTestObject("TF_Customer_Create/3_Common_Action_Buttons/Click_Save_Button/btn_Save")): Object: 'Object Repository/TF_Customer_Create/3_Common_Action_Buttons/Click_Save_Button/btn_Save' is clicked on

2019-01-18 20:20:45 - [MESSAGE][PASSED] - Object: 'Object Repository/TF_Customer_Create/3_Common_Action_Buttons/Click_Save_Button/btn_Save' is clicked on

2019-01-18 20:20:45 - [TEST_STEP][PASSED] - delay(2): Delayed 2 second(s)

2019-01-18 20:20:47 - [MESSAGE][PASSED] - Delayed 2 second(s)

2019-01-18 20:20:47 - [TEST_STEP][NOT_RUN] - verifyElementText(findTestObject("TF_Customer_Create/3_Common_Action_Buttons/Verify_Success_Message/Success_Message"), "Record has been saved successfully.", CONTINUE_ON_FAILURE): NOT_RUN: verifyElementText(findTestObject("TF_Customer_Create/3_Common_Action_Buttons/Verify_Success_Message/Success_Message"), "Record has been saved successfully.", CONTINUE_ON_FAILURE)

2019-01-18 20:20:47 - [MESSAGE][NOT_RUN] - NOT_RUN: verifyElementText(findTestObject("TF_Customer_Create/3_Common_Action_Buttons/Verify_Success_Message/Success_Message"), "Record has been saved successfully.", CONTINUE_ON_FAILURE)

2019-01-18 20:20:47 - [TEST_STEP][NOT_RUN] - click(findTestObject("TF_Customer_Create/3_Common_Action_Buttons/Click_Data_Tab/span_Data_Tab")): NOT_RUN: click(findTestObject("TF_Customer_Create/3_Common_Action_Buttons/Click_Data_Tab/span_Data_Tab"))

2019-01-18 20:20:47 - [MESSAGE][NOT_RUN] - NOT_RUN: click(findTestObject("TF_Customer_Create/3_Common_Action_Buttons/Click_Data_Tab/span_Data_Tab"))

2019-01-18 20:20:47 - [TEST_STEP][NOT_RUN] - delay(1): NOT_RUN: delay(1)

2019-01-18 20:20:47 - [MESSAGE][NOT_RUN] - NOT_RUN: delay(1)

2019-01-18 20:20:47 - [TEST_STEP][NOT_RUN] - click(findTestObject("TF_Customer_Create/3_Common_Action_Buttons/Click_Close_Button/btn_Close")): NOT_RUN: click(findTestObject("TF_Customer_Create/3_Common_Action_Buttons/Click_Close_Button/btn_Close"))

2019-01-18 20:20:47 - [MESSAGE][NOT_RUN] - NOT_RUN: click(findTestObject("TF_Customer_Create/3_Common_Action_Buttons/Click_Close_Button/btn_Close"))

2019-01-18 20:20:47 - [TEST_STEP][NOT_RUN] - delay(2): NOT_RUN: delay(2)

2019-01-18 20:20:47 - [MESSAGE][NOT_RUN] - NOT_RUN: delay(2)

2019-01-18 20:20:47 - [TEST_STEP][NOT_RUN] - vrfy_PLA = com.oracledb.regressiontest.verifyPLA(ora_connt, ora_usr, ora_psswrd, ora_schema, plaAcctName): NOT_RUN: vrfy_PLA = com.oracledb.regressiontest.verifyPLA(ora_connt, ora_usr, ora_psswrd, ora_schema, plaAcctName)

2019-01-18 20:20:47 - [MESSAGE][NOT_RUN] - NOT_RUN: vrfy_PLA = com.oracledb.regressiontest.verifyPLA(ora_connt, ora_usr, ora_psswrd, ora_schema, plaAcctName)

2019-01-18 20:20:47 - [TEST_STEP][NOT_RUN] - println("Planning Account Name"): NOT_RUN: println("Planning Account Name")

2019-01-18 20:20:47 - [MESSAGE][NOT_RUN] - NOT_RUN: println("Planning Account Name")

2019-01-18 20:20:47 - [TEST_STEP][NOT_RUN] - verifyEqual(PLANNING_ACCOUNT_NAME, plaAcctName): NOT_RUN: verifyEqual(PLANNING_ACCOUNT_NAME, plaAcctName)

2019-01-18 20:20:47 - [MESSAGE][NOT_RUN] - NOT_RUN: verifyEqual(PLANNING_ACCOUNT_NAME, plaAcctName)]]></system-out>
         <system-err><![CDATA[]]></system-err>
      </testcase>
      <testcase name="Test Cases/Regression_TF_Customer/Create_Record/TC_13_Create_LDI_Vendor_Site" classname="Test Cases/Regression_TF_Customer/Create_Record/TC_13_Create_LDI_Vendor_Site" status="PASSED">
         <system-out><![CDATA[2019-01-18 20:20:47 - [TEST_CASE][PASSED] - Test Cases/Regression_TF_Customer/Create_Record/TC_13_Create_LDI_Vendor_Site: Test Cases/Regression_TF_Customer/Create_Record/TC_13_Create_LDI_Vendor_Site

2019-01-18 20:20:47 - [TEST_STEP][PASSED] - waitForPageLoad(G_Timeout): Wait for page load successfully

2019-01-18 20:20:47 - [MESSAGE][PASSED] - Wait for page load successfully

2019-01-18 20:20:47 - [TEST_STEP][PASSED] - mouseOver(findTestObject("TF_Customer_Create/1_Menu_Navigation_To_Open_All_Pages/0_Menu_Create_In_Data_View")): Object: 'Object Repository/TF_Customer_Create/1_Menu_Navigation_To_Open_All_Pages/0_Menu_Create_In_Data_View' is hovered

2019-01-18 20:20:47 - [MESSAGE][PASSED] - Object: 'Object Repository/TF_Customer_Create/1_Menu_Navigation_To_Open_All_Pages/0_Menu_Create_In_Data_View' is hovered

2019-01-18 20:20:47 - [TEST_STEP][PASSED] - waitForPageLoad(G_Timeout): Wait for page load successfully

2019-01-18 20:20:47 - [MESSAGE][PASSED] - Wait for page load successfully

2019-01-18 20:20:47 - [TEST_STEP][PASSED] - mouseOver(findTestObject("TF_Customer_Create/1_Menu_Navigation_To_Open_All_Pages/1_Menu_Create_Master_Data")): Object: 'Object Repository/TF_Customer_Create/1_Menu_Navigation_To_Open_All_Pages/1_Menu_Create_Master_Data' is hovered

2019-01-18 20:20:47 - [MESSAGE][PASSED] - Object: 'Object Repository/TF_Customer_Create/1_Menu_Navigation_To_Open_All_Pages/1_Menu_Create_Master_Data' is hovered

2019-01-18 20:20:47 - [TEST_STEP][PASSED] - waitForPageLoad(G_Timeout): Wait for page load successfully

2019-01-18 20:20:47 - [MESSAGE][PASSED] - Wait for page load successfully

2019-01-18 20:20:47 - [TEST_STEP][PASSED] - mouseOver(findTestObject("TF_Customer_Create/1_Menu_Navigation_To_Open_All_Pages/3_Planning_Account_Hoverover_Option")): Object: 'Object Repository/TF_Customer_Create/1_Menu_Navigation_To_Open_All_Pages/3_Planning_Account_Hoverover_Option' is hovered

2019-01-18 20:20:47 - [MESSAGE][PASSED] - Object: 'Object Repository/TF_Customer_Create/1_Menu_Navigation_To_Open_All_Pages/3_Planning_Account_Hoverover_Option' is hovered

2019-01-18 20:20:47 - [TEST_STEP][PASSED] - waitForPageLoad(G_Timeout): Wait for page load successfully

2019-01-18 20:20:47 - [MESSAGE][PASSED] - Wait for page load successfully

2019-01-18 20:20:47 - [TEST_STEP][PASSED] - click(findTestObject("TF_Customer_Create/2_Select_Menu_Options(All)/13_LDI_Vendor_Site")): Object: 'Object Repository/TF_Customer_Create/2_Select_Menu_Options(All)/13_LDI_Vendor_Site' is clicked on

2019-01-18 20:20:47 - [MESSAGE][PASSED] - Object: 'Object Repository/TF_Customer_Create/2_Select_Menu_Options(All)/13_LDI_Vendor_Site' is clicked on

2019-01-18 20:20:47 - [TEST_STEP][PASSED] - waitForPageLoad(G_Timeout): Wait for page load successfully

2019-01-18 20:20:47 - [MESSAGE][PASSED] - Wait for page load successfully

2019-01-18 20:20:47 - [TEST_STEP][PASSED] - delay(3): Delayed 3 second(s)

2019-01-18 20:20:50 - [MESSAGE][PASSED] - Delayed 3 second(s)

2019-01-18 20:20:50 - [TEST_STEP][PASSED] - vndSiteName = com.oracledb.regressiontest.genName(15): com.oracledb.regressiontest.genName is PASSED

2019-01-18 20:20:50 - [MESSAGE][PASSED] - com.oracledb.regressiontest.genName is PASSED

2019-01-18 20:20:50 - [TEST_STEP][PASSED] - vndSiteNumber = com.oracledb.regressiontest.genName(12): com.oracledb.regressiontest.genName is PASSED

2019-01-18 20:20:50 - [MESSAGE][PASSED] - com.oracledb.regressiontest.genName is PASSED

2019-01-18 20:20:50 - [TEST_STEP][PASSED] - vndSiteCd = com.oracledb.regressiontest.genName(10): com.oracledb.regressiontest.genName is PASSED

2019-01-18 20:20:50 - [MESSAGE][PASSED] - com.oracledb.regressiontest.genName is PASSED

2019-01-18 20:20:50 - [TEST_STEP][PASSED] - vndSiteCity = com.oracledb.regressiontest.genName(8): com.oracledb.regressiontest.genName is PASSED

2019-01-18 20:20:50 - [MESSAGE][PASSED] - com.oracledb.regressiontest.genName is PASSED

2019-01-18 20:20:50 - [TEST_STEP][PASSED] - vndSitePtlCd = com.oracledb.regressiontest.genName(6): com.oracledb.regressiontest.genName is PASSED

2019-01-18 20:20:50 - [MESSAGE][PASSED] - com.oracledb.regressiontest.genName is PASSED

2019-01-18 20:20:50 - [TEST_STEP][PASSED] - setText(findTestObject("TF_Customer_Create/4_Create_Objects_And_Save/13_Create_LDI_Vendor_Site/Input_Vendor_Site_Name/input_Vendor_Site_Nm"), vndSiteName): Text 'OC8T4EFII3J29XE' is set on object 'Object Repository/TF_Customer_Create/4_Create_Objects_And_Save/13_Create_LDI_Vendor_Site/Input_Vendor_Site_Name/input_Vendor_Site_Nm'

2019-01-18 20:20:51 - [MESSAGE][PASSED] - Text 'OC8T4EFII3J29XE' is set on object 'Object Repository/TF_Customer_Create/4_Create_Objects_And_Save/13_Create_LDI_Vendor_Site/Input_Vendor_Site_Name/input_Vendor_Site_Nm'

2019-01-18 20:20:51 - [TEST_STEP][PASSED] - setText(findTestObject("TF_Customer_Create/4_Create_Objects_And_Save/13_Create_LDI_Vendor_Site/Input_Vendor_Site_Name/input_Vendor_Site_Number"), vndSiteNumber): Text '5PJ2E84SRL9M' is set on object 'Object Repository/TF_Customer_Create/4_Create_Objects_And_Save/13_Create_LDI_Vendor_Site/Input_Vendor_Site_Name/input_Vendor_Site_Number'

2019-01-18 20:20:51 - [MESSAGE][PASSED] - Text '5PJ2E84SRL9M' is set on object 'Object Repository/TF_Customer_Create/4_Create_Objects_And_Save/13_Create_LDI_Vendor_Site/Input_Vendor_Site_Name/input_Vendor_Site_Number'

2019-01-18 20:20:51 - [TEST_STEP][PASSED] - setText(findTestObject("TF_Customer_Create/4_Create_Objects_And_Save/13_Create_LDI_Vendor_Site/Input_Vendor_Site_Name/input_Vendor_Site_Cd"), vndSiteCd): Text 'VDK45O46BM' is set on object 'Object Repository/TF_Customer_Create/4_Create_Objects_And_Save/13_Create_LDI_Vendor_Site/Input_Vendor_Site_Name/input_Vendor_Site_Cd'

2019-01-18 20:20:51 - [MESSAGE][PASSED] - Text 'VDK45O46BM' is set on object 'Object Repository/TF_Customer_Create/4_Create_Objects_And_Save/13_Create_LDI_Vendor_Site/Input_Vendor_Site_Name/input_Vendor_Site_Cd'

2019-01-18 20:20:51 - [TEST_STEP][PASSED] - setText(findTestObject("TF_Customer_Create/4_Create_Objects_And_Save/13_Create_LDI_Vendor_Site/Input_Vendor_Site_Name/input_Vendor_Site_City"), vndSiteCity): Text '6MFKHFYC' is set on object 'Object Repository/TF_Customer_Create/4_Create_Objects_And_Save/13_Create_LDI_Vendor_Site/Input_Vendor_Site_Name/input_Vendor_Site_City'

2019-01-18 20:20:51 - [MESSAGE][PASSED] - Text '6MFKHFYC' is set on object 'Object Repository/TF_Customer_Create/4_Create_Objects_And_Save/13_Create_LDI_Vendor_Site/Input_Vendor_Site_Name/input_Vendor_Site_City'

2019-01-18 20:20:51 - [TEST_STEP][PASSED] - setText(findTestObject("TF_Customer_Create/4_Create_Objects_And_Save/13_Create_LDI_Vendor_Site/Input_Vendor_Site_Name/input_Vendor_Site_Postal_Code"), vndSitePtlCd): Text '9U1CZ6' is set on object 'Object Repository/TF_Customer_Create/4_Create_Objects_And_Save/13_Create_LDI_Vendor_Site/Input_Vendor_Site_Name/input_Vendor_Site_Postal_Code'

2019-01-18 20:20:51 - [MESSAGE][PASSED] - Text '9U1CZ6' is set on object 'Object Repository/TF_Customer_Create/4_Create_Objects_And_Save/13_Create_LDI_Vendor_Site/Input_Vendor_Site_Name/input_Vendor_Site_Postal_Code'

2019-01-18 20:20:51 - [TEST_STEP][NOT_RUN] - setText(findTestObject("TF_Customer_Create/4_Create_Objects_And_Save/Set_Effective_Dates/input_Effective_End_Date"), input_Eff_End_Dt): NOT_RUN: setText(findTestObject("TF_Customer_Create/4_Create_Objects_And_Save/Set_Effective_Dates/input_Effective_End_Date"), input_Eff_End_Dt)

2019-01-18 20:20:51 - [MESSAGE][NOT_RUN] - NOT_RUN: setText(findTestObject("TF_Customer_Create/4_Create_Objects_And_Save/Set_Effective_Dates/input_Effective_End_Date"), input_Eff_End_Dt)

2019-01-18 20:20:51 - [TEST_STEP][PASSED] - delay(2): Delayed 2 second(s)

2019-01-18 20:20:53 - [MESSAGE][PASSED] - Delayed 2 second(s)

2019-01-18 20:20:53 - [TEST_STEP][PASSED] - click(findTestObject("TF_Customer_Create/3_Common_Action_Buttons/Click_Data_Tab/span_Data_Tab")): Object: 'Object Repository/TF_Customer_Create/3_Common_Action_Buttons/Click_Data_Tab/span_Data_Tab' is clicked on

2019-01-18 20:20:53 - [MESSAGE][PASSED] - Object: 'Object Repository/TF_Customer_Create/3_Common_Action_Buttons/Click_Data_Tab/span_Data_Tab' is clicked on

2019-01-18 20:20:53 - [TEST_STEP][NOT_RUN] - click(findTestObject("TF_Customer_Create/4_Create_Objects_And_Save/Choose_Sales_Org/Click_Sales_Org_DD"), CONTINUE_ON_FAILURE): NOT_RUN: click(findTestObject("TF_Customer_Create/4_Create_Objects_And_Save/Choose_Sales_Org/Click_Sales_Org_DD"), CONTINUE_ON_FAILURE)

2019-01-18 20:20:53 - [MESSAGE][NOT_RUN] - NOT_RUN: click(findTestObject("TF_Customer_Create/4_Create_Objects_And_Save/Choose_Sales_Org/Click_Sales_Org_DD"), CONTINUE_ON_FAILURE)

2019-01-18 20:20:53 - [TEST_STEP][NOT_RUN] - click(findTestObject("TF_Customer_Create/4_Create_Objects_And_Save/Choose_Sales_Org/CA_Object"), CONTINUE_ON_FAILURE): NOT_RUN: click(findTestObject("TF_Customer_Create/4_Create_Objects_And_Save/Choose_Sales_Org/CA_Object"), CONTINUE_ON_FAILURE)

2019-01-18 20:20:53 - [MESSAGE][NOT_RUN] - NOT_RUN: click(findTestObject("TF_Customer_Create/4_Create_Objects_And_Save/Choose_Sales_Org/CA_Object"), CONTINUE_ON_FAILURE)

2019-01-18 20:20:53 - [TEST_STEP][PASSED] - delay(2): Delayed 2 second(s)

2019-01-18 20:20:55 - [MESSAGE][PASSED] - Delayed 2 second(s)

2019-01-18 20:20:55 - [TEST_STEP][PASSED] - click(findTestObject("TF_Customer_Create/3_Common_Action_Buttons/Click_Apply_Button/td_Apply")): Object: 'Object Repository/TF_Customer_Create/3_Common_Action_Buttons/Click_Apply_Button/td_Apply' is clicked on

2019-01-18 20:20:55 - [MESSAGE][PASSED] - Object: 'Object Repository/TF_Customer_Create/3_Common_Action_Buttons/Click_Apply_Button/td_Apply' is clicked on

2019-01-18 20:20:55 - [TEST_STEP][PASSED] - delay(2): Delayed 2 second(s)

2019-01-18 20:20:57 - [MESSAGE][PASSED] - Delayed 2 second(s)

2019-01-18 20:20:57 - [TEST_STEP][PASSED] - click(findTestObject("TF_Customer_Create/3_Common_Action_Buttons/Click_Save_Button/btn_Save")): Object: 'Object Repository/TF_Customer_Create/3_Common_Action_Buttons/Click_Save_Button/btn_Save' is clicked on

2019-01-18 20:20:57 - [MESSAGE][PASSED] - Object: 'Object Repository/TF_Customer_Create/3_Common_Action_Buttons/Click_Save_Button/btn_Save' is clicked on

2019-01-18 20:20:57 - [TEST_STEP][PASSED] - delay(2): Delayed 2 second(s)

2019-01-18 20:20:59 - [MESSAGE][PASSED] - Delayed 2 second(s)

2019-01-18 20:20:59 - [TEST_STEP][NOT_RUN] - verifyElementText(findTestObject("TF_Customer_Create/3_Common_Action_Buttons/Verify_Success_Message/Success_Message"), "Record has been saved successfully.", CONTINUE_ON_FAILURE): NOT_RUN: verifyElementText(findTestObject("TF_Customer_Create/3_Common_Action_Buttons/Verify_Success_Message/Success_Message"), "Record has been saved successfully.", CONTINUE_ON_FAILURE)

2019-01-18 20:20:59 - [MESSAGE][NOT_RUN] - NOT_RUN: verifyElementText(findTestObject("TF_Customer_Create/3_Common_Action_Buttons/Verify_Success_Message/Success_Message"), "Record has been saved successfully.", CONTINUE_ON_FAILURE)

2019-01-18 20:20:59 - [TEST_STEP][NOT_RUN] - click(findTestObject("TF_Customer_Create/3_Common_Action_Buttons/Click_Data_Tab/span_Data_Tab")): NOT_RUN: click(findTestObject("TF_Customer_Create/3_Common_Action_Buttons/Click_Data_Tab/span_Data_Tab"))

2019-01-18 20:20:59 - [MESSAGE][NOT_RUN] - NOT_RUN: click(findTestObject("TF_Customer_Create/3_Common_Action_Buttons/Click_Data_Tab/span_Data_Tab"))

2019-01-18 20:20:59 - [TEST_STEP][NOT_RUN] - delay(1): NOT_RUN: delay(1)

2019-01-18 20:20:59 - [MESSAGE][NOT_RUN] - NOT_RUN: delay(1)

2019-01-18 20:20:59 - [TEST_STEP][NOT_RUN] - click(findTestObject("TF_Customer_Create/3_Common_Action_Buttons/Click_Close_Button/btn_Close")): NOT_RUN: click(findTestObject("TF_Customer_Create/3_Common_Action_Buttons/Click_Close_Button/btn_Close"))

2019-01-18 20:20:59 - [MESSAGE][NOT_RUN] - NOT_RUN: click(findTestObject("TF_Customer_Create/3_Common_Action_Buttons/Click_Close_Button/btn_Close"))

2019-01-18 20:20:59 - [TEST_STEP][NOT_RUN] - delay(2): NOT_RUN: delay(2)

2019-01-18 20:20:59 - [MESSAGE][NOT_RUN] - NOT_RUN: delay(2)

2019-01-18 20:20:59 - [TEST_STEP][NOT_RUN] - vrfy_PLA = com.oracledb.regressiontest.verifyPLA(ora_connt, ora_usr, ora_psswrd, ora_schema, plaAcctName): NOT_RUN: vrfy_PLA = com.oracledb.regressiontest.verifyPLA(ora_connt, ora_usr, ora_psswrd, ora_schema, plaAcctName)

2019-01-18 20:20:59 - [MESSAGE][NOT_RUN] - NOT_RUN: vrfy_PLA = com.oracledb.regressiontest.verifyPLA(ora_connt, ora_usr, ora_psswrd, ora_schema, plaAcctName)

2019-01-18 20:20:59 - [TEST_STEP][NOT_RUN] - println("Planning Account Name"): NOT_RUN: println("Planning Account Name")

2019-01-18 20:20:59 - [MESSAGE][NOT_RUN] - NOT_RUN: println("Planning Account Name")

2019-01-18 20:20:59 - [TEST_STEP][NOT_RUN] - verifyEqual(PLANNING_ACCOUNT_NAME, plaAcctName): NOT_RUN: verifyEqual(PLANNING_ACCOUNT_NAME, plaAcctName)

2019-01-18 20:20:59 - [MESSAGE][NOT_RUN] - NOT_RUN: verifyEqual(PLANNING_ACCOUNT_NAME, plaAcctName)]]></system-out>
         <system-err><![CDATA[]]></system-err>
      </testcase>
      <testcase name="Test Cases/Regression_TF_Customer/Create_Record/TC_13_Create_LDI_Vendor_Site" classname="Test Cases/Regression_TF_Customer/Create_Record/TC_13_Create_LDI_Vendor_Site" status="PASSED">
         <system-out><![CDATA[2019-01-18 20:20:59 - [TEST_CASE][PASSED] - Test Cases/Regression_TF_Customer/Create_Record/TC_13_Create_LDI_Vendor_Site: Test Cases/Regression_TF_Customer/Create_Record/TC_13_Create_LDI_Vendor_Site

2019-01-18 20:21:00 - [TEST_STEP][PASSED] - waitForPageLoad(G_Timeout): Wait for page load successfully

2019-01-18 20:21:00 - [MESSAGE][PASSED] - Wait for page load successfully

2019-01-18 20:21:00 - [TEST_STEP][PASSED] - mouseOver(findTestObject("TF_Customer_Create/1_Menu_Navigation_To_Open_All_Pages/0_Menu_Create_In_Data_View")): Object: 'Object Repository/TF_Customer_Create/1_Menu_Navigation_To_Open_All_Pages/0_Menu_Create_In_Data_View' is hovered

2019-01-18 20:21:00 - [MESSAGE][PASSED] - Object: 'Object Repository/TF_Customer_Create/1_Menu_Navigation_To_Open_All_Pages/0_Menu_Create_In_Data_View' is hovered

2019-01-18 20:21:00 - [TEST_STEP][PASSED] - waitForPageLoad(G_Timeout): Wait for page load successfully

2019-01-18 20:21:00 - [MESSAGE][PASSED] - Wait for page load successfully

2019-01-18 20:21:00 - [TEST_STEP][PASSED] - mouseOver(findTestObject("TF_Customer_Create/1_Menu_Navigation_To_Open_All_Pages/1_Menu_Create_Master_Data")): Object: 'Object Repository/TF_Customer_Create/1_Menu_Navigation_To_Open_All_Pages/1_Menu_Create_Master_Data' is hovered

2019-01-18 20:21:00 - [MESSAGE][PASSED] - Object: 'Object Repository/TF_Customer_Create/1_Menu_Navigation_To_Open_All_Pages/1_Menu_Create_Master_Data' is hovered

2019-01-18 20:21:00 - [TEST_STEP][PASSED] - waitForPageLoad(G_Timeout): Wait for page load successfully

2019-01-18 20:21:00 - [MESSAGE][PASSED] - Wait for page load successfully

2019-01-18 20:21:00 - [TEST_STEP][PASSED] - mouseOver(findTestObject("TF_Customer_Create/1_Menu_Navigation_To_Open_All_Pages/3_Planning_Account_Hoverover_Option")): Object: 'Object Repository/TF_Customer_Create/1_Menu_Navigation_To_Open_All_Pages/3_Planning_Account_Hoverover_Option' is hovered

2019-01-18 20:21:00 - [MESSAGE][PASSED] - Object: 'Object Repository/TF_Customer_Create/1_Menu_Navigation_To_Open_All_Pages/3_Planning_Account_Hoverover_Option' is hovered

2019-01-18 20:21:00 - [TEST_STEP][PASSED] - waitForPageLoad(G_Timeout): Wait for page load successfully

2019-01-18 20:21:00 - [MESSAGE][PASSED] - Wait for page load successfully

2019-01-18 20:21:00 - [TEST_STEP][PASSED] - click(findTestObject("TF_Customer_Create/2_Select_Menu_Options(All)/13_LDI_Vendor_Site")): Object: 'Object Repository/TF_Customer_Create/2_Select_Menu_Options(All)/13_LDI_Vendor_Site' is clicked on

2019-01-18 20:21:00 - [MESSAGE][PASSED] - Object: 'Object Repository/TF_Customer_Create/2_Select_Menu_Options(All)/13_LDI_Vendor_Site' is clicked on

2019-01-18 20:21:00 - [TEST_STEP][PASSED] - waitForPageLoad(G_Timeout): Wait for page load successfully

2019-01-18 20:21:00 - [MESSAGE][PASSED] - Wait for page load successfully

2019-01-18 20:21:00 - [TEST_STEP][PASSED] - delay(3): Delayed 3 second(s)

2019-01-18 20:21:03 - [MESSAGE][PASSED] - Delayed 3 second(s)

2019-01-18 20:21:03 - [TEST_STEP][PASSED] - vndSiteName = com.oracledb.regressiontest.genName(15): com.oracledb.regressiontest.genName is PASSED

2019-01-18 20:21:03 - [MESSAGE][PASSED] - com.oracledb.regressiontest.genName is PASSED

2019-01-18 20:21:03 - [TEST_STEP][PASSED] - vndSiteNumber = com.oracledb.regressiontest.genName(12): com.oracledb.regressiontest.genName is PASSED

2019-01-18 20:21:03 - [MESSAGE][PASSED] - com.oracledb.regressiontest.genName is PASSED

2019-01-18 20:21:03 - [TEST_STEP][PASSED] - vndSiteCd = com.oracledb.regressiontest.genName(10): com.oracledb.regressiontest.genName is PASSED

2019-01-18 20:21:03 - [MESSAGE][PASSED] - com.oracledb.regressiontest.genName is PASSED

2019-01-18 20:21:03 - [TEST_STEP][PASSED] - vndSiteCity = com.oracledb.regressiontest.genName(8): com.oracledb.regressiontest.genName is PASSED

2019-01-18 20:21:03 - [MESSAGE][PASSED] - com.oracledb.regressiontest.genName is PASSED

2019-01-18 20:21:03 - [TEST_STEP][PASSED] - vndSitePtlCd = com.oracledb.regressiontest.genName(6): com.oracledb.regressiontest.genName is PASSED

2019-01-18 20:21:03 - [MESSAGE][PASSED] - com.oracledb.regressiontest.genName is PASSED

2019-01-18 20:21:03 - [TEST_STEP][PASSED] - setText(findTestObject("TF_Customer_Create/4_Create_Objects_And_Save/13_Create_LDI_Vendor_Site/Input_Vendor_Site_Name/input_Vendor_Site_Nm"), vndSiteName): Text 'J5BBDFMWQTAKEGA' is set on object 'Object Repository/TF_Customer_Create/4_Create_Objects_And_Save/13_Create_LDI_Vendor_Site/Input_Vendor_Site_Name/input_Vendor_Site_Nm'

2019-01-18 20:21:03 - [MESSAGE][PASSED] - Text 'J5BBDFMWQTAKEGA' is set on object 'Object Repository/TF_Customer_Create/4_Create_Objects_And_Save/13_Create_LDI_Vendor_Site/Input_Vendor_Site_Name/input_Vendor_Site_Nm'

2019-01-18 20:21:03 - [TEST_STEP][PASSED] - setText(findTestObject("TF_Customer_Create/4_Create_Objects_And_Save/13_Create_LDI_Vendor_Site/Input_Vendor_Site_Name/input_Vendor_Site_Number"), vndSiteNumber): Text 'NYIG1802I67R' is set on object 'Object Repository/TF_Customer_Create/4_Create_Objects_And_Save/13_Create_LDI_Vendor_Site/Input_Vendor_Site_Name/input_Vendor_Site_Number'

2019-01-18 20:21:04 - [MESSAGE][PASSED] - Text 'NYIG1802I67R' is set on object 'Object Repository/TF_Customer_Create/4_Create_Objects_And_Save/13_Create_LDI_Vendor_Site/Input_Vendor_Site_Name/input_Vendor_Site_Number'

2019-01-18 20:21:04 - [TEST_STEP][PASSED] - setText(findTestObject("TF_Customer_Create/4_Create_Objects_And_Save/13_Create_LDI_Vendor_Site/Input_Vendor_Site_Name/input_Vendor_Site_Cd"), vndSiteCd): Text 'N8E2NHYDNL' is set on object 'Object Repository/TF_Customer_Create/4_Create_Objects_And_Save/13_Create_LDI_Vendor_Site/Input_Vendor_Site_Name/input_Vendor_Site_Cd'

2019-01-18 20:21:04 - [MESSAGE][PASSED] - Text 'N8E2NHYDNL' is set on object 'Object Repository/TF_Customer_Create/4_Create_Objects_And_Save/13_Create_LDI_Vendor_Site/Input_Vendor_Site_Name/input_Vendor_Site_Cd'

2019-01-18 20:21:04 - [TEST_STEP][PASSED] - setText(findTestObject("TF_Customer_Create/4_Create_Objects_And_Save/13_Create_LDI_Vendor_Site/Input_Vendor_Site_Name/input_Vendor_Site_City"), vndSiteCity): Text '5RBILIUM' is set on object 'Object Repository/TF_Customer_Create/4_Create_Objects_And_Save/13_Create_LDI_Vendor_Site/Input_Vendor_Site_Name/input_Vendor_Site_City'

2019-01-18 20:21:04 - [MESSAGE][PASSED] - Text '5RBILIUM' is set on object 'Object Repository/TF_Customer_Create/4_Create_Objects_And_Save/13_Create_LDI_Vendor_Site/Input_Vendor_Site_Name/input_Vendor_Site_City'

2019-01-18 20:21:04 - [TEST_STEP][PASSED] - setText(findTestObject("TF_Customer_Create/4_Create_Objects_And_Save/13_Create_LDI_Vendor_Site/Input_Vendor_Site_Name/input_Vendor_Site_Postal_Code"), vndSitePtlCd): Text 'CWUCY6' is set on object 'Object Repository/TF_Customer_Create/4_Create_Objects_And_Save/13_Create_LDI_Vendor_Site/Input_Vendor_Site_Name/input_Vendor_Site_Postal_Code'

2019-01-18 20:21:04 - [MESSAGE][PASSED] - Text 'CWUCY6' is set on object 'Object Repository/TF_Customer_Create/4_Create_Objects_And_Save/13_Create_LDI_Vendor_Site/Input_Vendor_Site_Name/input_Vendor_Site_Postal_Code'

2019-01-18 20:21:04 - [TEST_STEP][NOT_RUN] - setText(findTestObject("TF_Customer_Create/4_Create_Objects_And_Save/Set_Effective_Dates/input_Effective_End_Date"), input_Eff_End_Dt): NOT_RUN: setText(findTestObject("TF_Customer_Create/4_Create_Objects_And_Save/Set_Effective_Dates/input_Effective_End_Date"), input_Eff_End_Dt)

2019-01-18 20:21:04 - [MESSAGE][NOT_RUN] - NOT_RUN: setText(findTestObject("TF_Customer_Create/4_Create_Objects_And_Save/Set_Effective_Dates/input_Effective_End_Date"), input_Eff_End_Dt)

2019-01-18 20:21:04 - [TEST_STEP][PASSED] - delay(2): Delayed 2 second(s)

2019-01-18 20:21:06 - [MESSAGE][PASSED] - Delayed 2 second(s)

2019-01-18 20:21:06 - [TEST_STEP][PASSED] - click(findTestObject("TF_Customer_Create/3_Common_Action_Buttons/Click_Data_Tab/span_Data_Tab")): Object: 'Object Repository/TF_Customer_Create/3_Common_Action_Buttons/Click_Data_Tab/span_Data_Tab' is clicked on

2019-01-18 20:21:06 - [MESSAGE][PASSED] - Object: 'Object Repository/TF_Customer_Create/3_Common_Action_Buttons/Click_Data_Tab/span_Data_Tab' is clicked on

2019-01-18 20:21:06 - [TEST_STEP][NOT_RUN] - click(findTestObject("TF_Customer_Create/4_Create_Objects_And_Save/Choose_Sales_Org/Click_Sales_Org_DD"), CONTINUE_ON_FAILURE): NOT_RUN: click(findTestObject("TF_Customer_Create/4_Create_Objects_And_Save/Choose_Sales_Org/Click_Sales_Org_DD"), CONTINUE_ON_FAILURE)

2019-01-18 20:21:06 - [MESSAGE][NOT_RUN] - NOT_RUN: click(findTestObject("TF_Customer_Create/4_Create_Objects_And_Save/Choose_Sales_Org/Click_Sales_Org_DD"), CONTINUE_ON_FAILURE)

2019-01-18 20:21:06 - [TEST_STEP][NOT_RUN] - click(findTestObject("TF_Customer_Create/4_Create_Objects_And_Save/Choose_Sales_Org/CA_Object"), CONTINUE_ON_FAILURE): NOT_RUN: click(findTestObject("TF_Customer_Create/4_Create_Objects_And_Save/Choose_Sales_Org/CA_Object"), CONTINUE_ON_FAILURE)

2019-01-18 20:21:06 - [MESSAGE][NOT_RUN] - NOT_RUN: click(findTestObject("TF_Customer_Create/4_Create_Objects_And_Save/Choose_Sales_Org/CA_Object"), CONTINUE_ON_FAILURE)

2019-01-18 20:21:06 - [TEST_STEP][PASSED] - delay(2): Delayed 2 second(s)

2019-01-18 20:21:08 - [MESSAGE][PASSED] - Delayed 2 second(s)

2019-01-18 20:21:08 - [TEST_STEP][PASSED] - click(findTestObject("TF_Customer_Create/3_Common_Action_Buttons/Click_Apply_Button/td_Apply")): Object: 'Object Repository/TF_Customer_Create/3_Common_Action_Buttons/Click_Apply_Button/td_Apply' is clicked on

2019-01-18 20:21:08 - [MESSAGE][PASSED] - Object: 'Object Repository/TF_Customer_Create/3_Common_Action_Buttons/Click_Apply_Button/td_Apply' is clicked on

2019-01-18 20:21:08 - [TEST_STEP][PASSED] - delay(2): Delayed 2 second(s)

2019-01-18 20:21:10 - [MESSAGE][PASSED] - Delayed 2 second(s)

2019-01-18 20:21:10 - [TEST_STEP][PASSED] - click(findTestObject("TF_Customer_Create/3_Common_Action_Buttons/Click_Save_Button/btn_Save")): Object: 'Object Repository/TF_Customer_Create/3_Common_Action_Buttons/Click_Save_Button/btn_Save' is clicked on

2019-01-18 20:21:10 - [MESSAGE][PASSED] - Object: 'Object Repository/TF_Customer_Create/3_Common_Action_Buttons/Click_Save_Button/btn_Save' is clicked on

2019-01-18 20:21:10 - [TEST_STEP][PASSED] - delay(2): Delayed 2 second(s)

2019-01-18 20:21:12 - [MESSAGE][PASSED] - Delayed 2 second(s)

2019-01-18 20:21:12 - [TEST_STEP][NOT_RUN] - verifyElementText(findTestObject("TF_Customer_Create/3_Common_Action_Buttons/Verify_Success_Message/Success_Message"), "Record has been saved successfully.", CONTINUE_ON_FAILURE): NOT_RUN: verifyElementText(findTestObject("TF_Customer_Create/3_Common_Action_Buttons/Verify_Success_Message/Success_Message"), "Record has been saved successfully.", CONTINUE_ON_FAILURE)

2019-01-18 20:21:12 - [MESSAGE][NOT_RUN] - NOT_RUN: verifyElementText(findTestObject("TF_Customer_Create/3_Common_Action_Buttons/Verify_Success_Message/Success_Message"), "Record has been saved successfully.", CONTINUE_ON_FAILURE)

2019-01-18 20:21:12 - [TEST_STEP][NOT_RUN] - click(findTestObject("TF_Customer_Create/3_Common_Action_Buttons/Click_Data_Tab/span_Data_Tab")): NOT_RUN: click(findTestObject("TF_Customer_Create/3_Common_Action_Buttons/Click_Data_Tab/span_Data_Tab"))

2019-01-18 20:21:12 - [MESSAGE][NOT_RUN] - NOT_RUN: click(findTestObject("TF_Customer_Create/3_Common_Action_Buttons/Click_Data_Tab/span_Data_Tab"))

2019-01-18 20:21:12 - [TEST_STEP][NOT_RUN] - delay(1): NOT_RUN: delay(1)

2019-01-18 20:21:12 - [MESSAGE][NOT_RUN] - NOT_RUN: delay(1)

2019-01-18 20:21:12 - [TEST_STEP][NOT_RUN] - click(findTestObject("TF_Customer_Create/3_Common_Action_Buttons/Click_Close_Button/btn_Close")): NOT_RUN: click(findTestObject("TF_Customer_Create/3_Common_Action_Buttons/Click_Close_Button/btn_Close"))

2019-01-18 20:21:12 - [MESSAGE][NOT_RUN] - NOT_RUN: click(findTestObject("TF_Customer_Create/3_Common_Action_Buttons/Click_Close_Button/btn_Close"))

2019-01-18 20:21:12 - [TEST_STEP][NOT_RUN] - delay(2): NOT_RUN: delay(2)

2019-01-18 20:21:12 - [MESSAGE][NOT_RUN] - NOT_RUN: delay(2)

2019-01-18 20:21:12 - [TEST_STEP][NOT_RUN] - vrfy_PLA = com.oracledb.regressiontest.verifyPLA(ora_connt, ora_usr, ora_psswrd, ora_schema, plaAcctName): NOT_RUN: vrfy_PLA = com.oracledb.regressiontest.verifyPLA(ora_connt, ora_usr, ora_psswrd, ora_schema, plaAcctName)

2019-01-18 20:21:12 - [MESSAGE][NOT_RUN] - NOT_RUN: vrfy_PLA = com.oracledb.regressiontest.verifyPLA(ora_connt, ora_usr, ora_psswrd, ora_schema, plaAcctName)

2019-01-18 20:21:12 - [TEST_STEP][NOT_RUN] - println("Planning Account Name"): NOT_RUN: println("Planning Account Name")

2019-01-18 20:21:12 - [MESSAGE][NOT_RUN] - NOT_RUN: println("Planning Account Name")

2019-01-18 20:21:12 - [TEST_STEP][NOT_RUN] - verifyEqual(PLANNING_ACCOUNT_NAME, plaAcctName): NOT_RUN: verifyEqual(PLANNING_ACCOUNT_NAME, plaAcctName)

2019-01-18 20:21:12 - [MESSAGE][NOT_RUN] - NOT_RUN: verifyEqual(PLANNING_ACCOUNT_NAME, plaAcctName)]]></system-out>
         <system-err><![CDATA[]]></system-err>
      </testcase>
      <testcase name="Test Cases/Regression_TF_Customer/Create_Record/TC_13_Create_LDI_Vendor_Site" classname="Test Cases/Regression_TF_Customer/Create_Record/TC_13_Create_LDI_Vendor_Site" status="PASSED">
         <system-out><![CDATA[2019-01-18 20:21:12 - [TEST_CASE][PASSED] - Test Cases/Regression_TF_Customer/Create_Record/TC_13_Create_LDI_Vendor_Site: Test Cases/Regression_TF_Customer/Create_Record/TC_13_Create_LDI_Vendor_Site

2019-01-18 20:21:12 - [TEST_STEP][PASSED] - waitForPageLoad(G_Timeout): Wait for page load successfully

2019-01-18 20:21:12 - [MESSAGE][PASSED] - Wait for page load successfully

2019-01-18 20:21:12 - [TEST_STEP][PASSED] - mouseOver(findTestObject("TF_Customer_Create/1_Menu_Navigation_To_Open_All_Pages/0_Menu_Create_In_Data_View")): Object: 'Object Repository/TF_Customer_Create/1_Menu_Navigation_To_Open_All_Pages/0_Menu_Create_In_Data_View' is hovered

2019-01-18 20:21:12 - [MESSAGE][PASSED] - Object: 'Object Repository/TF_Customer_Create/1_Menu_Navigation_To_Open_All_Pages/0_Menu_Create_In_Data_View' is hovered

2019-01-18 20:21:12 - [TEST_STEP][PASSED] - waitForPageLoad(G_Timeout): Wait for page load successfully

2019-01-18 20:21:12 - [MESSAGE][PASSED] - Wait for page load successfully

2019-01-18 20:21:12 - [TEST_STEP][PASSED] - mouseOver(findTestObject("TF_Customer_Create/1_Menu_Navigation_To_Open_All_Pages/1_Menu_Create_Master_Data")): Object: 'Object Repository/TF_Customer_Create/1_Menu_Navigation_To_Open_All_Pages/1_Menu_Create_Master_Data' is hovered

2019-01-18 20:21:12 - [MESSAGE][PASSED] - Object: 'Object Repository/TF_Customer_Create/1_Menu_Navigation_To_Open_All_Pages/1_Menu_Create_Master_Data' is hovered

2019-01-18 20:21:12 - [TEST_STEP][PASSED] - waitForPageLoad(G_Timeout): Wait for page load successfully

2019-01-18 20:21:12 - [MESSAGE][PASSED] - Wait for page load successfully

2019-01-18 20:21:12 - [TEST_STEP][PASSED] - mouseOver(findTestObject("TF_Customer_Create/1_Menu_Navigation_To_Open_All_Pages/3_Planning_Account_Hoverover_Option")): Object: 'Object Repository/TF_Customer_Create/1_Menu_Navigation_To_Open_All_Pages/3_Planning_Account_Hoverover_Option' is hovered

2019-01-18 20:21:13 - [MESSAGE][PASSED] - Object: 'Object Repository/TF_Customer_Create/1_Menu_Navigation_To_Open_All_Pages/3_Planning_Account_Hoverover_Option' is hovered

2019-01-18 20:21:13 - [TEST_STEP][PASSED] - waitForPageLoad(G_Timeout): Wait for page load successfully

2019-01-18 20:21:13 - [MESSAGE][PASSED] - Wait for page load successfully

2019-01-18 20:21:13 - [TEST_STEP][PASSED] - click(findTestObject("TF_Customer_Create/2_Select_Menu_Options(All)/13_LDI_Vendor_Site")): Object: 'Object Repository/TF_Customer_Create/2_Select_Menu_Options(All)/13_LDI_Vendor_Site' is clicked on

2019-01-18 20:21:13 - [MESSAGE][PASSED] - Object: 'Object Repository/TF_Customer_Create/2_Select_Menu_Options(All)/13_LDI_Vendor_Site' is clicked on

2019-01-18 20:21:13 - [TEST_STEP][PASSED] - waitForPageLoad(G_Timeout): Wait for page load successfully

2019-01-18 20:21:13 - [MESSAGE][PASSED] - Wait for page load successfully

2019-01-18 20:21:13 - [TEST_STEP][PASSED] - delay(3): Delayed 3 second(s)

2019-01-18 20:21:16 - [MESSAGE][PASSED] - Delayed 3 second(s)

2019-01-18 20:21:16 - [TEST_STEP][PASSED] - vndSiteName = com.oracledb.regressiontest.genName(15): com.oracledb.regressiontest.genName is PASSED

2019-01-18 20:21:16 - [MESSAGE][PASSED] - com.oracledb.regressiontest.genName is PASSED

2019-01-18 20:21:16 - [TEST_STEP][PASSED] - vndSiteNumber = com.oracledb.regressiontest.genName(12): com.oracledb.regressiontest.genName is PASSED

2019-01-18 20:21:16 - [MESSAGE][PASSED] - com.oracledb.regressiontest.genName is PASSED

2019-01-18 20:21:16 - [TEST_STEP][PASSED] - vndSiteCd = com.oracledb.regressiontest.genName(10): com.oracledb.regressiontest.genName is PASSED

2019-01-18 20:21:16 - [MESSAGE][PASSED] - com.oracledb.regressiontest.genName is PASSED

2019-01-18 20:21:16 - [TEST_STEP][PASSED] - vndSiteCity = com.oracledb.regressiontest.genName(8): com.oracledb.regressiontest.genName is PASSED

2019-01-18 20:21:16 - [MESSAGE][PASSED] - com.oracledb.regressiontest.genName is PASSED

2019-01-18 20:21:16 - [TEST_STEP][PASSED] - vndSitePtlCd = com.oracledb.regressiontest.genName(6): com.oracledb.regressiontest.genName is PASSED

2019-01-18 20:21:16 - [MESSAGE][PASSED] - com.oracledb.regressiontest.genName is PASSED

2019-01-18 20:21:16 - [TEST_STEP][PASSED] - setText(findTestObject("TF_Customer_Create/4_Create_Objects_And_Save/13_Create_LDI_Vendor_Site/Input_Vendor_Site_Name/input_Vendor_Site_Nm"), vndSiteName): Text 'CWISOZ9EJVIQ1HH' is set on object 'Object Repository/TF_Customer_Create/4_Create_Objects_And_Save/13_Create_LDI_Vendor_Site/Input_Vendor_Site_Name/input_Vendor_Site_Nm'

2019-01-18 20:21:16 - [MESSAGE][PASSED] - Text 'CWISOZ9EJVIQ1HH' is set on object 'Object Repository/TF_Customer_Create/4_Create_Objects_And_Save/13_Create_LDI_Vendor_Site/Input_Vendor_Site_Name/input_Vendor_Site_Nm'

2019-01-18 20:21:16 - [TEST_STEP][PASSED] - setText(findTestObject("TF_Customer_Create/4_Create_Objects_And_Save/13_Create_LDI_Vendor_Site/Input_Vendor_Site_Name/input_Vendor_Site_Number"), vndSiteNumber): Text 'EI7IILU8SYVP' is set on object 'Object Repository/TF_Customer_Create/4_Create_Objects_And_Save/13_Create_LDI_Vendor_Site/Input_Vendor_Site_Name/input_Vendor_Site_Number'

2019-01-18 20:21:16 - [MESSAGE][PASSED] - Text 'EI7IILU8SYVP' is set on object 'Object Repository/TF_Customer_Create/4_Create_Objects_And_Save/13_Create_LDI_Vendor_Site/Input_Vendor_Site_Name/input_Vendor_Site_Number'

2019-01-18 20:21:16 - [TEST_STEP][PASSED] - setText(findTestObject("TF_Customer_Create/4_Create_Objects_And_Save/13_Create_LDI_Vendor_Site/Input_Vendor_Site_Name/input_Vendor_Site_Cd"), vndSiteCd): Text 'ETS7O55KU7' is set on object 'Object Repository/TF_Customer_Create/4_Create_Objects_And_Save/13_Create_LDI_Vendor_Site/Input_Vendor_Site_Name/input_Vendor_Site_Cd'

2019-01-18 20:21:17 - [MESSAGE][PASSED] - Text 'ETS7O55KU7' is set on object 'Object Repository/TF_Customer_Create/4_Create_Objects_And_Save/13_Create_LDI_Vendor_Site/Input_Vendor_Site_Name/input_Vendor_Site_Cd'

2019-01-18 20:21:17 - [TEST_STEP][PASSED] - setText(findTestObject("TF_Customer_Create/4_Create_Objects_And_Save/13_Create_LDI_Vendor_Site/Input_Vendor_Site_Name/input_Vendor_Site_City"), vndSiteCity): Text 'TSK372YX' is set on object 'Object Repository/TF_Customer_Create/4_Create_Objects_And_Save/13_Create_LDI_Vendor_Site/Input_Vendor_Site_Name/input_Vendor_Site_City'

2019-01-18 20:21:17 - [MESSAGE][PASSED] - Text 'TSK372YX' is set on object 'Object Repository/TF_Customer_Create/4_Create_Objects_And_Save/13_Create_LDI_Vendor_Site/Input_Vendor_Site_Name/input_Vendor_Site_City'

2019-01-18 20:21:17 - [TEST_STEP][PASSED] - setText(findTestObject("TF_Customer_Create/4_Create_Objects_And_Save/13_Create_LDI_Vendor_Site/Input_Vendor_Site_Name/input_Vendor_Site_Postal_Code"), vndSitePtlCd): Text 'LAE7PE' is set on object 'Object Repository/TF_Customer_Create/4_Create_Objects_And_Save/13_Create_LDI_Vendor_Site/Input_Vendor_Site_Name/input_Vendor_Site_Postal_Code'

2019-01-18 20:21:17 - [MESSAGE][PASSED] - Text 'LAE7PE' is set on object 'Object Repository/TF_Customer_Create/4_Create_Objects_And_Save/13_Create_LDI_Vendor_Site/Input_Vendor_Site_Name/input_Vendor_Site_Postal_Code'

2019-01-18 20:21:17 - [TEST_STEP][NOT_RUN] - setText(findTestObject("TF_Customer_Create/4_Create_Objects_And_Save/Set_Effective_Dates/input_Effective_End_Date"), input_Eff_End_Dt): NOT_RUN: setText(findTestObject("TF_Customer_Create/4_Create_Objects_And_Save/Set_Effective_Dates/input_Effective_End_Date"), input_Eff_End_Dt)

2019-01-18 20:21:17 - [MESSAGE][NOT_RUN] - NOT_RUN: setText(findTestObject("TF_Customer_Create/4_Create_Objects_And_Save/Set_Effective_Dates/input_Effective_End_Date"), input_Eff_End_Dt)

2019-01-18 20:21:17 - [TEST_STEP][PASSED] - delay(2): Delayed 2 second(s)

2019-01-18 20:21:19 - [MESSAGE][PASSED] - Delayed 2 second(s)

2019-01-18 20:21:19 - [TEST_STEP][PASSED] - click(findTestObject("TF_Customer_Create/3_Common_Action_Buttons/Click_Data_Tab/span_Data_Tab")): Object: 'Object Repository/TF_Customer_Create/3_Common_Action_Buttons/Click_Data_Tab/span_Data_Tab' is clicked on

2019-01-18 20:21:19 - [MESSAGE][PASSED] - Object: 'Object Repository/TF_Customer_Create/3_Common_Action_Buttons/Click_Data_Tab/span_Data_Tab' is clicked on

2019-01-18 20:21:19 - [TEST_STEP][NOT_RUN] - click(findTestObject("TF_Customer_Create/4_Create_Objects_And_Save/Choose_Sales_Org/Click_Sales_Org_DD"), CONTINUE_ON_FAILURE): NOT_RUN: click(findTestObject("TF_Customer_Create/4_Create_Objects_And_Save/Choose_Sales_Org/Click_Sales_Org_DD"), CONTINUE_ON_FAILURE)

2019-01-18 20:21:19 - [MESSAGE][NOT_RUN] - NOT_RUN: click(findTestObject("TF_Customer_Create/4_Create_Objects_And_Save/Choose_Sales_Org/Click_Sales_Org_DD"), CONTINUE_ON_FAILURE)

2019-01-18 20:21:19 - [TEST_STEP][NOT_RUN] - click(findTestObject("TF_Customer_Create/4_Create_Objects_And_Save/Choose_Sales_Org/CA_Object"), CONTINUE_ON_FAILURE): NOT_RUN: click(findTestObject("TF_Customer_Create/4_Create_Objects_And_Save/Choose_Sales_Org/CA_Object"), CONTINUE_ON_FAILURE)

2019-01-18 20:21:19 - [MESSAGE][NOT_RUN] - NOT_RUN: click(findTestObject("TF_Customer_Create/4_Create_Objects_And_Save/Choose_Sales_Org/CA_Object"), CONTINUE_ON_FAILURE)

2019-01-18 20:21:19 - [TEST_STEP][PASSED] - delay(2): Delayed 2 second(s)

2019-01-18 20:21:21 - [MESSAGE][PASSED] - Delayed 2 second(s)

2019-01-18 20:21:21 - [TEST_STEP][PASSED] - click(findTestObject("TF_Customer_Create/3_Common_Action_Buttons/Click_Apply_Button/td_Apply")): Object: 'Object Repository/TF_Customer_Create/3_Common_Action_Buttons/Click_Apply_Button/td_Apply' is clicked on

2019-01-18 20:21:21 - [MESSAGE][PASSED] - Object: 'Object Repository/TF_Customer_Create/3_Common_Action_Buttons/Click_Apply_Button/td_Apply' is clicked on

2019-01-18 20:21:21 - [TEST_STEP][PASSED] - delay(2): Delayed 2 second(s)

2019-01-18 20:21:23 - [MESSAGE][PASSED] - Delayed 2 second(s)

2019-01-18 20:21:23 - [TEST_STEP][PASSED] - click(findTestObject("TF_Customer_Create/3_Common_Action_Buttons/Click_Save_Button/btn_Save")): Object: 'Object Repository/TF_Customer_Create/3_Common_Action_Buttons/Click_Save_Button/btn_Save' is clicked on

2019-01-18 20:21:23 - [MESSAGE][PASSED] - Object: 'Object Repository/TF_Customer_Create/3_Common_Action_Buttons/Click_Save_Button/btn_Save' is clicked on

2019-01-18 20:21:23 - [TEST_STEP][PASSED] - delay(2): Delayed 2 second(s)

2019-01-18 20:21:25 - [MESSAGE][PASSED] - Delayed 2 second(s)

2019-01-18 20:21:25 - [TEST_STEP][NOT_RUN] - verifyElementText(findTestObject("TF_Customer_Create/3_Common_Action_Buttons/Verify_Success_Message/Success_Message"), "Record has been saved successfully.", CONTINUE_ON_FAILURE): NOT_RUN: verifyElementText(findTestObject("TF_Customer_Create/3_Common_Action_Buttons/Verify_Success_Message/Success_Message"), "Record has been saved successfully.", CONTINUE_ON_FAILURE)

2019-01-18 20:21:25 - [MESSAGE][NOT_RUN] - NOT_RUN: verifyElementText(findTestObject("TF_Customer_Create/3_Common_Action_Buttons/Verify_Success_Message/Success_Message"), "Record has been saved successfully.", CONTINUE_ON_FAILURE)

2019-01-18 20:21:25 - [TEST_STEP][NOT_RUN] - click(findTestObject("TF_Customer_Create/3_Common_Action_Buttons/Click_Data_Tab/span_Data_Tab")): NOT_RUN: click(findTestObject("TF_Customer_Create/3_Common_Action_Buttons/Click_Data_Tab/span_Data_Tab"))

2019-01-18 20:21:25 - [MESSAGE][NOT_RUN] - NOT_RUN: click(findTestObject("TF_Customer_Create/3_Common_Action_Buttons/Click_Data_Tab/span_Data_Tab"))

2019-01-18 20:21:25 - [TEST_STEP][NOT_RUN] - delay(1): NOT_RUN: delay(1)

2019-01-18 20:21:25 - [MESSAGE][NOT_RUN] - NOT_RUN: delay(1)

2019-01-18 20:21:25 - [TEST_STEP][NOT_RUN] - click(findTestObject("TF_Customer_Create/3_Common_Action_Buttons/Click_Close_Button/btn_Close")): NOT_RUN: click(findTestObject("TF_Customer_Create/3_Common_Action_Buttons/Click_Close_Button/btn_Close"))

2019-01-18 20:21:25 - [MESSAGE][NOT_RUN] - NOT_RUN: click(findTestObject("TF_Customer_Create/3_Common_Action_Buttons/Click_Close_Button/btn_Close"))

2019-01-18 20:21:25 - [TEST_STEP][NOT_RUN] - delay(2): NOT_RUN: delay(2)

2019-01-18 20:21:25 - [MESSAGE][NOT_RUN] - NOT_RUN: delay(2)

2019-01-18 20:21:25 - [TEST_STEP][NOT_RUN] - vrfy_PLA = com.oracledb.regressiontest.verifyPLA(ora_connt, ora_usr, ora_psswrd, ora_schema, plaAcctName): NOT_RUN: vrfy_PLA = com.oracledb.regressiontest.verifyPLA(ora_connt, ora_usr, ora_psswrd, ora_schema, plaAcctName)

2019-01-18 20:21:25 - [MESSAGE][NOT_RUN] - NOT_RUN: vrfy_PLA = com.oracledb.regressiontest.verifyPLA(ora_connt, ora_usr, ora_psswrd, ora_schema, plaAcctName)

2019-01-18 20:21:25 - [TEST_STEP][NOT_RUN] - println("Planning Account Name"): NOT_RUN: println("Planning Account Name")

2019-01-18 20:21:25 - [MESSAGE][NOT_RUN] - NOT_RUN: println("Planning Account Name")

2019-01-18 20:21:25 - [TEST_STEP][NOT_RUN] - verifyEqual(PLANNING_ACCOUNT_NAME, plaAcctName): NOT_RUN: verifyEqual(PLANNING_ACCOUNT_NAME, plaAcctName)

2019-01-18 20:21:25 - [MESSAGE][NOT_RUN] - NOT_RUN: verifyEqual(PLANNING_ACCOUNT_NAME, plaAcctName)]]></system-out>
         <system-err><![CDATA[]]></system-err>
      </testcase>
      <testcase name="Test Cases/Regression_TF_Customer/Create_Record/TC_13_Create_LDI_Vendor_Site" classname="Test Cases/Regression_TF_Customer/Create_Record/TC_13_Create_LDI_Vendor_Site" status="PASSED">
         <system-out><![CDATA[2019-01-18 20:21:25 - [TEST_CASE][PASSED] - Test Cases/Regression_TF_Customer/Create_Record/TC_13_Create_LDI_Vendor_Site: Test Cases/Regression_TF_Customer/Create_Record/TC_13_Create_LDI_Vendor_Site

2019-01-18 20:21:25 - [TEST_STEP][PASSED] - waitForPageLoad(G_Timeout): Wait for page load successfully

2019-01-18 20:21:25 - [MESSAGE][PASSED] - Wait for page load successfully

2019-01-18 20:21:25 - [TEST_STEP][PASSED] - mouseOver(findTestObject("TF_Customer_Create/1_Menu_Navigation_To_Open_All_Pages/0_Menu_Create_In_Data_View")): Object: 'Object Repository/TF_Customer_Create/1_Menu_Navigation_To_Open_All_Pages/0_Menu_Create_In_Data_View' is hovered

2019-01-18 20:21:25 - [MESSAGE][PASSED] - Object: 'Object Repository/TF_Customer_Create/1_Menu_Navigation_To_Open_All_Pages/0_Menu_Create_In_Data_View' is hovered

2019-01-18 20:21:25 - [TEST_STEP][PASSED] - waitForPageLoad(G_Timeout): Wait for page load successfully

2019-01-18 20:21:25 - [MESSAGE][PASSED] - Wait for page load successfully

2019-01-18 20:21:25 - [TEST_STEP][PASSED] - mouseOver(findTestObject("TF_Customer_Create/1_Menu_Navigation_To_Open_All_Pages/1_Menu_Create_Master_Data")): Object: 'Object Repository/TF_Customer_Create/1_Menu_Navigation_To_Open_All_Pages/1_Menu_Create_Master_Data' is hovered

2019-01-18 20:21:25 - [MESSAGE][PASSED] - Object: 'Object Repository/TF_Customer_Create/1_Menu_Navigation_To_Open_All_Pages/1_Menu_Create_Master_Data' is hovered

2019-01-18 20:21:25 - [TEST_STEP][PASSED] - waitForPageLoad(G_Timeout): Wait for page load successfully

2019-01-18 20:21:25 - [MESSAGE][PASSED] - Wait for page load successfully

2019-01-18 20:21:25 - [TEST_STEP][PASSED] - mouseOver(findTestObject("TF_Customer_Create/1_Menu_Navigation_To_Open_All_Pages/3_Planning_Account_Hoverover_Option")): Object: 'Object Repository/TF_Customer_Create/1_Menu_Navigation_To_Open_All_Pages/3_Planning_Account_Hoverover_Option' is hovered

2019-01-18 20:21:26 - [MESSAGE][PASSED] - Object: 'Object Repository/TF_Customer_Create/1_Menu_Navigation_To_Open_All_Pages/3_Planning_Account_Hoverover_Option' is hovered

2019-01-18 20:21:26 - [TEST_STEP][PASSED] - waitForPageLoad(G_Timeout): Wait for page load successfully

2019-01-18 20:21:26 - [MESSAGE][PASSED] - Wait for page load successfully

2019-01-18 20:21:26 - [TEST_STEP][PASSED] - click(findTestObject("TF_Customer_Create/2_Select_Menu_Options(All)/13_LDI_Vendor_Site")): Object: 'Object Repository/TF_Customer_Create/2_Select_Menu_Options(All)/13_LDI_Vendor_Site' is clicked on

2019-01-18 20:21:26 - [MESSAGE][PASSED] - Object: 'Object Repository/TF_Customer_Create/2_Select_Menu_Options(All)/13_LDI_Vendor_Site' is clicked on

2019-01-18 20:21:26 - [TEST_STEP][PASSED] - waitForPageLoad(G_Timeout): Wait for page load successfully

2019-01-18 20:21:26 - [MESSAGE][PASSED] - Wait for page load successfully

2019-01-18 20:21:26 - [TEST_STEP][PASSED] - delay(3): Delayed 3 second(s)

2019-01-18 20:21:29 - [MESSAGE][PASSED] - Delayed 3 second(s)

2019-01-18 20:21:29 - [TEST_STEP][PASSED] - vndSiteName = com.oracledb.regressiontest.genName(15): com.oracledb.regressiontest.genName is PASSED

2019-01-18 20:21:29 - [MESSAGE][PASSED] - com.oracledb.regressiontest.genName is PASSED

2019-01-18 20:21:29 - [TEST_STEP][PASSED] - vndSiteNumber = com.oracledb.regressiontest.genName(12): com.oracledb.regressiontest.genName is PASSED

2019-01-18 20:21:29 - [MESSAGE][PASSED] - com.oracledb.regressiontest.genName is PASSED

2019-01-18 20:21:29 - [TEST_STEP][PASSED] - vndSiteCd = com.oracledb.regressiontest.genName(10): com.oracledb.regressiontest.genName is PASSED

2019-01-18 20:21:29 - [MESSAGE][PASSED] - com.oracledb.regressiontest.genName is PASSED

2019-01-18 20:21:29 - [TEST_STEP][PASSED] - vndSiteCity = com.oracledb.regressiontest.genName(8): com.oracledb.regressiontest.genName is PASSED

2019-01-18 20:21:29 - [MESSAGE][PASSED] - com.oracledb.regressiontest.genName is PASSED

2019-01-18 20:21:29 - [TEST_STEP][PASSED] - vndSitePtlCd = com.oracledb.regressiontest.genName(6): com.oracledb.regressiontest.genName is PASSED

2019-01-18 20:21:29 - [MESSAGE][PASSED] - com.oracledb.regressiontest.genName is PASSED

2019-01-18 20:21:29 - [TEST_STEP][PASSED] - setText(findTestObject("TF_Customer_Create/4_Create_Objects_And_Save/13_Create_LDI_Vendor_Site/Input_Vendor_Site_Name/input_Vendor_Site_Nm"), vndSiteName): Text 'SMB2DT0TEFW7LOY' is set on object 'Object Repository/TF_Customer_Create/4_Create_Objects_And_Save/13_Create_LDI_Vendor_Site/Input_Vendor_Site_Name/input_Vendor_Site_Nm'

2019-01-18 20:21:29 - [MESSAGE][PASSED] - Text 'SMB2DT0TEFW7LOY' is set on object 'Object Repository/TF_Customer_Create/4_Create_Objects_And_Save/13_Create_LDI_Vendor_Site/Input_Vendor_Site_Name/input_Vendor_Site_Nm'

2019-01-18 20:21:29 - [TEST_STEP][PASSED] - setText(findTestObject("TF_Customer_Create/4_Create_Objects_And_Save/13_Create_LDI_Vendor_Site/Input_Vendor_Site_Name/input_Vendor_Site_Number"), vndSiteNumber): Text 'JVXJRSA2WIZL' is set on object 'Object Repository/TF_Customer_Create/4_Create_Objects_And_Save/13_Create_LDI_Vendor_Site/Input_Vendor_Site_Name/input_Vendor_Site_Number'

2019-01-18 20:21:29 - [MESSAGE][PASSED] - Text 'JVXJRSA2WIZL' is set on object 'Object Repository/TF_Customer_Create/4_Create_Objects_And_Save/13_Create_LDI_Vendor_Site/Input_Vendor_Site_Name/input_Vendor_Site_Number'

2019-01-18 20:21:29 - [TEST_STEP][PASSED] - setText(findTestObject("TF_Customer_Create/4_Create_Objects_And_Save/13_Create_LDI_Vendor_Site/Input_Vendor_Site_Name/input_Vendor_Site_Cd"), vndSiteCd): Text '4O2PCKKBZ7' is set on object 'Object Repository/TF_Customer_Create/4_Create_Objects_And_Save/13_Create_LDI_Vendor_Site/Input_Vendor_Site_Name/input_Vendor_Site_Cd'

2019-01-18 20:21:29 - [MESSAGE][PASSED] - Text '4O2PCKKBZ7' is set on object 'Object Repository/TF_Customer_Create/4_Create_Objects_And_Save/13_Create_LDI_Vendor_Site/Input_Vendor_Site_Name/input_Vendor_Site_Cd'

2019-01-18 20:21:29 - [TEST_STEP][PASSED] - setText(findTestObject("TF_Customer_Create/4_Create_Objects_And_Save/13_Create_LDI_Vendor_Site/Input_Vendor_Site_Name/input_Vendor_Site_City"), vndSiteCity): Text 'F42RZV58' is set on object 'Object Repository/TF_Customer_Create/4_Create_Objects_And_Save/13_Create_LDI_Vendor_Site/Input_Vendor_Site_Name/input_Vendor_Site_City'

2019-01-18 20:21:29 - [MESSAGE][PASSED] - Text 'F42RZV58' is set on object 'Object Repository/TF_Customer_Create/4_Create_Objects_And_Save/13_Create_LDI_Vendor_Site/Input_Vendor_Site_Name/input_Vendor_Site_City'

2019-01-18 20:21:29 - [TEST_STEP][PASSED] - setText(findTestObject("TF_Customer_Create/4_Create_Objects_And_Save/13_Create_LDI_Vendor_Site/Input_Vendor_Site_Name/input_Vendor_Site_Postal_Code"), vndSitePtlCd): Text '29AG9V' is set on object 'Object Repository/TF_Customer_Create/4_Create_Objects_And_Save/13_Create_LDI_Vendor_Site/Input_Vendor_Site_Name/input_Vendor_Site_Postal_Code'

2019-01-18 20:21:29 - [MESSAGE][PASSED] - Text '29AG9V' is set on object 'Object Repository/TF_Customer_Create/4_Create_Objects_And_Save/13_Create_LDI_Vendor_Site/Input_Vendor_Site_Name/input_Vendor_Site_Postal_Code'

2019-01-18 20:21:29 - [TEST_STEP][NOT_RUN] - setText(findTestObject("TF_Customer_Create/4_Create_Objects_And_Save/Set_Effective_Dates/input_Effective_End_Date"), input_Eff_End_Dt): NOT_RUN: setText(findTestObject("TF_Customer_Create/4_Create_Objects_And_Save/Set_Effective_Dates/input_Effective_End_Date"), input_Eff_End_Dt)

2019-01-18 20:21:29 - [MESSAGE][NOT_RUN] - NOT_RUN: setText(findTestObject("TF_Customer_Create/4_Create_Objects_And_Save/Set_Effective_Dates/input_Effective_End_Date"), input_Eff_End_Dt)

2019-01-18 20:21:29 - [TEST_STEP][PASSED] - delay(2): Delayed 2 second(s)

2019-01-18 20:21:31 - [MESSAGE][PASSED] - Delayed 2 second(s)

2019-01-18 20:21:31 - [TEST_STEP][PASSED] - click(findTestObject("TF_Customer_Create/3_Common_Action_Buttons/Click_Data_Tab/span_Data_Tab")): Object: 'Object Repository/TF_Customer_Create/3_Common_Action_Buttons/Click_Data_Tab/span_Data_Tab' is clicked on

2019-01-18 20:21:31 - [MESSAGE][PASSED] - Object: 'Object Repository/TF_Customer_Create/3_Common_Action_Buttons/Click_Data_Tab/span_Data_Tab' is clicked on

2019-01-18 20:21:31 - [TEST_STEP][NOT_RUN] - click(findTestObject("TF_Customer_Create/4_Create_Objects_And_Save/Choose_Sales_Org/Click_Sales_Org_DD"), CONTINUE_ON_FAILURE): NOT_RUN: click(findTestObject("TF_Customer_Create/4_Create_Objects_And_Save/Choose_Sales_Org/Click_Sales_Org_DD"), CONTINUE_ON_FAILURE)

2019-01-18 20:21:31 - [MESSAGE][NOT_RUN] - NOT_RUN: click(findTestObject("TF_Customer_Create/4_Create_Objects_And_Save/Choose_Sales_Org/Click_Sales_Org_DD"), CONTINUE_ON_FAILURE)

2019-01-18 20:21:31 - [TEST_STEP][NOT_RUN] - click(findTestObject("TF_Customer_Create/4_Create_Objects_And_Save/Choose_Sales_Org/CA_Object"), CONTINUE_ON_FAILURE): NOT_RUN: click(findTestObject("TF_Customer_Create/4_Create_Objects_And_Save/Choose_Sales_Org/CA_Object"), CONTINUE_ON_FAILURE)

2019-01-18 20:21:31 - [MESSAGE][NOT_RUN] - NOT_RUN: click(findTestObject("TF_Customer_Create/4_Create_Objects_And_Save/Choose_Sales_Org/CA_Object"), CONTINUE_ON_FAILURE)

2019-01-18 20:21:31 - [TEST_STEP][PASSED] - delay(2): Delayed 2 second(s)

2019-01-18 20:21:33 - [MESSAGE][PASSED] - Delayed 2 second(s)

2019-01-18 20:21:33 - [TEST_STEP][PASSED] - click(findTestObject("TF_Customer_Create/3_Common_Action_Buttons/Click_Apply_Button/td_Apply")): Object: 'Object Repository/TF_Customer_Create/3_Common_Action_Buttons/Click_Apply_Button/td_Apply' is clicked on

2019-01-18 20:21:34 - [MESSAGE][PASSED] - Object: 'Object Repository/TF_Customer_Create/3_Common_Action_Buttons/Click_Apply_Button/td_Apply' is clicked on

2019-01-18 20:21:34 - [TEST_STEP][PASSED] - delay(2): Delayed 2 second(s)

2019-01-18 20:21:36 - [MESSAGE][PASSED] - Delayed 2 second(s)

2019-01-18 20:21:36 - [TEST_STEP][PASSED] - click(findTestObject("TF_Customer_Create/3_Common_Action_Buttons/Click_Save_Button/btn_Save")): Object: 'Object Repository/TF_Customer_Create/3_Common_Action_Buttons/Click_Save_Button/btn_Save' is clicked on

2019-01-18 20:21:36 - [MESSAGE][PASSED] - Object: 'Object Repository/TF_Customer_Create/3_Common_Action_Buttons/Click_Save_Button/btn_Save' is clicked on

2019-01-18 20:21:36 - [TEST_STEP][PASSED] - delay(2): Delayed 2 second(s)

2019-01-18 20:21:38 - [MESSAGE][PASSED] - Delayed 2 second(s)

2019-01-18 20:21:38 - [TEST_STEP][NOT_RUN] - verifyElementText(findTestObject("TF_Customer_Create/3_Common_Action_Buttons/Verify_Success_Message/Success_Message"), "Record has been saved successfully.", CONTINUE_ON_FAILURE): NOT_RUN: verifyElementText(findTestObject("TF_Customer_Create/3_Common_Action_Buttons/Verify_Success_Message/Success_Message"), "Record has been saved successfully.", CONTINUE_ON_FAILURE)

2019-01-18 20:21:38 - [MESSAGE][NOT_RUN] - NOT_RUN: verifyElementText(findTestObject("TF_Customer_Create/3_Common_Action_Buttons/Verify_Success_Message/Success_Message"), "Record has been saved successfully.", CONTINUE_ON_FAILURE)

2019-01-18 20:21:38 - [TEST_STEP][NOT_RUN] - click(findTestObject("TF_Customer_Create/3_Common_Action_Buttons/Click_Data_Tab/span_Data_Tab")): NOT_RUN: click(findTestObject("TF_Customer_Create/3_Common_Action_Buttons/Click_Data_Tab/span_Data_Tab"))

2019-01-18 20:21:38 - [MESSAGE][NOT_RUN] - NOT_RUN: click(findTestObject("TF_Customer_Create/3_Common_Action_Buttons/Click_Data_Tab/span_Data_Tab"))

2019-01-18 20:21:38 - [TEST_STEP][NOT_RUN] - delay(1): NOT_RUN: delay(1)

2019-01-18 20:21:38 - [MESSAGE][NOT_RUN] - NOT_RUN: delay(1)

2019-01-18 20:21:38 - [TEST_STEP][NOT_RUN] - click(findTestObject("TF_Customer_Create/3_Common_Action_Buttons/Click_Close_Button/btn_Close")): NOT_RUN: click(findTestObject("TF_Customer_Create/3_Common_Action_Buttons/Click_Close_Button/btn_Close"))

2019-01-18 20:21:38 - [MESSAGE][NOT_RUN] - NOT_RUN: click(findTestObject("TF_Customer_Create/3_Common_Action_Buttons/Click_Close_Button/btn_Close"))

2019-01-18 20:21:38 - [TEST_STEP][NOT_RUN] - delay(2): NOT_RUN: delay(2)

2019-01-18 20:21:38 - [MESSAGE][NOT_RUN] - NOT_RUN: delay(2)

2019-01-18 20:21:38 - [TEST_STEP][NOT_RUN] - vrfy_PLA = com.oracledb.regressiontest.verifyPLA(ora_connt, ora_usr, ora_psswrd, ora_schema, plaAcctName): NOT_RUN: vrfy_PLA = com.oracledb.regressiontest.verifyPLA(ora_connt, ora_usr, ora_psswrd, ora_schema, plaAcctName)

2019-01-18 20:21:38 - [MESSAGE][NOT_RUN] - NOT_RUN: vrfy_PLA = com.oracledb.regressiontest.verifyPLA(ora_connt, ora_usr, ora_psswrd, ora_schema, plaAcctName)

2019-01-18 20:21:38 - [TEST_STEP][NOT_RUN] - println("Planning Account Name"): NOT_RUN: println("Planning Account Name")

2019-01-18 20:21:38 - [MESSAGE][NOT_RUN] - NOT_RUN: println("Planning Account Name")

2019-01-18 20:21:38 - [TEST_STEP][NOT_RUN] - verifyEqual(PLANNING_ACCOUNT_NAME, plaAcctName): NOT_RUN: verifyEqual(PLANNING_ACCOUNT_NAME, plaAcctName)

2019-01-18 20:21:38 - [MESSAGE][NOT_RUN] - NOT_RUN: verifyEqual(PLANNING_ACCOUNT_NAME, plaAcctName)]]></system-out>
         <system-err><![CDATA[]]></system-err>
      </testcase>
      <testcase name="Test Cases/Regression_TF_Customer/Create_Record/TC_13_Create_LDI_Vendor_Site" classname="Test Cases/Regression_TF_Customer/Create_Record/TC_13_Create_LDI_Vendor_Site" status="PASSED">
         <system-out><![CDATA[2019-01-18 20:21:38 - [TEST_CASE][PASSED] - Test Cases/Regression_TF_Customer/Create_Record/TC_13_Create_LDI_Vendor_Site: Test Cases/Regression_TF_Customer/Create_Record/TC_13_Create_LDI_Vendor_Site

2019-01-18 20:21:38 - [TEST_STEP][PASSED] - waitForPageLoad(G_Timeout): Wait for page load successfully

2019-01-18 20:21:38 - [MESSAGE][PASSED] - Wait for page load successfully

2019-01-18 20:21:38 - [TEST_STEP][PASSED] - mouseOver(findTestObject("TF_Customer_Create/1_Menu_Navigation_To_Open_All_Pages/0_Menu_Create_In_Data_View")): Object: 'Object Repository/TF_Customer_Create/1_Menu_Navigation_To_Open_All_Pages/0_Menu_Create_In_Data_View' is hovered

2019-01-18 20:21:38 - [MESSAGE][PASSED] - Object: 'Object Repository/TF_Customer_Create/1_Menu_Navigation_To_Open_All_Pages/0_Menu_Create_In_Data_View' is hovered

2019-01-18 20:21:38 - [TEST_STEP][PASSED] - waitForPageLoad(G_Timeout): Wait for page load successfully

2019-01-18 20:21:38 - [MESSAGE][PASSED] - Wait for page load successfully

2019-01-18 20:21:38 - [TEST_STEP][PASSED] - mouseOver(findTestObject("TF_Customer_Create/1_Menu_Navigation_To_Open_All_Pages/1_Menu_Create_Master_Data")): Object: 'Object Repository/TF_Customer_Create/1_Menu_Navigation_To_Open_All_Pages/1_Menu_Create_Master_Data' is hovered

2019-01-18 20:21:38 - [MESSAGE][PASSED] - Object: 'Object Repository/TF_Customer_Create/1_Menu_Navigation_To_Open_All_Pages/1_Menu_Create_Master_Data' is hovered

2019-01-18 20:21:38 - [TEST_STEP][PASSED] - waitForPageLoad(G_Timeout): Wait for page load successfully

2019-01-18 20:21:38 - [MESSAGE][PASSED] - Wait for page load successfully

2019-01-18 20:21:38 - [TEST_STEP][PASSED] - mouseOver(findTestObject("TF_Customer_Create/1_Menu_Navigation_To_Open_All_Pages/3_Planning_Account_Hoverover_Option")): Object: 'Object Repository/TF_Customer_Create/1_Menu_Navigation_To_Open_All_Pages/3_Planning_Account_Hoverover_Option' is hovered

2019-01-18 20:21:38 - [MESSAGE][PASSED] - Object: 'Object Repository/TF_Customer_Create/1_Menu_Navigation_To_Open_All_Pages/3_Planning_Account_Hoverover_Option' is hovered

2019-01-18 20:21:38 - [TEST_STEP][PASSED] - waitForPageLoad(G_Timeout): Wait for page load successfully

2019-01-18 20:21:38 - [MESSAGE][PASSED] - Wait for page load successfully

2019-01-18 20:21:38 - [TEST_STEP][PASSED] - click(findTestObject("TF_Customer_Create/2_Select_Menu_Options(All)/13_LDI_Vendor_Site")): Object: 'Object Repository/TF_Customer_Create/2_Select_Menu_Options(All)/13_LDI_Vendor_Site' is clicked on

2019-01-18 20:21:39 - [MESSAGE][PASSED] - Object: 'Object Repository/TF_Customer_Create/2_Select_Menu_Options(All)/13_LDI_Vendor_Site' is clicked on

2019-01-18 20:21:39 - [TEST_STEP][PASSED] - waitForPageLoad(G_Timeout): Wait for page load successfully

2019-01-18 20:21:39 - [MESSAGE][PASSED] - Wait for page load successfully

2019-01-18 20:21:39 - [TEST_STEP][PASSED] - delay(3): Delayed 3 second(s)

2019-01-18 20:21:42 - [MESSAGE][PASSED] - Delayed 3 second(s)

2019-01-18 20:21:42 - [TEST_STEP][PASSED] - vndSiteName = com.oracledb.regressiontest.genName(15): com.oracledb.regressiontest.genName is PASSED

2019-01-18 20:21:42 - [MESSAGE][PASSED] - com.oracledb.regressiontest.genName is PASSED

2019-01-18 20:21:42 - [TEST_STEP][PASSED] - vndSiteNumber = com.oracledb.regressiontest.genName(12): com.oracledb.regressiontest.genName is PASSED

2019-01-18 20:21:42 - [MESSAGE][PASSED] - com.oracledb.regressiontest.genName is PASSED

2019-01-18 20:21:42 - [TEST_STEP][PASSED] - vndSiteCd = com.oracledb.regressiontest.genName(10): com.oracledb.regressiontest.genName is PASSED

2019-01-18 20:21:42 - [MESSAGE][PASSED] - com.oracledb.regressiontest.genName is PASSED

2019-01-18 20:21:42 - [TEST_STEP][PASSED] - vndSiteCity = com.oracledb.regressiontest.genName(8): com.oracledb.regressiontest.genName is PASSED

2019-01-18 20:21:42 - [MESSAGE][PASSED] - com.oracledb.regressiontest.genName is PASSED

2019-01-18 20:21:42 - [TEST_STEP][PASSED] - vndSitePtlCd = com.oracledb.regressiontest.genName(6): com.oracledb.regressiontest.genName is PASSED

2019-01-18 20:21:42 - [MESSAGE][PASSED] - com.oracledb.regressiontest.genName is PASSED

2019-01-18 20:21:42 - [TEST_STEP][PASSED] - setText(findTestObject("TF_Customer_Create/4_Create_Objects_And_Save/13_Create_LDI_Vendor_Site/Input_Vendor_Site_Name/input_Vendor_Site_Nm"), vndSiteName): Text 'UNR64ONKL9O6OR5' is set on object 'Object Repository/TF_Customer_Create/4_Create_Objects_And_Save/13_Create_LDI_Vendor_Site/Input_Vendor_Site_Name/input_Vendor_Site_Nm'

2019-01-18 20:21:42 - [MESSAGE][PASSED] - Text 'UNR64ONKL9O6OR5' is set on object 'Object Repository/TF_Customer_Create/4_Create_Objects_And_Save/13_Create_LDI_Vendor_Site/Input_Vendor_Site_Name/input_Vendor_Site_Nm'

2019-01-18 20:21:42 - [TEST_STEP][PASSED] - setText(findTestObject("TF_Customer_Create/4_Create_Objects_And_Save/13_Create_LDI_Vendor_Site/Input_Vendor_Site_Name/input_Vendor_Site_Number"), vndSiteNumber): Text 'YYGB80EYI93N' is set on object 'Object Repository/TF_Customer_Create/4_Create_Objects_And_Save/13_Create_LDI_Vendor_Site/Input_Vendor_Site_Name/input_Vendor_Site_Number'

2019-01-18 20:21:42 - [MESSAGE][PASSED] - Text 'YYGB80EYI93N' is set on object 'Object Repository/TF_Customer_Create/4_Create_Objects_And_Save/13_Create_LDI_Vendor_Site/Input_Vendor_Site_Name/input_Vendor_Site_Number'

2019-01-18 20:21:42 - [TEST_STEP][PASSED] - setText(findTestObject("TF_Customer_Create/4_Create_Objects_And_Save/13_Create_LDI_Vendor_Site/Input_Vendor_Site_Name/input_Vendor_Site_Cd"), vndSiteCd): Text 'XMCVNWHLFP' is set on object 'Object Repository/TF_Customer_Create/4_Create_Objects_And_Save/13_Create_LDI_Vendor_Site/Input_Vendor_Site_Name/input_Vendor_Site_Cd'

2019-01-18 20:21:42 - [MESSAGE][PASSED] - Text 'XMCVNWHLFP' is set on object 'Object Repository/TF_Customer_Create/4_Create_Objects_And_Save/13_Create_LDI_Vendor_Site/Input_Vendor_Site_Name/input_Vendor_Site_Cd'

2019-01-18 20:21:42 - [TEST_STEP][PASSED] - setText(findTestObject("TF_Customer_Create/4_Create_Objects_And_Save/13_Create_LDI_Vendor_Site/Input_Vendor_Site_Name/input_Vendor_Site_City"), vndSiteCity): Text 'Z1TUUDY0' is set on object 'Object Repository/TF_Customer_Create/4_Create_Objects_And_Save/13_Create_LDI_Vendor_Site/Input_Vendor_Site_Name/input_Vendor_Site_City'

2019-01-18 20:21:42 - [MESSAGE][PASSED] - Text 'Z1TUUDY0' is set on object 'Object Repository/TF_Customer_Create/4_Create_Objects_And_Save/13_Create_LDI_Vendor_Site/Input_Vendor_Site_Name/input_Vendor_Site_City'

2019-01-18 20:21:42 - [TEST_STEP][PASSED] - setText(findTestObject("TF_Customer_Create/4_Create_Objects_And_Save/13_Create_LDI_Vendor_Site/Input_Vendor_Site_Name/input_Vendor_Site_Postal_Code"), vndSitePtlCd): Text '6K8VPN' is set on object 'Object Repository/TF_Customer_Create/4_Create_Objects_And_Save/13_Create_LDI_Vendor_Site/Input_Vendor_Site_Name/input_Vendor_Site_Postal_Code'

2019-01-18 20:21:42 - [MESSAGE][PASSED] - Text '6K8VPN' is set on object 'Object Repository/TF_Customer_Create/4_Create_Objects_And_Save/13_Create_LDI_Vendor_Site/Input_Vendor_Site_Name/input_Vendor_Site_Postal_Code'

2019-01-18 20:21:42 - [TEST_STEP][NOT_RUN] - setText(findTestObject("TF_Customer_Create/4_Create_Objects_And_Save/Set_Effective_Dates/input_Effective_End_Date"), input_Eff_End_Dt): NOT_RUN: setText(findTestObject("TF_Customer_Create/4_Create_Objects_And_Save/Set_Effective_Dates/input_Effective_End_Date"), input_Eff_End_Dt)

2019-01-18 20:21:42 - [MESSAGE][NOT_RUN] - NOT_RUN: setText(findTestObject("TF_Customer_Create/4_Create_Objects_And_Save/Set_Effective_Dates/input_Effective_End_Date"), input_Eff_End_Dt)

2019-01-18 20:21:42 - [TEST_STEP][PASSED] - delay(2): Delayed 2 second(s)

2019-01-18 20:21:44 - [MESSAGE][PASSED] - Delayed 2 second(s)

2019-01-18 20:21:44 - [TEST_STEP][PASSED] - click(findTestObject("TF_Customer_Create/3_Common_Action_Buttons/Click_Data_Tab/span_Data_Tab")): Object: 'Object Repository/TF_Customer_Create/3_Common_Action_Buttons/Click_Data_Tab/span_Data_Tab' is clicked on

2019-01-18 20:21:44 - [MESSAGE][PASSED] - Object: 'Object Repository/TF_Customer_Create/3_Common_Action_Buttons/Click_Data_Tab/span_Data_Tab' is clicked on

2019-01-18 20:21:44 - [TEST_STEP][NOT_RUN] - click(findTestObject("TF_Customer_Create/4_Create_Objects_And_Save/Choose_Sales_Org/Click_Sales_Org_DD"), CONTINUE_ON_FAILURE): NOT_RUN: click(findTestObject("TF_Customer_Create/4_Create_Objects_And_Save/Choose_Sales_Org/Click_Sales_Org_DD"), CONTINUE_ON_FAILURE)

2019-01-18 20:21:44 - [MESSAGE][NOT_RUN] - NOT_RUN: click(findTestObject("TF_Customer_Create/4_Create_Objects_And_Save/Choose_Sales_Org/Click_Sales_Org_DD"), CONTINUE_ON_FAILURE)

2019-01-18 20:21:44 - [TEST_STEP][NOT_RUN] - click(findTestObject("TF_Customer_Create/4_Create_Objects_And_Save/Choose_Sales_Org/CA_Object"), CONTINUE_ON_FAILURE): NOT_RUN: click(findTestObject("TF_Customer_Create/4_Create_Objects_And_Save/Choose_Sales_Org/CA_Object"), CONTINUE_ON_FAILURE)

2019-01-18 20:21:44 - [MESSAGE][NOT_RUN] - NOT_RUN: click(findTestObject("TF_Customer_Create/4_Create_Objects_And_Save/Choose_Sales_Org/CA_Object"), CONTINUE_ON_FAILURE)

2019-01-18 20:21:44 - [TEST_STEP][PASSED] - delay(2): Delayed 2 second(s)

2019-01-18 20:21:46 - [MESSAGE][PASSED] - Delayed 2 second(s)

2019-01-18 20:21:46 - [TEST_STEP][PASSED] - click(findTestObject("TF_Customer_Create/3_Common_Action_Buttons/Click_Apply_Button/td_Apply")): Object: 'Object Repository/TF_Customer_Create/3_Common_Action_Buttons/Click_Apply_Button/td_Apply' is clicked on

2019-01-18 20:21:47 - [MESSAGE][PASSED] - Object: 'Object Repository/TF_Customer_Create/3_Common_Action_Buttons/Click_Apply_Button/td_Apply' is clicked on

2019-01-18 20:21:47 - [TEST_STEP][PASSED] - delay(2): Delayed 2 second(s)

2019-01-18 20:21:49 - [MESSAGE][PASSED] - Delayed 2 second(s)

2019-01-18 20:21:49 - [TEST_STEP][PASSED] - click(findTestObject("TF_Customer_Create/3_Common_Action_Buttons/Click_Save_Button/btn_Save")): Object: 'Object Repository/TF_Customer_Create/3_Common_Action_Buttons/Click_Save_Button/btn_Save' is clicked on

2019-01-18 20:21:49 - [MESSAGE][PASSED] - Object: 'Object Repository/TF_Customer_Create/3_Common_Action_Buttons/Click_Save_Button/btn_Save' is clicked on

2019-01-18 20:21:49 - [TEST_STEP][PASSED] - delay(2): Delayed 2 second(s)

2019-01-18 20:21:51 - [MESSAGE][PASSED] - Delayed 2 second(s)

2019-01-18 20:21:51 - [TEST_STEP][NOT_RUN] - verifyElementText(findTestObject("TF_Customer_Create/3_Common_Action_Buttons/Verify_Success_Message/Success_Message"), "Record has been saved successfully.", CONTINUE_ON_FAILURE): NOT_RUN: verifyElementText(findTestObject("TF_Customer_Create/3_Common_Action_Buttons/Verify_Success_Message/Success_Message"), "Record has been saved successfully.", CONTINUE_ON_FAILURE)

2019-01-18 20:21:51 - [MESSAGE][NOT_RUN] - NOT_RUN: verifyElementText(findTestObject("TF_Customer_Create/3_Common_Action_Buttons/Verify_Success_Message/Success_Message"), "Record has been saved successfully.", CONTINUE_ON_FAILURE)

2019-01-18 20:21:51 - [TEST_STEP][NOT_RUN] - click(findTestObject("TF_Customer_Create/3_Common_Action_Buttons/Click_Data_Tab/span_Data_Tab")): NOT_RUN: click(findTestObject("TF_Customer_Create/3_Common_Action_Buttons/Click_Data_Tab/span_Data_Tab"))

2019-01-18 20:21:51 - [MESSAGE][NOT_RUN] - NOT_RUN: click(findTestObject("TF_Customer_Create/3_Common_Action_Buttons/Click_Data_Tab/span_Data_Tab"))

2019-01-18 20:21:51 - [TEST_STEP][NOT_RUN] - delay(1): NOT_RUN: delay(1)

2019-01-18 20:21:51 - [MESSAGE][NOT_RUN] - NOT_RUN: delay(1)

2019-01-18 20:21:51 - [TEST_STEP][NOT_RUN] - click(findTestObject("TF_Customer_Create/3_Common_Action_Buttons/Click_Close_Button/btn_Close")): NOT_RUN: click(findTestObject("TF_Customer_Create/3_Common_Action_Buttons/Click_Close_Button/btn_Close"))

2019-01-18 20:21:51 - [MESSAGE][NOT_RUN] - NOT_RUN: click(findTestObject("TF_Customer_Create/3_Common_Action_Buttons/Click_Close_Button/btn_Close"))

2019-01-18 20:21:51 - [TEST_STEP][NOT_RUN] - delay(2): NOT_RUN: delay(2)

2019-01-18 20:21:51 - [MESSAGE][NOT_RUN] - NOT_RUN: delay(2)

2019-01-18 20:21:51 - [TEST_STEP][NOT_RUN] - vrfy_PLA = com.oracledb.regressiontest.verifyPLA(ora_connt, ora_usr, ora_psswrd, ora_schema, plaAcctName): NOT_RUN: vrfy_PLA = com.oracledb.regressiontest.verifyPLA(ora_connt, ora_usr, ora_psswrd, ora_schema, plaAcctName)

2019-01-18 20:21:51 - [MESSAGE][NOT_RUN] - NOT_RUN: vrfy_PLA = com.oracledb.regressiontest.verifyPLA(ora_connt, ora_usr, ora_psswrd, ora_schema, plaAcctName)

2019-01-18 20:21:51 - [TEST_STEP][NOT_RUN] - println("Planning Account Name"): NOT_RUN: println("Planning Account Name")

2019-01-18 20:21:51 - [MESSAGE][NOT_RUN] - NOT_RUN: println("Planning Account Name")

2019-01-18 20:21:51 - [TEST_STEP][NOT_RUN] - verifyEqual(PLANNING_ACCOUNT_NAME, plaAcctName): NOT_RUN: verifyEqual(PLANNING_ACCOUNT_NAME, plaAcctName)

2019-01-18 20:21:51 - [MESSAGE][NOT_RUN] - NOT_RUN: verifyEqual(PLANNING_ACCOUNT_NAME, plaAcctName)]]></system-out>
         <system-err><![CDATA[]]></system-err>
      </testcase>
      <testcase name="Test Cases/Regression_TF_Customer/Create_Record/TC_13_Create_LDI_Vendor_Site" classname="Test Cases/Regression_TF_Customer/Create_Record/TC_13_Create_LDI_Vendor_Site" status="PASSED">
         <system-out><![CDATA[2019-01-18 20:21:51 - [TEST_CASE][PASSED] - Test Cases/Regression_TF_Customer/Create_Record/TC_13_Create_LDI_Vendor_Site: Test Cases/Regression_TF_Customer/Create_Record/TC_13_Create_LDI_Vendor_Site

2019-01-18 20:21:51 - [TEST_STEP][PASSED] - waitForPageLoad(G_Timeout): Wait for page load successfully

2019-01-18 20:21:51 - [MESSAGE][PASSED] - Wait for page load successfully

2019-01-18 20:21:51 - [TEST_STEP][PASSED] - mouseOver(findTestObject("TF_Customer_Create/1_Menu_Navigation_To_Open_All_Pages/0_Menu_Create_In_Data_View")): Object: 'Object Repository/TF_Customer_Create/1_Menu_Navigation_To_Open_All_Pages/0_Menu_Create_In_Data_View' is hovered

2019-01-18 20:21:51 - [MESSAGE][PASSED] - Object: 'Object Repository/TF_Customer_Create/1_Menu_Navigation_To_Open_All_Pages/0_Menu_Create_In_Data_View' is hovered

2019-01-18 20:21:51 - [TEST_STEP][PASSED] - waitForPageLoad(G_Timeout): Wait for page load successfully

2019-01-18 20:21:51 - [MESSAGE][PASSED] - Wait for page load successfully

2019-01-18 20:21:51 - [TEST_STEP][PASSED] - mouseOver(findTestObject("TF_Customer_Create/1_Menu_Navigation_To_Open_All_Pages/1_Menu_Create_Master_Data")): Object: 'Object Repository/TF_Customer_Create/1_Menu_Navigation_To_Open_All_Pages/1_Menu_Create_Master_Data' is hovered

2019-01-18 20:21:51 - [MESSAGE][PASSED] - Object: 'Object Repository/TF_Customer_Create/1_Menu_Navigation_To_Open_All_Pages/1_Menu_Create_Master_Data' is hovered

2019-01-18 20:21:51 - [TEST_STEP][PASSED] - waitForPageLoad(G_Timeout): Wait for page load successfully

2019-01-18 20:21:51 - [MESSAGE][PASSED] - Wait for page load successfully

2019-01-18 20:21:51 - [TEST_STEP][PASSED] - mouseOver(findTestObject("TF_Customer_Create/1_Menu_Navigation_To_Open_All_Pages/3_Planning_Account_Hoverover_Option")): Object: 'Object Repository/TF_Customer_Create/1_Menu_Navigation_To_Open_All_Pages/3_Planning_Account_Hoverover_Option' is hovered

2019-01-18 20:21:51 - [MESSAGE][PASSED] - Object: 'Object Repository/TF_Customer_Create/1_Menu_Navigation_To_Open_All_Pages/3_Planning_Account_Hoverover_Option' is hovered

2019-01-18 20:21:51 - [TEST_STEP][PASSED] - waitForPageLoad(G_Timeout): Wait for page load successfully

2019-01-18 20:21:51 - [MESSAGE][PASSED] - Wait for page load successfully

2019-01-18 20:21:51 - [TEST_STEP][PASSED] - click(findTestObject("TF_Customer_Create/2_Select_Menu_Options(All)/13_LDI_Vendor_Site")): Object: 'Object Repository/TF_Customer_Create/2_Select_Menu_Options(All)/13_LDI_Vendor_Site' is clicked on

2019-01-18 20:21:51 - [MESSAGE][PASSED] - Object: 'Object Repository/TF_Customer_Create/2_Select_Menu_Options(All)/13_LDI_Vendor_Site' is clicked on

2019-01-18 20:21:51 - [TEST_STEP][PASSED] - waitForPageLoad(G_Timeout): Wait for page load successfully

2019-01-18 20:21:51 - [MESSAGE][PASSED] - Wait for page load successfully

2019-01-18 20:21:51 - [TEST_STEP][PASSED] - delay(3): Delayed 3 second(s)

2019-01-18 20:21:54 - [MESSAGE][PASSED] - Delayed 3 second(s)

2019-01-18 20:21:54 - [TEST_STEP][PASSED] - vndSiteName = com.oracledb.regressiontest.genName(15): com.oracledb.regressiontest.genName is PASSED

2019-01-18 20:21:54 - [MESSAGE][PASSED] - com.oracledb.regressiontest.genName is PASSED

2019-01-18 20:21:54 - [TEST_STEP][PASSED] - vndSiteNumber = com.oracledb.regressiontest.genName(12): com.oracledb.regressiontest.genName is PASSED

2019-01-18 20:21:54 - [MESSAGE][PASSED] - com.oracledb.regressiontest.genName is PASSED

2019-01-18 20:21:54 - [TEST_STEP][PASSED] - vndSiteCd = com.oracledb.regressiontest.genName(10): com.oracledb.regressiontest.genName is PASSED

2019-01-18 20:21:54 - [MESSAGE][PASSED] - com.oracledb.regressiontest.genName is PASSED

2019-01-18 20:21:54 - [TEST_STEP][PASSED] - vndSiteCity = com.oracledb.regressiontest.genName(8): com.oracledb.regressiontest.genName is PASSED

2019-01-18 20:21:54 - [MESSAGE][PASSED] - com.oracledb.regressiontest.genName is PASSED

2019-01-18 20:21:54 - [TEST_STEP][PASSED] - vndSitePtlCd = com.oracledb.regressiontest.genName(6): com.oracledb.regressiontest.genName is PASSED

2019-01-18 20:21:54 - [MESSAGE][PASSED] - com.oracledb.regressiontest.genName is PASSED

2019-01-18 20:21:54 - [TEST_STEP][PASSED] - setText(findTestObject("TF_Customer_Create/4_Create_Objects_And_Save/13_Create_LDI_Vendor_Site/Input_Vendor_Site_Name/input_Vendor_Site_Nm"), vndSiteName): Text '3ZTF1HFJAIUHRGD' is set on object 'Object Repository/TF_Customer_Create/4_Create_Objects_And_Save/13_Create_LDI_Vendor_Site/Input_Vendor_Site_Name/input_Vendor_Site_Nm'

2019-01-18 20:21:55 - [MESSAGE][PASSED] - Text '3ZTF1HFJAIUHRGD' is set on object 'Object Repository/TF_Customer_Create/4_Create_Objects_And_Save/13_Create_LDI_Vendor_Site/Input_Vendor_Site_Name/input_Vendor_Site_Nm'

2019-01-18 20:21:55 - [TEST_STEP][PASSED] - setText(findTestObject("TF_Customer_Create/4_Create_Objects_And_Save/13_Create_LDI_Vendor_Site/Input_Vendor_Site_Name/input_Vendor_Site_Number"), vndSiteNumber): Text '873FUHWVU11E' is set on object 'Object Repository/TF_Customer_Create/4_Create_Objects_And_Save/13_Create_LDI_Vendor_Site/Input_Vendor_Site_Name/input_Vendor_Site_Number'

2019-01-18 20:21:55 - [MESSAGE][PASSED] - Text '873FUHWVU11E' is set on object 'Object Repository/TF_Customer_Create/4_Create_Objects_And_Save/13_Create_LDI_Vendor_Site/Input_Vendor_Site_Name/input_Vendor_Site_Number'

2019-01-18 20:21:55 - [TEST_STEP][PASSED] - setText(findTestObject("TF_Customer_Create/4_Create_Objects_And_Save/13_Create_LDI_Vendor_Site/Input_Vendor_Site_Name/input_Vendor_Site_Cd"), vndSiteCd): Text 'BQ8A9HVINL' is set on object 'Object Repository/TF_Customer_Create/4_Create_Objects_And_Save/13_Create_LDI_Vendor_Site/Input_Vendor_Site_Name/input_Vendor_Site_Cd'

2019-01-18 20:21:55 - [MESSAGE][PASSED] - Text 'BQ8A9HVINL' is set on object 'Object Repository/TF_Customer_Create/4_Create_Objects_And_Save/13_Create_LDI_Vendor_Site/Input_Vendor_Site_Name/input_Vendor_Site_Cd'

2019-01-18 20:21:55 - [TEST_STEP][PASSED] - setText(findTestObject("TF_Customer_Create/4_Create_Objects_And_Save/13_Create_LDI_Vendor_Site/Input_Vendor_Site_Name/input_Vendor_Site_City"), vndSiteCity): Text 'LFYDSZ4E' is set on object 'Object Repository/TF_Customer_Create/4_Create_Objects_And_Save/13_Create_LDI_Vendor_Site/Input_Vendor_Site_Name/input_Vendor_Site_City'

2019-01-18 20:21:55 - [MESSAGE][PASSED] - Text 'LFYDSZ4E' is set on object 'Object Repository/TF_Customer_Create/4_Create_Objects_And_Save/13_Create_LDI_Vendor_Site/Input_Vendor_Site_Name/input_Vendor_Site_City'

2019-01-18 20:21:55 - [TEST_STEP][PASSED] - setText(findTestObject("TF_Customer_Create/4_Create_Objects_And_Save/13_Create_LDI_Vendor_Site/Input_Vendor_Site_Name/input_Vendor_Site_Postal_Code"), vndSitePtlCd): Text 'WTJPWX' is set on object 'Object Repository/TF_Customer_Create/4_Create_Objects_And_Save/13_Create_LDI_Vendor_Site/Input_Vendor_Site_Name/input_Vendor_Site_Postal_Code'

2019-01-18 20:21:55 - [MESSAGE][PASSED] - Text 'WTJPWX' is set on object 'Object Repository/TF_Customer_Create/4_Create_Objects_And_Save/13_Create_LDI_Vendor_Site/Input_Vendor_Site_Name/input_Vendor_Site_Postal_Code'

2019-01-18 20:21:55 - [TEST_STEP][NOT_RUN] - setText(findTestObject("TF_Customer_Create/4_Create_Objects_And_Save/Set_Effective_Dates/input_Effective_End_Date"), input_Eff_End_Dt): NOT_RUN: setText(findTestObject("TF_Customer_Create/4_Create_Objects_And_Save/Set_Effective_Dates/input_Effective_End_Date"), input_Eff_End_Dt)

2019-01-18 20:21:55 - [MESSAGE][NOT_RUN] - NOT_RUN: setText(findTestObject("TF_Customer_Create/4_Create_Objects_And_Save/Set_Effective_Dates/input_Effective_End_Date"), input_Eff_End_Dt)

2019-01-18 20:21:55 - [TEST_STEP][PASSED] - delay(2): Delayed 2 second(s)

2019-01-18 20:21:57 - [MESSAGE][PASSED] - Delayed 2 second(s)

2019-01-18 20:21:57 - [TEST_STEP][PASSED] - click(findTestObject("TF_Customer_Create/3_Common_Action_Buttons/Click_Data_Tab/span_Data_Tab")): Object: 'Object Repository/TF_Customer_Create/3_Common_Action_Buttons/Click_Data_Tab/span_Data_Tab' is clicked on

2019-01-18 20:21:57 - [MESSAGE][PASSED] - Object: 'Object Repository/TF_Customer_Create/3_Common_Action_Buttons/Click_Data_Tab/span_Data_Tab' is clicked on

2019-01-18 20:21:57 - [TEST_STEP][NOT_RUN] - click(findTestObject("TF_Customer_Create/4_Create_Objects_And_Save/Choose_Sales_Org/Click_Sales_Org_DD"), CONTINUE_ON_FAILURE): NOT_RUN: click(findTestObject("TF_Customer_Create/4_Create_Objects_And_Save/Choose_Sales_Org/Click_Sales_Org_DD"), CONTINUE_ON_FAILURE)

2019-01-18 20:21:57 - [MESSAGE][NOT_RUN] - NOT_RUN: click(findTestObject("TF_Customer_Create/4_Create_Objects_And_Save/Choose_Sales_Org/Click_Sales_Org_DD"), CONTINUE_ON_FAILURE)

2019-01-18 20:21:57 - [TEST_STEP][NOT_RUN] - click(findTestObject("TF_Customer_Create/4_Create_Objects_And_Save/Choose_Sales_Org/CA_Object"), CONTINUE_ON_FAILURE): NOT_RUN: click(findTestObject("TF_Customer_Create/4_Create_Objects_And_Save/Choose_Sales_Org/CA_Object"), CONTINUE_ON_FAILURE)

2019-01-18 20:21:57 - [MESSAGE][NOT_RUN] - NOT_RUN: click(findTestObject("TF_Customer_Create/4_Create_Objects_And_Save/Choose_Sales_Org/CA_Object"), CONTINUE_ON_FAILURE)

2019-01-18 20:21:57 - [TEST_STEP][PASSED] - delay(2): Delayed 2 second(s)

2019-01-18 20:21:59 - [MESSAGE][PASSED] - Delayed 2 second(s)

2019-01-18 20:21:59 - [TEST_STEP][PASSED] - click(findTestObject("TF_Customer_Create/3_Common_Action_Buttons/Click_Apply_Button/td_Apply")): Object: 'Object Repository/TF_Customer_Create/3_Common_Action_Buttons/Click_Apply_Button/td_Apply' is clicked on

2019-01-18 20:21:59 - [MESSAGE][PASSED] - Object: 'Object Repository/TF_Customer_Create/3_Common_Action_Buttons/Click_Apply_Button/td_Apply' is clicked on

2019-01-18 20:21:59 - [TEST_STEP][PASSED] - delay(2): Delayed 2 second(s)

2019-01-18 20:22:01 - [MESSAGE][PASSED] - Delayed 2 second(s)

2019-01-18 20:22:01 - [TEST_STEP][PASSED] - click(findTestObject("TF_Customer_Create/3_Common_Action_Buttons/Click_Save_Button/btn_Save")): Object: 'Object Repository/TF_Customer_Create/3_Common_Action_Buttons/Click_Save_Button/btn_Save' is clicked on

2019-01-18 20:22:01 - [MESSAGE][PASSED] - Object: 'Object Repository/TF_Customer_Create/3_Common_Action_Buttons/Click_Save_Button/btn_Save' is clicked on

2019-01-18 20:22:01 - [TEST_STEP][PASSED] - delay(2): Delayed 2 second(s)

2019-01-18 20:22:03 - [MESSAGE][PASSED] - Delayed 2 second(s)

2019-01-18 20:22:03 - [TEST_STEP][NOT_RUN] - verifyElementText(findTestObject("TF_Customer_Create/3_Common_Action_Buttons/Verify_Success_Message/Success_Message"), "Record has been saved successfully.", CONTINUE_ON_FAILURE): NOT_RUN: verifyElementText(findTestObject("TF_Customer_Create/3_Common_Action_Buttons/Verify_Success_Message/Success_Message"), "Record has been saved successfully.", CONTINUE_ON_FAILURE)

2019-01-18 20:22:03 - [MESSAGE][NOT_RUN] - NOT_RUN: verifyElementText(findTestObject("TF_Customer_Create/3_Common_Action_Buttons/Verify_Success_Message/Success_Message"), "Record has been saved successfully.", CONTINUE_ON_FAILURE)

2019-01-18 20:22:03 - [TEST_STEP][NOT_RUN] - click(findTestObject("TF_Customer_Create/3_Common_Action_Buttons/Click_Data_Tab/span_Data_Tab")): NOT_RUN: click(findTestObject("TF_Customer_Create/3_Common_Action_Buttons/Click_Data_Tab/span_Data_Tab"))

2019-01-18 20:22:03 - [MESSAGE][NOT_RUN] - NOT_RUN: click(findTestObject("TF_Customer_Create/3_Common_Action_Buttons/Click_Data_Tab/span_Data_Tab"))

2019-01-18 20:22:03 - [TEST_STEP][NOT_RUN] - delay(1): NOT_RUN: delay(1)

2019-01-18 20:22:03 - [MESSAGE][NOT_RUN] - NOT_RUN: delay(1)

2019-01-18 20:22:03 - [TEST_STEP][NOT_RUN] - click(findTestObject("TF_Customer_Create/3_Common_Action_Buttons/Click_Close_Button/btn_Close")): NOT_RUN: click(findTestObject("TF_Customer_Create/3_Common_Action_Buttons/Click_Close_Button/btn_Close"))

2019-01-18 20:22:03 - [MESSAGE][NOT_RUN] - NOT_RUN: click(findTestObject("TF_Customer_Create/3_Common_Action_Buttons/Click_Close_Button/btn_Close"))

2019-01-18 20:22:03 - [TEST_STEP][NOT_RUN] - delay(2): NOT_RUN: delay(2)

2019-01-18 20:22:03 - [MESSAGE][NOT_RUN] - NOT_RUN: delay(2)

2019-01-18 20:22:03 - [TEST_STEP][NOT_RUN] - vrfy_PLA = com.oracledb.regressiontest.verifyPLA(ora_connt, ora_usr, ora_psswrd, ora_schema, plaAcctName): NOT_RUN: vrfy_PLA = com.oracledb.regressiontest.verifyPLA(ora_connt, ora_usr, ora_psswrd, ora_schema, plaAcctName)

2019-01-18 20:22:03 - [MESSAGE][NOT_RUN] - NOT_RUN: vrfy_PLA = com.oracledb.regressiontest.verifyPLA(ora_connt, ora_usr, ora_psswrd, ora_schema, plaAcctName)

2019-01-18 20:22:03 - [TEST_STEP][NOT_RUN] - println("Planning Account Name"): NOT_RUN: println("Planning Account Name")

2019-01-18 20:22:03 - [MESSAGE][NOT_RUN] - NOT_RUN: println("Planning Account Name")

2019-01-18 20:22:03 - [TEST_STEP][NOT_RUN] - verifyEqual(PLANNING_ACCOUNT_NAME, plaAcctName): NOT_RUN: verifyEqual(PLANNING_ACCOUNT_NAME, plaAcctName)

2019-01-18 20:22:03 - [MESSAGE][NOT_RUN] - NOT_RUN: verifyEqual(PLANNING_ACCOUNT_NAME, plaAcctName)]]></system-out>
         <system-err><![CDATA[]]></system-err>
      </testcase>
      <testcase name="Test Cases/Regression_TF_Customer/Create_Record/TC_13_Create_LDI_Vendor_Site" classname="Test Cases/Regression_TF_Customer/Create_Record/TC_13_Create_LDI_Vendor_Site" status="PASSED">
         <system-out><![CDATA[2019-01-18 20:22:03 - [TEST_CASE][PASSED] - Test Cases/Regression_TF_Customer/Create_Record/TC_13_Create_LDI_Vendor_Site: Test Cases/Regression_TF_Customer/Create_Record/TC_13_Create_LDI_Vendor_Site

2019-01-18 20:22:04 - [TEST_STEP][PASSED] - waitForPageLoad(G_Timeout): Wait for page load successfully

2019-01-18 20:22:04 - [MESSAGE][PASSED] - Wait for page load successfully

2019-01-18 20:22:04 - [TEST_STEP][PASSED] - mouseOver(findTestObject("TF_Customer_Create/1_Menu_Navigation_To_Open_All_Pages/0_Menu_Create_In_Data_View")): Object: 'Object Repository/TF_Customer_Create/1_Menu_Navigation_To_Open_All_Pages/0_Menu_Create_In_Data_View' is hovered

2019-01-18 20:22:04 - [MESSAGE][PASSED] - Object: 'Object Repository/TF_Customer_Create/1_Menu_Navigation_To_Open_All_Pages/0_Menu_Create_In_Data_View' is hovered

2019-01-18 20:22:04 - [TEST_STEP][PASSED] - waitForPageLoad(G_Timeout): Wait for page load successfully

2019-01-18 20:22:04 - [MESSAGE][PASSED] - Wait for page load successfully

2019-01-18 20:22:04 - [TEST_STEP][PASSED] - mouseOver(findTestObject("TF_Customer_Create/1_Menu_Navigation_To_Open_All_Pages/1_Menu_Create_Master_Data")): Object: 'Object Repository/TF_Customer_Create/1_Menu_Navigation_To_Open_All_Pages/1_Menu_Create_Master_Data' is hovered

2019-01-18 20:22:04 - [MESSAGE][PASSED] - Object: 'Object Repository/TF_Customer_Create/1_Menu_Navigation_To_Open_All_Pages/1_Menu_Create_Master_Data' is hovered

2019-01-18 20:22:04 - [TEST_STEP][PASSED] - waitForPageLoad(G_Timeout): Wait for page load successfully

2019-01-18 20:22:04 - [MESSAGE][PASSED] - Wait for page load successfully

2019-01-18 20:22:04 - [TEST_STEP][PASSED] - mouseOver(findTestObject("TF_Customer_Create/1_Menu_Navigation_To_Open_All_Pages/3_Planning_Account_Hoverover_Option")): Object: 'Object Repository/TF_Customer_Create/1_Menu_Navigation_To_Open_All_Pages/3_Planning_Account_Hoverover_Option' is hovered

2019-01-18 20:22:04 - [MESSAGE][PASSED] - Object: 'Object Repository/TF_Customer_Create/1_Menu_Navigation_To_Open_All_Pages/3_Planning_Account_Hoverover_Option' is hovered

2019-01-18 20:22:04 - [TEST_STEP][PASSED] - waitForPageLoad(G_Timeout): Wait for page load successfully

2019-01-18 20:22:04 - [MESSAGE][PASSED] - Wait for page load successfully

2019-01-18 20:22:04 - [TEST_STEP][PASSED] - click(findTestObject("TF_Customer_Create/2_Select_Menu_Options(All)/13_LDI_Vendor_Site")): Object: 'Object Repository/TF_Customer_Create/2_Select_Menu_Options(All)/13_LDI_Vendor_Site' is clicked on

2019-01-18 20:22:04 - [MESSAGE][PASSED] - Object: 'Object Repository/TF_Customer_Create/2_Select_Menu_Options(All)/13_LDI_Vendor_Site' is clicked on

2019-01-18 20:22:04 - [TEST_STEP][PASSED] - waitForPageLoad(G_Timeout): Wait for page load successfully

2019-01-18 20:22:04 - [MESSAGE][PASSED] - Wait for page load successfully

2019-01-18 20:22:04 - [TEST_STEP][PASSED] - delay(3): Delayed 3 second(s)

2019-01-18 20:22:07 - [MESSAGE][PASSED] - Delayed 3 second(s)

2019-01-18 20:22:07 - [TEST_STEP][PASSED] - vndSiteName = com.oracledb.regressiontest.genName(15): com.oracledb.regressiontest.genName is PASSED

2019-01-18 20:22:07 - [MESSAGE][PASSED] - com.oracledb.regressiontest.genName is PASSED

2019-01-18 20:22:07 - [TEST_STEP][PASSED] - vndSiteNumber = com.oracledb.regressiontest.genName(12): com.oracledb.regressiontest.genName is PASSED

2019-01-18 20:22:07 - [MESSAGE][PASSED] - com.oracledb.regressiontest.genName is PASSED

2019-01-18 20:22:07 - [TEST_STEP][PASSED] - vndSiteCd = com.oracledb.regressiontest.genName(10): com.oracledb.regressiontest.genName is PASSED

2019-01-18 20:22:07 - [MESSAGE][PASSED] - com.oracledb.regressiontest.genName is PASSED

2019-01-18 20:22:07 - [TEST_STEP][PASSED] - vndSiteCity = com.oracledb.regressiontest.genName(8): com.oracledb.regressiontest.genName is PASSED

2019-01-18 20:22:07 - [MESSAGE][PASSED] - com.oracledb.regressiontest.genName is PASSED

2019-01-18 20:22:07 - [TEST_STEP][PASSED] - vndSitePtlCd = com.oracledb.regressiontest.genName(6): com.oracledb.regressiontest.genName is PASSED

2019-01-18 20:22:07 - [MESSAGE][PASSED] - com.oracledb.regressiontest.genName is PASSED

2019-01-18 20:22:07 - [TEST_STEP][PASSED] - setText(findTestObject("TF_Customer_Create/4_Create_Objects_And_Save/13_Create_LDI_Vendor_Site/Input_Vendor_Site_Name/input_Vendor_Site_Nm"), vndSiteName): Text 'CIFU184MZB1F791' is set on object 'Object Repository/TF_Customer_Create/4_Create_Objects_And_Save/13_Create_LDI_Vendor_Site/Input_Vendor_Site_Name/input_Vendor_Site_Nm'

2019-01-18 20:22:07 - [MESSAGE][PASSED] - Text 'CIFU184MZB1F791' is set on object 'Object Repository/TF_Customer_Create/4_Create_Objects_And_Save/13_Create_LDI_Vendor_Site/Input_Vendor_Site_Name/input_Vendor_Site_Nm'

2019-01-18 20:22:07 - [TEST_STEP][PASSED] - setText(findTestObject("TF_Customer_Create/4_Create_Objects_And_Save/13_Create_LDI_Vendor_Site/Input_Vendor_Site_Name/input_Vendor_Site_Number"), vndSiteNumber): Text 'UDUQRFDMPM7H' is set on object 'Object Repository/TF_Customer_Create/4_Create_Objects_And_Save/13_Create_LDI_Vendor_Site/Input_Vendor_Site_Name/input_Vendor_Site_Number'

2019-01-18 20:22:08 - [MESSAGE][PASSED] - Text 'UDUQRFDMPM7H' is set on object 'Object Repository/TF_Customer_Create/4_Create_Objects_And_Save/13_Create_LDI_Vendor_Site/Input_Vendor_Site_Name/input_Vendor_Site_Number'

2019-01-18 20:22:08 - [TEST_STEP][PASSED] - setText(findTestObject("TF_Customer_Create/4_Create_Objects_And_Save/13_Create_LDI_Vendor_Site/Input_Vendor_Site_Name/input_Vendor_Site_Cd"), vndSiteCd): Text 'FEIBD2PCPB' is set on object 'Object Repository/TF_Customer_Create/4_Create_Objects_And_Save/13_Create_LDI_Vendor_Site/Input_Vendor_Site_Name/input_Vendor_Site_Cd'

2019-01-18 20:22:08 - [MESSAGE][PASSED] - Text 'FEIBD2PCPB' is set on object 'Object Repository/TF_Customer_Create/4_Create_Objects_And_Save/13_Create_LDI_Vendor_Site/Input_Vendor_Site_Name/input_Vendor_Site_Cd'

2019-01-18 20:22:08 - [TEST_STEP][PASSED] - setText(findTestObject("TF_Customer_Create/4_Create_Objects_And_Save/13_Create_LDI_Vendor_Site/Input_Vendor_Site_Name/input_Vendor_Site_City"), vndSiteCity): Text 'KTYDVI0Z' is set on object 'Object Repository/TF_Customer_Create/4_Create_Objects_And_Save/13_Create_LDI_Vendor_Site/Input_Vendor_Site_Name/input_Vendor_Site_City'

2019-01-18 20:22:08 - [MESSAGE][PASSED] - Text 'KTYDVI0Z' is set on object 'Object Repository/TF_Customer_Create/4_Create_Objects_And_Save/13_Create_LDI_Vendor_Site/Input_Vendor_Site_Name/input_Vendor_Site_City'

2019-01-18 20:22:08 - [TEST_STEP][PASSED] - setText(findTestObject("TF_Customer_Create/4_Create_Objects_And_Save/13_Create_LDI_Vendor_Site/Input_Vendor_Site_Name/input_Vendor_Site_Postal_Code"), vndSitePtlCd): Text 'PJ1LWU' is set on object 'Object Repository/TF_Customer_Create/4_Create_Objects_And_Save/13_Create_LDI_Vendor_Site/Input_Vendor_Site_Name/input_Vendor_Site_Postal_Code'

2019-01-18 20:22:08 - [MESSAGE][PASSED] - Text 'PJ1LWU' is set on object 'Object Repository/TF_Customer_Create/4_Create_Objects_And_Save/13_Create_LDI_Vendor_Site/Input_Vendor_Site_Name/input_Vendor_Site_Postal_Code'

2019-01-18 20:22:08 - [TEST_STEP][NOT_RUN] - setText(findTestObject("TF_Customer_Create/4_Create_Objects_And_Save/Set_Effective_Dates/input_Effective_End_Date"), input_Eff_End_Dt): NOT_RUN: setText(findTestObject("TF_Customer_Create/4_Create_Objects_And_Save/Set_Effective_Dates/input_Effective_End_Date"), input_Eff_End_Dt)

2019-01-18 20:22:08 - [MESSAGE][NOT_RUN] - NOT_RUN: setText(findTestObject("TF_Customer_Create/4_Create_Objects_And_Save/Set_Effective_Dates/input_Effective_End_Date"), input_Eff_End_Dt)

2019-01-18 20:22:08 - [TEST_STEP][PASSED] - delay(2): Delayed 2 second(s)

2019-01-18 20:22:10 - [MESSAGE][PASSED] - Delayed 2 second(s)

2019-01-18 20:22:10 - [TEST_STEP][PASSED] - click(findTestObject("TF_Customer_Create/3_Common_Action_Buttons/Click_Data_Tab/span_Data_Tab")): Object: 'Object Repository/TF_Customer_Create/3_Common_Action_Buttons/Click_Data_Tab/span_Data_Tab' is clicked on

2019-01-18 20:22:10 - [MESSAGE][PASSED] - Object: 'Object Repository/TF_Customer_Create/3_Common_Action_Buttons/Click_Data_Tab/span_Data_Tab' is clicked on

2019-01-18 20:22:10 - [TEST_STEP][NOT_RUN] - click(findTestObject("TF_Customer_Create/4_Create_Objects_And_Save/Choose_Sales_Org/Click_Sales_Org_DD"), CONTINUE_ON_FAILURE): NOT_RUN: click(findTestObject("TF_Customer_Create/4_Create_Objects_And_Save/Choose_Sales_Org/Click_Sales_Org_DD"), CONTINUE_ON_FAILURE)

2019-01-18 20:22:10 - [MESSAGE][NOT_RUN] - NOT_RUN: click(findTestObject("TF_Customer_Create/4_Create_Objects_And_Save/Choose_Sales_Org/Click_Sales_Org_DD"), CONTINUE_ON_FAILURE)

2019-01-18 20:22:10 - [TEST_STEP][NOT_RUN] - click(findTestObject("TF_Customer_Create/4_Create_Objects_And_Save/Choose_Sales_Org/CA_Object"), CONTINUE_ON_FAILURE): NOT_RUN: click(findTestObject("TF_Customer_Create/4_Create_Objects_And_Save/Choose_Sales_Org/CA_Object"), CONTINUE_ON_FAILURE)

2019-01-18 20:22:10 - [MESSAGE][NOT_RUN] - NOT_RUN: click(findTestObject("TF_Customer_Create/4_Create_Objects_And_Save/Choose_Sales_Org/CA_Object"), CONTINUE_ON_FAILURE)

2019-01-18 20:22:10 - [TEST_STEP][PASSED] - delay(2): Delayed 2 second(s)

2019-01-18 20:22:12 - [MESSAGE][PASSED] - Delayed 2 second(s)

2019-01-18 20:22:12 - [TEST_STEP][PASSED] - click(findTestObject("TF_Customer_Create/3_Common_Action_Buttons/Click_Apply_Button/td_Apply")): Object: 'Object Repository/TF_Customer_Create/3_Common_Action_Buttons/Click_Apply_Button/td_Apply' is clicked on

2019-01-18 20:22:12 - [MESSAGE][PASSED] - Object: 'Object Repository/TF_Customer_Create/3_Common_Action_Buttons/Click_Apply_Button/td_Apply' is clicked on

2019-01-18 20:22:12 - [TEST_STEP][PASSED] - delay(2): Delayed 2 second(s)

2019-01-18 20:22:14 - [MESSAGE][PASSED] - Delayed 2 second(s)

2019-01-18 20:22:14 - [TEST_STEP][PASSED] - click(findTestObject("TF_Customer_Create/3_Common_Action_Buttons/Click_Save_Button/btn_Save")): Object: 'Object Repository/TF_Customer_Create/3_Common_Action_Buttons/Click_Save_Button/btn_Save' is clicked on

2019-01-18 20:22:14 - [MESSAGE][PASSED] - Object: 'Object Repository/TF_Customer_Create/3_Common_Action_Buttons/Click_Save_Button/btn_Save' is clicked on

2019-01-18 20:22:14 - [TEST_STEP][PASSED] - delay(2): Delayed 2 second(s)

2019-01-18 20:22:16 - [MESSAGE][PASSED] - Delayed 2 second(s)

2019-01-18 20:22:16 - [TEST_STEP][NOT_RUN] - verifyElementText(findTestObject("TF_Customer_Create/3_Common_Action_Buttons/Verify_Success_Message/Success_Message"), "Record has been saved successfully.", CONTINUE_ON_FAILURE): NOT_RUN: verifyElementText(findTestObject("TF_Customer_Create/3_Common_Action_Buttons/Verify_Success_Message/Success_Message"), "Record has been saved successfully.", CONTINUE_ON_FAILURE)

2019-01-18 20:22:16 - [MESSAGE][NOT_RUN] - NOT_RUN: verifyElementText(findTestObject("TF_Customer_Create/3_Common_Action_Buttons/Verify_Success_Message/Success_Message"), "Record has been saved successfully.", CONTINUE_ON_FAILURE)

2019-01-18 20:22:16 - [TEST_STEP][NOT_RUN] - click(findTestObject("TF_Customer_Create/3_Common_Action_Buttons/Click_Data_Tab/span_Data_Tab")): NOT_RUN: click(findTestObject("TF_Customer_Create/3_Common_Action_Buttons/Click_Data_Tab/span_Data_Tab"))

2019-01-18 20:22:16 - [MESSAGE][NOT_RUN] - NOT_RUN: click(findTestObject("TF_Customer_Create/3_Common_Action_Buttons/Click_Data_Tab/span_Data_Tab"))

2019-01-18 20:22:16 - [TEST_STEP][NOT_RUN] - delay(1): NOT_RUN: delay(1)

2019-01-18 20:22:16 - [MESSAGE][NOT_RUN] - NOT_RUN: delay(1)

2019-01-18 20:22:16 - [TEST_STEP][NOT_RUN] - click(findTestObject("TF_Customer_Create/3_Common_Action_Buttons/Click_Close_Button/btn_Close")): NOT_RUN: click(findTestObject("TF_Customer_Create/3_Common_Action_Buttons/Click_Close_Button/btn_Close"))

2019-01-18 20:22:16 - [MESSAGE][NOT_RUN] - NOT_RUN: click(findTestObject("TF_Customer_Create/3_Common_Action_Buttons/Click_Close_Button/btn_Close"))

2019-01-18 20:22:16 - [TEST_STEP][NOT_RUN] - delay(2): NOT_RUN: delay(2)

2019-01-18 20:22:16 - [MESSAGE][NOT_RUN] - NOT_RUN: delay(2)

2019-01-18 20:22:16 - [TEST_STEP][NOT_RUN] - vrfy_PLA = com.oracledb.regressiontest.verifyPLA(ora_connt, ora_usr, ora_psswrd, ora_schema, plaAcctName): NOT_RUN: vrfy_PLA = com.oracledb.regressiontest.verifyPLA(ora_connt, ora_usr, ora_psswrd, ora_schema, plaAcctName)

2019-01-18 20:22:16 - [MESSAGE][NOT_RUN] - NOT_RUN: vrfy_PLA = com.oracledb.regressiontest.verifyPLA(ora_connt, ora_usr, ora_psswrd, ora_schema, plaAcctName)

2019-01-18 20:22:16 - [TEST_STEP][NOT_RUN] - println("Planning Account Name"): NOT_RUN: println("Planning Account Name")

2019-01-18 20:22:16 - [MESSAGE][NOT_RUN] - NOT_RUN: println("Planning Account Name")

2019-01-18 20:22:16 - [TEST_STEP][NOT_RUN] - verifyEqual(PLANNING_ACCOUNT_NAME, plaAcctName): NOT_RUN: verifyEqual(PLANNING_ACCOUNT_NAME, plaAcctName)

2019-01-18 20:22:16 - [MESSAGE][NOT_RUN] - NOT_RUN: verifyEqual(PLANNING_ACCOUNT_NAME, plaAcctName)]]></system-out>
         <system-err><![CDATA[]]></system-err>
      </testcase>
      <testcase name="Test Cases/Regression_TF_Customer/Create_Record/TC_13_Create_LDI_Vendor_Site" classname="Test Cases/Regression_TF_Customer/Create_Record/TC_13_Create_LDI_Vendor_Site" status="PASSED">
         <system-out><![CDATA[2019-01-18 20:22:16 - [TEST_CASE][PASSED] - Test Cases/Regression_TF_Customer/Create_Record/TC_13_Create_LDI_Vendor_Site: Test Cases/Regression_TF_Customer/Create_Record/TC_13_Create_LDI_Vendor_Site

2019-01-18 20:22:16 - [TEST_STEP][PASSED] - waitForPageLoad(G_Timeout): Wait for page load successfully

2019-01-18 20:22:17 - [MESSAGE][PASSED] - Wait for page load successfully

2019-01-18 20:22:17 - [TEST_STEP][PASSED] - mouseOver(findTestObject("TF_Customer_Create/1_Menu_Navigation_To_Open_All_Pages/0_Menu_Create_In_Data_View")): Object: 'Object Repository/TF_Customer_Create/1_Menu_Navigation_To_Open_All_Pages/0_Menu_Create_In_Data_View' is hovered

2019-01-18 20:22:17 - [MESSAGE][PASSED] - Object: 'Object Repository/TF_Customer_Create/1_Menu_Navigation_To_Open_All_Pages/0_Menu_Create_In_Data_View' is hovered

2019-01-18 20:22:17 - [TEST_STEP][PASSED] - waitForPageLoad(G_Timeout): Wait for page load successfully

2019-01-18 20:22:17 - [MESSAGE][PASSED] - Wait for page load successfully

2019-01-18 20:22:17 - [TEST_STEP][PASSED] - mouseOver(findTestObject("TF_Customer_Create/1_Menu_Navigation_To_Open_All_Pages/1_Menu_Create_Master_Data")): Object: 'Object Repository/TF_Customer_Create/1_Menu_Navigation_To_Open_All_Pages/1_Menu_Create_Master_Data' is hovered

2019-01-18 20:22:17 - [MESSAGE][PASSED] - Object: 'Object Repository/TF_Customer_Create/1_Menu_Navigation_To_Open_All_Pages/1_Menu_Create_Master_Data' is hovered

2019-01-18 20:22:17 - [TEST_STEP][PASSED] - waitForPageLoad(G_Timeout): Wait for page load successfully

2019-01-18 20:22:17 - [MESSAGE][PASSED] - Wait for page load successfully

2019-01-18 20:22:17 - [TEST_STEP][PASSED] - mouseOver(findTestObject("TF_Customer_Create/1_Menu_Navigation_To_Open_All_Pages/3_Planning_Account_Hoverover_Option")): Object: 'Object Repository/TF_Customer_Create/1_Menu_Navigation_To_Open_All_Pages/3_Planning_Account_Hoverover_Option' is hovered

2019-01-18 20:22:17 - [MESSAGE][PASSED] - Object: 'Object Repository/TF_Customer_Create/1_Menu_Navigation_To_Open_All_Pages/3_Planning_Account_Hoverover_Option' is hovered

2019-01-18 20:22:17 - [TEST_STEP][PASSED] - waitForPageLoad(G_Timeout): Wait for page load successfully

2019-01-18 20:22:17 - [MESSAGE][PASSED] - Wait for page load successfully

2019-01-18 20:22:17 - [TEST_STEP][PASSED] - click(findTestObject("TF_Customer_Create/2_Select_Menu_Options(All)/13_LDI_Vendor_Site")): Object: 'Object Repository/TF_Customer_Create/2_Select_Menu_Options(All)/13_LDI_Vendor_Site' is clicked on

2019-01-18 20:22:17 - [MESSAGE][PASSED] - Object: 'Object Repository/TF_Customer_Create/2_Select_Menu_Options(All)/13_LDI_Vendor_Site' is clicked on

2019-01-18 20:22:17 - [TEST_STEP][PASSED] - waitForPageLoad(G_Timeout): Wait for page load successfully

2019-01-18 20:22:17 - [MESSAGE][PASSED] - Wait for page load successfully

2019-01-18 20:22:17 - [TEST_STEP][PASSED] - delay(3): Delayed 3 second(s)

2019-01-18 20:22:20 - [MESSAGE][PASSED] - Delayed 3 second(s)

2019-01-18 20:22:20 - [TEST_STEP][PASSED] - vndSiteName = com.oracledb.regressiontest.genName(15): com.oracledb.regressiontest.genName is PASSED

2019-01-18 20:22:20 - [MESSAGE][PASSED] - com.oracledb.regressiontest.genName is PASSED

2019-01-18 20:22:20 - [TEST_STEP][PASSED] - vndSiteNumber = com.oracledb.regressiontest.genName(12): com.oracledb.regressiontest.genName is PASSED

2019-01-18 20:22:20 - [MESSAGE][PASSED] - com.oracledb.regressiontest.genName is PASSED

2019-01-18 20:22:20 - [TEST_STEP][PASSED] - vndSiteCd = com.oracledb.regressiontest.genName(10): com.oracledb.regressiontest.genName is PASSED

2019-01-18 20:22:20 - [MESSAGE][PASSED] - com.oracledb.regressiontest.genName is PASSED

2019-01-18 20:22:20 - [TEST_STEP][PASSED] - vndSiteCity = com.oracledb.regressiontest.genName(8): com.oracledb.regressiontest.genName is PASSED

2019-01-18 20:22:20 - [MESSAGE][PASSED] - com.oracledb.regressiontest.genName is PASSED

2019-01-18 20:22:20 - [TEST_STEP][PASSED] - vndSitePtlCd = com.oracledb.regressiontest.genName(6): com.oracledb.regressiontest.genName is PASSED

2019-01-18 20:22:20 - [MESSAGE][PASSED] - com.oracledb.regressiontest.genName is PASSED

2019-01-18 20:22:20 - [TEST_STEP][PASSED] - setText(findTestObject("TF_Customer_Create/4_Create_Objects_And_Save/13_Create_LDI_Vendor_Site/Input_Vendor_Site_Name/input_Vendor_Site_Nm"), vndSiteName): Text 'QY8RXGZ0Q0BXT0I' is set on object 'Object Repository/TF_Customer_Create/4_Create_Objects_And_Save/13_Create_LDI_Vendor_Site/Input_Vendor_Site_Name/input_Vendor_Site_Nm'

2019-01-18 20:22:20 - [MESSAGE][PASSED] - Text 'QY8RXGZ0Q0BXT0I' is set on object 'Object Repository/TF_Customer_Create/4_Create_Objects_And_Save/13_Create_LDI_Vendor_Site/Input_Vendor_Site_Name/input_Vendor_Site_Nm'

2019-01-18 20:22:20 - [TEST_STEP][PASSED] - setText(findTestObject("TF_Customer_Create/4_Create_Objects_And_Save/13_Create_LDI_Vendor_Site/Input_Vendor_Site_Name/input_Vendor_Site_Number"), vndSiteNumber): Text '17UXIOSSY2BM' is set on object 'Object Repository/TF_Customer_Create/4_Create_Objects_And_Save/13_Create_LDI_Vendor_Site/Input_Vendor_Site_Name/input_Vendor_Site_Number'

2019-01-18 20:22:21 - [MESSAGE][PASSED] - Text '17UXIOSSY2BM' is set on object 'Object Repository/TF_Customer_Create/4_Create_Objects_And_Save/13_Create_LDI_Vendor_Site/Input_Vendor_Site_Name/input_Vendor_Site_Number'

2019-01-18 20:22:21 - [TEST_STEP][PASSED] - setText(findTestObject("TF_Customer_Create/4_Create_Objects_And_Save/13_Create_LDI_Vendor_Site/Input_Vendor_Site_Name/input_Vendor_Site_Cd"), vndSiteCd): Text 'VCKZZJEM43' is set on object 'Object Repository/TF_Customer_Create/4_Create_Objects_And_Save/13_Create_LDI_Vendor_Site/Input_Vendor_Site_Name/input_Vendor_Site_Cd'

2019-01-18 20:22:21 - [MESSAGE][PASSED] - Text 'VCKZZJEM43' is set on object 'Object Repository/TF_Customer_Create/4_Create_Objects_And_Save/13_Create_LDI_Vendor_Site/Input_Vendor_Site_Name/input_Vendor_Site_Cd'

2019-01-18 20:22:21 - [TEST_STEP][PASSED] - setText(findTestObject("TF_Customer_Create/4_Create_Objects_And_Save/13_Create_LDI_Vendor_Site/Input_Vendor_Site_Name/input_Vendor_Site_City"), vndSiteCity): Text 'MUI2GX9X' is set on object 'Object Repository/TF_Customer_Create/4_Create_Objects_And_Save/13_Create_LDI_Vendor_Site/Input_Vendor_Site_Name/input_Vendor_Site_City'

2019-01-18 20:22:21 - [MESSAGE][PASSED] - Text 'MUI2GX9X' is set on object 'Object Repository/TF_Customer_Create/4_Create_Objects_And_Save/13_Create_LDI_Vendor_Site/Input_Vendor_Site_Name/input_Vendor_Site_City'

2019-01-18 20:22:21 - [TEST_STEP][PASSED] - setText(findTestObject("TF_Customer_Create/4_Create_Objects_And_Save/13_Create_LDI_Vendor_Site/Input_Vendor_Site_Name/input_Vendor_Site_Postal_Code"), vndSitePtlCd): Text 'N71H04' is set on object 'Object Repository/TF_Customer_Create/4_Create_Objects_And_Save/13_Create_LDI_Vendor_Site/Input_Vendor_Site_Name/input_Vendor_Site_Postal_Code'

2019-01-18 20:22:21 - [MESSAGE][PASSED] - Text 'N71H04' is set on object 'Object Repository/TF_Customer_Create/4_Create_Objects_And_Save/13_Create_LDI_Vendor_Site/Input_Vendor_Site_Name/input_Vendor_Site_Postal_Code'

2019-01-18 20:22:21 - [TEST_STEP][NOT_RUN] - setText(findTestObject("TF_Customer_Create/4_Create_Objects_And_Save/Set_Effective_Dates/input_Effective_End_Date"), input_Eff_End_Dt): NOT_RUN: setText(findTestObject("TF_Customer_Create/4_Create_Objects_And_Save/Set_Effective_Dates/input_Effective_End_Date"), input_Eff_End_Dt)

2019-01-18 20:22:21 - [MESSAGE][NOT_RUN] - NOT_RUN: setText(findTestObject("TF_Customer_Create/4_Create_Objects_And_Save/Set_Effective_Dates/input_Effective_End_Date"), input_Eff_End_Dt)

2019-01-18 20:22:21 - [TEST_STEP][PASSED] - delay(2): Delayed 2 second(s)

2019-01-18 20:22:23 - [MESSAGE][PASSED] - Delayed 2 second(s)

2019-01-18 20:22:23 - [TEST_STEP][PASSED] - click(findTestObject("TF_Customer_Create/3_Common_Action_Buttons/Click_Data_Tab/span_Data_Tab")): Object: 'Object Repository/TF_Customer_Create/3_Common_Action_Buttons/Click_Data_Tab/span_Data_Tab' is clicked on

2019-01-18 20:22:23 - [MESSAGE][PASSED] - Object: 'Object Repository/TF_Customer_Create/3_Common_Action_Buttons/Click_Data_Tab/span_Data_Tab' is clicked on

2019-01-18 20:22:23 - [TEST_STEP][NOT_RUN] - click(findTestObject("TF_Customer_Create/4_Create_Objects_And_Save/Choose_Sales_Org/Click_Sales_Org_DD"), CONTINUE_ON_FAILURE): NOT_RUN: click(findTestObject("TF_Customer_Create/4_Create_Objects_And_Save/Choose_Sales_Org/Click_Sales_Org_DD"), CONTINUE_ON_FAILURE)

2019-01-18 20:22:23 - [MESSAGE][NOT_RUN] - NOT_RUN: click(findTestObject("TF_Customer_Create/4_Create_Objects_And_Save/Choose_Sales_Org/Click_Sales_Org_DD"), CONTINUE_ON_FAILURE)

2019-01-18 20:22:23 - [TEST_STEP][NOT_RUN] - click(findTestObject("TF_Customer_Create/4_Create_Objects_And_Save/Choose_Sales_Org/CA_Object"), CONTINUE_ON_FAILURE): NOT_RUN: click(findTestObject("TF_Customer_Create/4_Create_Objects_And_Save/Choose_Sales_Org/CA_Object"), CONTINUE_ON_FAILURE)

2019-01-18 20:22:23 - [MESSAGE][NOT_RUN] - NOT_RUN: click(findTestObject("TF_Customer_Create/4_Create_Objects_And_Save/Choose_Sales_Org/CA_Object"), CONTINUE_ON_FAILURE)

2019-01-18 20:22:23 - [TEST_STEP][PASSED] - delay(2): Delayed 2 second(s)

2019-01-18 20:22:25 - [MESSAGE][PASSED] - Delayed 2 second(s)

2019-01-18 20:22:25 - [TEST_STEP][PASSED] - click(findTestObject("TF_Customer_Create/3_Common_Action_Buttons/Click_Apply_Button/td_Apply")): Object: 'Object Repository/TF_Customer_Create/3_Common_Action_Buttons/Click_Apply_Button/td_Apply' is clicked on

2019-01-18 20:22:25 - [MESSAGE][PASSED] - Object: 'Object Repository/TF_Customer_Create/3_Common_Action_Buttons/Click_Apply_Button/td_Apply' is clicked on

2019-01-18 20:22:25 - [TEST_STEP][PASSED] - delay(2): Delayed 2 second(s)

2019-01-18 20:22:27 - [MESSAGE][PASSED] - Delayed 2 second(s)

2019-01-18 20:22:27 - [TEST_STEP][PASSED] - click(findTestObject("TF_Customer_Create/3_Common_Action_Buttons/Click_Save_Button/btn_Save")): Object: 'Object Repository/TF_Customer_Create/3_Common_Action_Buttons/Click_Save_Button/btn_Save' is clicked on

2019-01-18 20:22:27 - [MESSAGE][PASSED] - Object: 'Object Repository/TF_Customer_Create/3_Common_Action_Buttons/Click_Save_Button/btn_Save' is clicked on

2019-01-18 20:22:27 - [TEST_STEP][PASSED] - delay(2): Delayed 2 second(s)

2019-01-18 20:22:29 - [MESSAGE][PASSED] - Delayed 2 second(s)

2019-01-18 20:22:29 - [TEST_STEP][NOT_RUN] - verifyElementText(findTestObject("TF_Customer_Create/3_Common_Action_Buttons/Verify_Success_Message/Success_Message"), "Record has been saved successfully.", CONTINUE_ON_FAILURE): NOT_RUN: verifyElementText(findTestObject("TF_Customer_Create/3_Common_Action_Buttons/Verify_Success_Message/Success_Message"), "Record has been saved successfully.", CONTINUE_ON_FAILURE)

2019-01-18 20:22:29 - [MESSAGE][NOT_RUN] - NOT_RUN: verifyElementText(findTestObject("TF_Customer_Create/3_Common_Action_Buttons/Verify_Success_Message/Success_Message"), "Record has been saved successfully.", CONTINUE_ON_FAILURE)

2019-01-18 20:22:29 - [TEST_STEP][NOT_RUN] - click(findTestObject("TF_Customer_Create/3_Common_Action_Buttons/Click_Data_Tab/span_Data_Tab")): NOT_RUN: click(findTestObject("TF_Customer_Create/3_Common_Action_Buttons/Click_Data_Tab/span_Data_Tab"))

2019-01-18 20:22:29 - [MESSAGE][NOT_RUN] - NOT_RUN: click(findTestObject("TF_Customer_Create/3_Common_Action_Buttons/Click_Data_Tab/span_Data_Tab"))

2019-01-18 20:22:29 - [TEST_STEP][NOT_RUN] - delay(1): NOT_RUN: delay(1)

2019-01-18 20:22:29 - [MESSAGE][NOT_RUN] - NOT_RUN: delay(1)

2019-01-18 20:22:29 - [TEST_STEP][NOT_RUN] - click(findTestObject("TF_Customer_Create/3_Common_Action_Buttons/Click_Close_Button/btn_Close")): NOT_RUN: click(findTestObject("TF_Customer_Create/3_Common_Action_Buttons/Click_Close_Button/btn_Close"))

2019-01-18 20:22:29 - [MESSAGE][NOT_RUN] - NOT_RUN: click(findTestObject("TF_Customer_Create/3_Common_Action_Buttons/Click_Close_Button/btn_Close"))

2019-01-18 20:22:29 - [TEST_STEP][NOT_RUN] - delay(2): NOT_RUN: delay(2)

2019-01-18 20:22:29 - [MESSAGE][NOT_RUN] - NOT_RUN: delay(2)

2019-01-18 20:22:29 - [TEST_STEP][NOT_RUN] - vrfy_PLA = com.oracledb.regressiontest.verifyPLA(ora_connt, ora_usr, ora_psswrd, ora_schema, plaAcctName): NOT_RUN: vrfy_PLA = com.oracledb.regressiontest.verifyPLA(ora_connt, ora_usr, ora_psswrd, ora_schema, plaAcctName)

2019-01-18 20:22:29 - [MESSAGE][NOT_RUN] - NOT_RUN: vrfy_PLA = com.oracledb.regressiontest.verifyPLA(ora_connt, ora_usr, ora_psswrd, ora_schema, plaAcctName)

2019-01-18 20:22:29 - [TEST_STEP][NOT_RUN] - println("Planning Account Name"): NOT_RUN: println("Planning Account Name")

2019-01-18 20:22:29 - [MESSAGE][NOT_RUN] - NOT_RUN: println("Planning Account Name")

2019-01-18 20:22:29 - [TEST_STEP][NOT_RUN] - verifyEqual(PLANNING_ACCOUNT_NAME, plaAcctName): NOT_RUN: verifyEqual(PLANNING_ACCOUNT_NAME, plaAcctName)

2019-01-18 20:22:29 - [MESSAGE][NOT_RUN] - NOT_RUN: verifyEqual(PLANNING_ACCOUNT_NAME, plaAcctName)]]></system-out>
         <system-err><![CDATA[]]></system-err>
      </testcase>
      <testcase name="Test Cases/Regression_TF_Customer/Create_Record/TC_13_Create_LDI_Vendor_Site" classname="Test Cases/Regression_TF_Customer/Create_Record/TC_13_Create_LDI_Vendor_Site" status="PASSED">
         <system-out><![CDATA[2019-01-18 20:22:29 - [TEST_CASE][PASSED] - Test Cases/Regression_TF_Customer/Create_Record/TC_13_Create_LDI_Vendor_Site: Test Cases/Regression_TF_Customer/Create_Record/TC_13_Create_LDI_Vendor_Site

2019-01-18 20:22:29 - [TEST_STEP][PASSED] - waitForPageLoad(G_Timeout): Wait for page load successfully

2019-01-18 20:22:29 - [MESSAGE][PASSED] - Wait for page load successfully

2019-01-18 20:22:29 - [TEST_STEP][PASSED] - mouseOver(findTestObject("TF_Customer_Create/1_Menu_Navigation_To_Open_All_Pages/0_Menu_Create_In_Data_View")): Object: 'Object Repository/TF_Customer_Create/1_Menu_Navigation_To_Open_All_Pages/0_Menu_Create_In_Data_View' is hovered

2019-01-18 20:22:29 - [MESSAGE][PASSED] - Object: 'Object Repository/TF_Customer_Create/1_Menu_Navigation_To_Open_All_Pages/0_Menu_Create_In_Data_View' is hovered

2019-01-18 20:22:29 - [TEST_STEP][PASSED] - waitForPageLoad(G_Timeout): Wait for page load successfully

2019-01-18 20:22:29 - [MESSAGE][PASSED] - Wait for page load successfully

2019-01-18 20:22:29 - [TEST_STEP][PASSED] - mouseOver(findTestObject("TF_Customer_Create/1_Menu_Navigation_To_Open_All_Pages/1_Menu_Create_Master_Data")): Object: 'Object Repository/TF_Customer_Create/1_Menu_Navigation_To_Open_All_Pages/1_Menu_Create_Master_Data' is hovered

2019-01-18 20:22:30 - [MESSAGE][PASSED] - Object: 'Object Repository/TF_Customer_Create/1_Menu_Navigation_To_Open_All_Pages/1_Menu_Create_Master_Data' is hovered

2019-01-18 20:22:30 - [TEST_STEP][PASSED] - waitForPageLoad(G_Timeout): Wait for page load successfully

2019-01-18 20:22:30 - [MESSAGE][PASSED] - Wait for page load successfully

2019-01-18 20:22:30 - [TEST_STEP][PASSED] - mouseOver(findTestObject("TF_Customer_Create/1_Menu_Navigation_To_Open_All_Pages/3_Planning_Account_Hoverover_Option")): Object: 'Object Repository/TF_Customer_Create/1_Menu_Navigation_To_Open_All_Pages/3_Planning_Account_Hoverover_Option' is hovered

2019-01-18 20:22:30 - [MESSAGE][PASSED] - Object: 'Object Repository/TF_Customer_Create/1_Menu_Navigation_To_Open_All_Pages/3_Planning_Account_Hoverover_Option' is hovered

2019-01-18 20:22:30 - [TEST_STEP][PASSED] - waitForPageLoad(G_Timeout): Wait for page load successfully

2019-01-18 20:22:30 - [MESSAGE][PASSED] - Wait for page load successfully

2019-01-18 20:22:30 - [TEST_STEP][PASSED] - click(findTestObject("TF_Customer_Create/2_Select_Menu_Options(All)/13_LDI_Vendor_Site")): Object: 'Object Repository/TF_Customer_Create/2_Select_Menu_Options(All)/13_LDI_Vendor_Site' is clicked on

2019-01-18 20:22:30 - [MESSAGE][PASSED] - Object: 'Object Repository/TF_Customer_Create/2_Select_Menu_Options(All)/13_LDI_Vendor_Site' is clicked on

2019-01-18 20:22:30 - [TEST_STEP][PASSED] - waitForPageLoad(G_Timeout): Wait for page load successfully

2019-01-18 20:22:30 - [MESSAGE][PASSED] - Wait for page load successfully

2019-01-18 20:22:30 - [TEST_STEP][PASSED] - delay(3): Delayed 3 second(s)

2019-01-18 20:22:33 - [MESSAGE][PASSED] - Delayed 3 second(s)

2019-01-18 20:22:33 - [TEST_STEP][PASSED] - vndSiteName = com.oracledb.regressiontest.genName(15): com.oracledb.regressiontest.genName is PASSED

2019-01-18 20:22:33 - [MESSAGE][PASSED] - com.oracledb.regressiontest.genName is PASSED

2019-01-18 20:22:33 - [TEST_STEP][PASSED] - vndSiteNumber = com.oracledb.regressiontest.genName(12): com.oracledb.regressiontest.genName is PASSED

2019-01-18 20:22:33 - [MESSAGE][PASSED] - com.oracledb.regressiontest.genName is PASSED

2019-01-18 20:22:33 - [TEST_STEP][PASSED] - vndSiteCd = com.oracledb.regressiontest.genName(10): com.oracledb.regressiontest.genName is PASSED

2019-01-18 20:22:33 - [MESSAGE][PASSED] - com.oracledb.regressiontest.genName is PASSED

2019-01-18 20:22:33 - [TEST_STEP][PASSED] - vndSiteCity = com.oracledb.regressiontest.genName(8): com.oracledb.regressiontest.genName is PASSED

2019-01-18 20:22:33 - [MESSAGE][PASSED] - com.oracledb.regressiontest.genName is PASSED

2019-01-18 20:22:33 - [TEST_STEP][PASSED] - vndSitePtlCd = com.oracledb.regressiontest.genName(6): com.oracledb.regressiontest.genName is PASSED

2019-01-18 20:22:33 - [MESSAGE][PASSED] - com.oracledb.regressiontest.genName is PASSED

2019-01-18 20:22:33 - [TEST_STEP][PASSED] - setText(findTestObject("TF_Customer_Create/4_Create_Objects_And_Save/13_Create_LDI_Vendor_Site/Input_Vendor_Site_Name/input_Vendor_Site_Nm"), vndSiteName): Text '4RZ33W9GTN5Y6MV' is set on object 'Object Repository/TF_Customer_Create/4_Create_Objects_And_Save/13_Create_LDI_Vendor_Site/Input_Vendor_Site_Name/input_Vendor_Site_Nm'

2019-01-18 20:22:33 - [MESSAGE][PASSED] - Text '4RZ33W9GTN5Y6MV' is set on object 'Object Repository/TF_Customer_Create/4_Create_Objects_And_Save/13_Create_LDI_Vendor_Site/Input_Vendor_Site_Name/input_Vendor_Site_Nm'

2019-01-18 20:22:33 - [TEST_STEP][PASSED] - setText(findTestObject("TF_Customer_Create/4_Create_Objects_And_Save/13_Create_LDI_Vendor_Site/Input_Vendor_Site_Name/input_Vendor_Site_Number"), vndSiteNumber): Text '1VG1OXOXPJ5X' is set on object 'Object Repository/TF_Customer_Create/4_Create_Objects_And_Save/13_Create_LDI_Vendor_Site/Input_Vendor_Site_Name/input_Vendor_Site_Number'

2019-01-18 20:22:34 - [MESSAGE][PASSED] - Text '1VG1OXOXPJ5X' is set on object 'Object Repository/TF_Customer_Create/4_Create_Objects_And_Save/13_Create_LDI_Vendor_Site/Input_Vendor_Site_Name/input_Vendor_Site_Number'

2019-01-18 20:22:34 - [TEST_STEP][PASSED] - setText(findTestObject("TF_Customer_Create/4_Create_Objects_And_Save/13_Create_LDI_Vendor_Site/Input_Vendor_Site_Name/input_Vendor_Site_Cd"), vndSiteCd): Text 'NG4HJPCX7Q' is set on object 'Object Repository/TF_Customer_Create/4_Create_Objects_And_Save/13_Create_LDI_Vendor_Site/Input_Vendor_Site_Name/input_Vendor_Site_Cd'

2019-01-18 20:22:34 - [MESSAGE][PASSED] - Text 'NG4HJPCX7Q' is set on object 'Object Repository/TF_Customer_Create/4_Create_Objects_And_Save/13_Create_LDI_Vendor_Site/Input_Vendor_Site_Name/input_Vendor_Site_Cd'

2019-01-18 20:22:34 - [TEST_STEP][PASSED] - setText(findTestObject("TF_Customer_Create/4_Create_Objects_And_Save/13_Create_LDI_Vendor_Site/Input_Vendor_Site_Name/input_Vendor_Site_City"), vndSiteCity): Text 'CL57JO87' is set on object 'Object Repository/TF_Customer_Create/4_Create_Objects_And_Save/13_Create_LDI_Vendor_Site/Input_Vendor_Site_Name/input_Vendor_Site_City'

2019-01-18 20:22:34 - [MESSAGE][PASSED] - Text 'CL57JO87' is set on object 'Object Repository/TF_Customer_Create/4_Create_Objects_And_Save/13_Create_LDI_Vendor_Site/Input_Vendor_Site_Name/input_Vendor_Site_City'

2019-01-18 20:22:34 - [TEST_STEP][PASSED] - setText(findTestObject("TF_Customer_Create/4_Create_Objects_And_Save/13_Create_LDI_Vendor_Site/Input_Vendor_Site_Name/input_Vendor_Site_Postal_Code"), vndSitePtlCd): Text 'HZAN4P' is set on object 'Object Repository/TF_Customer_Create/4_Create_Objects_And_Save/13_Create_LDI_Vendor_Site/Input_Vendor_Site_Name/input_Vendor_Site_Postal_Code'

2019-01-18 20:22:34 - [MESSAGE][PASSED] - Text 'HZAN4P' is set on object 'Object Repository/TF_Customer_Create/4_Create_Objects_And_Save/13_Create_LDI_Vendor_Site/Input_Vendor_Site_Name/input_Vendor_Site_Postal_Code'

2019-01-18 20:22:34 - [TEST_STEP][NOT_RUN] - setText(findTestObject("TF_Customer_Create/4_Create_Objects_And_Save/Set_Effective_Dates/input_Effective_End_Date"), input_Eff_End_Dt): NOT_RUN: setText(findTestObject("TF_Customer_Create/4_Create_Objects_And_Save/Set_Effective_Dates/input_Effective_End_Date"), input_Eff_End_Dt)

2019-01-18 20:22:34 - [MESSAGE][NOT_RUN] - NOT_RUN: setText(findTestObject("TF_Customer_Create/4_Create_Objects_And_Save/Set_Effective_Dates/input_Effective_End_Date"), input_Eff_End_Dt)

2019-01-18 20:22:34 - [TEST_STEP][PASSED] - delay(2): Delayed 2 second(s)

2019-01-18 20:22:36 - [MESSAGE][PASSED] - Delayed 2 second(s)

2019-01-18 20:22:36 - [TEST_STEP][PASSED] - click(findTestObject("TF_Customer_Create/3_Common_Action_Buttons/Click_Data_Tab/span_Data_Tab")): Object: 'Object Repository/TF_Customer_Create/3_Common_Action_Buttons/Click_Data_Tab/span_Data_Tab' is clicked on

2019-01-18 20:22:36 - [MESSAGE][PASSED] - Object: 'Object Repository/TF_Customer_Create/3_Common_Action_Buttons/Click_Data_Tab/span_Data_Tab' is clicked on

2019-01-18 20:22:36 - [TEST_STEP][NOT_RUN] - click(findTestObject("TF_Customer_Create/4_Create_Objects_And_Save/Choose_Sales_Org/Click_Sales_Org_DD"), CONTINUE_ON_FAILURE): NOT_RUN: click(findTestObject("TF_Customer_Create/4_Create_Objects_And_Save/Choose_Sales_Org/Click_Sales_Org_DD"), CONTINUE_ON_FAILURE)

2019-01-18 20:22:36 - [MESSAGE][NOT_RUN] - NOT_RUN: click(findTestObject("TF_Customer_Create/4_Create_Objects_And_Save/Choose_Sales_Org/Click_Sales_Org_DD"), CONTINUE_ON_FAILURE)

2019-01-18 20:22:36 - [TEST_STEP][NOT_RUN] - click(findTestObject("TF_Customer_Create/4_Create_Objects_And_Save/Choose_Sales_Org/CA_Object"), CONTINUE_ON_FAILURE): NOT_RUN: click(findTestObject("TF_Customer_Create/4_Create_Objects_And_Save/Choose_Sales_Org/CA_Object"), CONTINUE_ON_FAILURE)

2019-01-18 20:22:36 - [MESSAGE][NOT_RUN] - NOT_RUN: click(findTestObject("TF_Customer_Create/4_Create_Objects_And_Save/Choose_Sales_Org/CA_Object"), CONTINUE_ON_FAILURE)

2019-01-18 20:22:36 - [TEST_STEP][PASSED] - delay(2): Delayed 2 second(s)

2019-01-18 20:22:38 - [MESSAGE][PASSED] - Delayed 2 second(s)

2019-01-18 20:22:38 - [TEST_STEP][PASSED] - click(findTestObject("TF_Customer_Create/3_Common_Action_Buttons/Click_Apply_Button/td_Apply")): Object: 'Object Repository/TF_Customer_Create/3_Common_Action_Buttons/Click_Apply_Button/td_Apply' is clicked on

2019-01-18 20:22:38 - [MESSAGE][PASSED] - Object: 'Object Repository/TF_Customer_Create/3_Common_Action_Buttons/Click_Apply_Button/td_Apply' is clicked on

2019-01-18 20:22:38 - [TEST_STEP][PASSED] - delay(2): Delayed 2 second(s)

2019-01-18 20:22:40 - [MESSAGE][PASSED] - Delayed 2 second(s)

2019-01-18 20:22:40 - [TEST_STEP][PASSED] - click(findTestObject("TF_Customer_Create/3_Common_Action_Buttons/Click_Save_Button/btn_Save")): Object: 'Object Repository/TF_Customer_Create/3_Common_Action_Buttons/Click_Save_Button/btn_Save' is clicked on

2019-01-18 20:22:40 - [MESSAGE][PASSED] - Object: 'Object Repository/TF_Customer_Create/3_Common_Action_Buttons/Click_Save_Button/btn_Save' is clicked on

2019-01-18 20:22:40 - [TEST_STEP][PASSED] - delay(2): Delayed 2 second(s)

2019-01-18 20:22:42 - [MESSAGE][PASSED] - Delayed 2 second(s)

2019-01-18 20:22:42 - [TEST_STEP][NOT_RUN] - verifyElementText(findTestObject("TF_Customer_Create/3_Common_Action_Buttons/Verify_Success_Message/Success_Message"), "Record has been saved successfully.", CONTINUE_ON_FAILURE): NOT_RUN: verifyElementText(findTestObject("TF_Customer_Create/3_Common_Action_Buttons/Verify_Success_Message/Success_Message"), "Record has been saved successfully.", CONTINUE_ON_FAILURE)

2019-01-18 20:22:42 - [MESSAGE][NOT_RUN] - NOT_RUN: verifyElementText(findTestObject("TF_Customer_Create/3_Common_Action_Buttons/Verify_Success_Message/Success_Message"), "Record has been saved successfully.", CONTINUE_ON_FAILURE)

2019-01-18 20:22:42 - [TEST_STEP][NOT_RUN] - click(findTestObject("TF_Customer_Create/3_Common_Action_Buttons/Click_Data_Tab/span_Data_Tab")): NOT_RUN: click(findTestObject("TF_Customer_Create/3_Common_Action_Buttons/Click_Data_Tab/span_Data_Tab"))

2019-01-18 20:22:42 - [MESSAGE][NOT_RUN] - NOT_RUN: click(findTestObject("TF_Customer_Create/3_Common_Action_Buttons/Click_Data_Tab/span_Data_Tab"))

2019-01-18 20:22:42 - [TEST_STEP][NOT_RUN] - delay(1): NOT_RUN: delay(1)

2019-01-18 20:22:42 - [MESSAGE][NOT_RUN] - NOT_RUN: delay(1)

2019-01-18 20:22:42 - [TEST_STEP][NOT_RUN] - click(findTestObject("TF_Customer_Create/3_Common_Action_Buttons/Click_Close_Button/btn_Close")): NOT_RUN: click(findTestObject("TF_Customer_Create/3_Common_Action_Buttons/Click_Close_Button/btn_Close"))

2019-01-18 20:22:42 - [MESSAGE][NOT_RUN] - NOT_RUN: click(findTestObject("TF_Customer_Create/3_Common_Action_Buttons/Click_Close_Button/btn_Close"))

2019-01-18 20:22:42 - [TEST_STEP][NOT_RUN] - delay(2): NOT_RUN: delay(2)

2019-01-18 20:22:42 - [MESSAGE][NOT_RUN] - NOT_RUN: delay(2)

2019-01-18 20:22:42 - [TEST_STEP][NOT_RUN] - vrfy_PLA = com.oracledb.regressiontest.verifyPLA(ora_connt, ora_usr, ora_psswrd, ora_schema, plaAcctName): NOT_RUN: vrfy_PLA = com.oracledb.regressiontest.verifyPLA(ora_connt, ora_usr, ora_psswrd, ora_schema, plaAcctName)

2019-01-18 20:22:42 - [MESSAGE][NOT_RUN] - NOT_RUN: vrfy_PLA = com.oracledb.regressiontest.verifyPLA(ora_connt, ora_usr, ora_psswrd, ora_schema, plaAcctName)

2019-01-18 20:22:42 - [TEST_STEP][NOT_RUN] - println("Planning Account Name"): NOT_RUN: println("Planning Account Name")

2019-01-18 20:22:42 - [MESSAGE][NOT_RUN] - NOT_RUN: println("Planning Account Name")

2019-01-18 20:22:42 - [TEST_STEP][NOT_RUN] - verifyEqual(PLANNING_ACCOUNT_NAME, plaAcctName): NOT_RUN: verifyEqual(PLANNING_ACCOUNT_NAME, plaAcctName)

2019-01-18 20:22:42 - [MESSAGE][NOT_RUN] - NOT_RUN: verifyEqual(PLANNING_ACCOUNT_NAME, plaAcctName)]]></system-out>
         <system-err><![CDATA[]]></system-err>
      </testcase>
      <testcase name="Test Cases/Regression_TF_Customer/Create_Record/TC_13_Create_LDI_Vendor_Site" classname="Test Cases/Regression_TF_Customer/Create_Record/TC_13_Create_LDI_Vendor_Site" status="PASSED">
         <system-out><![CDATA[2019-01-18 20:22:42 - [TEST_CASE][PASSED] - Test Cases/Regression_TF_Customer/Create_Record/TC_13_Create_LDI_Vendor_Site: Test Cases/Regression_TF_Customer/Create_Record/TC_13_Create_LDI_Vendor_Site

2019-01-18 20:22:42 - [TEST_STEP][PASSED] - waitForPageLoad(G_Timeout): Wait for page load successfully

2019-01-18 20:22:42 - [MESSAGE][PASSED] - Wait for page load successfully

2019-01-18 20:22:42 - [TEST_STEP][PASSED] - mouseOver(findTestObject("TF_Customer_Create/1_Menu_Navigation_To_Open_All_Pages/0_Menu_Create_In_Data_View")): Object: 'Object Repository/TF_Customer_Create/1_Menu_Navigation_To_Open_All_Pages/0_Menu_Create_In_Data_View' is hovered

2019-01-18 20:22:43 - [MESSAGE][PASSED] - Object: 'Object Repository/TF_Customer_Create/1_Menu_Navigation_To_Open_All_Pages/0_Menu_Create_In_Data_View' is hovered

2019-01-18 20:22:43 - [TEST_STEP][PASSED] - waitForPageLoad(G_Timeout): Wait for page load successfully

2019-01-18 20:22:43 - [MESSAGE][PASSED] - Wait for page load successfully

2019-01-18 20:22:43 - [TEST_STEP][PASSED] - mouseOver(findTestObject("TF_Customer_Create/1_Menu_Navigation_To_Open_All_Pages/1_Menu_Create_Master_Data")): Object: 'Object Repository/TF_Customer_Create/1_Menu_Navigation_To_Open_All_Pages/1_Menu_Create_Master_Data' is hovered

2019-01-18 20:22:43 - [MESSAGE][PASSED] - Object: 'Object Repository/TF_Customer_Create/1_Menu_Navigation_To_Open_All_Pages/1_Menu_Create_Master_Data' is hovered

2019-01-18 20:22:43 - [TEST_STEP][PASSED] - waitForPageLoad(G_Timeout): Wait for page load successfully

2019-01-18 20:22:43 - [MESSAGE][PASSED] - Wait for page load successfully

2019-01-18 20:22:43 - [TEST_STEP][PASSED] - mouseOver(findTestObject("TF_Customer_Create/1_Menu_Navigation_To_Open_All_Pages/3_Planning_Account_Hoverover_Option")): Object: 'Object Repository/TF_Customer_Create/1_Menu_Navigation_To_Open_All_Pages/3_Planning_Account_Hoverover_Option' is hovered

2019-01-18 20:22:43 - [MESSAGE][PASSED] - Object: 'Object Repository/TF_Customer_Create/1_Menu_Navigation_To_Open_All_Pages/3_Planning_Account_Hoverover_Option' is hovered

2019-01-18 20:22:43 - [TEST_STEP][PASSED] - waitForPageLoad(G_Timeout): Wait for page load successfully

2019-01-18 20:22:43 - [MESSAGE][PASSED] - Wait for page load successfully

2019-01-18 20:22:43 - [TEST_STEP][PASSED] - click(findTestObject("TF_Customer_Create/2_Select_Menu_Options(All)/13_LDI_Vendor_Site")): Object: 'Object Repository/TF_Customer_Create/2_Select_Menu_Options(All)/13_LDI_Vendor_Site' is clicked on

2019-01-18 20:22:43 - [MESSAGE][PASSED] - Object: 'Object Repository/TF_Customer_Create/2_Select_Menu_Options(All)/13_LDI_Vendor_Site' is clicked on

2019-01-18 20:22:43 - [TEST_STEP][PASSED] - waitForPageLoad(G_Timeout): Wait for page load successfully

2019-01-18 20:22:43 - [MESSAGE][PASSED] - Wait for page load successfully

2019-01-18 20:22:43 - [TEST_STEP][PASSED] - delay(3): Delayed 3 second(s)

2019-01-18 20:22:46 - [MESSAGE][PASSED] - Delayed 3 second(s)

2019-01-18 20:22:46 - [TEST_STEP][PASSED] - vndSiteName = com.oracledb.regressiontest.genName(15): com.oracledb.regressiontest.genName is PASSED

2019-01-18 20:22:46 - [MESSAGE][PASSED] - com.oracledb.regressiontest.genName is PASSED

2019-01-18 20:22:46 - [TEST_STEP][PASSED] - vndSiteNumber = com.oracledb.regressiontest.genName(12): com.oracledb.regressiontest.genName is PASSED

2019-01-18 20:22:46 - [MESSAGE][PASSED] - com.oracledb.regressiontest.genName is PASSED

2019-01-18 20:22:46 - [TEST_STEP][PASSED] - vndSiteCd = com.oracledb.regressiontest.genName(10): com.oracledb.regressiontest.genName is PASSED

2019-01-18 20:22:46 - [MESSAGE][PASSED] - com.oracledb.regressiontest.genName is PASSED

2019-01-18 20:22:46 - [TEST_STEP][PASSED] - vndSiteCity = com.oracledb.regressiontest.genName(8): com.oracledb.regressiontest.genName is PASSED

2019-01-18 20:22:46 - [MESSAGE][PASSED] - com.oracledb.regressiontest.genName is PASSED

2019-01-18 20:22:46 - [TEST_STEP][PASSED] - vndSitePtlCd = com.oracledb.regressiontest.genName(6): com.oracledb.regressiontest.genName is PASSED

2019-01-18 20:22:46 - [MESSAGE][PASSED] - com.oracledb.regressiontest.genName is PASSED

2019-01-18 20:22:46 - [TEST_STEP][PASSED] - setText(findTestObject("TF_Customer_Create/4_Create_Objects_And_Save/13_Create_LDI_Vendor_Site/Input_Vendor_Site_Name/input_Vendor_Site_Nm"), vndSiteName): Text '9003MMS9RIOPFAI' is set on object 'Object Repository/TF_Customer_Create/4_Create_Objects_And_Save/13_Create_LDI_Vendor_Site/Input_Vendor_Site_Name/input_Vendor_Site_Nm'

2019-01-18 20:22:46 - [MESSAGE][PASSED] - Text '9003MMS9RIOPFAI' is set on object 'Object Repository/TF_Customer_Create/4_Create_Objects_And_Save/13_Create_LDI_Vendor_Site/Input_Vendor_Site_Name/input_Vendor_Site_Nm'

2019-01-18 20:22:46 - [TEST_STEP][PASSED] - setText(findTestObject("TF_Customer_Create/4_Create_Objects_And_Save/13_Create_LDI_Vendor_Site/Input_Vendor_Site_Name/input_Vendor_Site_Number"), vndSiteNumber): Text 'H2N6E4OWD26A' is set on object 'Object Repository/TF_Customer_Create/4_Create_Objects_And_Save/13_Create_LDI_Vendor_Site/Input_Vendor_Site_Name/input_Vendor_Site_Number'

2019-01-18 20:22:47 - [MESSAGE][PASSED] - Text 'H2N6E4OWD26A' is set on object 'Object Repository/TF_Customer_Create/4_Create_Objects_And_Save/13_Create_LDI_Vendor_Site/Input_Vendor_Site_Name/input_Vendor_Site_Number'

2019-01-18 20:22:47 - [TEST_STEP][PASSED] - setText(findTestObject("TF_Customer_Create/4_Create_Objects_And_Save/13_Create_LDI_Vendor_Site/Input_Vendor_Site_Name/input_Vendor_Site_Cd"), vndSiteCd): Text 'O5USIUIPFU' is set on object 'Object Repository/TF_Customer_Create/4_Create_Objects_And_Save/13_Create_LDI_Vendor_Site/Input_Vendor_Site_Name/input_Vendor_Site_Cd'

2019-01-18 20:22:47 - [MESSAGE][PASSED] - Text 'O5USIUIPFU' is set on object 'Object Repository/TF_Customer_Create/4_Create_Objects_And_Save/13_Create_LDI_Vendor_Site/Input_Vendor_Site_Name/input_Vendor_Site_Cd'

2019-01-18 20:22:47 - [TEST_STEP][PASSED] - setText(findTestObject("TF_Customer_Create/4_Create_Objects_And_Save/13_Create_LDI_Vendor_Site/Input_Vendor_Site_Name/input_Vendor_Site_City"), vndSiteCity): Text 'J216QZ7U' is set on object 'Object Repository/TF_Customer_Create/4_Create_Objects_And_Save/13_Create_LDI_Vendor_Site/Input_Vendor_Site_Name/input_Vendor_Site_City'

2019-01-18 20:22:47 - [MESSAGE][PASSED] - Text 'J216QZ7U' is set on object 'Object Repository/TF_Customer_Create/4_Create_Objects_And_Save/13_Create_LDI_Vendor_Site/Input_Vendor_Site_Name/input_Vendor_Site_City'

2019-01-18 20:22:47 - [TEST_STEP][PASSED] - setText(findTestObject("TF_Customer_Create/4_Create_Objects_And_Save/13_Create_LDI_Vendor_Site/Input_Vendor_Site_Name/input_Vendor_Site_Postal_Code"), vndSitePtlCd): Text 'FH2GK2' is set on object 'Object Repository/TF_Customer_Create/4_Create_Objects_And_Save/13_Create_LDI_Vendor_Site/Input_Vendor_Site_Name/input_Vendor_Site_Postal_Code'

2019-01-18 20:22:47 - [MESSAGE][PASSED] - Text 'FH2GK2' is set on object 'Object Repository/TF_Customer_Create/4_Create_Objects_And_Save/13_Create_LDI_Vendor_Site/Input_Vendor_Site_Name/input_Vendor_Site_Postal_Code'

2019-01-18 20:22:47 - [TEST_STEP][NOT_RUN] - setText(findTestObject("TF_Customer_Create/4_Create_Objects_And_Save/Set_Effective_Dates/input_Effective_End_Date"), input_Eff_End_Dt): NOT_RUN: setText(findTestObject("TF_Customer_Create/4_Create_Objects_And_Save/Set_Effective_Dates/input_Effective_End_Date"), input_Eff_End_Dt)

2019-01-18 20:22:47 - [MESSAGE][NOT_RUN] - NOT_RUN: setText(findTestObject("TF_Customer_Create/4_Create_Objects_And_Save/Set_Effective_Dates/input_Effective_End_Date"), input_Eff_End_Dt)

2019-01-18 20:22:47 - [TEST_STEP][PASSED] - delay(2): Delayed 2 second(s)

2019-01-18 20:22:49 - [MESSAGE][PASSED] - Delayed 2 second(s)

2019-01-18 20:22:49 - [TEST_STEP][PASSED] - click(findTestObject("TF_Customer_Create/3_Common_Action_Buttons/Click_Data_Tab/span_Data_Tab")): Object: 'Object Repository/TF_Customer_Create/3_Common_Action_Buttons/Click_Data_Tab/span_Data_Tab' is clicked on

2019-01-18 20:22:49 - [MESSAGE][PASSED] - Object: 'Object Repository/TF_Customer_Create/3_Common_Action_Buttons/Click_Data_Tab/span_Data_Tab' is clicked on

2019-01-18 20:22:49 - [TEST_STEP][NOT_RUN] - click(findTestObject("TF_Customer_Create/4_Create_Objects_And_Save/Choose_Sales_Org/Click_Sales_Org_DD"), CONTINUE_ON_FAILURE): NOT_RUN: click(findTestObject("TF_Customer_Create/4_Create_Objects_And_Save/Choose_Sales_Org/Click_Sales_Org_DD"), CONTINUE_ON_FAILURE)

2019-01-18 20:22:49 - [MESSAGE][NOT_RUN] - NOT_RUN: click(findTestObject("TF_Customer_Create/4_Create_Objects_And_Save/Choose_Sales_Org/Click_Sales_Org_DD"), CONTINUE_ON_FAILURE)

2019-01-18 20:22:49 - [TEST_STEP][NOT_RUN] - click(findTestObject("TF_Customer_Create/4_Create_Objects_And_Save/Choose_Sales_Org/CA_Object"), CONTINUE_ON_FAILURE): NOT_RUN: click(findTestObject("TF_Customer_Create/4_Create_Objects_And_Save/Choose_Sales_Org/CA_Object"), CONTINUE_ON_FAILURE)

2019-01-18 20:22:49 - [MESSAGE][NOT_RUN] - NOT_RUN: click(findTestObject("TF_Customer_Create/4_Create_Objects_And_Save/Choose_Sales_Org/CA_Object"), CONTINUE_ON_FAILURE)

2019-01-18 20:22:49 - [TEST_STEP][PASSED] - delay(2): Delayed 2 second(s)

2019-01-18 20:22:51 - [MESSAGE][PASSED] - Delayed 2 second(s)

2019-01-18 20:22:51 - [TEST_STEP][PASSED] - click(findTestObject("TF_Customer_Create/3_Common_Action_Buttons/Click_Apply_Button/td_Apply")): Object: 'Object Repository/TF_Customer_Create/3_Common_Action_Buttons/Click_Apply_Button/td_Apply' is clicked on

2019-01-18 20:22:51 - [MESSAGE][PASSED] - Object: 'Object Repository/TF_Customer_Create/3_Common_Action_Buttons/Click_Apply_Button/td_Apply' is clicked on

2019-01-18 20:22:51 - [TEST_STEP][PASSED] - delay(2): Delayed 2 second(s)

2019-01-18 20:22:53 - [MESSAGE][PASSED] - Delayed 2 second(s)

2019-01-18 20:22:53 - [TEST_STEP][PASSED] - click(findTestObject("TF_Customer_Create/3_Common_Action_Buttons/Click_Save_Button/btn_Save")): Object: 'Object Repository/TF_Customer_Create/3_Common_Action_Buttons/Click_Save_Button/btn_Save' is clicked on

2019-01-18 20:22:53 - [MESSAGE][PASSED] - Object: 'Object Repository/TF_Customer_Create/3_Common_Action_Buttons/Click_Save_Button/btn_Save' is clicked on

2019-01-18 20:22:53 - [TEST_STEP][PASSED] - delay(2): Delayed 2 second(s)

2019-01-18 20:22:55 - [MESSAGE][PASSED] - Delayed 2 second(s)

2019-01-18 20:22:55 - [TEST_STEP][NOT_RUN] - verifyElementText(findTestObject("TF_Customer_Create/3_Common_Action_Buttons/Verify_Success_Message/Success_Message"), "Record has been saved successfully.", CONTINUE_ON_FAILURE): NOT_RUN: verifyElementText(findTestObject("TF_Customer_Create/3_Common_Action_Buttons/Verify_Success_Message/Success_Message"), "Record has been saved successfully.", CONTINUE_ON_FAILURE)

2019-01-18 20:22:55 - [MESSAGE][NOT_RUN] - NOT_RUN: verifyElementText(findTestObject("TF_Customer_Create/3_Common_Action_Buttons/Verify_Success_Message/Success_Message"), "Record has been saved successfully.", CONTINUE_ON_FAILURE)

2019-01-18 20:22:55 - [TEST_STEP][NOT_RUN] - click(findTestObject("TF_Customer_Create/3_Common_Action_Buttons/Click_Data_Tab/span_Data_Tab")): NOT_RUN: click(findTestObject("TF_Customer_Create/3_Common_Action_Buttons/Click_Data_Tab/span_Data_Tab"))

2019-01-18 20:22:55 - [MESSAGE][NOT_RUN] - NOT_RUN: click(findTestObject("TF_Customer_Create/3_Common_Action_Buttons/Click_Data_Tab/span_Data_Tab"))

2019-01-18 20:22:55 - [TEST_STEP][NOT_RUN] - delay(1): NOT_RUN: delay(1)

2019-01-18 20:22:55 - [MESSAGE][NOT_RUN] - NOT_RUN: delay(1)

2019-01-18 20:22:55 - [TEST_STEP][NOT_RUN] - click(findTestObject("TF_Customer_Create/3_Common_Action_Buttons/Click_Close_Button/btn_Close")): NOT_RUN: click(findTestObject("TF_Customer_Create/3_Common_Action_Buttons/Click_Close_Button/btn_Close"))

2019-01-18 20:22:55 - [MESSAGE][NOT_RUN] - NOT_RUN: click(findTestObject("TF_Customer_Create/3_Common_Action_Buttons/Click_Close_Button/btn_Close"))

2019-01-18 20:22:55 - [TEST_STEP][NOT_RUN] - delay(2): NOT_RUN: delay(2)

2019-01-18 20:22:55 - [MESSAGE][NOT_RUN] - NOT_RUN: delay(2)

2019-01-18 20:22:55 - [TEST_STEP][NOT_RUN] - vrfy_PLA = com.oracledb.regressiontest.verifyPLA(ora_connt, ora_usr, ora_psswrd, ora_schema, plaAcctName): NOT_RUN: vrfy_PLA = com.oracledb.regressiontest.verifyPLA(ora_connt, ora_usr, ora_psswrd, ora_schema, plaAcctName)

2019-01-18 20:22:55 - [MESSAGE][NOT_RUN] - NOT_RUN: vrfy_PLA = com.oracledb.regressiontest.verifyPLA(ora_connt, ora_usr, ora_psswrd, ora_schema, plaAcctName)

2019-01-18 20:22:55 - [TEST_STEP][NOT_RUN] - println("Planning Account Name"): NOT_RUN: println("Planning Account Name")

2019-01-18 20:22:55 - [MESSAGE][NOT_RUN] - NOT_RUN: println("Planning Account Name")

2019-01-18 20:22:55 - [TEST_STEP][NOT_RUN] - verifyEqual(PLANNING_ACCOUNT_NAME, plaAcctName): NOT_RUN: verifyEqual(PLANNING_ACCOUNT_NAME, plaAcctName)

2019-01-18 20:22:55 - [MESSAGE][NOT_RUN] - NOT_RUN: verifyEqual(PLANNING_ACCOUNT_NAME, plaAcctName)]]></system-out>
         <system-err><![CDATA[]]></system-err>
      </testcase>
      <testcase name="Test Cases/Regression_TF_Customer/Create_Record/TC_13_Create_LDI_Vendor_Site" classname="Test Cases/Regression_TF_Customer/Create_Record/TC_13_Create_LDI_Vendor_Site" status="PASSED">
         <system-out><![CDATA[2019-01-18 20:22:55 - [TEST_CASE][PASSED] - Test Cases/Regression_TF_Customer/Create_Record/TC_13_Create_LDI_Vendor_Site: Test Cases/Regression_TF_Customer/Create_Record/TC_13_Create_LDI_Vendor_Site

2019-01-18 20:22:55 - [TEST_STEP][PASSED] - waitForPageLoad(G_Timeout): Wait for page load successfully

2019-01-18 20:22:55 - [MESSAGE][PASSED] - Wait for page load successfully

2019-01-18 20:22:55 - [TEST_STEP][PASSED] - mouseOver(findTestObject("TF_Customer_Create/1_Menu_Navigation_To_Open_All_Pages/0_Menu_Create_In_Data_View")): Object: 'Object Repository/TF_Customer_Create/1_Menu_Navigation_To_Open_All_Pages/0_Menu_Create_In_Data_View' is hovered

2019-01-18 20:22:55 - [MESSAGE][PASSED] - Object: 'Object Repository/TF_Customer_Create/1_Menu_Navigation_To_Open_All_Pages/0_Menu_Create_In_Data_View' is hovered

2019-01-18 20:22:55 - [TEST_STEP][PASSED] - waitForPageLoad(G_Timeout): Wait for page load successfully

2019-01-18 20:22:55 - [MESSAGE][PASSED] - Wait for page load successfully

2019-01-18 20:22:55 - [TEST_STEP][PASSED] - mouseOver(findTestObject("TF_Customer_Create/1_Menu_Navigation_To_Open_All_Pages/1_Menu_Create_Master_Data")): Object: 'Object Repository/TF_Customer_Create/1_Menu_Navigation_To_Open_All_Pages/1_Menu_Create_Master_Data' is hovered

2019-01-18 20:22:55 - [MESSAGE][PASSED] - Object: 'Object Repository/TF_Customer_Create/1_Menu_Navigation_To_Open_All_Pages/1_Menu_Create_Master_Data' is hovered

2019-01-18 20:22:55 - [TEST_STEP][PASSED] - waitForPageLoad(G_Timeout): Wait for page load successfully

2019-01-18 20:22:55 - [MESSAGE][PASSED] - Wait for page load successfully

2019-01-18 20:22:55 - [TEST_STEP][PASSED] - mouseOver(findTestObject("TF_Customer_Create/1_Menu_Navigation_To_Open_All_Pages/3_Planning_Account_Hoverover_Option")): Object: 'Object Repository/TF_Customer_Create/1_Menu_Navigation_To_Open_All_Pages/3_Planning_Account_Hoverover_Option' is hovered

2019-01-18 20:22:56 - [MESSAGE][PASSED] - Object: 'Object Repository/TF_Customer_Create/1_Menu_Navigation_To_Open_All_Pages/3_Planning_Account_Hoverover_Option' is hovered

2019-01-18 20:22:56 - [TEST_STEP][PASSED] - waitForPageLoad(G_Timeout): Wait for page load successfully

2019-01-18 20:22:56 - [MESSAGE][PASSED] - Wait for page load successfully

2019-01-18 20:22:56 - [TEST_STEP][PASSED] - click(findTestObject("TF_Customer_Create/2_Select_Menu_Options(All)/13_LDI_Vendor_Site")): Object: 'Object Repository/TF_Customer_Create/2_Select_Menu_Options(All)/13_LDI_Vendor_Site' is clicked on

2019-01-18 20:22:56 - [MESSAGE][PASSED] - Object: 'Object Repository/TF_Customer_Create/2_Select_Menu_Options(All)/13_LDI_Vendor_Site' is clicked on

2019-01-18 20:22:56 - [TEST_STEP][PASSED] - waitForPageLoad(G_Timeout): Wait for page load successfully

2019-01-18 20:22:56 - [MESSAGE][PASSED] - Wait for page load successfully

2019-01-18 20:22:56 - [TEST_STEP][PASSED] - delay(3): Delayed 3 second(s)

2019-01-18 20:22:59 - [MESSAGE][PASSED] - Delayed 3 second(s)

2019-01-18 20:22:59 - [TEST_STEP][PASSED] - vndSiteName = com.oracledb.regressiontest.genName(15): com.oracledb.regressiontest.genName is PASSED

2019-01-18 20:22:59 - [MESSAGE][PASSED] - com.oracledb.regressiontest.genName is PASSED

2019-01-18 20:22:59 - [TEST_STEP][PASSED] - vndSiteNumber = com.oracledb.regressiontest.genName(12): com.oracledb.regressiontest.genName is PASSED

2019-01-18 20:22:59 - [MESSAGE][PASSED] - com.oracledb.regressiontest.genName is PASSED

2019-01-18 20:22:59 - [TEST_STEP][PASSED] - vndSiteCd = com.oracledb.regressiontest.genName(10): com.oracledb.regressiontest.genName is PASSED

2019-01-18 20:22:59 - [MESSAGE][PASSED] - com.oracledb.regressiontest.genName is PASSED

2019-01-18 20:22:59 - [TEST_STEP][PASSED] - vndSiteCity = com.oracledb.regressiontest.genName(8): com.oracledb.regressiontest.genName is PASSED

2019-01-18 20:22:59 - [MESSAGE][PASSED] - com.oracledb.regressiontest.genName is PASSED

2019-01-18 20:22:59 - [TEST_STEP][PASSED] - vndSitePtlCd = com.oracledb.regressiontest.genName(6): com.oracledb.regressiontest.genName is PASSED

2019-01-18 20:22:59 - [MESSAGE][PASSED] - com.oracledb.regressiontest.genName is PASSED

2019-01-18 20:22:59 - [TEST_STEP][PASSED] - setText(findTestObject("TF_Customer_Create/4_Create_Objects_And_Save/13_Create_LDI_Vendor_Site/Input_Vendor_Site_Name/input_Vendor_Site_Nm"), vndSiteName): Text 'C9KACF9LCPGR4KO' is set on object 'Object Repository/TF_Customer_Create/4_Create_Objects_And_Save/13_Create_LDI_Vendor_Site/Input_Vendor_Site_Name/input_Vendor_Site_Nm'

2019-01-18 20:22:59 - [MESSAGE][PASSED] - Text 'C9KACF9LCPGR4KO' is set on object 'Object Repository/TF_Customer_Create/4_Create_Objects_And_Save/13_Create_LDI_Vendor_Site/Input_Vendor_Site_Name/input_Vendor_Site_Nm'

2019-01-18 20:22:59 - [TEST_STEP][PASSED] - setText(findTestObject("TF_Customer_Create/4_Create_Objects_And_Save/13_Create_LDI_Vendor_Site/Input_Vendor_Site_Name/input_Vendor_Site_Number"), vndSiteNumber): Text '8B5RM5652QB6' is set on object 'Object Repository/TF_Customer_Create/4_Create_Objects_And_Save/13_Create_LDI_Vendor_Site/Input_Vendor_Site_Name/input_Vendor_Site_Number'

2019-01-18 20:22:59 - [MESSAGE][PASSED] - Text '8B5RM5652QB6' is set on object 'Object Repository/TF_Customer_Create/4_Create_Objects_And_Save/13_Create_LDI_Vendor_Site/Input_Vendor_Site_Name/input_Vendor_Site_Number'

2019-01-18 20:22:59 - [TEST_STEP][PASSED] - setText(findTestObject("TF_Customer_Create/4_Create_Objects_And_Save/13_Create_LDI_Vendor_Site/Input_Vendor_Site_Name/input_Vendor_Site_Cd"), vndSiteCd): Text 'O7YNJDSN1N' is set on object 'Object Repository/TF_Customer_Create/4_Create_Objects_And_Save/13_Create_LDI_Vendor_Site/Input_Vendor_Site_Name/input_Vendor_Site_Cd'

2019-01-18 20:23:00 - [MESSAGE][PASSED] - Text 'O7YNJDSN1N' is set on object 'Object Repository/TF_Customer_Create/4_Create_Objects_And_Save/13_Create_LDI_Vendor_Site/Input_Vendor_Site_Name/input_Vendor_Site_Cd'

2019-01-18 20:23:00 - [TEST_STEP][PASSED] - setText(findTestObject("TF_Customer_Create/4_Create_Objects_And_Save/13_Create_LDI_Vendor_Site/Input_Vendor_Site_Name/input_Vendor_Site_City"), vndSiteCity): Text 'DY3YY9Q8' is set on object 'Object Repository/TF_Customer_Create/4_Create_Objects_And_Save/13_Create_LDI_Vendor_Site/Input_Vendor_Site_Name/input_Vendor_Site_City'

2019-01-18 20:23:00 - [MESSAGE][PASSED] - Text 'DY3YY9Q8' is set on object 'Object Repository/TF_Customer_Create/4_Create_Objects_And_Save/13_Create_LDI_Vendor_Site/Input_Vendor_Site_Name/input_Vendor_Site_City'

2019-01-18 20:23:00 - [TEST_STEP][PASSED] - setText(findTestObject("TF_Customer_Create/4_Create_Objects_And_Save/13_Create_LDI_Vendor_Site/Input_Vendor_Site_Name/input_Vendor_Site_Postal_Code"), vndSitePtlCd): Text '7J0ALC' is set on object 'Object Repository/TF_Customer_Create/4_Create_Objects_And_Save/13_Create_LDI_Vendor_Site/Input_Vendor_Site_Name/input_Vendor_Site_Postal_Code'

2019-01-18 20:23:00 - [MESSAGE][PASSED] - Text '7J0ALC' is set on object 'Object Repository/TF_Customer_Create/4_Create_Objects_And_Save/13_Create_LDI_Vendor_Site/Input_Vendor_Site_Name/input_Vendor_Site_Postal_Code'

2019-01-18 20:23:00 - [TEST_STEP][NOT_RUN] - setText(findTestObject("TF_Customer_Create/4_Create_Objects_And_Save/Set_Effective_Dates/input_Effective_End_Date"), input_Eff_End_Dt): NOT_RUN: setText(findTestObject("TF_Customer_Create/4_Create_Objects_And_Save/Set_Effective_Dates/input_Effective_End_Date"), input_Eff_End_Dt)

2019-01-18 20:23:00 - [MESSAGE][NOT_RUN] - NOT_RUN: setText(findTestObject("TF_Customer_Create/4_Create_Objects_And_Save/Set_Effective_Dates/input_Effective_End_Date"), input_Eff_End_Dt)

2019-01-18 20:23:00 - [TEST_STEP][PASSED] - delay(2): Delayed 2 second(s)

2019-01-18 20:23:02 - [MESSAGE][PASSED] - Delayed 2 second(s)

2019-01-18 20:23:02 - [TEST_STEP][PASSED] - click(findTestObject("TF_Customer_Create/3_Common_Action_Buttons/Click_Data_Tab/span_Data_Tab")): Object: 'Object Repository/TF_Customer_Create/3_Common_Action_Buttons/Click_Data_Tab/span_Data_Tab' is clicked on

2019-01-18 20:23:02 - [MESSAGE][PASSED] - Object: 'Object Repository/TF_Customer_Create/3_Common_Action_Buttons/Click_Data_Tab/span_Data_Tab' is clicked on

2019-01-18 20:23:02 - [TEST_STEP][NOT_RUN] - click(findTestObject("TF_Customer_Create/4_Create_Objects_And_Save/Choose_Sales_Org/Click_Sales_Org_DD"), CONTINUE_ON_FAILURE): NOT_RUN: click(findTestObject("TF_Customer_Create/4_Create_Objects_And_Save/Choose_Sales_Org/Click_Sales_Org_DD"), CONTINUE_ON_FAILURE)

2019-01-18 20:23:02 - [MESSAGE][NOT_RUN] - NOT_RUN: click(findTestObject("TF_Customer_Create/4_Create_Objects_And_Save/Choose_Sales_Org/Click_Sales_Org_DD"), CONTINUE_ON_FAILURE)

2019-01-18 20:23:02 - [TEST_STEP][NOT_RUN] - click(findTestObject("TF_Customer_Create/4_Create_Objects_And_Save/Choose_Sales_Org/CA_Object"), CONTINUE_ON_FAILURE): NOT_RUN: click(findTestObject("TF_Customer_Create/4_Create_Objects_And_Save/Choose_Sales_Org/CA_Object"), CONTINUE_ON_FAILURE)

2019-01-18 20:23:02 - [MESSAGE][NOT_RUN] - NOT_RUN: click(findTestObject("TF_Customer_Create/4_Create_Objects_And_Save/Choose_Sales_Org/CA_Object"), CONTINUE_ON_FAILURE)

2019-01-18 20:23:02 - [TEST_STEP][PASSED] - delay(2): Delayed 2 second(s)

2019-01-18 20:23:04 - [MESSAGE][PASSED] - Delayed 2 second(s)

2019-01-18 20:23:04 - [TEST_STEP][PASSED] - click(findTestObject("TF_Customer_Create/3_Common_Action_Buttons/Click_Apply_Button/td_Apply")): Object: 'Object Repository/TF_Customer_Create/3_Common_Action_Buttons/Click_Apply_Button/td_Apply' is clicked on

2019-01-18 20:23:04 - [MESSAGE][PASSED] - Object: 'Object Repository/TF_Customer_Create/3_Common_Action_Buttons/Click_Apply_Button/td_Apply' is clicked on

2019-01-18 20:23:04 - [TEST_STEP][PASSED] - delay(2): Delayed 2 second(s)

2019-01-18 20:23:06 - [MESSAGE][PASSED] - Delayed 2 second(s)

2019-01-18 20:23:06 - [TEST_STEP][PASSED] - click(findTestObject("TF_Customer_Create/3_Common_Action_Buttons/Click_Save_Button/btn_Save")): Object: 'Object Repository/TF_Customer_Create/3_Common_Action_Buttons/Click_Save_Button/btn_Save' is clicked on

2019-01-18 20:23:07 - [MESSAGE][PASSED] - Object: 'Object Repository/TF_Customer_Create/3_Common_Action_Buttons/Click_Save_Button/btn_Save' is clicked on

2019-01-18 20:23:07 - [TEST_STEP][PASSED] - delay(2): Delayed 2 second(s)

2019-01-18 20:23:09 - [MESSAGE][PASSED] - Delayed 2 second(s)

2019-01-18 20:23:09 - [TEST_STEP][NOT_RUN] - verifyElementText(findTestObject("TF_Customer_Create/3_Common_Action_Buttons/Verify_Success_Message/Success_Message"), "Record has been saved successfully.", CONTINUE_ON_FAILURE): NOT_RUN: verifyElementText(findTestObject("TF_Customer_Create/3_Common_Action_Buttons/Verify_Success_Message/Success_Message"), "Record has been saved successfully.", CONTINUE_ON_FAILURE)

2019-01-18 20:23:09 - [MESSAGE][NOT_RUN] - NOT_RUN: verifyElementText(findTestObject("TF_Customer_Create/3_Common_Action_Buttons/Verify_Success_Message/Success_Message"), "Record has been saved successfully.", CONTINUE_ON_FAILURE)

2019-01-18 20:23:09 - [TEST_STEP][NOT_RUN] - click(findTestObject("TF_Customer_Create/3_Common_Action_Buttons/Click_Data_Tab/span_Data_Tab")): NOT_RUN: click(findTestObject("TF_Customer_Create/3_Common_Action_Buttons/Click_Data_Tab/span_Data_Tab"))

2019-01-18 20:23:09 - [MESSAGE][NOT_RUN] - NOT_RUN: click(findTestObject("TF_Customer_Create/3_Common_Action_Buttons/Click_Data_Tab/span_Data_Tab"))

2019-01-18 20:23:09 - [TEST_STEP][NOT_RUN] - delay(1): NOT_RUN: delay(1)

2019-01-18 20:23:09 - [MESSAGE][NOT_RUN] - NOT_RUN: delay(1)

2019-01-18 20:23:09 - [TEST_STEP][NOT_RUN] - click(findTestObject("TF_Customer_Create/3_Common_Action_Buttons/Click_Close_Button/btn_Close")): NOT_RUN: click(findTestObject("TF_Customer_Create/3_Common_Action_Buttons/Click_Close_Button/btn_Close"))

2019-01-18 20:23:09 - [MESSAGE][NOT_RUN] - NOT_RUN: click(findTestObject("TF_Customer_Create/3_Common_Action_Buttons/Click_Close_Button/btn_Close"))

2019-01-18 20:23:09 - [TEST_STEP][NOT_RUN] - delay(2): NOT_RUN: delay(2)

2019-01-18 20:23:09 - [MESSAGE][NOT_RUN] - NOT_RUN: delay(2)

2019-01-18 20:23:09 - [TEST_STEP][NOT_RUN] - vrfy_PLA = com.oracledb.regressiontest.verifyPLA(ora_connt, ora_usr, ora_psswrd, ora_schema, plaAcctName): NOT_RUN: vrfy_PLA = com.oracledb.regressiontest.verifyPLA(ora_connt, ora_usr, ora_psswrd, ora_schema, plaAcctName)

2019-01-18 20:23:09 - [MESSAGE][NOT_RUN] - NOT_RUN: vrfy_PLA = com.oracledb.regressiontest.verifyPLA(ora_connt, ora_usr, ora_psswrd, ora_schema, plaAcctName)

2019-01-18 20:23:09 - [TEST_STEP][NOT_RUN] - println("Planning Account Name"): NOT_RUN: println("Planning Account Name")

2019-01-18 20:23:09 - [MESSAGE][NOT_RUN] - NOT_RUN: println("Planning Account Name")

2019-01-18 20:23:09 - [TEST_STEP][NOT_RUN] - verifyEqual(PLANNING_ACCOUNT_NAME, plaAcctName): NOT_RUN: verifyEqual(PLANNING_ACCOUNT_NAME, plaAcctName)

2019-01-18 20:23:09 - [MESSAGE][NOT_RUN] - NOT_RUN: verifyEqual(PLANNING_ACCOUNT_NAME, plaAcctName)]]></system-out>
         <system-err><![CDATA[]]></system-err>
      </testcase>
      <testcase name="Test Cases/Regression_TF_Customer/Create_Record/TC_13_Create_LDI_Vendor_Site" classname="Test Cases/Regression_TF_Customer/Create_Record/TC_13_Create_LDI_Vendor_Site" status="PASSED">
         <system-out><![CDATA[2019-01-18 20:23:09 - [TEST_CASE][PASSED] - Test Cases/Regression_TF_Customer/Create_Record/TC_13_Create_LDI_Vendor_Site: Test Cases/Regression_TF_Customer/Create_Record/TC_13_Create_LDI_Vendor_Site

2019-01-18 20:23:09 - [TEST_STEP][PASSED] - waitForPageLoad(G_Timeout): Wait for page load successfully

2019-01-18 20:23:09 - [MESSAGE][PASSED] - Wait for page load successfully

2019-01-18 20:23:09 - [TEST_STEP][PASSED] - mouseOver(findTestObject("TF_Customer_Create/1_Menu_Navigation_To_Open_All_Pages/0_Menu_Create_In_Data_View")): Object: 'Object Repository/TF_Customer_Create/1_Menu_Navigation_To_Open_All_Pages/0_Menu_Create_In_Data_View' is hovered

2019-01-18 20:23:09 - [MESSAGE][PASSED] - Object: 'Object Repository/TF_Customer_Create/1_Menu_Navigation_To_Open_All_Pages/0_Menu_Create_In_Data_View' is hovered

2019-01-18 20:23:09 - [TEST_STEP][PASSED] - waitForPageLoad(G_Timeout): Wait for page load successfully

2019-01-18 20:23:09 - [MESSAGE][PASSED] - Wait for page load successfully

2019-01-18 20:23:09 - [TEST_STEP][PASSED] - mouseOver(findTestObject("TF_Customer_Create/1_Menu_Navigation_To_Open_All_Pages/1_Menu_Create_Master_Data")): Object: 'Object Repository/TF_Customer_Create/1_Menu_Navigation_To_Open_All_Pages/1_Menu_Create_Master_Data' is hovered

2019-01-18 20:23:09 - [MESSAGE][PASSED] - Object: 'Object Repository/TF_Customer_Create/1_Menu_Navigation_To_Open_All_Pages/1_Menu_Create_Master_Data' is hovered

2019-01-18 20:23:09 - [TEST_STEP][PASSED] - waitForPageLoad(G_Timeout): Wait for page load successfully

2019-01-18 20:23:09 - [MESSAGE][PASSED] - Wait for page load successfully

2019-01-18 20:23:09 - [TEST_STEP][PASSED] - mouseOver(findTestObject("TF_Customer_Create/1_Menu_Navigation_To_Open_All_Pages/3_Planning_Account_Hoverover_Option")): Object: 'Object Repository/TF_Customer_Create/1_Menu_Navigation_To_Open_All_Pages/3_Planning_Account_Hoverover_Option' is hovered

2019-01-18 20:23:09 - [MESSAGE][PASSED] - Object: 'Object Repository/TF_Customer_Create/1_Menu_Navigation_To_Open_All_Pages/3_Planning_Account_Hoverover_Option' is hovered

2019-01-18 20:23:09 - [TEST_STEP][PASSED] - waitForPageLoad(G_Timeout): Wait for page load successfully

2019-01-18 20:23:09 - [MESSAGE][PASSED] - Wait for page load successfully

2019-01-18 20:23:09 - [TEST_STEP][PASSED] - click(findTestObject("TF_Customer_Create/2_Select_Menu_Options(All)/13_LDI_Vendor_Site")): Object: 'Object Repository/TF_Customer_Create/2_Select_Menu_Options(All)/13_LDI_Vendor_Site' is clicked on

2019-01-18 20:23:09 - [MESSAGE][PASSED] - Object: 'Object Repository/TF_Customer_Create/2_Select_Menu_Options(All)/13_LDI_Vendor_Site' is clicked on

2019-01-18 20:23:09 - [TEST_STEP][PASSED] - waitForPageLoad(G_Timeout): Wait for page load successfully

2019-01-18 20:23:09 - [MESSAGE][PASSED] - Wait for page load successfully

2019-01-18 20:23:09 - [TEST_STEP][PASSED] - delay(3): Delayed 3 second(s)

2019-01-18 20:23:12 - [MESSAGE][PASSED] - Delayed 3 second(s)

2019-01-18 20:23:12 - [TEST_STEP][PASSED] - vndSiteName = com.oracledb.regressiontest.genName(15): com.oracledb.regressiontest.genName is PASSED

2019-01-18 20:23:12 - [MESSAGE][PASSED] - com.oracledb.regressiontest.genName is PASSED

2019-01-18 20:23:12 - [TEST_STEP][PASSED] - vndSiteNumber = com.oracledb.regressiontest.genName(12): com.oracledb.regressiontest.genName is PASSED

2019-01-18 20:23:12 - [MESSAGE][PASSED] - com.oracledb.regressiontest.genName is PASSED

2019-01-18 20:23:12 - [TEST_STEP][PASSED] - vndSiteCd = com.oracledb.regressiontest.genName(10): com.oracledb.regressiontest.genName is PASSED

2019-01-18 20:23:12 - [MESSAGE][PASSED] - com.oracledb.regressiontest.genName is PASSED

2019-01-18 20:23:12 - [TEST_STEP][PASSED] - vndSiteCity = com.oracledb.regressiontest.genName(8): com.oracledb.regressiontest.genName is PASSED

2019-01-18 20:23:12 - [MESSAGE][PASSED] - com.oracledb.regressiontest.genName is PASSED

2019-01-18 20:23:12 - [TEST_STEP][PASSED] - vndSitePtlCd = com.oracledb.regressiontest.genName(6): com.oracledb.regressiontest.genName is PASSED

2019-01-18 20:23:12 - [MESSAGE][PASSED] - com.oracledb.regressiontest.genName is PASSED

2019-01-18 20:23:12 - [TEST_STEP][PASSED] - setText(findTestObject("TF_Customer_Create/4_Create_Objects_And_Save/13_Create_LDI_Vendor_Site/Input_Vendor_Site_Name/input_Vendor_Site_Nm"), vndSiteName): Text 'KDOU7EJNF8GFDZW' is set on object 'Object Repository/TF_Customer_Create/4_Create_Objects_And_Save/13_Create_LDI_Vendor_Site/Input_Vendor_Site_Name/input_Vendor_Site_Nm'

2019-01-18 20:23:13 - [MESSAGE][PASSED] - Text 'KDOU7EJNF8GFDZW' is set on object 'Object Repository/TF_Customer_Create/4_Create_Objects_And_Save/13_Create_LDI_Vendor_Site/Input_Vendor_Site_Name/input_Vendor_Site_Nm'

2019-01-18 20:23:13 - [TEST_STEP][PASSED] - setText(findTestObject("TF_Customer_Create/4_Create_Objects_And_Save/13_Create_LDI_Vendor_Site/Input_Vendor_Site_Name/input_Vendor_Site_Number"), vndSiteNumber): Text 'RLNQWWPJZTF2' is set on object 'Object Repository/TF_Customer_Create/4_Create_Objects_And_Save/13_Create_LDI_Vendor_Site/Input_Vendor_Site_Name/input_Vendor_Site_Number'

2019-01-18 20:23:13 - [MESSAGE][PASSED] - Text 'RLNQWWPJZTF2' is set on object 'Object Repository/TF_Customer_Create/4_Create_Objects_And_Save/13_Create_LDI_Vendor_Site/Input_Vendor_Site_Name/input_Vendor_Site_Number'

2019-01-18 20:23:13 - [TEST_STEP][PASSED] - setText(findTestObject("TF_Customer_Create/4_Create_Objects_And_Save/13_Create_LDI_Vendor_Site/Input_Vendor_Site_Name/input_Vendor_Site_Cd"), vndSiteCd): Text '987ZTH435D' is set on object 'Object Repository/TF_Customer_Create/4_Create_Objects_And_Save/13_Create_LDI_Vendor_Site/Input_Vendor_Site_Name/input_Vendor_Site_Cd'

2019-01-18 20:23:13 - [MESSAGE][PASSED] - Text '987ZTH435D' is set on object 'Object Repository/TF_Customer_Create/4_Create_Objects_And_Save/13_Create_LDI_Vendor_Site/Input_Vendor_Site_Name/input_Vendor_Site_Cd'

2019-01-18 20:23:13 - [TEST_STEP][PASSED] - setText(findTestObject("TF_Customer_Create/4_Create_Objects_And_Save/13_Create_LDI_Vendor_Site/Input_Vendor_Site_Name/input_Vendor_Site_City"), vndSiteCity): Text 'M1A1X9YS' is set on object 'Object Repository/TF_Customer_Create/4_Create_Objects_And_Save/13_Create_LDI_Vendor_Site/Input_Vendor_Site_Name/input_Vendor_Site_City'

2019-01-18 20:23:13 - [MESSAGE][PASSED] - Text 'M1A1X9YS' is set on object 'Object Repository/TF_Customer_Create/4_Create_Objects_And_Save/13_Create_LDI_Vendor_Site/Input_Vendor_Site_Name/input_Vendor_Site_City'

2019-01-18 20:23:13 - [TEST_STEP][PASSED] - setText(findTestObject("TF_Customer_Create/4_Create_Objects_And_Save/13_Create_LDI_Vendor_Site/Input_Vendor_Site_Name/input_Vendor_Site_Postal_Code"), vndSitePtlCd): Text '88F0LN' is set on object 'Object Repository/TF_Customer_Create/4_Create_Objects_And_Save/13_Create_LDI_Vendor_Site/Input_Vendor_Site_Name/input_Vendor_Site_Postal_Code'

2019-01-18 20:23:13 - [MESSAGE][PASSED] - Text '88F0LN' is set on object 'Object Repository/TF_Customer_Create/4_Create_Objects_And_Save/13_Create_LDI_Vendor_Site/Input_Vendor_Site_Name/input_Vendor_Site_Postal_Code'

2019-01-18 20:23:13 - [TEST_STEP][NOT_RUN] - setText(findTestObject("TF_Customer_Create/4_Create_Objects_And_Save/Set_Effective_Dates/input_Effective_End_Date"), input_Eff_End_Dt): NOT_RUN: setText(findTestObject("TF_Customer_Create/4_Create_Objects_And_Save/Set_Effective_Dates/input_Effective_End_Date"), input_Eff_End_Dt)

2019-01-18 20:23:13 - [MESSAGE][NOT_RUN] - NOT_RUN: setText(findTestObject("TF_Customer_Create/4_Create_Objects_And_Save/Set_Effective_Dates/input_Effective_End_Date"), input_Eff_End_Dt)

2019-01-18 20:23:13 - [TEST_STEP][PASSED] - delay(2): Delayed 2 second(s)

2019-01-18 20:23:15 - [MESSAGE][PASSED] - Delayed 2 second(s)

2019-01-18 20:23:15 - [TEST_STEP][PASSED] - click(findTestObject("TF_Customer_Create/3_Common_Action_Buttons/Click_Data_Tab/span_Data_Tab")): Object: 'Object Repository/TF_Customer_Create/3_Common_Action_Buttons/Click_Data_Tab/span_Data_Tab' is clicked on

2019-01-18 20:23:15 - [MESSAGE][PASSED] - Object: 'Object Repository/TF_Customer_Create/3_Common_Action_Buttons/Click_Data_Tab/span_Data_Tab' is clicked on

2019-01-18 20:23:15 - [TEST_STEP][NOT_RUN] - click(findTestObject("TF_Customer_Create/4_Create_Objects_And_Save/Choose_Sales_Org/Click_Sales_Org_DD"), CONTINUE_ON_FAILURE): NOT_RUN: click(findTestObject("TF_Customer_Create/4_Create_Objects_And_Save/Choose_Sales_Org/Click_Sales_Org_DD"), CONTINUE_ON_FAILURE)

2019-01-18 20:23:15 - [MESSAGE][NOT_RUN] - NOT_RUN: click(findTestObject("TF_Customer_Create/4_Create_Objects_And_Save/Choose_Sales_Org/Click_Sales_Org_DD"), CONTINUE_ON_FAILURE)

2019-01-18 20:23:15 - [TEST_STEP][NOT_RUN] - click(findTestObject("TF_Customer_Create/4_Create_Objects_And_Save/Choose_Sales_Org/CA_Object"), CONTINUE_ON_FAILURE): NOT_RUN: click(findTestObject("TF_Customer_Create/4_Create_Objects_And_Save/Choose_Sales_Org/CA_Object"), CONTINUE_ON_FAILURE)

2019-01-18 20:23:15 - [MESSAGE][NOT_RUN] - NOT_RUN: click(findTestObject("TF_Customer_Create/4_Create_Objects_And_Save/Choose_Sales_Org/CA_Object"), CONTINUE_ON_FAILURE)

2019-01-18 20:23:15 - [TEST_STEP][PASSED] - delay(2): Delayed 2 second(s)

2019-01-18 20:23:17 - [MESSAGE][PASSED] - Delayed 2 second(s)

2019-01-18 20:23:17 - [TEST_STEP][PASSED] - click(findTestObject("TF_Customer_Create/3_Common_Action_Buttons/Click_Apply_Button/td_Apply")): Object: 'Object Repository/TF_Customer_Create/3_Common_Action_Buttons/Click_Apply_Button/td_Apply' is clicked on

2019-01-18 20:23:17 - [MESSAGE][PASSED] - Object: 'Object Repository/TF_Customer_Create/3_Common_Action_Buttons/Click_Apply_Button/td_Apply' is clicked on

2019-01-18 20:23:17 - [TEST_STEP][PASSED] - delay(2): Delayed 2 second(s)

2019-01-18 20:23:19 - [MESSAGE][PASSED] - Delayed 2 second(s)

2019-01-18 20:23:19 - [TEST_STEP][PASSED] - click(findTestObject("TF_Customer_Create/3_Common_Action_Buttons/Click_Save_Button/btn_Save")): Object: 'Object Repository/TF_Customer_Create/3_Common_Action_Buttons/Click_Save_Button/btn_Save' is clicked on

2019-01-18 20:23:19 - [MESSAGE][PASSED] - Object: 'Object Repository/TF_Customer_Create/3_Common_Action_Buttons/Click_Save_Button/btn_Save' is clicked on

2019-01-18 20:23:19 - [TEST_STEP][PASSED] - delay(2): Delayed 2 second(s)

2019-01-18 20:23:21 - [MESSAGE][PASSED] - Delayed 2 second(s)

2019-01-18 20:23:21 - [TEST_STEP][NOT_RUN] - verifyElementText(findTestObject("TF_Customer_Create/3_Common_Action_Buttons/Verify_Success_Message/Success_Message"), "Record has been saved successfully.", CONTINUE_ON_FAILURE): NOT_RUN: verifyElementText(findTestObject("TF_Customer_Create/3_Common_Action_Buttons/Verify_Success_Message/Success_Message"), "Record has been saved successfully.", CONTINUE_ON_FAILURE)

2019-01-18 20:23:21 - [MESSAGE][NOT_RUN] - NOT_RUN: verifyElementText(findTestObject("TF_Customer_Create/3_Common_Action_Buttons/Verify_Success_Message/Success_Message"), "Record has been saved successfully.", CONTINUE_ON_FAILURE)

2019-01-18 20:23:21 - [TEST_STEP][NOT_RUN] - click(findTestObject("TF_Customer_Create/3_Common_Action_Buttons/Click_Data_Tab/span_Data_Tab")): NOT_RUN: click(findTestObject("TF_Customer_Create/3_Common_Action_Buttons/Click_Data_Tab/span_Data_Tab"))

2019-01-18 20:23:21 - [MESSAGE][NOT_RUN] - NOT_RUN: click(findTestObject("TF_Customer_Create/3_Common_Action_Buttons/Click_Data_Tab/span_Data_Tab"))

2019-01-18 20:23:21 - [TEST_STEP][NOT_RUN] - delay(1): NOT_RUN: delay(1)

2019-01-18 20:23:22 - [MESSAGE][NOT_RUN] - NOT_RUN: delay(1)

2019-01-18 20:23:22 - [TEST_STEP][NOT_RUN] - click(findTestObject("TF_Customer_Create/3_Common_Action_Buttons/Click_Close_Button/btn_Close")): NOT_RUN: click(findTestObject("TF_Customer_Create/3_Common_Action_Buttons/Click_Close_Button/btn_Close"))

2019-01-18 20:23:22 - [MESSAGE][NOT_RUN] - NOT_RUN: click(findTestObject("TF_Customer_Create/3_Common_Action_Buttons/Click_Close_Button/btn_Close"))

2019-01-18 20:23:22 - [TEST_STEP][NOT_RUN] - delay(2): NOT_RUN: delay(2)

2019-01-18 20:23:22 - [MESSAGE][NOT_RUN] - NOT_RUN: delay(2)

2019-01-18 20:23:22 - [TEST_STEP][NOT_RUN] - vrfy_PLA = com.oracledb.regressiontest.verifyPLA(ora_connt, ora_usr, ora_psswrd, ora_schema, plaAcctName): NOT_RUN: vrfy_PLA = com.oracledb.regressiontest.verifyPLA(ora_connt, ora_usr, ora_psswrd, ora_schema, plaAcctName)

2019-01-18 20:23:22 - [MESSAGE][NOT_RUN] - NOT_RUN: vrfy_PLA = com.oracledb.regressiontest.verifyPLA(ora_connt, ora_usr, ora_psswrd, ora_schema, plaAcctName)

2019-01-18 20:23:22 - [TEST_STEP][NOT_RUN] - println("Planning Account Name"): NOT_RUN: println("Planning Account Name")

2019-01-18 20:23:22 - [MESSAGE][NOT_RUN] - NOT_RUN: println("Planning Account Name")

2019-01-18 20:23:22 - [TEST_STEP][NOT_RUN] - verifyEqual(PLANNING_ACCOUNT_NAME, plaAcctName): NOT_RUN: verifyEqual(PLANNING_ACCOUNT_NAME, plaAcctName)

2019-01-18 20:23:22 - [MESSAGE][NOT_RUN] - NOT_RUN: verifyEqual(PLANNING_ACCOUNT_NAME, plaAcctName)]]></system-out>
         <system-err><![CDATA[]]></system-err>
      </testcase>
      <testcase name="Test Cases/Regression_TF_Customer/Create_Record/TC_13_Create_LDI_Vendor_Site" classname="Test Cases/Regression_TF_Customer/Create_Record/TC_13_Create_LDI_Vendor_Site" status="PASSED">
         <system-out><![CDATA[2019-01-18 20:23:22 - [TEST_CASE][PASSED] - Test Cases/Regression_TF_Customer/Create_Record/TC_13_Create_LDI_Vendor_Site: Test Cases/Regression_TF_Customer/Create_Record/TC_13_Create_LDI_Vendor_Site

2019-01-18 20:23:22 - [TEST_STEP][PASSED] - waitForPageLoad(G_Timeout): Wait for page load successfully

2019-01-18 20:23:22 - [MESSAGE][PASSED] - Wait for page load successfully

2019-01-18 20:23:22 - [TEST_STEP][PASSED] - mouseOver(findTestObject("TF_Customer_Create/1_Menu_Navigation_To_Open_All_Pages/0_Menu_Create_In_Data_View")): Object: 'Object Repository/TF_Customer_Create/1_Menu_Navigation_To_Open_All_Pages/0_Menu_Create_In_Data_View' is hovered

2019-01-18 20:23:22 - [MESSAGE][PASSED] - Object: 'Object Repository/TF_Customer_Create/1_Menu_Navigation_To_Open_All_Pages/0_Menu_Create_In_Data_View' is hovered

2019-01-18 20:23:22 - [TEST_STEP][PASSED] - waitForPageLoad(G_Timeout): Wait for page load successfully

2019-01-18 20:23:22 - [MESSAGE][PASSED] - Wait for page load successfully

2019-01-18 20:23:22 - [TEST_STEP][PASSED] - mouseOver(findTestObject("TF_Customer_Create/1_Menu_Navigation_To_Open_All_Pages/1_Menu_Create_Master_Data")): Object: 'Object Repository/TF_Customer_Create/1_Menu_Navigation_To_Open_All_Pages/1_Menu_Create_Master_Data' is hovered

2019-01-18 20:23:22 - [MESSAGE][PASSED] - Object: 'Object Repository/TF_Customer_Create/1_Menu_Navigation_To_Open_All_Pages/1_Menu_Create_Master_Data' is hovered

2019-01-18 20:23:22 - [TEST_STEP][PASSED] - waitForPageLoad(G_Timeout): Wait for page load successfully

2019-01-18 20:23:22 - [MESSAGE][PASSED] - Wait for page load successfully

2019-01-18 20:23:22 - [TEST_STEP][PASSED] - mouseOver(findTestObject("TF_Customer_Create/1_Menu_Navigation_To_Open_All_Pages/3_Planning_Account_Hoverover_Option")): Object: 'Object Repository/TF_Customer_Create/1_Menu_Navigation_To_Open_All_Pages/3_Planning_Account_Hoverover_Option' is hovered

2019-01-18 20:23:22 - [MESSAGE][PASSED] - Object: 'Object Repository/TF_Customer_Create/1_Menu_Navigation_To_Open_All_Pages/3_Planning_Account_Hoverover_Option' is hovered

2019-01-18 20:23:22 - [TEST_STEP][PASSED] - waitForPageLoad(G_Timeout): Wait for page load successfully

2019-01-18 20:23:22 - [MESSAGE][PASSED] - Wait for page load successfully

2019-01-18 20:23:22 - [TEST_STEP][PASSED] - click(findTestObject("TF_Customer_Create/2_Select_Menu_Options(All)/13_LDI_Vendor_Site")): Object: 'Object Repository/TF_Customer_Create/2_Select_Menu_Options(All)/13_LDI_Vendor_Site' is clicked on

2019-01-18 20:23:22 - [MESSAGE][PASSED] - Object: 'Object Repository/TF_Customer_Create/2_Select_Menu_Options(All)/13_LDI_Vendor_Site' is clicked on

2019-01-18 20:23:22 - [TEST_STEP][PASSED] - waitForPageLoad(G_Timeout): Wait for page load successfully

2019-01-18 20:23:22 - [MESSAGE][PASSED] - Wait for page load successfully

2019-01-18 20:23:22 - [TEST_STEP][PASSED] - delay(3): Delayed 3 second(s)

2019-01-18 20:23:25 - [MESSAGE][PASSED] - Delayed 3 second(s)

2019-01-18 20:23:25 - [TEST_STEP][PASSED] - vndSiteName = com.oracledb.regressiontest.genName(15): com.oracledb.regressiontest.genName is PASSED

2019-01-18 20:23:25 - [MESSAGE][PASSED] - com.oracledb.regressiontest.genName is PASSED

2019-01-18 20:23:25 - [TEST_STEP][PASSED] - vndSiteNumber = com.oracledb.regressiontest.genName(12): com.oracledb.regressiontest.genName is PASSED

2019-01-18 20:23:25 - [MESSAGE][PASSED] - com.oracledb.regressiontest.genName is PASSED

2019-01-18 20:23:25 - [TEST_STEP][PASSED] - vndSiteCd = com.oracledb.regressiontest.genName(10): com.oracledb.regressiontest.genName is PASSED

2019-01-18 20:23:25 - [MESSAGE][PASSED] - com.oracledb.regressiontest.genName is PASSED

2019-01-18 20:23:25 - [TEST_STEP][PASSED] - vndSiteCity = com.oracledb.regressiontest.genName(8): com.oracledb.regressiontest.genName is PASSED

2019-01-18 20:23:25 - [MESSAGE][PASSED] - com.oracledb.regressiontest.genName is PASSED

2019-01-18 20:23:25 - [TEST_STEP][PASSED] - vndSitePtlCd = com.oracledb.regressiontest.genName(6): com.oracledb.regressiontest.genName is PASSED

2019-01-18 20:23:25 - [MESSAGE][PASSED] - com.oracledb.regressiontest.genName is PASSED

2019-01-18 20:23:25 - [TEST_STEP][PASSED] - setText(findTestObject("TF_Customer_Create/4_Create_Objects_And_Save/13_Create_LDI_Vendor_Site/Input_Vendor_Site_Name/input_Vendor_Site_Nm"), vndSiteName): Text 'AQN7YBQW9DPE56O' is set on object 'Object Repository/TF_Customer_Create/4_Create_Objects_And_Save/13_Create_LDI_Vendor_Site/Input_Vendor_Site_Name/input_Vendor_Site_Nm'

2019-01-18 20:23:25 - [MESSAGE][PASSED] - Text 'AQN7YBQW9DPE56O' is set on object 'Object Repository/TF_Customer_Create/4_Create_Objects_And_Save/13_Create_LDI_Vendor_Site/Input_Vendor_Site_Name/input_Vendor_Site_Nm'

2019-01-18 20:23:25 - [TEST_STEP][PASSED] - setText(findTestObject("TF_Customer_Create/4_Create_Objects_And_Save/13_Create_LDI_Vendor_Site/Input_Vendor_Site_Name/input_Vendor_Site_Number"), vndSiteNumber): Text 'X9IMQOR2VK6P' is set on object 'Object Repository/TF_Customer_Create/4_Create_Objects_And_Save/13_Create_LDI_Vendor_Site/Input_Vendor_Site_Name/input_Vendor_Site_Number'

2019-01-18 20:23:26 - [MESSAGE][PASSED] - Text 'X9IMQOR2VK6P' is set on object 'Object Repository/TF_Customer_Create/4_Create_Objects_And_Save/13_Create_LDI_Vendor_Site/Input_Vendor_Site_Name/input_Vendor_Site_Number'

2019-01-18 20:23:26 - [TEST_STEP][PASSED] - setText(findTestObject("TF_Customer_Create/4_Create_Objects_And_Save/13_Create_LDI_Vendor_Site/Input_Vendor_Site_Name/input_Vendor_Site_Cd"), vndSiteCd): Text 'Z5YNHLMZGV' is set on object 'Object Repository/TF_Customer_Create/4_Create_Objects_And_Save/13_Create_LDI_Vendor_Site/Input_Vendor_Site_Name/input_Vendor_Site_Cd'

2019-01-18 20:23:26 - [MESSAGE][PASSED] - Text 'Z5YNHLMZGV' is set on object 'Object Repository/TF_Customer_Create/4_Create_Objects_And_Save/13_Create_LDI_Vendor_Site/Input_Vendor_Site_Name/input_Vendor_Site_Cd'

2019-01-18 20:23:26 - [TEST_STEP][PASSED] - setText(findTestObject("TF_Customer_Create/4_Create_Objects_And_Save/13_Create_LDI_Vendor_Site/Input_Vendor_Site_Name/input_Vendor_Site_City"), vndSiteCity): Text 'W3YC4S1Q' is set on object 'Object Repository/TF_Customer_Create/4_Create_Objects_And_Save/13_Create_LDI_Vendor_Site/Input_Vendor_Site_Name/input_Vendor_Site_City'

2019-01-18 20:23:26 - [MESSAGE][PASSED] - Text 'W3YC4S1Q' is set on object 'Object Repository/TF_Customer_Create/4_Create_Objects_And_Save/13_Create_LDI_Vendor_Site/Input_Vendor_Site_Name/input_Vendor_Site_City'

2019-01-18 20:23:26 - [TEST_STEP][PASSED] - setText(findTestObject("TF_Customer_Create/4_Create_Objects_And_Save/13_Create_LDI_Vendor_Site/Input_Vendor_Site_Name/input_Vendor_Site_Postal_Code"), vndSitePtlCd): Text 'SQSAAH' is set on object 'Object Repository/TF_Customer_Create/4_Create_Objects_And_Save/13_Create_LDI_Vendor_Site/Input_Vendor_Site_Name/input_Vendor_Site_Postal_Code'

2019-01-18 20:23:26 - [MESSAGE][PASSED] - Text 'SQSAAH' is set on object 'Object Repository/TF_Customer_Create/4_Create_Objects_And_Save/13_Create_LDI_Vendor_Site/Input_Vendor_Site_Name/input_Vendor_Site_Postal_Code'

2019-01-18 20:23:26 - [TEST_STEP][NOT_RUN] - setText(findTestObject("TF_Customer_Create/4_Create_Objects_And_Save/Set_Effective_Dates/input_Effective_End_Date"), input_Eff_End_Dt): NOT_RUN: setText(findTestObject("TF_Customer_Create/4_Create_Objects_And_Save/Set_Effective_Dates/input_Effective_End_Date"), input_Eff_End_Dt)

2019-01-18 20:23:26 - [MESSAGE][NOT_RUN] - NOT_RUN: setText(findTestObject("TF_Customer_Create/4_Create_Objects_And_Save/Set_Effective_Dates/input_Effective_End_Date"), input_Eff_End_Dt)

2019-01-18 20:23:26 - [TEST_STEP][PASSED] - delay(2): Delayed 2 second(s)

2019-01-18 20:23:28 - [MESSAGE][PASSED] - Delayed 2 second(s)

2019-01-18 20:23:28 - [TEST_STEP][PASSED] - click(findTestObject("TF_Customer_Create/3_Common_Action_Buttons/Click_Data_Tab/span_Data_Tab")): Object: 'Object Repository/TF_Customer_Create/3_Common_Action_Buttons/Click_Data_Tab/span_Data_Tab' is clicked on

2019-01-18 20:23:28 - [MESSAGE][PASSED] - Object: 'Object Repository/TF_Customer_Create/3_Common_Action_Buttons/Click_Data_Tab/span_Data_Tab' is clicked on

2019-01-18 20:23:28 - [TEST_STEP][NOT_RUN] - click(findTestObject("TF_Customer_Create/4_Create_Objects_And_Save/Choose_Sales_Org/Click_Sales_Org_DD"), CONTINUE_ON_FAILURE): NOT_RUN: click(findTestObject("TF_Customer_Create/4_Create_Objects_And_Save/Choose_Sales_Org/Click_Sales_Org_DD"), CONTINUE_ON_FAILURE)

2019-01-18 20:23:28 - [MESSAGE][NOT_RUN] - NOT_RUN: click(findTestObject("TF_Customer_Create/4_Create_Objects_And_Save/Choose_Sales_Org/Click_Sales_Org_DD"), CONTINUE_ON_FAILURE)

2019-01-18 20:23:28 - [TEST_STEP][NOT_RUN] - click(findTestObject("TF_Customer_Create/4_Create_Objects_And_Save/Choose_Sales_Org/CA_Object"), CONTINUE_ON_FAILURE): NOT_RUN: click(findTestObject("TF_Customer_Create/4_Create_Objects_And_Save/Choose_Sales_Org/CA_Object"), CONTINUE_ON_FAILURE)

2019-01-18 20:23:28 - [MESSAGE][NOT_RUN] - NOT_RUN: click(findTestObject("TF_Customer_Create/4_Create_Objects_And_Save/Choose_Sales_Org/CA_Object"), CONTINUE_ON_FAILURE)

2019-01-18 20:23:28 - [TEST_STEP][PASSED] - delay(2): Delayed 2 second(s)

2019-01-18 20:23:30 - [MESSAGE][PASSED] - Delayed 2 second(s)

2019-01-18 20:23:30 - [TEST_STEP][PASSED] - click(findTestObject("TF_Customer_Create/3_Common_Action_Buttons/Click_Apply_Button/td_Apply")): Object: 'Object Repository/TF_Customer_Create/3_Common_Action_Buttons/Click_Apply_Button/td_Apply' is clicked on

2019-01-18 20:23:30 - [MESSAGE][PASSED] - Object: 'Object Repository/TF_Customer_Create/3_Common_Action_Buttons/Click_Apply_Button/td_Apply' is clicked on

2019-01-18 20:23:30 - [TEST_STEP][PASSED] - delay(2): Delayed 2 second(s)

2019-01-18 20:23:32 - [MESSAGE][PASSED] - Delayed 2 second(s)

2019-01-18 20:23:32 - [TEST_STEP][PASSED] - click(findTestObject("TF_Customer_Create/3_Common_Action_Buttons/Click_Save_Button/btn_Save")): Object: 'Object Repository/TF_Customer_Create/3_Common_Action_Buttons/Click_Save_Button/btn_Save' is clicked on

2019-01-18 20:23:32 - [MESSAGE][PASSED] - Object: 'Object Repository/TF_Customer_Create/3_Common_Action_Buttons/Click_Save_Button/btn_Save' is clicked on

2019-01-18 20:23:32 - [TEST_STEP][PASSED] - delay(2): Delayed 2 second(s)

2019-01-18 20:23:34 - [MESSAGE][PASSED] - Delayed 2 second(s)

2019-01-18 20:23:34 - [TEST_STEP][NOT_RUN] - verifyElementText(findTestObject("TF_Customer_Create/3_Common_Action_Buttons/Verify_Success_Message/Success_Message"), "Record has been saved successfully.", CONTINUE_ON_FAILURE): NOT_RUN: verifyElementText(findTestObject("TF_Customer_Create/3_Common_Action_Buttons/Verify_Success_Message/Success_Message"), "Record has been saved successfully.", CONTINUE_ON_FAILURE)

2019-01-18 20:23:34 - [MESSAGE][NOT_RUN] - NOT_RUN: verifyElementText(findTestObject("TF_Customer_Create/3_Common_Action_Buttons/Verify_Success_Message/Success_Message"), "Record has been saved successfully.", CONTINUE_ON_FAILURE)

2019-01-18 20:23:34 - [TEST_STEP][NOT_RUN] - click(findTestObject("TF_Customer_Create/3_Common_Action_Buttons/Click_Data_Tab/span_Data_Tab")): NOT_RUN: click(findTestObject("TF_Customer_Create/3_Common_Action_Buttons/Click_Data_Tab/span_Data_Tab"))

2019-01-18 20:23:34 - [MESSAGE][NOT_RUN] - NOT_RUN: click(findTestObject("TF_Customer_Create/3_Common_Action_Buttons/Click_Data_Tab/span_Data_Tab"))

2019-01-18 20:23:34 - [TEST_STEP][NOT_RUN] - delay(1): NOT_RUN: delay(1)

2019-01-18 20:23:34 - [MESSAGE][NOT_RUN] - NOT_RUN: delay(1)

2019-01-18 20:23:34 - [TEST_STEP][NOT_RUN] - click(findTestObject("TF_Customer_Create/3_Common_Action_Buttons/Click_Close_Button/btn_Close")): NOT_RUN: click(findTestObject("TF_Customer_Create/3_Common_Action_Buttons/Click_Close_Button/btn_Close"))

2019-01-18 20:23:34 - [MESSAGE][NOT_RUN] - NOT_RUN: click(findTestObject("TF_Customer_Create/3_Common_Action_Buttons/Click_Close_Button/btn_Close"))

2019-01-18 20:23:34 - [TEST_STEP][NOT_RUN] - delay(2): NOT_RUN: delay(2)

2019-01-18 20:23:34 - [MESSAGE][NOT_RUN] - NOT_RUN: delay(2)

2019-01-18 20:23:34 - [TEST_STEP][NOT_RUN] - vrfy_PLA = com.oracledb.regressiontest.verifyPLA(ora_connt, ora_usr, ora_psswrd, ora_schema, plaAcctName): NOT_RUN: vrfy_PLA = com.oracledb.regressiontest.verifyPLA(ora_connt, ora_usr, ora_psswrd, ora_schema, plaAcctName)

2019-01-18 20:23:34 - [MESSAGE][NOT_RUN] - NOT_RUN: vrfy_PLA = com.oracledb.regressiontest.verifyPLA(ora_connt, ora_usr, ora_psswrd, ora_schema, plaAcctName)

2019-01-18 20:23:34 - [TEST_STEP][NOT_RUN] - println("Planning Account Name"): NOT_RUN: println("Planning Account Name")

2019-01-18 20:23:34 - [MESSAGE][NOT_RUN] - NOT_RUN: println("Planning Account Name")

2019-01-18 20:23:34 - [TEST_STEP][NOT_RUN] - verifyEqual(PLANNING_ACCOUNT_NAME, plaAcctName): NOT_RUN: verifyEqual(PLANNING_ACCOUNT_NAME, plaAcctName)

2019-01-18 20:23:34 - [MESSAGE][NOT_RUN] - NOT_RUN: verifyEqual(PLANNING_ACCOUNT_NAME, plaAcctName)]]></system-out>
         <system-err><![CDATA[]]></system-err>
      </testcase>
      <testcase name="Test Cases/Regression_TF_Customer/Create_Record/TC_13_Create_LDI_Vendor_Site" classname="Test Cases/Regression_TF_Customer/Create_Record/TC_13_Create_LDI_Vendor_Site" status="PASSED">
         <system-out><![CDATA[2019-01-18 20:23:34 - [TEST_CASE][PASSED] - Test Cases/Regression_TF_Customer/Create_Record/TC_13_Create_LDI_Vendor_Site: Test Cases/Regression_TF_Customer/Create_Record/TC_13_Create_LDI_Vendor_Site

2019-01-18 20:23:34 - [TEST_STEP][PASSED] - waitForPageLoad(G_Timeout): Wait for page load successfully

2019-01-18 20:23:34 - [MESSAGE][PASSED] - Wait for page load successfully

2019-01-18 20:23:34 - [TEST_STEP][PASSED] - mouseOver(findTestObject("TF_Customer_Create/1_Menu_Navigation_To_Open_All_Pages/0_Menu_Create_In_Data_View")): Object: 'Object Repository/TF_Customer_Create/1_Menu_Navigation_To_Open_All_Pages/0_Menu_Create_In_Data_View' is hovered

2019-01-18 20:23:34 - [MESSAGE][PASSED] - Object: 'Object Repository/TF_Customer_Create/1_Menu_Navigation_To_Open_All_Pages/0_Menu_Create_In_Data_View' is hovered

2019-01-18 20:23:34 - [TEST_STEP][PASSED] - waitForPageLoad(G_Timeout): Wait for page load successfully

2019-01-18 20:23:34 - [MESSAGE][PASSED] - Wait for page load successfully

2019-01-18 20:23:34 - [TEST_STEP][PASSED] - mouseOver(findTestObject("TF_Customer_Create/1_Menu_Navigation_To_Open_All_Pages/1_Menu_Create_Master_Data")): Object: 'Object Repository/TF_Customer_Create/1_Menu_Navigation_To_Open_All_Pages/1_Menu_Create_Master_Data' is hovered

2019-01-18 20:23:34 - [MESSAGE][PASSED] - Object: 'Object Repository/TF_Customer_Create/1_Menu_Navigation_To_Open_All_Pages/1_Menu_Create_Master_Data' is hovered

2019-01-18 20:23:34 - [TEST_STEP][PASSED] - waitForPageLoad(G_Timeout): Wait for page load successfully

2019-01-18 20:23:34 - [MESSAGE][PASSED] - Wait for page load successfully

2019-01-18 20:23:34 - [TEST_STEP][PASSED] - mouseOver(findTestObject("TF_Customer_Create/1_Menu_Navigation_To_Open_All_Pages/3_Planning_Account_Hoverover_Option")): Object: 'Object Repository/TF_Customer_Create/1_Menu_Navigation_To_Open_All_Pages/3_Planning_Account_Hoverover_Option' is hovered

2019-01-18 20:23:35 - [MESSAGE][PASSED] - Object: 'Object Repository/TF_Customer_Create/1_Menu_Navigation_To_Open_All_Pages/3_Planning_Account_Hoverover_Option' is hovered

2019-01-18 20:23:35 - [TEST_STEP][PASSED] - waitForPageLoad(G_Timeout): Wait for page load successfully

2019-01-18 20:23:35 - [MESSAGE][PASSED] - Wait for page load successfully

2019-01-18 20:23:35 - [TEST_STEP][PASSED] - click(findTestObject("TF_Customer_Create/2_Select_Menu_Options(All)/13_LDI_Vendor_Site")): Object: 'Object Repository/TF_Customer_Create/2_Select_Menu_Options(All)/13_LDI_Vendor_Site' is clicked on

2019-01-18 20:23:35 - [MESSAGE][PASSED] - Object: 'Object Repository/TF_Customer_Create/2_Select_Menu_Options(All)/13_LDI_Vendor_Site' is clicked on

2019-01-18 20:23:35 - [TEST_STEP][PASSED] - waitForPageLoad(G_Timeout): Wait for page load successfully

2019-01-18 20:23:35 - [MESSAGE][PASSED] - Wait for page load successfully

2019-01-18 20:23:35 - [TEST_STEP][PASSED] - delay(3): Delayed 3 second(s)

2019-01-18 20:23:38 - [MESSAGE][PASSED] - Delayed 3 second(s)

2019-01-18 20:23:38 - [TEST_STEP][PASSED] - vndSiteName = com.oracledb.regressiontest.genName(15): com.oracledb.regressiontest.genName is PASSED

2019-01-18 20:23:38 - [MESSAGE][PASSED] - com.oracledb.regressiontest.genName is PASSED

2019-01-18 20:23:38 - [TEST_STEP][PASSED] - vndSiteNumber = com.oracledb.regressiontest.genName(12): com.oracledb.regressiontest.genName is PASSED

2019-01-18 20:23:38 - [MESSAGE][PASSED] - com.oracledb.regressiontest.genName is PASSED

2019-01-18 20:23:38 - [TEST_STEP][PASSED] - vndSiteCd = com.oracledb.regressiontest.genName(10): com.oracledb.regressiontest.genName is PASSED

2019-01-18 20:23:38 - [MESSAGE][PASSED] - com.oracledb.regressiontest.genName is PASSED

2019-01-18 20:23:38 - [TEST_STEP][PASSED] - vndSiteCity = com.oracledb.regressiontest.genName(8): com.oracledb.regressiontest.genName is PASSED

2019-01-18 20:23:38 - [MESSAGE][PASSED] - com.oracledb.regressiontest.genName is PASSED

2019-01-18 20:23:38 - [TEST_STEP][PASSED] - vndSitePtlCd = com.oracledb.regressiontest.genName(6): com.oracledb.regressiontest.genName is PASSED

2019-01-18 20:23:38 - [MESSAGE][PASSED] - com.oracledb.regressiontest.genName is PASSED

2019-01-18 20:23:38 - [TEST_STEP][PASSED] - setText(findTestObject("TF_Customer_Create/4_Create_Objects_And_Save/13_Create_LDI_Vendor_Site/Input_Vendor_Site_Name/input_Vendor_Site_Nm"), vndSiteName): Text '7T2GM3AP0QBN1X1' is set on object 'Object Repository/TF_Customer_Create/4_Create_Objects_And_Save/13_Create_LDI_Vendor_Site/Input_Vendor_Site_Name/input_Vendor_Site_Nm'

2019-01-18 20:23:38 - [MESSAGE][PASSED] - Text '7T2GM3AP0QBN1X1' is set on object 'Object Repository/TF_Customer_Create/4_Create_Objects_And_Save/13_Create_LDI_Vendor_Site/Input_Vendor_Site_Name/input_Vendor_Site_Nm'

2019-01-18 20:23:38 - [TEST_STEP][PASSED] - setText(findTestObject("TF_Customer_Create/4_Create_Objects_And_Save/13_Create_LDI_Vendor_Site/Input_Vendor_Site_Name/input_Vendor_Site_Number"), vndSiteNumber): Text 'NUWSMRY9PKGA' is set on object 'Object Repository/TF_Customer_Create/4_Create_Objects_And_Save/13_Create_LDI_Vendor_Site/Input_Vendor_Site_Name/input_Vendor_Site_Number'

2019-01-18 20:23:39 - [MESSAGE][PASSED] - Text 'NUWSMRY9PKGA' is set on object 'Object Repository/TF_Customer_Create/4_Create_Objects_And_Save/13_Create_LDI_Vendor_Site/Input_Vendor_Site_Name/input_Vendor_Site_Number'

2019-01-18 20:23:39 - [TEST_STEP][PASSED] - setText(findTestObject("TF_Customer_Create/4_Create_Objects_And_Save/13_Create_LDI_Vendor_Site/Input_Vendor_Site_Name/input_Vendor_Site_Cd"), vndSiteCd): Text 'RDWC11LDSW' is set on object 'Object Repository/TF_Customer_Create/4_Create_Objects_And_Save/13_Create_LDI_Vendor_Site/Input_Vendor_Site_Name/input_Vendor_Site_Cd'

2019-01-18 20:23:39 - [MESSAGE][PASSED] - Text 'RDWC11LDSW' is set on object 'Object Repository/TF_Customer_Create/4_Create_Objects_And_Save/13_Create_LDI_Vendor_Site/Input_Vendor_Site_Name/input_Vendor_Site_Cd'

2019-01-18 20:23:39 - [TEST_STEP][PASSED] - setText(findTestObject("TF_Customer_Create/4_Create_Objects_And_Save/13_Create_LDI_Vendor_Site/Input_Vendor_Site_Name/input_Vendor_Site_City"), vndSiteCity): Text 'TIHRX6CO' is set on object 'Object Repository/TF_Customer_Create/4_Create_Objects_And_Save/13_Create_LDI_Vendor_Site/Input_Vendor_Site_Name/input_Vendor_Site_City'

2019-01-18 20:23:39 - [MESSAGE][PASSED] - Text 'TIHRX6CO' is set on object 'Object Repository/TF_Customer_Create/4_Create_Objects_And_Save/13_Create_LDI_Vendor_Site/Input_Vendor_Site_Name/input_Vendor_Site_City'

2019-01-18 20:23:39 - [TEST_STEP][PASSED] - setText(findTestObject("TF_Customer_Create/4_Create_Objects_And_Save/13_Create_LDI_Vendor_Site/Input_Vendor_Site_Name/input_Vendor_Site_Postal_Code"), vndSitePtlCd): Text 'GCU026' is set on object 'Object Repository/TF_Customer_Create/4_Create_Objects_And_Save/13_Create_LDI_Vendor_Site/Input_Vendor_Site_Name/input_Vendor_Site_Postal_Code'

2019-01-18 20:23:39 - [MESSAGE][PASSED] - Text 'GCU026' is set on object 'Object Repository/TF_Customer_Create/4_Create_Objects_And_Save/13_Create_LDI_Vendor_Site/Input_Vendor_Site_Name/input_Vendor_Site_Postal_Code'

2019-01-18 20:23:39 - [TEST_STEP][NOT_RUN] - setText(findTestObject("TF_Customer_Create/4_Create_Objects_And_Save/Set_Effective_Dates/input_Effective_End_Date"), input_Eff_End_Dt): NOT_RUN: setText(findTestObject("TF_Customer_Create/4_Create_Objects_And_Save/Set_Effective_Dates/input_Effective_End_Date"), input_Eff_End_Dt)

2019-01-18 20:23:39 - [MESSAGE][NOT_RUN] - NOT_RUN: setText(findTestObject("TF_Customer_Create/4_Create_Objects_And_Save/Set_Effective_Dates/input_Effective_End_Date"), input_Eff_End_Dt)

2019-01-18 20:23:39 - [TEST_STEP][PASSED] - delay(2): Delayed 2 second(s)

2019-01-18 20:23:41 - [MESSAGE][PASSED] - Delayed 2 second(s)

2019-01-18 20:23:41 - [TEST_STEP][PASSED] - click(findTestObject("TF_Customer_Create/3_Common_Action_Buttons/Click_Data_Tab/span_Data_Tab")): Object: 'Object Repository/TF_Customer_Create/3_Common_Action_Buttons/Click_Data_Tab/span_Data_Tab' is clicked on

2019-01-18 20:23:41 - [MESSAGE][PASSED] - Object: 'Object Repository/TF_Customer_Create/3_Common_Action_Buttons/Click_Data_Tab/span_Data_Tab' is clicked on

2019-01-18 20:23:41 - [TEST_STEP][NOT_RUN] - click(findTestObject("TF_Customer_Create/4_Create_Objects_And_Save/Choose_Sales_Org/Click_Sales_Org_DD"), CONTINUE_ON_FAILURE): NOT_RUN: click(findTestObject("TF_Customer_Create/4_Create_Objects_And_Save/Choose_Sales_Org/Click_Sales_Org_DD"), CONTINUE_ON_FAILURE)

2019-01-18 20:23:41 - [MESSAGE][NOT_RUN] - NOT_RUN: click(findTestObject("TF_Customer_Create/4_Create_Objects_And_Save/Choose_Sales_Org/Click_Sales_Org_DD"), CONTINUE_ON_FAILURE)

2019-01-18 20:23:41 - [TEST_STEP][NOT_RUN] - click(findTestObject("TF_Customer_Create/4_Create_Objects_And_Save/Choose_Sales_Org/CA_Object"), CONTINUE_ON_FAILURE): NOT_RUN: click(findTestObject("TF_Customer_Create/4_Create_Objects_And_Save/Choose_Sales_Org/CA_Object"), CONTINUE_ON_FAILURE)

2019-01-18 20:23:41 - [MESSAGE][NOT_RUN] - NOT_RUN: click(findTestObject("TF_Customer_Create/4_Create_Objects_And_Save/Choose_Sales_Org/CA_Object"), CONTINUE_ON_FAILURE)

2019-01-18 20:23:41 - [TEST_STEP][PASSED] - delay(2): Delayed 2 second(s)

2019-01-18 20:23:43 - [MESSAGE][PASSED] - Delayed 2 second(s)

2019-01-18 20:23:43 - [TEST_STEP][PASSED] - click(findTestObject("TF_Customer_Create/3_Common_Action_Buttons/Click_Apply_Button/td_Apply")): Object: 'Object Repository/TF_Customer_Create/3_Common_Action_Buttons/Click_Apply_Button/td_Apply' is clicked on

2019-01-18 20:23:43 - [MESSAGE][PASSED] - Object: 'Object Repository/TF_Customer_Create/3_Common_Action_Buttons/Click_Apply_Button/td_Apply' is clicked on

2019-01-18 20:23:43 - [TEST_STEP][PASSED] - delay(2): Delayed 2 second(s)

2019-01-18 20:23:45 - [MESSAGE][PASSED] - Delayed 2 second(s)

2019-01-18 20:23:45 - [TEST_STEP][PASSED] - click(findTestObject("TF_Customer_Create/3_Common_Action_Buttons/Click_Save_Button/btn_Save")): Object: 'Object Repository/TF_Customer_Create/3_Common_Action_Buttons/Click_Save_Button/btn_Save' is clicked on

2019-01-18 20:23:45 - [MESSAGE][PASSED] - Object: 'Object Repository/TF_Customer_Create/3_Common_Action_Buttons/Click_Save_Button/btn_Save' is clicked on

2019-01-18 20:23:45 - [TEST_STEP][PASSED] - delay(2): Delayed 2 second(s)

2019-01-18 20:23:47 - [MESSAGE][PASSED] - Delayed 2 second(s)

2019-01-18 20:23:47 - [TEST_STEP][NOT_RUN] - verifyElementText(findTestObject("TF_Customer_Create/3_Common_Action_Buttons/Verify_Success_Message/Success_Message"), "Record has been saved successfully.", CONTINUE_ON_FAILURE): NOT_RUN: verifyElementText(findTestObject("TF_Customer_Create/3_Common_Action_Buttons/Verify_Success_Message/Success_Message"), "Record has been saved successfully.", CONTINUE_ON_FAILURE)

2019-01-18 20:23:47 - [MESSAGE][NOT_RUN] - NOT_RUN: verifyElementText(findTestObject("TF_Customer_Create/3_Common_Action_Buttons/Verify_Success_Message/Success_Message"), "Record has been saved successfully.", CONTINUE_ON_FAILURE)

2019-01-18 20:23:47 - [TEST_STEP][NOT_RUN] - click(findTestObject("TF_Customer_Create/3_Common_Action_Buttons/Click_Data_Tab/span_Data_Tab")): NOT_RUN: click(findTestObject("TF_Customer_Create/3_Common_Action_Buttons/Click_Data_Tab/span_Data_Tab"))

2019-01-18 20:23:47 - [MESSAGE][NOT_RUN] - NOT_RUN: click(findTestObject("TF_Customer_Create/3_Common_Action_Buttons/Click_Data_Tab/span_Data_Tab"))

2019-01-18 20:23:47 - [TEST_STEP][NOT_RUN] - delay(1): NOT_RUN: delay(1)

2019-01-18 20:23:47 - [MESSAGE][NOT_RUN] - NOT_RUN: delay(1)

2019-01-18 20:23:47 - [TEST_STEP][NOT_RUN] - click(findTestObject("TF_Customer_Create/3_Common_Action_Buttons/Click_Close_Button/btn_Close")): NOT_RUN: click(findTestObject("TF_Customer_Create/3_Common_Action_Buttons/Click_Close_Button/btn_Close"))

2019-01-18 20:23:47 - [MESSAGE][NOT_RUN] - NOT_RUN: click(findTestObject("TF_Customer_Create/3_Common_Action_Buttons/Click_Close_Button/btn_Close"))

2019-01-18 20:23:47 - [TEST_STEP][NOT_RUN] - delay(2): NOT_RUN: delay(2)

2019-01-18 20:23:47 - [MESSAGE][NOT_RUN] - NOT_RUN: delay(2)

2019-01-18 20:23:47 - [TEST_STEP][NOT_RUN] - vrfy_PLA = com.oracledb.regressiontest.verifyPLA(ora_connt, ora_usr, ora_psswrd, ora_schema, plaAcctName): NOT_RUN: vrfy_PLA = com.oracledb.regressiontest.verifyPLA(ora_connt, ora_usr, ora_psswrd, ora_schema, plaAcctName)

2019-01-18 20:23:47 - [MESSAGE][NOT_RUN] - NOT_RUN: vrfy_PLA = com.oracledb.regressiontest.verifyPLA(ora_connt, ora_usr, ora_psswrd, ora_schema, plaAcctName)

2019-01-18 20:23:47 - [TEST_STEP][NOT_RUN] - println("Planning Account Name"): NOT_RUN: println("Planning Account Name")

2019-01-18 20:23:47 - [MESSAGE][NOT_RUN] - NOT_RUN: println("Planning Account Name")

2019-01-18 20:23:47 - [TEST_STEP][NOT_RUN] - verifyEqual(PLANNING_ACCOUNT_NAME, plaAcctName): NOT_RUN: verifyEqual(PLANNING_ACCOUNT_NAME, plaAcctName)

2019-01-18 20:23:47 - [MESSAGE][NOT_RUN] - NOT_RUN: verifyEqual(PLANNING_ACCOUNT_NAME, plaAcctName)]]></system-out>
         <system-err><![CDATA[]]></system-err>
      </testcase>
      <testcase name="Test Cases/Regression_TF_Customer/Create_Record/TC_13_Create_LDI_Vendor_Site" classname="Test Cases/Regression_TF_Customer/Create_Record/TC_13_Create_LDI_Vendor_Site" status="PASSED">
         <system-out><![CDATA[2019-01-18 20:23:47 - [TEST_CASE][PASSED] - Test Cases/Regression_TF_Customer/Create_Record/TC_13_Create_LDI_Vendor_Site: Test Cases/Regression_TF_Customer/Create_Record/TC_13_Create_LDI_Vendor_Site

2019-01-18 20:23:47 - [TEST_STEP][PASSED] - waitForPageLoad(G_Timeout): Wait for page load successfully

2019-01-18 20:23:47 - [MESSAGE][PASSED] - Wait for page load successfully

2019-01-18 20:23:47 - [TEST_STEP][PASSED] - mouseOver(findTestObject("TF_Customer_Create/1_Menu_Navigation_To_Open_All_Pages/0_Menu_Create_In_Data_View")): Object: 'Object Repository/TF_Customer_Create/1_Menu_Navigation_To_Open_All_Pages/0_Menu_Create_In_Data_View' is hovered

2019-01-18 20:23:47 - [MESSAGE][PASSED] - Object: 'Object Repository/TF_Customer_Create/1_Menu_Navigation_To_Open_All_Pages/0_Menu_Create_In_Data_View' is hovered

2019-01-18 20:23:47 - [TEST_STEP][PASSED] - waitForPageLoad(G_Timeout): Wait for page load successfully

2019-01-18 20:23:47 - [MESSAGE][PASSED] - Wait for page load successfully

2019-01-18 20:23:47 - [TEST_STEP][PASSED] - mouseOver(findTestObject("TF_Customer_Create/1_Menu_Navigation_To_Open_All_Pages/1_Menu_Create_Master_Data")): Object: 'Object Repository/TF_Customer_Create/1_Menu_Navigation_To_Open_All_Pages/1_Menu_Create_Master_Data' is hovered

2019-01-18 20:23:47 - [MESSAGE][PASSED] - Object: 'Object Repository/TF_Customer_Create/1_Menu_Navigation_To_Open_All_Pages/1_Menu_Create_Master_Data' is hovered

2019-01-18 20:23:47 - [TEST_STEP][PASSED] - waitForPageLoad(G_Timeout): Wait for page load successfully

2019-01-18 20:23:47 - [MESSAGE][PASSED] - Wait for page load successfully

2019-01-18 20:23:47 - [TEST_STEP][PASSED] - mouseOver(findTestObject("TF_Customer_Create/1_Menu_Navigation_To_Open_All_Pages/3_Planning_Account_Hoverover_Option")): Object: 'Object Repository/TF_Customer_Create/1_Menu_Navigation_To_Open_All_Pages/3_Planning_Account_Hoverover_Option' is hovered

2019-01-18 20:23:48 - [MESSAGE][PASSED] - Object: 'Object Repository/TF_Customer_Create/1_Menu_Navigation_To_Open_All_Pages/3_Planning_Account_Hoverover_Option' is hovered

2019-01-18 20:23:48 - [TEST_STEP][PASSED] - waitForPageLoad(G_Timeout): Wait for page load successfully

2019-01-18 20:23:48 - [MESSAGE][PASSED] - Wait for page load successfully

2019-01-18 20:23:48 - [TEST_STEP][PASSED] - click(findTestObject("TF_Customer_Create/2_Select_Menu_Options(All)/13_LDI_Vendor_Site")): Object: 'Object Repository/TF_Customer_Create/2_Select_Menu_Options(All)/13_LDI_Vendor_Site' is clicked on

2019-01-18 20:23:48 - [MESSAGE][PASSED] - Object: 'Object Repository/TF_Customer_Create/2_Select_Menu_Options(All)/13_LDI_Vendor_Site' is clicked on

2019-01-18 20:23:48 - [TEST_STEP][PASSED] - waitForPageLoad(G_Timeout): Wait for page load successfully

2019-01-18 20:23:48 - [MESSAGE][PASSED] - Wait for page load successfully

2019-01-18 20:23:48 - [TEST_STEP][PASSED] - delay(3): Delayed 3 second(s)

2019-01-18 20:23:51 - [MESSAGE][PASSED] - Delayed 3 second(s)

2019-01-18 20:23:51 - [TEST_STEP][PASSED] - vndSiteName = com.oracledb.regressiontest.genName(15): com.oracledb.regressiontest.genName is PASSED

2019-01-18 20:23:51 - [MESSAGE][PASSED] - com.oracledb.regressiontest.genName is PASSED

2019-01-18 20:23:51 - [TEST_STEP][PASSED] - vndSiteNumber = com.oracledb.regressiontest.genName(12): com.oracledb.regressiontest.genName is PASSED

2019-01-18 20:23:51 - [MESSAGE][PASSED] - com.oracledb.regressiontest.genName is PASSED

2019-01-18 20:23:51 - [TEST_STEP][PASSED] - vndSiteCd = com.oracledb.regressiontest.genName(10): com.oracledb.regressiontest.genName is PASSED

2019-01-18 20:23:51 - [MESSAGE][PASSED] - com.oracledb.regressiontest.genName is PASSED

2019-01-18 20:23:51 - [TEST_STEP][PASSED] - vndSiteCity = com.oracledb.regressiontest.genName(8): com.oracledb.regressiontest.genName is PASSED

2019-01-18 20:23:51 - [MESSAGE][PASSED] - com.oracledb.regressiontest.genName is PASSED

2019-01-18 20:23:51 - [TEST_STEP][PASSED] - vndSitePtlCd = com.oracledb.regressiontest.genName(6): com.oracledb.regressiontest.genName is PASSED

2019-01-18 20:23:51 - [MESSAGE][PASSED] - com.oracledb.regressiontest.genName is PASSED

2019-01-18 20:23:51 - [TEST_STEP][PASSED] - setText(findTestObject("TF_Customer_Create/4_Create_Objects_And_Save/13_Create_LDI_Vendor_Site/Input_Vendor_Site_Name/input_Vendor_Site_Nm"), vndSiteName): Text '24NW74FCM96BH2X' is set on object 'Object Repository/TF_Customer_Create/4_Create_Objects_And_Save/13_Create_LDI_Vendor_Site/Input_Vendor_Site_Name/input_Vendor_Site_Nm'

2019-01-18 20:23:51 - [MESSAGE][PASSED] - Text '24NW74FCM96BH2X' is set on object 'Object Repository/TF_Customer_Create/4_Create_Objects_And_Save/13_Create_LDI_Vendor_Site/Input_Vendor_Site_Name/input_Vendor_Site_Nm'

2019-01-18 20:23:51 - [TEST_STEP][PASSED] - setText(findTestObject("TF_Customer_Create/4_Create_Objects_And_Save/13_Create_LDI_Vendor_Site/Input_Vendor_Site_Name/input_Vendor_Site_Number"), vndSiteNumber): Text '0XUDFJKD62EB' is set on object 'Object Repository/TF_Customer_Create/4_Create_Objects_And_Save/13_Create_LDI_Vendor_Site/Input_Vendor_Site_Name/input_Vendor_Site_Number'

2019-01-18 20:23:51 - [MESSAGE][PASSED] - Text '0XUDFJKD62EB' is set on object 'Object Repository/TF_Customer_Create/4_Create_Objects_And_Save/13_Create_LDI_Vendor_Site/Input_Vendor_Site_Name/input_Vendor_Site_Number'

2019-01-18 20:23:51 - [TEST_STEP][PASSED] - setText(findTestObject("TF_Customer_Create/4_Create_Objects_And_Save/13_Create_LDI_Vendor_Site/Input_Vendor_Site_Name/input_Vendor_Site_Cd"), vndSiteCd): Text 'P86FR8LL68' is set on object 'Object Repository/TF_Customer_Create/4_Create_Objects_And_Save/13_Create_LDI_Vendor_Site/Input_Vendor_Site_Name/input_Vendor_Site_Cd'

2019-01-18 20:23:51 - [MESSAGE][PASSED] - Text 'P86FR8LL68' is set on object 'Object Repository/TF_Customer_Create/4_Create_Objects_And_Save/13_Create_LDI_Vendor_Site/Input_Vendor_Site_Name/input_Vendor_Site_Cd'

2019-01-18 20:23:51 - [TEST_STEP][PASSED] - setText(findTestObject("TF_Customer_Create/4_Create_Objects_And_Save/13_Create_LDI_Vendor_Site/Input_Vendor_Site_Name/input_Vendor_Site_City"), vndSiteCity): Text '9QPXFSUK' is set on object 'Object Repository/TF_Customer_Create/4_Create_Objects_And_Save/13_Create_LDI_Vendor_Site/Input_Vendor_Site_Name/input_Vendor_Site_City'

2019-01-18 20:23:51 - [MESSAGE][PASSED] - Text '9QPXFSUK' is set on object 'Object Repository/TF_Customer_Create/4_Create_Objects_And_Save/13_Create_LDI_Vendor_Site/Input_Vendor_Site_Name/input_Vendor_Site_City'

2019-01-18 20:23:51 - [TEST_STEP][PASSED] - setText(findTestObject("TF_Customer_Create/4_Create_Objects_And_Save/13_Create_LDI_Vendor_Site/Input_Vendor_Site_Name/input_Vendor_Site_Postal_Code"), vndSitePtlCd): Text 'RBAAN1' is set on object 'Object Repository/TF_Customer_Create/4_Create_Objects_And_Save/13_Create_LDI_Vendor_Site/Input_Vendor_Site_Name/input_Vendor_Site_Postal_Code'

2019-01-18 20:23:52 - [MESSAGE][PASSED] - Text 'RBAAN1' is set on object 'Object Repository/TF_Customer_Create/4_Create_Objects_And_Save/13_Create_LDI_Vendor_Site/Input_Vendor_Site_Name/input_Vendor_Site_Postal_Code'

2019-01-18 20:23:52 - [TEST_STEP][NOT_RUN] - setText(findTestObject("TF_Customer_Create/4_Create_Objects_And_Save/Set_Effective_Dates/input_Effective_End_Date"), input_Eff_End_Dt): NOT_RUN: setText(findTestObject("TF_Customer_Create/4_Create_Objects_And_Save/Set_Effective_Dates/input_Effective_End_Date"), input_Eff_End_Dt)

2019-01-18 20:23:52 - [MESSAGE][NOT_RUN] - NOT_RUN: setText(findTestObject("TF_Customer_Create/4_Create_Objects_And_Save/Set_Effective_Dates/input_Effective_End_Date"), input_Eff_End_Dt)

2019-01-18 20:23:52 - [TEST_STEP][PASSED] - delay(2): Delayed 2 second(s)

2019-01-18 20:23:54 - [MESSAGE][PASSED] - Delayed 2 second(s)

2019-01-18 20:23:54 - [TEST_STEP][PASSED] - click(findTestObject("TF_Customer_Create/3_Common_Action_Buttons/Click_Data_Tab/span_Data_Tab")): Object: 'Object Repository/TF_Customer_Create/3_Common_Action_Buttons/Click_Data_Tab/span_Data_Tab' is clicked on

2019-01-18 20:23:54 - [MESSAGE][PASSED] - Object: 'Object Repository/TF_Customer_Create/3_Common_Action_Buttons/Click_Data_Tab/span_Data_Tab' is clicked on

2019-01-18 20:23:54 - [TEST_STEP][NOT_RUN] - click(findTestObject("TF_Customer_Create/4_Create_Objects_And_Save/Choose_Sales_Org/Click_Sales_Org_DD"), CONTINUE_ON_FAILURE): NOT_RUN: click(findTestObject("TF_Customer_Create/4_Create_Objects_And_Save/Choose_Sales_Org/Click_Sales_Org_DD"), CONTINUE_ON_FAILURE)

2019-01-18 20:23:54 - [MESSAGE][NOT_RUN] - NOT_RUN: click(findTestObject("TF_Customer_Create/4_Create_Objects_And_Save/Choose_Sales_Org/Click_Sales_Org_DD"), CONTINUE_ON_FAILURE)

2019-01-18 20:23:54 - [TEST_STEP][NOT_RUN] - click(findTestObject("TF_Customer_Create/4_Create_Objects_And_Save/Choose_Sales_Org/CA_Object"), CONTINUE_ON_FAILURE): NOT_RUN: click(findTestObject("TF_Customer_Create/4_Create_Objects_And_Save/Choose_Sales_Org/CA_Object"), CONTINUE_ON_FAILURE)

2019-01-18 20:23:54 - [MESSAGE][NOT_RUN] - NOT_RUN: click(findTestObject("TF_Customer_Create/4_Create_Objects_And_Save/Choose_Sales_Org/CA_Object"), CONTINUE_ON_FAILURE)

2019-01-18 20:23:54 - [TEST_STEP][PASSED] - delay(2): Delayed 2 second(s)

2019-01-18 20:23:56 - [MESSAGE][PASSED] - Delayed 2 second(s)

2019-01-18 20:23:56 - [TEST_STEP][PASSED] - click(findTestObject("TF_Customer_Create/3_Common_Action_Buttons/Click_Apply_Button/td_Apply")): Object: 'Object Repository/TF_Customer_Create/3_Common_Action_Buttons/Click_Apply_Button/td_Apply' is clicked on

2019-01-18 20:23:56 - [MESSAGE][PASSED] - Object: 'Object Repository/TF_Customer_Create/3_Common_Action_Buttons/Click_Apply_Button/td_Apply' is clicked on

2019-01-18 20:23:56 - [TEST_STEP][PASSED] - delay(2): Delayed 2 second(s)

2019-01-18 20:23:58 - [MESSAGE][PASSED] - Delayed 2 second(s)

2019-01-18 20:23:58 - [TEST_STEP][PASSED] - click(findTestObject("TF_Customer_Create/3_Common_Action_Buttons/Click_Save_Button/btn_Save")): Object: 'Object Repository/TF_Customer_Create/3_Common_Action_Buttons/Click_Save_Button/btn_Save' is clicked on

2019-01-18 20:23:58 - [MESSAGE][PASSED] - Object: 'Object Repository/TF_Customer_Create/3_Common_Action_Buttons/Click_Save_Button/btn_Save' is clicked on

2019-01-18 20:23:58 - [TEST_STEP][PASSED] - delay(2): Delayed 2 second(s)

2019-01-18 20:24:00 - [MESSAGE][PASSED] - Delayed 2 second(s)

2019-01-18 20:24:00 - [TEST_STEP][NOT_RUN] - verifyElementText(findTestObject("TF_Customer_Create/3_Common_Action_Buttons/Verify_Success_Message/Success_Message"), "Record has been saved successfully.", CONTINUE_ON_FAILURE): NOT_RUN: verifyElementText(findTestObject("TF_Customer_Create/3_Common_Action_Buttons/Verify_Success_Message/Success_Message"), "Record has been saved successfully.", CONTINUE_ON_FAILURE)

2019-01-18 20:24:00 - [MESSAGE][NOT_RUN] - NOT_RUN: verifyElementText(findTestObject("TF_Customer_Create/3_Common_Action_Buttons/Verify_Success_Message/Success_Message"), "Record has been saved successfully.", CONTINUE_ON_FAILURE)

2019-01-18 20:24:00 - [TEST_STEP][NOT_RUN] - click(findTestObject("TF_Customer_Create/3_Common_Action_Buttons/Click_Data_Tab/span_Data_Tab")): NOT_RUN: click(findTestObject("TF_Customer_Create/3_Common_Action_Buttons/Click_Data_Tab/span_Data_Tab"))

2019-01-18 20:24:00 - [MESSAGE][NOT_RUN] - NOT_RUN: click(findTestObject("TF_Customer_Create/3_Common_Action_Buttons/Click_Data_Tab/span_Data_Tab"))

2019-01-18 20:24:00 - [TEST_STEP][NOT_RUN] - delay(1): NOT_RUN: delay(1)

2019-01-18 20:24:00 - [MESSAGE][NOT_RUN] - NOT_RUN: delay(1)

2019-01-18 20:24:00 - [TEST_STEP][NOT_RUN] - click(findTestObject("TF_Customer_Create/3_Common_Action_Buttons/Click_Close_Button/btn_Close")): NOT_RUN: click(findTestObject("TF_Customer_Create/3_Common_Action_Buttons/Click_Close_Button/btn_Close"))

2019-01-18 20:24:00 - [MESSAGE][NOT_RUN] - NOT_RUN: click(findTestObject("TF_Customer_Create/3_Common_Action_Buttons/Click_Close_Button/btn_Close"))

2019-01-18 20:24:00 - [TEST_STEP][NOT_RUN] - delay(2): NOT_RUN: delay(2)

2019-01-18 20:24:00 - [MESSAGE][NOT_RUN] - NOT_RUN: delay(2)

2019-01-18 20:24:00 - [TEST_STEP][NOT_RUN] - vrfy_PLA = com.oracledb.regressiontest.verifyPLA(ora_connt, ora_usr, ora_psswrd, ora_schema, plaAcctName): NOT_RUN: vrfy_PLA = com.oracledb.regressiontest.verifyPLA(ora_connt, ora_usr, ora_psswrd, ora_schema, plaAcctName)

2019-01-18 20:24:00 - [MESSAGE][NOT_RUN] - NOT_RUN: vrfy_PLA = com.oracledb.regressiontest.verifyPLA(ora_connt, ora_usr, ora_psswrd, ora_schema, plaAcctName)

2019-01-18 20:24:00 - [TEST_STEP][NOT_RUN] - println("Planning Account Name"): NOT_RUN: println("Planning Account Name")

2019-01-18 20:24:00 - [MESSAGE][NOT_RUN] - NOT_RUN: println("Planning Account Name")

2019-01-18 20:24:00 - [TEST_STEP][NOT_RUN] - verifyEqual(PLANNING_ACCOUNT_NAME, plaAcctName): NOT_RUN: verifyEqual(PLANNING_ACCOUNT_NAME, plaAcctName)

2019-01-18 20:24:00 - [MESSAGE][NOT_RUN] - NOT_RUN: verifyEqual(PLANNING_ACCOUNT_NAME, plaAcctName)]]></system-out>
         <system-err><![CDATA[]]></system-err>
      </testcase>
      <system-out><![CDATA[2019-01-18 20:13:41 - [TEST_SUITE][PASSED] - Edit_Record_Test_Suite: Test Cases/Regression_TF_Customer/Create_Record/TC_13_Create_LDI_Vendor_Site]]></system-out>
      <system-err><![CDATA[]]></system-err>
   </testsuite>
</testsuites>
