<?xml version="1.0" encoding="UTF-8"?>
<testsuites name="Open_All_Pages" time="139" tests="10" failures="0" errors="0">
   <testsuite name="Open_All_Pages" tests="10" failures="0" errors="0" time="139" timestamp="2019-05-15 06:58:59" hostname="MSaif - Saif.instepinc.com" id="Test Suites/Open_All_Pages">
      <properties>
         <property name="deviceName" value=""/>
         <property name="devicePlatform" value=""/>
         <property name="logFolder" value="G:\\Katalon\\TF_Product\\Reports\\Open_All_Pages\\20190515_065857"/>
         <property name="logFiles" value="G:\\Katalon\\TF_Product\\Reports\\Open_All_Pages\\20190515_065857\\execution0.log"/>
         <property name="attachments" value=""/>
         <property name="hostName" value="MSaif - Saif.instepinc.com"/>
         <property name="os" value="Windows 10 64bit"/>
         <property name="katalonVersion" value="6.1.4.1"/>
         <property name="browser" value="Chrome 74.0.3729.131"/>
         <property name="hostAddress" value="200.199.80.59"/>
         <property name="sessionId" value="d7051348dbc1a12ca62fc08f84da8063"/>
         <property name="seleniumVersion" value="3.7.1"/>
         <property name="proxyInformation" value="ProxyInformation{proxyOption=NO_PROXY, proxyServerType=HTTP, password=, proxyServerAddress=, proxyServerPort=0}"/>
         <property name="platform" value="Windows 10"/>
      </properties>
      <testcase name="Test Cases/General_Login_Logout/Login" classname="Test Cases/General_Login_Logout/Login" status="PASSED">
         <system-out><![CDATA[2019-05-15 06:59:00 - [TEST_CASE][PASSED] - Test Cases/General_Login_Logout/Login: Test Cases/General_Login_Logout/Login

2019-05-15 06:59:00 - [TEST_STEP][PASSED] - com.oracledb.regressiontest.LoginTFProduct(User, Password): com.oracledb.regressiontest.LoginTFProduct is PASSED

2019-05-15 06:59:00 - [MESSAGE][INFO] - Starting 'Chrome' driver

2019-05-15 06:59:00 - [MESSAGE][INFO] - Action delay is set to 0 seconds

2019-05-15 06:59:04 - [MESSAGE][PASSED] - Browser is opened with url: ''

2019-05-15 06:59:04 - [MESSAGE][PASSED] - Wait for page load successfully

2019-05-15 06:59:05 - [MESSAGE][PASSED] - Current window maximized

2019-05-15 06:59:10 - [MESSAGE][PASSED] - Navigate to 'https://52.6.78.242:7008/e360/com.informatica.tools.mdm.web.auth/login' successfully

2019-05-15 06:59:10 - [MESSAGE][PASSED] - Text 'jiwani_sm' is set on object 'Object Repository/Page_ Login/Txt_Username'

2019-05-15 06:59:10 - [MESSAGE][PASSED] - Text '12345678' is set on object 'Object Repository/Page_ Login/Txt_Password'

2019-05-15 06:59:10 - [MESSAGE][PASSED] - Object: 'Object Repository/Page_ Login/Btn_Login' is clicked on

2019-05-15 06:59:11 - [MESSAGE][PASSED] - Wait for page load successfully

2019-05-15 06:59:20 - [MESSAGE][PASSED] - Object: 'Object Repository/Page_ Login/Project_Selection/div_Trade Funds Product' is clicked on

2019-05-15 06:59:21 - [MESSAGE][PASSED] - Delayed 1 second(s)

2019-05-15 06:59:21 - [MESSAGE][PASSED] - com.oracledb.regressiontest.LoginTFProduct is PASSED]]></system-out>
         <system-err><![CDATA[]]></system-err>
      </testcase>
      <testcase name="Test Cases/Regression_TF_Product/Open_Pages/TC_1_Open_JMS_Sales_Organisation" classname="Test Cases/Regression_TF_Product/Open_Pages/TC_1_Open_JMS_Sales_Organisation" status="PASSED">
         <system-out><![CDATA[2019-05-15 06:59:21 - [TEST_CASE][PASSED] - Test Cases/Regression_TF_Product/Open_Pages/TC_1_Open_JMS_Sales_Organisation: Test Cases/Regression_TF_Product/Open_Pages/TC_1_Open_JMS_Sales_Organisation

2019-05-15 06:59:21 - [TEST_STEP][PASSED] - delay(6): Delayed 6 second(s)

2019-05-15 06:59:27 - [MESSAGE][PASSED] - Delayed 6 second(s)

2019-05-15 06:59:27 - [TEST_STEP][PASSED] - mouseOver(findTestObject("TF_Customer_Create/1_Menu_Navigation_To_Open_All_Pages/0_Menu_Create_In_Data_View")): Object: 'Object Repository/TF_Customer_Create/1_Menu_Navigation_To_Open_All_Pages/0_Menu_Create_In_Data_View' is hovered

2019-05-15 06:59:30 - [MESSAGE][PASSED] - Object: 'Object Repository/TF_Customer_Create/1_Menu_Navigation_To_Open_All_Pages/0_Menu_Create_In_Data_View' is hovered

2019-05-15 06:59:30 - [TEST_STEP][PASSED] - delay(3): Delayed 3 second(s)

2019-05-15 06:59:33 - [MESSAGE][PASSED] - Delayed 3 second(s)

2019-05-15 06:59:33 - [TEST_STEP][PASSED] - mouseOver(findTestObject("TF_Customer_Create/1_Menu_Navigation_To_Open_All_Pages/1_Menu_Create_Master_Data")): Object: 'Object Repository/TF_Customer_Create/1_Menu_Navigation_To_Open_All_Pages/1_Menu_Create_Master_Data' is hovered

2019-05-15 06:59:34 - [MESSAGE][PASSED] - Object: 'Object Repository/TF_Customer_Create/1_Menu_Navigation_To_Open_All_Pages/1_Menu_Create_Master_Data' is hovered

2019-05-15 06:59:34 - [TEST_STEP][PASSED] - delay(3): Delayed 3 second(s)

2019-05-15 06:59:37 - [MESSAGE][PASSED] - Delayed 3 second(s)

2019-05-15 06:59:37 - [TEST_STEP][PASSED] - click(findTestObject("TF_Customer_Create/2_Select_Menu_Options(All)/1_Menu_JMS_Sales_Organisation")): Object: 'Object Repository/TF_Customer_Create/2_Select_Menu_Options(All)/1_Menu_JMS_Sales_Organisation' is clicked on

2019-05-15 06:59:37 - [MESSAGE][PASSED] - Object: 'Object Repository/TF_Customer_Create/2_Select_Menu_Options(All)/1_Menu_JMS_Sales_Organisation' is clicked on

2019-05-15 06:59:37 - [TEST_STEP][PASSED] - waitForPageLoad(G_Timeout): Wait for page load successfully

2019-05-15 06:59:37 - [MESSAGE][PASSED] - Wait for page load successfully

2019-05-15 06:59:37 - [TEST_STEP][PASSED] - delay(3): Delayed 3 second(s)

2019-05-15 06:59:40 - [MESSAGE][PASSED] - Delayed 3 second(s)]]></system-out>
         <system-err><![CDATA[]]></system-err>
      </testcase>
      <testcase name="Test Cases/Regression_TF_Product/Open_Pages/TC_2-1_Total_Company" classname="Test Cases/Regression_TF_Product/Open_Pages/TC_2-1_Total_Company" status="PASSED">
         <system-out><![CDATA[2019-05-15 06:59:40 - [TEST_CASE][PASSED] - Test Cases/Regression_TF_Product/Open_Pages/TC_2-1_Total_Company: Test Cases/Regression_TF_Product/Open_Pages/TC_2-1_Total_Company

2019-05-15 06:59:40 - [TEST_STEP][PASSED] - waitForPageLoad(G_Timeout): Wait for page load successfully

2019-05-15 06:59:40 - [MESSAGE][PASSED] - Wait for page load successfully

2019-05-15 06:59:40 - [TEST_STEP][PASSED] - mouseOver(findTestObject("TF_Customer_Create/1_Menu_Navigation_To_Open_All_Pages/0_Menu_Create_In_Data_View")): Object: 'Object Repository/TF_Customer_Create/1_Menu_Navigation_To_Open_All_Pages/0_Menu_Create_In_Data_View' is hovered

2019-05-15 06:59:40 - [MESSAGE][PASSED] - Object: 'Object Repository/TF_Customer_Create/1_Menu_Navigation_To_Open_All_Pages/0_Menu_Create_In_Data_View' is hovered

2019-05-15 06:59:40 - [TEST_STEP][PASSED] - delay(3): Delayed 3 second(s)

2019-05-15 06:59:43 - [MESSAGE][PASSED] - Delayed 3 second(s)

2019-05-15 06:59:43 - [TEST_STEP][PASSED] - mouseOver(findTestObject("TF_Customer_Create/1_Menu_Navigation_To_Open_All_Pages/1_Menu_Create_Master_Data")): Object: 'Object Repository/TF_Customer_Create/1_Menu_Navigation_To_Open_All_Pages/1_Menu_Create_Master_Data' is hovered

2019-05-15 06:59:43 - [MESSAGE][PASSED] - Object: 'Object Repository/TF_Customer_Create/1_Menu_Navigation_To_Open_All_Pages/1_Menu_Create_Master_Data' is hovered

2019-05-15 06:59:43 - [TEST_STEP][PASSED] - delay(3): Delayed 3 second(s)

2019-05-15 06:59:46 - [MESSAGE][PASSED] - Delayed 3 second(s)

2019-05-15 06:59:46 - [TEST_STEP][PASSED] - mouseOver(findTestObject("TF_Customer_Create/1_Menu_Navigation_To_Open_All_Pages/2_Product_Hierarchy_Level,_Hoverover_Option")): Object: 'Object Repository/TF_Customer_Create/1_Menu_Navigation_To_Open_All_Pages/2_Product_Hierarchy_Level,_Hoverover_Option' is hovered

2019-05-15 06:59:46 - [MESSAGE][PASSED] - Object: 'Object Repository/TF_Customer_Create/1_Menu_Navigation_To_Open_All_Pages/2_Product_Hierarchy_Level,_Hoverover_Option' is hovered

2019-05-15 06:59:46 - [TEST_STEP][PASSED] - delay(2): Delayed 2 second(s)

2019-05-15 06:59:48 - [MESSAGE][PASSED] - Delayed 2 second(s)

2019-05-15 06:59:48 - [TEST_STEP][PASSED] - click(findTestObject("TF_Customer_Create/2_Select_Menu_Options(All)/Product Hierarchy Level/td_total_company")): Object: 'Object Repository/TF_Customer_Create/2_Select_Menu_Options(All)/Product Hierarchy Level/td_total_company' is clicked on

2019-05-15 06:59:48 - [MESSAGE][PASSED] - Object: 'Object Repository/TF_Customer_Create/2_Select_Menu_Options(All)/Product Hierarchy Level/td_total_company' is clicked on

2019-05-15 06:59:48 - [TEST_STEP][PASSED] - waitForPageLoad(G_Timeout): Wait for page load successfully

2019-05-15 06:59:48 - [MESSAGE][PASSED] - Wait for page load successfully

2019-05-15 06:59:48 - [TEST_STEP][PASSED] - delay(3): Delayed 3 second(s)

2019-05-15 06:59:51 - [MESSAGE][PASSED] - Delayed 3 second(s)]]></system-out>
         <system-err><![CDATA[]]></system-err>
      </testcase>
      <testcase name="Test Cases/Regression_TF_Product/Open_Pages/TC_2-2_Product_Summary" classname="Test Cases/Regression_TF_Product/Open_Pages/TC_2-2_Product_Summary" status="PASSED">
         <system-out><![CDATA[2019-05-15 06:59:51 - [TEST_CASE][PASSED] - Test Cases/Regression_TF_Product/Open_Pages/TC_2-2_Product_Summary: Test Cases/Regression_TF_Product/Open_Pages/TC_2-2_Product_Summary

2019-05-15 06:59:51 - [TEST_STEP][PASSED] - waitForPageLoad(G_Timeout): Wait for page load successfully

2019-05-15 06:59:51 - [MESSAGE][PASSED] - Wait for page load successfully

2019-05-15 06:59:51 - [TEST_STEP][PASSED] - mouseOver(findTestObject("TF_Customer_Create/1_Menu_Navigation_To_Open_All_Pages/0_Menu_Create_In_Data_View")): Object: 'Object Repository/TF_Customer_Create/1_Menu_Navigation_To_Open_All_Pages/0_Menu_Create_In_Data_View' is hovered

2019-05-15 06:59:52 - [MESSAGE][PASSED] - Object: 'Object Repository/TF_Customer_Create/1_Menu_Navigation_To_Open_All_Pages/0_Menu_Create_In_Data_View' is hovered

2019-05-15 06:59:52 - [TEST_STEP][PASSED] - delay(3): Delayed 3 second(s)

2019-05-15 06:59:55 - [MESSAGE][PASSED] - Delayed 3 second(s)

2019-05-15 06:59:55 - [TEST_STEP][PASSED] - mouseOver(findTestObject("TF_Customer_Create/1_Menu_Navigation_To_Open_All_Pages/1_Menu_Create_Master_Data")): Object: 'Object Repository/TF_Customer_Create/1_Menu_Navigation_To_Open_All_Pages/1_Menu_Create_Master_Data' is hovered

2019-05-15 06:59:55 - [MESSAGE][PASSED] - Object: 'Object Repository/TF_Customer_Create/1_Menu_Navigation_To_Open_All_Pages/1_Menu_Create_Master_Data' is hovered

2019-05-15 06:59:55 - [TEST_STEP][PASSED] - delay(3): Delayed 3 second(s)

2019-05-15 06:59:58 - [MESSAGE][PASSED] - Delayed 3 second(s)

2019-05-15 06:59:58 - [TEST_STEP][PASSED] - mouseOver(findTestObject("TF_Customer_Create/1_Menu_Navigation_To_Open_All_Pages/2_Product_Hierarchy_Level,_Hoverover_Option")): Object: 'Object Repository/TF_Customer_Create/1_Menu_Navigation_To_Open_All_Pages/2_Product_Hierarchy_Level,_Hoverover_Option' is hovered

2019-05-15 06:59:58 - [MESSAGE][PASSED] - Object: 'Object Repository/TF_Customer_Create/1_Menu_Navigation_To_Open_All_Pages/2_Product_Hierarchy_Level,_Hoverover_Option' is hovered

2019-05-15 06:59:58 - [TEST_STEP][PASSED] - delay(2): Delayed 2 second(s)

2019-05-15 07:00:00 - [MESSAGE][PASSED] - Delayed 2 second(s)

2019-05-15 07:00:00 - [TEST_STEP][PASSED] - click(findTestObject("TF_Customer_Create/2_Select_Menu_Options(All)/Product Hierarchy Level/td_Product_summary")): Object: 'Object Repository/TF_Customer_Create/2_Select_Menu_Options(All)/Product Hierarchy Level/td_Product_summary' is clicked on

2019-05-15 07:00:00 - [MESSAGE][PASSED] - Object: 'Object Repository/TF_Customer_Create/2_Select_Menu_Options(All)/Product Hierarchy Level/td_Product_summary' is clicked on

2019-05-15 07:00:00 - [TEST_STEP][PASSED] - waitForPageLoad(G_Timeout): Wait for page load successfully

2019-05-15 07:00:00 - [MESSAGE][PASSED] - Wait for page load successfully

2019-05-15 07:00:00 - [TEST_STEP][PASSED] - delay(3): Delayed 3 second(s)

2019-05-15 07:00:03 - [MESSAGE][PASSED] - Delayed 3 second(s)]]></system-out>
         <system-err><![CDATA[]]></system-err>
      </testcase>
      <testcase name="Test Cases/Regression_TF_Product/Open_Pages/TC_2-3_Planning_Product" classname="Test Cases/Regression_TF_Product/Open_Pages/TC_2-3_Planning_Product" status="PASSED">
         <system-out><![CDATA[2019-05-15 07:00:03 - [TEST_CASE][PASSED] - Test Cases/Regression_TF_Product/Open_Pages/TC_2-3_Planning_Product: Test Cases/Regression_TF_Product/Open_Pages/TC_2-3_Planning_Product

2019-05-15 07:00:03 - [TEST_STEP][PASSED] - waitForPageLoad(G_Timeout): Wait for page load successfully

2019-05-15 07:00:03 - [MESSAGE][PASSED] - Wait for page load successfully

2019-05-15 07:00:03 - [TEST_STEP][PASSED] - mouseOver(findTestObject("TF_Customer_Create/1_Menu_Navigation_To_Open_All_Pages/0_Menu_Create_In_Data_View")): Object: 'Object Repository/TF_Customer_Create/1_Menu_Navigation_To_Open_All_Pages/0_Menu_Create_In_Data_View' is hovered

2019-05-15 07:00:03 - [MESSAGE][PASSED] - Object: 'Object Repository/TF_Customer_Create/1_Menu_Navigation_To_Open_All_Pages/0_Menu_Create_In_Data_View' is hovered

2019-05-15 07:00:03 - [TEST_STEP][PASSED] - delay(3): Delayed 3 second(s)

2019-05-15 07:00:06 - [MESSAGE][PASSED] - Delayed 3 second(s)

2019-05-15 07:00:06 - [TEST_STEP][PASSED] - mouseOver(findTestObject("TF_Customer_Create/1_Menu_Navigation_To_Open_All_Pages/1_Menu_Create_Master_Data")): Object: 'Object Repository/TF_Customer_Create/1_Menu_Navigation_To_Open_All_Pages/1_Menu_Create_Master_Data' is hovered

2019-05-15 07:00:06 - [MESSAGE][PASSED] - Object: 'Object Repository/TF_Customer_Create/1_Menu_Navigation_To_Open_All_Pages/1_Menu_Create_Master_Data' is hovered

2019-05-15 07:00:06 - [TEST_STEP][PASSED] - delay(3): Delayed 3 second(s)

2019-05-15 07:00:09 - [MESSAGE][PASSED] - Delayed 3 second(s)

2019-05-15 07:00:09 - [TEST_STEP][PASSED] - mouseOver(findTestObject("TF_Customer_Create/1_Menu_Navigation_To_Open_All_Pages/2_Product_Hierarchy_Level,_Hoverover_Option")): Object: 'Object Repository/TF_Customer_Create/1_Menu_Navigation_To_Open_All_Pages/2_Product_Hierarchy_Level,_Hoverover_Option' is hovered

2019-05-15 07:00:09 - [MESSAGE][PASSED] - Object: 'Object Repository/TF_Customer_Create/1_Menu_Navigation_To_Open_All_Pages/2_Product_Hierarchy_Level,_Hoverover_Option' is hovered

2019-05-15 07:00:09 - [TEST_STEP][PASSED] - delay(2): Delayed 2 second(s)

2019-05-15 07:00:11 - [MESSAGE][PASSED] - Delayed 2 second(s)

2019-05-15 07:00:11 - [TEST_STEP][PASSED] - click(findTestObject("TF_Customer_Create/2_Select_Menu_Options(All)/Product Hierarchy Level/td_Planning_product")): Object: 'Object Repository/TF_Customer_Create/2_Select_Menu_Options(All)/Product Hierarchy Level/td_Planning_product' is clicked on

2019-05-15 07:00:11 - [MESSAGE][PASSED] - Object: 'Object Repository/TF_Customer_Create/2_Select_Menu_Options(All)/Product Hierarchy Level/td_Planning_product' is clicked on

2019-05-15 07:00:11 - [TEST_STEP][PASSED] - waitForPageLoad(G_Timeout): Wait for page load successfully

2019-05-15 07:00:11 - [MESSAGE][PASSED] - Wait for page load successfully

2019-05-15 07:00:11 - [TEST_STEP][PASSED] - delay(3): Delayed 3 second(s)

2019-05-15 07:00:14 - [MESSAGE][PASSED] - Delayed 3 second(s)]]></system-out>
         <system-err><![CDATA[]]></system-err>
      </testcase>
      <testcase name="Test Cases/Regression_TF_Product/Open_Pages/TC_2-4_Sub_Planning_Product" classname="Test Cases/Regression_TF_Product/Open_Pages/TC_2-4_Sub_Planning_Product" status="PASSED">
         <system-out><![CDATA[2019-05-15 07:00:14 - [TEST_CASE][PASSED] - Test Cases/Regression_TF_Product/Open_Pages/TC_2-4_Sub_Planning_Product: Test Cases/Regression_TF_Product/Open_Pages/TC_2-4_Sub_Planning_Product

2019-05-15 07:00:14 - [TEST_STEP][PASSED] - waitForPageLoad(G_Timeout): Wait for page load successfully

2019-05-15 07:00:14 - [MESSAGE][PASSED] - Wait for page load successfully

2019-05-15 07:00:14 - [TEST_STEP][PASSED] - mouseOver(findTestObject("TF_Customer_Create/1_Menu_Navigation_To_Open_All_Pages/0_Menu_Create_In_Data_View")): Object: 'Object Repository/TF_Customer_Create/1_Menu_Navigation_To_Open_All_Pages/0_Menu_Create_In_Data_View' is hovered

2019-05-15 07:00:14 - [MESSAGE][PASSED] - Object: 'Object Repository/TF_Customer_Create/1_Menu_Navigation_To_Open_All_Pages/0_Menu_Create_In_Data_View' is hovered

2019-05-15 07:00:14 - [TEST_STEP][PASSED] - delay(4): Delayed 4 second(s)

2019-05-15 07:00:18 - [MESSAGE][PASSED] - Delayed 4 second(s)

2019-05-15 07:00:18 - [TEST_STEP][PASSED] - mouseOver(findTestObject("TF_Customer_Create/1_Menu_Navigation_To_Open_All_Pages/1_Menu_Create_Master_Data")): Object: 'Object Repository/TF_Customer_Create/1_Menu_Navigation_To_Open_All_Pages/1_Menu_Create_Master_Data' is hovered

2019-05-15 07:00:18 - [MESSAGE][PASSED] - Object: 'Object Repository/TF_Customer_Create/1_Menu_Navigation_To_Open_All_Pages/1_Menu_Create_Master_Data' is hovered

2019-05-15 07:00:18 - [TEST_STEP][PASSED] - delay(3): Delayed 3 second(s)

2019-05-15 07:00:21 - [MESSAGE][PASSED] - Delayed 3 second(s)

2019-05-15 07:00:21 - [TEST_STEP][PASSED] - mouseOver(findTestObject("TF_Customer_Create/1_Menu_Navigation_To_Open_All_Pages/2_Product_Hierarchy_Level,_Hoverover_Option")): Object: 'Object Repository/TF_Customer_Create/1_Menu_Navigation_To_Open_All_Pages/2_Product_Hierarchy_Level,_Hoverover_Option' is hovered

2019-05-15 07:00:21 - [MESSAGE][PASSED] - Object: 'Object Repository/TF_Customer_Create/1_Menu_Navigation_To_Open_All_Pages/2_Product_Hierarchy_Level,_Hoverover_Option' is hovered

2019-05-15 07:00:21 - [TEST_STEP][PASSED] - delay(2): Delayed 2 second(s)

2019-05-15 07:00:23 - [MESSAGE][PASSED] - Delayed 2 second(s)

2019-05-15 07:00:23 - [TEST_STEP][PASSED] - click(findTestObject("TF_Customer_Create/2_Select_Menu_Options(All)/Product Hierarchy Level/td_Sub_Planning_Product")): Object: 'Object Repository/TF_Customer_Create/2_Select_Menu_Options(All)/Product Hierarchy Level/td_Sub_Planning_Product' is clicked on

2019-05-15 07:00:24 - [MESSAGE][PASSED] - Object: 'Object Repository/TF_Customer_Create/2_Select_Menu_Options(All)/Product Hierarchy Level/td_Sub_Planning_Product' is clicked on

2019-05-15 07:00:24 - [TEST_STEP][PASSED] - waitForPageLoad(G_Timeout): Wait for page load successfully

2019-05-15 07:00:24 - [MESSAGE][PASSED] - Wait for page load successfully

2019-05-15 07:00:24 - [TEST_STEP][PASSED] - delay(3): Delayed 3 second(s)

2019-05-15 07:00:27 - [MESSAGE][PASSED] - Delayed 3 second(s)]]></system-out>
         <system-err><![CDATA[]]></system-err>
      </testcase>
      <testcase name="Test Cases/Regression_TF_Product/Open_Pages/TC_2-5_Promoted_Product_Group" classname="Test Cases/Regression_TF_Product/Open_Pages/TC_2-5_Promoted_Product_Group" status="PASSED">
         <system-out><![CDATA[2019-05-15 07:00:27 - [TEST_CASE][PASSED] - Test Cases/Regression_TF_Product/Open_Pages/TC_2-5_Promoted_Product_Group: Test Cases/Regression_TF_Product/Open_Pages/TC_2-5_Promoted_Product_Group

2019-05-15 07:00:27 - [TEST_STEP][PASSED] - waitForPageLoad(G_Timeout): Wait for page load successfully

2019-05-15 07:00:27 - [MESSAGE][PASSED] - Wait for page load successfully

2019-05-15 07:00:27 - [TEST_STEP][PASSED] - mouseOver(findTestObject("TF_Customer_Create/1_Menu_Navigation_To_Open_All_Pages/0_Menu_Create_In_Data_View")): Object: 'Object Repository/TF_Customer_Create/1_Menu_Navigation_To_Open_All_Pages/0_Menu_Create_In_Data_View' is hovered

2019-05-15 07:00:27 - [MESSAGE][PASSED] - Object: 'Object Repository/TF_Customer_Create/1_Menu_Navigation_To_Open_All_Pages/0_Menu_Create_In_Data_View' is hovered

2019-05-15 07:00:27 - [TEST_STEP][PASSED] - delay(4): Delayed 4 second(s)

2019-05-15 07:00:31 - [MESSAGE][PASSED] - Delayed 4 second(s)

2019-05-15 07:00:31 - [TEST_STEP][PASSED] - mouseOver(findTestObject("TF_Customer_Create/1_Menu_Navigation_To_Open_All_Pages/1_Menu_Create_Master_Data")): Object: 'Object Repository/TF_Customer_Create/1_Menu_Navigation_To_Open_All_Pages/1_Menu_Create_Master_Data' is hovered

2019-05-15 07:00:31 - [MESSAGE][PASSED] - Object: 'Object Repository/TF_Customer_Create/1_Menu_Navigation_To_Open_All_Pages/1_Menu_Create_Master_Data' is hovered

2019-05-15 07:00:31 - [TEST_STEP][PASSED] - delay(3): Delayed 3 second(s)

2019-05-15 07:00:34 - [MESSAGE][PASSED] - Delayed 3 second(s)

2019-05-15 07:00:34 - [TEST_STEP][PASSED] - mouseOver(findTestObject("TF_Customer_Create/1_Menu_Navigation_To_Open_All_Pages/2_Product_Hierarchy_Level,_Hoverover_Option")): Object: 'Object Repository/TF_Customer_Create/1_Menu_Navigation_To_Open_All_Pages/2_Product_Hierarchy_Level,_Hoverover_Option' is hovered

2019-05-15 07:00:34 - [MESSAGE][PASSED] - Object: 'Object Repository/TF_Customer_Create/1_Menu_Navigation_To_Open_All_Pages/2_Product_Hierarchy_Level,_Hoverover_Option' is hovered

2019-05-15 07:00:34 - [TEST_STEP][PASSED] - delay(2): Delayed 2 second(s)

2019-05-15 07:00:36 - [MESSAGE][PASSED] - Delayed 2 second(s)

2019-05-15 07:00:36 - [TEST_STEP][PASSED] - click(findTestObject("TF_Customer_Create/2_Select_Menu_Options(All)/Product Hierarchy Level/td_Promoted_Product_Group")): Object: 'Object Repository/TF_Customer_Create/2_Select_Menu_Options(All)/Product Hierarchy Level/td_Promoted_Product_Group' is clicked on

2019-05-15 07:00:36 - [MESSAGE][PASSED] - Object: 'Object Repository/TF_Customer_Create/2_Select_Menu_Options(All)/Product Hierarchy Level/td_Promoted_Product_Group' is clicked on

2019-05-15 07:00:36 - [TEST_STEP][PASSED] - waitForPageLoad(G_Timeout): Wait for page load successfully

2019-05-15 07:00:36 - [MESSAGE][PASSED] - Wait for page load successfully

2019-05-15 07:00:36 - [TEST_STEP][PASSED] - delay(3): Delayed 3 second(s)

2019-05-15 07:00:39 - [MESSAGE][PASSED] - Delayed 3 second(s)]]></system-out>
         <system-err><![CDATA[]]></system-err>
      </testcase>
      <testcase name="Test Cases/Regression_TF_Product/Open_Pages/TC_3_Open_Product_Visibility_list" classname="Test Cases/Regression_TF_Product/Open_Pages/TC_3_Open_Product_Visibility_list" status="PASSED">
         <system-out><![CDATA[2019-05-15 07:00:39 - [TEST_CASE][PASSED] - Test Cases/Regression_TF_Product/Open_Pages/TC_3_Open_Product_Visibility_list: Test Cases/Regression_TF_Product/Open_Pages/TC_3_Open_Product_Visibility_list

2019-05-15 07:00:39 - [TEST_STEP][PASSED] - delay(6): Delayed 6 second(s)

2019-05-15 07:00:45 - [MESSAGE][PASSED] - Delayed 6 second(s)

2019-05-15 07:00:45 - [TEST_STEP][PASSED] - mouseOver(findTestObject("TF_Customer_Create/1_Menu_Navigation_To_Open_All_Pages/0_Menu_Create_In_Data_View")): Object: 'Object Repository/TF_Customer_Create/1_Menu_Navigation_To_Open_All_Pages/0_Menu_Create_In_Data_View' is hovered

2019-05-15 07:00:45 - [MESSAGE][PASSED] - Object: 'Object Repository/TF_Customer_Create/1_Menu_Navigation_To_Open_All_Pages/0_Menu_Create_In_Data_View' is hovered

2019-05-15 07:00:45 - [TEST_STEP][PASSED] - delay(3): Delayed 3 second(s)

2019-05-15 07:00:48 - [MESSAGE][PASSED] - Delayed 3 second(s)

2019-05-15 07:00:48 - [TEST_STEP][PASSED] - mouseOver(findTestObject("TF_Customer_Create/1_Menu_Navigation_To_Open_All_Pages/1_Menu_Create_Master_Data")): Object: 'Object Repository/TF_Customer_Create/1_Menu_Navigation_To_Open_All_Pages/1_Menu_Create_Master_Data' is hovered

2019-05-15 07:00:48 - [MESSAGE][PASSED] - Object: 'Object Repository/TF_Customer_Create/1_Menu_Navigation_To_Open_All_Pages/1_Menu_Create_Master_Data' is hovered

2019-05-15 07:00:48 - [TEST_STEP][PASSED] - delay(3): Delayed 3 second(s)

2019-05-15 07:00:51 - [MESSAGE][PASSED] - Delayed 3 second(s)

2019-05-15 07:00:51 - [TEST_STEP][PASSED] - click(findTestObject("TF_Customer_Create/2_Select_Menu_Options(All)/3_Menu_Product_Visibility_list")): Object: 'Object Repository/TF_Customer_Create/2_Select_Menu_Options(All)/3_Menu_Product_Visibility_list' is clicked on

2019-05-15 07:00:51 - [MESSAGE][PASSED] - Object: 'Object Repository/TF_Customer_Create/2_Select_Menu_Options(All)/3_Menu_Product_Visibility_list' is clicked on

2019-05-15 07:00:51 - [TEST_STEP][PASSED] - waitForPageLoad(G_Timeout): Wait for page load successfully

2019-05-15 07:00:51 - [MESSAGE][PASSED] - Wait for page load successfully

2019-05-15 07:00:51 - [TEST_STEP][PASSED] - delay(5): Delayed 5 second(s)

2019-05-15 07:00:56 - [MESSAGE][PASSED] - Delayed 5 second(s)]]></system-out>
         <system-err><![CDATA[]]></system-err>
      </testcase>
      <testcase name="Test Cases/Regression_TF_Product/Open_Pages/TC_4_Open_Adjustable_Rate_Policy" classname="Test Cases/Regression_TF_Product/Open_Pages/TC_4_Open_Adjustable_Rate_Policy" status="PASSED">
         <system-out><![CDATA[2019-05-15 07:00:56 - [TEST_CASE][PASSED] - Test Cases/Regression_TF_Product/Open_Pages/TC_4_Open_Adjustable_Rate_Policy: Test Cases/Regression_TF_Product/Open_Pages/TC_4_Open_Adjustable_Rate_Policy

2019-05-15 07:00:57 - [TEST_STEP][PASSED] - delay(6): Delayed 6 second(s)

2019-05-15 07:01:03 - [MESSAGE][PASSED] - Delayed 6 second(s)

2019-05-15 07:01:03 - [TEST_STEP][PASSED] - mouseOver(findTestObject("TF_Customer_Create/1_Menu_Navigation_To_Open_All_Pages/0_Menu_Create_In_Data_View")): Object: 'Object Repository/TF_Customer_Create/1_Menu_Navigation_To_Open_All_Pages/0_Menu_Create_In_Data_View' is hovered

2019-05-15 07:01:03 - [MESSAGE][PASSED] - Object: 'Object Repository/TF_Customer_Create/1_Menu_Navigation_To_Open_All_Pages/0_Menu_Create_In_Data_View' is hovered

2019-05-15 07:01:03 - [TEST_STEP][PASSED] - waitForPageLoad(G_Timeout): Wait for page load successfully

2019-05-15 07:01:03 - [MESSAGE][PASSED] - Wait for page load successfully

2019-05-15 07:01:03 - [TEST_STEP][PASSED] - mouseOver(findTestObject("TF_Customer_Create/1_Menu_Navigation_To_Open_All_Pages/1_Menu_Create_Master_Data")): Object: 'Object Repository/TF_Customer_Create/1_Menu_Navigation_To_Open_All_Pages/1_Menu_Create_Master_Data' is hovered

2019-05-15 07:01:03 - [MESSAGE][PASSED] - Object: 'Object Repository/TF_Customer_Create/1_Menu_Navigation_To_Open_All_Pages/1_Menu_Create_Master_Data' is hovered

2019-05-15 07:01:03 - [TEST_STEP][PASSED] - waitForPageLoad(G_Timeout): Wait for page load successfully

2019-05-15 07:01:03 - [MESSAGE][PASSED] - Wait for page load successfully

2019-05-15 07:01:03 - [TEST_STEP][PASSED] - click(findTestObject("TF_Customer_Create/2_Select_Menu_Options(All)/4_Menu_Adjustable_rate_policy")): Object: 'Object Repository/TF_Customer_Create/2_Select_Menu_Options(All)/4_Menu_Adjustable_rate_policy' is clicked on

2019-05-15 07:01:03 - [MESSAGE][PASSED] - Object: 'Object Repository/TF_Customer_Create/2_Select_Menu_Options(All)/4_Menu_Adjustable_rate_policy' is clicked on

2019-05-15 07:01:03 - [TEST_STEP][PASSED] - waitForPageLoad(G_Timeout): Wait for page load successfully

2019-05-15 07:01:03 - [MESSAGE][PASSED] - Wait for page load successfully

2019-05-15 07:01:03 - [TEST_STEP][PASSED] - delay(5): Delayed 5 second(s)

2019-05-15 07:01:08 - [MESSAGE][PASSED] - Delayed 5 second(s)]]></system-out>
         <system-err><![CDATA[]]></system-err>
      </testcase>
      <testcase name="Test Cases/General_Login_Logout/Logout" classname="Test Cases/General_Login_Logout/Logout" status="PASSED">
         <system-out><![CDATA[2019-05-15 07:01:08 - [TEST_CASE][PASSED] - Test Cases/General_Login_Logout/Logout: Test Cases/General_Login_Logout/Logout

2019-05-15 07:01:08 - [TEST_STEP][PASSED] - com.oracledb.regressiontest.logoutTFProduct(): com.oracledb.regressiontest.logoutTFProduct is PASSED

2019-05-15 07:01:08 - [MESSAGE][PASSED] - Wait for page load successfully

2019-05-15 07:01:08 - [MESSAGE][PASSED] - Object: 'Object Repository/TF_Product_Open_Pages/Page_Informatica MDM/td_Jiwani DS' is hovered using offset x = 5 and y = 5

2019-05-15 07:01:13 - [MESSAGE][PASSED] - Delayed 5 second(s)

2019-05-15 07:01:14 - [MESSAGE][PASSED] - Object: 'Object Repository/TF_Product_Open_Pages/Page_Informatica MDM/a_Log Out' is clicked on

2019-05-15 07:01:19 - [MESSAGE][PASSED] - Delayed 5 second(s)

2019-05-15 07:01:19 - [MESSAGE][PASSED] - com.oracledb.regressiontest.logoutTFProduct is PASSED]]></system-out>
         <system-err><![CDATA[]]></system-err>
      </testcase>
      <system-out><![CDATA[2019-05-15 06:58:59 - [TEST_SUITE][PASSED] - Open_All_Pages: Test Cases/General_Login_Logout/Logout]]></system-out>
      <system-err><![CDATA[]]></system-err>
   </testsuite>
</testsuites>
