<?xml version="1.0" encoding="UTF-8"?>
<testsuites name="Smoke_TF_Customer" time="93" tests="2" failures="1" errors="0">
   <testsuite name="Smoke_TF_Customer" tests="2" failures="1" errors="0" time="93" timestamp="2018-05-11 12:01:06" hostname="Junaid.Tariq - Junaid.instepinc.com" id="Test Suites/Smoke_TF_Customer">
      <properties>
         <property name="deviceName" value=""/>
         <property name="devicePlatform" value=""/>
         <property name="logFolder" value="D:\\Katalon\\Projects\\TF-Customer\\TF-Customer\\Reports\\Smoke_TF_Customer\\20180511_120105"/>
         <property name="logFiles" value="D:\\Katalon\\Projects\\TF-Customer\\TF-Customer\\Reports\\Smoke_TF_Customer\\20180511_120105\\execution0.log"/>
         <property name="attachments" value="D:\\Katalon\\Projects\\TF-Customer\\TF-Customer\\Reports\\Smoke_TF_Customer\\20180511_120105\\1526022158370.png"/>
         <property name="hostName" value="Junaid.Tariq - Junaid.instepinc.com"/>
         <property name="os" value="Windows 7 64bit"/>
         <property name="katalonVersion" value="5.4.0.1"/>
         <property name="browser" value="Chrome 66.0.3359.139"/>
         <property name="hostAddress" value="200.199.80.62"/>
         <property name="sessionId" value="cfbfaa43cbf16a7f67d1678eeedc5a8f"/>
         <property name="seleniumVersion" value="3.7.1"/>
         <property name="proxyInformation" value="ProxyInformation{proxyOption=NO_PROXY, proxyServerType=HTTP, password=, proxyServerAddress=, proxyServerPort=0}"/>
         <property name="platform" value="Windows 7"/>
      </properties>
      <testcase name="Test Cases/Smoke_TF_Customer/TC_1_Login" classname="Test Cases/Smoke_TF_Customer/TC_1_Login" status="PASSED">
         <system-out><![CDATA[2018-05-11 12:01:06 - [TEST_CASE][PASSED] - Test Cases/Smoke_TF_Customer/TC_1_Login: Test Cases/Smoke_TF_Customer/TC_1_Login

2018-05-11 12:01:06 - [TEST_STEP][PASSED] - openBrowser: Browser is opened with url: 'https://52.6.78.242:7008/e360/com.informatica.tools.mdm.web.auth/login'

2018-05-11 12:01:26 - [MESSAGE][PASSED] - Browser is opened with url: 'https://52.6.78.242:7008/e360/com.informatica.tools.mdm.web.auth/login'

2018-05-11 12:01:26 - [TEST_STEP][PASSED] - waitForPageLoad: Wait for page load successfully

2018-05-11 12:01:26 - [MESSAGE][PASSED] - Wait for page load successfully

2018-05-11 12:01:26 - [TEST_STEP][PASSED] - maximizeWindow: Current window maximized

2018-05-11 12:01:27 - [MESSAGE][PASSED] - Current window maximized

2018-05-11 12:01:27 - [TEST_STEP][PASSED] - waitForElementClickable: Object 'Object Repository/Page_ Login/Btn_Login' is clickable

2018-05-11 12:01:27 - [MESSAGE][PASSED] - Object 'Object Repository/Page_ Login/Btn_Login' is clickable

2018-05-11 12:01:28 - [TEST_STEP][PASSED] - setText: Text 'junaid_sm' is set on object 'Object Repository/Page_ Login/Txt_Username'

2018-05-11 12:01:28 - [MESSAGE][PASSED] - Text 'junaid_sm' is set on object 'Object Repository/Page_ Login/Txt_Username'

2018-05-11 12:01:28 - [TEST_STEP][PASSED] - setText: Text 'str0ng_2' is set on object 'Object Repository/Page_ Login/Txt_Password'

2018-05-11 12:01:28 - [MESSAGE][PASSED] - Text 'str0ng_2' is set on object 'Object Repository/Page_ Login/Txt_Password'

2018-05-11 12:01:28 - [TEST_STEP][PASSED] - click: Object: 'Object Repository/Page_ Login/Btn_Login' is clicked on

2018-05-11 12:01:28 - [MESSAGE][PASSED] - Object: 'Object Repository/Page_ Login/Btn_Login' is clicked on

2018-05-11 12:01:28 - [TEST_STEP][PASSED] - waitForPageLoad: Wait for page load successfully

2018-05-11 12:01:28 - [MESSAGE][PASSED] - Wait for page load successfully

2018-05-11 12:01:28 - [TEST_STEP][PASSED] - click: Object: 'Object Repository/Project_Selection/div_Trade Funds Customer' is clicked on

2018-05-11 12:01:51 - [MESSAGE][PASSED] - Object: 'Object Repository/Project_Selection/div_Trade Funds Customer' is clicked on

2018-05-11 12:01:51 - [TEST_STEP][PASSED] - delay: Delayed 2 second(s)

2018-05-11 12:01:53 - [MESSAGE][PASSED] - Delayed 2 second(s)]]></system-out>
         <system-err><![CDATA[]]></system-err>
      </testcase>
      <testcase name="Test Cases/Smoke_TF_Customer/TC_3_Open_All_Pages" classname="Test Cases/Smoke_TF_Customer/TC_3_Open_All_Pages" status="PASSED">
         <system-out><![CDATA[2018-05-11 12:01:53 - [TEST_CASE][PASSED] - Test Cases/Smoke_TF_Customer/TC_3_Open_All_Pages: Test Cases/Smoke_TF_Customer/TC_3_Open_All_Pages

2018-05-11 12:01:53 - [TEST_STEP][PASSED] - waitForPageLoad: Wait for page load successfully

2018-05-11 12:01:53 - [MESSAGE][PASSED] - Wait for page load successfully

2018-05-11 12:01:53 - [TEST_STEP][PASSED] - click: Object: 'Object Repository/TF_Customer_Smoke_OpenPage/1_Banner' is clicked on

2018-05-11 12:02:02 - [MESSAGE][PASSED] - Object: 'Object Repository/TF_Customer_Smoke_OpenPage/1_Banner' is clicked on

2018-05-11 12:02:02 - [TEST_STEP][PASSED] - waitForPageLoad: Wait for page load successfully

2018-05-11 12:02:02 - [MESSAGE][PASSED] - Wait for page load successfully

2018-05-11 12:02:02 - [TEST_STEP][PASSED] - click: Object: 'Object Repository/TF_Customer_Smoke_OpenPage/2_RGM Designated Baseline' is clicked on

2018-05-11 12:02:04 - [MESSAGE][PASSED] - Object: 'Object Repository/TF_Customer_Smoke_OpenPage/2_RGM Designated Baseline' is clicked on

2018-05-11 12:02:04 - [TEST_STEP][PASSED] - waitForPageLoad: Wait for page load successfully

2018-05-11 12:02:04 - [MESSAGE][PASSED] - Wait for page load successfully

2018-05-11 12:02:04 - [TEST_STEP][PASSED] - click: Object: 'Object Repository/TF_Customer_Smoke_OpenPage/3_JMS Sales Organizations' is clicked on

2018-05-11 12:02:08 - [MESSAGE][PASSED] - Object: 'Object Repository/TF_Customer_Smoke_OpenPage/3_JMS Sales Organizations' is clicked on

2018-05-11 12:02:08 - [TEST_STEP][PASSED] - waitForPageLoad: Wait for page load successfully

2018-05-11 12:02:08 - [MESSAGE][PASSED] - Wait for page load successfully

2018-05-11 12:02:08 - [TEST_STEP][PASSED] - click: Object: 'Object Repository/TF_Customer_Smoke_OpenPage/4_Consumption Baseline Source' is clicked on

2018-05-11 12:02:11 - [MESSAGE][PASSED] - Object: 'Object Repository/TF_Customer_Smoke_OpenPage/4_Consumption Baseline Source' is clicked on

2018-05-11 12:02:11 - [TEST_STEP][PASSED] - waitForPageLoad: Wait for page load successfully

2018-05-11 12:02:11 - [MESSAGE][PASSED] - Wait for page load successfully

2018-05-11 12:02:11 - [TEST_STEP][PASSED] - click: Object: 'Object Repository/TF_Customer_Smoke_OpenPage/5_Corporate Customer' is clicked on

2018-05-11 12:02:14 - [MESSAGE][PASSED] - Object: 'Object Repository/TF_Customer_Smoke_OpenPage/5_Corporate Customer' is clicked on

2018-05-11 12:02:14 - [TEST_STEP][PASSED] - waitForPageLoad: Wait for page load successfully

2018-05-11 12:02:14 - [MESSAGE][PASSED] - Wait for page load successfully

2018-05-11 12:02:14 - [TEST_STEP][PASSED] - click: Object: 'Object Repository/TF_Customer_Smoke_OpenPage/Sales_Hierarchy_Level/1_SBU (Sales Business Unit)' is clicked on

2018-05-11 12:02:22 - [MESSAGE][PASSED] - Object: 'Object Repository/TF_Customer_Smoke_OpenPage/Sales_Hierarchy_Level/1_SBU (Sales Business Unit)' is clicked on

2018-05-11 12:02:22 - [TEST_STEP][PASSED] - waitForPageLoad: Wait for page load successfully

2018-05-11 12:02:22 - [MESSAGE][PASSED] - Wait for page load successfully

2018-05-11 12:02:22 - [TEST_STEP][PASSED] - click: Object: 'Object Repository/TF_Customer_Smoke_OpenPage/Sales_Hierarchy_Level/2_Sales Segment' is clicked on

2018-05-11 12:02:24 - [MESSAGE][PASSED] - Object: 'Object Repository/TF_Customer_Smoke_OpenPage/Sales_Hierarchy_Level/2_Sales Segment' is clicked on

2018-05-11 12:02:24 - [TEST_STEP][PASSED] - waitForPageLoad: Wait for page load successfully

2018-05-11 12:02:24 - [MESSAGE][PASSED] - Wait for page load successfully

2018-05-11 12:02:24 - [TEST_STEP][PASSED] - click: Object: 'Object Repository/TF_Customer_Smoke_OpenPage/Sales_Hierarchy_Level/3_Sales Division' is clicked on

2018-05-11 12:02:27 - [MESSAGE][PASSED] - Object: 'Object Repository/TF_Customer_Smoke_OpenPage/Sales_Hierarchy_Level/3_Sales Division' is clicked on

2018-05-11 12:02:27 - [TEST_STEP][PASSED] - waitForPageLoad: Wait for page load successfully

2018-05-11 12:02:27 - [MESSAGE][PASSED] - Wait for page load successfully

2018-05-11 12:02:27 - [TEST_STEP][PASSED] - click: Object: 'Object Repository/TF_Customer_Smoke_OpenPage/Sales_Hierarchy_Level/4_Sales Region' is clicked on

2018-05-11 12:02:30 - [MESSAGE][PASSED] - Object: 'Object Repository/TF_Customer_Smoke_OpenPage/Sales_Hierarchy_Level/4_Sales Region' is clicked on

2018-05-11 12:02:30 - [TEST_STEP][PASSED] - waitForPageLoad: Wait for page load successfully

2018-05-11 12:02:30 - [MESSAGE][PASSED] - Wait for page load successfully

2018-05-11 12:02:30 - [TEST_STEP][PASSED] - click: Object: 'Object Repository/TF_Customer_Smoke_OpenPage/Sales_Hierarchy_Level/5_Sales Market' is clicked on

2018-05-11 12:02:32 - [MESSAGE][PASSED] - Object: 'Object Repository/TF_Customer_Smoke_OpenPage/Sales_Hierarchy_Level/5_Sales Market' is clicked on

2018-05-11 12:02:32 - [TEST_STEP][PASSED] - waitForPageLoad: Wait for page load successfully

2018-05-11 12:02:32 - [MESSAGE][PASSED] - Wait for page load successfully

2018-05-11 12:02:32 - [TEST_STEP][PASSED] - click: Object: 'Object Repository/TF_Customer_Smoke_OpenPage/Planning_Account/1_Planning Account' is clicked on

2018-05-11 12:02:35 - [MESSAGE][PASSED] - Object: 'Object Repository/TF_Customer_Smoke_OpenPage/Planning_Account/1_Planning Account' is clicked on

2018-05-11 12:02:35 - [TEST_STEP][PASSED] - waitForPageLoad: Wait for page load successfully

2018-05-11 12:02:35 - [MESSAGE][PASSED] - Wait for page load successfully

2018-05-11 12:02:35 - [TEST_STEP][PASSED] - click: Object: 'Object Repository/TF_Customer_Smoke_OpenPage/Planning_Account/2_Sub Planning Account' is clicked on

2018-05-11 12:02:38 - [MESSAGE][PASSED] - Object: 'Object Repository/TF_Customer_Smoke_OpenPage/Planning_Account/2_Sub Planning Account' is clicked on

2018-05-11 12:02:38 - [TEST_STEP][PASSED] - waitForPageLoad: Wait for page load successfully

2018-05-11 12:02:38 - [MESSAGE][PASSED] - Wait for page load successfully]]></system-out>
         <system-err><![CDATA[]]></system-err>
      </testcase>
      <testcase name="Test Cases/Smoke_TF_Customer/TC_2_Logout" classname="Test Cases/Smoke_TF_Customer/TC_2_Logout" status="FAILED">
         <failure type="FAILED" message="Unable to verify object is present (Root cause: java.lang.IllegalArgumentException: Object is null)"/>
         <system-out><![CDATA[2018-05-11 12:02:38 - [TEST_CASE][FAILED] - Test Cases/Smoke_TF_Customer/TC_2_Logout: Test Cases/Smoke_TF_Customer/TC_2_Logout FAILED because (of) Unable to verify object is present (Root cause: java.lang.IllegalArgumentException: Object is null)

2018-05-11 12:02:38 - [TEST_STEP][FAILED] - verifyElementPresent: Unable to verify object is present (Root cause: java.lang.IllegalArgumentException: Object is null)

2018-05-11 12:02:38 - [MESSAGE][WARNING] - Test object id is null

2018-05-11 12:02:38 - [MESSAGE][WARNING] - Test object with id 'Object Repository/' does not exist

2018-05-11 12:02:38 - [MESSAGE][FAILED] - Unable to verify object is present (Root cause: java.lang.IllegalArgumentException: Object is null)
[[ATTACHMENT|D:\\Katalon\\Projects\\TF-Customer\\TF-Customer\\Reports\\Smoke_TF_Customer\\20180511_120105\\1526022158370.png]]]]></system-out>
         <system-err><![CDATA[2018-05-11 12:02:38 - [TEST_CASE][FAILED] - Test Cases/Smoke_TF_Customer/TC_2_Logout: Test Cases/Smoke_TF_Customer/TC_2_Logout FAILED because (of) Unable to verify object is present (Root cause: java.lang.IllegalArgumentException: Object is null)]]></system-err>
      </testcase>
      <system-out><![CDATA[2018-05-11 12:01:06 - [TEST_SUITE][FAILED] - Smoke_TF_Customer: Test Cases/Smoke_TF_Customer/TC_2_Logout FAILED because (of) Unable to verify object is present (Root cause: java.lang.IllegalArgumentException: Object is null)]]></system-out>
      <system-err><![CDATA[2018-05-11 12:01:06 - [TEST_SUITE][FAILED] - Smoke_TF_Customer: Test Cases/Smoke_TF_Customer/TC_2_Logout FAILED because (of) Unable to verify object is present (Root cause: java.lang.IllegalArgumentException: Object is null)]]></system-err>
   </testsuite>
</testsuites>
