<?xml version="1.0" encoding="UTF-8"?>
<testsuites name="Smoke_TF_Customer" time="100" tests="11" failures="2" errors="0">
   <testsuite name="Smoke_TF_Customer" tests="11" failures="2" errors="0" time="100" timestamp="2018-05-28 07:25:08" hostname="Junaid.Tariq - Junaid.instepinc.com" id="Test Suites/Smoke_TF_Customer">
      <properties>
         <property name="deviceName" value=""/>
         <property name="devicePlatform" value=""/>
         <property name="logFolder" value="D:\\Katalon\\Projects\\TF-Customer\\TF-Customer\\Reports\\Smoke_TF_Customer\\20180528_072507"/>
         <property name="logFiles" value="D:\\Katalon\\Projects\\TF-Customer\\TF-Customer\\Reports\\Smoke_TF_Customer\\20180528_072507\\execution0.log"/>
         <property name="attachments" value="D:\\Katalon\\Projects\\TF-Customer\\TF-Customer\\Reports\\Smoke_TF_Customer\\20180528_072507\\1527474366260.png, D:\\Katalon\\Projects\\TF-Customer\\TF-Customer\\Reports\\Smoke_TF_Customer\\20180528_072507\\1527474366593.png, D:\\Katalon\\Projects\\TF-Customer\\TF-Customer\\Reports\\Smoke_TF_Customer\\20180528_072507\\1527474406482.png"/>
         <property name="hostName" value="Junaid.Tariq - Junaid.instepinc.com"/>
         <property name="os" value="Windows 7 64bit"/>
         <property name="katalonVersion" value="5.4.0.1"/>
         <property name="browser" value="Chrome 66.0.3359.181"/>
         <property name="hostAddress" value="200.199.80.62"/>
         <property name="sessionId" value="07c8c414285da804a9e871abcbd51826"/>
         <property name="seleniumVersion" value="3.7.1"/>
         <property name="proxyInformation" value="ProxyInformation{proxyOption=NO_PROXY, proxyServerType=HTTP, password=, proxyServerAddress=, proxyServerPort=0}"/>
         <property name="platform" value="Windows 7"/>
      </properties>
      <testcase name="Test Cases/General_Login_Logout/TC_1_Login" classname="Test Cases/General_Login_Logout/TC_1_Login" status="PASSED">
         <system-out><![CDATA[2018-05-28 07:25:08 - [TEST_CASE][PASSED] - Test Cases/General_Login_Logout/TC_1_Login: Test Cases/General_Login_Logout/TC_1_Login

2018-05-28 07:25:08 - [TEST_STEP][PASSED] - openBrowser: Browser is opened with url: 'https://52.6.78.242:7008/e360/com.informatica.tools.mdm.web.auth/login'

2018-05-28 07:25:20 - [MESSAGE][PASSED] - Browser is opened with url: 'https://52.6.78.242:7008/e360/com.informatica.tools.mdm.web.auth/login'

2018-05-28 07:25:20 - [TEST_STEP][PASSED] - waitForPageLoad: Wait for page load successfully

2018-05-28 07:25:20 - [MESSAGE][PASSED] - Wait for page load successfully

2018-05-28 07:25:20 - [TEST_STEP][PASSED] - maximizeWindow: Current window maximized

2018-05-28 07:25:21 - [MESSAGE][PASSED] - Current window maximized

2018-05-28 07:25:21 - [TEST_STEP][PASSED] - waitForElementClickable: Object 'Object Repository/Page_ Login/Btn_Login' is clickable

2018-05-28 07:25:21 - [MESSAGE][PASSED] - Object 'Object Repository/Page_ Login/Btn_Login' is clickable

2018-05-28 07:25:21 - [TEST_STEP][PASSED] - setText: Text 'junaid_sm' is set on object 'Object Repository/Page_ Login/Txt_Username'

2018-05-28 07:25:21 - [MESSAGE][PASSED] - Text 'junaid_sm' is set on object 'Object Repository/Page_ Login/Txt_Username'

2018-05-28 07:25:21 - [TEST_STEP][PASSED] - setText: Text 'str0ng_2' is set on object 'Object Repository/Page_ Login/Txt_Password'

2018-05-28 07:25:21 - [MESSAGE][PASSED] - Text 'str0ng_2' is set on object 'Object Repository/Page_ Login/Txt_Password'

2018-05-28 07:25:21 - [TEST_STEP][PASSED] - click: Object: 'Object Repository/Page_ Login/Btn_Login' is clicked on

2018-05-28 07:25:21 - [MESSAGE][PASSED] - Object: 'Object Repository/Page_ Login/Btn_Login' is clicked on

2018-05-28 07:25:21 - [TEST_STEP][PASSED] - waitForPageLoad: Wait for page load successfully

2018-05-28 07:25:21 - [MESSAGE][PASSED] - Wait for page load successfully

2018-05-28 07:25:21 - [TEST_STEP][PASSED] - click: Object: 'Object Repository/Page_ Login/Project_Selection/div_Trade Funds Customer' is clicked on

2018-05-28 07:25:31 - [MESSAGE][PASSED] - Object: 'Object Repository/Page_ Login/Project_Selection/div_Trade Funds Customer' is clicked on

2018-05-28 07:25:31 - [TEST_STEP][PASSED] - delay: Delayed 2 second(s)

2018-05-28 07:25:33 - [MESSAGE][PASSED] - Delayed 2 second(s)]]></system-out>
         <system-err><![CDATA[]]></system-err>
      </testcase>
      <testcase name="Test Cases/Smoke_TF_Customer/TC_1_Open_Banner" classname="Test Cases/Smoke_TF_Customer/TC_1_Open_Banner" status="FAILED">
         <failure type="FAILED" message="Unable to verify object 'Object Repository/TF_Customer_Smoke_OpenPage/Verification_Point_After_Open_Page/TC_13_Tab_Banner' is present (Root cause: com.kms.katalon.core.webui.exception.WebElementNotFoundException: Web element with id: 'Object Repository/TF_Customer_Smoke_OpenPage/Verification_Point_After_Open_Page/TC_13_Tab_Banner' located by 'By.xpath: //div[@class='spn_sr_tabpanel_content']//span[text()='New Banner #1']' not found)"/>
         <system-out><![CDATA[2018-05-28 07:25:33 - [TEST_CASE][FAILED] - Test Cases/Smoke_TF_Customer/TC_1_Open_Banner: Test Cases/Smoke_TF_Customer/TC_1_Open_Banner FAILED because (of) Unable to verify object 'Object Repository/TF_Customer_Smoke_OpenPage/Verification_Point_After_Open_Page/TC_13_Tab_Banner' is present (Root cause: com.kms.katalon.core.webui.exception.WebElementNotFoundException: Web element with id: 'Object Repository/TF_Customer_Smoke_OpenPage/Verification_Point_After_Open_Page/TC_13_Tab_Banner' located by 'By.xpath: //div[@class='spn_sr_tabpanel_content']//span[text()='New Banner #1']' not found)

2018-05-28 07:25:33 - [TEST_STEP][PASSED] - waitForPageLoad: Wait for page load successfully

2018-05-28 07:25:33 - [MESSAGE][PASSED] - Wait for page load successfully

2018-05-28 07:25:33 - [TEST_STEP][PASSED] - mouseOver: Object: 'Object Repository/TF_Customer_Smoke_OpenPage/Menu_Navigation_To_Open_All_Pages/0_Menu_Create_In_Data_View' is hovered

2018-05-28 07:25:33 - [MESSAGE][PASSED] - Object: 'Object Repository/TF_Customer_Smoke_OpenPage/Menu_Navigation_To_Open_All_Pages/0_Menu_Create_In_Data_View' is hovered

2018-05-28 07:25:33 - [TEST_STEP][PASSED] - waitForPageLoad: Wait for page load successfully

2018-05-28 07:25:33 - [MESSAGE][PASSED] - Wait for page load successfully

2018-05-28 07:25:33 - [TEST_STEP][PASSED] - mouseOver: Object: 'Object Repository/TF_Customer_Smoke_OpenPage/Menu_Navigation_To_Open_All_Pages/1_Menu_Create_Master_Data' is hovered

2018-05-28 07:25:34 - [MESSAGE][PASSED] - Object: 'Object Repository/TF_Customer_Smoke_OpenPage/Menu_Navigation_To_Open_All_Pages/1_Menu_Create_Master_Data' is hovered

2018-05-28 07:25:34 - [TEST_STEP][PASSED] - waitForPageLoad: Wait for page load successfully

2018-05-28 07:25:34 - [MESSAGE][PASSED] - Wait for page load successfully

2018-05-28 07:25:34 - [TEST_STEP][PASSED] - click: Object: 'Object Repository/TF_Customer_Smoke_OpenPage/1_Menu_Banner' is clicked on

2018-05-28 07:25:34 - [MESSAGE][PASSED] - Object: 'Object Repository/TF_Customer_Smoke_OpenPage/1_Menu_Banner' is clicked on

2018-05-28 07:25:34 - [TEST_STEP][PASSED] - waitForPageLoad: Wait for page load successfully

2018-05-28 07:25:34 - [MESSAGE][PASSED] - Wait for page load successfully

2018-05-28 07:25:34 - [TEST_STEP][FAILED] - verifyElementPresent: Unable to verify object 'Object Repository/TF_Customer_Smoke_OpenPage/Verification_Point_After_Open_Page/TC_13_Tab_Banner' is present (Root cause: com.kms.katalon.core.webui.exception.WebElementNotFoundException: Web element with id: 'Object Repository/TF_Customer_Smoke_OpenPage/Verification_Point_After_Open_Page/TC_13_Tab_Banner' located by 'By.xpath: //div[@class='spn_sr_tabpanel_content']//span[text()='New Banner #1']' not found)

2018-05-28 07:25:34 - [MESSAGE][WARNING] - Timeout '0' is invalid. Using default page load timeout: '30'

2018-05-28 07:26:06 - [MESSAGE][FAILED] - com.kms.katalon.core.webui.exception.WebElementNotFoundException: Web element with id: 'Object Repository/TF_Customer_Smoke_OpenPage/Verification_Point_After_Open_Page/TC_13_Tab_Banner' located by 'By.xpath: //div[@class='spn_sr_tabpanel_content']//span[text()='New Banner #1']' not found
[[ATTACHMENT|D:\\Katalon\\Projects\\TF-Customer\\TF-Customer\\Reports\\Smoke_TF_Customer\\20180528_072507\\1527474366260.png]]

2018-05-28 07:26:06 - [MESSAGE][FAILED] - Unable to verify object 'Object Repository/TF_Customer_Smoke_OpenPage/Verification_Point_After_Open_Page/TC_13_Tab_Banner' is present (Root cause: com.kms.katalon.core.webui.exception.WebElementNotFoundException: Web element with id: 'Object Repository/TF_Customer_Smoke_OpenPage/Verification_Point_After_Open_Page/TC_13_Tab_Banner' located by 'By.xpath: //div[@class='spn_sr_tabpanel_content']//span[text()='New Banner #1']' not found)
[[ATTACHMENT|D:\\Katalon\\Projects\\TF-Customer\\TF-Customer\\Reports\\Smoke_TF_Customer\\20180528_072507\\1527474366593.png]]]]></system-out>
         <system-err><![CDATA[2018-05-28 07:25:33 - [TEST_CASE][FAILED] - Test Cases/Smoke_TF_Customer/TC_1_Open_Banner: Test Cases/Smoke_TF_Customer/TC_1_Open_Banner FAILED because (of) Unable to verify object 'Object Repository/TF_Customer_Smoke_OpenPage/Verification_Point_After_Open_Page/TC_13_Tab_Banner' is present (Root cause: com.kms.katalon.core.webui.exception.WebElementNotFoundException: Web element with id: 'Object Repository/TF_Customer_Smoke_OpenPage/Verification_Point_After_Open_Page/TC_13_Tab_Banner' located by 'By.xpath: //div[@class='spn_sr_tabpanel_content']//span[text()='New Banner #1']' not found)]]></system-err>
      </testcase>
      <testcase name="Test Cases/Smoke_TF_Customer/TC_2_Open_RGM_Designated_Baseline" classname="Test Cases/Smoke_TF_Customer/TC_2_Open_RGM_Designated_Baseline" status="PASSED">
         <system-out><![CDATA[2018-05-28 07:26:06 - [TEST_CASE][PASSED] - Test Cases/Smoke_TF_Customer/TC_2_Open_RGM_Designated_Baseline: Test Cases/Smoke_TF_Customer/TC_2_Open_RGM_Designated_Baseline

2018-05-28 07:26:06 - [TEST_STEP][PASSED] - waitForPageLoad: Wait for page load successfully

2018-05-28 07:26:06 - [MESSAGE][PASSED] - Wait for page load successfully

2018-05-28 07:26:06 - [TEST_STEP][PASSED] - mouseOver: Object: 'Object Repository/TF_Customer_Smoke_OpenPage/Menu_Navigation_To_Open_All_Pages/0_Menu_Create_In_Data_View' is hovered

2018-05-28 07:26:07 - [MESSAGE][PASSED] - Object: 'Object Repository/TF_Customer_Smoke_OpenPage/Menu_Navigation_To_Open_All_Pages/0_Menu_Create_In_Data_View' is hovered

2018-05-28 07:26:07 - [TEST_STEP][PASSED] - waitForPageLoad: Wait for page load successfully

2018-05-28 07:26:07 - [MESSAGE][PASSED] - Wait for page load successfully

2018-05-28 07:26:07 - [TEST_STEP][PASSED] - mouseOver: Object: 'Object Repository/TF_Customer_Smoke_OpenPage/Menu_Navigation_To_Open_All_Pages/1_Menu_Create_Master_Data' is hovered

2018-05-28 07:26:07 - [MESSAGE][PASSED] - Object: 'Object Repository/TF_Customer_Smoke_OpenPage/Menu_Navigation_To_Open_All_Pages/1_Menu_Create_Master_Data' is hovered

2018-05-28 07:26:07 - [TEST_STEP][PASSED] - waitForPageLoad: Wait for page load successfully

2018-05-28 07:26:07 - [MESSAGE][PASSED] - Wait for page load successfully

2018-05-28 07:26:07 - [TEST_STEP][PASSED] - click: Object: 'Object Repository/TF_Customer_Smoke_OpenPage/2_Menu_RGM Designated Baseline' is clicked on

2018-05-28 07:26:07 - [MESSAGE][PASSED] - Object: 'Object Repository/TF_Customer_Smoke_OpenPage/2_Menu_RGM Designated Baseline' is clicked on

2018-05-28 07:26:07 - [TEST_STEP][PASSED] - waitForPageLoad: Wait for page load successfully

2018-05-28 07:26:07 - [MESSAGE][PASSED] - Wait for page load successfully

2018-05-28 07:26:07 - [TEST_STEP][NOT_RUN] - verifyElementPresent: NOT_RUN: verifyElementPresent

2018-05-28 07:26:07 - [MESSAGE][NOT_RUN] - NOT_RUN: verifyElementPresent]]></system-out>
         <system-err><![CDATA[]]></system-err>
      </testcase>
      <testcase name="Test Cases/Smoke_TF_Customer/TC_3_Open_JMS_Sales_Org" classname="Test Cases/Smoke_TF_Customer/TC_3_Open_JMS_Sales_Org" status="PASSED">
         <system-out><![CDATA[2018-05-28 07:26:07 - [TEST_CASE][PASSED] - Test Cases/Smoke_TF_Customer/TC_3_Open_JMS_Sales_Org: Test Cases/Smoke_TF_Customer/TC_3_Open_JMS_Sales_Org

2018-05-28 07:26:07 - [TEST_STEP][PASSED] - waitForPageLoad: Wait for page load successfully

2018-05-28 07:26:07 - [MESSAGE][PASSED] - Wait for page load successfully

2018-05-28 07:26:07 - [TEST_STEP][PASSED] - mouseOver: Object: 'Object Repository/TF_Customer_Smoke_OpenPage/Menu_Navigation_To_Open_All_Pages/0_Menu_Create_In_Data_View' is hovered

2018-05-28 07:26:07 - [MESSAGE][PASSED] - Object: 'Object Repository/TF_Customer_Smoke_OpenPage/Menu_Navigation_To_Open_All_Pages/0_Menu_Create_In_Data_View' is hovered

2018-05-28 07:26:07 - [TEST_STEP][PASSED] - waitForPageLoad: Wait for page load successfully

2018-05-28 07:26:07 - [MESSAGE][PASSED] - Wait for page load successfully

2018-05-28 07:26:07 - [TEST_STEP][PASSED] - mouseOver: Object: 'Object Repository/TF_Customer_Smoke_OpenPage/Menu_Navigation_To_Open_All_Pages/1_Menu_Create_Master_Data' is hovered

2018-05-28 07:26:07 - [MESSAGE][PASSED] - Object: 'Object Repository/TF_Customer_Smoke_OpenPage/Menu_Navigation_To_Open_All_Pages/1_Menu_Create_Master_Data' is hovered

2018-05-28 07:26:07 - [TEST_STEP][PASSED] - waitForPageLoad: Wait for page load successfully

2018-05-28 07:26:07 - [MESSAGE][PASSED] - Wait for page load successfully

2018-05-28 07:26:07 - [TEST_STEP][PASSED] - click: Object: 'Object Repository/TF_Customer_Smoke_OpenPage/3_Menu_JMS Sales Organizations' is clicked on

2018-05-28 07:26:08 - [MESSAGE][PASSED] - Object: 'Object Repository/TF_Customer_Smoke_OpenPage/3_Menu_JMS Sales Organizations' is clicked on

2018-05-28 07:26:08 - [TEST_STEP][PASSED] - waitForPageLoad: Wait for page load successfully

2018-05-28 07:26:08 - [MESSAGE][PASSED] - Wait for page load successfully

2018-05-28 07:26:08 - [TEST_STEP][NOT_RUN] - verifyElementPresent: NOT_RUN: verifyElementPresent

2018-05-28 07:26:08 - [MESSAGE][NOT_RUN] - NOT_RUN: verifyElementPresent]]></system-out>
         <system-err><![CDATA[]]></system-err>
      </testcase>
      <testcase name="Test Cases/Smoke_TF_Customer/TC_4_Open_Consumption_Baseline_Source" classname="Test Cases/Smoke_TF_Customer/TC_4_Open_Consumption_Baseline_Source" status="PASSED">
         <system-out><![CDATA[2018-05-28 07:26:08 - [TEST_CASE][PASSED] - Test Cases/Smoke_TF_Customer/TC_4_Open_Consumption_Baseline_Source: Test Cases/Smoke_TF_Customer/TC_4_Open_Consumption_Baseline_Source

2018-05-28 07:26:08 - [TEST_STEP][PASSED] - waitForPageLoad: Wait for page load successfully

2018-05-28 07:26:08 - [MESSAGE][PASSED] - Wait for page load successfully

2018-05-28 07:26:08 - [TEST_STEP][PASSED] - mouseOver: Object: 'Object Repository/TF_Customer_Smoke_OpenPage/Menu_Navigation_To_Open_All_Pages/0_Menu_Create_In_Data_View' is hovered

2018-05-28 07:26:08 - [MESSAGE][PASSED] - Object: 'Object Repository/TF_Customer_Smoke_OpenPage/Menu_Navigation_To_Open_All_Pages/0_Menu_Create_In_Data_View' is hovered

2018-05-28 07:26:08 - [TEST_STEP][PASSED] - waitForPageLoad: Wait for page load successfully

2018-05-28 07:26:08 - [MESSAGE][PASSED] - Wait for page load successfully

2018-05-28 07:26:08 - [TEST_STEP][PASSED] - mouseOver: Object: 'Object Repository/TF_Customer_Smoke_OpenPage/Menu_Navigation_To_Open_All_Pages/1_Menu_Create_Master_Data' is hovered

2018-05-28 07:26:08 - [MESSAGE][PASSED] - Object: 'Object Repository/TF_Customer_Smoke_OpenPage/Menu_Navigation_To_Open_All_Pages/1_Menu_Create_Master_Data' is hovered

2018-05-28 07:26:08 - [TEST_STEP][PASSED] - waitForPageLoad: Wait for page load successfully

2018-05-28 07:26:08 - [MESSAGE][PASSED] - Wait for page load successfully

2018-05-28 07:26:08 - [TEST_STEP][PASSED] - click: Object: 'Object Repository/TF_Customer_Smoke_OpenPage/4_Menu_Consumption Baseline Source' is clicked on

2018-05-28 07:26:09 - [MESSAGE][PASSED] - Object: 'Object Repository/TF_Customer_Smoke_OpenPage/4_Menu_Consumption Baseline Source' is clicked on

2018-05-28 07:26:09 - [TEST_STEP][PASSED] - waitForPageLoad: Wait for page load successfully

2018-05-28 07:26:09 - [MESSAGE][PASSED] - Wait for page load successfully

2018-05-28 07:26:09 - [TEST_STEP][NOT_RUN] - verifyElementPresent: NOT_RUN: verifyElementPresent

2018-05-28 07:26:09 - [MESSAGE][NOT_RUN] - NOT_RUN: verifyElementPresent]]></system-out>
         <system-err><![CDATA[]]></system-err>
      </testcase>
      <testcase name="Test Cases/Smoke_TF_Customer/TC_5_Open_Corporate_Customer" classname="Test Cases/Smoke_TF_Customer/TC_5_Open_Corporate_Customer" status="PASSED">
         <system-out><![CDATA[2018-05-28 07:26:09 - [TEST_CASE][PASSED] - Test Cases/Smoke_TF_Customer/TC_5_Open_Corporate_Customer: Test Cases/Smoke_TF_Customer/TC_5_Open_Corporate_Customer

2018-05-28 07:26:09 - [TEST_STEP][PASSED] - waitForPageLoad: Wait for page load successfully

2018-05-28 07:26:09 - [MESSAGE][PASSED] - Wait for page load successfully

2018-05-28 07:26:09 - [TEST_STEP][PASSED] - mouseOver: Object: 'Object Repository/TF_Customer_Smoke_OpenPage/Menu_Navigation_To_Open_All_Pages/0_Menu_Create_In_Data_View' is hovered

2018-05-28 07:26:09 - [MESSAGE][PASSED] - Object: 'Object Repository/TF_Customer_Smoke_OpenPage/Menu_Navigation_To_Open_All_Pages/0_Menu_Create_In_Data_View' is hovered

2018-05-28 07:26:09 - [TEST_STEP][PASSED] - waitForPageLoad: Wait for page load successfully

2018-05-28 07:26:09 - [MESSAGE][PASSED] - Wait for page load successfully

2018-05-28 07:26:09 - [TEST_STEP][PASSED] - mouseOver: Object: 'Object Repository/TF_Customer_Smoke_OpenPage/Menu_Navigation_To_Open_All_Pages/1_Menu_Create_Master_Data' is hovered

2018-05-28 07:26:09 - [MESSAGE][PASSED] - Object: 'Object Repository/TF_Customer_Smoke_OpenPage/Menu_Navigation_To_Open_All_Pages/1_Menu_Create_Master_Data' is hovered

2018-05-28 07:26:09 - [TEST_STEP][PASSED] - waitForPageLoad: Wait for page load successfully

2018-05-28 07:26:09 - [MESSAGE][PASSED] - Wait for page load successfully

2018-05-28 07:26:09 - [TEST_STEP][PASSED] - click: Object: 'Object Repository/TF_Customer_Smoke_OpenPage/5_Menu_Corporate Customer' is clicked on

2018-05-28 07:26:10 - [MESSAGE][PASSED] - Object: 'Object Repository/TF_Customer_Smoke_OpenPage/5_Menu_Corporate Customer' is clicked on

2018-05-28 07:26:10 - [TEST_STEP][PASSED] - waitForPageLoad: Wait for page load successfully

2018-05-28 07:26:10 - [MESSAGE][PASSED] - Wait for page load successfully

2018-05-28 07:26:10 - [TEST_STEP][NOT_RUN] - verifyElementPresent: NOT_RUN: verifyElementPresent

2018-05-28 07:26:10 - [MESSAGE][NOT_RUN] - NOT_RUN: verifyElementPresent]]></system-out>
         <system-err><![CDATA[]]></system-err>
      </testcase>
      <testcase name="Test Cases/Smoke_TF_Customer/TC_7_Open_SHL2_Sales_Segment" classname="Test Cases/Smoke_TF_Customer/TC_7_Open_SHL2_Sales_Segment" status="PASSED">
         <system-out><![CDATA[2018-05-28 07:26:10 - [TEST_CASE][PASSED] - Test Cases/Smoke_TF_Customer/TC_7_Open_SHL2_Sales_Segment: Test Cases/Smoke_TF_Customer/TC_7_Open_SHL2_Sales_Segment

2018-05-28 07:26:10 - [TEST_STEP][PASSED] - waitForPageLoad: Wait for page load successfully

2018-05-28 07:26:10 - [MESSAGE][PASSED] - Wait for page load successfully

2018-05-28 07:26:10 - [TEST_STEP][PASSED] - mouseOver: Object: 'Object Repository/TF_Customer_Smoke_OpenPage/Menu_Navigation_To_Open_All_Pages/0_Menu_Create_In_Data_View' is hovered

2018-05-28 07:26:10 - [MESSAGE][PASSED] - Object: 'Object Repository/TF_Customer_Smoke_OpenPage/Menu_Navigation_To_Open_All_Pages/0_Menu_Create_In_Data_View' is hovered

2018-05-28 07:26:10 - [TEST_STEP][PASSED] - waitForPageLoad: Wait for page load successfully

2018-05-28 07:26:10 - [MESSAGE][PASSED] - Wait for page load successfully

2018-05-28 07:26:10 - [TEST_STEP][PASSED] - mouseOver: Object: 'Object Repository/TF_Customer_Smoke_OpenPage/Menu_Navigation_To_Open_All_Pages/1_Menu_Create_Master_Data' is hovered

2018-05-28 07:26:10 - [MESSAGE][PASSED] - Object: 'Object Repository/TF_Customer_Smoke_OpenPage/Menu_Navigation_To_Open_All_Pages/1_Menu_Create_Master_Data' is hovered

2018-05-28 07:26:10 - [TEST_STEP][PASSED] - waitForPageLoad: Wait for page load successfully

2018-05-28 07:26:10 - [MESSAGE][PASSED] - Wait for page load successfully

2018-05-28 07:26:10 - [TEST_STEP][PASSED] - mouseOver: Object: 'Object Repository/TF_Customer_Smoke_OpenPage/Menu_Navigation_To_Open_All_Pages/2_Sales_Hierarchy_Level_Hoverover' is hovered

2018-05-28 07:26:10 - [MESSAGE][PASSED] - Object: 'Object Repository/TF_Customer_Smoke_OpenPage/Menu_Navigation_To_Open_All_Pages/2_Sales_Hierarchy_Level_Hoverover' is hovered

2018-05-28 07:26:10 - [TEST_STEP][PASSED] - waitForPageLoad: Wait for page load successfully

2018-05-28 07:26:10 - [MESSAGE][PASSED] - Wait for page load successfully

2018-05-28 07:26:10 - [TEST_STEP][PASSED] - click: Object: 'Object Repository/TF_Customer_Smoke_OpenPage/Sales_Hierarchy_Level/2_Menu_Sales Segment' is clicked on

2018-05-28 07:26:11 - [MESSAGE][PASSED] - Object: 'Object Repository/TF_Customer_Smoke_OpenPage/Sales_Hierarchy_Level/2_Menu_Sales Segment' is clicked on

2018-05-28 07:26:11 - [TEST_STEP][PASSED] - waitForPageLoad: Wait for page load successfully

2018-05-28 07:26:11 - [MESSAGE][PASSED] - Wait for page load successfully

2018-05-28 07:26:11 - [TEST_STEP][NOT_RUN] - verifyElementPresent: NOT_RUN: verifyElementPresent

2018-05-28 07:26:11 - [MESSAGE][NOT_RUN] - NOT_RUN: verifyElementPresent]]></system-out>
         <system-err><![CDATA[]]></system-err>
      </testcase>
      <testcase name="Test Cases/Smoke_TF_Customer/TC_6_Open_SHL1_SBU" classname="Test Cases/Smoke_TF_Customer/TC_6_Open_SHL1_SBU" status="PASSED">
         <system-out><![CDATA[2018-05-28 07:26:11 - [TEST_CASE][PASSED] - Test Cases/Smoke_TF_Customer/TC_6_Open_SHL1_SBU: Test Cases/Smoke_TF_Customer/TC_6_Open_SHL1_SBU

2018-05-28 07:26:11 - [TEST_STEP][PASSED] - waitForPageLoad: Wait for page load successfully

2018-05-28 07:26:11 - [MESSAGE][PASSED] - Wait for page load successfully

2018-05-28 07:26:11 - [TEST_STEP][PASSED] - mouseOver: Object: 'Object Repository/TF_Customer_Smoke_OpenPage/Menu_Navigation_To_Open_All_Pages/0_Menu_Create_In_Data_View' is hovered

2018-05-28 07:26:11 - [MESSAGE][PASSED] - Object: 'Object Repository/TF_Customer_Smoke_OpenPage/Menu_Navigation_To_Open_All_Pages/0_Menu_Create_In_Data_View' is hovered

2018-05-28 07:26:11 - [TEST_STEP][PASSED] - waitForPageLoad: Wait for page load successfully

2018-05-28 07:26:11 - [MESSAGE][PASSED] - Wait for page load successfully

2018-05-28 07:26:11 - [TEST_STEP][PASSED] - mouseOver: Object: 'Object Repository/TF_Customer_Smoke_OpenPage/Menu_Navigation_To_Open_All_Pages/1_Menu_Create_Master_Data' is hovered

2018-05-28 07:26:11 - [MESSAGE][PASSED] - Object: 'Object Repository/TF_Customer_Smoke_OpenPage/Menu_Navigation_To_Open_All_Pages/1_Menu_Create_Master_Data' is hovered

2018-05-28 07:26:11 - [TEST_STEP][PASSED] - waitForPageLoad: Wait for page load successfully

2018-05-28 07:26:11 - [MESSAGE][PASSED] - Wait for page load successfully

2018-05-28 07:26:11 - [TEST_STEP][PASSED] - mouseOver: Object: 'Object Repository/TF_Customer_Smoke_OpenPage/Menu_Navigation_To_Open_All_Pages/2_Sales_Hierarchy_Level_Hoverover' is hovered

2018-05-28 07:26:12 - [MESSAGE][PASSED] - Object: 'Object Repository/TF_Customer_Smoke_OpenPage/Menu_Navigation_To_Open_All_Pages/2_Sales_Hierarchy_Level_Hoverover' is hovered

2018-05-28 07:26:12 - [TEST_STEP][PASSED] - waitForPageLoad: Wait for page load successfully

2018-05-28 07:26:12 - [MESSAGE][PASSED] - Wait for page load successfully

2018-05-28 07:26:12 - [TEST_STEP][PASSED] - click: Object: 'Object Repository/TF_Customer_Smoke_OpenPage/Sales_Hierarchy_Level/1_Menu_SBU (Sales Business Unit)' is clicked on

2018-05-28 07:26:13 - [MESSAGE][PASSED] - Object: 'Object Repository/TF_Customer_Smoke_OpenPage/Sales_Hierarchy_Level/1_Menu_SBU (Sales Business Unit)' is clicked on

2018-05-28 07:26:13 - [TEST_STEP][PASSED] - waitForPageLoad: Wait for page load successfully

2018-05-28 07:26:13 - [MESSAGE][PASSED] - Wait for page load successfully

2018-05-28 07:26:13 - [TEST_STEP][NOT_RUN] - verifyElementPresent: NOT_RUN: verifyElementPresent

2018-05-28 07:26:13 - [MESSAGE][NOT_RUN] - NOT_RUN: verifyElementPresent]]></system-out>
         <system-err><![CDATA[]]></system-err>
      </testcase>
      <testcase name="Test Cases/Smoke_TF_Customer/TC_8_Open_SHL3_Sales_Division" classname="Test Cases/Smoke_TF_Customer/TC_8_Open_SHL3_Sales_Division" status="PASSED">
         <system-out><![CDATA[2018-05-28 07:26:13 - [TEST_CASE][PASSED] - Test Cases/Smoke_TF_Customer/TC_8_Open_SHL3_Sales_Division: Test Cases/Smoke_TF_Customer/TC_8_Open_SHL3_Sales_Division

2018-05-28 07:26:13 - [TEST_STEP][PASSED] - waitForPageLoad: Wait for page load successfully

2018-05-28 07:26:13 - [MESSAGE][PASSED] - Wait for page load successfully

2018-05-28 07:26:13 - [TEST_STEP][PASSED] - mouseOver: Object: 'Object Repository/TF_Customer_Smoke_OpenPage/Menu_Navigation_To_Open_All_Pages/0_Menu_Create_In_Data_View' is hovered

2018-05-28 07:26:13 - [MESSAGE][PASSED] - Object: 'Object Repository/TF_Customer_Smoke_OpenPage/Menu_Navigation_To_Open_All_Pages/0_Menu_Create_In_Data_View' is hovered

2018-05-28 07:26:13 - [TEST_STEP][PASSED] - waitForPageLoad: Wait for page load successfully

2018-05-28 07:26:13 - [MESSAGE][PASSED] - Wait for page load successfully

2018-05-28 07:26:13 - [TEST_STEP][PASSED] - mouseOver: Object: 'Object Repository/TF_Customer_Smoke_OpenPage/Menu_Navigation_To_Open_All_Pages/1_Menu_Create_Master_Data' is hovered

2018-05-28 07:26:13 - [MESSAGE][PASSED] - Object: 'Object Repository/TF_Customer_Smoke_OpenPage/Menu_Navigation_To_Open_All_Pages/1_Menu_Create_Master_Data' is hovered

2018-05-28 07:26:13 - [TEST_STEP][PASSED] - waitForPageLoad: Wait for page load successfully

2018-05-28 07:26:13 - [MESSAGE][PASSED] - Wait for page load successfully

2018-05-28 07:26:13 - [TEST_STEP][PASSED] - mouseOver: Object: 'Object Repository/TF_Customer_Smoke_OpenPage/Menu_Navigation_To_Open_All_Pages/2_Sales_Hierarchy_Level_Hoverover' is hovered

2018-05-28 07:26:13 - [MESSAGE][PASSED] - Object: 'Object Repository/TF_Customer_Smoke_OpenPage/Menu_Navigation_To_Open_All_Pages/2_Sales_Hierarchy_Level_Hoverover' is hovered

2018-05-28 07:26:13 - [TEST_STEP][PASSED] - waitForPageLoad: Wait for page load successfully

2018-05-28 07:26:13 - [MESSAGE][PASSED] - Wait for page load successfully

2018-05-28 07:26:13 - [TEST_STEP][PASSED] - click: Object: 'Object Repository/TF_Customer_Smoke_OpenPage/Sales_Hierarchy_Level/3_Menu_Sales Division' is clicked on

2018-05-28 07:26:14 - [MESSAGE][PASSED] - Object: 'Object Repository/TF_Customer_Smoke_OpenPage/Sales_Hierarchy_Level/3_Menu_Sales Division' is clicked on

2018-05-28 07:26:14 - [TEST_STEP][PASSED] - waitForPageLoad: Wait for page load successfully

2018-05-28 07:26:14 - [MESSAGE][PASSED] - Wait for page load successfully

2018-05-28 07:26:14 - [TEST_STEP][NOT_RUN] - verifyElementPresent: NOT_RUN: verifyElementPresent

2018-05-28 07:26:14 - [MESSAGE][NOT_RUN] - NOT_RUN: verifyElementPresent]]></system-out>
         <system-err><![CDATA[]]></system-err>
      </testcase>
      <testcase name="Test Cases/Smoke_TF_Customer/TC_9_Open_SHL4_Sales_Region" classname="Test Cases/Smoke_TF_Customer/TC_9_Open_SHL4_Sales_Region" status="FAILED">
         <failure type="FAILED" message="Unable to click on object 'Object Repository/TF_Customer_Smoke_OpenPage/Sales_Hierarchy_Level/4_Menu_Sales Region' (Root cause: com.kms.katalon.core.webui.exception.WebElementNotFoundException: Web element with id: 'Object Repository/TF_Customer_Smoke_OpenPage/Sales_Hierarchy_Level/4_Menu_Sales Region' located by 'By.xpath: //td[(text() = 'Sales Region' or . = 'Sales Region')]' not found)"/>
         <system-out><![CDATA[2018-05-28 07:26:14 - [TEST_CASE][FAILED] - Test Cases/Smoke_TF_Customer/TC_9_Open_SHL4_Sales_Region: Test Cases/Smoke_TF_Customer/TC_9_Open_SHL4_Sales_Region FAILED because (of) Unable to click on object 'Object Repository/TF_Customer_Smoke_OpenPage/Sales_Hierarchy_Level/4_Menu_Sales Region' (Root cause: com.kms.katalon.core.webui.exception.WebElementNotFoundException: Web element with id: 'Object Repository/TF_Customer_Smoke_OpenPage/Sales_Hierarchy_Level/4_Menu_Sales Region' located by 'By.xpath: //td[(text() = 'Sales Region' or . = 'Sales Region')]' not found)

2018-05-28 07:26:14 - [TEST_STEP][PASSED] - waitForPageLoad: Wait for page load successfully

2018-05-28 07:26:14 - [MESSAGE][PASSED] - Wait for page load successfully

2018-05-28 07:26:14 - [TEST_STEP][PASSED] - mouseOver: Object: 'Object Repository/TF_Customer_Smoke_OpenPage/Menu_Navigation_To_Open_All_Pages/0_Menu_Create_In_Data_View' is hovered

2018-05-28 07:26:14 - [MESSAGE][PASSED] - Object: 'Object Repository/TF_Customer_Smoke_OpenPage/Menu_Navigation_To_Open_All_Pages/0_Menu_Create_In_Data_View' is hovered

2018-05-28 07:26:14 - [TEST_STEP][PASSED] - waitForPageLoad: Wait for page load successfully

2018-05-28 07:26:14 - [MESSAGE][PASSED] - Wait for page load successfully

2018-05-28 07:26:14 - [TEST_STEP][PASSED] - mouseOver: Object: 'Object Repository/TF_Customer_Smoke_OpenPage/Menu_Navigation_To_Open_All_Pages/1_Menu_Create_Master_Data' is hovered

2018-05-28 07:26:14 - [MESSAGE][PASSED] - Object: 'Object Repository/TF_Customer_Smoke_OpenPage/Menu_Navigation_To_Open_All_Pages/1_Menu_Create_Master_Data' is hovered

2018-05-28 07:26:14 - [TEST_STEP][PASSED] - waitForPageLoad: Wait for page load successfully

2018-05-28 07:26:14 - [MESSAGE][PASSED] - Wait for page load successfully

2018-05-28 07:26:14 - [TEST_STEP][PASSED] - mouseOver: Object: 'Object Repository/TF_Customer_Smoke_OpenPage/Menu_Navigation_To_Open_All_Pages/2_Sales_Hierarchy_Level_Hoverover' is hovered

2018-05-28 07:26:15 - [MESSAGE][PASSED] - Object: 'Object Repository/TF_Customer_Smoke_OpenPage/Menu_Navigation_To_Open_All_Pages/2_Sales_Hierarchy_Level_Hoverover' is hovered

2018-05-28 07:26:15 - [TEST_STEP][PASSED] - waitForPageLoad: Wait for page load successfully

2018-05-28 07:26:15 - [MESSAGE][PASSED] - Wait for page load successfully

2018-05-28 07:26:15 - [TEST_STEP][FAILED] - click: Unable to click on object 'Object Repository/TF_Customer_Smoke_OpenPage/Sales_Hierarchy_Level/4_Menu_Sales Region' (Root cause: com.kms.katalon.core.webui.exception.WebElementNotFoundException: Web element with id: 'Object Repository/TF_Customer_Smoke_OpenPage/Sales_Hierarchy_Level/4_Menu_Sales Region' located by 'By.xpath: //td[(text() = 'Sales Region' or . = 'Sales Region')]' not found)

2018-05-28 07:26:46 - [MESSAGE][FAILED] - Unable to click on object 'Object Repository/TF_Customer_Smoke_OpenPage/Sales_Hierarchy_Level/4_Menu_Sales Region' (Root cause: com.kms.katalon.core.webui.exception.WebElementNotFoundException: Web element with id: 'Object Repository/TF_Customer_Smoke_OpenPage/Sales_Hierarchy_Level/4_Menu_Sales Region' located by 'By.xpath: //td[(text() = 'Sales Region' or . = 'Sales Region')]' not found)
[[ATTACHMENT|D:\\Katalon\\Projects\\TF-Customer\\TF-Customer\\Reports\\Smoke_TF_Customer\\20180528_072507\\1527474406482.png]]]]></system-out>
         <system-err><![CDATA[2018-05-28 07:26:14 - [TEST_CASE][FAILED] - Test Cases/Smoke_TF_Customer/TC_9_Open_SHL4_Sales_Region: Test Cases/Smoke_TF_Customer/TC_9_Open_SHL4_Sales_Region FAILED because (of) Unable to click on object 'Object Repository/TF_Customer_Smoke_OpenPage/Sales_Hierarchy_Level/4_Menu_Sales Region' (Root cause: com.kms.katalon.core.webui.exception.WebElementNotFoundException: Web element with id: 'Object Repository/TF_Customer_Smoke_OpenPage/Sales_Hierarchy_Level/4_Menu_Sales Region' located by 'By.xpath: //td[(text() = 'Sales Region' or . = 'Sales Region')]' not found)]]></system-err>
      </testcase>
      <testcase name="Test Cases/Smoke_TF_Customer/TC_10_Open_SHL5_Sales_Market" classname="Test Cases/Smoke_TF_Customer/TC_10_Open_SHL5_Sales_Market" status="PASSED">
         <system-out><![CDATA[2018-05-28 07:26:46 - [TEST_CASE][PASSED] - Test Cases/Smoke_TF_Customer/TC_10_Open_SHL5_Sales_Market: Test Cases/Smoke_TF_Customer/TC_10_Open_SHL5_Sales_Market

2018-05-28 07:26:46 - [TEST_STEP][PASSED] - waitForPageLoad: Wait for page load successfully

2018-05-28 07:26:46 - [MESSAGE][PASSED] - Wait for page load successfully

2018-05-28 07:26:46 - [TEST_STEP][PASSED] - mouseOver: Object: 'Object Repository/TF_Customer_Smoke_OpenPage/Menu_Navigation_To_Open_All_Pages/0_Menu_Create_In_Data_View' is hovered

2018-05-28 07:26:46 - [MESSAGE][PASSED] - Object: 'Object Repository/TF_Customer_Smoke_OpenPage/Menu_Navigation_To_Open_All_Pages/0_Menu_Create_In_Data_View' is hovered

2018-05-28 07:26:46 - [TEST_STEP][PASSED] - waitForPageLoad: Wait for page load successfully

2018-05-28 07:26:46 - [MESSAGE][PASSED] - Wait for page load successfully

2018-05-28 07:26:46 - [TEST_STEP][PASSED] - mouseOver: Object: 'Object Repository/TF_Customer_Smoke_OpenPage/Menu_Navigation_To_Open_All_Pages/1_Menu_Create_Master_Data' is hovered

2018-05-28 07:26:46 - [MESSAGE][PASSED] - Object: 'Object Repository/TF_Customer_Smoke_OpenPage/Menu_Navigation_To_Open_All_Pages/1_Menu_Create_Master_Data' is hovered

2018-05-28 07:26:46 - [TEST_STEP][PASSED] - waitForPageLoad: Wait for page load successfully

2018-05-28 07:26:46 - [MESSAGE][PASSED] - Wait for page load successfully

2018-05-28 07:26:46 - [TEST_STEP][PASSED] - mouseOver: Object: 'Object Repository/TF_Customer_Smoke_OpenPage/Menu_Navigation_To_Open_All_Pages/2_Sales_Hierarchy_Level_Hoverover' is hovered

2018-05-28 07:26:47 - [MESSAGE][PASSED] - Object: 'Object Repository/TF_Customer_Smoke_OpenPage/Menu_Navigation_To_Open_All_Pages/2_Sales_Hierarchy_Level_Hoverover' is hovered

2018-05-28 07:26:47 - [TEST_STEP][PASSED] - waitForPageLoad: Wait for page load successfully

2018-05-28 07:26:47 - [MESSAGE][PASSED] - Wait for page load successfully

2018-05-28 07:26:47 - [TEST_STEP][PASSED] - click: Object: 'Object Repository/TF_Customer_Smoke_OpenPage/Sales_Hierarchy_Level/5_Menu_Sales Market' is clicked on

2018-05-28 07:26:48 - [MESSAGE][PASSED] - Object: 'Object Repository/TF_Customer_Smoke_OpenPage/Sales_Hierarchy_Level/5_Menu_Sales Market' is clicked on

2018-05-28 07:26:48 - [TEST_STEP][PASSED] - waitForPageLoad: Wait for page load successfully

2018-05-28 07:26:48 - [MESSAGE][PASSED] - Wait for page load successfully

2018-05-28 07:26:48 - [TEST_STEP][NOT_RUN] - verifyElementPresent: NOT_RUN: verifyElementPresent

2018-05-28 07:26:48 - [MESSAGE][NOT_RUN] - NOT_RUN: verifyElementPresent]]></system-out>
         <system-err><![CDATA[]]></system-err>
      </testcase>
      <testcase name="Test Cases/Smoke_TF_Customer/TC_11_Open_PA_Planning_Account" classname="Test Cases/Smoke_TF_Customer/TC_11_Open_PA_Planning_Account" status="PASSED">
         <system-out><![CDATA[2018-05-28 07:26:48 - [TEST_CASE][PASSED] - Test Cases/Smoke_TF_Customer/TC_11_Open_PA_Planning_Account: Test Cases/Smoke_TF_Customer/TC_11_Open_PA_Planning_Account

2018-05-28 07:26:48 - [TEST_STEP][PASSED] - waitForPageLoad: Wait for page load successfully

2018-05-28 07:26:48 - [MESSAGE][PASSED] - Wait for page load successfully

2018-05-28 07:26:48 - [TEST_STEP][PASSED] - mouseOver: Object: 'Object Repository/TF_Customer_Smoke_OpenPage/Menu_Navigation_To_Open_All_Pages/0_Menu_Create_In_Data_View' is hovered

2018-05-28 07:26:48 - [MESSAGE][PASSED] - Object: 'Object Repository/TF_Customer_Smoke_OpenPage/Menu_Navigation_To_Open_All_Pages/0_Menu_Create_In_Data_View' is hovered

2018-05-28 07:26:48 - [TEST_STEP][PASSED] - waitForPageLoad: Wait for page load successfully

2018-05-28 07:26:48 - [MESSAGE][PASSED] - Wait for page load successfully

2018-05-28 07:26:48 - [TEST_STEP][PASSED] - mouseOver: Object: 'Object Repository/TF_Customer_Smoke_OpenPage/Menu_Navigation_To_Open_All_Pages/1_Menu_Create_Master_Data' is hovered

2018-05-28 07:26:48 - [MESSAGE][PASSED] - Object: 'Object Repository/TF_Customer_Smoke_OpenPage/Menu_Navigation_To_Open_All_Pages/1_Menu_Create_Master_Data' is hovered

2018-05-28 07:26:48 - [TEST_STEP][PASSED] - waitForPageLoad: Wait for page load successfully

2018-05-28 07:26:48 - [MESSAGE][PASSED] - Wait for page load successfully

2018-05-28 07:26:48 - [TEST_STEP][PASSED] - mouseOver: Object: 'Object Repository/TF_Customer_Smoke_OpenPage/Menu_Navigation_To_Open_All_Pages/3_Planning_Account_Hoverover_Option' is hovered

2018-05-28 07:26:48 - [MESSAGE][PASSED] - Object: 'Object Repository/TF_Customer_Smoke_OpenPage/Menu_Navigation_To_Open_All_Pages/3_Planning_Account_Hoverover_Option' is hovered

2018-05-28 07:26:48 - [TEST_STEP][PASSED] - waitForPageLoad: Wait for page load successfully

2018-05-28 07:26:48 - [MESSAGE][PASSED] - Wait for page load successfully

2018-05-28 07:26:48 - [TEST_STEP][PASSED] - click: Object: 'Object Repository/TF_Customer_Smoke_OpenPage/Planning_Account/1_Menu_Planning Account' is clicked on

2018-05-28 07:26:49 - [MESSAGE][PASSED] - Object: 'Object Repository/TF_Customer_Smoke_OpenPage/Planning_Account/1_Menu_Planning Account' is clicked on

2018-05-28 07:26:49 - [TEST_STEP][PASSED] - waitForPageLoad: Wait for page load successfully

2018-05-28 07:26:49 - [MESSAGE][PASSED] - Wait for page load successfully

2018-05-28 07:26:49 - [TEST_STEP][NOT_RUN] - verifyElementPresent: NOT_RUN: verifyElementPresent

2018-05-28 07:26:49 - [MESSAGE][NOT_RUN] - NOT_RUN: verifyElementPresent]]></system-out>
         <system-err><![CDATA[]]></system-err>
      </testcase>
      <testcase name="Test Cases/Smoke_TF_Customer/TC_12_Open_PA_Sub_Planning_Account" classname="Test Cases/Smoke_TF_Customer/TC_12_Open_PA_Sub_Planning_Account" status="PASSED">
         <system-out><![CDATA[2018-05-28 07:26:49 - [TEST_CASE][PASSED] - Test Cases/Smoke_TF_Customer/TC_12_Open_PA_Sub_Planning_Account: Test Cases/Smoke_TF_Customer/TC_12_Open_PA_Sub_Planning_Account

2018-05-28 07:26:49 - [TEST_STEP][PASSED] - waitForPageLoad: Wait for page load successfully

2018-05-28 07:26:49 - [MESSAGE][PASSED] - Wait for page load successfully

2018-05-28 07:26:49 - [TEST_STEP][PASSED] - mouseOver: Object: 'Object Repository/TF_Customer_Smoke_OpenPage/Menu_Navigation_To_Open_All_Pages/0_Menu_Create_In_Data_View' is hovered

2018-05-28 07:26:49 - [MESSAGE][PASSED] - Object: 'Object Repository/TF_Customer_Smoke_OpenPage/Menu_Navigation_To_Open_All_Pages/0_Menu_Create_In_Data_View' is hovered

2018-05-28 07:26:49 - [TEST_STEP][PASSED] - waitForPageLoad: Wait for page load successfully

2018-05-28 07:26:49 - [MESSAGE][PASSED] - Wait for page load successfully

2018-05-28 07:26:49 - [TEST_STEP][PASSED] - mouseOver: Object: 'Object Repository/TF_Customer_Smoke_OpenPage/Menu_Navigation_To_Open_All_Pages/1_Menu_Create_Master_Data' is hovered

2018-05-28 07:26:49 - [MESSAGE][PASSED] - Object: 'Object Repository/TF_Customer_Smoke_OpenPage/Menu_Navigation_To_Open_All_Pages/1_Menu_Create_Master_Data' is hovered

2018-05-28 07:26:49 - [TEST_STEP][PASSED] - waitForPageLoad: Wait for page load successfully

2018-05-28 07:26:49 - [MESSAGE][PASSED] - Wait for page load successfully

2018-05-28 07:26:49 - [TEST_STEP][PASSED] - mouseOver: Object: 'Object Repository/TF_Customer_Smoke_OpenPage/Menu_Navigation_To_Open_All_Pages/3_Planning_Account_Hoverover_Option' is hovered

2018-05-28 07:26:49 - [MESSAGE][PASSED] - Object: 'Object Repository/TF_Customer_Smoke_OpenPage/Menu_Navigation_To_Open_All_Pages/3_Planning_Account_Hoverover_Option' is hovered

2018-05-28 07:26:49 - [TEST_STEP][PASSED] - waitForPageLoad: Wait for page load successfully

2018-05-28 07:26:49 - [MESSAGE][PASSED] - Wait for page load successfully

2018-05-28 07:26:49 - [TEST_STEP][PASSED] - click: Object: 'Object Repository/TF_Customer_Smoke_OpenPage/Planning_Account/2_Menu_Sub Planning Account' is clicked on

2018-05-28 07:26:49 - [MESSAGE][PASSED] - Object: 'Object Repository/TF_Customer_Smoke_OpenPage/Planning_Account/2_Menu_Sub Planning Account' is clicked on

2018-05-28 07:26:49 - [TEST_STEP][PASSED] - waitForPageLoad: Wait for page load successfully

2018-05-28 07:26:49 - [MESSAGE][PASSED] - Wait for page load successfully

2018-05-28 07:26:49 - [TEST_STEP][NOT_RUN] - verifyElementPresent: NOT_RUN: verifyElementPresent

2018-05-28 07:26:49 - [MESSAGE][NOT_RUN] - NOT_RUN: verifyElementPresent]]></system-out>
         <system-err><![CDATA[]]></system-err>
      </testcase>
      <system-out><![CDATA[2018-05-28 07:25:08 - [TEST_SUITE][FAILED] - Smoke_TF_Customer: Test Cases/Smoke_TF_Customer/TC_1_Open_Banner FAILED because (of) Unable to verify object 'Object Repository/TF_Customer_Smoke_OpenPage/Verification_Point_After_Open_Page/TC_13_Tab_Banner' is present (Root cause: com.kms.katalon.core.webui.exception.WebElementNotFoundException: Web element with id: 'Object Repository/TF_Customer_Smoke_OpenPage/Verification_Point_After_Open_Page/TC_13_Tab_Banner' located by 'By.xpath: //div[@class='spn_sr_tabpanel_content']//span[text()='New Banner #1']' not found)]]></system-out>
      <system-err><![CDATA[2018-05-28 07:25:08 - [TEST_SUITE][FAILED] - Smoke_TF_Customer: Test Cases/Smoke_TF_Customer/TC_1_Open_Banner FAILED because (of) Unable to verify object 'Object Repository/TF_Customer_Smoke_OpenPage/Verification_Point_After_Open_Page/TC_13_Tab_Banner' is present (Root cause: com.kms.katalon.core.webui.exception.WebElementNotFoundException: Web element with id: 'Object Repository/TF_Customer_Smoke_OpenPage/Verification_Point_After_Open_Page/TC_13_Tab_Banner' located by 'By.xpath: //div[@class='spn_sr_tabpanel_content']//span[text()='New Banner #1']' not found)]]></system-err>
   </testsuite>
</testsuites>
