<?xml version="1.0" encoding="UTF-8"?>
<testsuites name="Open_All_Pages" time="153.599" tests="10" failures="0" errors="0">
   <testsuite name="Open_All_Pages" tests="10" failures="0" errors="0" time="153.599" timestamp="2020-01-16 18:45:14" hostname="MSaif - Saif.instepinc.com" id="Test Suites/Open_All_Pages">
      <properties>
         <property name="deviceName" value=""/>
         <property name="devicePlatform" value=""/>
         <property name="logFolder" value="G:\\Katalon\\TF_Product\\Reports\\20200116_184513\\Open_All_Pages\\20200116_184513"/>
         <property name="logFiles" value="G:\\Katalon\\TF_Product\\Reports\\20200116_184513\\Open_All_Pages\\20200116_184513\\execution0.log"/>
         <property name="attachments" value=""/>
         <property name="hostName" value="MSaif - Saif.instepinc.com"/>
         <property name="os" value="Windows 10 64bit"/>
         <property name="katalonVersion" value="7.2.1.1"/>
         <property name="browser" value="Chrome 79.0.3945.117"/>
         <property name="hostAddress" value="200.199.80.59"/>
         <property name="sessionId" value="a23f50457b3e6905ceb24746454f3150"/>
         <property name="seleniumVersion" value="3.141.59"/>
         <property name="proxyInformation" value="ProxyInformation{proxyOption=NO_PROXY, proxyServerType=HTTP, password=, proxyServerAddress=, proxyServerPort=0, executionList=}"/>
         <property name="platform" value="Windows 10"/>
      </properties>
      <testcase name="Test Cases/General_Login_Logout/Login" time="44.08" classname="Test Cases/General_Login_Logout/Login" status="PASSED">
         <system-out><![CDATA[2020-01-16 18:45:15 - [TEST_CASE][PASSED] - Test Cases/General_Login_Logout/Login: Test Cases/General_Login_Logout/Login

2020-01-16 18:45:15 - [TEST_STEP][PASSED] - com.oracledb.regressiontest.LoginTFProduct(User, Password): com.oracledb.regressiontest.LoginTFProduct is PASSED

2020-01-16 18:45:15 - [MESSAGE][INFO] - Starting 'Chrome' driver

2020-01-16 18:45:15 - [MESSAGE][INFO] - Action delay is set to 0 seconds

2020-01-16 18:45:18 - [MESSAGE][PASSED] - Browser is opened with url: ''

2020-01-16 18:45:18 - [MESSAGE][PASSED] - Wait for page load successfully

2020-01-16 18:45:19 - [MESSAGE][PASSED] - Current window maximized

2020-01-16 18:45:20 - [MESSAGE][PASSED] - Navigate to 'https://52.6.78.242:7008/e360/com.informatica.tools.mdm.web.auth/login' successfully

2020-01-16 18:45:25 - [MESSAGE][PASSED] - Delayed 5 second(s)

2020-01-16 18:45:25 - [MESSAGE][PASSED] - Object 'Object Repository/Page_ Login/Btn_Advanced' is present

2020-01-16 18:45:27 - [MESSAGE][PASSED] - Delayed 2 second(s)

2020-01-16 18:45:27 - [MESSAGE][PASSED] - Object: 'Object Repository/Page_ Login/Btn_Advanced' is clicked on

2020-01-16 18:45:29 - [MESSAGE][PASSED] - Delayed 2 second(s)

2020-01-16 18:45:40 - [MESSAGE][PASSED] - Object: 'Object Repository/Page_ Login/Btn_ProceedTo' is clicked on

2020-01-16 18:45:42 - [MESSAGE][PASSED] - Delayed 2 second(s)

2020-01-16 18:45:43 - [MESSAGE][PASSED] - Text 'jiwani_sm' is set on object 'Object Repository/Page_ Login/Txt_Username'

2020-01-16 18:45:45 - [MESSAGE][PASSED] - Delayed 2 second(s)

2020-01-16 18:45:45 - [MESSAGE][PASSED] - Text '12345678' is set on object 'Object Repository/Page_ Login/Txt_Password'

2020-01-16 18:45:46 - [MESSAGE][PASSED] - Object: 'Object Repository/Page_ Login/Btn_Login' is clicked on

2020-01-16 18:45:46 - [MESSAGE][PASSED] - Wait for page load successfully

2020-01-16 18:45:59 - [MESSAGE][PASSED] - Object: 'Object Repository/Page_ Login/Project_Selection/div_Trade Funds Product' is clicked on

2020-01-16 18:45:59 - [MESSAGE][PASSED] - com.oracledb.regressiontest.LoginTFProduct is PASSED]]></system-out>
         <system-err><![CDATA[]]></system-err>
      </testcase>
      <testcase name="Test Cases/Regression_TF_Product/Open_Pages/TC_1_Open_JMS_Sales_Organisation" time="15.392" classname="Test Cases/Regression_TF_Product/Open_Pages/TC_1_Open_JMS_Sales_Organisation" status="PASSED">
         <system-out><![CDATA[2020-01-16 18:45:59 - [TEST_CASE][PASSED] - Test Cases/Regression_TF_Product/Open_Pages/TC_1_Open_JMS_Sales_Organisation: Test Cases/Regression_TF_Product/Open_Pages/TC_1_Open_JMS_Sales_Organisation

2020-01-16 18:45:59 - [TEST_STEP][PASSED] - waitForPageLoad(G_Timeout): Wait for page load successfully

2020-01-16 18:45:59 - [MESSAGE][PASSED] - Wait for page load successfully

2020-01-16 18:45:59 - [TEST_STEP][PASSED] - mouseOver(findTestObject("TF_Customer_Create/1_Menu_Navigation_To_Open_All_Pages/0_Menu_Create_In_Data_View")): Object: 'Object Repository/TF_Customer_Create/1_Menu_Navigation_To_Open_All_Pages/0_Menu_Create_In_Data_View' is hovered

2020-01-16 18:46:04 - [MESSAGE][PASSED] - Object: 'Object Repository/TF_Customer_Create/1_Menu_Navigation_To_Open_All_Pages/0_Menu_Create_In_Data_View' is hovered

2020-01-16 18:46:04 - [TEST_STEP][PASSED] - delay(3): Delayed 3 second(s)

2020-01-16 18:46:07 - [MESSAGE][PASSED] - Delayed 3 second(s)

2020-01-16 18:46:07 - [TEST_STEP][PASSED] - mouseOver(findTestObject("TF_Customer_Create/1_Menu_Navigation_To_Open_All_Pages/1_Menu_Create_Master_Data")): Object: 'Object Repository/TF_Customer_Create/1_Menu_Navigation_To_Open_All_Pages/1_Menu_Create_Master_Data' is hovered

2020-01-16 18:46:08 - [MESSAGE][PASSED] - Object: 'Object Repository/TF_Customer_Create/1_Menu_Navigation_To_Open_All_Pages/1_Menu_Create_Master_Data' is hovered

2020-01-16 18:46:08 - [TEST_STEP][PASSED] - delay(3): Delayed 3 second(s)

2020-01-16 18:46:11 - [MESSAGE][PASSED] - Delayed 3 second(s)

2020-01-16 18:46:11 - [TEST_STEP][PASSED] - click(findTestObject("TF_Customer_Create/2_Select_Menu_Options(All)/1_Menu_JMS_Sales_Organisation")): Object: 'Object Repository/TF_Customer_Create/2_Select_Menu_Options(All)/1_Menu_JMS_Sales_Organisation' is clicked on

2020-01-16 18:46:11 - [MESSAGE][PASSED] - Object: 'Object Repository/TF_Customer_Create/2_Select_Menu_Options(All)/1_Menu_JMS_Sales_Organisation' is clicked on

2020-01-16 18:46:11 - [TEST_STEP][PASSED] - waitForPageLoad(G_Timeout): Wait for page load successfully

2020-01-16 18:46:11 - [MESSAGE][PASSED] - Wait for page load successfully

2020-01-16 18:46:11 - [TEST_STEP][PASSED] - delay(3): Delayed 3 second(s)

2020-01-16 18:46:14 - [MESSAGE][PASSED] - Delayed 3 second(s)]]></system-out>
         <system-err><![CDATA[]]></system-err>
      </testcase>
      <testcase name="Test Cases/Regression_TF_Product/Open_Pages/TC_2-1_Total_Company" time="13.307" classname="Test Cases/Regression_TF_Product/Open_Pages/TC_2-1_Total_Company" status="PASSED">
         <system-out><![CDATA[2020-01-16 18:46:14 - [TEST_CASE][PASSED] - Test Cases/Regression_TF_Product/Open_Pages/TC_2-1_Total_Company: Test Cases/Regression_TF_Product/Open_Pages/TC_2-1_Total_Company

2020-01-16 18:46:14 - [TEST_STEP][PASSED] - waitForPageLoad(G_Timeout): Wait for page load successfully

2020-01-16 18:46:14 - [MESSAGE][PASSED] - Wait for page load successfully

2020-01-16 18:46:14 - [TEST_STEP][PASSED] - mouseOver(findTestObject("TF_Customer_Create/1_Menu_Navigation_To_Open_All_Pages/0_Menu_Create_In_Data_View")): Object: 'Object Repository/TF_Customer_Create/1_Menu_Navigation_To_Open_All_Pages/0_Menu_Create_In_Data_View' is hovered

2020-01-16 18:46:15 - [MESSAGE][PASSED] - Object: 'Object Repository/TF_Customer_Create/1_Menu_Navigation_To_Open_All_Pages/0_Menu_Create_In_Data_View' is hovered

2020-01-16 18:46:15 - [TEST_STEP][PASSED] - delay(3): Delayed 3 second(s)

2020-01-16 18:46:18 - [MESSAGE][PASSED] - Delayed 3 second(s)

2020-01-16 18:46:18 - [TEST_STEP][PASSED] - mouseOver(findTestObject("TF_Customer_Create/1_Menu_Navigation_To_Open_All_Pages/1_Menu_Create_Master_Data")): Object: 'Object Repository/TF_Customer_Create/1_Menu_Navigation_To_Open_All_Pages/1_Menu_Create_Master_Data' is hovered

2020-01-16 18:46:18 - [MESSAGE][PASSED] - Object: 'Object Repository/TF_Customer_Create/1_Menu_Navigation_To_Open_All_Pages/1_Menu_Create_Master_Data' is hovered

2020-01-16 18:46:18 - [TEST_STEP][PASSED] - delay(3): Delayed 3 second(s)

2020-01-16 18:46:21 - [MESSAGE][PASSED] - Delayed 3 second(s)

2020-01-16 18:46:21 - [TEST_STEP][PASSED] - mouseOver(findTestObject("TF_Customer_Create/1_Menu_Navigation_To_Open_All_Pages/2_Product_Hierarchy_Level_Hoverover_Option")): Object: 'Object Repository/TF_Customer_Create/1_Menu_Navigation_To_Open_All_Pages/2_Product_Hierarchy_Level_Hoverover_Option' is hovered

2020-01-16 18:46:22 - [MESSAGE][PASSED] - Object: 'Object Repository/TF_Customer_Create/1_Menu_Navigation_To_Open_All_Pages/2_Product_Hierarchy_Level_Hoverover_Option' is hovered

2020-01-16 18:46:22 - [TEST_STEP][PASSED] - delay(2): Delayed 2 second(s)

2020-01-16 18:46:24 - [MESSAGE][PASSED] - Delayed 2 second(s)

2020-01-16 18:46:24 - [TEST_STEP][PASSED] - click(findTestObject("TF_Customer_Create/2_Select_Menu_Options(All)/Product Hierarchy Level/td_total_company")): Object: 'Object Repository/TF_Customer_Create/2_Select_Menu_Options(All)/Product Hierarchy Level/td_total_company' is clicked on

2020-01-16 18:46:24 - [MESSAGE][PASSED] - Object: 'Object Repository/TF_Customer_Create/2_Select_Menu_Options(All)/Product Hierarchy Level/td_total_company' is clicked on

2020-01-16 18:46:24 - [TEST_STEP][PASSED] - waitForPageLoad(G_Timeout): Wait for page load successfully

2020-01-16 18:46:24 - [MESSAGE][PASSED] - Wait for page load successfully

2020-01-16 18:46:24 - [TEST_STEP][PASSED] - delay(3): Delayed 3 second(s)

2020-01-16 18:46:27 - [MESSAGE][PASSED] - Delayed 3 second(s)]]></system-out>
         <system-err><![CDATA[]]></system-err>
      </testcase>
      <testcase name="Test Cases/Regression_TF_Product/Open_Pages/TC_2-2_Product_Summary" time="13.067" classname="Test Cases/Regression_TF_Product/Open_Pages/TC_2-2_Product_Summary" status="PASSED">
         <system-out><![CDATA[2020-01-16 18:46:27 - [TEST_CASE][PASSED] - Test Cases/Regression_TF_Product/Open_Pages/TC_2-2_Product_Summary: Test Cases/Regression_TF_Product/Open_Pages/TC_2-2_Product_Summary

2020-01-16 18:46:28 - [TEST_STEP][PASSED] - waitForPageLoad(G_Timeout): Wait for page load successfully

2020-01-16 18:46:28 - [MESSAGE][PASSED] - Wait for page load successfully

2020-01-16 18:46:28 - [TEST_STEP][PASSED] - mouseOver(findTestObject("TF_Customer_Create/1_Menu_Navigation_To_Open_All_Pages/0_Menu_Create_In_Data_View")): Object: 'Object Repository/TF_Customer_Create/1_Menu_Navigation_To_Open_All_Pages/0_Menu_Create_In_Data_View' is hovered

2020-01-16 18:46:28 - [MESSAGE][PASSED] - Object: 'Object Repository/TF_Customer_Create/1_Menu_Navigation_To_Open_All_Pages/0_Menu_Create_In_Data_View' is hovered

2020-01-16 18:46:28 - [TEST_STEP][PASSED] - delay(3): Delayed 3 second(s)

2020-01-16 18:46:31 - [MESSAGE][PASSED] - Delayed 3 second(s)

2020-01-16 18:46:31 - [TEST_STEP][PASSED] - mouseOver(findTestObject("TF_Customer_Create/1_Menu_Navigation_To_Open_All_Pages/1_Menu_Create_Master_Data")): Object: 'Object Repository/TF_Customer_Create/1_Menu_Navigation_To_Open_All_Pages/1_Menu_Create_Master_Data' is hovered

2020-01-16 18:46:32 - [MESSAGE][PASSED] - Object: 'Object Repository/TF_Customer_Create/1_Menu_Navigation_To_Open_All_Pages/1_Menu_Create_Master_Data' is hovered

2020-01-16 18:46:32 - [TEST_STEP][PASSED] - delay(3): Delayed 3 second(s)

2020-01-16 18:46:35 - [MESSAGE][PASSED] - Delayed 3 second(s)

2020-01-16 18:46:35 - [TEST_STEP][PASSED] - mouseOver(findTestObject("TF_Customer_Create/1_Menu_Navigation_To_Open_All_Pages/2_Product_Hierarchy_Level_Hoverover_Option")): Object: 'Object Repository/TF_Customer_Create/1_Menu_Navigation_To_Open_All_Pages/2_Product_Hierarchy_Level_Hoverover_Option' is hovered

2020-01-16 18:46:35 - [MESSAGE][PASSED] - Object: 'Object Repository/TF_Customer_Create/1_Menu_Navigation_To_Open_All_Pages/2_Product_Hierarchy_Level_Hoverover_Option' is hovered

2020-01-16 18:46:35 - [TEST_STEP][PASSED] - delay(2): Delayed 2 second(s)

2020-01-16 18:46:37 - [MESSAGE][PASSED] - Delayed 2 second(s)

2020-01-16 18:46:37 - [TEST_STEP][PASSED] - click(findTestObject("TF_Customer_Create/2_Select_Menu_Options(All)/Product Hierarchy Level/td_Product_summary")): Object: 'Object Repository/TF_Customer_Create/2_Select_Menu_Options(All)/Product Hierarchy Level/td_Product_summary' is clicked on

2020-01-16 18:46:37 - [MESSAGE][PASSED] - Object: 'Object Repository/TF_Customer_Create/2_Select_Menu_Options(All)/Product Hierarchy Level/td_Product_summary' is clicked on

2020-01-16 18:46:37 - [TEST_STEP][PASSED] - waitForPageLoad(G_Timeout): Wait for page load successfully

2020-01-16 18:46:37 - [MESSAGE][PASSED] - Wait for page load successfully

2020-01-16 18:46:37 - [TEST_STEP][PASSED] - delay(3): Delayed 3 second(s)

2020-01-16 18:46:40 - [MESSAGE][PASSED] - Delayed 3 second(s)]]></system-out>
         <system-err><![CDATA[]]></system-err>
      </testcase>
      <testcase name="Test Cases/Regression_TF_Product/Open_Pages/TC_2-3_Planning_Product" time="12.984" classname="Test Cases/Regression_TF_Product/Open_Pages/TC_2-3_Planning_Product" status="PASSED">
         <system-out><![CDATA[2020-01-16 18:46:40 - [TEST_CASE][PASSED] - Test Cases/Regression_TF_Product/Open_Pages/TC_2-3_Planning_Product: Test Cases/Regression_TF_Product/Open_Pages/TC_2-3_Planning_Product

2020-01-16 18:46:41 - [TEST_STEP][PASSED] - waitForPageLoad(G_Timeout): Wait for page load successfully

2020-01-16 18:46:41 - [MESSAGE][PASSED] - Wait for page load successfully

2020-01-16 18:46:41 - [TEST_STEP][PASSED] - mouseOver(findTestObject("TF_Customer_Create/1_Menu_Navigation_To_Open_All_Pages/0_Menu_Create_In_Data_View")): Object: 'Object Repository/TF_Customer_Create/1_Menu_Navigation_To_Open_All_Pages/0_Menu_Create_In_Data_View' is hovered

2020-01-16 18:46:41 - [MESSAGE][PASSED] - Object: 'Object Repository/TF_Customer_Create/1_Menu_Navigation_To_Open_All_Pages/0_Menu_Create_In_Data_View' is hovered

2020-01-16 18:46:41 - [TEST_STEP][PASSED] - delay(3): Delayed 3 second(s)

2020-01-16 18:46:44 - [MESSAGE][PASSED] - Delayed 3 second(s)

2020-01-16 18:46:44 - [TEST_STEP][PASSED] - mouseOver(findTestObject("TF_Customer_Create/1_Menu_Navigation_To_Open_All_Pages/1_Menu_Create_Master_Data")): Object: 'Object Repository/TF_Customer_Create/1_Menu_Navigation_To_Open_All_Pages/1_Menu_Create_Master_Data' is hovered

2020-01-16 18:46:45 - [MESSAGE][PASSED] - Object: 'Object Repository/TF_Customer_Create/1_Menu_Navigation_To_Open_All_Pages/1_Menu_Create_Master_Data' is hovered

2020-01-16 18:46:45 - [TEST_STEP][PASSED] - delay(3): Delayed 3 second(s)

2020-01-16 18:46:48 - [MESSAGE][PASSED] - Delayed 3 second(s)

2020-01-16 18:46:48 - [TEST_STEP][PASSED] - mouseOver(findTestObject("TF_Customer_Create/1_Menu_Navigation_To_Open_All_Pages/2_Product_Hierarchy_Level_Hoverover_Option")): Object: 'Object Repository/TF_Customer_Create/1_Menu_Navigation_To_Open_All_Pages/2_Product_Hierarchy_Level_Hoverover_Option' is hovered

2020-01-16 18:46:48 - [MESSAGE][PASSED] - Object: 'Object Repository/TF_Customer_Create/1_Menu_Navigation_To_Open_All_Pages/2_Product_Hierarchy_Level_Hoverover_Option' is hovered

2020-01-16 18:46:48 - [TEST_STEP][PASSED] - delay(2): Delayed 2 second(s)

2020-01-16 18:46:50 - [MESSAGE][PASSED] - Delayed 2 second(s)

2020-01-16 18:46:50 - [TEST_STEP][PASSED] - click(findTestObject("TF_Customer_Create/2_Select_Menu_Options(All)/Product Hierarchy Level/td_Planning_product")): Object: 'Object Repository/TF_Customer_Create/2_Select_Menu_Options(All)/Product Hierarchy Level/td_Planning_product' is clicked on

2020-01-16 18:46:50 - [MESSAGE][PASSED] - Object: 'Object Repository/TF_Customer_Create/2_Select_Menu_Options(All)/Product Hierarchy Level/td_Planning_product' is clicked on

2020-01-16 18:46:50 - [TEST_STEP][PASSED] - waitForPageLoad(G_Timeout): Wait for page load successfully

2020-01-16 18:46:50 - [MESSAGE][PASSED] - Wait for page load successfully

2020-01-16 18:46:50 - [TEST_STEP][PASSED] - delay(3): Delayed 3 second(s)

2020-01-16 18:46:53 - [MESSAGE][PASSED] - Delayed 3 second(s)]]></system-out>
         <system-err><![CDATA[]]></system-err>
      </testcase>
      <testcase name="Test Cases/Regression_TF_Product/Open_Pages/TC_2-4_Sub_Planning_Product" time="13.992" classname="Test Cases/Regression_TF_Product/Open_Pages/TC_2-4_Sub_Planning_Product" status="PASSED">
         <system-out><![CDATA[2020-01-16 18:46:53 - [TEST_CASE][PASSED] - Test Cases/Regression_TF_Product/Open_Pages/TC_2-4_Sub_Planning_Product: Test Cases/Regression_TF_Product/Open_Pages/TC_2-4_Sub_Planning_Product

2020-01-16 18:46:54 - [TEST_STEP][PASSED] - waitForPageLoad(G_Timeout): Wait for page load successfully

2020-01-16 18:46:54 - [MESSAGE][PASSED] - Wait for page load successfully

2020-01-16 18:46:54 - [TEST_STEP][PASSED] - mouseOver(findTestObject("TF_Customer_Create/1_Menu_Navigation_To_Open_All_Pages/0_Menu_Create_In_Data_View")): Object: 'Object Repository/TF_Customer_Create/1_Menu_Navigation_To_Open_All_Pages/0_Menu_Create_In_Data_View' is hovered

2020-01-16 18:46:54 - [MESSAGE][PASSED] - Object: 'Object Repository/TF_Customer_Create/1_Menu_Navigation_To_Open_All_Pages/0_Menu_Create_In_Data_View' is hovered

2020-01-16 18:46:54 - [TEST_STEP][PASSED] - delay(4): Delayed 4 second(s)

2020-01-16 18:46:58 - [MESSAGE][PASSED] - Delayed 4 second(s)

2020-01-16 18:46:58 - [TEST_STEP][PASSED] - mouseOver(findTestObject("TF_Customer_Create/1_Menu_Navigation_To_Open_All_Pages/1_Menu_Create_Master_Data")): Object: 'Object Repository/TF_Customer_Create/1_Menu_Navigation_To_Open_All_Pages/1_Menu_Create_Master_Data' is hovered

2020-01-16 18:46:59 - [MESSAGE][PASSED] - Object: 'Object Repository/TF_Customer_Create/1_Menu_Navigation_To_Open_All_Pages/1_Menu_Create_Master_Data' is hovered

2020-01-16 18:46:59 - [TEST_STEP][PASSED] - delay(3): Delayed 3 second(s)

2020-01-16 18:47:02 - [MESSAGE][PASSED] - Delayed 3 second(s)

2020-01-16 18:47:02 - [TEST_STEP][PASSED] - mouseOver(findTestObject("TF_Customer_Create/1_Menu_Navigation_To_Open_All_Pages/2_Product_Hierarchy_Level_Hoverover_Option")): Object: 'Object Repository/TF_Customer_Create/1_Menu_Navigation_To_Open_All_Pages/2_Product_Hierarchy_Level_Hoverover_Option' is hovered

2020-01-16 18:47:02 - [MESSAGE][PASSED] - Object: 'Object Repository/TF_Customer_Create/1_Menu_Navigation_To_Open_All_Pages/2_Product_Hierarchy_Level_Hoverover_Option' is hovered

2020-01-16 18:47:02 - [TEST_STEP][PASSED] - delay(2): Delayed 2 second(s)

2020-01-16 18:47:04 - [MESSAGE][PASSED] - Delayed 2 second(s)

2020-01-16 18:47:04 - [TEST_STEP][PASSED] - click(findTestObject("TF_Customer_Create/2_Select_Menu_Options(All)/Product Hierarchy Level/td_Sub_Planning_Product")): Object: 'Object Repository/TF_Customer_Create/2_Select_Menu_Options(All)/Product Hierarchy Level/td_Sub_Planning_Product' is clicked on

2020-01-16 18:47:04 - [MESSAGE][PASSED] - Object: 'Object Repository/TF_Customer_Create/2_Select_Menu_Options(All)/Product Hierarchy Level/td_Sub_Planning_Product' is clicked on

2020-01-16 18:47:04 - [TEST_STEP][PASSED] - waitForPageLoad(G_Timeout): Wait for page load successfully

2020-01-16 18:47:04 - [MESSAGE][PASSED] - Wait for page load successfully

2020-01-16 18:47:04 - [TEST_STEP][PASSED] - delay(3): Delayed 3 second(s)

2020-01-16 18:47:07 - [MESSAGE][PASSED] - Delayed 3 second(s)]]></system-out>
         <system-err><![CDATA[]]></system-err>
      </testcase>
      <testcase name="Test Cases/Regression_TF_Product/Open_Pages/TC_2-5_Promoted_Product_Group" time="14.065" classname="Test Cases/Regression_TF_Product/Open_Pages/TC_2-5_Promoted_Product_Group" status="PASSED">
         <system-out><![CDATA[2020-01-16 18:47:07 - [TEST_CASE][PASSED] - Test Cases/Regression_TF_Product/Open_Pages/TC_2-5_Promoted_Product_Group: Test Cases/Regression_TF_Product/Open_Pages/TC_2-5_Promoted_Product_Group

2020-01-16 18:47:08 - [TEST_STEP][PASSED] - waitForPageLoad(G_Timeout): Wait for page load successfully

2020-01-16 18:47:08 - [MESSAGE][PASSED] - Wait for page load successfully

2020-01-16 18:47:08 - [TEST_STEP][PASSED] - mouseOver(findTestObject("TF_Customer_Create/1_Menu_Navigation_To_Open_All_Pages/0_Menu_Create_In_Data_View")): Object: 'Object Repository/TF_Customer_Create/1_Menu_Navigation_To_Open_All_Pages/0_Menu_Create_In_Data_View' is hovered

2020-01-16 18:47:08 - [MESSAGE][PASSED] - Object: 'Object Repository/TF_Customer_Create/1_Menu_Navigation_To_Open_All_Pages/0_Menu_Create_In_Data_View' is hovered

2020-01-16 18:47:08 - [TEST_STEP][PASSED] - delay(4): Delayed 4 second(s)

2020-01-16 18:47:12 - [MESSAGE][PASSED] - Delayed 4 second(s)

2020-01-16 18:47:12 - [TEST_STEP][PASSED] - mouseOver(findTestObject("TF_Customer_Create/1_Menu_Navigation_To_Open_All_Pages/1_Menu_Create_Master_Data")): Object: 'Object Repository/TF_Customer_Create/1_Menu_Navigation_To_Open_All_Pages/1_Menu_Create_Master_Data' is hovered

2020-01-16 18:47:13 - [MESSAGE][PASSED] - Object: 'Object Repository/TF_Customer_Create/1_Menu_Navigation_To_Open_All_Pages/1_Menu_Create_Master_Data' is hovered

2020-01-16 18:47:13 - [TEST_STEP][PASSED] - delay(3): Delayed 3 second(s)

2020-01-16 18:47:16 - [MESSAGE][PASSED] - Delayed 3 second(s)

2020-01-16 18:47:16 - [TEST_STEP][PASSED] - mouseOver(findTestObject("TF_Customer_Create/1_Menu_Navigation_To_Open_All_Pages/2_Product_Hierarchy_Level_Hoverover_Option")): Object: 'Object Repository/TF_Customer_Create/1_Menu_Navigation_To_Open_All_Pages/2_Product_Hierarchy_Level_Hoverover_Option' is hovered

2020-01-16 18:47:16 - [MESSAGE][PASSED] - Object: 'Object Repository/TF_Customer_Create/1_Menu_Navigation_To_Open_All_Pages/2_Product_Hierarchy_Level_Hoverover_Option' is hovered

2020-01-16 18:47:16 - [TEST_STEP][PASSED] - delay(2): Delayed 2 second(s)

2020-01-16 18:47:18 - [MESSAGE][PASSED] - Delayed 2 second(s)

2020-01-16 18:47:18 - [TEST_STEP][PASSED] - click(findTestObject("TF_Customer_Create/2_Select_Menu_Options(All)/Product Hierarchy Level/td_Promoted_Product_Group")): Object: 'Object Repository/TF_Customer_Create/2_Select_Menu_Options(All)/Product Hierarchy Level/td_Promoted_Product_Group' is clicked on

2020-01-16 18:47:19 - [MESSAGE][PASSED] - Object: 'Object Repository/TF_Customer_Create/2_Select_Menu_Options(All)/Product Hierarchy Level/td_Promoted_Product_Group' is clicked on

2020-01-16 18:47:19 - [TEST_STEP][PASSED] - waitForPageLoad(G_Timeout): Wait for page load successfully

2020-01-16 18:47:19 - [MESSAGE][PASSED] - Wait for page load successfully

2020-01-16 18:47:19 - [TEST_STEP][PASSED] - delay(3): Delayed 3 second(s)

2020-01-16 18:47:22 - [MESSAGE][PASSED] - Delayed 3 second(s)]]></system-out>
         <system-err><![CDATA[]]></system-err>
      </testcase>
      <testcase name="Test Cases/Regression_TF_Product/Open_Pages/TC_3_Open_Product_Visibility_list" time="12.572" classname="Test Cases/Regression_TF_Product/Open_Pages/TC_3_Open_Product_Visibility_list" status="PASSED">
         <system-out><![CDATA[2020-01-16 18:47:22 - [TEST_CASE][PASSED] - Test Cases/Regression_TF_Product/Open_Pages/TC_3_Open_Product_Visibility_list: Test Cases/Regression_TF_Product/Open_Pages/TC_3_Open_Product_Visibility_list

2020-01-16 18:47:22 - [TEST_STEP][PASSED] - waitForPageLoad(G_Timeout): Wait for page load successfully

2020-01-16 18:47:22 - [MESSAGE][PASSED] - Wait for page load successfully

2020-01-16 18:47:22 - [TEST_STEP][PASSED] - mouseOver(findTestObject("TF_Customer_Create/1_Menu_Navigation_To_Open_All_Pages/0_Menu_Create_In_Data_View")): Object: 'Object Repository/TF_Customer_Create/1_Menu_Navigation_To_Open_All_Pages/0_Menu_Create_In_Data_View' is hovered

2020-01-16 18:47:22 - [MESSAGE][PASSED] - Object: 'Object Repository/TF_Customer_Create/1_Menu_Navigation_To_Open_All_Pages/0_Menu_Create_In_Data_View' is hovered

2020-01-16 18:47:22 - [TEST_STEP][PASSED] - delay(3): Delayed 3 second(s)

2020-01-16 18:47:25 - [MESSAGE][PASSED] - Delayed 3 second(s)

2020-01-16 18:47:25 - [TEST_STEP][PASSED] - mouseOver(findTestObject("TF_Customer_Create/1_Menu_Navigation_To_Open_All_Pages/1_Menu_Create_Master_Data")): Object: 'Object Repository/TF_Customer_Create/1_Menu_Navigation_To_Open_All_Pages/1_Menu_Create_Master_Data' is hovered

2020-01-16 18:47:26 - [MESSAGE][PASSED] - Object: 'Object Repository/TF_Customer_Create/1_Menu_Navigation_To_Open_All_Pages/1_Menu_Create_Master_Data' is hovered

2020-01-16 18:47:26 - [TEST_STEP][PASSED] - delay(3): Delayed 3 second(s)

2020-01-16 18:47:29 - [MESSAGE][PASSED] - Delayed 3 second(s)

2020-01-16 18:47:29 - [TEST_STEP][PASSED] - click(findTestObject("TF_Customer_Create/2_Select_Menu_Options(All)/3_Menu_Product_Visibility_list")): Object: 'Object Repository/TF_Customer_Create/2_Select_Menu_Options(All)/3_Menu_Product_Visibility_list' is clicked on

2020-01-16 18:47:29 - [MESSAGE][PASSED] - Object: 'Object Repository/TF_Customer_Create/2_Select_Menu_Options(All)/3_Menu_Product_Visibility_list' is clicked on

2020-01-16 18:47:29 - [TEST_STEP][PASSED] - waitForPageLoad(G_Timeout): Wait for page load successfully

2020-01-16 18:47:29 - [MESSAGE][PASSED] - Wait for page load successfully

2020-01-16 18:47:29 - [TEST_STEP][PASSED] - delay(5): Delayed 5 second(s)

2020-01-16 18:47:34 - [MESSAGE][PASSED] - Delayed 5 second(s)]]></system-out>
         <system-err><![CDATA[]]></system-err>
      </testcase>
      <testcase name="Test Cases/Regression_TF_Product/Open_Pages/TC_4_Open_Adjustable_Rate_Policy" time="6.861" classname="Test Cases/Regression_TF_Product/Open_Pages/TC_4_Open_Adjustable_Rate_Policy" status="PASSED">
         <system-out><![CDATA[2020-01-16 18:47:34 - [TEST_CASE][PASSED] - Test Cases/Regression_TF_Product/Open_Pages/TC_4_Open_Adjustable_Rate_Policy: Test Cases/Regression_TF_Product/Open_Pages/TC_4_Open_Adjustable_Rate_Policy

2020-01-16 18:47:34 - [TEST_STEP][PASSED] - waitForPageLoad(G_Timeout): Wait for page load successfully

2020-01-16 18:47:34 - [MESSAGE][PASSED] - Wait for page load successfully

2020-01-16 18:47:34 - [TEST_STEP][PASSED] - mouseOver(findTestObject("TF_Customer_Create/1_Menu_Navigation_To_Open_All_Pages/0_Menu_Create_In_Data_View")): Object: 'Object Repository/TF_Customer_Create/1_Menu_Navigation_To_Open_All_Pages/0_Menu_Create_In_Data_View' is hovered

2020-01-16 18:47:35 - [MESSAGE][PASSED] - Object: 'Object Repository/TF_Customer_Create/1_Menu_Navigation_To_Open_All_Pages/0_Menu_Create_In_Data_View' is hovered

2020-01-16 18:47:35 - [TEST_STEP][PASSED] - waitForPageLoad(G_Timeout): Wait for page load successfully

2020-01-16 18:47:35 - [MESSAGE][PASSED] - Wait for page load successfully

2020-01-16 18:47:35 - [TEST_STEP][PASSED] - mouseOver(findTestObject("TF_Customer_Create/1_Menu_Navigation_To_Open_All_Pages/1_Menu_Create_Master_Data")): Object: 'Object Repository/TF_Customer_Create/1_Menu_Navigation_To_Open_All_Pages/1_Menu_Create_Master_Data' is hovered

2020-01-16 18:47:35 - [MESSAGE][PASSED] - Object: 'Object Repository/TF_Customer_Create/1_Menu_Navigation_To_Open_All_Pages/1_Menu_Create_Master_Data' is hovered

2020-01-16 18:47:35 - [TEST_STEP][PASSED] - waitForPageLoad(G_Timeout): Wait for page load successfully

2020-01-16 18:47:35 - [MESSAGE][PASSED] - Wait for page load successfully

2020-01-16 18:47:35 - [TEST_STEP][PASSED] - click(findTestObject("TF_Customer_Create/2_Select_Menu_Options(All)/4_Menu_Adjustable_rate_policy")): Object: 'Object Repository/TF_Customer_Create/2_Select_Menu_Options(All)/4_Menu_Adjustable_rate_policy' is clicked on

2020-01-16 18:47:36 - [MESSAGE][PASSED] - Object: 'Object Repository/TF_Customer_Create/2_Select_Menu_Options(All)/4_Menu_Adjustable_rate_policy' is clicked on

2020-01-16 18:47:36 - [TEST_STEP][PASSED] - waitForPageLoad(G_Timeout): Wait for page load successfully

2020-01-16 18:47:36 - [MESSAGE][PASSED] - Wait for page load successfully

2020-01-16 18:47:36 - [TEST_STEP][PASSED] - delay(5): Delayed 5 second(s)

2020-01-16 18:47:41 - [MESSAGE][PASSED] - Delayed 5 second(s)]]></system-out>
         <system-err><![CDATA[]]></system-err>
      </testcase>
      <testcase name="Test Cases/General_Login_Logout/Logout" time="7.032" classname="Test Cases/General_Login_Logout/Logout" status="PASSED">
         <system-out><![CDATA[2020-01-16 18:47:41 - [TEST_CASE][PASSED] - Test Cases/General_Login_Logout/Logout: Test Cases/General_Login_Logout/Logout

2020-01-16 18:47:41 - [TEST_STEP][PASSED] - com.oracledb.regressiontest.logoutTFProduct(): com.oracledb.regressiontest.logoutTFProduct is PASSED

2020-01-16 18:47:41 - [MESSAGE][PASSED] - Wait for page load successfully

2020-01-16 18:47:42 - [MESSAGE][PASSED] - Object: 'Object Repository/TF_Product_Open_Pages/Page_Informatica MDM/td_Jiwani DS' is hovered using offset x = 5 and y = 5

2020-01-16 18:47:45 - [MESSAGE][PASSED] - Delayed 3 second(s)

2020-01-16 18:47:45 - [MESSAGE][PASSED] - Object: 'Object Repository/TF_Product_Open_Pages/Page_Informatica MDM/a_Log Out' is clicked on

2020-01-16 18:47:48 - [MESSAGE][PASSED] - Delayed 3 second(s)

2020-01-16 18:47:48 - [MESSAGE][PASSED] - com.oracledb.regressiontest.logoutTFProduct is PASSED]]></system-out>
         <system-err><![CDATA[]]></system-err>
      </testcase>
      <system-out><![CDATA[2020-01-16 18:45:14 - [TEST_SUITE][PASSED] - Open_All_Pages: Test Cases/General_Login_Logout/Logout]]></system-out>
      <system-err><![CDATA[]]></system-err>
   </testsuite>
</testsuites>
