<?xml version="1.0" encoding="UTF-8"?>
<testsuites name="Smoke_TF_Customer" time="471" tests="0" failures="13" errors="0">
   <testsuite name="Smoke_TF_Customer" tests="0" failures="13" errors="0" time="471" timestamp="2018-08-01 14:20:49" hostname="junaid.tariq - Junaid.instepinc.com" id="Test Suites/Smoke_TF_Customer">
      <properties>
         <property name="deviceName" value=""/>
         <property name="devicePlatform" value=""/>
         <property name="logFolder" value="D:\\Katalon\\Projects\\TF-Customer\\Reports\\Smoke_TF_Customer\\20180801_142048"/>
         <property name="logFiles" value="D:\\Katalon\\Projects\\TF-Customer\\Reports\\Smoke_TF_Customer\\20180801_142048\\execution0.log"/>
         <property name="attachments" value="D:\\Katalon\\Projects\\TF-Customer\\Reports\\Smoke_TF_Customer\\20180801_142048\\1533115337441.png, D:\\Katalon\\Projects\\TF-Customer\\Reports\\Smoke_TF_Customer\\20180801_142048\\1533115369444.png, D:\\Katalon\\Projects\\TF-Customer\\Reports\\Smoke_TF_Customer\\20180801_142048\\1533115401406.png, D:\\Katalon\\Projects\\TF-Customer\\Reports\\Smoke_TF_Customer\\20180801_142048\\1533115433349.png, D:\\Katalon\\Projects\\TF-Customer\\Reports\\Smoke_TF_Customer\\20180801_142048\\1533115465248.png, D:\\Katalon\\Projects\\TF-Customer\\Reports\\Smoke_TF_Customer\\20180801_142048\\1533115497127.png, D:\\Katalon\\Projects\\TF-Customer\\Reports\\Smoke_TF_Customer\\20180801_142048\\1533115529025.png, D:\\Katalon\\Projects\\TF-Customer\\Reports\\Smoke_TF_Customer\\20180801_142048\\1533115560931.png, D:\\Katalon\\Projects\\TF-Customer\\Reports\\Smoke_TF_Customer\\20180801_142048\\1533115592799.png, D:\\Katalon\\Projects\\TF-Customer\\Reports\\Smoke_TF_Customer\\20180801_142048\\1533115624689.png, D:\\Katalon\\Projects\\TF-Customer\\Reports\\Smoke_TF_Customer\\20180801_142048\\1533115657645.png, D:\\Katalon\\Projects\\TF-Customer\\Reports\\Smoke_TF_Customer\\20180801_142048\\1533115689590.png, D:\\Katalon\\Projects\\TF-Customer\\Reports\\Smoke_TF_Customer\\20180801_142048\\1533115721453.png"/>
         <property name="hostName" value="junaid.tariq - Junaid.instepinc.com"/>
         <property name="os" value="Windows 7 64bit"/>
         <property name="katalonVersion" value="5.4.0.1"/>
         <property name="browser" value="Chrome 67.0.3396.99"/>
         <property name="hostAddress" value="200.199.80.62"/>
         <property name="sessionId" value="db6cca70b3cb8d8f5a75c3a281427464"/>
         <property name="seleniumVersion" value="3.7.1"/>
         <property name="proxyInformation" value="ProxyInformation{proxyOption=NO_PROXY, proxyServerType=HTTP, password=, proxyServerAddress=, proxyServerPort=0}"/>
         <property name="platform" value="Windows 7"/>
      </properties>
      <testcase name="Test Cases/General_Login_Logout/TC_1_Login" classname="Test Cases/General_Login_Logout/TC_1_Login" status="FAILED">
         <failure type="FAILED" message="Unable to click on object 'Object Repository/Page_ Login/Project_Selection/div_Trade Funds Customer' (Root cause: com.kms.katalon.core.webui.exception.WebElementNotFoundException: Web element with id: 'Object Repository/Page_ Login/Project_Selection/div_Trade Funds Customer' located by 'By.xpath: //div[(text() = '
                    Trade Funds Customer
                ' or . = '
                    Trade Funds Customer
                ')]' not found)"/>
         <system-out><![CDATA[2018-08-01 14:20:49 - [TEST_CASE][FAILED] - Test Cases/General_Login_Logout/TC_1_Login: Test Cases/General_Login_Logout/TC_1_Login FAILED because (of) Unable to click on object 'Object Repository/Page_ Login/Project_Selection/div_Trade Funds Customer' (Root cause: com.kms.katalon.core.webui.exception.WebElementNotFoundException: Web element with id: 'Object Repository/Page_ Login/Project_Selection/div_Trade Funds Customer' located by 'By.xpath: //div[(text() = '
                    Trade Funds Customer
                ' or . = '
                    Trade Funds Customer
                ')]' not found)

2018-08-01 14:20:50 - [TEST_STEP][PASSED] - openBrowser: Browser is opened with url: 'https://52.6.78.242:7008/e360/com.informatica.tools.mdm.web.auth/login'

2018-08-01 14:21:32 - [MESSAGE][PASSED] - Browser is opened with url: 'https://52.6.78.242:7008/e360/com.informatica.tools.mdm.web.auth/login'

2018-08-01 14:21:32 - [TEST_STEP][PASSED] - waitForPageLoad: Wait for page load successfully

2018-08-01 14:21:33 - [MESSAGE][PASSED] - Wait for page load successfully

2018-08-01 14:21:33 - [TEST_STEP][PASSED] - maximizeWindow: Current window maximized

2018-08-01 14:21:37 - [MESSAGE][PASSED] - Current window maximized

2018-08-01 14:21:37 - [TEST_STEP][PASSED] - waitForElementClickable: Object 'Object Repository/Page_ Login/Btn_Login' is clickable

2018-08-01 14:21:37 - [MESSAGE][PASSED] - Object 'Object Repository/Page_ Login/Btn_Login' is clickable

2018-08-01 14:21:37 - [TEST_STEP][PASSED] - setText: Text 'junaid_sm' is set on object 'Object Repository/Page_ Login/Txt_Username'

2018-08-01 14:21:37 - [MESSAGE][PASSED] - Text 'junaid_sm' is set on object 'Object Repository/Page_ Login/Txt_Username'

2018-08-01 14:21:37 - [TEST_STEP][PASSED] - setText: Text 'str0ng_2' is set on object 'Object Repository/Page_ Login/Txt_Password'

2018-08-01 14:21:38 - [MESSAGE][PASSED] - Text 'str0ng_2' is set on object 'Object Repository/Page_ Login/Txt_Password'

2018-08-01 14:21:38 - [TEST_STEP][PASSED] - click: Object: 'Object Repository/Page_ Login/Btn_Login' is clicked on

2018-08-01 14:21:38 - [MESSAGE][PASSED] - Object: 'Object Repository/Page_ Login/Btn_Login' is clicked on

2018-08-01 14:21:38 - [TEST_STEP][PASSED] - waitForPageLoad: Wait for page load successfully

2018-08-01 14:21:38 - [MESSAGE][PASSED] - Wait for page load successfully

2018-08-01 14:21:38 - [TEST_STEP][FAILED] - click: Unable to click on object 'Object Repository/Page_ Login/Project_Selection/div_Trade Funds Customer' (Root cause: com.kms.katalon.core.webui.exception.WebElementNotFoundException: Web element with id: 'Object Repository/Page_ Login/Project_Selection/div_Trade Funds Customer' located by 'By.xpath: //div[(text() = '
                    Trade Funds Customer
                ' or . = '
                    Trade Funds Customer
                ')]' not found)

2018-08-01 14:22:17 - [MESSAGE][FAILED] - Unable to click on object 'Object Repository/Page_ Login/Project_Selection/div_Trade Funds Customer' (Root cause: com.kms.katalon.core.webui.exception.WebElementNotFoundException: Web element with id: 'Object Repository/Page_ Login/Project_Selection/div_Trade Funds Customer' located by 'By.xpath: //div[(text() = '
                    Trade Funds Customer
                ' or . = '
                    Trade Funds Customer
                ')]' not found)
[[ATTACHMENT|D:\\Katalon\\Projects\\TF-Customer\\Reports\\Smoke_TF_Customer\\20180801_142048\\1533115337441.png]]]]></system-out>
         <system-err><![CDATA[2018-08-01 14:20:49 - [TEST_CASE][FAILED] - Test Cases/General_Login_Logout/TC_1_Login: Test Cases/General_Login_Logout/TC_1_Login FAILED because (of) Unable to click on object 'Object Repository/Page_ Login/Project_Selection/div_Trade Funds Customer' (Root cause: com.kms.katalon.core.webui.exception.WebElementNotFoundException: Web element with id: 'Object Repository/Page_ Login/Project_Selection/div_Trade Funds Customer' located by 'By.xpath: //div[(text() = '
                    Trade Funds Customer
                ' or . = '
                    Trade Funds Customer
                ')]' not found)]]></system-err>
      </testcase>
      <testcase name="Test Cases/Smoke_TF_Customer/TC_1_Open_Banner" classname="Test Cases/Smoke_TF_Customer/TC_1_Open_Banner" status="FAILED">
         <failure type="FAILED" message="Unable to move mouse over object 'Object Repository/TF_Customer_Smoke_OpenPage/Menu_Navigation_To_Open_All_Pages/0_Menu_Create_In_Data_View' (Root cause: com.kms.katalon.core.webui.exception.WebElementNotFoundException: Web element with id: 'Object Repository/TF_Customer_Smoke_OpenPage/Menu_Navigation_To_Open_All_Pages/0_Menu_Create_In_Data_View' located by 'By.xpath: //div[@id='infaMenu1']//td[@menu='infaMenu1_0' and contains(text(),'Create in Data View')]//img[@class='imgHeaderLine']' not found)"/>
         <system-out><![CDATA[2018-08-01 14:22:17 - [TEST_CASE][FAILED] - Test Cases/Smoke_TF_Customer/TC_1_Open_Banner: Test Cases/Smoke_TF_Customer/TC_1_Open_Banner FAILED because (of) Unable to move mouse over object 'Object Repository/TF_Customer_Smoke_OpenPage/Menu_Navigation_To_Open_All_Pages/0_Menu_Create_In_Data_View' (Root cause: com.kms.katalon.core.webui.exception.WebElementNotFoundException: Web element with id: 'Object Repository/TF_Customer_Smoke_OpenPage/Menu_Navigation_To_Open_All_Pages/0_Menu_Create_In_Data_View' located by 'By.xpath: //div[@id='infaMenu1']//td[@menu='infaMenu1_0' and contains(text(),'Create in Data View')]//img[@class='imgHeaderLine']' not found)

2018-08-01 14:22:17 - [TEST_STEP][PASSED] - waitForPageLoad: Wait for page load successfully

2018-08-01 14:22:17 - [MESSAGE][PASSED] - Wait for page load successfully

2018-08-01 14:22:17 - [TEST_STEP][FAILED] - mouseOver: Unable to move mouse over object 'Object Repository/TF_Customer_Smoke_OpenPage/Menu_Navigation_To_Open_All_Pages/0_Menu_Create_In_Data_View' (Root cause: com.kms.katalon.core.webui.exception.WebElementNotFoundException: Web element with id: 'Object Repository/TF_Customer_Smoke_OpenPage/Menu_Navigation_To_Open_All_Pages/0_Menu_Create_In_Data_View' located by 'By.xpath: //div[@id='infaMenu1']//td[@menu='infaMenu1_0' and contains(text(),'Create in Data View')]//img[@class='imgHeaderLine']' not found)

2018-08-01 14:22:49 - [MESSAGE][FAILED] - Unable to move mouse over object 'Object Repository/TF_Customer_Smoke_OpenPage/Menu_Navigation_To_Open_All_Pages/0_Menu_Create_In_Data_View' (Root cause: com.kms.katalon.core.webui.exception.WebElementNotFoundException: Web element with id: 'Object Repository/TF_Customer_Smoke_OpenPage/Menu_Navigation_To_Open_All_Pages/0_Menu_Create_In_Data_View' located by 'By.xpath: //div[@id='infaMenu1']//td[@menu='infaMenu1_0' and contains(text(),'Create in Data View')]//img[@class='imgHeaderLine']' not found)
[[ATTACHMENT|D:\\Katalon\\Projects\\TF-Customer\\Reports\\Smoke_TF_Customer\\20180801_142048\\1533115369444.png]]]]></system-out>
         <system-err><![CDATA[2018-08-01 14:22:17 - [TEST_CASE][FAILED] - Test Cases/Smoke_TF_Customer/TC_1_Open_Banner: Test Cases/Smoke_TF_Customer/TC_1_Open_Banner FAILED because (of) Unable to move mouse over object 'Object Repository/TF_Customer_Smoke_OpenPage/Menu_Navigation_To_Open_All_Pages/0_Menu_Create_In_Data_View' (Root cause: com.kms.katalon.core.webui.exception.WebElementNotFoundException: Web element with id: 'Object Repository/TF_Customer_Smoke_OpenPage/Menu_Navigation_To_Open_All_Pages/0_Menu_Create_In_Data_View' located by 'By.xpath: //div[@id='infaMenu1']//td[@menu='infaMenu1_0' and contains(text(),'Create in Data View')]//img[@class='imgHeaderLine']' not found)]]></system-err>
      </testcase>
      <testcase name="Test Cases/Smoke_TF_Customer/TC_2_Open_RGM_Designated_Baseline" classname="Test Cases/Smoke_TF_Customer/TC_2_Open_RGM_Designated_Baseline" status="FAILED">
         <failure type="FAILED" message="Unable to move mouse over object 'Object Repository/TF_Customer_Smoke_OpenPage/Menu_Navigation_To_Open_All_Pages/0_Menu_Create_In_Data_View' (Root cause: com.kms.katalon.core.webui.exception.WebElementNotFoundException: Web element with id: 'Object Repository/TF_Customer_Smoke_OpenPage/Menu_Navigation_To_Open_All_Pages/0_Menu_Create_In_Data_View' located by 'By.xpath: //div[@id='infaMenu1']//td[@menu='infaMenu1_0' and contains(text(),'Create in Data View')]//img[@class='imgHeaderLine']' not found)"/>
         <system-out><![CDATA[2018-08-01 14:22:49 - [TEST_CASE][FAILED] - Test Cases/Smoke_TF_Customer/TC_2_Open_RGM_Designated_Baseline: Test Cases/Smoke_TF_Customer/TC_2_Open_RGM_Designated_Baseline FAILED because (of) Unable to move mouse over object 'Object Repository/TF_Customer_Smoke_OpenPage/Menu_Navigation_To_Open_All_Pages/0_Menu_Create_In_Data_View' (Root cause: com.kms.katalon.core.webui.exception.WebElementNotFoundException: Web element with id: 'Object Repository/TF_Customer_Smoke_OpenPage/Menu_Navigation_To_Open_All_Pages/0_Menu_Create_In_Data_View' located by 'By.xpath: //div[@id='infaMenu1']//td[@menu='infaMenu1_0' and contains(text(),'Create in Data View')]//img[@class='imgHeaderLine']' not found)

2018-08-01 14:22:49 - [TEST_STEP][PASSED] - waitForPageLoad: Wait for page load successfully

2018-08-01 14:22:49 - [MESSAGE][PASSED] - Wait for page load successfully

2018-08-01 14:22:49 - [TEST_STEP][FAILED] - mouseOver: Unable to move mouse over object 'Object Repository/TF_Customer_Smoke_OpenPage/Menu_Navigation_To_Open_All_Pages/0_Menu_Create_In_Data_View' (Root cause: com.kms.katalon.core.webui.exception.WebElementNotFoundException: Web element with id: 'Object Repository/TF_Customer_Smoke_OpenPage/Menu_Navigation_To_Open_All_Pages/0_Menu_Create_In_Data_View' located by 'By.xpath: //div[@id='infaMenu1']//td[@menu='infaMenu1_0' and contains(text(),'Create in Data View')]//img[@class='imgHeaderLine']' not found)

2018-08-01 14:23:21 - [MESSAGE][FAILED] - Unable to move mouse over object 'Object Repository/TF_Customer_Smoke_OpenPage/Menu_Navigation_To_Open_All_Pages/0_Menu_Create_In_Data_View' (Root cause: com.kms.katalon.core.webui.exception.WebElementNotFoundException: Web element with id: 'Object Repository/TF_Customer_Smoke_OpenPage/Menu_Navigation_To_Open_All_Pages/0_Menu_Create_In_Data_View' located by 'By.xpath: //div[@id='infaMenu1']//td[@menu='infaMenu1_0' and contains(text(),'Create in Data View')]//img[@class='imgHeaderLine']' not found)
[[ATTACHMENT|D:\\Katalon\\Projects\\TF-Customer\\Reports\\Smoke_TF_Customer\\20180801_142048\\1533115401406.png]]]]></system-out>
         <system-err><![CDATA[2018-08-01 14:22:49 - [TEST_CASE][FAILED] - Test Cases/Smoke_TF_Customer/TC_2_Open_RGM_Designated_Baseline: Test Cases/Smoke_TF_Customer/TC_2_Open_RGM_Designated_Baseline FAILED because (of) Unable to move mouse over object 'Object Repository/TF_Customer_Smoke_OpenPage/Menu_Navigation_To_Open_All_Pages/0_Menu_Create_In_Data_View' (Root cause: com.kms.katalon.core.webui.exception.WebElementNotFoundException: Web element with id: 'Object Repository/TF_Customer_Smoke_OpenPage/Menu_Navigation_To_Open_All_Pages/0_Menu_Create_In_Data_View' located by 'By.xpath: //div[@id='infaMenu1']//td[@menu='infaMenu1_0' and contains(text(),'Create in Data View')]//img[@class='imgHeaderLine']' not found)]]></system-err>
      </testcase>
      <testcase name="Test Cases/Smoke_TF_Customer/TC_3_Open_JMS_Sales_Org" classname="Test Cases/Smoke_TF_Customer/TC_3_Open_JMS_Sales_Org" status="FAILED">
         <failure type="FAILED" message="Unable to move mouse over object 'Object Repository/TF_Customer_Smoke_OpenPage/Menu_Navigation_To_Open_All_Pages/0_Menu_Create_In_Data_View' (Root cause: com.kms.katalon.core.webui.exception.WebElementNotFoundException: Web element with id: 'Object Repository/TF_Customer_Smoke_OpenPage/Menu_Navigation_To_Open_All_Pages/0_Menu_Create_In_Data_View' located by 'By.xpath: //div[@id='infaMenu1']//td[@menu='infaMenu1_0' and contains(text(),'Create in Data View')]//img[@class='imgHeaderLine']' not found)"/>
         <system-out><![CDATA[2018-08-01 14:23:21 - [TEST_CASE][FAILED] - Test Cases/Smoke_TF_Customer/TC_3_Open_JMS_Sales_Org: Test Cases/Smoke_TF_Customer/TC_3_Open_JMS_Sales_Org FAILED because (of) Unable to move mouse over object 'Object Repository/TF_Customer_Smoke_OpenPage/Menu_Navigation_To_Open_All_Pages/0_Menu_Create_In_Data_View' (Root cause: com.kms.katalon.core.webui.exception.WebElementNotFoundException: Web element with id: 'Object Repository/TF_Customer_Smoke_OpenPage/Menu_Navigation_To_Open_All_Pages/0_Menu_Create_In_Data_View' located by 'By.xpath: //div[@id='infaMenu1']//td[@menu='infaMenu1_0' and contains(text(),'Create in Data View')]//img[@class='imgHeaderLine']' not found)

2018-08-01 14:23:21 - [TEST_STEP][PASSED] - waitForPageLoad: Wait for page load successfully

2018-08-01 14:23:21 - [MESSAGE][PASSED] - Wait for page load successfully

2018-08-01 14:23:21 - [TEST_STEP][FAILED] - mouseOver: Unable to move mouse over object 'Object Repository/TF_Customer_Smoke_OpenPage/Menu_Navigation_To_Open_All_Pages/0_Menu_Create_In_Data_View' (Root cause: com.kms.katalon.core.webui.exception.WebElementNotFoundException: Web element with id: 'Object Repository/TF_Customer_Smoke_OpenPage/Menu_Navigation_To_Open_All_Pages/0_Menu_Create_In_Data_View' located by 'By.xpath: //div[@id='infaMenu1']//td[@menu='infaMenu1_0' and contains(text(),'Create in Data View')]//img[@class='imgHeaderLine']' not found)

2018-08-01 14:23:53 - [MESSAGE][FAILED] - Unable to move mouse over object 'Object Repository/TF_Customer_Smoke_OpenPage/Menu_Navigation_To_Open_All_Pages/0_Menu_Create_In_Data_View' (Root cause: com.kms.katalon.core.webui.exception.WebElementNotFoundException: Web element with id: 'Object Repository/TF_Customer_Smoke_OpenPage/Menu_Navigation_To_Open_All_Pages/0_Menu_Create_In_Data_View' located by 'By.xpath: //div[@id='infaMenu1']//td[@menu='infaMenu1_0' and contains(text(),'Create in Data View')]//img[@class='imgHeaderLine']' not found)
[[ATTACHMENT|D:\\Katalon\\Projects\\TF-Customer\\Reports\\Smoke_TF_Customer\\20180801_142048\\1533115433349.png]]]]></system-out>
         <system-err><![CDATA[2018-08-01 14:23:21 - [TEST_CASE][FAILED] - Test Cases/Smoke_TF_Customer/TC_3_Open_JMS_Sales_Org: Test Cases/Smoke_TF_Customer/TC_3_Open_JMS_Sales_Org FAILED because (of) Unable to move mouse over object 'Object Repository/TF_Customer_Smoke_OpenPage/Menu_Navigation_To_Open_All_Pages/0_Menu_Create_In_Data_View' (Root cause: com.kms.katalon.core.webui.exception.WebElementNotFoundException: Web element with id: 'Object Repository/TF_Customer_Smoke_OpenPage/Menu_Navigation_To_Open_All_Pages/0_Menu_Create_In_Data_View' located by 'By.xpath: //div[@id='infaMenu1']//td[@menu='infaMenu1_0' and contains(text(),'Create in Data View')]//img[@class='imgHeaderLine']' not found)]]></system-err>
      </testcase>
      <testcase name="Test Cases/Smoke_TF_Customer/TC_4_Open_Consumption_Baseline_Source" classname="Test Cases/Smoke_TF_Customer/TC_4_Open_Consumption_Baseline_Source" status="FAILED">
         <failure type="FAILED" message="Unable to move mouse over object 'Object Repository/TF_Customer_Smoke_OpenPage/Menu_Navigation_To_Open_All_Pages/0_Menu_Create_In_Data_View' (Root cause: com.kms.katalon.core.webui.exception.WebElementNotFoundException: Web element with id: 'Object Repository/TF_Customer_Smoke_OpenPage/Menu_Navigation_To_Open_All_Pages/0_Menu_Create_In_Data_View' located by 'By.xpath: //div[@id='infaMenu1']//td[@menu='infaMenu1_0' and contains(text(),'Create in Data View')]//img[@class='imgHeaderLine']' not found)"/>
         <system-out><![CDATA[2018-08-01 14:23:53 - [TEST_CASE][FAILED] - Test Cases/Smoke_TF_Customer/TC_4_Open_Consumption_Baseline_Source: Test Cases/Smoke_TF_Customer/TC_4_Open_Consumption_Baseline_Source FAILED because (of) Unable to move mouse over object 'Object Repository/TF_Customer_Smoke_OpenPage/Menu_Navigation_To_Open_All_Pages/0_Menu_Create_In_Data_View' (Root cause: com.kms.katalon.core.webui.exception.WebElementNotFoundException: Web element with id: 'Object Repository/TF_Customer_Smoke_OpenPage/Menu_Navigation_To_Open_All_Pages/0_Menu_Create_In_Data_View' located by 'By.xpath: //div[@id='infaMenu1']//td[@menu='infaMenu1_0' and contains(text(),'Create in Data View')]//img[@class='imgHeaderLine']' not found)

2018-08-01 14:23:53 - [TEST_STEP][PASSED] - waitForPageLoad: Wait for page load successfully

2018-08-01 14:23:53 - [MESSAGE][PASSED] - Wait for page load successfully

2018-08-01 14:23:53 - [TEST_STEP][FAILED] - mouseOver: Unable to move mouse over object 'Object Repository/TF_Customer_Smoke_OpenPage/Menu_Navigation_To_Open_All_Pages/0_Menu_Create_In_Data_View' (Root cause: com.kms.katalon.core.webui.exception.WebElementNotFoundException: Web element with id: 'Object Repository/TF_Customer_Smoke_OpenPage/Menu_Navigation_To_Open_All_Pages/0_Menu_Create_In_Data_View' located by 'By.xpath: //div[@id='infaMenu1']//td[@menu='infaMenu1_0' and contains(text(),'Create in Data View')]//img[@class='imgHeaderLine']' not found)

2018-08-01 14:24:25 - [MESSAGE][FAILED] - Unable to move mouse over object 'Object Repository/TF_Customer_Smoke_OpenPage/Menu_Navigation_To_Open_All_Pages/0_Menu_Create_In_Data_View' (Root cause: com.kms.katalon.core.webui.exception.WebElementNotFoundException: Web element with id: 'Object Repository/TF_Customer_Smoke_OpenPage/Menu_Navigation_To_Open_All_Pages/0_Menu_Create_In_Data_View' located by 'By.xpath: //div[@id='infaMenu1']//td[@menu='infaMenu1_0' and contains(text(),'Create in Data View')]//img[@class='imgHeaderLine']' not found)
[[ATTACHMENT|D:\\Katalon\\Projects\\TF-Customer\\Reports\\Smoke_TF_Customer\\20180801_142048\\1533115465248.png]]]]></system-out>
         <system-err><![CDATA[2018-08-01 14:23:53 - [TEST_CASE][FAILED] - Test Cases/Smoke_TF_Customer/TC_4_Open_Consumption_Baseline_Source: Test Cases/Smoke_TF_Customer/TC_4_Open_Consumption_Baseline_Source FAILED because (of) Unable to move mouse over object 'Object Repository/TF_Customer_Smoke_OpenPage/Menu_Navigation_To_Open_All_Pages/0_Menu_Create_In_Data_View' (Root cause: com.kms.katalon.core.webui.exception.WebElementNotFoundException: Web element with id: 'Object Repository/TF_Customer_Smoke_OpenPage/Menu_Navigation_To_Open_All_Pages/0_Menu_Create_In_Data_View' located by 'By.xpath: //div[@id='infaMenu1']//td[@menu='infaMenu1_0' and contains(text(),'Create in Data View')]//img[@class='imgHeaderLine']' not found)]]></system-err>
      </testcase>
      <testcase name="Test Cases/Smoke_TF_Customer/TC_5_Open_Corporate_Customer" classname="Test Cases/Smoke_TF_Customer/TC_5_Open_Corporate_Customer" status="FAILED">
         <failure type="FAILED" message="Unable to move mouse over object 'Object Repository/TF_Customer_Smoke_OpenPage/Menu_Navigation_To_Open_All_Pages/0_Menu_Create_In_Data_View' (Root cause: com.kms.katalon.core.webui.exception.WebElementNotFoundException: Web element with id: 'Object Repository/TF_Customer_Smoke_OpenPage/Menu_Navigation_To_Open_All_Pages/0_Menu_Create_In_Data_View' located by 'By.xpath: //div[@id='infaMenu1']//td[@menu='infaMenu1_0' and contains(text(),'Create in Data View')]//img[@class='imgHeaderLine']' not found)"/>
         <system-out><![CDATA[2018-08-01 14:24:25 - [TEST_CASE][FAILED] - Test Cases/Smoke_TF_Customer/TC_5_Open_Corporate_Customer: Test Cases/Smoke_TF_Customer/TC_5_Open_Corporate_Customer FAILED because (of) Unable to move mouse over object 'Object Repository/TF_Customer_Smoke_OpenPage/Menu_Navigation_To_Open_All_Pages/0_Menu_Create_In_Data_View' (Root cause: com.kms.katalon.core.webui.exception.WebElementNotFoundException: Web element with id: 'Object Repository/TF_Customer_Smoke_OpenPage/Menu_Navigation_To_Open_All_Pages/0_Menu_Create_In_Data_View' located by 'By.xpath: //div[@id='infaMenu1']//td[@menu='infaMenu1_0' and contains(text(),'Create in Data View')]//img[@class='imgHeaderLine']' not found)

2018-08-01 14:24:25 - [TEST_STEP][PASSED] - waitForPageLoad: Wait for page load successfully

2018-08-01 14:24:25 - [MESSAGE][PASSED] - Wait for page load successfully

2018-08-01 14:24:25 - [TEST_STEP][FAILED] - mouseOver: Unable to move mouse over object 'Object Repository/TF_Customer_Smoke_OpenPage/Menu_Navigation_To_Open_All_Pages/0_Menu_Create_In_Data_View' (Root cause: com.kms.katalon.core.webui.exception.WebElementNotFoundException: Web element with id: 'Object Repository/TF_Customer_Smoke_OpenPage/Menu_Navigation_To_Open_All_Pages/0_Menu_Create_In_Data_View' located by 'By.xpath: //div[@id='infaMenu1']//td[@menu='infaMenu1_0' and contains(text(),'Create in Data View')]//img[@class='imgHeaderLine']' not found)

2018-08-01 14:24:57 - [MESSAGE][FAILED] - Unable to move mouse over object 'Object Repository/TF_Customer_Smoke_OpenPage/Menu_Navigation_To_Open_All_Pages/0_Menu_Create_In_Data_View' (Root cause: com.kms.katalon.core.webui.exception.WebElementNotFoundException: Web element with id: 'Object Repository/TF_Customer_Smoke_OpenPage/Menu_Navigation_To_Open_All_Pages/0_Menu_Create_In_Data_View' located by 'By.xpath: //div[@id='infaMenu1']//td[@menu='infaMenu1_0' and contains(text(),'Create in Data View')]//img[@class='imgHeaderLine']' not found)
[[ATTACHMENT|D:\\Katalon\\Projects\\TF-Customer\\Reports\\Smoke_TF_Customer\\20180801_142048\\1533115497127.png]]]]></system-out>
         <system-err><![CDATA[2018-08-01 14:24:25 - [TEST_CASE][FAILED] - Test Cases/Smoke_TF_Customer/TC_5_Open_Corporate_Customer: Test Cases/Smoke_TF_Customer/TC_5_Open_Corporate_Customer FAILED because (of) Unable to move mouse over object 'Object Repository/TF_Customer_Smoke_OpenPage/Menu_Navigation_To_Open_All_Pages/0_Menu_Create_In_Data_View' (Root cause: com.kms.katalon.core.webui.exception.WebElementNotFoundException: Web element with id: 'Object Repository/TF_Customer_Smoke_OpenPage/Menu_Navigation_To_Open_All_Pages/0_Menu_Create_In_Data_View' located by 'By.xpath: //div[@id='infaMenu1']//td[@menu='infaMenu1_0' and contains(text(),'Create in Data View')]//img[@class='imgHeaderLine']' not found)]]></system-err>
      </testcase>
      <testcase name="Test Cases/Smoke_TF_Customer/TC_6_Open_SHL1_SBU" classname="Test Cases/Smoke_TF_Customer/TC_6_Open_SHL1_SBU" status="FAILED">
         <failure type="FAILED" message="Unable to move mouse over object 'Object Repository/TF_Customer_Smoke_OpenPage/Menu_Navigation_To_Open_All_Pages/0_Menu_Create_In_Data_View' (Root cause: com.kms.katalon.core.webui.exception.WebElementNotFoundException: Web element with id: 'Object Repository/TF_Customer_Smoke_OpenPage/Menu_Navigation_To_Open_All_Pages/0_Menu_Create_In_Data_View' located by 'By.xpath: //div[@id='infaMenu1']//td[@menu='infaMenu1_0' and contains(text(),'Create in Data View')]//img[@class='imgHeaderLine']' not found)"/>
         <system-out><![CDATA[2018-08-01 14:24:57 - [TEST_CASE][FAILED] - Test Cases/Smoke_TF_Customer/TC_6_Open_SHL1_SBU: Test Cases/Smoke_TF_Customer/TC_6_Open_SHL1_SBU FAILED because (of) Unable to move mouse over object 'Object Repository/TF_Customer_Smoke_OpenPage/Menu_Navigation_To_Open_All_Pages/0_Menu_Create_In_Data_View' (Root cause: com.kms.katalon.core.webui.exception.WebElementNotFoundException: Web element with id: 'Object Repository/TF_Customer_Smoke_OpenPage/Menu_Navigation_To_Open_All_Pages/0_Menu_Create_In_Data_View' located by 'By.xpath: //div[@id='infaMenu1']//td[@menu='infaMenu1_0' and contains(text(),'Create in Data View')]//img[@class='imgHeaderLine']' not found)

2018-08-01 14:24:57 - [TEST_STEP][PASSED] - waitForPageLoad: Wait for page load successfully

2018-08-01 14:24:57 - [MESSAGE][PASSED] - Wait for page load successfully

2018-08-01 14:24:57 - [TEST_STEP][FAILED] - mouseOver: Unable to move mouse over object 'Object Repository/TF_Customer_Smoke_OpenPage/Menu_Navigation_To_Open_All_Pages/0_Menu_Create_In_Data_View' (Root cause: com.kms.katalon.core.webui.exception.WebElementNotFoundException: Web element with id: 'Object Repository/TF_Customer_Smoke_OpenPage/Menu_Navigation_To_Open_All_Pages/0_Menu_Create_In_Data_View' located by 'By.xpath: //div[@id='infaMenu1']//td[@menu='infaMenu1_0' and contains(text(),'Create in Data View')]//img[@class='imgHeaderLine']' not found)

2018-08-01 14:25:29 - [MESSAGE][FAILED] - Unable to move mouse over object 'Object Repository/TF_Customer_Smoke_OpenPage/Menu_Navigation_To_Open_All_Pages/0_Menu_Create_In_Data_View' (Root cause: com.kms.katalon.core.webui.exception.WebElementNotFoundException: Web element with id: 'Object Repository/TF_Customer_Smoke_OpenPage/Menu_Navigation_To_Open_All_Pages/0_Menu_Create_In_Data_View' located by 'By.xpath: //div[@id='infaMenu1']//td[@menu='infaMenu1_0' and contains(text(),'Create in Data View')]//img[@class='imgHeaderLine']' not found)
[[ATTACHMENT|D:\\Katalon\\Projects\\TF-Customer\\Reports\\Smoke_TF_Customer\\20180801_142048\\1533115529025.png]]]]></system-out>
         <system-err><![CDATA[2018-08-01 14:24:57 - [TEST_CASE][FAILED] - Test Cases/Smoke_TF_Customer/TC_6_Open_SHL1_SBU: Test Cases/Smoke_TF_Customer/TC_6_Open_SHL1_SBU FAILED because (of) Unable to move mouse over object 'Object Repository/TF_Customer_Smoke_OpenPage/Menu_Navigation_To_Open_All_Pages/0_Menu_Create_In_Data_View' (Root cause: com.kms.katalon.core.webui.exception.WebElementNotFoundException: Web element with id: 'Object Repository/TF_Customer_Smoke_OpenPage/Menu_Navigation_To_Open_All_Pages/0_Menu_Create_In_Data_View' located by 'By.xpath: //div[@id='infaMenu1']//td[@menu='infaMenu1_0' and contains(text(),'Create in Data View')]//img[@class='imgHeaderLine']' not found)]]></system-err>
      </testcase>
      <testcase name="Test Cases/Smoke_TF_Customer/TC_7_Open_SHL2_Sales_Segment" classname="Test Cases/Smoke_TF_Customer/TC_7_Open_SHL2_Sales_Segment" status="FAILED">
         <failure type="FAILED" message="Unable to move mouse over object 'Object Repository/TF_Customer_Smoke_OpenPage/Menu_Navigation_To_Open_All_Pages/0_Menu_Create_In_Data_View' (Root cause: com.kms.katalon.core.webui.exception.WebElementNotFoundException: Web element with id: 'Object Repository/TF_Customer_Smoke_OpenPage/Menu_Navigation_To_Open_All_Pages/0_Menu_Create_In_Data_View' located by 'By.xpath: //div[@id='infaMenu1']//td[@menu='infaMenu1_0' and contains(text(),'Create in Data View')]//img[@class='imgHeaderLine']' not found)"/>
         <system-out><![CDATA[2018-08-01 14:25:29 - [TEST_CASE][FAILED] - Test Cases/Smoke_TF_Customer/TC_7_Open_SHL2_Sales_Segment: Test Cases/Smoke_TF_Customer/TC_7_Open_SHL2_Sales_Segment FAILED because (of) Unable to move mouse over object 'Object Repository/TF_Customer_Smoke_OpenPage/Menu_Navigation_To_Open_All_Pages/0_Menu_Create_In_Data_View' (Root cause: com.kms.katalon.core.webui.exception.WebElementNotFoundException: Web element with id: 'Object Repository/TF_Customer_Smoke_OpenPage/Menu_Navigation_To_Open_All_Pages/0_Menu_Create_In_Data_View' located by 'By.xpath: //div[@id='infaMenu1']//td[@menu='infaMenu1_0' and contains(text(),'Create in Data View')]//img[@class='imgHeaderLine']' not found)

2018-08-01 14:25:29 - [TEST_STEP][PASSED] - waitForPageLoad: Wait for page load successfully

2018-08-01 14:25:29 - [MESSAGE][PASSED] - Wait for page load successfully

2018-08-01 14:25:29 - [TEST_STEP][FAILED] - mouseOver: Unable to move mouse over object 'Object Repository/TF_Customer_Smoke_OpenPage/Menu_Navigation_To_Open_All_Pages/0_Menu_Create_In_Data_View' (Root cause: com.kms.katalon.core.webui.exception.WebElementNotFoundException: Web element with id: 'Object Repository/TF_Customer_Smoke_OpenPage/Menu_Navigation_To_Open_All_Pages/0_Menu_Create_In_Data_View' located by 'By.xpath: //div[@id='infaMenu1']//td[@menu='infaMenu1_0' and contains(text(),'Create in Data View')]//img[@class='imgHeaderLine']' not found)

2018-08-01 14:26:01 - [MESSAGE][FAILED] - Unable to move mouse over object 'Object Repository/TF_Customer_Smoke_OpenPage/Menu_Navigation_To_Open_All_Pages/0_Menu_Create_In_Data_View' (Root cause: com.kms.katalon.core.webui.exception.WebElementNotFoundException: Web element with id: 'Object Repository/TF_Customer_Smoke_OpenPage/Menu_Navigation_To_Open_All_Pages/0_Menu_Create_In_Data_View' located by 'By.xpath: //div[@id='infaMenu1']//td[@menu='infaMenu1_0' and contains(text(),'Create in Data View')]//img[@class='imgHeaderLine']' not found)
[[ATTACHMENT|D:\\Katalon\\Projects\\TF-Customer\\Reports\\Smoke_TF_Customer\\20180801_142048\\1533115560931.png]]]]></system-out>
         <system-err><![CDATA[2018-08-01 14:25:29 - [TEST_CASE][FAILED] - Test Cases/Smoke_TF_Customer/TC_7_Open_SHL2_Sales_Segment: Test Cases/Smoke_TF_Customer/TC_7_Open_SHL2_Sales_Segment FAILED because (of) Unable to move mouse over object 'Object Repository/TF_Customer_Smoke_OpenPage/Menu_Navigation_To_Open_All_Pages/0_Menu_Create_In_Data_View' (Root cause: com.kms.katalon.core.webui.exception.WebElementNotFoundException: Web element with id: 'Object Repository/TF_Customer_Smoke_OpenPage/Menu_Navigation_To_Open_All_Pages/0_Menu_Create_In_Data_View' located by 'By.xpath: //div[@id='infaMenu1']//td[@menu='infaMenu1_0' and contains(text(),'Create in Data View')]//img[@class='imgHeaderLine']' not found)]]></system-err>
      </testcase>
      <testcase name="Test Cases/Smoke_TF_Customer/TC_8_Open_SHL3_Sales_Division" classname="Test Cases/Smoke_TF_Customer/TC_8_Open_SHL3_Sales_Division" status="FAILED">
         <failure type="FAILED" message="Unable to move mouse over object 'Object Repository/TF_Customer_Smoke_OpenPage/Menu_Navigation_To_Open_All_Pages/0_Menu_Create_In_Data_View' (Root cause: com.kms.katalon.core.webui.exception.WebElementNotFoundException: Web element with id: 'Object Repository/TF_Customer_Smoke_OpenPage/Menu_Navigation_To_Open_All_Pages/0_Menu_Create_In_Data_View' located by 'By.xpath: //div[@id='infaMenu1']//td[@menu='infaMenu1_0' and contains(text(),'Create in Data View')]//img[@class='imgHeaderLine']' not found)"/>
         <system-out><![CDATA[2018-08-01 14:26:01 - [TEST_CASE][FAILED] - Test Cases/Smoke_TF_Customer/TC_8_Open_SHL3_Sales_Division: Test Cases/Smoke_TF_Customer/TC_8_Open_SHL3_Sales_Division FAILED because (of) Unable to move mouse over object 'Object Repository/TF_Customer_Smoke_OpenPage/Menu_Navigation_To_Open_All_Pages/0_Menu_Create_In_Data_View' (Root cause: com.kms.katalon.core.webui.exception.WebElementNotFoundException: Web element with id: 'Object Repository/TF_Customer_Smoke_OpenPage/Menu_Navigation_To_Open_All_Pages/0_Menu_Create_In_Data_View' located by 'By.xpath: //div[@id='infaMenu1']//td[@menu='infaMenu1_0' and contains(text(),'Create in Data View')]//img[@class='imgHeaderLine']' not found)

2018-08-01 14:26:01 - [TEST_STEP][PASSED] - waitForPageLoad: Wait for page load successfully

2018-08-01 14:26:01 - [MESSAGE][PASSED] - Wait for page load successfully

2018-08-01 14:26:01 - [TEST_STEP][FAILED] - mouseOver: Unable to move mouse over object 'Object Repository/TF_Customer_Smoke_OpenPage/Menu_Navigation_To_Open_All_Pages/0_Menu_Create_In_Data_View' (Root cause: com.kms.katalon.core.webui.exception.WebElementNotFoundException: Web element with id: 'Object Repository/TF_Customer_Smoke_OpenPage/Menu_Navigation_To_Open_All_Pages/0_Menu_Create_In_Data_View' located by 'By.xpath: //div[@id='infaMenu1']//td[@menu='infaMenu1_0' and contains(text(),'Create in Data View')]//img[@class='imgHeaderLine']' not found)

2018-08-01 14:26:33 - [MESSAGE][FAILED] - Unable to move mouse over object 'Object Repository/TF_Customer_Smoke_OpenPage/Menu_Navigation_To_Open_All_Pages/0_Menu_Create_In_Data_View' (Root cause: com.kms.katalon.core.webui.exception.WebElementNotFoundException: Web element with id: 'Object Repository/TF_Customer_Smoke_OpenPage/Menu_Navigation_To_Open_All_Pages/0_Menu_Create_In_Data_View' located by 'By.xpath: //div[@id='infaMenu1']//td[@menu='infaMenu1_0' and contains(text(),'Create in Data View')]//img[@class='imgHeaderLine']' not found)
[[ATTACHMENT|D:\\Katalon\\Projects\\TF-Customer\\Reports\\Smoke_TF_Customer\\20180801_142048\\1533115592799.png]]]]></system-out>
         <system-err><![CDATA[2018-08-01 14:26:01 - [TEST_CASE][FAILED] - Test Cases/Smoke_TF_Customer/TC_8_Open_SHL3_Sales_Division: Test Cases/Smoke_TF_Customer/TC_8_Open_SHL3_Sales_Division FAILED because (of) Unable to move mouse over object 'Object Repository/TF_Customer_Smoke_OpenPage/Menu_Navigation_To_Open_All_Pages/0_Menu_Create_In_Data_View' (Root cause: com.kms.katalon.core.webui.exception.WebElementNotFoundException: Web element with id: 'Object Repository/TF_Customer_Smoke_OpenPage/Menu_Navigation_To_Open_All_Pages/0_Menu_Create_In_Data_View' located by 'By.xpath: //div[@id='infaMenu1']//td[@menu='infaMenu1_0' and contains(text(),'Create in Data View')]//img[@class='imgHeaderLine']' not found)]]></system-err>
      </testcase>
      <testcase name="Test Cases/Smoke_TF_Customer/TC_9_Open_SHL4_Sales_Region" classname="Test Cases/Smoke_TF_Customer/TC_9_Open_SHL4_Sales_Region" status="FAILED">
         <failure type="FAILED" message="Unable to move mouse over object 'Object Repository/TF_Customer_Smoke_OpenPage/Menu_Navigation_To_Open_All_Pages/0_Menu_Create_In_Data_View' (Root cause: com.kms.katalon.core.webui.exception.WebElementNotFoundException: Web element with id: 'Object Repository/TF_Customer_Smoke_OpenPage/Menu_Navigation_To_Open_All_Pages/0_Menu_Create_In_Data_View' located by 'By.xpath: //div[@id='infaMenu1']//td[@menu='infaMenu1_0' and contains(text(),'Create in Data View')]//img[@class='imgHeaderLine']' not found)"/>
         <system-out><![CDATA[2018-08-01 14:26:33 - [TEST_CASE][FAILED] - Test Cases/Smoke_TF_Customer/TC_9_Open_SHL4_Sales_Region: Test Cases/Smoke_TF_Customer/TC_9_Open_SHL4_Sales_Region FAILED because (of) Unable to move mouse over object 'Object Repository/TF_Customer_Smoke_OpenPage/Menu_Navigation_To_Open_All_Pages/0_Menu_Create_In_Data_View' (Root cause: com.kms.katalon.core.webui.exception.WebElementNotFoundException: Web element with id: 'Object Repository/TF_Customer_Smoke_OpenPage/Menu_Navigation_To_Open_All_Pages/0_Menu_Create_In_Data_View' located by 'By.xpath: //div[@id='infaMenu1']//td[@menu='infaMenu1_0' and contains(text(),'Create in Data View')]//img[@class='imgHeaderLine']' not found)

2018-08-01 14:26:33 - [TEST_STEP][PASSED] - waitForPageLoad: Wait for page load successfully

2018-08-01 14:26:33 - [MESSAGE][PASSED] - Wait for page load successfully

2018-08-01 14:26:33 - [TEST_STEP][FAILED] - mouseOver: Unable to move mouse over object 'Object Repository/TF_Customer_Smoke_OpenPage/Menu_Navigation_To_Open_All_Pages/0_Menu_Create_In_Data_View' (Root cause: com.kms.katalon.core.webui.exception.WebElementNotFoundException: Web element with id: 'Object Repository/TF_Customer_Smoke_OpenPage/Menu_Navigation_To_Open_All_Pages/0_Menu_Create_In_Data_View' located by 'By.xpath: //div[@id='infaMenu1']//td[@menu='infaMenu1_0' and contains(text(),'Create in Data View')]//img[@class='imgHeaderLine']' not found)

2018-08-01 14:27:04 - [MESSAGE][FAILED] - Unable to move mouse over object 'Object Repository/TF_Customer_Smoke_OpenPage/Menu_Navigation_To_Open_All_Pages/0_Menu_Create_In_Data_View' (Root cause: com.kms.katalon.core.webui.exception.WebElementNotFoundException: Web element with id: 'Object Repository/TF_Customer_Smoke_OpenPage/Menu_Navigation_To_Open_All_Pages/0_Menu_Create_In_Data_View' located by 'By.xpath: //div[@id='infaMenu1']//td[@menu='infaMenu1_0' and contains(text(),'Create in Data View')]//img[@class='imgHeaderLine']' not found)
[[ATTACHMENT|D:\\Katalon\\Projects\\TF-Customer\\Reports\\Smoke_TF_Customer\\20180801_142048\\1533115624689.png]]]]></system-out>
         <system-err><![CDATA[2018-08-01 14:26:33 - [TEST_CASE][FAILED] - Test Cases/Smoke_TF_Customer/TC_9_Open_SHL4_Sales_Region: Test Cases/Smoke_TF_Customer/TC_9_Open_SHL4_Sales_Region FAILED because (of) Unable to move mouse over object 'Object Repository/TF_Customer_Smoke_OpenPage/Menu_Navigation_To_Open_All_Pages/0_Menu_Create_In_Data_View' (Root cause: com.kms.katalon.core.webui.exception.WebElementNotFoundException: Web element with id: 'Object Repository/TF_Customer_Smoke_OpenPage/Menu_Navigation_To_Open_All_Pages/0_Menu_Create_In_Data_View' located by 'By.xpath: //div[@id='infaMenu1']//td[@menu='infaMenu1_0' and contains(text(),'Create in Data View')]//img[@class='imgHeaderLine']' not found)]]></system-err>
      </testcase>
      <testcase name="Test Cases/Smoke_TF_Customer/TC_10_Open_SHL5_Sales_Market" classname="Test Cases/Smoke_TF_Customer/TC_10_Open_SHL5_Sales_Market" status="FAILED">
         <failure type="FAILED" message="Unable to move mouse over object 'Object Repository/TF_Customer_Smoke_OpenPage/Menu_Navigation_To_Open_All_Pages/0_Menu_Create_In_Data_View' (Root cause: com.kms.katalon.core.webui.exception.WebElementNotFoundException: Web element with id: 'Object Repository/TF_Customer_Smoke_OpenPage/Menu_Navigation_To_Open_All_Pages/0_Menu_Create_In_Data_View' located by 'By.xpath: //div[@id='infaMenu1']//td[@menu='infaMenu1_0' and contains(text(),'Create in Data View')]//img[@class='imgHeaderLine']' not found)"/>
         <system-out><![CDATA[2018-08-01 14:27:04 - [TEST_CASE][FAILED] - Test Cases/Smoke_TF_Customer/TC_10_Open_SHL5_Sales_Market: Test Cases/Smoke_TF_Customer/TC_10_Open_SHL5_Sales_Market FAILED because (of) Unable to move mouse over object 'Object Repository/TF_Customer_Smoke_OpenPage/Menu_Navigation_To_Open_All_Pages/0_Menu_Create_In_Data_View' (Root cause: com.kms.katalon.core.webui.exception.WebElementNotFoundException: Web element with id: 'Object Repository/TF_Customer_Smoke_OpenPage/Menu_Navigation_To_Open_All_Pages/0_Menu_Create_In_Data_View' located by 'By.xpath: //div[@id='infaMenu1']//td[@menu='infaMenu1_0' and contains(text(),'Create in Data View')]//img[@class='imgHeaderLine']' not found)

2018-08-01 14:27:05 - [TEST_STEP][PASSED] - waitForPageLoad: Wait for page load successfully

2018-08-01 14:27:05 - [MESSAGE][PASSED] - Wait for page load successfully

2018-08-01 14:27:05 - [TEST_STEP][FAILED] - mouseOver: Unable to move mouse over object 'Object Repository/TF_Customer_Smoke_OpenPage/Menu_Navigation_To_Open_All_Pages/0_Menu_Create_In_Data_View' (Root cause: com.kms.katalon.core.webui.exception.WebElementNotFoundException: Web element with id: 'Object Repository/TF_Customer_Smoke_OpenPage/Menu_Navigation_To_Open_All_Pages/0_Menu_Create_In_Data_View' located by 'By.xpath: //div[@id='infaMenu1']//td[@menu='infaMenu1_0' and contains(text(),'Create in Data View')]//img[@class='imgHeaderLine']' not found)

2018-08-01 14:27:37 - [MESSAGE][FAILED] - Unable to move mouse over object 'Object Repository/TF_Customer_Smoke_OpenPage/Menu_Navigation_To_Open_All_Pages/0_Menu_Create_In_Data_View' (Root cause: com.kms.katalon.core.webui.exception.WebElementNotFoundException: Web element with id: 'Object Repository/TF_Customer_Smoke_OpenPage/Menu_Navigation_To_Open_All_Pages/0_Menu_Create_In_Data_View' located by 'By.xpath: //div[@id='infaMenu1']//td[@menu='infaMenu1_0' and contains(text(),'Create in Data View')]//img[@class='imgHeaderLine']' not found)
[[ATTACHMENT|D:\\Katalon\\Projects\\TF-Customer\\Reports\\Smoke_TF_Customer\\20180801_142048\\1533115657645.png]]]]></system-out>
         <system-err><![CDATA[2018-08-01 14:27:04 - [TEST_CASE][FAILED] - Test Cases/Smoke_TF_Customer/TC_10_Open_SHL5_Sales_Market: Test Cases/Smoke_TF_Customer/TC_10_Open_SHL5_Sales_Market FAILED because (of) Unable to move mouse over object 'Object Repository/TF_Customer_Smoke_OpenPage/Menu_Navigation_To_Open_All_Pages/0_Menu_Create_In_Data_View' (Root cause: com.kms.katalon.core.webui.exception.WebElementNotFoundException: Web element with id: 'Object Repository/TF_Customer_Smoke_OpenPage/Menu_Navigation_To_Open_All_Pages/0_Menu_Create_In_Data_View' located by 'By.xpath: //div[@id='infaMenu1']//td[@menu='infaMenu1_0' and contains(text(),'Create in Data View')]//img[@class='imgHeaderLine']' not found)]]></system-err>
      </testcase>
      <testcase name="Test Cases/Smoke_TF_Customer/TC_11_Open_PA_Planning_Account" classname="Test Cases/Smoke_TF_Customer/TC_11_Open_PA_Planning_Account" status="FAILED">
         <failure type="FAILED" message="Unable to move mouse over object 'Object Repository/TF_Customer_Smoke_OpenPage/Menu_Navigation_To_Open_All_Pages/0_Menu_Create_In_Data_View' (Root cause: com.kms.katalon.core.webui.exception.WebElementNotFoundException: Web element with id: 'Object Repository/TF_Customer_Smoke_OpenPage/Menu_Navigation_To_Open_All_Pages/0_Menu_Create_In_Data_View' located by 'By.xpath: //div[@id='infaMenu1']//td[@menu='infaMenu1_0' and contains(text(),'Create in Data View')]//img[@class='imgHeaderLine']' not found)"/>
         <system-out><![CDATA[2018-08-01 14:27:37 - [TEST_CASE][FAILED] - Test Cases/Smoke_TF_Customer/TC_11_Open_PA_Planning_Account: Test Cases/Smoke_TF_Customer/TC_11_Open_PA_Planning_Account FAILED because (of) Unable to move mouse over object 'Object Repository/TF_Customer_Smoke_OpenPage/Menu_Navigation_To_Open_All_Pages/0_Menu_Create_In_Data_View' (Root cause: com.kms.katalon.core.webui.exception.WebElementNotFoundException: Web element with id: 'Object Repository/TF_Customer_Smoke_OpenPage/Menu_Navigation_To_Open_All_Pages/0_Menu_Create_In_Data_View' located by 'By.xpath: //div[@id='infaMenu1']//td[@menu='infaMenu1_0' and contains(text(),'Create in Data View')]//img[@class='imgHeaderLine']' not found)

2018-08-01 14:27:38 - [TEST_STEP][PASSED] - waitForPageLoad: Wait for page load successfully

2018-08-01 14:27:38 - [MESSAGE][PASSED] - Wait for page load successfully

2018-08-01 14:27:38 - [TEST_STEP][FAILED] - mouseOver: Unable to move mouse over object 'Object Repository/TF_Customer_Smoke_OpenPage/Menu_Navigation_To_Open_All_Pages/0_Menu_Create_In_Data_View' (Root cause: com.kms.katalon.core.webui.exception.WebElementNotFoundException: Web element with id: 'Object Repository/TF_Customer_Smoke_OpenPage/Menu_Navigation_To_Open_All_Pages/0_Menu_Create_In_Data_View' located by 'By.xpath: //div[@id='infaMenu1']//td[@menu='infaMenu1_0' and contains(text(),'Create in Data View')]//img[@class='imgHeaderLine']' not found)

2018-08-01 14:28:09 - [MESSAGE][FAILED] - Unable to move mouse over object 'Object Repository/TF_Customer_Smoke_OpenPage/Menu_Navigation_To_Open_All_Pages/0_Menu_Create_In_Data_View' (Root cause: com.kms.katalon.core.webui.exception.WebElementNotFoundException: Web element with id: 'Object Repository/TF_Customer_Smoke_OpenPage/Menu_Navigation_To_Open_All_Pages/0_Menu_Create_In_Data_View' located by 'By.xpath: //div[@id='infaMenu1']//td[@menu='infaMenu1_0' and contains(text(),'Create in Data View')]//img[@class='imgHeaderLine']' not found)
[[ATTACHMENT|D:\\Katalon\\Projects\\TF-Customer\\Reports\\Smoke_TF_Customer\\20180801_142048\\1533115689590.png]]]]></system-out>
         <system-err><![CDATA[2018-08-01 14:27:37 - [TEST_CASE][FAILED] - Test Cases/Smoke_TF_Customer/TC_11_Open_PA_Planning_Account: Test Cases/Smoke_TF_Customer/TC_11_Open_PA_Planning_Account FAILED because (of) Unable to move mouse over object 'Object Repository/TF_Customer_Smoke_OpenPage/Menu_Navigation_To_Open_All_Pages/0_Menu_Create_In_Data_View' (Root cause: com.kms.katalon.core.webui.exception.WebElementNotFoundException: Web element with id: 'Object Repository/TF_Customer_Smoke_OpenPage/Menu_Navigation_To_Open_All_Pages/0_Menu_Create_In_Data_View' located by 'By.xpath: //div[@id='infaMenu1']//td[@menu='infaMenu1_0' and contains(text(),'Create in Data View')]//img[@class='imgHeaderLine']' not found)]]></system-err>
      </testcase>
      <testcase name="Test Cases/Smoke_TF_Customer/TC_12_Open_PA_Sub_Planning_Account" classname="Test Cases/Smoke_TF_Customer/TC_12_Open_PA_Sub_Planning_Account" status="FAILED">
         <failure type="FAILED" message="Unable to move mouse over object 'Object Repository/TF_Customer_Smoke_OpenPage/Menu_Navigation_To_Open_All_Pages/0_Menu_Create_In_Data_View' (Root cause: com.kms.katalon.core.webui.exception.WebElementNotFoundException: Web element with id: 'Object Repository/TF_Customer_Smoke_OpenPage/Menu_Navigation_To_Open_All_Pages/0_Menu_Create_In_Data_View' located by 'By.xpath: //div[@id='infaMenu1']//td[@menu='infaMenu1_0' and contains(text(),'Create in Data View')]//img[@class='imgHeaderLine']' not found)"/>
         <system-out><![CDATA[2018-08-01 14:28:09 - [TEST_CASE][FAILED] - Test Cases/Smoke_TF_Customer/TC_12_Open_PA_Sub_Planning_Account: Test Cases/Smoke_TF_Customer/TC_12_Open_PA_Sub_Planning_Account FAILED because (of) Unable to move mouse over object 'Object Repository/TF_Customer_Smoke_OpenPage/Menu_Navigation_To_Open_All_Pages/0_Menu_Create_In_Data_View' (Root cause: com.kms.katalon.core.webui.exception.WebElementNotFoundException: Web element with id: 'Object Repository/TF_Customer_Smoke_OpenPage/Menu_Navigation_To_Open_All_Pages/0_Menu_Create_In_Data_View' located by 'By.xpath: //div[@id='infaMenu1']//td[@menu='infaMenu1_0' and contains(text(),'Create in Data View')]//img[@class='imgHeaderLine']' not found)

2018-08-01 14:28:09 - [TEST_STEP][PASSED] - waitForPageLoad: Wait for page load successfully

2018-08-01 14:28:09 - [MESSAGE][PASSED] - Wait for page load successfully

2018-08-01 14:28:09 - [TEST_STEP][FAILED] - mouseOver: Unable to move mouse over object 'Object Repository/TF_Customer_Smoke_OpenPage/Menu_Navigation_To_Open_All_Pages/0_Menu_Create_In_Data_View' (Root cause: com.kms.katalon.core.webui.exception.WebElementNotFoundException: Web element with id: 'Object Repository/TF_Customer_Smoke_OpenPage/Menu_Navigation_To_Open_All_Pages/0_Menu_Create_In_Data_View' located by 'By.xpath: //div[@id='infaMenu1']//td[@menu='infaMenu1_0' and contains(text(),'Create in Data View')]//img[@class='imgHeaderLine']' not found)

2018-08-01 14:28:41 - [MESSAGE][FAILED] - Unable to move mouse over object 'Object Repository/TF_Customer_Smoke_OpenPage/Menu_Navigation_To_Open_All_Pages/0_Menu_Create_In_Data_View' (Root cause: com.kms.katalon.core.webui.exception.WebElementNotFoundException: Web element with id: 'Object Repository/TF_Customer_Smoke_OpenPage/Menu_Navigation_To_Open_All_Pages/0_Menu_Create_In_Data_View' located by 'By.xpath: //div[@id='infaMenu1']//td[@menu='infaMenu1_0' and contains(text(),'Create in Data View')]//img[@class='imgHeaderLine']' not found)
[[ATTACHMENT|D:\\Katalon\\Projects\\TF-Customer\\Reports\\Smoke_TF_Customer\\20180801_142048\\1533115721453.png]]]]></system-out>
         <system-err><![CDATA[2018-08-01 14:28:09 - [TEST_CASE][FAILED] - Test Cases/Smoke_TF_Customer/TC_12_Open_PA_Sub_Planning_Account: Test Cases/Smoke_TF_Customer/TC_12_Open_PA_Sub_Planning_Account FAILED because (of) Unable to move mouse over object 'Object Repository/TF_Customer_Smoke_OpenPage/Menu_Navigation_To_Open_All_Pages/0_Menu_Create_In_Data_View' (Root cause: com.kms.katalon.core.webui.exception.WebElementNotFoundException: Web element with id: 'Object Repository/TF_Customer_Smoke_OpenPage/Menu_Navigation_To_Open_All_Pages/0_Menu_Create_In_Data_View' located by 'By.xpath: //div[@id='infaMenu1']//td[@menu='infaMenu1_0' and contains(text(),'Create in Data View')]//img[@class='imgHeaderLine']' not found)]]></system-err>
      </testcase>
      <system-out><![CDATA[2018-08-01 14:20:49 - [TEST_SUITE][FAILED] - Smoke_TF_Customer: Test Cases/General_Login_Logout/TC_1_Login FAILED because (of) Unable to click on object 'Object Repository/Page_ Login/Project_Selection/div_Trade Funds Customer' (Root cause: com.kms.katalon.core.webui.exception.WebElementNotFoundException: Web element with id: 'Object Repository/Page_ Login/Project_Selection/div_Trade Funds Customer' located by 'By.xpath: //div[(text() = '
                    Trade Funds Customer
                ' or . = '
                    Trade Funds Customer
                ')]' not found)]]></system-out>
      <system-err><![CDATA[2018-08-01 14:20:49 - [TEST_SUITE][FAILED] - Smoke_TF_Customer: Test Cases/General_Login_Logout/TC_1_Login FAILED because (of) Unable to click on object 'Object Repository/Page_ Login/Project_Selection/div_Trade Funds Customer' (Root cause: com.kms.katalon.core.webui.exception.WebElementNotFoundException: Web element with id: 'Object Repository/Page_ Login/Project_Selection/div_Trade Funds Customer' located by 'By.xpath: //div[(text() = '
                    Trade Funds Customer
                ' or . = '
                    Trade Funds Customer
                ')]' not found)]]></system-err>
   </testsuite>
</testsuites>
