<?xml version="1.0" encoding="UTF-8"?>
<testsuites name="Smoke_TF_Customer" time="84" tests="13" failures="0" errors="0">
   <testsuite name="Smoke_TF_Customer" tests="13" failures="0" errors="0" time="84" timestamp="2018-05-11 12:59:42" hostname="Junaid.Tariq - Junaid.instepinc.com" id="Test Suites/Smoke_TF_Customer">
      <properties>
         <property name="deviceName" value=""/>
         <property name="devicePlatform" value=""/>
         <property name="logFolder" value="D:\\Katalon\\Projects\\TF-Customer\\TF-Customer\\Reports\\Smoke_TF_Customer\\20180511_125941"/>
         <property name="logFiles" value="D:\\Katalon\\Projects\\TF-Customer\\TF-Customer\\Reports\\Smoke_TF_Customer\\20180511_125941\\execution0.log"/>
         <property name="attachments" value=""/>
         <property name="hostName" value="Junaid.Tariq - Junaid.instepinc.com"/>
         <property name="os" value="Windows 7 64bit"/>
         <property name="katalonVersion" value="5.4.0.1"/>
         <property name="browser" value="Chrome 66.0.3359.139"/>
         <property name="hostAddress" value="200.199.80.62"/>
         <property name="sessionId" value="b6f647158c99b3b7bb9b4ca2cbcdda16"/>
         <property name="seleniumVersion" value="3.7.1"/>
         <property name="proxyInformation" value="ProxyInformation{proxyOption=NO_PROXY, proxyServerType=HTTP, password=, proxyServerAddress=, proxyServerPort=0}"/>
         <property name="platform" value="Windows 7"/>
      </properties>
      <testcase name="Test Cases/General_Login_Logout/TC_1_Login" classname="Test Cases/General_Login_Logout/TC_1_Login" status="PASSED">
         <system-out><![CDATA[2018-05-11 12:59:42 - [TEST_CASE][PASSED] - Test Cases/General_Login_Logout/TC_1_Login: Test Cases/General_Login_Logout/TC_1_Login

2018-05-11 12:59:42 - [TEST_STEP][PASSED] - openBrowser: Browser is opened with url: 'https://52.6.78.242:7008/e360/com.informatica.tools.mdm.web.auth/login'

2018-05-11 12:59:55 - [MESSAGE][PASSED] - Browser is opened with url: 'https://52.6.78.242:7008/e360/com.informatica.tools.mdm.web.auth/login'

2018-05-11 12:59:55 - [TEST_STEP][PASSED] - waitForPageLoad: Wait for page load successfully

2018-05-11 12:59:55 - [MESSAGE][PASSED] - Wait for page load successfully

2018-05-11 12:59:55 - [TEST_STEP][PASSED] - maximizeWindow: Current window maximized

2018-05-11 12:59:56 - [MESSAGE][PASSED] - Current window maximized

2018-05-11 12:59:56 - [TEST_STEP][PASSED] - waitForElementClickable: Object 'Object Repository/Page_ Login/Btn_Login' is clickable

2018-05-11 12:59:57 - [MESSAGE][PASSED] - Object 'Object Repository/Page_ Login/Btn_Login' is clickable

2018-05-11 12:59:57 - [TEST_STEP][PASSED] - setText: Text 'junaid_sm' is set on object 'Object Repository/Page_ Login/Txt_Username'

2018-05-11 12:59:57 - [MESSAGE][PASSED] - Text 'junaid_sm' is set on object 'Object Repository/Page_ Login/Txt_Username'

2018-05-11 12:59:57 - [TEST_STEP][PASSED] - setText: Text 'str0ng_2' is set on object 'Object Repository/Page_ Login/Txt_Password'

2018-05-11 12:59:57 - [MESSAGE][PASSED] - Text 'str0ng_2' is set on object 'Object Repository/Page_ Login/Txt_Password'

2018-05-11 12:59:57 - [TEST_STEP][PASSED] - click: Object: 'Object Repository/Page_ Login/Btn_Login' is clicked on

2018-05-11 12:59:57 - [MESSAGE][PASSED] - Object: 'Object Repository/Page_ Login/Btn_Login' is clicked on

2018-05-11 12:59:57 - [TEST_STEP][PASSED] - waitForPageLoad: Wait for page load successfully

2018-05-11 12:59:57 - [MESSAGE][PASSED] - Wait for page load successfully

2018-05-11 12:59:57 - [TEST_STEP][PASSED] - click: Object: 'Object Repository/Project_Selection/div_Trade Funds Customer' is clicked on

2018-05-11 13:00:10 - [MESSAGE][PASSED] - Object: 'Object Repository/Project_Selection/div_Trade Funds Customer' is clicked on

2018-05-11 13:00:10 - [TEST_STEP][PASSED] - delay: Delayed 2 second(s)

2018-05-11 13:00:12 - [MESSAGE][PASSED] - Delayed 2 second(s)]]></system-out>
         <system-err><![CDATA[]]></system-err>
      </testcase>
      <testcase name="Test Cases/Smoke_TF_Customer/TC_1_Open_Banner" classname="Test Cases/Smoke_TF_Customer/TC_1_Open_Banner" status="PASSED">
         <system-out><![CDATA[2018-05-11 13:00:12 - [TEST_CASE][PASSED] - Test Cases/Smoke_TF_Customer/TC_1_Open_Banner: Test Cases/Smoke_TF_Customer/TC_1_Open_Banner

2018-05-11 13:00:12 - [TEST_STEP][PASSED] - waitForPageLoad: Wait for page load successfully

2018-05-11 13:00:12 - [MESSAGE][PASSED] - Wait for page load successfully

2018-05-11 13:00:12 - [TEST_STEP][PASSED] - click: Object: 'Object Repository/TF_Customer_Smoke_OpenPage/1_Banner' is clicked on

2018-05-11 13:00:27 - [MESSAGE][PASSED] - Object: 'Object Repository/TF_Customer_Smoke_OpenPage/1_Banner' is clicked on]]></system-out>
         <system-err><![CDATA[]]></system-err>
      </testcase>
      <testcase name="Test Cases/Smoke_TF_Customer/TC_2_Open_RGM_Designated_Baseline" classname="Test Cases/Smoke_TF_Customer/TC_2_Open_RGM_Designated_Baseline" status="PASSED">
         <system-out><![CDATA[2018-05-11 13:00:27 - [TEST_CASE][PASSED] - Test Cases/Smoke_TF_Customer/TC_2_Open_RGM_Designated_Baseline: Test Cases/Smoke_TF_Customer/TC_2_Open_RGM_Designated_Baseline

2018-05-11 13:00:27 - [TEST_STEP][PASSED] - waitForPageLoad: Wait for page load successfully

2018-05-11 13:00:27 - [MESSAGE][PASSED] - Wait for page load successfully

2018-05-11 13:00:27 - [TEST_STEP][PASSED] - click: Object: 'Object Repository/TF_Customer_Smoke_OpenPage/2_RGM Designated Baseline' is clicked on

2018-05-11 13:00:30 - [MESSAGE][PASSED] - Object: 'Object Repository/TF_Customer_Smoke_OpenPage/2_RGM Designated Baseline' is clicked on]]></system-out>
         <system-err><![CDATA[]]></system-err>
      </testcase>
      <testcase name="Test Cases/Smoke_TF_Customer/TC_3_Open_JMS_Sales_Org" classname="Test Cases/Smoke_TF_Customer/TC_3_Open_JMS_Sales_Org" status="PASSED">
         <system-out><![CDATA[2018-05-11 13:00:30 - [TEST_CASE][PASSED] - Test Cases/Smoke_TF_Customer/TC_3_Open_JMS_Sales_Org: Test Cases/Smoke_TF_Customer/TC_3_Open_JMS_Sales_Org

2018-05-11 13:00:30 - [TEST_STEP][PASSED] - waitForPageLoad: Wait for page load successfully

2018-05-11 13:00:30 - [MESSAGE][PASSED] - Wait for page load successfully

2018-05-11 13:00:30 - [TEST_STEP][PASSED] - click: Object: 'Object Repository/TF_Customer_Smoke_OpenPage/3_JMS Sales Organizations' is clicked on

2018-05-11 13:00:34 - [MESSAGE][PASSED] - Object: 'Object Repository/TF_Customer_Smoke_OpenPage/3_JMS Sales Organizations' is clicked on]]></system-out>
         <system-err><![CDATA[]]></system-err>
      </testcase>
      <testcase name="Test Cases/Smoke_TF_Customer/TC_4_Open_Consumption_Baseline_Source" classname="Test Cases/Smoke_TF_Customer/TC_4_Open_Consumption_Baseline_Source" status="PASSED">
         <system-out><![CDATA[2018-05-11 13:00:34 - [TEST_CASE][PASSED] - Test Cases/Smoke_TF_Customer/TC_4_Open_Consumption_Baseline_Source: Test Cases/Smoke_TF_Customer/TC_4_Open_Consumption_Baseline_Source

2018-05-11 13:00:34 - [TEST_STEP][PASSED] - waitForPageLoad: Wait for page load successfully

2018-05-11 13:00:34 - [MESSAGE][PASSED] - Wait for page load successfully

2018-05-11 13:00:34 - [TEST_STEP][PASSED] - click: Object: 'Object Repository/TF_Customer_Smoke_OpenPage/4_Consumption Baseline Source' is clicked on

2018-05-11 13:00:37 - [MESSAGE][PASSED] - Object: 'Object Repository/TF_Customer_Smoke_OpenPage/4_Consumption Baseline Source' is clicked on]]></system-out>
         <system-err><![CDATA[]]></system-err>
      </testcase>
      <testcase name="Test Cases/Smoke_TF_Customer/TC_5_Open_Corporate_Customer" classname="Test Cases/Smoke_TF_Customer/TC_5_Open_Corporate_Customer" status="PASSED">
         <system-out><![CDATA[2018-05-11 13:00:37 - [TEST_CASE][PASSED] - Test Cases/Smoke_TF_Customer/TC_5_Open_Corporate_Customer: Test Cases/Smoke_TF_Customer/TC_5_Open_Corporate_Customer

2018-05-11 13:00:37 - [TEST_STEP][PASSED] - waitForPageLoad: Wait for page load successfully

2018-05-11 13:00:37 - [MESSAGE][PASSED] - Wait for page load successfully

2018-05-11 13:00:37 - [TEST_STEP][PASSED] - click: Object: 'Object Repository/TF_Customer_Smoke_OpenPage/5_Corporate Customer' is clicked on

2018-05-11 13:00:41 - [MESSAGE][PASSED] - Object: 'Object Repository/TF_Customer_Smoke_OpenPage/5_Corporate Customer' is clicked on]]></system-out>
         <system-err><![CDATA[]]></system-err>
      </testcase>
      <testcase name="Test Cases/Smoke_TF_Customer/TC_6_Open_SHL1_SBU" classname="Test Cases/Smoke_TF_Customer/TC_6_Open_SHL1_SBU" status="PASSED">
         <system-out><![CDATA[2018-05-11 13:00:41 - [TEST_CASE][PASSED] - Test Cases/Smoke_TF_Customer/TC_6_Open_SHL1_SBU: Test Cases/Smoke_TF_Customer/TC_6_Open_SHL1_SBU

2018-05-11 13:00:41 - [TEST_STEP][PASSED] - waitForPageLoad: Wait for page load successfully

2018-05-11 13:00:41 - [MESSAGE][PASSED] - Wait for page load successfully

2018-05-11 13:00:41 - [TEST_STEP][PASSED] - click: Object: 'Object Repository/TF_Customer_Smoke_OpenPage/Sales_Hierarchy_Level/1_SBU (Sales Business Unit)' is clicked on

2018-05-11 13:00:47 - [MESSAGE][PASSED] - Object: 'Object Repository/TF_Customer_Smoke_OpenPage/Sales_Hierarchy_Level/1_SBU (Sales Business Unit)' is clicked on]]></system-out>
         <system-err><![CDATA[]]></system-err>
      </testcase>
      <testcase name="Test Cases/Smoke_TF_Customer/TC_7_Open_SHL2_Sales_Segment" classname="Test Cases/Smoke_TF_Customer/TC_7_Open_SHL2_Sales_Segment" status="PASSED">
         <system-out><![CDATA[2018-05-11 13:00:47 - [TEST_CASE][PASSED] - Test Cases/Smoke_TF_Customer/TC_7_Open_SHL2_Sales_Segment: Test Cases/Smoke_TF_Customer/TC_7_Open_SHL2_Sales_Segment

2018-05-11 13:00:47 - [TEST_STEP][PASSED] - waitForPageLoad: Wait for page load successfully

2018-05-11 13:00:47 - [MESSAGE][PASSED] - Wait for page load successfully

2018-05-11 13:00:47 - [TEST_STEP][PASSED] - click: Object: 'Object Repository/TF_Customer_Smoke_OpenPage/Sales_Hierarchy_Level/2_Sales Segment' is clicked on

2018-05-11 13:00:51 - [MESSAGE][PASSED] - Object: 'Object Repository/TF_Customer_Smoke_OpenPage/Sales_Hierarchy_Level/2_Sales Segment' is clicked on]]></system-out>
         <system-err><![CDATA[]]></system-err>
      </testcase>
      <testcase name="Test Cases/Smoke_TF_Customer/TC_8_Open_SHL3_Sales_Division" classname="Test Cases/Smoke_TF_Customer/TC_8_Open_SHL3_Sales_Division" status="PASSED">
         <system-out><![CDATA[2018-05-11 13:00:51 - [TEST_CASE][PASSED] - Test Cases/Smoke_TF_Customer/TC_8_Open_SHL3_Sales_Division: Test Cases/Smoke_TF_Customer/TC_8_Open_SHL3_Sales_Division

2018-05-11 13:00:51 - [TEST_STEP][PASSED] - waitForPageLoad: Wait for page load successfully

2018-05-11 13:00:51 - [MESSAGE][PASSED] - Wait for page load successfully

2018-05-11 13:00:51 - [TEST_STEP][PASSED] - click: Object: 'Object Repository/TF_Customer_Smoke_OpenPage/Sales_Hierarchy_Level/3_Sales Division' is clicked on

2018-05-11 13:00:55 - [MESSAGE][PASSED] - Object: 'Object Repository/TF_Customer_Smoke_OpenPage/Sales_Hierarchy_Level/3_Sales Division' is clicked on]]></system-out>
         <system-err><![CDATA[]]></system-err>
      </testcase>
      <testcase name="Test Cases/Smoke_TF_Customer/TC_9_Open_SHL4_Sales_Region" classname="Test Cases/Smoke_TF_Customer/TC_9_Open_SHL4_Sales_Region" status="PASSED">
         <system-out><![CDATA[2018-05-11 13:00:55 - [TEST_CASE][PASSED] - Test Cases/Smoke_TF_Customer/TC_9_Open_SHL4_Sales_Region: Test Cases/Smoke_TF_Customer/TC_9_Open_SHL4_Sales_Region

2018-05-11 13:00:55 - [TEST_STEP][PASSED] - waitForPageLoad: Wait for page load successfully

2018-05-11 13:00:55 - [MESSAGE][PASSED] - Wait for page load successfully

2018-05-11 13:00:55 - [TEST_STEP][PASSED] - click: Object: 'Object Repository/TF_Customer_Smoke_OpenPage/Sales_Hierarchy_Level/4_Sales Region' is clicked on

2018-05-11 13:00:58 - [MESSAGE][PASSED] - Object: 'Object Repository/TF_Customer_Smoke_OpenPage/Sales_Hierarchy_Level/4_Sales Region' is clicked on]]></system-out>
         <system-err><![CDATA[]]></system-err>
      </testcase>
      <testcase name="Test Cases/Smoke_TF_Customer/TC_10_Open_SHL5_Sales_Market" classname="Test Cases/Smoke_TF_Customer/TC_10_Open_SHL5_Sales_Market" status="PASSED">
         <system-out><![CDATA[2018-05-11 13:00:58 - [TEST_CASE][PASSED] - Test Cases/Smoke_TF_Customer/TC_10_Open_SHL5_Sales_Market: Test Cases/Smoke_TF_Customer/TC_10_Open_SHL5_Sales_Market

2018-05-11 13:00:58 - [TEST_STEP][PASSED] - waitForPageLoad: Wait for page load successfully

2018-05-11 13:00:58 - [MESSAGE][PASSED] - Wait for page load successfully

2018-05-11 13:00:58 - [TEST_STEP][PASSED] - click: Object: 'Object Repository/TF_Customer_Smoke_OpenPage/Sales_Hierarchy_Level/5_Sales Market' is clicked on

2018-05-11 13:01:01 - [MESSAGE][PASSED] - Object: 'Object Repository/TF_Customer_Smoke_OpenPage/Sales_Hierarchy_Level/5_Sales Market' is clicked on]]></system-out>
         <system-err><![CDATA[]]></system-err>
      </testcase>
      <testcase name="Test Cases/Smoke_TF_Customer/TC_11_Open_PA_Planning_Account" classname="Test Cases/Smoke_TF_Customer/TC_11_Open_PA_Planning_Account" status="PASSED">
         <system-out><![CDATA[2018-05-11 13:01:01 - [TEST_CASE][PASSED] - Test Cases/Smoke_TF_Customer/TC_11_Open_PA_Planning_Account: Test Cases/Smoke_TF_Customer/TC_11_Open_PA_Planning_Account

2018-05-11 13:01:02 - [TEST_STEP][PASSED] - waitForPageLoad: Wait for page load successfully

2018-05-11 13:01:02 - [MESSAGE][PASSED] - Wait for page load successfully

2018-05-11 13:01:02 - [TEST_STEP][PASSED] - click: Object: 'Object Repository/TF_Customer_Smoke_OpenPage/Planning_Account/1_Planning Account' is clicked on

2018-05-11 13:01:05 - [MESSAGE][PASSED] - Object: 'Object Repository/TF_Customer_Smoke_OpenPage/Planning_Account/1_Planning Account' is clicked on]]></system-out>
         <system-err><![CDATA[]]></system-err>
      </testcase>
      <testcase name="Test Cases/Smoke_TF_Customer/TC_12_Open_PA_Sub_Planning_Account" classname="Test Cases/Smoke_TF_Customer/TC_12_Open_PA_Sub_Planning_Account" status="PASSED">
         <system-out><![CDATA[2018-05-11 13:01:05 - [TEST_CASE][PASSED] - Test Cases/Smoke_TF_Customer/TC_12_Open_PA_Sub_Planning_Account: Test Cases/Smoke_TF_Customer/TC_12_Open_PA_Sub_Planning_Account

2018-05-11 13:01:05 - [TEST_STEP][PASSED] - waitForPageLoad: Wait for page load successfully

2018-05-11 13:01:05 - [MESSAGE][PASSED] - Wait for page load successfully

2018-05-11 13:01:05 - [TEST_STEP][PASSED] - click: Object: 'Object Repository/TF_Customer_Smoke_OpenPage/Planning_Account/2_Sub Planning Account' is clicked on

2018-05-11 13:01:05 - [MESSAGE][PASSED] - Object: 'Object Repository/TF_Customer_Smoke_OpenPage/Planning_Account/2_Sub Planning Account' is clicked on]]></system-out>
         <system-err><![CDATA[]]></system-err>
      </testcase>
      <system-out><![CDATA[2018-05-11 12:59:42 - [TEST_SUITE][PASSED] - Smoke_TF_Customer: Test Cases/Smoke_TF_Customer/TC_12_Open_PA_Sub_Planning_Account]]></system-out>
      <system-err><![CDATA[]]></system-err>
   </testsuite>
</testsuites>
