<?xml version="1.0" encoding="UTF-8"?>
<testsuites name="Open_All_Pages" time="136" tests="9" failures="0" errors="0">
   <testsuite name="Open_All_Pages" tests="9" failures="0" errors="0" time="136" timestamp="2019-05-14 06:20:45" hostname="MSaif - Saif.instepinc.com" id="Test Suites/Open_All_Pages">
      <properties>
         <property name="deviceName" value=""/>
         <property name="devicePlatform" value=""/>
         <property name="logFolder" value="G:\\Katalon\\TF_Product\\Reports\\Open_All_Pages\\20190514_062043"/>
         <property name="logFiles" value="G:\\Katalon\\TF_Product\\Reports\\Open_All_Pages\\20190514_062043\\execution0.log"/>
         <property name="attachments" value=""/>
         <property name="hostName" value="MSaif - Saif.instepinc.com"/>
         <property name="os" value="Windows 10 64bit"/>
         <property name="katalonVersion" value="6.1.4.1"/>
         <property name="browser" value="Chrome 74.0.3729.131"/>
         <property name="hostAddress" value="200.199.80.59"/>
         <property name="sessionId" value="cc6850b3fff850a31d3f222eec67e75d"/>
         <property name="seleniumVersion" value="3.7.1"/>
         <property name="proxyInformation" value="ProxyInformation{proxyOption=NO_PROXY, proxyServerType=HTTP, password=, proxyServerAddress=, proxyServerPort=0}"/>
         <property name="platform" value="Windows 10"/>
      </properties>
      <testcase name="Test Cases/General_Login_Logout/Login" classname="Test Cases/General_Login_Logout/Login" status="PASSED">
         <system-out><![CDATA[2019-05-14 06:20:45 - [TEST_CASE][PASSED] - Test Cases/General_Login_Logout/Login: Test Cases/General_Login_Logout/Login

2019-05-14 06:20:45 - [TEST_STEP][PASSED] - com.oracledb.regressiontest.LoginTFProduct(User, Password): com.oracledb.regressiontest.LoginTFProduct is PASSED

2019-05-14 06:20:46 - [MESSAGE][INFO] - Starting 'Chrome' driver

2019-05-14 06:20:46 - [MESSAGE][INFO] - Action delay is set to 0 seconds

2019-05-14 06:20:50 - [MESSAGE][PASSED] - Browser is opened with url: ''

2019-05-14 06:20:50 - [MESSAGE][PASSED] - Wait for page load successfully

2019-05-14 06:20:51 - [MESSAGE][PASSED] - Current window maximized

2019-05-14 06:20:56 - [MESSAGE][PASSED] - Navigate to 'https://52.6.78.242:7008/e360/com.informatica.tools.mdm.web.auth/login' successfully

2019-05-14 06:20:56 - [MESSAGE][PASSED] - Text 'jiwani_sm' is set on object 'Object Repository/Page_ Login/Txt_Username'

2019-05-14 06:20:56 - [MESSAGE][PASSED] - Text '12345678' is set on object 'Object Repository/Page_ Login/Txt_Password'

2019-05-14 06:20:56 - [MESSAGE][PASSED] - Object: 'Object Repository/Page_ Login/Btn_Login' is clicked on

2019-05-14 06:20:56 - [MESSAGE][PASSED] - Wait for page load successfully

2019-05-14 06:21:04 - [MESSAGE][PASSED] - Object: 'Object Repository/Page_ Login/Project_Selection/div_Trade Funds Product' is clicked on

2019-05-14 06:21:05 - [MESSAGE][PASSED] - Delayed 1 second(s)

2019-05-14 06:21:05 - [MESSAGE][PASSED] - com.oracledb.regressiontest.LoginTFProduct is PASSED]]></system-out>
         <system-err><![CDATA[]]></system-err>
      </testcase>
      <testcase name="Test Cases/Regression_TF_Product/Open_Pages/TC_1_Open_JMS_Sales_Organisation" classname="Test Cases/Regression_TF_Product/Open_Pages/TC_1_Open_JMS_Sales_Organisation" status="PASSED">
         <system-out><![CDATA[2019-05-14 06:21:05 - [TEST_CASE][PASSED] - Test Cases/Regression_TF_Product/Open_Pages/TC_1_Open_JMS_Sales_Organisation: Test Cases/Regression_TF_Product/Open_Pages/TC_1_Open_JMS_Sales_Organisation

2019-05-14 06:21:05 - [TEST_STEP][PASSED] - delay(6): Delayed 6 second(s)

2019-05-14 06:21:11 - [MESSAGE][PASSED] - Delayed 6 second(s)

2019-05-14 06:21:11 - [TEST_STEP][PASSED] - mouseOver(findTestObject("TF_Customer_Create/1_Menu_Navigation_To_Open_All_Pages/0_Menu_Create_In_Data_View")): Object: 'Object Repository/TF_Customer_Create/1_Menu_Navigation_To_Open_All_Pages/0_Menu_Create_In_Data_View' is hovered

2019-05-14 06:21:14 - [MESSAGE][PASSED] - Object: 'Object Repository/TF_Customer_Create/1_Menu_Navigation_To_Open_All_Pages/0_Menu_Create_In_Data_View' is hovered

2019-05-14 06:21:14 - [TEST_STEP][PASSED] - delay(3): Delayed 3 second(s)

2019-05-14 06:21:17 - [MESSAGE][PASSED] - Delayed 3 second(s)

2019-05-14 06:21:17 - [TEST_STEP][PASSED] - mouseOver(findTestObject("TF_Customer_Create/1_Menu_Navigation_To_Open_All_Pages/1_Menu_Create_Master_Data")): Object: 'Object Repository/TF_Customer_Create/1_Menu_Navigation_To_Open_All_Pages/1_Menu_Create_Master_Data' is hovered

2019-05-14 06:21:18 - [MESSAGE][PASSED] - Object: 'Object Repository/TF_Customer_Create/1_Menu_Navigation_To_Open_All_Pages/1_Menu_Create_Master_Data' is hovered

2019-05-14 06:21:18 - [TEST_STEP][PASSED] - delay(3): Delayed 3 second(s)

2019-05-14 06:21:21 - [MESSAGE][PASSED] - Delayed 3 second(s)

2019-05-14 06:21:21 - [TEST_STEP][PASSED] - click(findTestObject("TF_Customer_Create/2_Select_Menu_Options(All)/1_Menu_JMS_Sales_Organisation")): Object: 'Object Repository/TF_Customer_Create/2_Select_Menu_Options(All)/1_Menu_JMS_Sales_Organisation' is clicked on

2019-05-14 06:21:21 - [MESSAGE][PASSED] - Object: 'Object Repository/TF_Customer_Create/2_Select_Menu_Options(All)/1_Menu_JMS_Sales_Organisation' is clicked on

2019-05-14 06:21:21 - [TEST_STEP][PASSED] - waitForPageLoad(G_Timeout): Wait for page load successfully

2019-05-14 06:21:21 - [MESSAGE][PASSED] - Wait for page load successfully

2019-05-14 06:21:21 - [TEST_STEP][PASSED] - delay(3): Delayed 3 second(s)

2019-05-14 06:21:24 - [MESSAGE][PASSED] - Delayed 3 second(s)]]></system-out>
         <system-err><![CDATA[]]></system-err>
      </testcase>
      <testcase name="Test Cases/Regression_TF_Product/Open_Pages/TC_2-1_Total_Company" classname="Test Cases/Regression_TF_Product/Open_Pages/TC_2-1_Total_Company" status="PASSED">
         <system-out><![CDATA[2019-05-14 06:21:24 - [TEST_CASE][PASSED] - Test Cases/Regression_TF_Product/Open_Pages/TC_2-1_Total_Company: Test Cases/Regression_TF_Product/Open_Pages/TC_2-1_Total_Company

2019-05-14 06:21:24 - [TEST_STEP][PASSED] - waitForPageLoad(G_Timeout): Wait for page load successfully

2019-05-14 06:21:29 - [MESSAGE][PASSED] - Wait for page load successfully

2019-05-14 06:21:29 - [TEST_STEP][PASSED] - mouseOver(findTestObject("TF_Customer_Create/1_Menu_Navigation_To_Open_All_Pages/0_Menu_Create_In_Data_View")): Object: 'Object Repository/TF_Customer_Create/1_Menu_Navigation_To_Open_All_Pages/0_Menu_Create_In_Data_View' is hovered

2019-05-14 06:21:29 - [MESSAGE][PASSED] - Object: 'Object Repository/TF_Customer_Create/1_Menu_Navigation_To_Open_All_Pages/0_Menu_Create_In_Data_View' is hovered

2019-05-14 06:21:29 - [TEST_STEP][PASSED] - delay(3): Delayed 3 second(s)

2019-05-14 06:21:32 - [MESSAGE][PASSED] - Delayed 3 second(s)

2019-05-14 06:21:32 - [TEST_STEP][PASSED] - mouseOver(findTestObject("TF_Customer_Create/1_Menu_Navigation_To_Open_All_Pages/1_Menu_Create_Master_Data")): Object: 'Object Repository/TF_Customer_Create/1_Menu_Navigation_To_Open_All_Pages/1_Menu_Create_Master_Data' is hovered

2019-05-14 06:21:32 - [MESSAGE][PASSED] - Object: 'Object Repository/TF_Customer_Create/1_Menu_Navigation_To_Open_All_Pages/1_Menu_Create_Master_Data' is hovered

2019-05-14 06:21:32 - [TEST_STEP][PASSED] - delay(3): Delayed 3 second(s)

2019-05-14 06:21:35 - [MESSAGE][PASSED] - Delayed 3 second(s)

2019-05-14 06:21:35 - [TEST_STEP][PASSED] - mouseOver(findTestObject("TF_Customer_Create/1_Menu_Navigation_To_Open_All_Pages/2_Product_Hierarchy_Level,_Hoverover_Option")): Object: 'Object Repository/TF_Customer_Create/1_Menu_Navigation_To_Open_All_Pages/2_Product_Hierarchy_Level,_Hoverover_Option' is hovered

2019-05-14 06:21:35 - [MESSAGE][PASSED] - Object: 'Object Repository/TF_Customer_Create/1_Menu_Navigation_To_Open_All_Pages/2_Product_Hierarchy_Level,_Hoverover_Option' is hovered

2019-05-14 06:21:35 - [TEST_STEP][PASSED] - delay(2): Delayed 2 second(s)

2019-05-14 06:21:37 - [MESSAGE][PASSED] - Delayed 2 second(s)

2019-05-14 06:21:37 - [TEST_STEP][PASSED] - click(findTestObject("TF_Customer_Create/2_Select_Menu_Options(All)/Product Hierarchy Level/td_total_company")): Object: 'Object Repository/TF_Customer_Create/2_Select_Menu_Options(All)/Product Hierarchy Level/td_total_company' is clicked on

2019-05-14 06:21:37 - [MESSAGE][PASSED] - Object: 'Object Repository/TF_Customer_Create/2_Select_Menu_Options(All)/Product Hierarchy Level/td_total_company' is clicked on

2019-05-14 06:21:37 - [TEST_STEP][PASSED] - waitForPageLoad(G_Timeout): Wait for page load successfully

2019-05-14 06:21:37 - [MESSAGE][PASSED] - Wait for page load successfully

2019-05-14 06:21:37 - [TEST_STEP][PASSED] - delay(3): Delayed 3 second(s)

2019-05-14 06:21:40 - [MESSAGE][PASSED] - Delayed 3 second(s)]]></system-out>
         <system-err><![CDATA[]]></system-err>
      </testcase>
      <testcase name="Test Cases/Regression_TF_Product/Open_Pages/TC_2-2_Product_Summary" classname="Test Cases/Regression_TF_Product/Open_Pages/TC_2-2_Product_Summary" status="PASSED">
         <system-out><![CDATA[2019-05-14 06:21:40 - [TEST_CASE][PASSED] - Test Cases/Regression_TF_Product/Open_Pages/TC_2-2_Product_Summary: Test Cases/Regression_TF_Product/Open_Pages/TC_2-2_Product_Summary

2019-05-14 06:21:40 - [TEST_STEP][PASSED] - waitForPageLoad(G_Timeout): Wait for page load successfully

2019-05-14 06:21:40 - [MESSAGE][PASSED] - Wait for page load successfully

2019-05-14 06:21:40 - [TEST_STEP][PASSED] - mouseOver(findTestObject("TF_Customer_Create/1_Menu_Navigation_To_Open_All_Pages/0_Menu_Create_In_Data_View")): Object: 'Object Repository/TF_Customer_Create/1_Menu_Navigation_To_Open_All_Pages/0_Menu_Create_In_Data_View' is hovered

2019-05-14 06:21:40 - [MESSAGE][PASSED] - Object: 'Object Repository/TF_Customer_Create/1_Menu_Navigation_To_Open_All_Pages/0_Menu_Create_In_Data_View' is hovered

2019-05-14 06:21:40 - [TEST_STEP][PASSED] - delay(3): Delayed 3 second(s)

2019-05-14 06:21:43 - [MESSAGE][PASSED] - Delayed 3 second(s)

2019-05-14 06:21:43 - [TEST_STEP][PASSED] - mouseOver(findTestObject("TF_Customer_Create/1_Menu_Navigation_To_Open_All_Pages/1_Menu_Create_Master_Data")): Object: 'Object Repository/TF_Customer_Create/1_Menu_Navigation_To_Open_All_Pages/1_Menu_Create_Master_Data' is hovered

2019-05-14 06:21:43 - [MESSAGE][PASSED] - Object: 'Object Repository/TF_Customer_Create/1_Menu_Navigation_To_Open_All_Pages/1_Menu_Create_Master_Data' is hovered

2019-05-14 06:21:43 - [TEST_STEP][PASSED] - delay(3): Delayed 3 second(s)

2019-05-14 06:21:46 - [MESSAGE][PASSED] - Delayed 3 second(s)

2019-05-14 06:21:46 - [TEST_STEP][PASSED] - mouseOver(findTestObject("TF_Customer_Create/1_Menu_Navigation_To_Open_All_Pages/2_Product_Hierarchy_Level,_Hoverover_Option")): Object: 'Object Repository/TF_Customer_Create/1_Menu_Navigation_To_Open_All_Pages/2_Product_Hierarchy_Level,_Hoverover_Option' is hovered

2019-05-14 06:21:46 - [MESSAGE][PASSED] - Object: 'Object Repository/TF_Customer_Create/1_Menu_Navigation_To_Open_All_Pages/2_Product_Hierarchy_Level,_Hoverover_Option' is hovered

2019-05-14 06:21:46 - [TEST_STEP][PASSED] - delay(2): Delayed 2 second(s)

2019-05-14 06:21:48 - [MESSAGE][PASSED] - Delayed 2 second(s)

2019-05-14 06:21:48 - [TEST_STEP][PASSED] - click(findTestObject("TF_Customer_Create/2_Select_Menu_Options(All)/Product Hierarchy Level/td_Product_summary")): Object: 'Object Repository/TF_Customer_Create/2_Select_Menu_Options(All)/Product Hierarchy Level/td_Product_summary' is clicked on

2019-05-14 06:21:49 - [MESSAGE][PASSED] - Object: 'Object Repository/TF_Customer_Create/2_Select_Menu_Options(All)/Product Hierarchy Level/td_Product_summary' is clicked on

2019-05-14 06:21:49 - [TEST_STEP][PASSED] - waitForPageLoad(G_Timeout): Wait for page load successfully

2019-05-14 06:21:49 - [MESSAGE][PASSED] - Wait for page load successfully

2019-05-14 06:21:49 - [TEST_STEP][PASSED] - delay(3): Delayed 3 second(s)

2019-05-14 06:21:52 - [MESSAGE][PASSED] - Delayed 3 second(s)]]></system-out>
         <system-err><![CDATA[]]></system-err>
      </testcase>
      <testcase name="Test Cases/Regression_TF_Product/Open_Pages/TC_2-3_Planning_Product" classname="Test Cases/Regression_TF_Product/Open_Pages/TC_2-3_Planning_Product" status="PASSED">
         <system-out><![CDATA[2019-05-14 06:21:52 - [TEST_CASE][PASSED] - Test Cases/Regression_TF_Product/Open_Pages/TC_2-3_Planning_Product: Test Cases/Regression_TF_Product/Open_Pages/TC_2-3_Planning_Product

2019-05-14 06:21:52 - [TEST_STEP][PASSED] - waitForPageLoad(G_Timeout): Wait for page load successfully

2019-05-14 06:21:52 - [MESSAGE][PASSED] - Wait for page load successfully

2019-05-14 06:21:52 - [TEST_STEP][PASSED] - mouseOver(findTestObject("TF_Customer_Create/1_Menu_Navigation_To_Open_All_Pages/0_Menu_Create_In_Data_View")): Object: 'Object Repository/TF_Customer_Create/1_Menu_Navigation_To_Open_All_Pages/0_Menu_Create_In_Data_View' is hovered

2019-05-14 06:21:52 - [MESSAGE][PASSED] - Object: 'Object Repository/TF_Customer_Create/1_Menu_Navigation_To_Open_All_Pages/0_Menu_Create_In_Data_View' is hovered

2019-05-14 06:21:52 - [TEST_STEP][PASSED] - delay(3): Delayed 3 second(s)

2019-05-14 06:21:55 - [MESSAGE][PASSED] - Delayed 3 second(s)

2019-05-14 06:21:55 - [TEST_STEP][PASSED] - mouseOver(findTestObject("TF_Customer_Create/1_Menu_Navigation_To_Open_All_Pages/1_Menu_Create_Master_Data")): Object: 'Object Repository/TF_Customer_Create/1_Menu_Navigation_To_Open_All_Pages/1_Menu_Create_Master_Data' is hovered

2019-05-14 06:21:55 - [MESSAGE][PASSED] - Object: 'Object Repository/TF_Customer_Create/1_Menu_Navigation_To_Open_All_Pages/1_Menu_Create_Master_Data' is hovered

2019-05-14 06:21:55 - [TEST_STEP][PASSED] - delay(3): Delayed 3 second(s)

2019-05-14 06:21:58 - [MESSAGE][PASSED] - Delayed 3 second(s)

2019-05-14 06:21:58 - [TEST_STEP][PASSED] - mouseOver(findTestObject("TF_Customer_Create/1_Menu_Navigation_To_Open_All_Pages/2_Product_Hierarchy_Level,_Hoverover_Option")): Object: 'Object Repository/TF_Customer_Create/1_Menu_Navigation_To_Open_All_Pages/2_Product_Hierarchy_Level,_Hoverover_Option' is hovered

2019-05-14 06:21:58 - [MESSAGE][PASSED] - Object: 'Object Repository/TF_Customer_Create/1_Menu_Navigation_To_Open_All_Pages/2_Product_Hierarchy_Level,_Hoverover_Option' is hovered

2019-05-14 06:21:58 - [TEST_STEP][PASSED] - delay(2): Delayed 2 second(s)

2019-05-14 06:22:00 - [MESSAGE][PASSED] - Delayed 2 second(s)

2019-05-14 06:22:00 - [TEST_STEP][PASSED] - click(findTestObject("TF_Customer_Create/2_Select_Menu_Options(All)/Product Hierarchy Level/td_Planning_product")): Object: 'Object Repository/TF_Customer_Create/2_Select_Menu_Options(All)/Product Hierarchy Level/td_Planning_product' is clicked on

2019-05-14 06:22:00 - [MESSAGE][PASSED] - Object: 'Object Repository/TF_Customer_Create/2_Select_Menu_Options(All)/Product Hierarchy Level/td_Planning_product' is clicked on

2019-05-14 06:22:00 - [TEST_STEP][PASSED] - waitForPageLoad(G_Timeout): Wait for page load successfully

2019-05-14 06:22:00 - [MESSAGE][PASSED] - Wait for page load successfully

2019-05-14 06:22:00 - [TEST_STEP][PASSED] - delay(3): Delayed 3 second(s)

2019-05-14 06:22:03 - [MESSAGE][PASSED] - Delayed 3 second(s)]]></system-out>
         <system-err><![CDATA[]]></system-err>
      </testcase>
      <testcase name="Test Cases/Regression_TF_Product/Open_Pages/TC_2-4_Sub_Planning_Product" classname="Test Cases/Regression_TF_Product/Open_Pages/TC_2-4_Sub_Planning_Product" status="PASSED">
         <system-out><![CDATA[2019-05-14 06:22:03 - [TEST_CASE][PASSED] - Test Cases/Regression_TF_Product/Open_Pages/TC_2-4_Sub_Planning_Product: Test Cases/Regression_TF_Product/Open_Pages/TC_2-4_Sub_Planning_Product

2019-05-14 06:22:03 - [TEST_STEP][PASSED] - waitForPageLoad(G_Timeout): Wait for page load successfully

2019-05-14 06:22:03 - [MESSAGE][PASSED] - Wait for page load successfully

2019-05-14 06:22:03 - [TEST_STEP][PASSED] - mouseOver(findTestObject("TF_Customer_Create/1_Menu_Navigation_To_Open_All_Pages/0_Menu_Create_In_Data_View")): Object: 'Object Repository/TF_Customer_Create/1_Menu_Navigation_To_Open_All_Pages/0_Menu_Create_In_Data_View' is hovered

2019-05-14 06:22:03 - [MESSAGE][PASSED] - Object: 'Object Repository/TF_Customer_Create/1_Menu_Navigation_To_Open_All_Pages/0_Menu_Create_In_Data_View' is hovered

2019-05-14 06:22:03 - [TEST_STEP][PASSED] - delay(4): Delayed 4 second(s)

2019-05-14 06:22:07 - [MESSAGE][PASSED] - Delayed 4 second(s)

2019-05-14 06:22:07 - [TEST_STEP][PASSED] - mouseOver(findTestObject("TF_Customer_Create/1_Menu_Navigation_To_Open_All_Pages/1_Menu_Create_Master_Data")): Object: 'Object Repository/TF_Customer_Create/1_Menu_Navigation_To_Open_All_Pages/1_Menu_Create_Master_Data' is hovered

2019-05-14 06:22:07 - [MESSAGE][PASSED] - Object: 'Object Repository/TF_Customer_Create/1_Menu_Navigation_To_Open_All_Pages/1_Menu_Create_Master_Data' is hovered

2019-05-14 06:22:07 - [TEST_STEP][PASSED] - delay(3): Delayed 3 second(s)

2019-05-14 06:22:10 - [MESSAGE][PASSED] - Delayed 3 second(s)

2019-05-14 06:22:10 - [TEST_STEP][PASSED] - mouseOver(findTestObject("TF_Customer_Create/1_Menu_Navigation_To_Open_All_Pages/2_Product_Hierarchy_Level,_Hoverover_Option")): Object: 'Object Repository/TF_Customer_Create/1_Menu_Navigation_To_Open_All_Pages/2_Product_Hierarchy_Level,_Hoverover_Option' is hovered

2019-05-14 06:22:10 - [MESSAGE][PASSED] - Object: 'Object Repository/TF_Customer_Create/1_Menu_Navigation_To_Open_All_Pages/2_Product_Hierarchy_Level,_Hoverover_Option' is hovered

2019-05-14 06:22:10 - [TEST_STEP][PASSED] - delay(2): Delayed 2 second(s)

2019-05-14 06:22:12 - [MESSAGE][PASSED] - Delayed 2 second(s)

2019-05-14 06:22:12 - [TEST_STEP][PASSED] - click(findTestObject("TF_Customer_Create/2_Select_Menu_Options(All)/Product Hierarchy Level/td_Sub_Planning_Product")): Object: 'Object Repository/TF_Customer_Create/2_Select_Menu_Options(All)/Product Hierarchy Level/td_Sub_Planning_Product' is clicked on

2019-05-14 06:22:12 - [MESSAGE][PASSED] - Object: 'Object Repository/TF_Customer_Create/2_Select_Menu_Options(All)/Product Hierarchy Level/td_Sub_Planning_Product' is clicked on

2019-05-14 06:22:12 - [TEST_STEP][PASSED] - waitForPageLoad(G_Timeout): Wait for page load successfully

2019-05-14 06:22:12 - [MESSAGE][PASSED] - Wait for page load successfully

2019-05-14 06:22:12 - [TEST_STEP][PASSED] - delay(3): Delayed 3 second(s)

2019-05-14 06:22:15 - [MESSAGE][PASSED] - Delayed 3 second(s)]]></system-out>
         <system-err><![CDATA[]]></system-err>
      </testcase>
      <testcase name="Test Cases/Regression_TF_Product/Open_Pages/TC_3_Open_Product_Visibility_list" classname="Test Cases/Regression_TF_Product/Open_Pages/TC_3_Open_Product_Visibility_list" status="PASSED">
         <system-out><![CDATA[2019-05-14 06:22:15 - [TEST_CASE][PASSED] - Test Cases/Regression_TF_Product/Open_Pages/TC_3_Open_Product_Visibility_list: Test Cases/Regression_TF_Product/Open_Pages/TC_3_Open_Product_Visibility_list

2019-05-14 06:22:15 - [TEST_STEP][PASSED] - delay(6): Delayed 6 second(s)

2019-05-14 06:22:21 - [MESSAGE][PASSED] - Delayed 6 second(s)

2019-05-14 06:22:21 - [TEST_STEP][PASSED] - mouseOver(findTestObject("TF_Customer_Create/1_Menu_Navigation_To_Open_All_Pages/0_Menu_Create_In_Data_View")): Object: 'Object Repository/TF_Customer_Create/1_Menu_Navigation_To_Open_All_Pages/0_Menu_Create_In_Data_View' is hovered

2019-05-14 06:22:22 - [MESSAGE][PASSED] - Object: 'Object Repository/TF_Customer_Create/1_Menu_Navigation_To_Open_All_Pages/0_Menu_Create_In_Data_View' is hovered

2019-05-14 06:22:22 - [TEST_STEP][PASSED] - delay(3): Delayed 3 second(s)

2019-05-14 06:22:25 - [MESSAGE][PASSED] - Delayed 3 second(s)

2019-05-14 06:22:25 - [TEST_STEP][PASSED] - mouseOver(findTestObject("TF_Customer_Create/1_Menu_Navigation_To_Open_All_Pages/1_Menu_Create_Master_Data")): Object: 'Object Repository/TF_Customer_Create/1_Menu_Navigation_To_Open_All_Pages/1_Menu_Create_Master_Data' is hovered

2019-05-14 06:22:25 - [MESSAGE][PASSED] - Object: 'Object Repository/TF_Customer_Create/1_Menu_Navigation_To_Open_All_Pages/1_Menu_Create_Master_Data' is hovered

2019-05-14 06:22:25 - [TEST_STEP][PASSED] - delay(3): Delayed 3 second(s)

2019-05-14 06:22:28 - [MESSAGE][PASSED] - Delayed 3 second(s)

2019-05-14 06:22:28 - [TEST_STEP][PASSED] - click(findTestObject("TF_Customer_Create/2_Select_Menu_Options(All)/3_Menu_Product_Visibility_list")): Object: 'Object Repository/TF_Customer_Create/2_Select_Menu_Options(All)/3_Menu_Product_Visibility_list' is clicked on

2019-05-14 06:22:28 - [MESSAGE][PASSED] - Object: 'Object Repository/TF_Customer_Create/2_Select_Menu_Options(All)/3_Menu_Product_Visibility_list' is clicked on

2019-05-14 06:22:28 - [TEST_STEP][PASSED] - waitForPageLoad(G_Timeout): Wait for page load successfully

2019-05-14 06:22:28 - [MESSAGE][PASSED] - Wait for page load successfully

2019-05-14 06:22:28 - [TEST_STEP][PASSED] - delay(5): Delayed 5 second(s)

2019-05-14 06:22:33 - [MESSAGE][PASSED] - Delayed 5 second(s)]]></system-out>
         <system-err><![CDATA[]]></system-err>
      </testcase>
      <testcase name="Test Cases/Regression_TF_Product/Open_Pages/TC_4_Open_Adjustable_Rate_Policy" classname="Test Cases/Regression_TF_Product/Open_Pages/TC_4_Open_Adjustable_Rate_Policy" status="PASSED">
         <system-out><![CDATA[2019-05-14 06:22:33 - [TEST_CASE][PASSED] - Test Cases/Regression_TF_Product/Open_Pages/TC_4_Open_Adjustable_Rate_Policy: Test Cases/Regression_TF_Product/Open_Pages/TC_4_Open_Adjustable_Rate_Policy

2019-05-14 06:22:33 - [TEST_STEP][PASSED] - delay(6): Delayed 6 second(s)

2019-05-14 06:22:39 - [MESSAGE][PASSED] - Delayed 6 second(s)

2019-05-14 06:22:39 - [TEST_STEP][PASSED] - mouseOver(findTestObject("TF_Customer_Create/1_Menu_Navigation_To_Open_All_Pages/0_Menu_Create_In_Data_View")): Object: 'Object Repository/TF_Customer_Create/1_Menu_Navigation_To_Open_All_Pages/0_Menu_Create_In_Data_View' is hovered

2019-05-14 06:22:39 - [MESSAGE][PASSED] - Object: 'Object Repository/TF_Customer_Create/1_Menu_Navigation_To_Open_All_Pages/0_Menu_Create_In_Data_View' is hovered

2019-05-14 06:22:39 - [TEST_STEP][PASSED] - waitForPageLoad(G_Timeout): Wait for page load successfully

2019-05-14 06:22:39 - [MESSAGE][PASSED] - Wait for page load successfully

2019-05-14 06:22:39 - [TEST_STEP][PASSED] - mouseOver(findTestObject("TF_Customer_Create/1_Menu_Navigation_To_Open_All_Pages/1_Menu_Create_Master_Data")): Object: 'Object Repository/TF_Customer_Create/1_Menu_Navigation_To_Open_All_Pages/1_Menu_Create_Master_Data' is hovered

2019-05-14 06:22:39 - [MESSAGE][PASSED] - Object: 'Object Repository/TF_Customer_Create/1_Menu_Navigation_To_Open_All_Pages/1_Menu_Create_Master_Data' is hovered

2019-05-14 06:22:39 - [TEST_STEP][PASSED] - waitForPageLoad(G_Timeout): Wait for page load successfully

2019-05-14 06:22:39 - [MESSAGE][PASSED] - Wait for page load successfully

2019-05-14 06:22:39 - [TEST_STEP][PASSED] - click(findTestObject("TF_Customer_Create/2_Select_Menu_Options(All)/4_Menu_Adjustable_rate_policy")): Object: 'Object Repository/TF_Customer_Create/2_Select_Menu_Options(All)/4_Menu_Adjustable_rate_policy' is clicked on

2019-05-14 06:22:40 - [MESSAGE][PASSED] - Object: 'Object Repository/TF_Customer_Create/2_Select_Menu_Options(All)/4_Menu_Adjustable_rate_policy' is clicked on

2019-05-14 06:22:40 - [TEST_STEP][PASSED] - waitForPageLoad(G_Timeout): Wait for page load successfully

2019-05-14 06:22:40 - [MESSAGE][PASSED] - Wait for page load successfully

2019-05-14 06:22:40 - [TEST_STEP][PASSED] - delay(5): Delayed 5 second(s)

2019-05-14 06:22:45 - [MESSAGE][PASSED] - Delayed 5 second(s)]]></system-out>
         <system-err><![CDATA[]]></system-err>
      </testcase>
      <testcase name="Test Cases/General_Login_Logout/Logout" classname="Test Cases/General_Login_Logout/Logout" status="PASSED">
         <system-out><![CDATA[2019-05-14 06:22:45 - [TEST_CASE][PASSED] - Test Cases/General_Login_Logout/Logout: Test Cases/General_Login_Logout/Logout

2019-05-14 06:22:45 - [TEST_STEP][PASSED] - com.oracledb.regressiontest.logoutTFProduct(): com.oracledb.regressiontest.logoutTFProduct is PASSED

2019-05-14 06:22:45 - [MESSAGE][PASSED] - Wait for page load successfully

2019-05-14 06:22:45 - [MESSAGE][PASSED] - Object: 'Object Repository/TF_Product_Open_Pages/Page_Informatica MDM/td_Jiwani DS' is hovered using offset x = 5 and y = 5

2019-05-14 06:22:50 - [MESSAGE][PASSED] - Delayed 5 second(s)

2019-05-14 06:22:56 - [MESSAGE][PASSED] - Object: 'Object Repository/TF_Product_Open_Pages/Page_Informatica MDM/a_Log Out' is clicked on

2019-05-14 06:23:01 - [MESSAGE][PASSED] - Delayed 5 second(s)

2019-05-14 06:23:01 - [MESSAGE][PASSED] - com.oracledb.regressiontest.logoutTFProduct is PASSED]]></system-out>
         <system-err><![CDATA[]]></system-err>
      </testcase>
      <system-out><![CDATA[2019-05-14 06:20:45 - [TEST_SUITE][PASSED] - Open_All_Pages: Test Cases/General_Login_Logout/Logout]]></system-out>
      <system-err><![CDATA[]]></system-err>
   </testsuite>
</testsuites>
