<?xml version="1.0" encoding="UTF-8"?>
<testsuites name="Smoke_TF_Customer" time="186" tests="1" failures="5" errors="0">
   <testsuite name="Smoke_TF_Customer" tests="1" failures="5" errors="0" time="186" timestamp="2018-05-11 12:44:54" hostname="Junaid.Tariq - Junaid.instepinc.com" id="Test Suites/Smoke_TF_Customer">
      <properties>
         <property name="deviceName" value=""/>
         <property name="devicePlatform" value=""/>
         <property name="logFolder" value="D:\\Katalon\\Projects\\TF-Customer\\TF-Customer\\Reports\\Smoke_TF_Customer\\20180511_124453"/>
         <property name="logFiles" value="D:\\Katalon\\Projects\\TF-Customer\\TF-Customer\\Reports\\Smoke_TF_Customer\\20180511_124453\\execution0.log"/>
         <property name="attachments" value="D:\\Katalon\\Projects\\TF-Customer\\TF-Customer\\Reports\\Smoke_TF_Customer\\20180511_124453\\1526024752629.png, D:\\Katalon\\Projects\\TF-Customer\\TF-Customer\\Reports\\Smoke_TF_Customer\\20180511_124453\\1526024784524.png, D:\\Katalon\\Projects\\TF-Customer\\TF-Customer\\Reports\\Smoke_TF_Customer\\20180511_124453\\1526024816442.png, D:\\Katalon\\Projects\\TF-Customer\\TF-Customer\\Reports\\Smoke_TF_Customer\\20180511_124453\\1526024848349.png, D:\\Katalon\\Projects\\TF-Customer\\TF-Customer\\Reports\\Smoke_TF_Customer\\20180511_124453\\1526024880183.png"/>
         <property name="hostName" value="Junaid.Tariq - Junaid.instepinc.com"/>
         <property name="os" value="Windows 7 64bit"/>
         <property name="katalonVersion" value="5.4.0.1"/>
         <property name="browser" value="Chrome 66.0.3359.139"/>
         <property name="hostAddress" value="200.199.80.62"/>
         <property name="sessionId" value="e45d8e469b1ea2edb41607311e5c776c"/>
         <property name="seleniumVersion" value="3.7.1"/>
         <property name="proxyInformation" value="ProxyInformation{proxyOption=NO_PROXY, proxyServerType=HTTP, password=, proxyServerAddress=, proxyServerPort=0}"/>
         <property name="platform" value="Windows 7"/>
      </properties>
      <testcase name="Test Cases/General_Login_Logout/TC_1_Login" classname="Test Cases/General_Login_Logout/TC_1_Login" status="PASSED">
         <system-out><![CDATA[2018-05-11 12:44:54 - [TEST_CASE][PASSED] - Test Cases/General_Login_Logout/TC_1_Login: Test Cases/General_Login_Logout/TC_1_Login

2018-05-11 12:44:54 - [TEST_STEP][PASSED] - openBrowser: Browser is opened with url: 'https://52.6.78.242:7008/e360/com.informatica.tools.mdm.web.auth/login'

2018-05-11 12:45:06 - [MESSAGE][PASSED] - Browser is opened with url: 'https://52.6.78.242:7008/e360/com.informatica.tools.mdm.web.auth/login'

2018-05-11 12:45:06 - [TEST_STEP][PASSED] - waitForPageLoad: Wait for page load successfully

2018-05-11 12:45:06 - [MESSAGE][PASSED] - Wait for page load successfully

2018-05-11 12:45:06 - [TEST_STEP][PASSED] - maximizeWindow: Current window maximized

2018-05-11 12:45:07 - [MESSAGE][PASSED] - Current window maximized

2018-05-11 12:45:07 - [TEST_STEP][PASSED] - waitForElementClickable: Object 'Object Repository/Page_ Login/Btn_Login' is clickable

2018-05-11 12:45:07 - [MESSAGE][PASSED] - Object 'Object Repository/Page_ Login/Btn_Login' is clickable

2018-05-11 12:45:07 - [TEST_STEP][PASSED] - setText: Text 'junaid_sm' is set on object 'Object Repository/Page_ Login/Txt_Username'

2018-05-11 12:45:07 - [MESSAGE][PASSED] - Text 'junaid_sm' is set on object 'Object Repository/Page_ Login/Txt_Username'

2018-05-11 12:45:07 - [TEST_STEP][PASSED] - setText: Text 'str0ng_2' is set on object 'Object Repository/Page_ Login/Txt_Password'

2018-05-11 12:45:07 - [MESSAGE][PASSED] - Text 'str0ng_2' is set on object 'Object Repository/Page_ Login/Txt_Password'

2018-05-11 12:45:07 - [TEST_STEP][PASSED] - click: Object: 'Object Repository/Page_ Login/Btn_Login' is clicked on

2018-05-11 12:45:07 - [MESSAGE][PASSED] - Object: 'Object Repository/Page_ Login/Btn_Login' is clicked on

2018-05-11 12:45:07 - [TEST_STEP][PASSED] - waitForPageLoad: Wait for page load successfully

2018-05-11 12:45:07 - [MESSAGE][PASSED] - Wait for page load successfully

2018-05-11 12:45:07 - [TEST_STEP][PASSED] - click: Object: 'Object Repository/Project_Selection/div_Trade Funds Customer' is clicked on

2018-05-11 12:45:18 - [MESSAGE][PASSED] - Object: 'Object Repository/Project_Selection/div_Trade Funds Customer' is clicked on

2018-05-11 12:45:18 - [TEST_STEP][PASSED] - delay: Delayed 2 second(s)

2018-05-11 12:45:21 - [MESSAGE][PASSED] - Delayed 2 second(s)]]></system-out>
         <system-err><![CDATA[]]></system-err>
      </testcase>
      <testcase name="Test Cases/Smoke_TF_Customer/TC_1_Open_Banner" classname="Test Cases/Smoke_TF_Customer/TC_1_Open_Banner" status="FAILED">
         <failure type="FAILED" message="Unable to click on object 'Object Repository/TF_Customer_Smoke_OpenPage/1_Banner' (Root cause: com.kms.katalon.core.webui.exception.WebElementNotFoundException: Web element with id: 'Object Repository/TF_Customer_Smoke_OpenPage/1_Banner' located by 'By.xpath: //td[(text() = 'Banner' or . = 'Banner')]' not found)"/>
         <system-out><![CDATA[2018-05-11 12:45:21 - [TEST_CASE][FAILED] - Test Cases/Smoke_TF_Customer/TC_1_Open_Banner: Test Cases/Smoke_TF_Customer/TC_1_Open_Banner FAILED because (of) Unable to click on object 'Object Repository/TF_Customer_Smoke_OpenPage/1_Banner' (Root cause: com.kms.katalon.core.webui.exception.WebElementNotFoundException: Web element with id: 'Object Repository/TF_Customer_Smoke_OpenPage/1_Banner' located by 'By.xpath: //td[(text() = 'Banner' or . = 'Banner')]' not found)

2018-05-11 12:45:21 - [TEST_STEP][PASSED] - waitForPageLoad: Wait for page load successfully

2018-05-11 12:45:21 - [MESSAGE][PASSED] - Wait for page load successfully

2018-05-11 12:45:21 - [TEST_STEP][FAILED] - click: Unable to click on object 'Object Repository/TF_Customer_Smoke_OpenPage/1_Banner' (Root cause: com.kms.katalon.core.webui.exception.WebElementNotFoundException: Web element with id: 'Object Repository/TF_Customer_Smoke_OpenPage/1_Banner' located by 'By.xpath: //td[(text() = 'Banner' or . = 'Banner')]' not found)

2018-05-11 12:45:52 - [MESSAGE][FAILED] - Unable to click on object 'Object Repository/TF_Customer_Smoke_OpenPage/1_Banner' (Root cause: com.kms.katalon.core.webui.exception.WebElementNotFoundException: Web element with id: 'Object Repository/TF_Customer_Smoke_OpenPage/1_Banner' located by 'By.xpath: //td[(text() = 'Banner' or . = 'Banner')]' not found)
[[ATTACHMENT|D:\\Katalon\\Projects\\TF-Customer\\TF-Customer\\Reports\\Smoke_TF_Customer\\20180511_124453\\1526024752629.png]]]]></system-out>
         <system-err><![CDATA[2018-05-11 12:45:21 - [TEST_CASE][FAILED] - Test Cases/Smoke_TF_Customer/TC_1_Open_Banner: Test Cases/Smoke_TF_Customer/TC_1_Open_Banner FAILED because (of) Unable to click on object 'Object Repository/TF_Customer_Smoke_OpenPage/1_Banner' (Root cause: com.kms.katalon.core.webui.exception.WebElementNotFoundException: Web element with id: 'Object Repository/TF_Customer_Smoke_OpenPage/1_Banner' located by 'By.xpath: //td[(text() = 'Banner' or . = 'Banner')]' not found)]]></system-err>
      </testcase>
      <testcase name="Test Cases/Smoke_TF_Customer/TC_2_Open_RGM_Designated_Baseline" classname="Test Cases/Smoke_TF_Customer/TC_2_Open_RGM_Designated_Baseline" status="FAILED">
         <failure type="FAILED" message="Unable to click on object 'Object Repository/TF_Customer_Smoke_OpenPage/2_RGM Designated Baseline' (Root cause: com.kms.katalon.core.webui.exception.WebElementNotFoundException: Web element with id: 'Object Repository/TF_Customer_Smoke_OpenPage/2_RGM Designated Baseline' located by 'By.xpath: //td[(text() = 'RGM Designated Baseline' or . = 'RGM Designated Baseline')]' not found)"/>
         <system-out><![CDATA[2018-05-11 12:45:52 - [TEST_CASE][FAILED] - Test Cases/Smoke_TF_Customer/TC_2_Open_RGM_Designated_Baseline: Test Cases/Smoke_TF_Customer/TC_2_Open_RGM_Designated_Baseline FAILED because (of) Unable to click on object 'Object Repository/TF_Customer_Smoke_OpenPage/2_RGM Designated Baseline' (Root cause: com.kms.katalon.core.webui.exception.WebElementNotFoundException: Web element with id: 'Object Repository/TF_Customer_Smoke_OpenPage/2_RGM Designated Baseline' located by 'By.xpath: //td[(text() = 'RGM Designated Baseline' or . = 'RGM Designated Baseline')]' not found)

2018-05-11 12:45:53 - [TEST_STEP][PASSED] - waitForPageLoad: Wait for page load successfully

2018-05-11 12:45:53 - [MESSAGE][PASSED] - Wait for page load successfully

2018-05-11 12:45:53 - [TEST_STEP][FAILED] - click: Unable to click on object 'Object Repository/TF_Customer_Smoke_OpenPage/2_RGM Designated Baseline' (Root cause: com.kms.katalon.core.webui.exception.WebElementNotFoundException: Web element with id: 'Object Repository/TF_Customer_Smoke_OpenPage/2_RGM Designated Baseline' located by 'By.xpath: //td[(text() = 'RGM Designated Baseline' or . = 'RGM Designated Baseline')]' not found)

2018-05-11 12:46:24 - [MESSAGE][FAILED] - Unable to click on object 'Object Repository/TF_Customer_Smoke_OpenPage/2_RGM Designated Baseline' (Root cause: com.kms.katalon.core.webui.exception.WebElementNotFoundException: Web element with id: 'Object Repository/TF_Customer_Smoke_OpenPage/2_RGM Designated Baseline' located by 'By.xpath: //td[(text() = 'RGM Designated Baseline' or . = 'RGM Designated Baseline')]' not found)
[[ATTACHMENT|D:\\Katalon\\Projects\\TF-Customer\\TF-Customer\\Reports\\Smoke_TF_Customer\\20180511_124453\\1526024784524.png]]]]></system-out>
         <system-err><![CDATA[2018-05-11 12:45:52 - [TEST_CASE][FAILED] - Test Cases/Smoke_TF_Customer/TC_2_Open_RGM_Designated_Baseline: Test Cases/Smoke_TF_Customer/TC_2_Open_RGM_Designated_Baseline FAILED because (of) Unable to click on object 'Object Repository/TF_Customer_Smoke_OpenPage/2_RGM Designated Baseline' (Root cause: com.kms.katalon.core.webui.exception.WebElementNotFoundException: Web element with id: 'Object Repository/TF_Customer_Smoke_OpenPage/2_RGM Designated Baseline' located by 'By.xpath: //td[(text() = 'RGM Designated Baseline' or . = 'RGM Designated Baseline')]' not found)]]></system-err>
      </testcase>
      <testcase name="Test Cases/Smoke_TF_Customer/TC_3_Open_JMS_Sales_Org" classname="Test Cases/Smoke_TF_Customer/TC_3_Open_JMS_Sales_Org" status="FAILED">
         <failure type="FAILED" message="Unable to click on object 'Object Repository/TF_Customer_Smoke_OpenPage/3_JMS Sales Organizations' (Root cause: com.kms.katalon.core.webui.exception.WebElementNotFoundException: Web element with id: 'Object Repository/TF_Customer_Smoke_OpenPage/3_JMS Sales Organizations' located by 'By.xpath: //td[(text() = 'JMS Sales Organizations' or . = 'JMS Sales Organizations')]' not found)"/>
         <system-out><![CDATA[2018-05-11 12:46:24 - [TEST_CASE][FAILED] - Test Cases/Smoke_TF_Customer/TC_3_Open_JMS_Sales_Org: Test Cases/Smoke_TF_Customer/TC_3_Open_JMS_Sales_Org FAILED because (of) Unable to click on object 'Object Repository/TF_Customer_Smoke_OpenPage/3_JMS Sales Organizations' (Root cause: com.kms.katalon.core.webui.exception.WebElementNotFoundException: Web element with id: 'Object Repository/TF_Customer_Smoke_OpenPage/3_JMS Sales Organizations' located by 'By.xpath: //td[(text() = 'JMS Sales Organizations' or . = 'JMS Sales Organizations')]' not found)

2018-05-11 12:46:24 - [TEST_STEP][PASSED] - waitForPageLoad: Wait for page load successfully

2018-05-11 12:46:24 - [MESSAGE][PASSED] - Wait for page load successfully

2018-05-11 12:46:24 - [TEST_STEP][FAILED] - click: Unable to click on object 'Object Repository/TF_Customer_Smoke_OpenPage/3_JMS Sales Organizations' (Root cause: com.kms.katalon.core.webui.exception.WebElementNotFoundException: Web element with id: 'Object Repository/TF_Customer_Smoke_OpenPage/3_JMS Sales Organizations' located by 'By.xpath: //td[(text() = 'JMS Sales Organizations' or . = 'JMS Sales Organizations')]' not found)

2018-05-11 12:46:56 - [MESSAGE][FAILED] - Unable to click on object 'Object Repository/TF_Customer_Smoke_OpenPage/3_JMS Sales Organizations' (Root cause: com.kms.katalon.core.webui.exception.WebElementNotFoundException: Web element with id: 'Object Repository/TF_Customer_Smoke_OpenPage/3_JMS Sales Organizations' located by 'By.xpath: //td[(text() = 'JMS Sales Organizations' or . = 'JMS Sales Organizations')]' not found)
[[ATTACHMENT|D:\\Katalon\\Projects\\TF-Customer\\TF-Customer\\Reports\\Smoke_TF_Customer\\20180511_124453\\1526024816442.png]]]]></system-out>
         <system-err><![CDATA[2018-05-11 12:46:24 - [TEST_CASE][FAILED] - Test Cases/Smoke_TF_Customer/TC_3_Open_JMS_Sales_Org: Test Cases/Smoke_TF_Customer/TC_3_Open_JMS_Sales_Org FAILED because (of) Unable to click on object 'Object Repository/TF_Customer_Smoke_OpenPage/3_JMS Sales Organizations' (Root cause: com.kms.katalon.core.webui.exception.WebElementNotFoundException: Web element with id: 'Object Repository/TF_Customer_Smoke_OpenPage/3_JMS Sales Organizations' located by 'By.xpath: //td[(text() = 'JMS Sales Organizations' or . = 'JMS Sales Organizations')]' not found)]]></system-err>
      </testcase>
      <testcase name="Test Cases/Smoke_TF_Customer/TC_4_Open_Consumption_Baseline_Source" classname="Test Cases/Smoke_TF_Customer/TC_4_Open_Consumption_Baseline_Source" status="FAILED">
         <failure type="FAILED" message="Unable to click on object 'Object Repository/TF_Customer_Smoke_OpenPage/4_Consumption Baseline Source' (Root cause: com.kms.katalon.core.webui.exception.WebElementNotFoundException: Web element with id: 'Object Repository/TF_Customer_Smoke_OpenPage/4_Consumption Baseline Source' located by 'By.xpath: //td[(text() = 'Consumption Baseline Source' or . = 'Consumption Baseline Source')]' not found)"/>
         <system-out><![CDATA[2018-05-11 12:46:56 - [TEST_CASE][FAILED] - Test Cases/Smoke_TF_Customer/TC_4_Open_Consumption_Baseline_Source: Test Cases/Smoke_TF_Customer/TC_4_Open_Consumption_Baseline_Source FAILED because (of) Unable to click on object 'Object Repository/TF_Customer_Smoke_OpenPage/4_Consumption Baseline Source' (Root cause: com.kms.katalon.core.webui.exception.WebElementNotFoundException: Web element with id: 'Object Repository/TF_Customer_Smoke_OpenPage/4_Consumption Baseline Source' located by 'By.xpath: //td[(text() = 'Consumption Baseline Source' or . = 'Consumption Baseline Source')]' not found)

2018-05-11 12:46:56 - [TEST_STEP][PASSED] - waitForPageLoad: Wait for page load successfully

2018-05-11 12:46:56 - [MESSAGE][PASSED] - Wait for page load successfully

2018-05-11 12:46:56 - [TEST_STEP][FAILED] - click: Unable to click on object 'Object Repository/TF_Customer_Smoke_OpenPage/4_Consumption Baseline Source' (Root cause: com.kms.katalon.core.webui.exception.WebElementNotFoundException: Web element with id: 'Object Repository/TF_Customer_Smoke_OpenPage/4_Consumption Baseline Source' located by 'By.xpath: //td[(text() = 'Consumption Baseline Source' or . = 'Consumption Baseline Source')]' not found)

2018-05-11 12:47:28 - [MESSAGE][FAILED] - Unable to click on object 'Object Repository/TF_Customer_Smoke_OpenPage/4_Consumption Baseline Source' (Root cause: com.kms.katalon.core.webui.exception.WebElementNotFoundException: Web element with id: 'Object Repository/TF_Customer_Smoke_OpenPage/4_Consumption Baseline Source' located by 'By.xpath: //td[(text() = 'Consumption Baseline Source' or . = 'Consumption Baseline Source')]' not found)
[[ATTACHMENT|D:\\Katalon\\Projects\\TF-Customer\\TF-Customer\\Reports\\Smoke_TF_Customer\\20180511_124453\\1526024848349.png]]]]></system-out>
         <system-err><![CDATA[2018-05-11 12:46:56 - [TEST_CASE][FAILED] - Test Cases/Smoke_TF_Customer/TC_4_Open_Consumption_Baseline_Source: Test Cases/Smoke_TF_Customer/TC_4_Open_Consumption_Baseline_Source FAILED because (of) Unable to click on object 'Object Repository/TF_Customer_Smoke_OpenPage/4_Consumption Baseline Source' (Root cause: com.kms.katalon.core.webui.exception.WebElementNotFoundException: Web element with id: 'Object Repository/TF_Customer_Smoke_OpenPage/4_Consumption Baseline Source' located by 'By.xpath: //td[(text() = 'Consumption Baseline Source' or . = 'Consumption Baseline Source')]' not found)]]></system-err>
      </testcase>
      <testcase name="Test Cases/Smoke_TF_Customer/TC_5_Open_Corporate_Customer" classname="Test Cases/Smoke_TF_Customer/TC_5_Open_Corporate_Customer" status="FAILED">
         <failure type="FAILED" message="Unable to click on object 'Object Repository/TF_Customer_Smoke_OpenPage/5_Corporate Customer' (Root cause: com.kms.katalon.core.webui.exception.WebElementNotFoundException: Web element with id: 'Object Repository/TF_Customer_Smoke_OpenPage/5_Corporate Customer' located by 'By.xpath: //td[(text() = 'Corporate Customer' or . = 'Corporate Customer')]' not found)"/>
         <system-out><![CDATA[2018-05-11 12:47:28 - [TEST_CASE][FAILED] - Test Cases/Smoke_TF_Customer/TC_5_Open_Corporate_Customer: Test Cases/Smoke_TF_Customer/TC_5_Open_Corporate_Customer FAILED because (of) Unable to click on object 'Object Repository/TF_Customer_Smoke_OpenPage/5_Corporate Customer' (Root cause: com.kms.katalon.core.webui.exception.WebElementNotFoundException: Web element with id: 'Object Repository/TF_Customer_Smoke_OpenPage/5_Corporate Customer' located by 'By.xpath: //td[(text() = 'Corporate Customer' or . = 'Corporate Customer')]' not found)

2018-05-11 12:47:28 - [TEST_STEP][PASSED] - waitForPageLoad: Wait for page load successfully

2018-05-11 12:47:28 - [MESSAGE][PASSED] - Wait for page load successfully

2018-05-11 12:47:28 - [TEST_STEP][FAILED] - click: Unable to click on object 'Object Repository/TF_Customer_Smoke_OpenPage/5_Corporate Customer' (Root cause: com.kms.katalon.core.webui.exception.WebElementNotFoundException: Web element with id: 'Object Repository/TF_Customer_Smoke_OpenPage/5_Corporate Customer' located by 'By.xpath: //td[(text() = 'Corporate Customer' or . = 'Corporate Customer')]' not found)

2018-05-11 12:48:00 - [MESSAGE][FAILED] - Unable to click on object 'Object Repository/TF_Customer_Smoke_OpenPage/5_Corporate Customer' (Root cause: com.kms.katalon.core.webui.exception.WebElementNotFoundException: Web element with id: 'Object Repository/TF_Customer_Smoke_OpenPage/5_Corporate Customer' located by 'By.xpath: //td[(text() = 'Corporate Customer' or . = 'Corporate Customer')]' not found)
[[ATTACHMENT|D:\\Katalon\\Projects\\TF-Customer\\TF-Customer\\Reports\\Smoke_TF_Customer\\20180511_124453\\1526024880183.png]]]]></system-out>
         <system-err><![CDATA[2018-05-11 12:47:28 - [TEST_CASE][FAILED] - Test Cases/Smoke_TF_Customer/TC_5_Open_Corporate_Customer: Test Cases/Smoke_TF_Customer/TC_5_Open_Corporate_Customer FAILED because (of) Unable to click on object 'Object Repository/TF_Customer_Smoke_OpenPage/5_Corporate Customer' (Root cause: com.kms.katalon.core.webui.exception.WebElementNotFoundException: Web element with id: 'Object Repository/TF_Customer_Smoke_OpenPage/5_Corporate Customer' located by 'By.xpath: //td[(text() = 'Corporate Customer' or . = 'Corporate Customer')]' not found)]]></system-err>
      </testcase>
      <system-out><![CDATA[2018-05-11 12:44:54 - [TEST_SUITE][FAILED] - Smoke_TF_Customer: Test Cases/Smoke_TF_Customer/TC_1_Open_Banner FAILED because (of) Unable to click on object 'Object Repository/TF_Customer_Smoke_OpenPage/1_Banner' (Root cause: com.kms.katalon.core.webui.exception.WebElementNotFoundException: Web element with id: 'Object Repository/TF_Customer_Smoke_OpenPage/1_Banner' located by 'By.xpath: //td[(text() = 'Banner' or . = 'Banner')]' not found)]]></system-out>
      <system-err><![CDATA[2018-05-11 12:44:54 - [TEST_SUITE][FAILED] - Smoke_TF_Customer: Test Cases/Smoke_TF_Customer/TC_1_Open_Banner FAILED because (of) Unable to click on object 'Object Repository/TF_Customer_Smoke_OpenPage/1_Banner' (Root cause: com.kms.katalon.core.webui.exception.WebElementNotFoundException: Web element with id: 'Object Repository/TF_Customer_Smoke_OpenPage/1_Banner' located by 'By.xpath: //td[(text() = 'Banner' or . = 'Banner')]' not found)]]></system-err>
   </testsuite>
</testsuites>
